d13=5.226223010606 eijMax=9.354E-03 rmsd=2.020E+01 s=[ 0 0 0 0 1 1 1 0 0 0 0 0 0 1 1 0 0 0 0 0 0 0 0 1 1 1 1 1 1 1 1 1 1 1 1 1 ]
d13=5.226223010606 eijMax=5.887E-03 rmsd=1.990E+01 s=[ 0 0 0 0 1 1 1 0 0 0 0 0 1 0 0 1 1 1 1 1 0 0 0 1 1 1 1 1 1 1 1 1 1 1 1 1 ]
d13=5.226223010606 eijMax=5.887E-03 rmsd=1.990E+01 s=[ 0 0 0 1 0 0 0 1 1 1 1 1 0 1 1 0 0 0 0 0 1 1 1 0 0 0 0 0 0 0 0 0 0 0 0 0 ]
d13=5.226223010606 eijMax=9.354E-03 rmsd=2.020E+01 s=[ 0 0 0 1 0 0 0 1 1 1 1 1 1 0 0 1 1 1 1 1 1 1 1 0 0 0 0 0 0 0 0 0 0 0 0 0 ]
d13=5.244103663030 eijMax=5.947E-03 rmsd=1.927E+01 s=[ 0 0 0 0 0 0 0 1 1 1 1 1 1 1 1 0 0 0 0 0 0 0 0 1 1 1 1 1 1 1 1 1 1 1 1 1 ]
d13=5.244103663030 eijMax=2.286E-03 rmsd=1.640E+01 s=[ 0 0 0 0 1 1 1 0 0 0 0 0 0 1 1 0 0 0 0 0 0 1 1 0 0 0 0 0 0 0 0 0 0 0 0 0 ]
d13=5.244103663030 eijMax=1.120E-03 rmsd=1.638E+01 s=[ 0 0 0 0 1 1 1 0 0 0 0 0 1 0 0 1 1 1 1 1 0 1 1 0 0 0 0 0 0 0 0 0 0 0 0 0 ]
d13=5.244103663030 eijMax=1.120E-03 rmsd=1.638E+01 s=[ 0 0 0 1 0 0 0 1 1 1 1 1 0 1 1 0 0 0 0 0 1 0 0 1 1 1 1 1 1 1 1 1 1 1 1 1 ]
d13=5.244103663030 eijMax=2.286E-03 rmsd=1.640E+01 s=[ 0 0 0 1 0 0 0 1 1 1 1 1 1 0 0 1 1 1 1 1 1 0 0 1 1 1 1 1 1 1 1 1 1 1 1 1 ]
d13=5.244103663030 eijMax=5.947E-03 rmsd=1.927E+01 s=[ 0 0 0 1 1 1 1 0 0 0 0 0 0 0 0 1 1 1 1 1 1 1 1 0 0 0 0 0 0 0 0 0 0 0 0 0 ]
d13=5.261984315455 eijMax=8.811E-03 rmsd=7.117E+00 s=[ 0 0 0 0 0 0 0 1 1 1 1 1 1 1 1 0 0 0 0 0 0 1 1 0 0 0 0 0 0 0 0 0 0 0 0 0 ]
d13=5.261984315455 eijMax=8.811E-03 rmsd=7.117E+00 s=[ 0 0 0 1 1 1 1 0 0 0 0 0 0 0 0 1 1 1 1 1 1 0 0 1 1 1 1 1 1 1 1 1 1 1 1 1 ]
d13=5.834165193030 eijMax=5.915E-03 rmsd=1.796E+01 s=[ 0 0 0 0 0 0 0 1 1 1 1 1 0 1 1 0 0 0 0 0 0 0 0 1 1 1 1 1 1 1 1 1 1 1 1 1 ]
d13=5.834165193030 eijMax=5.915E-03 rmsd=1.796E+01 s=[ 0 0 0 1 1 1 1 0 0 0 0 0 1 0 0 1 1 1 1 1 1 1 1 0 0 0 0 0 0 0 0 0 0 0 0 0 ]
d13=6.084494326970 eijMax=3.868E-03 rmsd=1.368E+01 s=[ 0 0 0 0 0 1 1 0 0 0 0 0 1 0 0 1 1 1 1 1 0 0 0 1 1 1 1 1 1 1 1 1 1 1 1 1 ]
d13=6.084494326970 eijMax=3.868E-03 rmsd=1.368E+01 s=[ 0 0 0 1 1 0 0 1 1 1 1 1 0 1 1 0 0 0 0 0 1 1 1 0 0 0 0 0 0 0 0 0 0 0 0 0 ]
d13=6.334823460909 eijMax=1.865E-03 rmsd=1.637E+01 s=[ 0 0 0 0 0 0 0 1 1 1 1 1 0 0 0 1 1 1 1 1 0 0 0 1 1 1 1 1 1 1 1 1 1 1 1 1 ]
d13=6.334823460909 eijMax=1.865E-03 rmsd=1.637E+01 s=[ 0 0 0 1 1 1 1 0 0 0 0 0 1 1 1 0 0 0 0 0 1 1 1 0 0 0 0 0 0 0 0 0 0 0 0 0 ]
d13=6.352704113333 eijMax=4.300E-03 rmsd=1.292E+01 s=[ 0 0 0 0 0 1 1 0 0 0 0 0 1 1 1 0 0 0 0 0 1 0 0 1 1 1 1 1 1 1 1 1 1 1 1 1 ]
d13=6.352704113333 eijMax=4.300E-03 rmsd=1.292E+01 s=[ 0 0 0 1 1 0 0 1 1 1 1 1 0 0 0 1 1 1 1 1 0 1 1 0 0 0 0 0 0 0 0 0 0 0 0 0 ]
d13=6.424226723030 eijMax=7.484E-03 rmsd=1.636E+01 s=[ 0 0 0 0 0 0 0 1 1 1 1 1 1 0 0 1 1 1 1 1 1 0 0 1 1 1 1 1 1 1 1 1 1 1 1 1 ]
d13=6.424226723030 eijMax=7.484E-03 rmsd=1.636E+01 s=[ 0 0 0 1 1 1 1 0 0 0 0 0 0 1 1 0 0 0 0 0 0 1 1 0 0 0 0 0 0 0 0 0 0 0 0 0 ]
d13=6.442107375455 eijMax=7.693E-03 rmsd=1.571E+01 s=[ 0 0 0 0 0 0 0 1 1 1 1 1 1 0 0 1 1 1 1 1 1 1 1 0 0 0 0 0 0 0 0 0 0 0 0 0 ]
d13=6.442107375455 eijMax=7.693E-03 rmsd=1.571E+01 s=[ 0 0 0 1 1 1 1 0 0 0 0 0 0 1 1 0 0 0 0 0 0 0 0 1 1 1 1 1 1 1 1 1 1 1 1 1 ]
d13=6.495749332727 eijMax=8.082E-03 rmsd=1.371E+01 s=[ 0 0 0 0 0 1 1 0 0 0 0 0 1 0 0 1 1 1 1 1 1 0 0 1 1 1 1 1 1 1 1 1 1 1 1 1 ]
d13=6.495749332727 eijMax=8.082E-03 rmsd=1.371E+01 s=[ 0 0 0 1 1 0 0 1 1 1 1 1 0 1 1 0 0 0 0 0 0 1 1 0 0 0 0 0 0 0 0 0 0 0 0 0 ]
num ..... 100
nnodes .. 36
nedges .. 264
nsols ... 26
tsecs ... 5.714663
