d13=5.209792140811 eijMax=9.543E-03 rmsd=2.021E+01 s=[ 0 0 0 0 1 1 1 0 0 0 0 0 0 1 1 0 0 0 0 0 0 0 0 1 1 1 1 1 1 1 1 1 1 1 1 1 ]
d13=5.209792140811 eijMax=9.543E-03 rmsd=2.021E+01 s=[ 0 0 0 1 0 0 0 1 1 1 1 1 1 0 0 1 1 1 1 1 1 1 1 0 0 0 0 0 0 0 0 0 0 0 0 0 ]
d13=5.211564097357 eijMax=7.478E-03 rmsd=2.021E+01 s=[ 0 0 0 0 1 1 1 0 0 0 0 0 0 1 1 0 0 0 0 0 0 0 0 1 1 1 1 1 1 1 1 1 1 1 1 1 ]
d13=5.211564097357 eijMax=7.478E-03 rmsd=2.021E+01 s=[ 0 0 0 1 0 0 0 1 1 1 1 1 1 0 0 1 1 1 1 1 1 1 1 0 0 0 0 0 0 0 0 0 0 0 0 0 ]
d13=5.213336053904 eijMax=5.420E-03 rmsd=2.021E+01 s=[ 0 0 0 0 1 1 1 0 0 0 0 0 0 1 1 0 0 0 0 0 0 0 0 1 1 1 1 1 1 1 1 1 1 1 1 1 ]
d13=5.213336053904 eijMax=8.776E-03 rmsd=1.994E+01 s=[ 0 0 0 0 1 1 1 0 0 0 0 0 1 0 0 1 1 1 1 1 0 0 0 1 1 1 1 1 1 1 1 1 1 1 1 1 ]
d13=5.213336053904 eijMax=8.776E-03 rmsd=1.994E+01 s=[ 0 0 0 1 0 0 0 1 1 1 1 1 0 1 1 0 0 0 0 0 1 1 1 0 0 0 0 0 0 0 0 0 0 0 0 0 ]
d13=5.213336053904 eijMax=5.420E-03 rmsd=2.021E+01 s=[ 0 0 0 1 0 0 0 1 1 1 1 1 1 0 0 1 1 1 1 1 1 1 1 0 0 0 0 0 0 0 0 0 0 0 0 0 ]
d13=5.215108010450 eijMax=3.368E-03 rmsd=2.021E+01 s=[ 0 0 0 0 1 1 1 0 0 0 0 0 0 1 1 0 0 0 0 0 0 0 0 1 1 1 1 1 1 1 1 1 1 1 1 1 ]
d13=5.215108010450 eijMax=6.745E-03 rmsd=1.993E+01 s=[ 0 0 0 0 1 1 1 0 0 0 0 0 1 0 0 1 1 1 1 1 0 0 0 1 1 1 1 1 1 1 1 1 1 1 1 1 ]
d13=5.215108010450 eijMax=6.745E-03 rmsd=1.993E+01 s=[ 0 0 0 1 0 0 0 1 1 1 1 1 0 1 1 0 0 0 0 0 1 1 1 0 0 0 0 0 0 0 0 0 0 0 0 0 ]
d13=5.215108010450 eijMax=3.368E-03 rmsd=2.021E+01 s=[ 0 0 0 1 0 0 0 1 1 1 1 1 1 0 0 1 1 1 1 1 1 1 1 0 0 0 0 0 0 0 0 0 0 0 0 0 ]
d13=5.216879966997 eijMax=1.323E-03 rmsd=2.021E+01 s=[ 0 0 0 0 1 1 1 0 0 0 0 0 0 1 1 0 0 0 0 0 0 0 0 1 1 1 1 1 1 1 1 1 1 1 1 1 ]
d13=5.216879966997 eijMax=4.718E-03 rmsd=1.993E+01 s=[ 0 0 0 0 1 1 1 0 0 0 0 0 1 0 0 1 1 1 1 1 0 0 0 1 1 1 1 1 1 1 1 1 1 1 1 1 ]
d13=5.216879966997 eijMax=4.718E-03 rmsd=1.993E+01 s=[ 0 0 0 1 0 0 0 1 1 1 1 1 0 1 1 0 0 0 0 0 1 1 1 0 0 0 0 0 0 0 0 0 0 0 0 0 ]
d13=5.216879966997 eijMax=1.323E-03 rmsd=2.021E+01 s=[ 0 0 0 1 0 0 0 1 1 1 1 1 1 0 0 1 1 1 1 1 1 1 1 0 0 0 0 0 0 0 0 0 0 0 0 0 ]
d13=5.218651923544 eijMax=7.163E-04 rmsd=2.021E+01 s=[ 0 0 0 0 1 1 1 0 0 0 0 0 0 1 1 0 0 0 0 0 0 0 0 1 1 1 1 1 1 1 1 1 1 1 1 1 ]
d13=5.218651923544 eijMax=2.696E-03 rmsd=1.992E+01 s=[ 0 0 0 0 1 1 1 0 0 0 0 0 1 0 0 1 1 1 1 1 0 0 0 1 1 1 1 1 1 1 1 1 1 1 1 1 ]
d13=5.218651923544 eijMax=2.696E-03 rmsd=1.992E+01 s=[ 0 0 0 1 0 0 0 1 1 1 1 1 0 1 1 0 0 0 0 0 1 1 1 0 0 0 0 0 0 0 0 0 0 0 0 0 ]
d13=5.218651923544 eijMax=7.163E-04 rmsd=2.021E+01 s=[ 0 0 0 1 0 0 0 1 1 1 1 1 1 0 0 1 1 1 1 1 1 1 1 0 0 0 0 0 0 0 0 0 0 0 0 0 ]
d13=5.220423880090 eijMax=2.749E-03 rmsd=2.021E+01 s=[ 0 0 0 0 1 1 1 0 0 0 0 0 0 1 1 0 0 0 0 0 0 0 0 1 1 1 1 1 1 1 1 1 1 1 1 1 ]
d13=5.220423880090 eijMax=6.788E-04 rmsd=1.992E+01 s=[ 0 0 0 0 1 1 1 0 0 0 0 0 1 0 0 1 1 1 1 1 0 0 0 1 1 1 1 1 1 1 1 1 1 1 1 1 ]
d13=5.220423880090 eijMax=6.788E-04 rmsd=1.992E+01 s=[ 0 0 0 1 0 0 0 1 1 1 1 1 0 1 1 0 0 0 0 0 1 1 1 0 0 0 0 0 0 0 0 0 0 0 0 0 ]
d13=5.220423880090 eijMax=2.749E-03 rmsd=2.021E+01 s=[ 0 0 0 1 0 0 0 1 1 1 1 1 1 0 0 1 1 1 1 1 1 1 1 0 0 0 0 0 0 0 0 0 0 0 0 0 ]
d13=5.222195836637 eijMax=4.775E-03 rmsd=2.020E+01 s=[ 0 0 0 0 1 1 1 0 0 0 0 0 0 1 1 0 0 0 0 0 0 0 0 1 1 1 1 1 1 1 1 1 1 1 1 1 ]
d13=5.222195836637 eijMax=1.333E-03 rmsd=1.991E+01 s=[ 0 0 0 0 1 1 1 0 0 0 0 0 1 0 0 1 1 1 1 1 0 0 0 1 1 1 1 1 1 1 1 1 1 1 1 1 ]
d13=5.222195836637 eijMax=1.333E-03 rmsd=1.991E+01 s=[ 0 0 0 1 0 0 0 1 1 1 1 1 0 1 1 0 0 0 0 0 1 1 1 0 0 0 0 0 0 0 0 0 0 0 0 0 ]
d13=5.222195836637 eijMax=4.775E-03 rmsd=2.020E+01 s=[ 0 0 0 1 0 0 0 1 1 1 1 1 1 0 0 1 1 1 1 1 1 1 1 0 0 0 0 0 0 0 0 0 0 0 0 0 ]
d13=5.223967793183 eijMax=6.794E-03 rmsd=2.020E+01 s=[ 0 0 0 0 1 1 1 0 0 0 0 0 0 1 1 0 0 0 0 0 0 0 0 1 1 1 1 1 1 1 1 1 1 1 1 1 ]
d13=5.223967793183 eijMax=3.340E-03 rmsd=1.991E+01 s=[ 0 0 0 0 1 1 1 0 0 0 0 0 1 0 0 1 1 1 1 1 0 0 0 1 1 1 1 1 1 1 1 1 1 1 1 1 ]
d13=5.223967793183 eijMax=3.340E-03 rmsd=1.991E+01 s=[ 0 0 0 1 0 0 0 1 1 1 1 1 0 1 1 0 0 0 0 0 1 1 1 0 0 0 0 0 0 0 0 0 0 0 0 0 ]
d13=5.223967793183 eijMax=6.794E-03 rmsd=2.020E+01 s=[ 0 0 0 1 0 0 0 1 1 1 1 1 1 0 0 1 1 1 1 1 1 1 1 0 0 0 0 0 0 0 0 0 0 0 0 0 ]
d13=5.225739749730 eijMax=8.807E-03 rmsd=2.020E+01 s=[ 0 0 0 0 1 1 1 0 0 0 0 0 0 1 1 0 0 0 0 0 0 0 0 1 1 1 1 1 1 1 1 1 1 1 1 1 ]
d13=5.225739749730 eijMax=5.342E-03 rmsd=1.990E+01 s=[ 0 0 0 0 1 1 1 0 0 0 0 0 1 0 0 1 1 1 1 1 0 0 0 1 1 1 1 1 1 1 1 1 1 1 1 1 ]
d13=5.225739749730 eijMax=5.342E-03 rmsd=1.990E+01 s=[ 0 0 0 1 0 0 0 1 1 1 1 1 0 1 1 0 0 0 0 0 1 1 1 0 0 0 0 0 0 0 0 0 0 0 0 0 ]
d13=5.225739749730 eijMax=8.807E-03 rmsd=2.020E+01 s=[ 0 0 0 1 0 0 0 1 1 1 1 1 1 0 0 1 1 1 1 1 1 1 1 0 0 0 0 0 0 0 0 0 0 0 0 0 ]
d13=5.227511706276 eijMax=7.338E-03 rmsd=1.989E+01 s=[ 0 0 0 0 1 1 1 0 0 0 0 0 1 0 0 1 1 1 1 1 0 0 0 1 1 1 1 1 1 1 1 1 1 1 1 1 ]
d13=5.227511706276 eijMax=7.338E-03 rmsd=1.989E+01 s=[ 0 0 0 1 0 0 0 1 1 1 1 1 0 1 1 0 0 0 0 0 1 1 1 0 0 0 0 0 0 0 0 0 0 0 0 0 ]
d13=5.229283662823 eijMax=9.330E-03 rmsd=1.989E+01 s=[ 0 0 0 0 1 1 1 0 0 0 0 0 1 0 0 1 1 1 1 1 0 0 0 1 1 1 1 1 1 1 1 1 1 1 1 1 ]
d13=5.229283662823 eijMax=9.330E-03 rmsd=1.989E+01 s=[ 0 0 0 1 0 0 0 1 1 1 1 1 0 1 1 0 0 0 0 0 1 1 1 0 0 0 0 0 0 0 0 0 0 0 0 0 ]
d13=5.234599532462 eijMax=9.953E-03 rmsd=1.920E+01 s=[ 0 0 0 0 0 0 0 1 1 1 1 1 1 1 1 0 0 0 0 0 0 0 0 1 1 1 1 1 1 1 1 1 1 1 1 1 ]
d13=5.234599532462 eijMax=8.057E-03 rmsd=1.640E+01 s=[ 0 0 0 0 1 1 1 0 0 0 0 0 0 1 1 0 0 0 0 0 0 1 1 0 0 0 0 0 0 0 0 0 0 0 0 0 ]
d13=5.234599532462 eijMax=8.057E-03 rmsd=1.640E+01 s=[ 0 0 0 1 0 0 0 1 1 1 1 1 1 0 0 1 1 1 1 1 1 0 0 1 1 1 1 1 1 1 1 1 1 1 1 1 ]
d13=5.234599532462 eijMax=9.953E-03 rmsd=1.920E+01 s=[ 0 0 0 1 1 1 1 0 0 0 0 0 0 0 0 1 1 1 1 1 1 1 1 0 0 0 0 0 0 0 0 0 0 0 0 0 ]
d13=5.236371489009 eijMax=6.991E-03 rmsd=1.921E+01 s=[ 0 0 0 0 0 0 0 1 1 1 1 1 1 1 1 0 0 0 0 0 0 0 0 1 1 1 1 1 1 1 1 1 1 1 1 1 ]
d13=5.236371489009 eijMax=6.102E-03 rmsd=1.640E+01 s=[ 0 0 0 0 1 1 1 0 0 0 0 0 0 1 1 0 0 0 0 0 0 1 1 0 0 0 0 0 0 0 0 0 0 0 0 0 ]
d13=5.236371489009 eijMax=9.570E-03 rmsd=1.643E+01 s=[ 0 0 0 0 1 1 1 0 0 0 0 0 1 0 0 1 1 1 1 1 0 1 1 0 0 0 0 0 0 0 0 0 0 0 0 0 ]
d13=5.236371489009 eijMax=9.570E-03 rmsd=1.643E+01 s=[ 0 0 0 1 0 0 0 1 1 1 1 1 0 1 1 0 0 0 0 0 1 0 0 1 1 1 1 1 1 1 1 1 1 1 1 1 ]
d13=5.236371489009 eijMax=6.102E-03 rmsd=1.640E+01 s=[ 0 0 0 1 0 0 0 1 1 1 1 1 1 0 0 1 1 1 1 1 1 0 0 1 1 1 1 1 1 1 1 1 1 1 1 1 ]
d13=5.236371489009 eijMax=6.991E-03 rmsd=1.921E+01 s=[ 0 0 0 1 1 1 1 0 0 0 0 0 0 0 0 1 1 1 1 1 1 1 1 0 0 0 0 0 0 0 0 0 0 0 0 0 ]
d13=5.238143445556 eijMax=4.027E-03 rmsd=1.923E+01 s=[ 0 0 0 0 0 0 0 1 1 1 1 1 1 1 1 0 0 0 0 0 0 0 0 1 1 1 1 1 1 1 1 1 1 1 1 1 ]
d13=5.238143445556 eijMax=4.160E-03 rmsd=1.640E+01 s=[ 0 0 0 0 1 1 1 0 0 0 0 0 0 1 1 0 0 0 0 0 0 1 1 0 0 0 0 0 0 0 0 0 0 0 0 0 ]
d13=5.238143445556 eijMax=7.617E-03 rmsd=1.642E+01 s=[ 0 0 0 0 1 1 1 0 0 0 0 0 1 0 0 1 1 1 1 1 0 1 1 0 0 0 0 0 0 0 0 0 0 0 0 0 ]
d13=5.238143445556 eijMax=7.617E-03 rmsd=1.642E+01 s=[ 0 0 0 1 0 0 0 1 1 1 1 1 0 1 1 0 0 0 0 0 1 0 0 1 1 1 1 1 1 1 1 1 1 1 1 1 ]
d13=5.238143445556 eijMax=4.160E-03 rmsd=1.640E+01 s=[ 0 0 0 1 0 0 0 1 1 1 1 1 1 0 0 1 1 1 1 1 1 0 0 1 1 1 1 1 1 1 1 1 1 1 1 1 ]
d13=5.238143445556 eijMax=4.027E-03 rmsd=1.923E+01 s=[ 0 0 0 1 1 1 1 0 0 0 0 0 0 0 0 1 1 1 1 1 1 1 1 0 0 0 0 0 0 0 0 0 0 0 0 0 ]
d13=5.239915402102 eijMax=1.063E-03 rmsd=1.924E+01 s=[ 0 0 0 0 0 0 0 1 1 1 1 1 1 1 1 0 0 0 0 0 0 0 0 1 1 1 1 1 1 1 1 1 1 1 1 1 ]
d13=5.239915402102 eijMax=2.229E-03 rmsd=1.640E+01 s=[ 0 0 0 0 1 1 1 0 0 0 0 0 0 1 1 0 0 0 0 0 0 1 1 0 0 0 0 0 0 0 0 0 0 0 0 0 ]
d13=5.239915402102 eijMax=5.674E-03 rmsd=1.641E+01 s=[ 0 0 0 0 1 1 1 0 0 0 0 0 1 0 0 1 1 1 1 1 0 1 1 0 0 0 0 0 0 0 0 0 0 0 0 0 ]
d13=5.239915402102 eijMax=5.674E-03 rmsd=1.641E+01 s=[ 0 0 0 1 0 0 0 1 1 1 1 1 0 1 1 0 0 0 0 0 1 0 0 1 1 1 1 1 1 1 1 1 1 1 1 1 ]
d13=5.239915402102 eijMax=2.229E-03 rmsd=1.640E+01 s=[ 0 0 0 1 0 0 0 1 1 1 1 1 1 0 0 1 1 1 1 1 1 0 0 1 1 1 1 1 1 1 1 1 1 1 1 1 ]
d13=5.239915402102 eijMax=1.063E-03 rmsd=1.924E+01 s=[ 0 0 0 1 1 1 1 0 0 0 0 0 0 0 0 1 1 1 1 1 1 1 1 0 0 0 0 0 0 0 0 0 0 0 0 0 ]
d13=5.241687358649 eijMax=1.902E-03 rmsd=1.925E+01 s=[ 0 0 0 0 0 0 0 1 1 1 1 1 1 1 1 0 0 0 0 0 0 0 0 1 1 1 1 1 1 1 1 1 1 1 1 1 ]
d13=5.241687358649 eijMax=3.103E-04 rmsd=1.640E+01 s=[ 0 0 0 0 1 1 1 0 0 0 0 0 0 1 1 0 0 0 0 0 0 1 1 0 0 0 0 0 0 0 0 0 0 0 0 0 ]
d13=5.241687358649 eijMax=3.741E-03 rmsd=1.639E+01 s=[ 0 0 0 0 1 1 1 0 0 0 0 0 1 0 0 1 1 1 1 1 0 1 1 0 0 0 0 0 0 0 0 0 0 0 0 0 ]
d13=5.241687358649 eijMax=3.741E-03 rmsd=1.639E+01 s=[ 0 0 0 1 0 0 0 1 1 1 1 1 0 1 1 0 0 0 0 0 1 0 0 1 1 1 1 1 1 1 1 1 1 1 1 1 ]
d13=5.241687358649 eijMax=3.103E-04 rmsd=1.640E+01 s=[ 0 0 0 1 0 0 0 1 1 1 1 1 1 0 0 1 1 1 1 1 1 0 0 1 1 1 1 1 1 1 1 1 1 1 1 1 ]
d13=5.241687358649 eijMax=1.902E-03 rmsd=1.925E+01 s=[ 0 0 0 1 1 1 1 0 0 0 0 0 0 0 0 1 1 1 1 1 1 1 1 0 0 0 0 0 0 0 0 0 0 0 0 0 ]
d13=5.243459315195 eijMax=4.868E-03 rmsd=1.926E+01 s=[ 0 0 0 0 0 0 0 1 1 1 1 1 1 1 1 0 0 0 0 0 0 0 0 1 1 1 1 1 1 1 1 1 1 1 1 1 ]
d13=5.243459315195 eijMax=1.596E-03 rmsd=1.640E+01 s=[ 0 0 0 0 1 1 1 0 0 0 0 0 0 1 1 0 0 0 0 0 0 1 1 0 0 0 0 0 0 0 0 0 0 0 0 0 ]
d13=5.243459315195 eijMax=1.817E-03 rmsd=1.638E+01 s=[ 0 0 0 0 1 1 1 0 0 0 0 0 1 0 0 1 1 1 1 1 0 1 1 0 0 0 0 0 0 0 0 0 0 0 0 0 ]
d13=5.243459315195 eijMax=1.817E-03 rmsd=1.638E+01 s=[ 0 0 0 1 0 0 0 1 1 1 1 1 0 1 1 0 0 0 0 0 1 0 0 1 1 1 1 1 1 1 1 1 1 1 1 1 ]
d13=5.243459315195 eijMax=1.596E-03 rmsd=1.640E+01 s=[ 0 0 0 1 0 0 0 1 1 1 1 1 1 0 0 1 1 1 1 1 1 0 0 1 1 1 1 1 1 1 1 1 1 1 1 1 ]
d13=5.243459315195 eijMax=4.868E-03 rmsd=1.926E+01 s=[ 0 0 0 1 1 1 1 0 0 0 0 0 0 0 0 1 1 1 1 1 1 1 1 0 0 0 0 0 0 0 0 0 0 0 0 0 ]
d13=5.245231271742 eijMax=7.835E-03 rmsd=1.927E+01 s=[ 0 0 0 0 0 0 0 1 1 1 1 1 1 1 1 0 0 0 0 0 0 0 0 1 1 1 1 1 1 1 1 1 1 1 1 1 ]
d13=5.245231271742 eijMax=3.490E-03 rmsd=1.640E+01 s=[ 0 0 0 0 1 1 1 0 0 0 0 0 0 1 1 0 0 0 0 0 0 1 1 0 0 0 0 0 0 0 0 0 0 0 0 0 ]
d13=5.245231271742 eijMax=9.592E-05 rmsd=1.637E+01 s=[ 0 0 0 0 1 1 1 0 0 0 0 0 1 0 0 1 1 1 1 1 0 1 1 0 0 0 0 0 0 0 0 0 0 0 0 0 ]
d13=5.245231271742 eijMax=9.592E-05 rmsd=1.637E+01 s=[ 0 0 0 1 0 0 0 1 1 1 1 1 0 1 1 0 0 0 0 0 1 0 0 1 1 1 1 1 1 1 1 1 1 1 1 1 ]
d13=5.245231271742 eijMax=3.490E-03 rmsd=1.640E+01 s=[ 0 0 0 1 0 0 0 1 1 1 1 1 1 0 0 1 1 1 1 1 1 0 0 1 1 1 1 1 1 1 1 1 1 1 1 1 ]
d13=5.245231271742 eijMax=7.835E-03 rmsd=1.927E+01 s=[ 0 0 0 1 1 1 1 0 0 0 0 0 0 0 0 1 1 1 1 1 1 1 1 0 0 0 0 0 0 0 0 0 0 0 0 0 ]
d13=5.247003228288 eijMax=5.372E-03 rmsd=1.640E+01 s=[ 0 0 0 0 1 1 1 0 0 0 0 0 0 1 1 0 0 0 0 0 0 1 1 0 0 0 0 0 0 0 0 0 0 0 0 0 ]
d13=5.247003228288 eijMax=1.999E-03 rmsd=1.636E+01 s=[ 0 0 0 0 1 1 1 0 0 0 0 0 1 0 0 1 1 1 1 1 0 1 1 0 0 0 0 0 0 0 0 0 0 0 0 0 ]
d13=5.247003228288 eijMax=1.999E-03 rmsd=1.636E+01 s=[ 0 0 0 1 0 0 0 1 1 1 1 1 0 1 1 0 0 0 0 0 1 0 0 1 1 1 1 1 1 1 1 1 1 1 1 1 ]
d13=5.247003228288 eijMax=5.372E-03 rmsd=1.640E+01 s=[ 0 0 0 1 0 0 0 1 1 1 1 1 1 0 0 1 1 1 1 1 1 0 0 1 1 1 1 1 1 1 1 1 1 1 1 1 ]
d13=5.248775184835 eijMax=7.242E-03 rmsd=1.641E+01 s=[ 0 0 0 0 1 1 1 0 0 0 0 0 0 1 1 0 0 0 0 0 0 1 1 0 0 0 0 0 0 0 0 0 0 0 0 0 ]
d13=5.248775184835 eijMax=3.892E-03 rmsd=1.635E+01 s=[ 0 0 0 0 1 1 1 0 0 0 0 0 1 0 0 1 1 1 1 1 0 1 1 0 0 0 0 0 0 0 0 0 0 0 0 0 ]
d13=5.248775184835 eijMax=3.892E-03 rmsd=1.635E+01 s=[ 0 0 0 1 0 0 0 1 1 1 1 1 0 1 1 0 0 0 0 0 1 0 0 1 1 1 1 1 1 1 1 1 1 1 1 1 ]
d13=5.248775184835 eijMax=7.242E-03 rmsd=1.641E+01 s=[ 0 0 0 1 0 0 0 1 1 1 1 1 1 0 0 1 1 1 1 1 1 0 0 1 1 1 1 1 1 1 1 1 1 1 1 1 ]
d13=5.250547141381 eijMax=9.099E-03 rmsd=1.641E+01 s=[ 0 0 0 0 1 1 1 0 0 0 0 0 0 1 1 0 0 0 0 0 0 1 1 0 0 0 0 0 0 0 0 0 0 0 0 0 ]
d13=5.250547141381 eijMax=5.775E-03 rmsd=1.634E+01 s=[ 0 0 0 0 1 1 1 0 0 0 0 0 1 0 0 1 1 1 1 1 0 1 1 0 0 0 0 0 0 0 0 0 0 0 0 0 ]
d13=5.250547141381 eijMax=5.775E-03 rmsd=1.634E+01 s=[ 0 0 0 1 0 0 0 1 1 1 1 1 0 1 1 0 0 0 0 0 1 0 0 1 1 1 1 1 1 1 1 1 1 1 1 1 ]
d13=5.250547141381 eijMax=9.099E-03 rmsd=1.641E+01 s=[ 0 0 0 1 0 0 0 1 1 1 1 1 1 0 0 1 1 1 1 1 1 0 0 1 1 1 1 1 1 1 1 1 1 1 1 1 ]
d13=5.252319097928 eijMax=7.119E-03 rmsd=7.048E+00 s=[ 0 0 0 0 0 0 0 1 1 1 1 1 1 1 1 0 0 0 0 0 0 1 1 0 0 0 0 0 0 0 0 0 0 0 0 0 ]
d13=5.252319097928 eijMax=7.648E-03 rmsd=1.633E+01 s=[ 0 0 0 0 1 1 1 0 0 0 0 0 1 0 0 1 1 1 1 1 0 1 1 0 0 0 0 0 0 0 0 0 0 0 0 0 ]
d13=5.252319097928 eijMax=7.648E-03 rmsd=1.633E+01 s=[ 0 0 0 1 0 0 0 1 1 1 1 1 0 1 1 0 0 0 0 0 1 0 0 1 1 1 1 1 1 1 1 1 1 1 1 1 ]
d13=5.252319097928 eijMax=7.119E-03 rmsd=7.048E+00 s=[ 0 0 0 1 1 1 1 0 0 0 0 0 0 0 0 1 1 1 1 1 1 0 0 1 1 1 1 1 1 1 1 1 1 1 1 1 ]
d13=5.254091054474 eijMax=4.176E-03 rmsd=7.060E+00 s=[ 0 0 0 0 0 0 0 1 1 1 1 1 1 1 1 0 0 0 0 0 0 1 1 0 0 0 0 0 0 0 0 0 0 0 0 0 ]
d13=5.254091054474 eijMax=9.511E-03 rmsd=1.632E+01 s=[ 0 0 0 0 1 1 1 0 0 0 0 0 1 0 0 1 1 1 1 1 0 1 1 0 0 0 0 0 0 0 0 0 0 0 0 0 ]
d13=5.254091054474 eijMax=9.511E-03 rmsd=1.632E+01 s=[ 0 0 0 1 0 0 0 1 1 1 1 1 0 1 1 0 0 0 0 0 1 0 0 1 1 1 1 1 1 1 1 1 1 1 1 1 ]
d13=5.254091054474 eijMax=4.176E-03 rmsd=7.060E+00 s=[ 0 0 0 1 1 1 1 0 0 0 0 0 0 0 0 1 1 1 1 1 1 0 0 1 1 1 1 1 1 1 1 1 1 1 1 1 ]
d13=5.255863011021 eijMax=1.244E-03 rmsd=7.073E+00 s=[ 0 0 0 0 0 0 0 1 1 1 1 1 1 1 1 0 0 0 0 0 0 1 1 0 0 0 0 0 0 0 0 0 0 0 0 0 ]
d13=5.255863011021 eijMax=1.244E-03 rmsd=7.073E+00 s=[ 0 0 0 1 1 1 1 0 0 0 0 0 0 0 0 1 1 1 1 1 1 0 0 1 1 1 1 1 1 1 1 1 1 1 1 1 ]
d13=5.257634967568 eijMax=1.679E-03 rmsd=7.086E+00 s=[ 0 0 0 0 0 0 0 1 1 1 1 1 1 1 1 0 0 0 0 0 0 1 1 0 0 0 0 0 0 0 0 0 0 0 0 0 ]
d13=5.257634967568 eijMax=1.679E-03 rmsd=7.086E+00 s=[ 0 0 0 1 1 1 1 0 0 0 0 0 0 0 0 1 1 1 1 1 1 0 0 1 1 1 1 1 1 1 1 1 1 1 1 1 ]
d13=5.259406924114 eijMax=4.592E-03 rmsd=7.098E+00 s=[ 0 0 0 0 0 0 0 1 1 1 1 1 1 1 1 0 0 0 0 0 0 1 1 0 0 0 0 0 0 0 0 0 0 0 0 0 ]
d13=5.259406924114 eijMax=4.592E-03 rmsd=7.098E+00 s=[ 0 0 0 1 1 1 1 0 0 0 0 0 0 0 0 1 1 1 1 1 1 0 0 1 1 1 1 1 1 1 1 1 1 1 1 1 ]
d13=5.261178880661 eijMax=7.495E-03 rmsd=7.111E+00 s=[ 0 0 0 0 0 0 0 1 1 1 1 1 1 1 1 0 0 0 0 0 0 1 1 0 0 0 0 0 0 0 0 0 0 0 0 0 ]
d13=5.261178880661 eijMax=7.495E-03 rmsd=7.111E+00 s=[ 0 0 0 1 1 1 1 0 0 0 0 0 0 0 0 1 1 1 1 1 1 0 0 1 1 1 1 1 1 1 1 1 1 1 1 1 ]
d13=5.410023230571 eijMax=9.189E-03 rmsd=1.487E+01 s=[ 0 0 0 0 0 1 1 0 0 0 0 0 1 1 1 0 0 0 0 0 0 0 0 1 1 1 1 1 1 1 1 1 1 1 1 1 ]
d13=5.410023230571 eijMax=9.189E-03 rmsd=1.487E+01 s=[ 0 0 0 1 1 0 0 1 1 1 1 1 0 0 0 1 1 1 1 1 1 1 1 0 0 0 0 0 0 0 0 0 0 0 0 0 ]
d13=5.411795187117 eijMax=6.359E-03 rmsd=1.487E+01 s=[ 0 0 0 0 0 1 1 0 0 0 0 0 1 1 1 0 0 0 0 0 0 0 0 1 1 1 1 1 1 1 1 1 1 1 1 1 ]
d13=5.411795187117 eijMax=6.359E-03 rmsd=1.487E+01 s=[ 0 0 0 1 1 0 0 1 1 1 1 1 0 0 0 1 1 1 1 1 1 1 1 0 0 0 0 0 0 0 0 0 0 0 0 0 ]
d13=5.413567143664 eijMax=3.526E-03 rmsd=1.487E+01 s=[ 0 0 0 0 0 1 1 0 0 0 0 0 1 1 1 0 0 0 0 0 0 0 0 1 1 1 1 1 1 1 1 1 1 1 1 1 ]
d13=5.413567143664 eijMax=3.526E-03 rmsd=1.487E+01 s=[ 0 0 0 1 1 0 0 1 1 1 1 1 0 0 0 1 1 1 1 1 1 1 1 0 0 0 0 0 0 0 0 0 0 0 0 0 ]
d13=5.415339100210 eijMax=6.903E-04 rmsd=1.488E+01 s=[ 0 0 0 0 0 1 1 0 0 0 0 0 1 1 1 0 0 0 0 0 0 0 0 1 1 1 1 1 1 1 1 1 1 1 1 1 ]
d13=5.415339100210 eijMax=6.903E-04 rmsd=1.488E+01 s=[ 0 0 0 1 1 0 0 1 1 1 1 1 0 0 0 1 1 1 1 1 1 1 1 0 0 0 0 0 0 0 0 0 0 0 0 0 ]
d13=5.417111056757 eijMax=2.148E-03 rmsd=1.488E+01 s=[ 0 0 0 0 0 1 1 0 0 0 0 0 1 1 1 0 0 0 0 0 0 0 0 1 1 1 1 1 1 1 1 1 1 1 1 1 ]
d13=5.417111056757 eijMax=8.108E-03 rmsd=1.878E+01 s=[ 0 0 0 0 1 1 1 0 0 0 0 0 0 0 0 1 1 1 1 1 0 0 0 1 1 1 1 1 1 1 1 1 1 1 1 1 ]
d13=5.417111056757 eijMax=8.108E-03 rmsd=1.878E+01 s=[ 0 0 0 1 0 0 0 1 1 1 1 1 1 1 1 0 0 0 0 0 1 1 1 0 0 0 0 0 0 0 0 0 0 0 0 0 ]
d13=5.417111056757 eijMax=2.148E-03 rmsd=1.488E+01 s=[ 0 0 0 1 1 0 0 1 1 1 1 1 0 0 0 1 1 1 1 1 1 1 1 0 0 0 0 0 0 0 0 0 0 0 0 0 ]
d13=5.418883013303 eijMax=4.989E-03 rmsd=1.489E+01 s=[ 0 0 0 0 0 1 1 0 0 0 0 0 1 1 1 0 0 0 0 0 0 0 0 1 1 1 1 1 1 1 1 1 1 1 1 1 ]
d13=5.418883013303 eijMax=1.945E-03 rmsd=1.879E+01 s=[ 0 0 0 0 1 1 1 0 0 0 0 0 0 0 0 1 1 1 1 1 0 0 0 1 1 1 1 1 1 1 1 1 1 1 1 1 ]
d13=5.418883013303 eijMax=1.945E-03 rmsd=1.879E+01 s=[ 0 0 0 1 0 0 0 1 1 1 1 1 1 1 1 0 0 0 0 0 1 1 1 0 0 0 0 0 0 0 0 0 0 0 0 0 ]
d13=5.418883013303 eijMax=4.989E-03 rmsd=1.489E+01 s=[ 0 0 0 1 1 0 0 1 1 1 1 1 0 0 0 1 1 1 1 1 1 1 1 0 0 0 0 0 0 0 0 0 0 0 0 0 ]
d13=5.420654969850 eijMax=7.832E-03 rmsd=1.489E+01 s=[ 0 0 0 0 0 1 1 0 0 0 0 0 1 1 1 0 0 0 0 0 0 0 0 1 1 1 1 1 1 1 1 1 1 1 1 1 ]
d13=5.420654969850 eijMax=4.398E-03 rmsd=1.879E+01 s=[ 0 0 0 0 1 1 1 0 0 0 0 0 0 0 0 1 1 1 1 1 0 0 0 1 1 1 1 1 1 1 1 1 1 1 1 1 ]
d13=5.420654969850 eijMax=4.398E-03 rmsd=1.879E+01 s=[ 0 0 0 1 0 0 0 1 1 1 1 1 1 1 1 0 0 0 0 0 1 1 1 0 0 0 0 0 0 0 0 0 0 0 0 0 ]
d13=5.420654969850 eijMax=7.832E-03 rmsd=1.489E+01 s=[ 0 0 0 1 1 0 0 1 1 1 1 1 0 0 0 1 1 1 1 1 1 1 1 0 0 0 0 0 0 0 0 0 0 0 0 0 ]
d13=5.424198882943 eijMax=9.085E-03 rmsd=1.516E+01 s=[ 0 0 0 0 1 1 1 0 0 0 0 0 0 0 0 1 1 1 1 1 0 1 1 0 0 0 0 0 0 0 0 0 0 0 0 0 ]
d13=5.424198882943 eijMax=9.085E-03 rmsd=1.516E+01 s=[ 0 0 0 1 0 0 0 1 1 1 1 1 1 1 1 0 0 0 0 0 1 0 0 1 1 1 1 1 1 1 1 1 1 1 1 1 ]
d13=5.425970839489 eijMax=2.084E-03 rmsd=1.516E+01 s=[ 0 0 0 0 1 1 1 0 0 0 0 0 0 0 0 1 1 1 1 1 0 1 1 0 0 0 0 0 0 0 0 0 0 0 0 0 ]
d13=5.425970839489 eijMax=2.084E-03 rmsd=1.516E+01 s=[ 0 0 0 1 0 0 0 1 1 1 1 1 1 1 1 0 0 0 0 0 1 0 0 1 1 1 1 1 1 1 1 1 1 1 1 1 ]
d13=5.427742796036 eijMax=7.592E-03 rmsd=3.788E-02 s=[ 0 0 0 0 0 1 1 0 0 0 0 0 1 1 1 0 0 0 0 0 0 1 1 0 0 0 0 0 0 0 0 0 0 0 0 0 ]
d13=5.427742796036 eijMax=5.193E-03 rmsd=1.515E+01 s=[ 0 0 0 0 1 1 1 0 0 0 0 0 0 0 0 1 1 1 1 1 0 1 1 0 0 0 0 0 0 0 0 0 0 0 0 0 ]
d13=5.427742796036 eijMax=5.193E-03 rmsd=1.515E+01 s=[ 0 0 0 1 0 0 0 1 1 1 1 1 1 1 1 0 0 0 0 0 1 0 0 1 1 1 1 1 1 1 1 1 1 1 1 1 ]
d13=5.427742796036 eijMax=7.592E-03 rmsd=3.788E-02 s=[ 0 0 0 1 1 0 0 1 1 1 1 1 0 0 0 1 1 1 1 1 1 0 0 1 1 1 1 1 1 1 1 1 1 1 1 1 ]
d13=5.429514752583 eijMax=4.759E-03 rmsd=2.376E-02 s=[ 0 0 0 0 0 1 1 0 0 0 0 0 1 1 1 0 0 0 0 0 0 1 1 0 0 0 0 0 0 0 0 0 0 0 0 0 ]
d13=5.429514752583 eijMax=4.759E-03 rmsd=2.376E-02 s=[ 0 0 0 1 1 0 0 1 1 1 1 1 0 0 0 1 1 1 1 1 1 0 0 1 1 1 1 1 1 1 1 1 1 1 1 1 ]
d13=5.431286709129 eijMax=1.934E-03 rmsd=9.652E-03 s=[ 0 0 0 0 0 1 1 0 0 0 0 0 1 1 1 0 0 0 0 0 0 1 1 0 0 0 0 0 0 0 0 0 0 0 0 0 ]
d13=5.431286709129 eijMax=1.934E-03 rmsd=9.652E-03 s=[ 0 0 0 1 1 0 0 1 1 1 1 1 0 0 0 1 1 1 1 1 1 0 0 1 1 1 1 1 1 1 1 1 1 1 1 1 ]
d13=5.433058665676 eijMax=8.843E-04 rmsd=4.433E-03 s=[ 0 0 0 0 0 1 1 0 0 0 0 0 1 1 1 0 0 0 0 0 0 1 1 0 0 0 0 0 0 0 0 0 0 0 0 0 ]
d13=5.433058665676 eijMax=8.843E-04 rmsd=4.433E-03 s=[ 0 0 0 1 1 0 0 1 1 1 1 1 0 0 0 1 1 1 1 1 1 0 0 1 1 1 1 1 1 1 1 1 1 1 1 1 ]
d13=5.434830622222 eijMax=3.696E-03 rmsd=1.850E-02 s=[ 0 0 0 0 0 1 1 0 0 0 0 0 1 1 1 0 0 0 0 0 0 1 1 0 0 0 0 0 0 0 0 0 0 0 0 0 ]
d13=5.434830622222 eijMax=3.696E-03 rmsd=1.850E-02 s=[ 0 0 0 1 1 0 0 1 1 1 1 1 0 0 0 1 1 1 1 1 1 0 0 1 1 1 1 1 1 1 1 1 1 1 1 1 ]
d13=5.436602578769 eijMax=6.500E-03 rmsd=3.255E-02 s=[ 0 0 0 0 0 1 1 0 0 0 0 0 1 1 1 0 0 0 0 0 0 1 1 0 0 0 0 0 0 0 0 0 0 0 0 0 ]
d13=5.436602578769 eijMax=4.051E-04 rmsd=1.768E+01 s=[ 0 0 0 0 1 1 1 0 0 0 0 0 0 1 1 0 0 0 0 0 0 1 1 0 0 0 0 0 0 0 0 0 0 0 0 0 ]
d13=5.436602578769 eijMax=4.051E-04 rmsd=1.768E+01 s=[ 0 0 0 1 0 0 0 1 1 1 1 1 1 0 0 1 1 1 1 1 1 0 0 1 1 1 1 1 1 1 1 1 1 1 1 1 ]
d13=5.436602578769 eijMax=6.500E-03 rmsd=3.255E-02 s=[ 0 0 0 1 1 0 0 1 1 1 1 1 0 0 0 1 1 1 1 1 1 0 0 1 1 1 1 1 1 1 1 1 1 1 1 1 ]
d13=5.438374535315 eijMax=9.298E-03 rmsd=4.658E-02 s=[ 0 0 0 0 0 1 1 0 0 0 0 0 1 1 1 0 0 0 0 0 0 1 1 0 0 0 0 0 0 0 0 0 0 0 0 0 ]
d13=5.438374535315 eijMax=9.298E-03 rmsd=4.658E-02 s=[ 0 0 0 1 1 0 0 1 1 1 1 1 0 0 0 1 1 1 1 1 1 0 0 1 1 1 1 1 1 1 1 1 1 1 1 1 ]
d13=5.551779754294 eijMax=8.257E-03 rmsd=1.822E+01 s=[ 0 0 0 0 0 0 0 1 1 1 1 1 1 0 0 1 1 1 1 1 0 0 0 1 1 1 1 1 1 1 1 1 1 1 1 1 ]
d13=5.551779754294 eijMax=8.257E-03 rmsd=1.822E+01 s=[ 0 0 0 1 1 1 1 0 0 0 0 0 0 1 1 0 0 0 0 0 1 1 1 0 0 0 0 0 0 0 0 0 0 0 0 0 ]
d13=5.553551710841 eijMax=1.980E-03 rmsd=1.826E+01 s=[ 0 0 0 0 0 0 0 1 1 1 1 1 1 0 0 1 1 1 1 1 0 0 0 1 1 1 1 1 1 1 1 1 1 1 1 1 ]
d13=5.553551710841 eijMax=1.980E-03 rmsd=1.826E+01 s=[ 0 0 0 1 1 1 1 0 0 0 0 0 0 1 1 0 0 0 0 0 1 1 1 0 0 0 0 0 0 0 0 0 0 0 0 0 ]
d13=5.555323667387 eijMax=4.318E-03 rmsd=1.829E+01 s=[ 0 0 0 0 0 0 0 1 1 1 1 1 1 0 0 1 1 1 1 1 0 0 0 1 1 1 1 1 1 1 1 1 1 1 1 1 ]
d13=5.555323667387 eijMax=4.318E-03 rmsd=1.829E+01 s=[ 0 0 0 1 1 1 1 0 0 0 0 0 0 1 1 0 0 0 0 0 1 1 1 0 0 0 0 0 0 0 0 0 0 0 0 0 ]
d13=5.558867580480 eijMax=9.832E-03 rmsd=8.490E+00 s=[ 0 0 0 0 0 0 0 1 1 1 1 1 1 0 0 1 1 1 1 1 0 1 1 0 0 0 0 0 0 0 0 0 0 0 0 0 ]
d13=5.558867580480 eijMax=9.832E-03 rmsd=8.490E+00 s=[ 0 0 0 1 1 1 1 0 0 0 0 0 0 1 1 0 0 0 0 0 1 0 0 1 1 1 1 1 1 1 1 1 1 1 1 1 ]
d13=5.560639537027 eijMax=3.522E-03 rmsd=8.502E+00 s=[ 0 0 0 0 0 0 0 1 1 1 1 1 1 0 0 1 1 1 1 1 0 1 1 0 0 0 0 0 0 0 0 0 0 0 0 0 ]
d13=5.560639537027 eijMax=3.522E-03 rmsd=8.502E+00 s=[ 0 0 0 1 1 1 1 0 0 0 0 0 0 1 1 0 0 0 0 0 1 0 0 1 1 1 1 1 1 1 1 1 1 1 1 1 ]
d13=5.562411493574 eijMax=2.761E-03 rmsd=8.514E+00 s=[ 0 0 0 0 0 0 0 1 1 1 1 1 1 0 0 1 1 1 1 1 0 1 1 0 0 0 0 0 0 0 0 0 0 0 0 0 ]
d13=5.562411493574 eijMax=2.761E-03 rmsd=8.514E+00 s=[ 0 0 0 1 1 1 1 0 0 0 0 0 0 1 1 0 0 0 0 0 1 0 0 1 1 1 1 1 1 1 1 1 1 1 1 1 ]
d13=5.564183450120 eijMax=9.015E-03 rmsd=8.526E+00 s=[ 0 0 0 0 0 0 0 1 1 1 1 1 1 0 0 1 1 1 1 1 0 1 1 0 0 0 0 0 0 0 0 0 0 0 0 0 ]
d13=5.564183450120 eijMax=9.015E-03 rmsd=8.526E+00 s=[ 0 0 0 1 1 1 1 0 0 0 0 0 0 1 1 0 0 0 0 0 1 0 0 1 1 1 1 1 1 1 1 1 1 1 1 1 ]
d13=5.695308234565 eijMax=7.463E-03 rmsd=1.280E+01 s=[ 0 0 0 0 0 0 0 1 1 1 1 1 1 1 1 0 0 0 0 0 0 1 1 0 0 0 0 0 0 0 0 0 0 0 0 0 ]
d13=5.695308234565 eijMax=7.463E-03 rmsd=1.280E+01 s=[ 0 0 0 1 1 1 1 0 0 0 0 0 0 0 0 1 1 1 1 1 1 0 0 1 1 1 1 1 1 1 1 1 1 1 1 1 ]
d13=5.697080191111 eijMax=7.445E-04 rmsd=1.822E+01 s=[ 0 0 0 0 0 0 0 1 1 1 1 1 1 1 1 0 0 0 0 0 0 0 0 1 1 1 1 1 1 1 1 1 1 1 1 1 ]
d13=5.697080191111 eijMax=7.445E-04 rmsd=1.822E+01 s=[ 0 0 0 1 1 1 1 0 0 0 0 0 0 0 0 1 1 1 1 1 1 1 1 0 0 0 0 0 0 0 0 0 0 0 0 0 ]
d13=5.833520845195 eijMax=8.187E-03 rmsd=1.796E+01 s=[ 0 0 0 0 0 0 0 1 1 1 1 1 0 1 1 0 0 0 0 0 0 0 0 1 1 1 1 1 1 1 1 1 1 1 1 1 ]
d13=5.833520845195 eijMax=8.187E-03 rmsd=1.796E+01 s=[ 0 0 0 1 1 1 1 0 0 0 0 0 1 0 0 1 1 1 1 1 1 1 1 0 0 0 0 0 0 0 0 0 0 0 0 0 ]
d13=5.835292801742 eijMax=1.939E-03 rmsd=1.798E+01 s=[ 0 0 0 0 0 0 0 1 1 1 1 1 0 1 1 0 0 0 0 0 0 0 0 1 1 1 1 1 1 1 1 1 1 1 1 1 ]
d13=5.835292801742 eijMax=1.939E-03 rmsd=1.798E+01 s=[ 0 0 0 1 1 1 1 0 0 0 0 0 1 0 0 1 1 1 1 1 1 1 1 0 0 0 0 0 0 0 0 0 0 0 0 0 ]
d13=5.837064758288 eijMax=4.313E-03 rmsd=1.800E+01 s=[ 0 0 0 0 0 0 0 1 1 1 1 1 0 1 1 0 0 0 0 0 0 0 0 1 1 1 1 1 1 1 1 1 1 1 1 1 ]
d13=5.837064758288 eijMax=4.313E-03 rmsd=1.800E+01 s=[ 0 0 0 1 1 1 1 0 0 0 0 0 1 0 0 1 1 1 1 1 1 1 1 0 0 0 0 0 0 0 0 0 0 0 0 0 ]
d13=5.840608671381 eijMax=9.989E-03 rmsd=6.865E+00 s=[ 0 0 0 0 0 0 0 1 1 1 1 1 0 1 1 0 0 0 0 0 0 1 1 0 0 0 0 0 0 0 0 0 0 0 0 0 ]
d13=5.840608671381 eijMax=9.989E-03 rmsd=6.865E+00 s=[ 0 0 0 1 1 1 1 0 0 0 0 0 1 0 0 1 1 1 1 1 1 0 0 1 1 1 1 1 1 1 1 1 1 1 1 1 ]
d13=5.842380627928 eijMax=3.779E-03 rmsd=6.872E+00 s=[ 0 0 0 0 0 0 0 1 1 1 1 1 0 1 1 0 0 0 0 0 0 1 1 0 0 0 0 0 0 0 0 0 0 0 0 0 ]
d13=5.842380627928 eijMax=3.779E-03 rmsd=6.872E+00 s=[ 0 0 0 1 1 1 1 0 0 0 0 0 1 0 0 1 1 1 1 1 1 0 0 1 1 1 1 1 1 1 1 1 1 1 1 1 ]
d13=5.844152584474 eijMax=2.386E-03 rmsd=6.879E+00 s=[ 0 0 0 0 0 0 0 1 1 1 1 1 0 1 1 0 0 0 0 0 0 1 1 0 0 0 0 0 0 0 0 0 0 0 0 0 ]
d13=5.844152584474 eijMax=2.386E-03 rmsd=6.879E+00 s=[ 0 0 0 1 1 1 1 0 0 0 0 0 1 0 0 1 1 1 1 1 1 0 0 1 1 1 1 1 1 1 1 1 1 1 1 1 ]
d13=5.845924541021 eijMax=8.508E-03 rmsd=6.887E+00 s=[ 0 0 0 0 0 0 0 1 1 1 1 1 0 1 1 0 0 0 0 0 0 1 1 0 0 0 0 0 0 0 0 0 0 0 0 0 ]
d13=5.845924541021 eijMax=8.508E-03 rmsd=6.887E+00 s=[ 0 0 0 1 1 1 1 0 0 0 0 0 1 0 0 1 1 1 1 1 1 0 0 1 1 1 1 1 1 1 1 1 1 1 1 1 ]
d13=6.079822805165 eijMax=9.569E-03 rmsd=1.365E+01 s=[ 0 0 0 0 0 1 1 0 0 0 0 0 1 0 0 1 1 1 1 1 0 0 0 1 1 1 1 1 1 1 1 1 1 1 1 1 ]
d13=6.079822805165 eijMax=9.569E-03 rmsd=1.365E+01 s=[ 0 0 0 1 1 0 0 1 1 1 1 1 0 1 1 0 0 0 0 0 1 1 1 0 0 0 0 0 0 0 0 0 0 0 0 0 ]
d13=6.081594761712 eijMax=4.505E-03 rmsd=1.366E+01 s=[ 0 0 0 0 0 1 1 0 0 0 0 0 1 0 0 1 1 1 1 1 0 0 0 1 1 1 1 1 1 1 1 1 1 1 1 1 ]
d13=6.081594761712 eijMax=4.505E-03 rmsd=1.366E+01 s=[ 0 0 0 1 1 0 0 1 1 1 1 1 0 1 1 0 0 0 0 0 1 1 1 0 0 0 0 0 0 0 0 0 0 0 0 0 ]
d13=6.083366718258 eijMax=5.993E-04 rmsd=1.367E+01 s=[ 0 0 0 0 0 1 1 0 0 0 0 0 1 0 0 1 1 1 1 1 0 0 0 1 1 1 1 1 1 1 1 1 1 1 1 1 ]
d13=6.083366718258 eijMax=5.993E-04 rmsd=1.367E+01 s=[ 0 0 0 1 1 0 0 1 1 1 1 1 0 1 1 0 0 0 0 0 1 1 1 0 0 0 0 0 0 0 0 0 0 0 0 0 ]
d13=6.085138674805 eijMax=5.744E-03 rmsd=1.369E+01 s=[ 0 0 0 0 0 1 1 0 0 0 0 0 1 0 0 1 1 1 1 1 0 0 0 1 1 1 1 1 1 1 1 1 1 1 1 1 ]
d13=6.085138674805 eijMax=5.744E-03 rmsd=1.369E+01 s=[ 0 0 0 1 1 0 0 1 1 1 1 1 0 1 1 0 0 0 0 0 1 1 1 0 0 0 0 0 0 0 0 0 0 0 0 0 ]
d13=6.090454544444 eijMax=5.416E-03 rmsd=7.358E+00 s=[ 0 0 0 0 0 1 1 0 0 0 0 0 1 0 0 1 1 1 1 1 0 1 1 0 0 0 0 0 0 0 0 0 0 0 0 0 ]
d13=6.090454544444 eijMax=5.416E-03 rmsd=7.358E+00 s=[ 0 0 0 1 1 0 0 1 1 1 1 1 0 1 1 0 0 0 0 0 1 0 0 1 1 1 1 1 1 1 1 1 1 1 1 1 ]
d13=6.092226500991 eijMax=1.717E-04 rmsd=7.356E+00 s=[ 0 0 0 0 0 1 1 0 0 0 0 0 1 0 0 1 1 1 1 1 0 1 1 0 0 0 0 0 0 0 0 0 0 0 0 0 ]
d13=6.092226500991 eijMax=1.717E-04 rmsd=7.356E+00 s=[ 0 0 0 1 1 0 0 1 1 1 1 1 0 1 1 0 0 0 0 0 1 0 0 1 1 1 1 1 1 1 1 1 1 1 1 1 ]
d13=6.093998457538 eijMax=5.082E-03 rmsd=7.355E+00 s=[ 0 0 0 0 0 1 1 0 0 0 0 0 1 0 0 1 1 1 1 1 0 1 1 0 0 0 0 0 0 0 0 0 0 0 0 0 ]
d13=6.093998457538 eijMax=5.082E-03 rmsd=7.355E+00 s=[ 0 0 0 1 1 0 0 1 1 1 1 1 0 1 1 0 0 0 0 0 1 0 0 1 1 1 1 1 1 1 1 1 1 1 1 1 ]
d13=6.331440634775 eijMax=9.610E-03 rmsd=1.633E+01 s=[ 0 0 0 0 0 0 0 1 1 1 1 1 0 0 0 1 1 1 1 1 0 0 0 1 1 1 1 1 1 1 1 1 1 1 1 1 ]
d13=6.331440634775 eijMax=9.610E-03 rmsd=1.633E+01 s=[ 0 0 0 1 1 1 1 0 0 0 0 0 1 1 1 0 0 0 0 0 1 1 1 0 0 0 0 0 0 0 0 0 0 0 0 0 ]
d13=6.333212591321 eijMax=3.621E-03 rmsd=1.635E+01 s=[ 0 0 0 0 0 0 0 1 1 1 1 1 0 0 0 1 1 1 1 1 0 0 0 1 1 1 1 1 1 1 1 1 1 1 1 1 ]
d13=6.333212591321 eijMax=3.621E-03 rmsd=1.635E+01 s=[ 0 0 0 1 1 1 1 0 0 0 0 0 1 1 1 0 0 0 0 0 1 1 1 0 0 0 0 0 0 0 0 0 0 0 0 0 ]
d13=6.334984547868 eijMax=2.416E-03 rmsd=1.637E+01 s=[ 0 0 0 0 0 0 0 1 1 1 1 1 0 0 0 1 1 1 1 1 0 0 0 1 1 1 1 1 1 1 1 1 1 1 1 1 ]
d13=6.334984547868 eijMax=2.416E-03 rmsd=1.637E+01 s=[ 0 0 0 1 1 1 1 0 0 0 0 0 1 1 1 0 0 0 0 0 1 1 1 0 0 0 0 0 0 0 0 0 0 0 0 0 ]
d13=6.336756504414 eijMax=8.501E-03 rmsd=1.639E+01 s=[ 0 0 0 0 0 0 0 1 1 1 1 1 0 0 0 1 1 1 1 1 0 0 0 1 1 1 1 1 1 1 1 1 1 1 1 1 ]
d13=6.336756504414 eijMax=5.797E-04 rmsd=1.512E+01 s=[ 0 0 0 0 0 1 1 0 0 0 0 0 0 1 1 0 0 0 0 0 0 0 0 1 1 1 1 1 1 1 1 1 1 1 1 1 ]
d13=6.336756504414 eijMax=5.797E-04 rmsd=1.512E+01 s=[ 0 0 0 1 1 0 0 1 1 1 1 1 1 0 0 1 1 1 1 1 1 1 1 0 0 0 0 0 0 0 0 0 0 0 0 0 ]
d13=6.336756504414 eijMax=8.501E-03 rmsd=1.639E+01 s=[ 0 0 0 1 1 1 1 0 0 0 0 0 1 1 1 0 0 0 0 0 1 1 1 0 0 0 0 0 0 0 0 0 0 0 0 0 ]
d13=6.338528460961 eijMax=8.734E-03 rmsd=7.778E+00 s=[ 0 0 0 0 0 1 1 0 0 0 0 0 0 1 1 0 0 0 0 0 0 1 1 0 0 0 0 0 0 0 0 0 0 0 0 0 ]
d13=6.338528460961 eijMax=8.734E-03 rmsd=7.778E+00 s=[ 0 0 0 1 1 0 0 1 1 1 1 1 1 0 0 1 1 1 1 1 1 0 0 1 1 1 1 1 1 1 1 1 1 1 1 1 ]
d13=6.340300417508 eijMax=6.015E-03 rmsd=9.263E+00 s=[ 0 0 0 0 0 0 0 1 1 1 1 1 0 0 0 1 1 1 1 1 0 1 1 0 0 0 0 0 0 0 0 0 0 0 0 0 ]
d13=6.340300417508 eijMax=9.969E-03 rmsd=7.728E+00 s=[ 0 0 0 0 0 1 1 0 0 0 0 0 0 1 1 0 0 0 0 0 0 1 1 0 0 0 0 0 0 0 0 0 0 0 0 0 ]
d13=6.340300417508 eijMax=9.969E-03 rmsd=7.728E+00 s=[ 0 0 0 1 1 0 0 1 1 1 1 1 1 0 0 1 1 1 1 1 1 0 0 1 1 1 1 1 1 1 1 1 1 1 1 1 ]
d13=6.340300417508 eijMax=6.015E-03 rmsd=9.263E+00 s=[ 0 0 0 1 1 1 1 0 0 0 0 0 1 1 1 0 0 0 0 0 1 0 0 1 1 1 1 1 1 1 1 1 1 1 1 1 ]
d13=6.342072374054 eijMax=1.434E-04 rmsd=9.271E+00 s=[ 0 0 0 0 0 0 0 1 1 1 1 1 0 0 0 1 1 1 1 1 0 1 1 0 0 0 0 0 0 0 0 0 0 0 0 0 ]
d13=6.342072374054 eijMax=1.434E-04 rmsd=9.271E+00 s=[ 0 0 0 1 1 1 1 0 0 0 0 0 1 1 1 0 0 0 0 0 1 0 0 1 1 1 1 1 1 1 1 1 1 1 1 1 ]
d13=6.343844330601 eijMax=6.307E-03 rmsd=9.280E+00 s=[ 0 0 0 0 0 0 0 1 1 1 1 1 0 0 0 1 1 1 1 1 0 1 1 0 0 0 0 0 0 0 0 0 0 0 0 0 ]
d13=6.343844330601 eijMax=6.307E-03 rmsd=9.280E+00 s=[ 0 0 0 1 1 1 1 0 0 0 0 0 1 1 1 0 0 0 0 0 1 0 0 1 1 1 1 1 1 1 1 1 1 1 1 1 ]
d13=6.352704113333 eijMax=4.300E-03 rmsd=1.292E+01 s=[ 0 0 0 0 0 1 1 0 0 0 0 0 1 1 1 0 0 0 0 0 1 0 0 1 1 1 1 1 1 1 1 1 1 1 1 1 ]
d13=6.352704113333 eijMax=4.300E-03 rmsd=1.292E+01 s=[ 0 0 0 1 1 0 0 1 1 1 1 1 0 0 0 1 1 1 1 1 0 1 1 0 0 0 0 0 0 0 0 0 0 0 0 0 ]
d13=6.382827374625 eijMax=3.391E-03 rmsd=1.119E+01 s=[ 0 0 0 0 1 0 0 1 1 1 1 1 0 1 1 0 0 0 0 0 0 1 1 0 0 0 0 0 0 0 0 0 0 0 0 0 ]
d13=6.382827374625 eijMax=3.391E-03 rmsd=1.119E+01 s=[ 0 0 0 1 0 1 1 0 0 0 0 0 1 0 0 1 1 1 1 1 1 0 0 1 1 1 1 1 1 1 1 1 1 1 1 1 ]
d13=6.384599331171 eijMax=1.760E-03 rmsd=1.577E+01 s=[ 0 0 0 0 1 0 0 1 1 1 1 1 0 1 1 0 0 0 0 0 0 0 0 1 1 1 1 1 1 1 1 1 1 1 1 1 ]
d13=6.384599331171 eijMax=1.760E-03 rmsd=1.577E+01 s=[ 0 0 0 1 0 1 1 0 0 0 0 0 1 0 0 1 1 1 1 1 1 1 1 0 0 0 0 0 0 0 0 0 0 0 0 0 ]
d13=6.414722592462 eijMax=9.194E-03 rmsd=1.631E+01 s=[ 0 0 0 0 0 0 0 1 1 1 1 1 1 0 0 1 1 1 1 1 1 0 0 1 1 1 1 1 1 1 1 1 1 1 1 1 ]
d13=6.414722592462 eijMax=9.194E-03 rmsd=1.631E+01 s=[ 0 0 0 1 1 1 1 0 0 0 0 0 0 1 1 0 0 0 0 0 0 1 1 0 0 0 0 0 0 0 0 0 0 0 0 0 ]
d13=6.416494549009 eijMax=5.995E-03 rmsd=1.632E+01 s=[ 0 0 0 0 0 0 0 1 1 1 1 1 1 0 0 1 1 1 1 1 1 0 0 1 1 1 1 1 1 1 1 1 1 1 1 1 ]
d13=6.416494549009 eijMax=5.995E-03 rmsd=1.632E+01 s=[ 0 0 0 1 1 1 1 0 0 0 0 0 0 1 1 0 0 0 0 0 0 1 1 0 0 0 0 0 0 0 0 0 0 0 0 0 ]
d13=6.418266505556 eijMax=2.835E-03 rmsd=1.633E+01 s=[ 0 0 0 0 0 0 0 1 1 1 1 1 1 0 0 1 1 1 1 1 1 0 0 1 1 1 1 1 1 1 1 1 1 1 1 1 ]
d13=6.418266505556 eijMax=2.835E-03 rmsd=1.633E+01 s=[ 0 0 0 1 1 1 1 0 0 0 0 0 0 1 1 0 0 0 0 0 0 1 1 0 0 0 0 0 0 0 0 0 0 0 0 0 ]
d13=6.420038462102 eijMax=2.846E-04 rmsd=1.634E+01 s=[ 0 0 0 0 0 0 0 1 1 1 1 1 1 0 0 1 1 1 1 1 1 0 0 1 1 1 1 1 1 1 1 1 1 1 1 1 ]
d13=6.420038462102 eijMax=2.846E-04 rmsd=1.634E+01 s=[ 0 0 0 1 1 1 1 0 0 0 0 0 0 1 1 0 0 0 0 0 0 1 1 0 0 0 0 0 0 0 0 0 0 0 0 0 ]
d13=6.421810418649 eijMax=3.361E-03 rmsd=1.635E+01 s=[ 0 0 0 0 0 0 0 1 1 1 1 1 1 0 0 1 1 1 1 1 1 0 0 1 1 1 1 1 1 1 1 1 1 1 1 1 ]
d13=6.421810418649 eijMax=3.361E-03 rmsd=1.635E+01 s=[ 0 0 0 1 1 1 1 0 0 0 0 0 0 1 1 0 0 0 0 0 0 1 1 0 0 0 0 0 0 0 0 0 0 0 0 0 ]
d13=6.423582375195 eijMax=6.393E-03 rmsd=1.636E+01 s=[ 0 0 0 0 0 0 0 1 1 1 1 1 1 0 0 1 1 1 1 1 1 0 0 1 1 1 1 1 1 1 1 1 1 1 1 1 ]
d13=6.423582375195 eijMax=6.393E-03 rmsd=1.636E+01 s=[ 0 0 0 1 1 1 1 0 0 0 0 0 0 1 1 0 0 0 0 0 0 1 1 0 0 0 0 0 0 0 0 0 0 0 0 0 ]
d13=6.425354331742 eijMax=9.378E-03 rmsd=1.636E+01 s=[ 0 0 0 0 0 0 0 1 1 1 1 1 1 0 0 1 1 1 1 1 1 0 0 1 1 1 1 1 1 1 1 1 1 1 1 1 ]
d13=6.425354331742 eijMax=9.378E-03 rmsd=1.636E+01 s=[ 0 0 0 1 1 1 1 0 0 0 0 0 0 1 1 0 0 0 0 0 0 1 1 0 0 0 0 0 0 0 0 0 0 0 0 0 ]
d13=6.430670201381 eijMax=8.792E-03 rmsd=1.567E+01 s=[ 0 0 0 0 0 0 0 1 1 1 1 1 1 0 0 1 1 1 1 1 1 1 1 0 0 0 0 0 0 0 0 0 0 0 0 0 ]
d13=6.430670201381 eijMax=8.792E-03 rmsd=1.567E+01 s=[ 0 0 0 1 1 1 1 0 0 0 0 0 0 1 1 0 0 0 0 0 0 0 0 1 1 1 1 1 1 1 1 1 1 1 1 1 ]
d13=6.432442157928 eijMax=6.041E-03 rmsd=1.568E+01 s=[ 0 0 0 0 0 0 0 1 1 1 1 1 1 0 0 1 1 1 1 1 1 1 1 0 0 0 0 0 0 0 0 0 0 0 0 0 ]
d13=6.432442157928 eijMax=6.041E-03 rmsd=1.568E+01 s=[ 0 0 0 1 1 1 1 0 0 0 0 0 0 1 1 0 0 0 0 0 0 0 0 1 1 1 1 1 1 1 1 1 1 1 1 1 ]
d13=6.434214114474 eijMax=3.359E-03 rmsd=1.569E+01 s=[ 0 0 0 0 0 0 0 1 1 1 1 1 1 0 0 1 1 1 1 1 1 1 1 0 0 0 0 0 0 0 0 0 0 0 0 0 ]
d13=6.434214114474 eijMax=3.359E-03 rmsd=1.569E+01 s=[ 0 0 0 1 1 1 1 0 0 0 0 0 0 1 1 0 0 0 0 0 0 0 0 1 1 1 1 1 1 1 1 1 1 1 1 1 ]
d13=6.435986071021 eijMax=7.474E-04 rmsd=1.569E+01 s=[ 0 0 0 0 0 0 0 1 1 1 1 1 1 0 0 1 1 1 1 1 1 1 1 0 0 0 0 0 0 0 0 0 0 0 0 0 ]
d13=6.435986071021 eijMax=7.474E-04 rmsd=1.569E+01 s=[ 0 0 0 1 1 1 1 0 0 0 0 0 0 1 1 0 0 0 0 0 0 0 0 1 1 1 1 1 1 1 1 1 1 1 1 1 ]
d13=6.437758027568 eijMax=1.791E-03 rmsd=1.570E+01 s=[ 0 0 0 0 0 0 0 1 1 1 1 1 1 0 0 1 1 1 1 1 1 1 1 0 0 0 0 0 0 0 0 0 0 0 0 0 ]
d13=6.437758027568 eijMax=1.791E-03 rmsd=1.570E+01 s=[ 0 0 0 1 1 1 1 0 0 0 0 0 0 1 1 0 0 0 0 0 0 0 0 1 1 1 1 1 1 1 1 1 1 1 1 1 ]
d13=6.439529984114 eijMax=4.253E-03 rmsd=1.571E+01 s=[ 0 0 0 0 0 0 0 1 1 1 1 1 1 0 0 1 1 1 1 1 1 1 1 0 0 0 0 0 0 0 0 0 0 0 0 0 ]
d13=6.439529984114 eijMax=4.253E-03 rmsd=1.571E+01 s=[ 0 0 0 1 1 1 1 0 0 0 0 0 0 1 1 0 0 0 0 0 0 0 0 1 1 1 1 1 1 1 1 1 1 1 1 1 ]
d13=6.441301940661 eijMax=6.637E-03 rmsd=1.571E+01 s=[ 0 0 0 0 0 0 0 1 1 1 1 1 1 0 0 1 1 1 1 1 1 1 1 0 0 0 0 0 0 0 0 0 0 0 0 0 ]
d13=6.441301940661 eijMax=6.637E-03 rmsd=1.571E+01 s=[ 0 0 0 1 1 1 1 0 0 0 0 0 0 1 1 0 0 0 0 0 0 0 0 1 1 1 1 1 1 1 1 1 1 1 1 1 ]
d13=6.443073897207 eijMax=8.939E-03 rmsd=1.572E+01 s=[ 0 0 0 0 0 0 0 1 1 1 1 1 1 0 0 1 1 1 1 1 1 1 1 0 0 0 0 0 0 0 0 0 0 0 0 0 ]
d13=6.443073897207 eijMax=8.939E-03 rmsd=1.572E+01 s=[ 0 0 0 1 1 1 1 0 0 0 0 0 0 1 1 0 0 0 0 0 0 0 0 1 1 1 1 1 1 1 1 1 1 1 1 1 ]
d13=6.478513028138 eijMax=5.445E-03 rmsd=1.470E+01 s=[ 0 0 0 0 0 1 1 0 0 0 0 0 0 0 0 1 1 1 1 1 0 0 0 1 1 1 1 1 1 1 1 1 1 1 1 1 ]
d13=6.478513028138 eijMax=5.445E-03 rmsd=1.470E+01 s=[ 0 0 0 1 1 0 0 1 1 1 1 1 1 1 1 0 0 0 0 0 1 1 1 0 0 0 0 0 0 0 0 0 0 0 0 0 ]
d13=6.482056941231 eijMax=2.261E-03 rmsd=9.932E+00 s=[ 0 0 0 0 0 1 1 0 0 0 0 0 0 0 0 1 1 1 1 1 0 1 1 0 0 0 0 0 0 0 0 0 0 0 0 0 ]
d13=6.482056941231 eijMax=2.261E-03 rmsd=9.932E+00 s=[ 0 0 0 1 1 0 0 1 1 1 1 1 1 1 1 0 0 0 0 0 1 0 0 1 1 1 1 1 1 1 1 1 1 1 1 1 ]
d13=6.494460637057 eijMax=6.350E-03 rmsd=1.360E+01 s=[ 0 0 0 0 0 1 1 0 0 0 0 0 1 0 0 1 1 1 1 1 1 0 0 1 1 1 1 1 1 1 1 1 1 1 1 1 ]
d13=6.494460637057 eijMax=6.350E-03 rmsd=1.360E+01 s=[ 0 0 0 1 1 0 0 1 1 1 1 1 0 1 1 0 0 0 0 0 0 1 1 0 0 0 0 0 0 0 0 0 0 0 0 0 ]
d13=6.498004550150 eijMax=6.623E-03 rmsd=1.564E+01 s=[ 0 0 0 0 0 1 1 0 0 0 0 0 1 0 0 1 1 1 1 1 1 1 1 0 0 0 0 0 0 0 0 0 0 0 0 0 ]
d13=6.498004550150 eijMax=6.623E-03 rmsd=1.564E+01 s=[ 0 0 0 1 1 0 0 1 1 1 1 1 0 1 1 0 0 0 0 0 0 0 0 1 1 1 1 1 1 1 1 1 1 1 1 1 ]
d13=6.499776506697 eijMax=7.217E-03 rmsd=1.595E+01 s=[ 0 0 0 0 0 0 0 1 1 1 1 1 1 0 0 1 1 1 1 1 1 1 1 0 0 0 0 0 0 0 0 0 0 0 0 0 ]
d13=6.499776506697 eijMax=7.217E-03 rmsd=1.595E+01 s=[ 0 0 0 1 1 1 1 0 0 0 0 0 0 1 1 0 0 0 0 0 0 0 0 1 1 1 1 1 1 1 1 1 1 1 1 1 ]
d13=6.501548463243 eijMax=2.793E-03 rmsd=1.596E+01 s=[ 0 0 0 0 0 0 0 1 1 1 1 1 1 0 0 1 1 1 1 1 1 1 1 0 0 0 0 0 0 0 0 0 0 0 0 0 ]
d13=6.501548463243 eijMax=2.793E-03 rmsd=1.596E+01 s=[ 0 0 0 1 1 1 1 0 0 0 0 0 0 1 1 0 0 0 0 0 0 0 0 1 1 1 1 1 1 1 1 1 1 1 1 1 ]
d13=6.503320419790 eijMax=2.150E-03 rmsd=1.597E+01 s=[ 0 0 0 0 0 0 0 1 1 1 1 1 1 0 0 1 1 1 1 1 1 1 1 0 0 0 0 0 0 0 0 0 0 0 0 0 ]
d13=6.503320419790 eijMax=2.150E-03 rmsd=1.597E+01 s=[ 0 0 0 1 1 1 1 0 0 0 0 0 0 1 1 0 0 0 0 0 0 0 0 1 1 1 1 1 1 1 1 1 1 1 1 1 ]
d13=6.505092376336 eijMax=7.661E-03 rmsd=1.597E+01 s=[ 0 0 0 0 0 0 0 1 1 1 1 1 1 0 0 1 1 1 1 1 1 1 1 0 0 0 0 0 0 0 0 0 0 0 0 0 ]
d13=6.505092376336 eijMax=7.661E-03 rmsd=1.597E+01 s=[ 0 0 0 1 1 1 1 0 0 0 0 0 0 1 1 0 0 0 0 0 0 0 0 1 1 1 1 1 1 1 1 1 1 1 1 1 ]
d13=6.508636289429 eijMax=6.215E-03 rmsd=1.546E+01 s=[ 0 0 0 0 0 0 0 1 1 1 1 1 1 0 0 1 1 1 1 1 1 0 0 1 1 1 1 1 1 1 1 1 1 1 1 1 ]
d13=6.508636289429 eijMax=6.215E-03 rmsd=1.546E+01 s=[ 0 0 0 1 1 1 1 0 0 0 0 0 0 1 1 0 0 0 0 0 0 1 1 0 0 0 0 0 0 0 0 0 0 0 0 0 ]
d13=6.510408245976 eijMax=1.273E-03 rmsd=1.538E+01 s=[ 0 0 0 0 0 0 0 1 1 1 1 1 1 0 0 1 1 1 1 1 1 0 0 1 1 1 1 1 1 1 1 1 1 1 1 1 ]
d13=6.510408245976 eijMax=1.273E-03 rmsd=1.538E+01 s=[ 0 0 0 1 1 1 1 0 0 0 0 0 0 1 1 0 0 0 0 0 0 1 1 0 0 0 0 0 0 0 0 0 0 0 0 0 ]
d13=6.512180202523 eijMax=9.522E-03 rmsd=1.529E+01 s=[ 0 0 0 0 0 0 0 1 1 1 1 1 1 0 0 1 1 1 1 1 1 0 0 1 1 1 1 1 1 1 1 1 1 1 1 1 ]
d13=6.512180202523 eijMax=9.522E-03 rmsd=1.529E+01 s=[ 0 0 0 1 1 1 1 0 0 0 0 0 0 1 1 0 0 0 0 0 0 1 1 0 0 0 0 0 0 0 0 0 0 0 0 0 ]
d13=6.528127811441 eijMax=8.932E-03 rmsd=1.472E+01 s=[ 0 0 0 0 1 0 0 1 1 1 1 1 1 0 0 1 1 1 1 1 0 0 0 1 1 1 1 1 1 1 1 1 1 1 1 1 ]
d13=6.528127811441 eijMax=8.932E-03 rmsd=1.472E+01 s=[ 0 0 0 1 0 1 1 0 0 0 0 0 0 1 1 0 0 0 0 0 1 1 1 0 0 0 0 0 0 0 0 0 0 0 0 0 ]
num ..... 1000
nnodes .. 36
nedges .. 264
nsols ... 276
tsecs ... 56.326131
