d13=9.449249538989 eijMax=9.849E-03 rmsd=6.316E+00 s=[ 0 0 0 0 0 1 1 1 1 1 1 1 1 1 1 0 0 0 0 0 1 1 0 1 1 1 1 1 1 1 1 1 1 1 1 0 ]
d13=9.449249538989 eijMax=9.849E-03 rmsd=6.316E+00 s=[ 0 0 0 1 1 0 0 0 0 0 0 0 0 0 0 1 1 1 1 1 0 0 1 0 0 0 0 0 0 0 0 0 0 0 0 1 ]
d13=9.449717515125 eijMax=9.529E-03 rmsd=6.311E+00 s=[ 0 0 0 0 0 1 1 1 1 1 1 1 1 1 1 0 0 0 0 0 1 1 0 1 1 1 1 1 1 1 1 1 1 1 1 0 ]
d13=9.449717515125 eijMax=9.529E-03 rmsd=6.311E+00 s=[ 0 0 0 1 1 0 0 0 0 0 0 0 0 0 0 1 1 1 1 1 0 0 1 0 0 0 0 0 0 0 0 0 0 0 0 1 ]
d13=9.450185491261 eijMax=9.209E-03 rmsd=6.305E+00 s=[ 0 0 0 0 0 1 1 1 1 1 1 1 1 1 1 0 0 0 0 0 1 1 0 1 1 1 1 1 1 1 1 1 1 1 1 0 ]
d13=9.450185491261 eijMax=9.209E-03 rmsd=6.305E+00 s=[ 0 0 0 1 1 0 0 0 0 0 0 0 0 0 0 1 1 1 1 1 0 0 1 0 0 0 0 0 0 0 0 0 0 0 0 1 ]
d13=9.450653467397 eijMax=8.890E-03 rmsd=6.300E+00 s=[ 0 0 0 0 0 1 1 1 1 1 1 1 1 1 1 0 0 0 0 0 1 1 0 1 1 1 1 1 1 1 1 1 1 1 1 0 ]
d13=9.450653467397 eijMax=8.890E-03 rmsd=6.300E+00 s=[ 0 0 0 1 1 0 0 0 0 0 0 0 0 0 0 1 1 1 1 1 0 0 1 0 0 0 0 0 0 0 0 0 0 0 0 1 ]
d13=9.451121443534 eijMax=8.572E-03 rmsd=6.294E+00 s=[ 0 0 0 0 0 1 1 1 1 1 1 1 1 1 1 0 0 0 0 0 1 1 0 1 1 1 1 1 1 1 1 1 1 1 1 0 ]
d13=9.451121443534 eijMax=8.572E-03 rmsd=6.294E+00 s=[ 0 0 0 1 1 0 0 0 0 0 0 0 0 0 0 1 1 1 1 1 0 0 1 0 0 0 0 0 0 0 0 0 0 0 0 1 ]
d13=9.451589419670 eijMax=8.255E-03 rmsd=6.289E+00 s=[ 0 0 0 0 0 1 1 1 1 1 1 1 1 1 1 0 0 0 0 0 1 1 0 1 1 1 1 1 1 1 1 1 1 1 1 0 ]
d13=9.451589419670 eijMax=8.255E-03 rmsd=6.289E+00 s=[ 0 0 0 1 1 0 0 0 0 0 0 0 0 0 0 1 1 1 1 1 0 0 1 0 0 0 0 0 0 0 0 0 0 0 0 1 ]
d13=9.452057395806 eijMax=7.939E-03 rmsd=6.284E+00 s=[ 0 0 0 0 0 1 1 1 1 1 1 1 1 1 1 0 0 0 0 0 1 1 0 1 1 1 1 1 1 1 1 1 1 1 1 0 ]
d13=9.452057395806 eijMax=7.939E-03 rmsd=6.284E+00 s=[ 0 0 0 1 1 0 0 0 0 0 0 0 0 0 0 1 1 1 1 1 0 0 1 0 0 0 0 0 0 0 0 0 0 0 0 1 ]
d13=9.452525371942 eijMax=7.623E-03 rmsd=6.279E+00 s=[ 0 0 0 0 0 1 1 1 1 1 1 1 1 1 1 0 0 0 0 0 1 1 0 1 1 1 1 1 1 1 1 1 1 1 1 0 ]
d13=9.452525371942 eijMax=7.623E-03 rmsd=6.279E+00 s=[ 0 0 0 1 1 0 0 0 0 0 0 0 0 0 0 1 1 1 1 1 0 0 1 0 0 0 0 0 0 0 0 0 0 0 0 1 ]
d13=9.452993348078 eijMax=7.308E-03 rmsd=6.273E+00 s=[ 0 0 0 0 0 1 1 1 1 1 1 1 1 1 1 0 0 0 0 0 1 1 0 1 1 1 1 1 1 1 1 1 1 1 1 0 ]
d13=9.452993348078 eijMax=7.308E-03 rmsd=6.273E+00 s=[ 0 0 0 1 1 0 0 0 0 0 0 0 0 0 0 1 1 1 1 1 0 0 1 0 0 0 0 0 0 0 0 0 0 0 0 1 ]
d13=9.453461324214 eijMax=6.994E-03 rmsd=6.268E+00 s=[ 0 0 0 0 0 1 1 1 1 1 1 1 1 1 1 0 0 0 0 0 1 1 0 1 1 1 1 1 1 1 1 1 1 1 1 0 ]
d13=9.453461324214 eijMax=6.994E-03 rmsd=6.268E+00 s=[ 0 0 0 1 1 0 0 0 0 0 0 0 0 0 0 1 1 1 1 1 0 0 1 0 0 0 0 0 0 0 0 0 0 0 0 1 ]
d13=9.453929300350 eijMax=6.681E-03 rmsd=6.263E+00 s=[ 0 0 0 0 0 1 1 1 1 1 1 1 1 1 1 0 0 0 0 0 1 1 0 1 1 1 1 1 1 1 1 1 1 1 1 0 ]
d13=9.453929300350 eijMax=6.681E-03 rmsd=6.263E+00 s=[ 0 0 0 1 1 0 0 0 0 0 0 0 0 0 0 1 1 1 1 1 0 0 1 0 0 0 0 0 0 0 0 0 0 0 0 1 ]
d13=9.454397276486 eijMax=6.369E-03 rmsd=6.258E+00 s=[ 0 0 0 0 0 1 1 1 1 1 1 1 1 1 1 0 0 0 0 0 1 1 0 1 1 1 1 1 1 1 1 1 1 1 1 0 ]
d13=9.454397276486 eijMax=6.369E-03 rmsd=6.258E+00 s=[ 0 0 0 1 1 0 0 0 0 0 0 0 0 0 0 1 1 1 1 1 0 0 1 0 0 0 0 0 0 0 0 0 0 0 0 1 ]
d13=9.454865252623 eijMax=6.058E-03 rmsd=6.252E+00 s=[ 0 0 0 0 0 1 1 1 1 1 1 1 1 1 1 0 0 0 0 0 1 1 0 1 1 1 1 1 1 1 1 1 1 1 1 0 ]
d13=9.454865252623 eijMax=6.058E-03 rmsd=6.252E+00 s=[ 0 0 0 1 1 0 0 0 0 0 0 0 0 0 0 1 1 1 1 1 0 0 1 0 0 0 0 0 0 0 0 0 0 0 0 1 ]
d13=9.455333228759 eijMax=5.747E-03 rmsd=6.247E+00 s=[ 0 0 0 0 0 1 1 1 1 1 1 1 1 1 1 0 0 0 0 0 1 1 0 1 1 1 1 1 1 1 1 1 1 1 1 0 ]
d13=9.455333228759 eijMax=5.747E-03 rmsd=6.247E+00 s=[ 0 0 0 1 1 0 0 0 0 0 0 0 0 0 0 1 1 1 1 1 0 0 1 0 0 0 0 0 0 0 0 0 0 0 0 1 ]
d13=9.455801204895 eijMax=5.438E-03 rmsd=6.242E+00 s=[ 0 0 0 0 0 1 1 1 1 1 1 1 1 1 1 0 0 0 0 0 1 1 0 1 1 1 1 1 1 1 1 1 1 1 1 0 ]
d13=9.455801204895 eijMax=5.438E-03 rmsd=6.242E+00 s=[ 0 0 0 1 1 0 0 0 0 0 0 0 0 0 0 1 1 1 1 1 0 0 1 0 0 0 0 0 0 0 0 0 0 0 0 1 ]
d13=9.456269181031 eijMax=5.129E-03 rmsd=6.237E+00 s=[ 0 0 0 0 0 1 1 1 1 1 1 1 1 1 1 0 0 0 0 0 1 1 0 1 1 1 1 1 1 1 1 1 1 1 1 0 ]
d13=9.456269181031 eijMax=5.129E-03 rmsd=6.237E+00 s=[ 0 0 0 1 1 0 0 0 0 0 0 0 0 0 0 1 1 1 1 1 0 0 1 0 0 0 0 0 0 0 0 0 0 0 0 1 ]
d13=9.456737157167 eijMax=4.822E-03 rmsd=6.232E+00 s=[ 0 0 0 0 0 1 1 1 1 1 1 1 1 1 1 0 0 0 0 0 1 1 0 1 1 1 1 1 1 1 1 1 1 1 1 0 ]
d13=9.456737157167 eijMax=4.822E-03 rmsd=6.232E+00 s=[ 0 0 0 1 1 0 0 0 0 0 0 0 0 0 0 1 1 1 1 1 0 0 1 0 0 0 0 0 0 0 0 0 0 0 0 1 ]
d13=9.457205133303 eijMax=4.515E-03 rmsd=6.227E+00 s=[ 0 0 0 0 0 1 1 1 1 1 1 1 1 1 1 0 0 0 0 0 1 1 0 1 1 1 1 1 1 1 1 1 1 1 1 0 ]
d13=9.457205133303 eijMax=4.515E-03 rmsd=6.227E+00 s=[ 0 0 0 1 1 0 0 0 0 0 0 0 0 0 0 1 1 1 1 1 0 0 1 0 0 0 0 0 0 0 0 0 0 0 0 1 ]
d13=9.457673109439 eijMax=4.210E-03 rmsd=6.222E+00 s=[ 0 0 0 0 0 1 1 1 1 1 1 1 1 1 1 0 0 0 0 0 1 1 0 1 1 1 1 1 1 1 1 1 1 1 1 0 ]
d13=9.457673109439 eijMax=4.210E-03 rmsd=6.222E+00 s=[ 0 0 0 1 1 0 0 0 0 0 0 0 0 0 0 1 1 1 1 1 0 0 1 0 0 0 0 0 0 0 0 0 0 0 0 1 ]
d13=9.458141085576 eijMax=3.905E-03 rmsd=6.217E+00 s=[ 0 0 0 0 0 1 1 1 1 1 1 1 1 1 1 0 0 0 0 0 1 1 0 1 1 1 1 1 1 1 1 1 1 1 1 0 ]
d13=9.458141085576 eijMax=3.905E-03 rmsd=6.217E+00 s=[ 0 0 0 1 1 0 0 0 0 0 0 0 0 0 0 1 1 1 1 1 0 0 1 0 0 0 0 0 0 0 0 0 0 0 0 1 ]
d13=9.458609061712 eijMax=3.601E-03 rmsd=6.211E+00 s=[ 0 0 0 0 0 1 1 1 1 1 1 1 1 1 1 0 0 0 0 0 1 1 0 1 1 1 1 1 1 1 1 1 1 1 1 0 ]
d13=9.458609061712 eijMax=3.601E-03 rmsd=6.211E+00 s=[ 0 0 0 1 1 0 0 0 0 0 0 0 0 0 0 1 1 1 1 1 0 0 1 0 0 0 0 0 0 0 0 0 0 0 0 1 ]
d13=9.459077037848 eijMax=3.299E-03 rmsd=6.206E+00 s=[ 0 0 0 0 0 1 1 1 1 1 1 1 1 1 1 0 0 0 0 0 1 1 0 1 1 1 1 1 1 1 1 1 1 1 1 0 ]
d13=9.459077037848 eijMax=3.299E-03 rmsd=6.206E+00 s=[ 0 0 0 1 1 0 0 0 0 0 0 0 0 0 0 1 1 1 1 1 0 0 1 0 0 0 0 0 0 0 0 0 0 0 0 1 ]
d13=9.459545013984 eijMax=2.997E-03 rmsd=6.201E+00 s=[ 0 0 0 0 0 1 1 1 1 1 1 1 1 1 1 0 0 0 0 0 1 1 0 1 1 1 1 1 1 1 1 1 1 1 1 0 ]
d13=9.459545013984 eijMax=2.997E-03 rmsd=6.201E+00 s=[ 0 0 0 1 1 0 0 0 0 0 0 0 0 0 0 1 1 1 1 1 0 0 1 0 0 0 0 0 0 0 0 0 0 0 0 1 ]
d13=9.460012990120 eijMax=2.696E-03 rmsd=6.196E+00 s=[ 0 0 0 0 0 1 1 1 1 1 1 1 1 1 1 0 0 0 0 0 1 1 0 1 1 1 1 1 1 1 1 1 1 1 1 0 ]
d13=9.460012990120 eijMax=2.696E-03 rmsd=6.196E+00 s=[ 0 0 0 1 1 0 0 0 0 0 0 0 0 0 0 1 1 1 1 1 0 0 1 0 0 0 0 0 0 0 0 0 0 0 0 1 ]
d13=9.460480966256 eijMax=2.397E-03 rmsd=6.191E+00 s=[ 0 0 0 0 0 1 1 1 1 1 1 1 1 1 1 0 0 0 0 0 1 1 0 1 1 1 1 1 1 1 1 1 1 1 1 0 ]
d13=9.460480966256 eijMax=2.397E-03 rmsd=6.191E+00 s=[ 0 0 0 1 1 0 0 0 0 0 0 0 0 0 0 1 1 1 1 1 0 0 1 0 0 0 0 0 0 0 0 0 0 0 0 1 ]
d13=9.460948942392 eijMax=2.098E-03 rmsd=6.186E+00 s=[ 0 0 0 0 0 1 1 1 1 1 1 1 1 1 1 0 0 0 0 0 1 1 0 1 1 1 1 1 1 1 1 1 1 1 1 0 ]
d13=9.460948942392 eijMax=2.098E-03 rmsd=6.186E+00 s=[ 0 0 0 1 1 0 0 0 0 0 0 0 0 0 0 1 1 1 1 1 0 0 1 0 0 0 0 0 0 0 0 0 0 0 0 1 ]
d13=9.461416918529 eijMax=1.801E-03 rmsd=6.182E+00 s=[ 0 0 0 0 0 1 1 1 1 1 1 1 1 1 1 0 0 0 0 0 1 1 0 1 1 1 1 1 1 1 1 1 1 1 1 0 ]
d13=9.461416918529 eijMax=1.801E-03 rmsd=6.182E+00 s=[ 0 0 0 1 1 0 0 0 0 0 0 0 0 0 0 1 1 1 1 1 0 0 1 0 0 0 0 0 0 0 0 0 0 0 0 1 ]
d13=9.461884894665 eijMax=1.504E-03 rmsd=6.177E+00 s=[ 0 0 0 0 0 1 1 1 1 1 1 1 1 1 1 0 0 0 0 0 1 1 0 1 1 1 1 1 1 1 1 1 1 1 1 0 ]
d13=9.461884894665 eijMax=1.504E-03 rmsd=6.177E+00 s=[ 0 0 0 1 1 0 0 0 0 0 0 0 0 0 0 1 1 1 1 1 0 0 1 0 0 0 0 0 0 0 0 0 0 0 0 1 ]
d13=9.462352870801 eijMax=1.209E-03 rmsd=6.172E+00 s=[ 0 0 0 0 0 1 1 1 1 1 1 1 1 1 1 0 0 0 0 0 1 1 0 1 1 1 1 1 1 1 1 1 1 1 1 0 ]
d13=9.462352870801 eijMax=1.209E-03 rmsd=6.172E+00 s=[ 0 0 0 1 1 0 0 0 0 0 0 0 0 0 0 1 1 1 1 1 0 0 1 0 0 0 0 0 0 0 0 0 0 0 0 1 ]
d13=9.462820846937 eijMax=9.146E-04 rmsd=6.167E+00 s=[ 0 0 0 0 0 1 1 1 1 1 1 1 1 1 1 0 0 0 0 0 1 1 0 1 1 1 1 1 1 1 1 1 1 1 1 0 ]
d13=9.462820846937 eijMax=9.146E-04 rmsd=6.167E+00 s=[ 0 0 0 1 1 0 0 0 0 0 0 0 0 0 0 1 1 1 1 1 0 0 1 0 0 0 0 0 0 0 0 0 0 0 0 1 ]
d13=9.463288823073 eijMax=6.213E-04 rmsd=6.162E+00 s=[ 0 0 0 0 0 1 1 1 1 1 1 1 1 1 1 0 0 0 0 0 1 1 0 1 1 1 1 1 1 1 1 1 1 1 1 0 ]
d13=9.463288823073 eijMax=6.213E-04 rmsd=6.162E+00 s=[ 0 0 0 1 1 0 0 0 0 0 0 0 0 0 0 1 1 1 1 1 0 0 1 0 0 0 0 0 0 0 0 0 0 0 0 1 ]
d13=9.463756799209 eijMax=3.292E-04 rmsd=6.157E+00 s=[ 0 0 0 0 0 1 1 1 1 1 1 1 1 1 1 0 0 0 0 0 1 1 0 1 1 1 1 1 1 1 1 1 1 1 1 0 ]
d13=9.463756799209 eijMax=3.292E-04 rmsd=6.157E+00 s=[ 0 0 0 1 1 0 0 0 0 0 0 0 0 0 0 1 1 1 1 1 0 0 1 0 0 0 0 0 0 0 0 0 0 0 0 1 ]
d13=9.464224775345 eijMax=3.825E-05 rmsd=6.152E+00 s=[ 0 0 0 0 0 1 1 1 1 1 1 1 1 1 1 0 0 0 0 0 1 1 0 1 1 1 1 1 1 1 1 1 1 1 1 0 ]
d13=9.464224775345 eijMax=3.825E-05 rmsd=6.152E+00 s=[ 0 0 0 1 1 0 0 0 0 0 0 0 0 0 0 1 1 1 1 1 0 0 1 0 0 0 0 0 0 0 0 0 0 0 0 1 ]
d13=9.464692751481 eijMax=2.516E-04 rmsd=6.147E+00 s=[ 0 0 0 0 0 1 1 1 1 1 1 1 1 1 1 0 0 0 0 0 1 1 0 1 1 1 1 1 1 1 1 1 1 1 1 0 ]
d13=9.464692751481 eijMax=2.516E-04 rmsd=6.147E+00 s=[ 0 0 0 1 1 0 0 0 0 0 0 0 0 0 0 1 1 1 1 1 0 0 1 0 0 0 0 0 0 0 0 0 0 0 0 1 ]
d13=9.465160727618 eijMax=5.404E-04 rmsd=6.142E+00 s=[ 0 0 0 0 0 1 1 1 1 1 1 1 1 1 1 0 0 0 0 0 1 1 0 1 1 1 1 1 1 1 1 1 1 1 1 0 ]
d13=9.465160727618 eijMax=5.404E-04 rmsd=6.142E+00 s=[ 0 0 0 1 1 0 0 0 0 0 0 0 0 0 0 1 1 1 1 1 0 0 1 0 0 0 0 0 0 0 0 0 0 0 0 1 ]
d13=9.465628703754 eijMax=8.280E-04 rmsd=6.138E+00 s=[ 0 0 0 0 0 1 1 1 1 1 1 1 1 1 1 0 0 0 0 0 1 1 0 1 1 1 1 1 1 1 1 1 1 1 1 0 ]
d13=9.465628703754 eijMax=8.280E-04 rmsd=6.138E+00 s=[ 0 0 0 1 1 0 0 0 0 0 0 0 0 0 0 1 1 1 1 1 0 0 1 0 0 0 0 0 0 0 0 0 0 0 0 1 ]
d13=9.466096679890 eijMax=1.114E-03 rmsd=6.133E+00 s=[ 0 0 0 0 0 1 1 1 1 1 1 1 1 1 1 0 0 0 0 0 1 1 0 1 1 1 1 1 1 1 1 1 1 1 1 0 ]
d13=9.466096679890 eijMax=1.114E-03 rmsd=6.133E+00 s=[ 0 0 0 1 1 0 0 0 0 0 0 0 0 0 0 1 1 1 1 1 0 0 1 0 0 0 0 0 0 0 0 0 0 0 0 1 ]
d13=9.466564656026 eijMax=1.400E-03 rmsd=6.128E+00 s=[ 0 0 0 0 0 1 1 1 1 1 1 1 1 1 1 0 0 0 0 0 1 1 0 1 1 1 1 1 1 1 1 1 1 1 1 0 ]
d13=9.466564656026 eijMax=1.400E-03 rmsd=6.128E+00 s=[ 0 0 0 1 1 0 0 0 0 0 0 0 0 0 0 1 1 1 1 1 0 0 1 0 0 0 0 0 0 0 0 0 0 0 0 1 ]
d13=9.467032632162 eijMax=1.684E-03 rmsd=6.123E+00 s=[ 0 0 0 0 0 1 1 1 1 1 1 1 1 1 1 0 0 0 0 0 1 1 0 1 1 1 1 1 1 1 1 1 1 1 1 0 ]
d13=9.467032632162 eijMax=1.684E-03 rmsd=6.123E+00 s=[ 0 0 0 1 1 0 0 0 0 0 0 0 0 0 0 1 1 1 1 1 0 0 1 0 0 0 0 0 0 0 0 0 0 0 0 1 ]
d13=9.467500608298 eijMax=1.967E-03 rmsd=6.119E+00 s=[ 0 0 0 0 0 1 1 1 1 1 1 1 1 1 1 0 0 0 0 0 1 1 0 1 1 1 1 1 1 1 1 1 1 1 1 0 ]
d13=9.467500608298 eijMax=1.967E-03 rmsd=6.119E+00 s=[ 0 0 0 1 1 0 0 0 0 0 0 0 0 0 0 1 1 1 1 1 0 0 1 0 0 0 0 0 0 0 0 0 0 0 0 1 ]
d13=9.467968584434 eijMax=2.249E-03 rmsd=6.114E+00 s=[ 0 0 0 0 0 1 1 1 1 1 1 1 1 1 1 0 0 0 0 0 1 1 0 1 1 1 1 1 1 1 1 1 1 1 1 0 ]
d13=9.467968584434 eijMax=2.249E-03 rmsd=6.114E+00 s=[ 0 0 0 1 1 0 0 0 0 0 0 0 0 0 0 1 1 1 1 1 0 0 1 0 0 0 0 0 0 0 0 0 0 0 0 1 ]
d13=9.468436560571 eijMax=2.529E-03 rmsd=6.109E+00 s=[ 0 0 0 0 0 1 1 1 1 1 1 1 1 1 1 0 0 0 0 0 1 1 0 1 1 1 1 1 1 1 1 1 1 1 1 0 ]
d13=9.468436560571 eijMax=2.529E-03 rmsd=6.109E+00 s=[ 0 0 0 1 1 0 0 0 0 0 0 0 0 0 0 1 1 1 1 1 0 0 1 0 0 0 0 0 0 0 0 0 0 0 0 1 ]
d13=9.468904536707 eijMax=2.809E-03 rmsd=6.104E+00 s=[ 0 0 0 0 0 1 1 1 1 1 1 1 1 1 1 0 0 0 0 0 1 1 0 1 1 1 1 1 1 1 1 1 1 1 1 0 ]
d13=9.468904536707 eijMax=2.809E-03 rmsd=6.104E+00 s=[ 0 0 0 1 1 0 0 0 0 0 0 0 0 0 0 1 1 1 1 1 0 0 1 0 0 0 0 0 0 0 0 0 0 0 0 1 ]
d13=9.469372512843 eijMax=3.087E-03 rmsd=6.100E+00 s=[ 0 0 0 0 0 1 1 1 1 1 1 1 1 1 1 0 0 0 0 0 1 1 0 1 1 1 1 1 1 1 1 1 1 1 1 0 ]
d13=9.469372512843 eijMax=3.087E-03 rmsd=6.100E+00 s=[ 0 0 0 1 1 0 0 0 0 0 0 0 0 0 0 1 1 1 1 1 0 0 1 0 0 0 0 0 0 0 0 0 0 0 0 1 ]
d13=9.469840488979 eijMax=3.364E-03 rmsd=6.095E+00 s=[ 0 0 0 0 0 1 1 1 1 1 1 1 1 1 1 0 0 0 0 0 1 1 0 1 1 1 1 1 1 1 1 1 1 1 1 0 ]
d13=9.469840488979 eijMax=3.364E-03 rmsd=6.095E+00 s=[ 0 0 0 1 1 0 0 0 0 0 0 0 0 0 0 1 1 1 1 1 0 0 1 0 0 0 0 0 0 0 0 0 0 0 0 1 ]
d13=9.470308465115 eijMax=3.640E-03 rmsd=6.090E+00 s=[ 0 0 0 0 0 1 1 1 1 1 1 1 1 1 1 0 0 0 0 0 1 1 0 1 1 1 1 1 1 1 1 1 1 1 1 0 ]
d13=9.470308465115 eijMax=3.640E-03 rmsd=6.090E+00 s=[ 0 0 0 1 1 0 0 0 0 0 0 0 0 0 0 1 1 1 1 1 0 0 1 0 0 0 0 0 0 0 0 0 0 0 0 1 ]
d13=9.470776441251 eijMax=3.915E-03 rmsd=6.086E+00 s=[ 0 0 0 0 0 1 1 1 1 1 1 1 1 1 1 0 0 0 0 0 1 1 0 1 1 1 1 1 1 1 1 1 1 1 1 0 ]
d13=9.470776441251 eijMax=3.915E-03 rmsd=6.086E+00 s=[ 0 0 0 1 1 0 0 0 0 0 0 0 0 0 0 1 1 1 1 1 0 0 1 0 0 0 0 0 0 0 0 0 0 0 0 1 ]
d13=9.471244417387 eijMax=4.188E-03 rmsd=6.081E+00 s=[ 0 0 0 0 0 1 1 1 1 1 1 1 1 1 1 0 0 0 0 0 1 1 0 1 1 1 1 1 1 1 1 1 1 1 1 0 ]
d13=9.471244417387 eijMax=4.188E-03 rmsd=6.081E+00 s=[ 0 0 0 1 1 0 0 0 0 0 0 0 0 0 0 1 1 1 1 1 0 0 1 0 0 0 0 0 0 0 0 0 0 0 0 1 ]
d13=9.471712393524 eijMax=4.460E-03 rmsd=6.076E+00 s=[ 0 0 0 0 0 1 1 1 1 1 1 1 1 1 1 0 0 0 0 0 1 1 0 1 1 1 1 1 1 1 1 1 1 1 1 0 ]
d13=9.471712393524 eijMax=4.460E-03 rmsd=6.076E+00 s=[ 0 0 0 1 1 0 0 0 0 0 0 0 0 0 0 1 1 1 1 1 0 0 1 0 0 0 0 0 0 0 0 0 0 0 0 1 ]
d13=9.472180369660 eijMax=4.731E-03 rmsd=6.072E+00 s=[ 0 0 0 0 0 1 1 1 1 1 1 1 1 1 1 0 0 0 0 0 1 1 0 1 1 1 1 1 1 1 1 1 1 1 1 0 ]
d13=9.472180369660 eijMax=4.731E-03 rmsd=6.072E+00 s=[ 0 0 0 1 1 0 0 0 0 0 0 0 0 0 0 1 1 1 1 1 0 0 1 0 0 0 0 0 0 0 0 0 0 0 0 1 ]
d13=9.472648345796 eijMax=5.001E-03 rmsd=6.067E+00 s=[ 0 0 0 0 0 1 1 1 1 1 1 1 1 1 1 0 0 0 0 0 1 1 0 1 1 1 1 1 1 1 1 1 1 1 1 0 ]
d13=9.472648345796 eijMax=5.001E-03 rmsd=6.067E+00 s=[ 0 0 0 1 1 0 0 0 0 0 0 0 0 0 0 1 1 1 1 1 0 0 1 0 0 0 0 0 0 0 0 0 0 0 0 1 ]
d13=9.473116321932 eijMax=5.269E-03 rmsd=6.063E+00 s=[ 0 0 0 0 0 1 1 1 1 1 1 1 1 1 1 0 0 0 0 0 1 1 0 1 1 1 1 1 1 1 1 1 1 1 1 0 ]
d13=9.473116321932 eijMax=5.269E-03 rmsd=6.063E+00 s=[ 0 0 0 1 1 0 0 0 0 0 0 0 0 0 0 1 1 1 1 1 0 0 1 0 0 0 0 0 0 0 0 0 0 0 0 1 ]
d13=9.473584298068 eijMax=5.536E-03 rmsd=6.058E+00 s=[ 0 0 0 0 0 1 1 1 1 1 1 1 1 1 1 0 0 0 0 0 1 1 0 1 1 1 1 1 1 1 1 1 1 1 1 0 ]
d13=9.473584298068 eijMax=5.536E-03 rmsd=6.058E+00 s=[ 0 0 0 1 1 0 0 0 0 0 0 0 0 0 0 1 1 1 1 1 0 0 1 0 0 0 0 0 0 0 0 0 0 0 0 1 ]
d13=9.474052274204 eijMax=5.802E-03 rmsd=6.054E+00 s=[ 0 0 0 0 0 1 1 1 1 1 1 1 1 1 1 0 0 0 0 0 1 1 0 1 1 1 1 1 1 1 1 1 1 1 1 0 ]
d13=9.474052274204 eijMax=5.802E-03 rmsd=6.054E+00 s=[ 0 0 0 1 1 0 0 0 0 0 0 0 0 0 0 1 1 1 1 1 0 0 1 0 0 0 0 0 0 0 0 0 0 0 0 1 ]
d13=9.474520250340 eijMax=6.067E-03 rmsd=6.049E+00 s=[ 0 0 0 0 0 1 1 1 1 1 1 1 1 1 1 0 0 0 0 0 1 1 0 1 1 1 1 1 1 1 1 1 1 1 1 0 ]
d13=9.474520250340 eijMax=6.067E-03 rmsd=6.049E+00 s=[ 0 0 0 1 1 0 0 0 0 0 0 0 0 0 0 1 1 1 1 1 0 0 1 0 0 0 0 0 0 0 0 0 0 0 0 1 ]
d13=9.474988226476 eijMax=6.330E-03 rmsd=6.045E+00 s=[ 0 0 0 0 0 1 1 1 1 1 1 1 1 1 1 0 0 0 0 0 1 1 0 1 1 1 1 1 1 1 1 1 1 1 1 0 ]
d13=9.474988226476 eijMax=6.330E-03 rmsd=6.045E+00 s=[ 0 0 0 1 1 0 0 0 0 0 0 0 0 0 0 1 1 1 1 1 0 0 1 0 0 0 0 0 0 0 0 0 0 0 0 1 ]
d13=9.475456202613 eijMax=6.592E-03 rmsd=6.040E+00 s=[ 0 0 0 0 0 1 1 1 1 1 1 1 1 1 1 0 0 0 0 0 1 1 0 1 1 1 1 1 1 1 1 1 1 1 1 0 ]
d13=9.475456202613 eijMax=6.592E-03 rmsd=6.040E+00 s=[ 0 0 0 1 1 0 0 0 0 0 0 0 0 0 0 1 1 1 1 1 0 0 1 0 0 0 0 0 0 0 0 0 0 0 0 1 ]
d13=9.475924178749 eijMax=6.853E-03 rmsd=6.036E+00 s=[ 0 0 0 0 0 1 1 1 1 1 1 1 1 1 1 0 0 0 0 0 1 1 0 1 1 1 1 1 1 1 1 1 1 1 1 0 ]
d13=9.475924178749 eijMax=6.853E-03 rmsd=6.036E+00 s=[ 0 0 0 1 1 0 0 0 0 0 0 0 0 0 0 1 1 1 1 1 0 0 1 0 0 0 0 0 0 0 0 0 0 0 0 1 ]
d13=9.476392154885 eijMax=7.112E-03 rmsd=6.031E+00 s=[ 0 0 0 0 0 1 1 1 1 1 1 1 1 1 1 0 0 0 0 0 1 1 0 1 1 1 1 1 1 1 1 1 1 1 1 0 ]
d13=9.476392154885 eijMax=7.112E-03 rmsd=6.031E+00 s=[ 0 0 0 1 1 0 0 0 0 0 0 0 0 0 0 1 1 1 1 1 0 0 1 0 0 0 0 0 0 0 0 0 0 0 0 1 ]
d13=9.476860131021 eijMax=7.370E-03 rmsd=6.027E+00 s=[ 0 0 0 0 0 1 1 1 1 1 1 1 1 1 1 0 0 0 0 0 1 1 0 1 1 1 1 1 1 1 1 1 1 1 1 0 ]
d13=9.476860131021 eijMax=7.370E-03 rmsd=6.027E+00 s=[ 0 0 0 1 1 0 0 0 0 0 0 0 0 0 0 1 1 1 1 1 0 0 1 0 0 0 0 0 0 0 0 0 0 0 0 1 ]
d13=9.477328107157 eijMax=7.627E-03 rmsd=6.022E+00 s=[ 0 0 0 0 0 1 1 1 1 1 1 1 1 1 1 0 0 0 0 0 1 1 0 1 1 1 1 1 1 1 1 1 1 1 1 0 ]
d13=9.477328107157 eijMax=7.627E-03 rmsd=6.022E+00 s=[ 0 0 0 1 1 0 0 0 0 0 0 0 0 0 0 1 1 1 1 1 0 0 1 0 0 0 0 0 0 0 0 0 0 0 0 1 ]
d13=9.477796083293 eijMax=7.883E-03 rmsd=6.018E+00 s=[ 0 0 0 0 0 1 1 1 1 1 1 1 1 1 1 0 0 0 0 0 1 1 0 1 1 1 1 1 1 1 1 1 1 1 1 0 ]
d13=9.477796083293 eijMax=7.883E-03 rmsd=6.018E+00 s=[ 0 0 0 1 1 0 0 0 0 0 0 0 0 0 0 1 1 1 1 1 0 0 1 0 0 0 0 0 0 0 0 0 0 0 0 1 ]
d13=9.478264059429 eijMax=8.137E-03 rmsd=6.013E+00 s=[ 0 0 0 0 0 1 1 1 1 1 1 1 1 1 1 0 0 0 0 0 1 1 0 1 1 1 1 1 1 1 1 1 1 1 1 0 ]
d13=9.478264059429 eijMax=8.137E-03 rmsd=6.013E+00 s=[ 0 0 0 1 1 0 0 0 0 0 0 0 0 0 0 1 1 1 1 1 0 0 1 0 0 0 0 0 0 0 0 0 0 0 0 1 ]
d13=9.478732035566 eijMax=8.390E-03 rmsd=6.009E+00 s=[ 0 0 0 0 0 1 1 1 1 1 1 1 1 1 1 0 0 0 0 0 1 1 0 1 1 1 1 1 1 1 1 1 1 1 1 0 ]
d13=9.478732035566 eijMax=8.390E-03 rmsd=6.009E+00 s=[ 0 0 0 1 1 0 0 0 0 0 0 0 0 0 0 1 1 1 1 1 0 0 1 0 0 0 0 0 0 0 0 0 0 0 0 1 ]
d13=9.479200011702 eijMax=8.641E-03 rmsd=6.005E+00 s=[ 0 0 0 0 0 1 1 1 1 1 1 1 1 1 1 0 0 0 0 0 1 1 0 1 1 1 1 1 1 1 1 1 1 1 1 0 ]
d13=9.479200011702 eijMax=8.641E-03 rmsd=6.005E+00 s=[ 0 0 0 1 1 0 0 0 0 0 0 0 0 0 0 1 1 1 1 1 0 0 1 0 0 0 0 0 0 0 0 0 0 0 0 1 ]
d13=9.479667987838 eijMax=8.891E-03 rmsd=6.000E+00 s=[ 0 0 0 0 0 1 1 1 1 1 1 1 1 1 1 0 0 0 0 0 1 1 0 1 1 1 1 1 1 1 1 1 1 1 1 0 ]
d13=9.479667987838 eijMax=8.891E-03 rmsd=6.000E+00 s=[ 0 0 0 1 1 0 0 0 0 0 0 0 0 0 0 1 1 1 1 1 0 0 1 0 0 0 0 0 0 0 0 0 0 0 0 1 ]
d13=9.480135963974 eijMax=9.140E-03 rmsd=5.996E+00 s=[ 0 0 0 0 0 1 1 1 1 1 1 1 1 1 1 0 0 0 0 0 1 1 0 1 1 1 1 1 1 1 1 1 1 1 1 0 ]
d13=9.480135963974 eijMax=9.140E-03 rmsd=5.996E+00 s=[ 0 0 0 1 1 0 0 0 0 0 0 0 0 0 0 1 1 1 1 1 0 0 1 0 0 0 0 0 0 0 0 0 0 0 0 1 ]
d13=9.480603940110 eijMax=9.388E-03 rmsd=5.991E+00 s=[ 0 0 0 0 0 1 1 1 1 1 1 1 1 1 1 0 0 0 0 0 1 1 0 1 1 1 1 1 1 1 1 1 1 1 1 0 ]
d13=9.480603940110 eijMax=9.388E-03 rmsd=5.991E+00 s=[ 0 0 0 1 1 0 0 0 0 0 0 0 0 0 0 1 1 1 1 1 0 0 1 0 0 0 0 0 0 0 0 0 0 0 0 1 ]
d13=9.481071916246 eijMax=9.634E-03 rmsd=5.987E+00 s=[ 0 0 0 0 0 1 1 1 1 1 1 1 1 1 1 0 0 0 0 0 1 1 0 1 1 1 1 1 1 1 1 1 1 1 1 0 ]
d13=9.481071916246 eijMax=9.634E-03 rmsd=5.987E+00 s=[ 0 0 0 1 1 0 0 0 0 0 0 0 0 0 0 1 1 1 1 1 0 0 1 0 0 0 0 0 0 0 0 0 0 0 0 1 ]
d13=9.481539892382 eijMax=9.878E-03 rmsd=5.983E+00 s=[ 0 0 0 0 0 1 1 1 1 1 1 1 1 1 1 0 0 0 0 0 1 1 0 1 1 1 1 1 1 1 1 1 1 1 1 0 ]
d13=9.481539892382 eijMax=9.878E-03 rmsd=5.983E+00 s=[ 0 0 0 1 1 0 0 0 0 0 0 0 0 0 0 1 1 1 1 1 0 0 1 0 0 0 0 0 0 0 0 0 0 0 0 1 ]
d13=9.485751677608 eijMax=5.102E-03 rmsd=1.131E+01 s=[ 0 0 0 0 0 0 0 0 0 0 0 0 1 1 1 0 0 0 0 0 0 0 1 0 0 0 0 0 0 0 0 0 0 0 0 1 ]
d13=9.485751677608 eijMax=5.102E-03 rmsd=1.131E+01 s=[ 0 0 0 1 1 1 1 1 1 1 1 1 0 0 0 1 1 1 1 1 1 1 0 1 1 1 1 1 1 1 1 1 1 1 1 0 ]
d13=9.518510007137 eijMax=9.812E-03 rmsd=1.206E+01 s=[ 0 0 0 0 1 1 1 1 1 1 1 1 0 1 1 0 0 0 0 0 0 0 1 0 0 0 0 0 0 0 0 0 0 0 0 1 ]
d13=9.518510007137 eijMax=9.812E-03 rmsd=1.206E+01 s=[ 0 0 0 1 0 0 0 0 0 0 0 0 1 0 0 1 1 1 1 1 1 1 0 1 1 1 1 1 1 1 1 1 1 1 1 0 ]
d13=9.518977983273 eijMax=9.448E-03 rmsd=1.206E+01 s=[ 0 0 0 0 1 1 1 1 1 1 1 1 0 1 1 0 0 0 0 0 0 0 1 0 0 0 0 0 0 0 0 0 0 0 0 1 ]
d13=9.518977983273 eijMax=9.448E-03 rmsd=1.206E+01 s=[ 0 0 0 1 0 0 0 0 0 0 0 0 1 0 0 1 1 1 1 1 1 1 0 1 1 1 1 1 1 1 1 1 1 1 1 0 ]
d13=9.519445959409 eijMax=9.082E-03 rmsd=1.206E+01 s=[ 0 0 0 0 1 1 1 1 1 1 1 1 0 1 1 0 0 0 0 0 0 0 1 0 0 0 0 0 0 0 0 0 0 0 0 1 ]
d13=9.519445959409 eijMax=9.082E-03 rmsd=1.206E+01 s=[ 0 0 0 1 0 0 0 0 0 0 0 0 1 0 0 1 1 1 1 1 1 1 0 1 1 1 1 1 1 1 1 1 1 1 1 0 ]
d13=9.519913935546 eijMax=8.714E-03 rmsd=1.206E+01 s=[ 0 0 0 0 1 1 1 1 1 1 1 1 0 1 1 0 0 0 0 0 0 0 1 0 0 0 0 0 0 0 0 0 0 0 0 1 ]
d13=9.519913935546 eijMax=8.714E-03 rmsd=1.206E+01 s=[ 0 0 0 1 0 0 0 0 0 0 0 0 1 0 0 1 1 1 1 1 1 1 0 1 1 1 1 1 1 1 1 1 1 1 1 0 ]
d13=9.520381911682 eijMax=8.343E-03 rmsd=1.206E+01 s=[ 0 0 0 0 1 1 1 1 1 1 1 1 0 1 1 0 0 0 0 0 0 0 1 0 0 0 0 0 0 0 0 0 0 0 0 1 ]
d13=9.520381911682 eijMax=8.343E-03 rmsd=1.206E+01 s=[ 0 0 0 1 0 0 0 0 0 0 0 0 1 0 0 1 1 1 1 1 1 1 0 1 1 1 1 1 1 1 1 1 1 1 1 0 ]
d13=9.520849887818 eijMax=7.971E-03 rmsd=1.206E+01 s=[ 0 0 0 0 1 1 1 1 1 1 1 1 0 1 1 0 0 0 0 0 0 0 1 0 0 0 0 0 0 0 0 0 0 0 0 1 ]
d13=9.520849887818 eijMax=7.971E-03 rmsd=1.206E+01 s=[ 0 0 0 1 0 0 0 0 0 0 0 0 1 0 0 1 1 1 1 1 1 1 0 1 1 1 1 1 1 1 1 1 1 1 1 0 ]
d13=9.521317863954 eijMax=7.596E-03 rmsd=1.206E+01 s=[ 0 0 0 0 1 1 1 1 1 1 1 1 0 1 1 0 0 0 0 0 0 0 1 0 0 0 0 0 0 0 0 0 0 0 0 1 ]
d13=9.521317863954 eijMax=7.596E-03 rmsd=1.206E+01 s=[ 0 0 0 1 0 0 0 0 0 0 0 0 1 0 0 1 1 1 1 1 1 1 0 1 1 1 1 1 1 1 1 1 1 1 1 0 ]
d13=9.521785840090 eijMax=7.220E-03 rmsd=1.205E+01 s=[ 0 0 0 0 1 1 1 1 1 1 1 1 0 1 1 0 0 0 0 0 0 0 1 0 0 0 0 0 0 0 0 0 0 0 0 1 ]
d13=9.521785840090 eijMax=7.220E-03 rmsd=1.205E+01 s=[ 0 0 0 1 0 0 0 0 0 0 0 0 1 0 0 1 1 1 1 1 1 1 0 1 1 1 1 1 1 1 1 1 1 1 1 0 ]
d13=9.522253816226 eijMax=6.841E-03 rmsd=1.205E+01 s=[ 0 0 0 0 1 1 1 1 1 1 1 1 0 1 1 0 0 0 0 0 0 0 1 0 0 0 0 0 0 0 0 0 0 0 0 1 ]
d13=9.522253816226 eijMax=6.841E-03 rmsd=1.205E+01 s=[ 0 0 0 1 0 0 0 0 0 0 0 0 1 0 0 1 1 1 1 1 1 1 0 1 1 1 1 1 1 1 1 1 1 1 1 0 ]
d13=9.522721792362 eijMax=6.460E-03 rmsd=1.205E+01 s=[ 0 0 0 0 1 1 1 1 1 1 1 1 0 1 1 0 0 0 0 0 0 0 1 0 0 0 0 0 0 0 0 0 0 0 0 1 ]
d13=9.522721792362 eijMax=6.460E-03 rmsd=1.205E+01 s=[ 0 0 0 1 0 0 0 0 0 0 0 0 1 0 0 1 1 1 1 1 1 1 0 1 1 1 1 1 1 1 1 1 1 1 1 0 ]
d13=9.523189768498 eijMax=6.077E-03 rmsd=1.205E+01 s=[ 0 0 0 0 1 1 1 1 1 1 1 1 0 1 1 0 0 0 0 0 0 0 1 0 0 0 0 0 0 0 0 0 0 0 0 1 ]
d13=9.523189768498 eijMax=6.077E-03 rmsd=1.205E+01 s=[ 0 0 0 1 0 0 0 0 0 0 0 0 1 0 0 1 1 1 1 1 1 1 0 1 1 1 1 1 1 1 1 1 1 1 1 0 ]
d13=9.523657744635 eijMax=5.692E-03 rmsd=1.205E+01 s=[ 0 0 0 0 1 1 1 1 1 1 1 1 0 1 1 0 0 0 0 0 0 0 1 0 0 0 0 0 0 0 0 0 0 0 0 1 ]
d13=9.523657744635 eijMax=5.692E-03 rmsd=1.205E+01 s=[ 0 0 0 1 0 0 0 0 0 0 0 0 1 0 0 1 1 1 1 1 1 1 0 1 1 1 1 1 1 1 1 1 1 1 1 0 ]
d13=9.524125720771 eijMax=5.305E-03 rmsd=1.205E+01 s=[ 0 0 0 0 1 1 1 1 1 1 1 1 0 1 1 0 0 0 0 0 0 0 1 0 0 0 0 0 0 0 0 0 0 0 0 1 ]
d13=9.524125720771 eijMax=5.305E-03 rmsd=1.205E+01 s=[ 0 0 0 1 0 0 0 0 0 0 0 0 1 0 0 1 1 1 1 1 1 1 0 1 1 1 1 1 1 1 1 1 1 1 1 0 ]
d13=9.524593696907 eijMax=4.916E-03 rmsd=1.205E+01 s=[ 0 0 0 0 1 1 1 1 1 1 1 1 0 1 1 0 0 0 0 0 0 0 1 0 0 0 0 0 0 0 0 0 0 0 0 1 ]
d13=9.524593696907 eijMax=4.916E-03 rmsd=1.205E+01 s=[ 0 0 0 1 0 0 0 0 0 0 0 0 1 0 0 1 1 1 1 1 1 1 0 1 1 1 1 1 1 1 1 1 1 1 1 0 ]
d13=9.525061673043 eijMax=4.524E-03 rmsd=1.205E+01 s=[ 0 0 0 0 1 1 1 1 1 1 1 1 0 1 1 0 0 0 0 0 0 0 1 0 0 0 0 0 0 0 0 0 0 0 0 1 ]
d13=9.525061673043 eijMax=4.524E-03 rmsd=1.205E+01 s=[ 0 0 0 1 0 0 0 0 0 0 0 0 1 0 0 1 1 1 1 1 1 1 0 1 1 1 1 1 1 1 1 1 1 1 1 0 ]
d13=9.525529649179 eijMax=4.131E-03 rmsd=1.205E+01 s=[ 0 0 0 0 1 1 1 1 1 1 1 1 0 1 1 0 0 0 0 0 0 0 1 0 0 0 0 0 0 0 0 0 0 0 0 1 ]
d13=9.525529649179 eijMax=4.131E-03 rmsd=1.205E+01 s=[ 0 0 0 1 0 0 0 0 0 0 0 0 1 0 0 1 1 1 1 1 1 1 0 1 1 1 1 1 1 1 1 1 1 1 1 0 ]
d13=9.525997625315 eijMax=3.735E-03 rmsd=1.204E+01 s=[ 0 0 0 0 1 1 1 1 1 1 1 1 0 1 1 0 0 0 0 0 0 0 1 0 0 0 0 0 0 0 0 0 0 0 0 1 ]
d13=9.525997625315 eijMax=3.735E-03 rmsd=1.204E+01 s=[ 0 0 0 1 0 0 0 0 0 0 0 0 1 0 0 1 1 1 1 1 1 1 0 1 1 1 1 1 1 1 1 1 1 1 1 0 ]
d13=9.526465601451 eijMax=3.338E-03 rmsd=1.204E+01 s=[ 0 0 0 0 1 1 1 1 1 1 1 1 0 1 1 0 0 0 0 0 0 0 1 0 0 0 0 0 0 0 0 0 0 0 0 1 ]
d13=9.526465601451 eijMax=3.338E-03 rmsd=1.204E+01 s=[ 0 0 0 1 0 0 0 0 0 0 0 0 1 0 0 1 1 1 1 1 1 1 0 1 1 1 1 1 1 1 1 1 1 1 1 0 ]
d13=9.526933577588 eijMax=2.938E-03 rmsd=1.204E+01 s=[ 0 0 0 0 1 1 1 1 1 1 1 1 0 1 1 0 0 0 0 0 0 0 1 0 0 0 0 0 0 0 0 0 0 0 0 1 ]
d13=9.526933577588 eijMax=2.938E-03 rmsd=1.204E+01 s=[ 0 0 0 1 0 0 0 0 0 0 0 0 1 0 0 1 1 1 1 1 1 1 0 1 1 1 1 1 1 1 1 1 1 1 1 0 ]
d13=9.527401553724 eijMax=2.537E-03 rmsd=1.204E+01 s=[ 0 0 0 0 1 1 1 1 1 1 1 1 0 1 1 0 0 0 0 0 0 0 1 0 0 0 0 0 0 0 0 0 0 0 0 1 ]
d13=9.527401553724 eijMax=2.537E-03 rmsd=1.204E+01 s=[ 0 0 0 1 0 0 0 0 0 0 0 0 1 0 0 1 1 1 1 1 1 1 0 1 1 1 1 1 1 1 1 1 1 1 1 0 ]
d13=9.527869529860 eijMax=2.133E-03 rmsd=1.204E+01 s=[ 0 0 0 0 1 1 1 1 1 1 1 1 0 1 1 0 0 0 0 0 0 0 1 0 0 0 0 0 0 0 0 0 0 0 0 1 ]
d13=9.527869529860 eijMax=2.133E-03 rmsd=1.204E+01 s=[ 0 0 0 1 0 0 0 0 0 0 0 0 1 0 0 1 1 1 1 1 1 1 0 1 1 1 1 1 1 1 1 1 1 1 1 0 ]
d13=9.528337505996 eijMax=1.727E-03 rmsd=1.204E+01 s=[ 0 0 0 0 1 1 1 1 1 1 1 1 0 1 1 0 0 0 0 0 0 0 1 0 0 0 0 0 0 0 0 0 0 0 0 1 ]
d13=9.528337505996 eijMax=1.727E-03 rmsd=1.204E+01 s=[ 0 0 0 1 0 0 0 0 0 0 0 0 1 0 0 1 1 1 1 1 1 1 0 1 1 1 1 1 1 1 1 1 1 1 1 0 ]
d13=9.528805482132 eijMax=1.319E-03 rmsd=1.204E+01 s=[ 0 0 0 0 1 1 1 1 1 1 1 1 0 1 1 0 0 0 0 0 0 0 1 0 0 0 0 0 0 0 0 0 0 0 0 1 ]
d13=9.528805482132 eijMax=1.319E-03 rmsd=1.204E+01 s=[ 0 0 0 1 0 0 0 0 0 0 0 0 1 0 0 1 1 1 1 1 1 1 0 1 1 1 1 1 1 1 1 1 1 1 1 0 ]
d13=9.529273458268 eijMax=9.091E-04 rmsd=1.204E+01 s=[ 0 0 0 0 1 1 1 1 1 1 1 1 0 1 1 0 0 0 0 0 0 0 1 0 0 0 0 0 0 0 0 0 0 0 0 1 ]
d13=9.529273458268 eijMax=9.091E-04 rmsd=1.204E+01 s=[ 0 0 0 1 0 0 0 0 0 0 0 0 1 0 0 1 1 1 1 1 1 1 0 1 1 1 1 1 1 1 1 1 1 1 1 0 ]
d13=9.529741434404 eijMax=4.970E-04 rmsd=1.203E+01 s=[ 0 0 0 0 1 1 1 1 1 1 1 1 0 1 1 0 0 0 0 0 0 0 1 0 0 0 0 0 0 0 0 0 0 0 0 1 ]
d13=9.529741434404 eijMax=4.970E-04 rmsd=1.203E+01 s=[ 0 0 0 1 0 0 0 0 0 0 0 0 1 0 0 1 1 1 1 1 1 1 0 1 1 1 1 1 1 1 1 1 1 1 1 0 ]
d13=9.530209410541 eijMax=8.295E-05 rmsd=1.203E+01 s=[ 0 0 0 0 1 1 1 1 1 1 1 1 0 1 1 0 0 0 0 0 0 0 1 0 0 0 0 0 0 0 0 0 0 0 0 1 ]
d13=9.530209410541 eijMax=8.295E-05 rmsd=1.203E+01 s=[ 0 0 0 1 0 0 0 0 0 0 0 0 1 0 0 1 1 1 1 1 1 1 0 1 1 1 1 1 1 1 1 1 1 1 1 0 ]
d13=9.530677386677 eijMax=3.332E-04 rmsd=1.203E+01 s=[ 0 0 0 0 1 1 1 1 1 1 1 1 0 1 1 0 0 0 0 0 0 0 1 0 0 0 0 0 0 0 0 0 0 0 0 1 ]
d13=9.530677386677 eijMax=3.332E-04 rmsd=1.203E+01 s=[ 0 0 0 1 0 0 0 0 0 0 0 0 1 0 0 1 1 1 1 1 1 1 0 1 1 1 1 1 1 1 1 1 1 1 1 0 ]
d13=9.531145362813 eijMax=7.514E-04 rmsd=1.203E+01 s=[ 0 0 0 0 1 1 1 1 1 1 1 1 0 1 1 0 0 0 0 0 0 0 1 0 0 0 0 0 0 0 0 0 0 0 0 1 ]
d13=9.531145362813 eijMax=7.514E-04 rmsd=1.203E+01 s=[ 0 0 0 1 0 0 0 0 0 0 0 0 1 0 0 1 1 1 1 1 1 1 0 1 1 1 1 1 1 1 1 1 1 1 1 0 ]
d13=9.531613338949 eijMax=1.172E-03 rmsd=1.203E+01 s=[ 0 0 0 0 1 1 1 1 1 1 1 1 0 1 1 0 0 0 0 0 0 0 1 0 0 0 0 0 0 0 0 0 0 0 0 1 ]
d13=9.531613338949 eijMax=1.172E-03 rmsd=1.203E+01 s=[ 0 0 0 1 0 0 0 0 0 0 0 0 1 0 0 1 1 1 1 1 1 1 0 1 1 1 1 1 1 1 1 1 1 1 1 0 ]
d13=9.532081315085 eijMax=1.594E-03 rmsd=1.203E+01 s=[ 0 0 0 0 1 1 1 1 1 1 1 1 0 1 1 0 0 0 0 0 0 0 1 0 0 0 0 0 0 0 0 0 0 0 0 1 ]
d13=9.532081315085 eijMax=1.594E-03 rmsd=1.203E+01 s=[ 0 0 0 1 0 0 0 0 0 0 0 0 1 0 0 1 1 1 1 1 1 1 0 1 1 1 1 1 1 1 1 1 1 1 1 0 ]
d13=9.532549291221 eijMax=2.018E-03 rmsd=1.203E+01 s=[ 0 0 0 0 1 1 1 1 1 1 1 1 0 1 1 0 0 0 0 0 0 0 1 0 0 0 0 0 0 0 0 0 0 0 0 1 ]
d13=9.532549291221 eijMax=2.018E-03 rmsd=1.203E+01 s=[ 0 0 0 1 0 0 0 0 0 0 0 0 1 0 0 1 1 1 1 1 1 1 0 1 1 1 1 1 1 1 1 1 1 1 1 0 ]
d13=9.533017267357 eijMax=2.445E-03 rmsd=1.203E+01 s=[ 0 0 0 0 1 1 1 1 1 1 1 1 0 1 1 0 0 0 0 0 0 0 1 0 0 0 0 0 0 0 0 0 0 0 0 1 ]
d13=9.533017267357 eijMax=2.445E-03 rmsd=1.203E+01 s=[ 0 0 0 1 0 0 0 0 0 0 0 0 1 0 0 1 1 1 1 1 1 1 0 1 1 1 1 1 1 1 1 1 1 1 1 0 ]
d13=9.533485243493 eijMax=2.873E-03 rmsd=1.203E+01 s=[ 0 0 0 0 1 1 1 1 1 1 1 1 0 1 1 0 0 0 0 0 0 0 1 0 0 0 0 0 0 0 0 0 0 0 0 1 ]
d13=9.533485243493 eijMax=2.873E-03 rmsd=1.203E+01 s=[ 0 0 0 1 0 0 0 0 0 0 0 0 1 0 0 1 1 1 1 1 1 1 0 1 1 1 1 1 1 1 1 1 1 1 1 0 ]
d13=9.533953219630 eijMax=3.304E-03 rmsd=1.202E+01 s=[ 0 0 0 0 1 1 1 1 1 1 1 1 0 1 1 0 0 0 0 0 0 0 1 0 0 0 0 0 0 0 0 0 0 0 0 1 ]
d13=9.533953219630 eijMax=3.304E-03 rmsd=1.202E+01 s=[ 0 0 0 1 0 0 0 0 0 0 0 0 1 0 0 1 1 1 1 1 1 1 0 1 1 1 1 1 1 1 1 1 1 1 1 0 ]
d13=9.534421195766 eijMax=3.736E-03 rmsd=1.202E+01 s=[ 0 0 0 0 1 1 1 1 1 1 1 1 0 1 1 0 0 0 0 0 0 0 1 0 0 0 0 0 0 0 0 0 0 0 0 1 ]
d13=9.534421195766 eijMax=3.736E-03 rmsd=1.202E+01 s=[ 0 0 0 1 0 0 0 0 0 0 0 0 1 0 0 1 1 1 1 1 1 1 0 1 1 1 1 1 1 1 1 1 1 1 1 0 ]
d13=9.534889171902 eijMax=4.171E-03 rmsd=1.202E+01 s=[ 0 0 0 0 1 1 1 1 1 1 1 1 0 1 1 0 0 0 0 0 0 0 1 0 0 0 0 0 0 0 0 0 0 0 0 1 ]
d13=9.534889171902 eijMax=4.171E-03 rmsd=1.202E+01 s=[ 0 0 0 1 0 0 0 0 0 0 0 0 1 0 0 1 1 1 1 1 1 1 0 1 1 1 1 1 1 1 1 1 1 1 1 0 ]
d13=9.535357148038 eijMax=4.607E-03 rmsd=1.202E+01 s=[ 0 0 0 0 1 1 1 1 1 1 1 1 0 1 1 0 0 0 0 0 0 0 1 0 0 0 0 0 0 0 0 0 0 0 0 1 ]
d13=9.535357148038 eijMax=4.607E-03 rmsd=1.202E+01 s=[ 0 0 0 1 0 0 0 0 0 0 0 0 1 0 0 1 1 1 1 1 1 1 0 1 1 1 1 1 1 1 1 1 1 1 1 0 ]
d13=9.535825124174 eijMax=5.046E-03 rmsd=1.202E+01 s=[ 0 0 0 0 1 1 1 1 1 1 1 1 0 1 1 0 0 0 0 0 0 0 1 0 0 0 0 0 0 0 0 0 0 0 0 1 ]
d13=9.535825124174 eijMax=5.046E-03 rmsd=1.202E+01 s=[ 0 0 0 1 0 0 0 0 0 0 0 0 1 0 0 1 1 1 1 1 1 1 0 1 1 1 1 1 1 1 1 1 1 1 1 0 ]
d13=9.536293100310 eijMax=5.486E-03 rmsd=1.202E+01 s=[ 0 0 0 0 1 1 1 1 1 1 1 1 0 1 1 0 0 0 0 0 0 0 1 0 0 0 0 0 0 0 0 0 0 0 0 1 ]
d13=9.536293100310 eijMax=5.486E-03 rmsd=1.202E+01 s=[ 0 0 0 1 0 0 0 0 0 0 0 0 1 0 0 1 1 1 1 1 1 1 0 1 1 1 1 1 1 1 1 1 1 1 1 0 ]
d13=9.536761076446 eijMax=5.929E-03 rmsd=1.202E+01 s=[ 0 0 0 0 1 1 1 1 1 1 1 1 0 1 1 0 0 0 0 0 0 0 1 0 0 0 0 0 0 0 0 0 0 0 0 1 ]
d13=9.536761076446 eijMax=5.929E-03 rmsd=1.202E+01 s=[ 0 0 0 1 0 0 0 0 0 0 0 0 1 0 0 1 1 1 1 1 1 1 0 1 1 1 1 1 1 1 1 1 1 1 1 0 ]
d13=9.537229052583 eijMax=6.374E-03 rmsd=1.202E+01 s=[ 0 0 0 0 1 1 1 1 1 1 1 1 0 1 1 0 0 0 0 0 0 0 1 0 0 0 0 0 0 0 0 0 0 0 0 1 ]
d13=9.537229052583 eijMax=6.374E-03 rmsd=1.202E+01 s=[ 0 0 0 1 0 0 0 0 0 0 0 0 1 0 0 1 1 1 1 1 1 1 0 1 1 1 1 1 1 1 1 1 1 1 1 0 ]
d13=9.537697028719 eijMax=6.821E-03 rmsd=1.201E+01 s=[ 0 0 0 0 1 1 1 1 1 1 1 1 0 1 1 0 0 0 0 0 0 0 1 0 0 0 0 0 0 0 0 0 0 0 0 1 ]
d13=9.537697028719 eijMax=6.821E-03 rmsd=1.201E+01 s=[ 0 0 0 1 0 0 0 0 0 0 0 0 1 0 0 1 1 1 1 1 1 1 0 1 1 1 1 1 1 1 1 1 1 1 1 0 ]
d13=9.538165004855 eijMax=7.269E-03 rmsd=1.201E+01 s=[ 0 0 0 0 1 1 1 1 1 1 1 1 0 1 1 0 0 0 0 0 0 0 1 0 0 0 0 0 0 0 0 0 0 0 0 1 ]
d13=9.538165004855 eijMax=7.269E-03 rmsd=1.201E+01 s=[ 0 0 0 1 0 0 0 0 0 0 0 0 1 0 0 1 1 1 1 1 1 1 0 1 1 1 1 1 1 1 1 1 1 1 1 0 ]
d13=9.538632980991 eijMax=7.720E-03 rmsd=1.201E+01 s=[ 0 0 0 0 1 1 1 1 1 1 1 1 0 1 1 0 0 0 0 0 0 0 1 0 0 0 0 0 0 0 0 0 0 0 0 1 ]
d13=9.538632980991 eijMax=7.720E-03 rmsd=1.201E+01 s=[ 0 0 0 1 0 0 0 0 0 0 0 0 1 0 0 1 1 1 1 1 1 1 0 1 1 1 1 1 1 1 1 1 1 1 1 0 ]
d13=9.539100957127 eijMax=8.173E-03 rmsd=1.201E+01 s=[ 0 0 0 0 1 1 1 1 1 1 1 1 0 1 1 0 0 0 0 0 0 0 1 0 0 0 0 0 0 0 0 0 0 0 0 1 ]
d13=9.539100957127 eijMax=8.173E-03 rmsd=1.201E+01 s=[ 0 0 0 1 0 0 0 0 0 0 0 0 1 0 0 1 1 1 1 1 1 1 0 1 1 1 1 1 1 1 1 1 1 1 1 0 ]
d13=9.539568933263 eijMax=8.628E-03 rmsd=1.201E+01 s=[ 0 0 0 0 1 1 1 1 1 1 1 1 0 1 1 0 0 0 0 0 0 0 1 0 0 0 0 0 0 0 0 0 0 0 0 1 ]
d13=9.539568933263 eijMax=8.628E-03 rmsd=1.201E+01 s=[ 0 0 0 1 0 0 0 0 0 0 0 0 1 0 0 1 1 1 1 1 1 1 0 1 1 1 1 1 1 1 1 1 1 1 1 0 ]
d13=9.540036909399 eijMax=9.085E-03 rmsd=1.201E+01 s=[ 0 0 0 0 1 1 1 1 1 1 1 1 0 1 1 0 0 0 0 0 0 0 1 0 0 0 0 0 0 0 0 0 0 0 0 1 ]
d13=9.540036909399 eijMax=9.085E-03 rmsd=1.201E+01 s=[ 0 0 0 1 0 0 0 0 0 0 0 0 1 0 0 1 1 1 1 1 1 1 0 1 1 1 1 1 1 1 1 1 1 1 1 0 ]
d13=9.540504885536 eijMax=9.543E-03 rmsd=1.201E+01 s=[ 0 0 0 0 1 1 1 1 1 1 1 1 0 1 1 0 0 0 0 0 0 0 1 0 0 0 0 0 0 0 0 0 0 0 0 1 ]
d13=9.540504885536 eijMax=9.543E-03 rmsd=1.201E+01 s=[ 0 0 0 1 0 0 0 0 0 0 0 0 1 0 0 1 1 1 1 1 1 1 0 1 1 1 1 1 1 1 1 1 1 1 1 0 ]
d13=9.542844766216 eijMax=9.602E-03 rmsd=5.449E+00 s=[ 0 0 0 0 1 1 1 1 1 1 1 1 1 0 0 1 1 1 1 1 0 1 0 1 1 1 1 1 1 1 1 1 1 1 1 0 ]
d13=9.542844766216 eijMax=9.602E-03 rmsd=5.449E+00 s=[ 0 0 0 1 0 0 0 0 0 0 0 0 0 1 1 0 0 0 0 0 1 0 1 0 0 0 0 0 0 0 0 0 0 0 0 1 ]
d13=9.543312742352 eijMax=9.204E-03 rmsd=5.446E+00 s=[ 0 0 0 0 1 1 1 1 1 1 1 1 1 0 0 1 1 1 1 1 0 1 0 1 1 1 1 1 1 1 1 1 1 1 1 0 ]
d13=9.543312742352 eijMax=9.204E-03 rmsd=5.446E+00 s=[ 0 0 0 1 0 0 0 0 0 0 0 0 0 1 1 0 0 0 0 0 1 0 1 0 0 0 0 0 0 0 0 0 0 0 0 1 ]
d13=9.543780718488 eijMax=8.808E-03 rmsd=5.442E+00 s=[ 0 0 0 0 1 1 1 1 1 1 1 1 1 0 0 1 1 1 1 1 0 1 0 1 1 1 1 1 1 1 1 1 1 1 1 0 ]
d13=9.543780718488 eijMax=8.808E-03 rmsd=5.442E+00 s=[ 0 0 0 1 0 0 0 0 0 0 0 0 0 1 1 0 0 0 0 0 1 0 1 0 0 0 0 0 0 0 0 0 0 0 0 1 ]
d13=9.544248694625 eijMax=8.414E-03 rmsd=5.439E+00 s=[ 0 0 0 0 1 1 1 1 1 1 1 1 1 0 0 1 1 1 1 1 0 1 0 1 1 1 1 1 1 1 1 1 1 1 1 0 ]
d13=9.544248694625 eijMax=8.414E-03 rmsd=5.439E+00 s=[ 0 0 0 1 0 0 0 0 0 0 0 0 0 1 1 0 0 0 0 0 1 0 1 0 0 0 0 0 0 0 0 0 0 0 0 1 ]
d13=9.544716670761 eijMax=8.021E-03 rmsd=5.436E+00 s=[ 0 0 0 0 1 1 1 1 1 1 1 1 1 0 0 1 1 1 1 1 0 1 0 1 1 1 1 1 1 1 1 1 1 1 1 0 ]
d13=9.544716670761 eijMax=8.021E-03 rmsd=5.436E+00 s=[ 0 0 0 1 0 0 0 0 0 0 0 0 0 1 1 0 0 0 0 0 1 0 1 0 0 0 0 0 0 0 0 0 0 0 0 1 ]
d13=9.545184646897 eijMax=7.630E-03 rmsd=5.432E+00 s=[ 0 0 0 0 1 1 1 1 1 1 1 1 1 0 0 1 1 1 1 1 0 1 0 1 1 1 1 1 1 1 1 1 1 1 1 0 ]
d13=9.545184646897 eijMax=7.630E-03 rmsd=5.432E+00 s=[ 0 0 0 1 0 0 0 0 0 0 0 0 0 1 1 0 0 0 0 0 1 0 1 0 0 0 0 0 0 0 0 0 0 0 0 1 ]
d13=9.545652623033 eijMax=7.241E-03 rmsd=5.429E+00 s=[ 0 0 0 0 1 1 1 1 1 1 1 1 1 0 0 1 1 1 1 1 0 1 0 1 1 1 1 1 1 1 1 1 1 1 1 0 ]
d13=9.545652623033 eijMax=7.241E-03 rmsd=5.429E+00 s=[ 0 0 0 1 0 0 0 0 0 0 0 0 0 1 1 0 0 0 0 0 1 0 1 0 0 0 0 0 0 0 0 0 0 0 0 1 ]
d13=9.546120599169 eijMax=6.853E-03 rmsd=5.426E+00 s=[ 0 0 0 0 1 1 1 1 1 1 1 1 1 0 0 1 1 1 1 1 0 1 0 1 1 1 1 1 1 1 1 1 1 1 1 0 ]
d13=9.546120599169 eijMax=6.853E-03 rmsd=5.426E+00 s=[ 0 0 0 1 0 0 0 0 0 0 0 0 0 1 1 0 0 0 0 0 1 0 1 0 0 0 0 0 0 0 0 0 0 0 0 1 ]
d13=9.546588575305 eijMax=6.467E-03 rmsd=5.422E+00 s=[ 0 0 0 0 1 1 1 1 1 1 1 1 1 0 0 1 1 1 1 1 0 1 0 1 1 1 1 1 1 1 1 1 1 1 1 0 ]
d13=9.546588575305 eijMax=6.467E-03 rmsd=5.422E+00 s=[ 0 0 0 1 0 0 0 0 0 0 0 0 0 1 1 0 0 0 0 0 1 0 1 0 0 0 0 0 0 0 0 0 0 0 0 1 ]
d13=9.547056551441 eijMax=6.083E-03 rmsd=5.419E+00 s=[ 0 0 0 0 1 1 1 1 1 1 1 1 1 0 0 1 1 1 1 1 0 1 0 1 1 1 1 1 1 1 1 1 1 1 1 0 ]
d13=9.547056551441 eijMax=6.083E-03 rmsd=5.419E+00 s=[ 0 0 0 1 0 0 0 0 0 0 0 0 0 1 1 0 0 0 0 0 1 0 1 0 0 0 0 0 0 0 0 0 0 0 0 1 ]
d13=9.547524527578 eijMax=5.701E-03 rmsd=5.416E+00 s=[ 0 0 0 0 1 1 1 1 1 1 1 1 1 0 0 1 1 1 1 1 0 1 0 1 1 1 1 1 1 1 1 1 1 1 1 0 ]
d13=9.547524527578 eijMax=5.701E-03 rmsd=5.416E+00 s=[ 0 0 0 1 0 0 0 0 0 0 0 0 0 1 1 0 0 0 0 0 1 0 1 0 0 0 0 0 0 0 0 0 0 0 0 1 ]
d13=9.547992503714 eijMax=5.320E-03 rmsd=5.412E+00 s=[ 0 0 0 0 1 1 1 1 1 1 1 1 1 0 0 1 1 1 1 1 0 1 0 1 1 1 1 1 1 1 1 1 1 1 1 0 ]
d13=9.547992503714 eijMax=5.320E-03 rmsd=5.412E+00 s=[ 0 0 0 1 0 0 0 0 0 0 0 0 0 1 1 0 0 0 0 0 1 0 1 0 0 0 0 0 0 0 0 0 0 0 0 1 ]
d13=9.548460479850 eijMax=4.941E-03 rmsd=5.409E+00 s=[ 0 0 0 0 1 1 1 1 1 1 1 1 1 0 0 1 1 1 1 1 0 1 0 1 1 1 1 1 1 1 1 1 1 1 1 0 ]
d13=9.548460479850 eijMax=4.941E-03 rmsd=5.409E+00 s=[ 0 0 0 1 0 0 0 0 0 0 0 0 0 1 1 0 0 0 0 0 1 0 1 0 0 0 0 0 0 0 0 0 0 0 0 1 ]
d13=9.548928455986 eijMax=4.564E-03 rmsd=5.406E+00 s=[ 0 0 0 0 1 1 1 1 1 1 1 1 1 0 0 1 1 1 1 1 0 1 0 1 1 1 1 1 1 1 1 1 1 1 1 0 ]
d13=9.548928455986 eijMax=4.564E-03 rmsd=5.406E+00 s=[ 0 0 0 1 0 0 0 0 0 0 0 0 0 1 1 0 0 0 0 0 1 0 1 0 0 0 0 0 0 0 0 0 0 0 0 1 ]
d13=9.549396432122 eijMax=4.188E-03 rmsd=5.402E+00 s=[ 0 0 0 0 1 1 1 1 1 1 1 1 1 0 0 1 1 1 1 1 0 1 0 1 1 1 1 1 1 1 1 1 1 1 1 0 ]
d13=9.549396432122 eijMax=4.188E-03 rmsd=5.402E+00 s=[ 0 0 0 1 0 0 0 0 0 0 0 0 0 1 1 0 0 0 0 0 1 0 1 0 0 0 0 0 0 0 0 0 0 0 0 1 ]
d13=9.549864408258 eijMax=3.814E-03 rmsd=5.399E+00 s=[ 0 0 0 0 1 1 1 1 1 1 1 1 1 0 0 1 1 1 1 1 0 1 0 1 1 1 1 1 1 1 1 1 1 1 1 0 ]
d13=9.549864408258 eijMax=3.814E-03 rmsd=5.399E+00 s=[ 0 0 0 1 0 0 0 0 0 0 0 0 0 1 1 0 0 0 0 0 1 0 1 0 0 0 0 0 0 0 0 0 0 0 0 1 ]
d13=9.550332384394 eijMax=3.442E-03 rmsd=5.395E+00 s=[ 0 0 0 0 1 1 1 1 1 1 1 1 1 0 0 1 1 1 1 1 0 1 0 1 1 1 1 1 1 1 1 1 1 1 1 0 ]
d13=9.550332384394 eijMax=3.442E-03 rmsd=5.395E+00 s=[ 0 0 0 1 0 0 0 0 0 0 0 0 0 1 1 0 0 0 0 0 1 0 1 0 0 0 0 0 0 0 0 0 0 0 0 1 ]
d13=9.550800360531 eijMax=9.360E-03 rmsd=1.091E+01 s=[ 0 0 0 0 0 0 0 0 0 0 0 0 1 0 0 1 1 1 1 1 1 1 0 1 1 1 1 1 1 1 1 1 1 1 1 0 ]
d13=9.550800360531 eijMax=3.071E-03 rmsd=5.392E+00 s=[ 0 0 0 0 1 1 1 1 1 1 1 1 1 0 0 1 1 1 1 1 0 1 0 1 1 1 1 1 1 1 1 1 1 1 1 0 ]
d13=9.550800360531 eijMax=3.071E-03 rmsd=5.392E+00 s=[ 0 0 0 1 0 0 0 0 0 0 0 0 0 1 1 0 0 0 0 0 1 0 1 0 0 0 0 0 0 0 0 0 0 0 0 1 ]
d13=9.550800360531 eijMax=9.360E-03 rmsd=1.091E+01 s=[ 0 0 0 1 1 1 1 1 1 1 1 1 0 1 1 0 0 0 0 0 0 0 1 0 0 0 0 0 0 0 0 0 0 0 0 1 ]
d13=9.551268336667 eijMax=8.057E-03 rmsd=1.090E+01 s=[ 0 0 0 0 0 0 0 0 0 0 0 0 1 0 0 1 1 1 1 1 1 1 0 1 1 1 1 1 1 1 1 1 1 1 1 0 ]
d13=9.551268336667 eijMax=2.702E-03 rmsd=5.389E+00 s=[ 0 0 0 0 1 1 1 1 1 1 1 1 1 0 0 1 1 1 1 1 0 1 0 1 1 1 1 1 1 1 1 1 1 1 1 0 ]
d13=9.551268336667 eijMax=2.702E-03 rmsd=5.389E+00 s=[ 0 0 0 1 0 0 0 0 0 0 0 0 0 1 1 0 0 0 0 0 1 0 1 0 0 0 0 0 0 0 0 0 0 0 0 1 ]
d13=9.551268336667 eijMax=8.057E-03 rmsd=1.090E+01 s=[ 0 0 0 1 1 1 1 1 1 1 1 1 0 1 1 0 0 0 0 0 0 0 1 0 0 0 0 0 0 0 0 0 0 0 0 1 ]
d13=9.551736312803 eijMax=6.735E-03 rmsd=1.089E+01 s=[ 0 0 0 0 0 0 0 0 0 0 0 0 1 0 0 1 1 1 1 1 1 1 0 1 1 1 1 1 1 1 1 1 1 1 1 0 ]
d13=9.551736312803 eijMax=2.335E-03 rmsd=5.385E+00 s=[ 0 0 0 0 1 1 1 1 1 1 1 1 1 0 0 1 1 1 1 1 0 1 0 1 1 1 1 1 1 1 1 1 1 1 1 0 ]
d13=9.551736312803 eijMax=2.335E-03 rmsd=5.385E+00 s=[ 0 0 0 1 0 0 0 0 0 0 0 0 0 1 1 0 0 0 0 0 1 0 1 0 0 0 0 0 0 0 0 0 0 0 0 1 ]
d13=9.551736312803 eijMax=6.735E-03 rmsd=1.089E+01 s=[ 0 0 0 1 1 1 1 1 1 1 1 1 0 1 1 0 0 0 0 0 0 0 1 0 0 0 0 0 0 0 0 0 0 0 0 1 ]
d13=9.552204288939 eijMax=5.392E-03 rmsd=1.088E+01 s=[ 0 0 0 0 0 0 0 0 0 0 0 0 1 0 0 1 1 1 1 1 1 1 0 1 1 1 1 1 1 1 1 1 1 1 1 0 ]
d13=9.552204288939 eijMax=1.969E-03 rmsd=5.382E+00 s=[ 0 0 0 0 1 1 1 1 1 1 1 1 1 0 0 1 1 1 1 1 0 1 0 1 1 1 1 1 1 1 1 1 1 1 1 0 ]
d13=9.552204288939 eijMax=1.969E-03 rmsd=5.382E+00 s=[ 0 0 0 1 0 0 0 0 0 0 0 0 0 1 1 0 0 0 0 0 1 0 1 0 0 0 0 0 0 0 0 0 0 0 0 1 ]
d13=9.552204288939 eijMax=5.392E-03 rmsd=1.088E+01 s=[ 0 0 0 1 1 1 1 1 1 1 1 1 0 1 1 0 0 0 0 0 0 0 1 0 0 0 0 0 0 0 0 0 0 0 0 1 ]
d13=9.552672265075 eijMax=4.031E-03 rmsd=1.087E+01 s=[ 0 0 0 0 0 0 0 0 0 0 0 0 1 0 0 1 1 1 1 1 1 1 0 1 1 1 1 1 1 1 1 1 1 1 1 0 ]
d13=9.552672265075 eijMax=1.606E-03 rmsd=5.378E+00 s=[ 0 0 0 0 1 1 1 1 1 1 1 1 1 0 0 1 1 1 1 1 0 1 0 1 1 1 1 1 1 1 1 1 1 1 1 0 ]
d13=9.552672265075 eijMax=1.606E-03 rmsd=5.378E+00 s=[ 0 0 0 1 0 0 0 0 0 0 0 0 0 1 1 0 0 0 0 0 1 0 1 0 0 0 0 0 0 0 0 0 0 0 0 1 ]
d13=9.552672265075 eijMax=4.031E-03 rmsd=1.087E+01 s=[ 0 0 0 1 1 1 1 1 1 1 1 1 0 1 1 0 0 0 0 0 0 0 1 0 0 0 0 0 0 0 0 0 0 0 0 1 ]
d13=9.553140241211 eijMax=2.650E-03 rmsd=1.087E+01 s=[ 0 0 0 0 0 0 0 0 0 0 0 0 1 0 0 1 1 1 1 1 1 1 0 1 1 1 1 1 1 1 1 1 1 1 1 0 ]
d13=9.553140241211 eijMax=1.243E-03 rmsd=5.375E+00 s=[ 0 0 0 0 1 1 1 1 1 1 1 1 1 0 0 1 1 1 1 1 0 1 0 1 1 1 1 1 1 1 1 1 1 1 1 0 ]
d13=9.553140241211 eijMax=1.243E-03 rmsd=5.375E+00 s=[ 0 0 0 1 0 0 0 0 0 0 0 0 0 1 1 0 0 0 0 0 1 0 1 0 0 0 0 0 0 0 0 0 0 0 0 1 ]
d13=9.553140241211 eijMax=2.650E-03 rmsd=1.087E+01 s=[ 0 0 0 1 1 1 1 1 1 1 1 1 0 1 1 0 0 0 0 0 0 0 1 0 0 0 0 0 0 0 0 0 0 0 0 1 ]
d13=9.553608217347 eijMax=1.252E-03 rmsd=1.086E+01 s=[ 0 0 0 0 0 0 0 0 0 0 0 0 1 0 0 1 1 1 1 1 1 1 0 1 1 1 1 1 1 1 1 1 1 1 1 0 ]
d13=9.553608217347 eijMax=8.829E-04 rmsd=5.372E+00 s=[ 0 0 0 0 1 1 1 1 1 1 1 1 1 0 0 1 1 1 1 1 0 1 0 1 1 1 1 1 1 1 1 1 1 1 1 0 ]
d13=9.553608217347 eijMax=8.829E-04 rmsd=5.372E+00 s=[ 0 0 0 1 0 0 0 0 0 0 0 0 0 1 1 0 0 0 0 0 1 0 1 0 0 0 0 0 0 0 0 0 0 0 0 1 ]
d13=9.553608217347 eijMax=1.252E-03 rmsd=1.086E+01 s=[ 0 0 0 1 1 1 1 1 1 1 1 1 0 1 1 0 0 0 0 0 0 0 1 0 0 0 0 0 0 0 0 0 0 0 0 1 ]
d13=9.554076193483 eijMax=1.639E-04 rmsd=1.085E+01 s=[ 0 0 0 0 0 0 0 0 0 0 0 0 1 0 0 1 1 1 1 1 1 1 0 1 1 1 1 1 1 1 1 1 1 1 1 0 ]
d13=9.554076193483 eijMax=5.240E-04 rmsd=5.368E+00 s=[ 0 0 0 0 1 1 1 1 1 1 1 1 1 0 0 1 1 1 1 1 0 1 0 1 1 1 1 1 1 1 1 1 1 1 1 0 ]
d13=9.554076193483 eijMax=5.240E-04 rmsd=5.368E+00 s=[ 0 0 0 1 0 0 0 0 0 0 0 0 0 1 1 0 0 0 0 0 1 0 1 0 0 0 0 0 0 0 0 0 0 0 0 1 ]
d13=9.554076193483 eijMax=1.639E-04 rmsd=1.085E+01 s=[ 0 0 0 1 1 1 1 1 1 1 1 1 0 1 1 0 0 0 0 0 0 0 1 0 0 0 0 0 0 0 0 0 0 0 0 1 ]
d13=9.554544169620 eijMax=1.597E-03 rmsd=1.084E+01 s=[ 0 0 0 0 0 0 0 0 0 0 0 0 1 0 0 1 1 1 1 1 1 1 0 1 1 1 1 1 1 1 1 1 1 1 1 0 ]
d13=9.554544169620 eijMax=1.668E-04 rmsd=5.365E+00 s=[ 0 0 0 0 1 1 1 1 1 1 1 1 1 0 0 1 1 1 1 1 0 1 0 1 1 1 1 1 1 1 1 1 1 1 1 0 ]
d13=9.554544169620 eijMax=1.668E-04 rmsd=5.365E+00 s=[ 0 0 0 1 0 0 0 0 0 0 0 0 0 1 1 0 0 0 0 0 1 0 1 0 0 0 0 0 0 0 0 0 0 0 0 1 ]
d13=9.554544169620 eijMax=1.597E-03 rmsd=1.084E+01 s=[ 0 0 0 1 1 1 1 1 1 1 1 1 0 1 1 0 0 0 0 0 0 0 1 0 0 0 0 0 0 0 0 0 0 0 0 1 ]
d13=9.555012145756 eijMax=3.047E-03 rmsd=1.084E+01 s=[ 0 0 0 0 0 0 0 0 0 0 0 0 1 0 0 1 1 1 1 1 1 1 0 1 1 1 1 1 1 1 1 1 1 1 1 0 ]
d13=9.555012145756 eijMax=1.887E-04 rmsd=5.361E+00 s=[ 0 0 0 0 1 1 1 1 1 1 1 1 1 0 0 1 1 1 1 1 0 1 0 1 1 1 1 1 1 1 1 1 1 1 1 0 ]
d13=9.555012145756 eijMax=1.887E-04 rmsd=5.361E+00 s=[ 0 0 0 1 0 0 0 0 0 0 0 0 0 1 1 0 0 0 0 0 1 0 1 0 0 0 0 0 0 0 0 0 0 0 0 1 ]
d13=9.555012145756 eijMax=3.047E-03 rmsd=1.084E+01 s=[ 0 0 0 1 1 1 1 1 1 1 1 1 0 1 1 0 0 0 0 0 0 0 1 0 0 0 0 0 0 0 0 0 0 0 0 1 ]
d13=9.555480121892 eijMax=4.513E-03 rmsd=1.083E+01 s=[ 0 0 0 0 0 0 0 0 0 0 0 0 1 0 0 1 1 1 1 1 1 1 0 1 1 1 1 1 1 1 1 1 1 1 1 0 ]
d13=9.555480121892 eijMax=5.426E-04 rmsd=5.358E+00 s=[ 0 0 0 0 1 1 1 1 1 1 1 1 1 0 0 1 1 1 1 1 0 1 0 1 1 1 1 1 1 1 1 1 1 1 1 0 ]
d13=9.555480121892 eijMax=5.426E-04 rmsd=5.358E+00 s=[ 0 0 0 1 0 0 0 0 0 0 0 0 0 1 1 0 0 0 0 0 1 0 1 0 0 0 0 0 0 0 0 0 0 0 0 1 ]
d13=9.555480121892 eijMax=4.513E-03 rmsd=1.083E+01 s=[ 0 0 0 1 1 1 1 1 1 1 1 1 0 1 1 0 0 0 0 0 0 0 1 0 0 0 0 0 0 0 0 0 0 0 0 1 ]
d13=9.555948098028 eijMax=5.995E-03 rmsd=1.082E+01 s=[ 0 0 0 0 0 0 0 0 0 0 0 0 1 0 0 1 1 1 1 1 1 1 0 1 1 1 1 1 1 1 1 1 1 1 1 0 ]
d13=9.555948098028 eijMax=8.948E-04 rmsd=5.354E+00 s=[ 0 0 0 0 1 1 1 1 1 1 1 1 1 0 0 1 1 1 1 1 0 1 0 1 1 1 1 1 1 1 1 1 1 1 1 0 ]
d13=9.555948098028 eijMax=8.948E-04 rmsd=5.354E+00 s=[ 0 0 0 1 0 0 0 0 0 0 0 0 0 1 1 0 0 0 0 0 1 0 1 0 0 0 0 0 0 0 0 0 0 0 0 1 ]
d13=9.555948098028 eijMax=5.995E-03 rmsd=1.082E+01 s=[ 0 0 0 1 1 1 1 1 1 1 1 1 0 1 1 0 0 0 0 0 0 0 1 0 0 0 0 0 0 0 0 0 0 0 0 1 ]
d13=9.556416074164 eijMax=7.491E-03 rmsd=1.082E+01 s=[ 0 0 0 0 0 0 0 0 0 0 0 0 1 0 0 1 1 1 1 1 1 1 0 1 1 1 1 1 1 1 1 1 1 1 1 0 ]
d13=9.556416074164 eijMax=1.245E-03 rmsd=5.351E+00 s=[ 0 0 0 0 1 1 1 1 1 1 1 1 1 0 0 1 1 1 1 1 0 1 0 1 1 1 1 1 1 1 1 1 1 1 1 0 ]
d13=9.556416074164 eijMax=1.245E-03 rmsd=5.351E+00 s=[ 0 0 0 1 0 0 0 0 0 0 0 0 0 1 1 0 0 0 0 0 1 0 1 0 0 0 0 0 0 0 0 0 0 0 0 1 ]
d13=9.556416074164 eijMax=7.491E-03 rmsd=1.082E+01 s=[ 0 0 0 1 1 1 1 1 1 1 1 1 0 1 1 0 0 0 0 0 0 0 1 0 0 0 0 0 0 0 0 0 0 0 0 1 ]
d13=9.556884050300 eijMax=9.003E-03 rmsd=1.081E+01 s=[ 0 0 0 0 0 0 0 0 0 0 0 0 1 0 0 1 1 1 1 1 1 1 0 1 1 1 1 1 1 1 1 1 1 1 1 0 ]
d13=9.556884050300 eijMax=1.594E-03 rmsd=5.348E+00 s=[ 0 0 0 0 1 1 1 1 1 1 1 1 1 0 0 1 1 1 1 1 0 1 0 1 1 1 1 1 1 1 1 1 1 1 1 0 ]
d13=9.556884050300 eijMax=1.594E-03 rmsd=5.348E+00 s=[ 0 0 0 1 0 0 0 0 0 0 0 0 0 1 1 0 0 0 0 0 1 0 1 0 0 0 0 0 0 0 0 0 0 0 0 1 ]
d13=9.556884050300 eijMax=9.003E-03 rmsd=1.081E+01 s=[ 0 0 0 1 1 1 1 1 1 1 1 1 0 1 1 0 0 0 0 0 0 0 1 0 0 0 0 0 0 0 0 0 0 0 0 1 ]
d13=9.557352026436 eijMax=1.942E-03 rmsd=5.344E+00 s=[ 0 0 0 0 1 1 1 1 1 1 1 1 1 0 0 1 1 1 1 1 0 1 0 1 1 1 1 1 1 1 1 1 1 1 1 0 ]
d13=9.557352026436 eijMax=1.942E-03 rmsd=5.344E+00 s=[ 0 0 0 1 0 0 0 0 0 0 0 0 0 1 1 0 0 0 0 0 1 0 1 0 0 0 0 0 0 0 0 0 0 0 0 1 ]
d13=9.557820002573 eijMax=2.287E-03 rmsd=5.341E+00 s=[ 0 0 0 0 1 1 1 1 1 1 1 1 1 0 0 1 1 1 1 1 0 1 0 1 1 1 1 1 1 1 1 1 1 1 1 0 ]
d13=9.557820002573 eijMax=2.287E-03 rmsd=5.341E+00 s=[ 0 0 0 1 0 0 0 0 0 0 0 0 0 1 1 0 0 0 0 0 1 0 1 0 0 0 0 0 0 0 0 0 0 0 0 1 ]
d13=9.558287978709 eijMax=2.631E-03 rmsd=5.337E+00 s=[ 0 0 0 0 1 1 1 1 1 1 1 1 1 0 0 1 1 1 1 1 0 1 0 1 1 1 1 1 1 1 1 1 1 1 1 0 ]
d13=9.558287978709 eijMax=2.631E-03 rmsd=5.337E+00 s=[ 0 0 0 1 0 0 0 0 0 0 0 0 0 1 1 0 0 0 0 0 1 0 1 0 0 0 0 0 0 0 0 0 0 0 0 1 ]
d13=9.558755954845 eijMax=2.974E-03 rmsd=5.334E+00 s=[ 0 0 0 0 1 1 1 1 1 1 1 1 1 0 0 1 1 1 1 1 0 1 0 1 1 1 1 1 1 1 1 1 1 1 1 0 ]
d13=9.558755954845 eijMax=2.974E-03 rmsd=5.334E+00 s=[ 0 0 0 1 0 0 0 0 0 0 0 0 0 1 1 0 0 0 0 0 1 0 1 0 0 0 0 0 0 0 0 0 0 0 0 1 ]
d13=9.559223930981 eijMax=3.314E-03 rmsd=5.330E+00 s=[ 0 0 0 0 1 1 1 1 1 1 1 1 1 0 0 1 1 1 1 1 0 1 0 1 1 1 1 1 1 1 1 1 1 1 1 0 ]
d13=9.559223930981 eijMax=3.314E-03 rmsd=5.330E+00 s=[ 0 0 0 1 0 0 0 0 0 0 0 0 0 1 1 0 0 0 0 0 1 0 1 0 0 0 0 0 0 0 0 0 0 0 0 1 ]
d13=9.559691907117 eijMax=3.653E-03 rmsd=5.327E+00 s=[ 0 0 0 0 1 1 1 1 1 1 1 1 1 0 0 1 1 1 1 1 0 1 0 1 1 1 1 1 1 1 1 1 1 1 1 0 ]
d13=9.559691907117 eijMax=3.653E-03 rmsd=5.327E+00 s=[ 0 0 0 1 0 0 0 0 0 0 0 0 0 1 1 0 0 0 0 0 1 0 1 0 0 0 0 0 0 0 0 0 0 0 0 1 ]
d13=9.560159883253 eijMax=3.991E-03 rmsd=5.323E+00 s=[ 0 0 0 0 1 1 1 1 1 1 1 1 1 0 0 1 1 1 1 1 0 1 0 1 1 1 1 1 1 1 1 1 1 1 1 0 ]
d13=9.560159883253 eijMax=3.991E-03 rmsd=5.323E+00 s=[ 0 0 0 1 0 0 0 0 0 0 0 0 0 1 1 0 0 0 0 0 1 0 1 0 0 0 0 0 0 0 0 0 0 0 0 1 ]
d13=9.560627859389 eijMax=4.326E-03 rmsd=5.320E+00 s=[ 0 0 0 0 1 1 1 1 1 1 1 1 1 0 0 1 1 1 1 1 0 1 0 1 1 1 1 1 1 1 1 1 1 1 1 0 ]
d13=9.560627859389 eijMax=4.326E-03 rmsd=5.320E+00 s=[ 0 0 0 1 0 0 0 0 0 0 0 0 0 1 1 0 0 0 0 0 1 0 1 0 0 0 0 0 0 0 0 0 0 0 0 1 ]
d13=9.561095835526 eijMax=4.661E-03 rmsd=5.316E+00 s=[ 0 0 0 0 1 1 1 1 1 1 1 1 1 0 0 1 1 1 1 1 0 1 0 1 1 1 1 1 1 1 1 1 1 1 1 0 ]
d13=9.561095835526 eijMax=4.661E-03 rmsd=5.316E+00 s=[ 0 0 0 1 0 0 0 0 0 0 0 0 0 1 1 0 0 0 0 0 1 0 1 0 0 0 0 0 0 0 0 0 0 0 0 1 ]
d13=9.561563811662 eijMax=4.993E-03 rmsd=5.313E+00 s=[ 0 0 0 0 1 1 1 1 1 1 1 1 1 0 0 1 1 1 1 1 0 1 0 1 1 1 1 1 1 1 1 1 1 1 1 0 ]
d13=9.561563811662 eijMax=4.993E-03 rmsd=5.313E+00 s=[ 0 0 0 1 0 0 0 0 0 0 0 0 0 1 1 0 0 0 0 0 1 0 1 0 0 0 0 0 0 0 0 0 0 0 0 1 ]
d13=9.562031787798 eijMax=5.324E-03 rmsd=5.309E+00 s=[ 0 0 0 0 1 1 1 1 1 1 1 1 1 0 0 1 1 1 1 1 0 1 0 1 1 1 1 1 1 1 1 1 1 1 1 0 ]
d13=9.562031787798 eijMax=5.324E-03 rmsd=5.309E+00 s=[ 0 0 0 1 0 0 0 0 0 0 0 0 0 1 1 0 0 0 0 0 1 0 1 0 0 0 0 0 0 0 0 0 0 0 0 1 ]
d13=9.562499763934 eijMax=5.653E-03 rmsd=5.306E+00 s=[ 0 0 0 0 1 1 1 1 1 1 1 1 1 0 0 1 1 1 1 1 0 1 0 1 1 1 1 1 1 1 1 1 1 1 1 0 ]
d13=9.562499763934 eijMax=5.653E-03 rmsd=5.306E+00 s=[ 0 0 0 1 0 0 0 0 0 0 0 0 0 1 1 0 0 0 0 0 1 0 1 0 0 0 0 0 0 0 0 0 0 0 0 1 ]
d13=9.562967740070 eijMax=5.981E-03 rmsd=5.302E+00 s=[ 0 0 0 0 1 1 1 1 1 1 1 1 1 0 0 1 1 1 1 1 0 1 0 1 1 1 1 1 1 1 1 1 1 1 1 0 ]
d13=9.562967740070 eijMax=5.981E-03 rmsd=5.302E+00 s=[ 0 0 0 1 0 0 0 0 0 0 0 0 0 1 1 0 0 0 0 0 1 0 1 0 0 0 0 0 0 0 0 0 0 0 0 1 ]
d13=9.563435716206 eijMax=6.307E-03 rmsd=5.299E+00 s=[ 0 0 0 0 1 1 1 1 1 1 1 1 1 0 0 1 1 1 1 1 0 1 0 1 1 1 1 1 1 1 1 1 1 1 1 0 ]
d13=9.563435716206 eijMax=6.307E-03 rmsd=5.299E+00 s=[ 0 0 0 1 0 0 0 0 0 0 0 0 0 1 1 0 0 0 0 0 1 0 1 0 0 0 0 0 0 0 0 0 0 0 0 1 ]
d13=9.563903692342 eijMax=6.631E-03 rmsd=5.295E+00 s=[ 0 0 0 0 1 1 1 1 1 1 1 1 1 0 0 1 1 1 1 1 0 1 0 1 1 1 1 1 1 1 1 1 1 1 1 0 ]
d13=9.563903692342 eijMax=6.631E-03 rmsd=5.295E+00 s=[ 0 0 0 1 0 0 0 0 0 0 0 0 0 1 1 0 0 0 0 0 1 0 1 0 0 0 0 0 0 0 0 0 0 0 0 1 ]
d13=9.564371668478 eijMax=6.954E-03 rmsd=5.292E+00 s=[ 0 0 0 0 1 1 1 1 1 1 1 1 1 0 0 1 1 1 1 1 0 1 0 1 1 1 1 1 1 1 1 1 1 1 1 0 ]
d13=9.564371668478 eijMax=6.954E-03 rmsd=5.292E+00 s=[ 0 0 0 1 0 0 0 0 0 0 0 0 0 1 1 0 0 0 0 0 1 0 1 0 0 0 0 0 0 0 0 0 0 0 0 1 ]
d13=9.564839644615 eijMax=7.275E-03 rmsd=5.288E+00 s=[ 0 0 0 0 1 1 1 1 1 1 1 1 1 0 0 1 1 1 1 1 0 1 0 1 1 1 1 1 1 1 1 1 1 1 1 0 ]
d13=9.564839644615 eijMax=7.275E-03 rmsd=5.288E+00 s=[ 0 0 0 1 0 0 0 0 0 0 0 0 0 1 1 0 0 0 0 0 1 0 1 0 0 0 0 0 0 0 0 0 0 0 0 1 ]
d13=9.565307620751 eijMax=7.594E-03 rmsd=5.284E+00 s=[ 0 0 0 0 1 1 1 1 1 1 1 1 1 0 0 1 1 1 1 1 0 1 0 1 1 1 1 1 1 1 1 1 1 1 1 0 ]
d13=9.565307620751 eijMax=7.594E-03 rmsd=5.284E+00 s=[ 0 0 0 1 0 0 0 0 0 0 0 0 0 1 1 0 0 0 0 0 1 0 1 0 0 0 0 0 0 0 0 0 0 0 0 1 ]
d13=9.565775596887 eijMax=7.912E-03 rmsd=5.281E+00 s=[ 0 0 0 0 1 1 1 1 1 1 1 1 1 0 0 1 1 1 1 1 0 1 0 1 1 1 1 1 1 1 1 1 1 1 1 0 ]
d13=9.565775596887 eijMax=7.912E-03 rmsd=5.281E+00 s=[ 0 0 0 1 0 0 0 0 0 0 0 0 0 1 1 0 0 0 0 0 1 0 1 0 0 0 0 0 0 0 0 0 0 0 0 1 ]
d13=9.566243573023 eijMax=8.229E-03 rmsd=5.277E+00 s=[ 0 0 0 0 1 1 1 1 1 1 1 1 1 0 0 1 1 1 1 1 0 1 0 1 1 1 1 1 1 1 1 1 1 1 1 0 ]
d13=9.566243573023 eijMax=8.229E-03 rmsd=5.277E+00 s=[ 0 0 0 1 0 0 0 0 0 0 0 0 0 1 1 0 0 0 0 0 1 0 1 0 0 0 0 0 0 0 0 0 0 0 0 1 ]
d13=9.566711549159 eijMax=8.543E-03 rmsd=5.274E+00 s=[ 0 0 0 0 1 1 1 1 1 1 1 1 1 0 0 1 1 1 1 1 0 1 0 1 1 1 1 1 1 1 1 1 1 1 1 0 ]
d13=9.566711549159 eijMax=8.543E-03 rmsd=5.274E+00 s=[ 0 0 0 1 0 0 0 0 0 0 0 0 0 1 1 0 0 0 0 0 1 0 1 0 0 0 0 0 0 0 0 0 0 0 0 1 ]
d13=9.567179525295 eijMax=8.856E-03 rmsd=5.270E+00 s=[ 0 0 0 0 1 1 1 1 1 1 1 1 1 0 0 1 1 1 1 1 0 1 0 1 1 1 1 1 1 1 1 1 1 1 1 0 ]
d13=9.567179525295 eijMax=8.856E-03 rmsd=5.270E+00 s=[ 0 0 0 1 0 0 0 0 0 0 0 0 0 1 1 0 0 0 0 0 1 0 1 0 0 0 0 0 0 0 0 0 0 0 0 1 ]
d13=9.567647501431 eijMax=9.168E-03 rmsd=5.267E+00 s=[ 0 0 0 0 1 1 1 1 1 1 1 1 1 0 0 1 1 1 1 1 0 1 0 1 1 1 1 1 1 1 1 1 1 1 1 0 ]
d13=9.567647501431 eijMax=9.168E-03 rmsd=5.267E+00 s=[ 0 0 0 1 0 0 0 0 0 0 0 0 0 1 1 0 0 0 0 0 1 0 1 0 0 0 0 0 0 0 0 0 0 0 0 1 ]
d13=9.568115477568 eijMax=9.477E-03 rmsd=5.263E+00 s=[ 0 0 0 0 1 1 1 1 1 1 1 1 1 0 0 1 1 1 1 1 0 1 0 1 1 1 1 1 1 1 1 1 1 1 1 0 ]
d13=9.568115477568 eijMax=9.477E-03 rmsd=5.263E+00 s=[ 0 0 0 1 0 0 0 0 0 0 0 0 0 1 1 0 0 0 0 0 1 0 1 0 0 0 0 0 0 0 0 0 0 0 0 1 ]
d13=9.568583453704 eijMax=9.786E-03 rmsd=5.259E+00 s=[ 0 0 0 0 1 1 1 1 1 1 1 1 1 0 0 1 1 1 1 1 0 1 0 1 1 1 1 1 1 1 1 1 1 1 1 0 ]
d13=9.568583453704 eijMax=9.786E-03 rmsd=5.259E+00 s=[ 0 0 0 1 0 0 0 0 0 0 0 0 0 1 1 0 0 0 0 0 1 0 1 0 0 0 0 0 0 0 0 0 0 0 0 1 ]
d13=9.589642379830 eijMax=9.627E-03 rmsd=6.267E+00 s=[ 0 0 0 0 0 0 0 0 0 0 0 0 0 1 1 0 0 0 0 0 0 1 0 1 1 1 1 1 1 1 1 1 1 1 1 0 ]
d13=9.589642379830 eijMax=9.627E-03 rmsd=6.267E+00 s=[ 0 0 0 1 1 1 1 1 1 1 1 1 1 0 0 1 1 1 1 1 1 0 1 0 0 0 0 0 0 0 0 0 0 0 0 1 ]
d13=9.590110355966 eijMax=9.088E-03 rmsd=6.268E+00 s=[ 0 0 0 0 0 0 0 0 0 0 0 0 0 1 1 0 0 0 0 0 0 1 0 1 1 1 1 1 1 1 1 1 1 1 1 0 ]
d13=9.590110355966 eijMax=9.088E-03 rmsd=6.268E+00 s=[ 0 0 0 1 1 1 1 1 1 1 1 1 1 0 0 1 1 1 1 1 1 0 1 0 0 0 0 0 0 0 0 0 0 0 0 1 ]
d13=9.590578332102 eijMax=8.552E-03 rmsd=6.270E+00 s=[ 0 0 0 0 0 0 0 0 0 0 0 0 0 1 1 0 0 0 0 0 0 1 0 1 1 1 1 1 1 1 1 1 1 1 1 0 ]
d13=9.590578332102 eijMax=8.552E-03 rmsd=6.270E+00 s=[ 0 0 0 1 1 1 1 1 1 1 1 1 1 0 0 1 1 1 1 1 1 0 1 0 0 0 0 0 0 0 0 0 0 0 0 1 ]
d13=9.591046308238 eijMax=8.020E-03 rmsd=6.271E+00 s=[ 0 0 0 0 0 0 0 0 0 0 0 0 0 1 1 0 0 0 0 0 0 1 0 1 1 1 1 1 1 1 1 1 1 1 1 0 ]
d13=9.591046308238 eijMax=8.020E-03 rmsd=6.271E+00 s=[ 0 0 0 1 1 1 1 1 1 1 1 1 1 0 0 1 1 1 1 1 1 0 1 0 0 0 0 0 0 0 0 0 0 0 0 1 ]
d13=9.591514284374 eijMax=7.491E-03 rmsd=6.273E+00 s=[ 0 0 0 0 0 0 0 0 0 0 0 0 0 1 1 0 0 0 0 0 0 1 0 1 1 1 1 1 1 1 1 1 1 1 1 0 ]
d13=9.591514284374 eijMax=7.491E-03 rmsd=6.273E+00 s=[ 0 0 0 1 1 1 1 1 1 1 1 1 1 0 0 1 1 1 1 1 1 0 1 0 0 0 0 0 0 0 0 0 0 0 0 1 ]
d13=9.591982260511 eijMax=6.966E-03 rmsd=6.274E+00 s=[ 0 0 0 0 0 0 0 0 0 0 0 0 0 1 1 0 0 0 0 0 0 1 0 1 1 1 1 1 1 1 1 1 1 1 1 0 ]
d13=9.591982260511 eijMax=6.966E-03 rmsd=6.274E+00 s=[ 0 0 0 1 1 1 1 1 1 1 1 1 1 0 0 1 1 1 1 1 1 0 1 0 0 0 0 0 0 0 0 0 0 0 0 1 ]
d13=9.592450236647 eijMax=6.444E-03 rmsd=6.276E+00 s=[ 0 0 0 0 0 0 0 0 0 0 0 0 0 1 1 0 0 0 0 0 0 1 0 1 1 1 1 1 1 1 1 1 1 1 1 0 ]
d13=9.592450236647 eijMax=6.444E-03 rmsd=6.276E+00 s=[ 0 0 0 1 1 1 1 1 1 1 1 1 1 0 0 1 1 1 1 1 1 0 1 0 0 0 0 0 0 0 0 0 0 0 0 1 ]
d13=9.592918212783 eijMax=5.925E-03 rmsd=6.277E+00 s=[ 0 0 0 0 0 0 0 0 0 0 0 0 0 1 1 0 0 0 0 0 0 1 0 1 1 1 1 1 1 1 1 1 1 1 1 0 ]
d13=9.592918212783 eijMax=5.925E-03 rmsd=6.277E+00 s=[ 0 0 0 1 1 1 1 1 1 1 1 1 1 0 0 1 1 1 1 1 1 0 1 0 0 0 0 0 0 0 0 0 0 0 0 1 ]
d13=9.593386188919 eijMax=5.410E-03 rmsd=6.279E+00 s=[ 0 0 0 0 0 0 0 0 0 0 0 0 0 1 1 0 0 0 0 0 0 1 0 1 1 1 1 1 1 1 1 1 1 1 1 0 ]
d13=9.593386188919 eijMax=5.410E-03 rmsd=6.279E+00 s=[ 0 0 0 1 1 1 1 1 1 1 1 1 1 0 0 1 1 1 1 1 1 0 1 0 0 0 0 0 0 0 0 0 0 0 0 1 ]
d13=9.593854165055 eijMax=4.898E-03 rmsd=6.280E+00 s=[ 0 0 0 0 0 0 0 0 0 0 0 0 0 1 1 0 0 0 0 0 0 1 0 1 1 1 1 1 1 1 1 1 1 1 1 0 ]
d13=9.593854165055 eijMax=4.898E-03 rmsd=6.280E+00 s=[ 0 0 0 1 1 1 1 1 1 1 1 1 1 0 0 1 1 1 1 1 1 0 1 0 0 0 0 0 0 0 0 0 0 0 0 1 ]
d13=9.594322141191 eijMax=4.389E-03 rmsd=6.282E+00 s=[ 0 0 0 0 0 0 0 0 0 0 0 0 0 1 1 0 0 0 0 0 0 1 0 1 1 1 1 1 1 1 1 1 1 1 1 0 ]
d13=9.594322141191 eijMax=4.389E-03 rmsd=6.282E+00 s=[ 0 0 0 1 1 1 1 1 1 1 1 1 1 0 0 1 1 1 1 1 1 0 1 0 0 0 0 0 0 0 0 0 0 0 0 1 ]
d13=9.594790117327 eijMax=3.884E-03 rmsd=6.283E+00 s=[ 0 0 0 0 0 0 0 0 0 0 0 0 0 1 1 0 0 0 0 0 0 1 0 1 1 1 1 1 1 1 1 1 1 1 1 0 ]
d13=9.594790117327 eijMax=3.884E-03 rmsd=6.283E+00 s=[ 0 0 0 1 1 1 1 1 1 1 1 1 1 0 0 1 1 1 1 1 1 0 1 0 0 0 0 0 0 0 0 0 0 0 0 1 ]
d13=9.595258093463 eijMax=3.382E-03 rmsd=6.285E+00 s=[ 0 0 0 0 0 0 0 0 0 0 0 0 0 1 1 0 0 0 0 0 0 1 0 1 1 1 1 1 1 1 1 1 1 1 1 0 ]
d13=9.595258093463 eijMax=3.382E-03 rmsd=6.285E+00 s=[ 0 0 0 1 1 1 1 1 1 1 1 1 1 0 0 1 1 1 1 1 1 0 1 0 0 0 0 0 0 0 0 0 0 0 0 1 ]
d13=9.595726069600 eijMax=2.883E-03 rmsd=6.286E+00 s=[ 0 0 0 0 0 0 0 0 0 0 0 0 0 1 1 0 0 0 0 0 0 1 0 1 1 1 1 1 1 1 1 1 1 1 1 0 ]
d13=9.595726069600 eijMax=2.883E-03 rmsd=6.286E+00 s=[ 0 0 0 1 1 1 1 1 1 1 1 1 1 0 0 1 1 1 1 1 1 0 1 0 0 0 0 0 0 0 0 0 0 0 0 1 ]
d13=9.596194045736 eijMax=2.387E-03 rmsd=6.288E+00 s=[ 0 0 0 0 0 0 0 0 0 0 0 0 0 1 1 0 0 0 0 0 0 1 0 1 1 1 1 1 1 1 1 1 1 1 1 0 ]
d13=9.596194045736 eijMax=2.387E-03 rmsd=6.288E+00 s=[ 0 0 0 1 1 1 1 1 1 1 1 1 1 0 0 1 1 1 1 1 1 0 1 0 0 0 0 0 0 0 0 0 0 0 0 1 ]
d13=9.596662021872 eijMax=1.895E-03 rmsd=6.290E+00 s=[ 0 0 0 0 0 0 0 0 0 0 0 0 0 1 1 0 0 0 0 0 0 1 0 1 1 1 1 1 1 1 1 1 1 1 1 0 ]
d13=9.596662021872 eijMax=1.895E-03 rmsd=6.290E+00 s=[ 0 0 0 1 1 1 1 1 1 1 1 1 1 0 0 1 1 1 1 1 1 0 1 0 0 0 0 0 0 0 0 0 0 0 0 1 ]
d13=9.597129998008 eijMax=1.406E-03 rmsd=6.291E+00 s=[ 0 0 0 0 0 0 0 0 0 0 0 0 0 1 1 0 0 0 0 0 0 1 0 1 1 1 1 1 1 1 1 1 1 1 1 0 ]
d13=9.597129998008 eijMax=1.406E-03 rmsd=6.291E+00 s=[ 0 0 0 1 1 1 1 1 1 1 1 1 1 0 0 1 1 1 1 1 1 0 1 0 0 0 0 0 0 0 0 0 0 0 0 1 ]
d13=9.597597974144 eijMax=9.201E-04 rmsd=6.293E+00 s=[ 0 0 0 0 0 0 0 0 0 0 0 0 0 1 1 0 0 0 0 0 0 1 0 1 1 1 1 1 1 1 1 1 1 1 1 0 ]
d13=9.597597974144 eijMax=9.201E-04 rmsd=6.293E+00 s=[ 0 0 0 1 1 1 1 1 1 1 1 1 1 0 0 1 1 1 1 1 1 0 1 0 0 0 0 0 0 0 0 0 0 0 0 1 ]
d13=9.598065950280 eijMax=4.375E-04 rmsd=6.294E+00 s=[ 0 0 0 0 0 0 0 0 0 0 0 0 0 1 1 0 0 0 0 0 0 1 0 1 1 1 1 1 1 1 1 1 1 1 1 0 ]
d13=9.598065950280 eijMax=4.375E-04 rmsd=6.294E+00 s=[ 0 0 0 1 1 1 1 1 1 1 1 1 1 0 0 1 1 1 1 1 1 0 1 0 0 0 0 0 0 0 0 0 0 0 0 1 ]
d13=9.598533926416 eijMax=4.197E-05 rmsd=6.296E+00 s=[ 0 0 0 0 0 0 0 0 0 0 0 0 0 1 1 0 0 0 0 0 0 1 0 1 1 1 1 1 1 1 1 1 1 1 1 0 ]
d13=9.598533926416 eijMax=4.197E-05 rmsd=6.296E+00 s=[ 0 0 0 1 1 1 1 1 1 1 1 1 1 0 0 1 1 1 1 1 1 0 1 0 0 0 0 0 0 0 0 0 0 0 0 1 ]
d13=9.599001902553 eijMax=5.182E-04 rmsd=6.297E+00 s=[ 0 0 0 0 0 0 0 0 0 0 0 0 0 1 1 0 0 0 0 0 0 1 0 1 1 1 1 1 1 1 1 1 1 1 1 0 ]
d13=9.599001902553 eijMax=5.182E-04 rmsd=6.297E+00 s=[ 0 0 0 1 1 1 1 1 1 1 1 1 1 0 0 1 1 1 1 1 1 0 1 0 0 0 0 0 0 0 0 0 0 0 0 1 ]
d13=9.599469878689 eijMax=9.913E-04 rmsd=6.299E+00 s=[ 0 0 0 0 0 0 0 0 0 0 0 0 0 1 1 0 0 0 0 0 0 1 0 1 1 1 1 1 1 1 1 1 1 1 1 0 ]
d13=9.599469878689 eijMax=9.913E-04 rmsd=6.299E+00 s=[ 0 0 0 1 1 1 1 1 1 1 1 1 1 0 0 1 1 1 1 1 1 0 1 0 0 0 0 0 0 0 0 0 0 0 0 1 ]
d13=9.599937854825 eijMax=1.461E-03 rmsd=6.301E+00 s=[ 0 0 0 0 0 0 0 0 0 0 0 0 0 1 1 0 0 0 0 0 0 1 0 1 1 1 1 1 1 1 1 1 1 1 1 0 ]
d13=9.599937854825 eijMax=1.461E-03 rmsd=6.301E+00 s=[ 0 0 0 1 1 1 1 1 1 1 1 1 1 0 0 1 1 1 1 1 1 0 1 0 0 0 0 0 0 0 0 0 0 0 0 1 ]
d13=9.600405830961 eijMax=1.928E-03 rmsd=6.302E+00 s=[ 0 0 0 0 0 0 0 0 0 0 0 0 0 1 1 0 0 0 0 0 0 1 0 1 1 1 1 1 1 1 1 1 1 1 1 0 ]
d13=9.600405830961 eijMax=1.928E-03 rmsd=6.302E+00 s=[ 0 0 0 1 1 1 1 1 1 1 1 1 1 0 0 1 1 1 1 1 1 0 1 0 0 0 0 0 0 0 0 0 0 0 0 1 ]
d13=9.600873807097 eijMax=2.392E-03 rmsd=6.304E+00 s=[ 0 0 0 0 0 0 0 0 0 0 0 0 0 1 1 0 0 0 0 0 0 1 0 1 1 1 1 1 1 1 1 1 1 1 1 0 ]
d13=9.600873807097 eijMax=2.392E-03 rmsd=6.304E+00 s=[ 0 0 0 1 1 1 1 1 1 1 1 1 1 0 0 1 1 1 1 1 1 0 1 0 0 0 0 0 0 0 0 0 0 0 0 1 ]
d13=9.601341783233 eijMax=2.852E-03 rmsd=6.306E+00 s=[ 0 0 0 0 0 0 0 0 0 0 0 0 0 1 1 0 0 0 0 0 0 1 0 1 1 1 1 1 1 1 1 1 1 1 1 0 ]
d13=9.601341783233 eijMax=2.852E-03 rmsd=6.306E+00 s=[ 0 0 0 1 1 1 1 1 1 1 1 1 1 0 0 1 1 1 1 1 1 0 1 0 0 0 0 0 0 0 0 0 0 0 0 1 ]
d13=9.601809759369 eijMax=3.309E-03 rmsd=6.307E+00 s=[ 0 0 0 0 0 0 0 0 0 0 0 0 0 1 1 0 0 0 0 0 0 1 0 1 1 1 1 1 1 1 1 1 1 1 1 0 ]
d13=9.601809759369 eijMax=3.309E-03 rmsd=6.307E+00 s=[ 0 0 0 1 1 1 1 1 1 1 1 1 1 0 0 1 1 1 1 1 1 0 1 0 0 0 0 0 0 0 0 0 0 0 0 1 ]
d13=9.602277735506 eijMax=3.764E-03 rmsd=6.309E+00 s=[ 0 0 0 0 0 0 0 0 0 0 0 0 0 1 1 0 0 0 0 0 0 1 0 1 1 1 1 1 1 1 1 1 1 1 1 0 ]
d13=9.602277735506 eijMax=3.764E-03 rmsd=6.309E+00 s=[ 0 0 0 1 1 1 1 1 1 1 1 1 1 0 0 1 1 1 1 1 1 0 1 0 0 0 0 0 0 0 0 0 0 0 0 1 ]
d13=9.602745711642 eijMax=4.215E-03 rmsd=6.311E+00 s=[ 0 0 0 0 0 0 0 0 0 0 0 0 0 1 1 0 0 0 0 0 0 1 0 1 1 1 1 1 1 1 1 1 1 1 1 0 ]
d13=9.602745711642 eijMax=4.215E-03 rmsd=6.311E+00 s=[ 0 0 0 1 1 1 1 1 1 1 1 1 1 0 0 1 1 1 1 1 1 0 1 0 0 0 0 0 0 0 0 0 0 0 0 1 ]
d13=9.603213687778 eijMax=4.663E-03 rmsd=6.312E+00 s=[ 0 0 0 0 0 0 0 0 0 0 0 0 0 1 1 0 0 0 0 0 0 1 0 1 1 1 1 1 1 1 1 1 1 1 1 0 ]
d13=9.603213687778 eijMax=4.663E-03 rmsd=6.312E+00 s=[ 0 0 0 1 1 1 1 1 1 1 1 1 1 0 0 1 1 1 1 1 1 0 1 0 0 0 0 0 0 0 0 0 0 0 0 1 ]
d13=9.603681663914 eijMax=5.108E-03 rmsd=6.314E+00 s=[ 0 0 0 0 0 0 0 0 0 0 0 0 0 1 1 0 0 0 0 0 0 1 0 1 1 1 1 1 1 1 1 1 1 1 1 0 ]
d13=9.603681663914 eijMax=5.108E-03 rmsd=6.314E+00 s=[ 0 0 0 1 1 1 1 1 1 1 1 1 1 0 0 1 1 1 1 1 1 0 1 0 0 0 0 0 0 0 0 0 0 0 0 1 ]
d13=9.604149640050 eijMax=5.550E-03 rmsd=6.316E+00 s=[ 0 0 0 0 0 0 0 0 0 0 0 0 0 1 1 0 0 0 0 0 0 1 0 1 1 1 1 1 1 1 1 1 1 1 1 0 ]
d13=9.604149640050 eijMax=5.550E-03 rmsd=6.316E+00 s=[ 0 0 0 1 1 1 1 1 1 1 1 1 1 0 0 1 1 1 1 1 1 0 1 0 0 0 0 0 0 0 0 0 0 0 0 1 ]
d13=9.604617616186 eijMax=5.989E-03 rmsd=6.317E+00 s=[ 0 0 0 0 0 0 0 0 0 0 0 0 0 1 1 0 0 0 0 0 0 1 0 1 1 1 1 1 1 1 1 1 1 1 1 0 ]
d13=9.604617616186 eijMax=5.989E-03 rmsd=6.317E+00 s=[ 0 0 0 1 1 1 1 1 1 1 1 1 1 0 0 1 1 1 1 1 1 0 1 0 0 0 0 0 0 0 0 0 0 0 0 1 ]
d13=9.605085592322 eijMax=6.424E-03 rmsd=6.319E+00 s=[ 0 0 0 0 0 0 0 0 0 0 0 0 0 1 1 0 0 0 0 0 0 1 0 1 1 1 1 1 1 1 1 1 1 1 1 0 ]
d13=9.605085592322 eijMax=6.424E-03 rmsd=6.319E+00 s=[ 0 0 0 1 1 1 1 1 1 1 1 1 1 0 0 1 1 1 1 1 1 0 1 0 0 0 0 0 0 0 0 0 0 0 0 1 ]
d13=9.605553568458 eijMax=6.857E-03 rmsd=6.321E+00 s=[ 0 0 0 0 0 0 0 0 0 0 0 0 0 1 1 0 0 0 0 0 0 1 0 1 1 1 1 1 1 1 1 1 1 1 1 0 ]
d13=9.605553568458 eijMax=6.857E-03 rmsd=6.321E+00 s=[ 0 0 0 1 1 1 1 1 1 1 1 1 1 0 0 1 1 1 1 1 1 0 1 0 0 0 0 0 0 0 0 0 0 0 0 1 ]
d13=9.606021544595 eijMax=7.287E-03 rmsd=6.322E+00 s=[ 0 0 0 0 0 0 0 0 0 0 0 0 0 1 1 0 0 0 0 0 0 1 0 1 1 1 1 1 1 1 1 1 1 1 1 0 ]
d13=9.606021544595 eijMax=7.287E-03 rmsd=6.322E+00 s=[ 0 0 0 1 1 1 1 1 1 1 1 1 1 0 0 1 1 1 1 1 1 0 1 0 0 0 0 0 0 0 0 0 0 0 0 1 ]
d13=9.606489520731 eijMax=7.713E-03 rmsd=6.324E+00 s=[ 0 0 0 0 0 0 0 0 0 0 0 0 0 1 1 0 0 0 0 0 0 1 0 1 1 1 1 1 1 1 1 1 1 1 1 0 ]
d13=9.606489520731 eijMax=7.713E-03 rmsd=6.324E+00 s=[ 0 0 0 1 1 1 1 1 1 1 1 1 1 0 0 1 1 1 1 1 1 0 1 0 0 0 0 0 0 0 0 0 0 0 0 1 ]
d13=9.606957496867 eijMax=8.137E-03 rmsd=6.326E+00 s=[ 0 0 0 0 0 0 0 0 0 0 0 0 0 1 1 0 0 0 0 0 0 1 0 1 1 1 1 1 1 1 1 1 1 1 1 0 ]
d13=9.606957496867 eijMax=8.137E-03 rmsd=6.326E+00 s=[ 0 0 0 1 1 1 1 1 1 1 1 1 1 0 0 1 1 1 1 1 1 0 1 0 0 0 0 0 0 0 0 0 0 0 0 1 ]
d13=9.607425473003 eijMax=8.558E-03 rmsd=6.328E+00 s=[ 0 0 0 0 0 0 0 0 0 0 0 0 0 1 1 0 0 0 0 0 0 1 0 1 1 1 1 1 1 1 1 1 1 1 1 0 ]
d13=9.607425473003 eijMax=8.558E-03 rmsd=6.328E+00 s=[ 0 0 0 1 1 1 1 1 1 1 1 1 1 0 0 1 1 1 1 1 1 0 1 0 0 0 0 0 0 0 0 0 0 0 0 1 ]
d13=9.607893449139 eijMax=8.975E-03 rmsd=6.329E+00 s=[ 0 0 0 0 0 0 0 0 0 0 0 0 0 1 1 0 0 0 0 0 0 1 0 1 1 1 1 1 1 1 1 1 1 1 1 0 ]
d13=9.607893449139 eijMax=8.975E-03 rmsd=6.329E+00 s=[ 0 0 0 1 1 1 1 1 1 1 1 1 1 0 0 1 1 1 1 1 1 0 1 0 0 0 0 0 0 0 0 0 0 0 0 1 ]
d13=9.608361425275 eijMax=9.390E-03 rmsd=6.331E+00 s=[ 0 0 0 0 0 0 0 0 0 0 0 0 0 1 1 0 0 0 0 0 0 1 0 1 1 1 1 1 1 1 1 1 1 1 1 0 ]
d13=9.608361425275 eijMax=9.390E-03 rmsd=6.331E+00 s=[ 0 0 0 1 1 1 1 1 1 1 1 1 1 0 0 1 1 1 1 1 1 0 1 0 0 0 0 0 0 0 0 0 0 0 0 1 ]
d13=9.608829401411 eijMax=9.801E-03 rmsd=6.333E+00 s=[ 0 0 0 0 0 0 0 0 0 0 0 0 0 1 1 0 0 0 0 0 0 1 0 1 1 1 1 1 1 1 1 1 1 1 1 0 ]
d13=9.608829401411 eijMax=9.801E-03 rmsd=6.333E+00 s=[ 0 0 0 1 1 1 1 1 1 1 1 1 1 0 0 1 1 1 1 1 1 0 1 0 0 0 0 0 0 0 0 0 0 0 0 1 ]
d13=9.623336661632 eijMax=9.808E-03 rmsd=5.249E+00 s=[ 0 0 0 0 0 1 1 1 1 1 1 1 1 1 1 0 0 0 0 0 1 1 0 1 1 1 1 1 1 1 1 1 1 1 1 0 ]
d13=9.623336661632 eijMax=9.808E-03 rmsd=5.249E+00 s=[ 0 0 0 1 1 0 0 0 0 0 0 0 0 0 0 1 1 1 1 1 0 0 1 0 0 0 0 0 0 0 0 0 0 0 0 1 ]
d13=9.623804637768 eijMax=9.555E-03 rmsd=5.249E+00 s=[ 0 0 0 0 0 1 1 1 1 1 1 1 1 1 1 0 0 0 0 0 1 1 0 1 1 1 1 1 1 1 1 1 1 1 1 0 ]
d13=9.623804637768 eijMax=9.555E-03 rmsd=5.249E+00 s=[ 0 0 0 1 1 0 0 0 0 0 0 0 0 0 0 1 1 1 1 1 0 0 1 0 0 0 0 0 0 0 0 0 0 0 0 1 ]
d13=9.624272613904 eijMax=9.300E-03 rmsd=5.248E+00 s=[ 0 0 0 0 0 1 1 1 1 1 1 1 1 1 1 0 0 0 0 0 1 1 0 1 1 1 1 1 1 1 1 1 1 1 1 0 ]
d13=9.624272613904 eijMax=9.300E-03 rmsd=5.248E+00 s=[ 0 0 0 1 1 0 0 0 0 0 0 0 0 0 0 1 1 1 1 1 0 0 1 0 0 0 0 0 0 0 0 0 0 0 0 1 ]
d13=9.624740590040 eijMax=9.043E-03 rmsd=5.248E+00 s=[ 0 0 0 0 0 1 1 1 1 1 1 1 1 1 1 0 0 0 0 0 1 1 0 1 1 1 1 1 1 1 1 1 1 1 1 0 ]
d13=9.624740590040 eijMax=9.043E-03 rmsd=5.248E+00 s=[ 0 0 0 1 1 0 0 0 0 0 0 0 0 0 0 1 1 1 1 1 0 0 1 0 0 0 0 0 0 0 0 0 0 0 0 1 ]
d13=9.625208566176 eijMax=8.785E-03 rmsd=5.247E+00 s=[ 0 0 0 0 0 1 1 1 1 1 1 1 1 1 1 0 0 0 0 0 1 1 0 1 1 1 1 1 1 1 1 1 1 1 1 0 ]
d13=9.625208566176 eijMax=8.785E-03 rmsd=5.247E+00 s=[ 0 0 0 1 1 0 0 0 0 0 0 0 0 0 0 1 1 1 1 1 0 0 1 0 0 0 0 0 0 0 0 0 0 0 0 1 ]
d13=9.625676542312 eijMax=8.525E-03 rmsd=5.247E+00 s=[ 0 0 0 0 0 1 1 1 1 1 1 1 1 1 1 0 0 0 0 0 1 1 0 1 1 1 1 1 1 1 1 1 1 1 1 0 ]
d13=9.625676542312 eijMax=8.525E-03 rmsd=5.247E+00 s=[ 0 0 0 1 1 0 0 0 0 0 0 0 0 0 0 1 1 1 1 1 0 0 1 0 0 0 0 0 0 0 0 0 0 0 0 1 ]
d13=9.626144518448 eijMax=8.264E-03 rmsd=5.247E+00 s=[ 0 0 0 0 0 1 1 1 1 1 1 1 1 1 1 0 0 0 0 0 1 1 0 1 1 1 1 1 1 1 1 1 1 1 1 0 ]
d13=9.626144518448 eijMax=8.264E-03 rmsd=5.247E+00 s=[ 0 0 0 1 1 0 0 0 0 0 0 0 0 0 0 1 1 1 1 1 0 0 1 0 0 0 0 0 0 0 0 0 0 0 0 1 ]
d13=9.626612494585 eijMax=8.001E-03 rmsd=5.246E+00 s=[ 0 0 0 0 0 1 1 1 1 1 1 1 1 1 1 0 0 0 0 0 1 1 0 1 1 1 1 1 1 1 1 1 1 1 1 0 ]
d13=9.626612494585 eijMax=8.001E-03 rmsd=5.246E+00 s=[ 0 0 0 1 1 0 0 0 0 0 0 0 0 0 0 1 1 1 1 1 0 0 1 0 0 0 0 0 0 0 0 0 0 0 0 1 ]
d13=9.627080470721 eijMax=7.737E-03 rmsd=5.246E+00 s=[ 0 0 0 0 0 1 1 1 1 1 1 1 1 1 1 0 0 0 0 0 1 1 0 1 1 1 1 1 1 1 1 1 1 1 1 0 ]
d13=9.627080470721 eijMax=7.737E-03 rmsd=5.246E+00 s=[ 0 0 0 1 1 0 0 0 0 0 0 0 0 0 0 1 1 1 1 1 0 0 1 0 0 0 0 0 0 0 0 0 0 0 0 1 ]
d13=9.627548446857 eijMax=7.471E-03 rmsd=5.246E+00 s=[ 0 0 0 0 0 1 1 1 1 1 1 1 1 1 1 0 0 0 0 0 1 1 0 1 1 1 1 1 1 1 1 1 1 1 1 0 ]
d13=9.627548446857 eijMax=7.471E-03 rmsd=5.246E+00 s=[ 0 0 0 1 1 0 0 0 0 0 0 0 0 0 0 1 1 1 1 1 0 0 1 0 0 0 0 0 0 0 0 0 0 0 0 1 ]
d13=9.628016422993 eijMax=7.203E-03 rmsd=5.246E+00 s=[ 0 0 0 0 0 1 1 1 1 1 1 1 1 1 1 0 0 0 0 0 1 1 0 1 1 1 1 1 1 1 1 1 1 1 1 0 ]
d13=9.628016422993 eijMax=7.203E-03 rmsd=5.246E+00 s=[ 0 0 0 1 1 0 0 0 0 0 0 0 0 0 0 1 1 1 1 1 0 0 1 0 0 0 0 0 0 0 0 0 0 0 0 1 ]
d13=9.628484399129 eijMax=6.934E-03 rmsd=5.245E+00 s=[ 0 0 0 0 0 1 1 1 1 1 1 1 1 1 1 0 0 0 0 0 1 1 0 1 1 1 1 1 1 1 1 1 1 1 1 0 ]
d13=9.628484399129 eijMax=6.934E-03 rmsd=5.245E+00 s=[ 0 0 0 1 1 0 0 0 0 0 0 0 0 0 0 1 1 1 1 1 0 0 1 0 0 0 0 0 0 0 0 0 0 0 0 1 ]
d13=9.628952375265 eijMax=6.664E-03 rmsd=5.245E+00 s=[ 0 0 0 0 0 1 1 1 1 1 1 1 1 1 1 0 0 0 0 0 1 1 0 1 1 1 1 1 1 1 1 1 1 1 1 0 ]
d13=9.628952375265 eijMax=6.664E-03 rmsd=5.245E+00 s=[ 0 0 0 1 1 0 0 0 0 0 0 0 0 0 0 1 1 1 1 1 0 0 1 0 0 0 0 0 0 0 0 0 0 0 0 1 ]
d13=9.629420351401 eijMax=6.392E-03 rmsd=5.245E+00 s=[ 0 0 0 0 0 1 1 1 1 1 1 1 1 1 1 0 0 0 0 0 1 1 0 1 1 1 1 1 1 1 1 1 1 1 1 0 ]
d13=9.629420351401 eijMax=6.392E-03 rmsd=5.245E+00 s=[ 0 0 0 1 1 0 0 0 0 0 0 0 0 0 0 1 1 1 1 1 0 0 1 0 0 0 0 0 0 0 0 0 0 0 0 1 ]
d13=9.629888327538 eijMax=6.119E-03 rmsd=5.245E+00 s=[ 0 0 0 0 0 1 1 1 1 1 1 1 1 1 1 0 0 0 0 0 1 1 0 1 1 1 1 1 1 1 1 1 1 1 1 0 ]
d13=9.629888327538 eijMax=6.119E-03 rmsd=5.245E+00 s=[ 0 0 0 1 1 0 0 0 0 0 0 0 0 0 0 1 1 1 1 1 0 0 1 0 0 0 0 0 0 0 0 0 0 0 0 1 ]
d13=9.630356303674 eijMax=5.844E-03 rmsd=5.244E+00 s=[ 0 0 0 0 0 1 1 1 1 1 1 1 1 1 1 0 0 0 0 0 1 1 0 1 1 1 1 1 1 1 1 1 1 1 1 0 ]
d13=9.630356303674 eijMax=5.844E-03 rmsd=5.244E+00 s=[ 0 0 0 1 1 0 0 0 0 0 0 0 0 0 0 1 1 1 1 1 0 0 1 0 0 0 0 0 0 0 0 0 0 0 0 1 ]
d13=9.630824279810 eijMax=5.567E-03 rmsd=5.244E+00 s=[ 0 0 0 0 0 1 1 1 1 1 1 1 1 1 1 0 0 0 0 0 1 1 0 1 1 1 1 1 1 1 1 1 1 1 1 0 ]
d13=9.630824279810 eijMax=5.567E-03 rmsd=5.244E+00 s=[ 0 0 0 1 1 0 0 0 0 0 0 0 0 0 0 1 1 1 1 1 0 0 1 0 0 0 0 0 0 0 0 0 0 0 0 1 ]
d13=9.631292255946 eijMax=5.289E-03 rmsd=5.244E+00 s=[ 0 0 0 0 0 1 1 1 1 1 1 1 1 1 1 0 0 0 0 0 1 1 0 1 1 1 1 1 1 1 1 1 1 1 1 0 ]
d13=9.631292255946 eijMax=5.289E-03 rmsd=5.244E+00 s=[ 0 0 0 1 1 0 0 0 0 0 0 0 0 0 0 1 1 1 1 1 0 0 1 0 0 0 0 0 0 0 0 0 0 0 0 1 ]
d13=9.631760232082 eijMax=5.010E-03 rmsd=5.244E+00 s=[ 0 0 0 0 0 1 1 1 1 1 1 1 1 1 1 0 0 0 0 0 1 1 0 1 1 1 1 1 1 1 1 1 1 1 1 0 ]
d13=9.631760232082 eijMax=5.010E-03 rmsd=5.244E+00 s=[ 0 0 0 1 1 0 0 0 0 0 0 0 0 0 0 1 1 1 1 1 0 0 1 0 0 0 0 0 0 0 0 0 0 0 0 1 ]
d13=9.632228208218 eijMax=4.729E-03 rmsd=5.244E+00 s=[ 0 0 0 0 0 1 1 1 1 1 1 1 1 1 1 0 0 0 0 0 1 1 0 1 1 1 1 1 1 1 1 1 1 1 1 0 ]
d13=9.632228208218 eijMax=4.729E-03 rmsd=5.244E+00 s=[ 0 0 0 1 1 0 0 0 0 0 0 0 0 0 0 1 1 1 1 1 0 0 1 0 0 0 0 0 0 0 0 0 0 0 0 1 ]
d13=9.632696184354 eijMax=4.447E-03 rmsd=5.244E+00 s=[ 0 0 0 0 0 1 1 1 1 1 1 1 1 1 1 0 0 0 0 0 1 1 0 1 1 1 1 1 1 1 1 1 1 1 1 0 ]
d13=9.632696184354 eijMax=4.447E-03 rmsd=5.244E+00 s=[ 0 0 0 1 1 0 0 0 0 0 0 0 0 0 0 1 1 1 1 1 0 0 1 0 0 0 0 0 0 0 0 0 0 0 0 1 ]
d13=9.633164160490 eijMax=4.163E-03 rmsd=5.244E+00 s=[ 0 0 0 0 0 1 1 1 1 1 1 1 1 1 1 0 0 0 0 0 1 1 0 1 1 1 1 1 1 1 1 1 1 1 1 0 ]
d13=9.633164160490 eijMax=4.163E-03 rmsd=5.244E+00 s=[ 0 0 0 1 1 0 0 0 0 0 0 0 0 0 0 1 1 1 1 1 0 0 1 0 0 0 0 0 0 0 0 0 0 0 0 1 ]
d13=9.633632136627 eijMax=3.878E-03 rmsd=5.244E+00 s=[ 0 0 0 0 0 1 1 1 1 1 1 1 1 1 1 0 0 0 0 0 1 1 0 1 1 1 1 1 1 1 1 1 1 1 1 0 ]
d13=9.633632136627 eijMax=3.878E-03 rmsd=5.244E+00 s=[ 0 0 0 1 1 0 0 0 0 0 0 0 0 0 0 1 1 1 1 1 0 0 1 0 0 0 0 0 0 0 0 0 0 0 0 1 ]
d13=9.634100112763 eijMax=3.591E-03 rmsd=5.244E+00 s=[ 0 0 0 0 0 1 1 1 1 1 1 1 1 1 1 0 0 0 0 0 1 1 0 1 1 1 1 1 1 1 1 1 1 1 1 0 ]
d13=9.634100112763 eijMax=3.591E-03 rmsd=5.244E+00 s=[ 0 0 0 1 1 0 0 0 0 0 0 0 0 0 0 1 1 1 1 1 0 0 1 0 0 0 0 0 0 0 0 0 0 0 0 1 ]
d13=9.634568088899 eijMax=3.303E-03 rmsd=5.244E+00 s=[ 0 0 0 0 0 1 1 1 1 1 1 1 1 1 1 0 0 0 0 0 1 1 0 1 1 1 1 1 1 1 1 1 1 1 1 0 ]
d13=9.634568088899 eijMax=3.303E-03 rmsd=5.244E+00 s=[ 0 0 0 1 1 0 0 0 0 0 0 0 0 0 0 1 1 1 1 1 0 0 1 0 0 0 0 0 0 0 0 0 0 0 0 1 ]
d13=9.635036065035 eijMax=3.013E-03 rmsd=5.244E+00 s=[ 0 0 0 0 0 1 1 1 1 1 1 1 1 1 1 0 0 0 0 0 1 1 0 1 1 1 1 1 1 1 1 1 1 1 1 0 ]
d13=9.635036065035 eijMax=3.013E-03 rmsd=5.244E+00 s=[ 0 0 0 1 1 0 0 0 0 0 0 0 0 0 0 1 1 1 1 1 0 0 1 0 0 0 0 0 0 0 0 0 0 0 0 1 ]
d13=9.635504041171 eijMax=2.722E-03 rmsd=5.244E+00 s=[ 0 0 0 0 0 1 1 1 1 1 1 1 1 1 1 0 0 0 0 0 1 1 0 1 1 1 1 1 1 1 1 1 1 1 1 0 ]
d13=9.635504041171 eijMax=2.722E-03 rmsd=5.244E+00 s=[ 0 0 0 1 1 0 0 0 0 0 0 0 0 0 0 1 1 1 1 1 0 0 1 0 0 0 0 0 0 0 0 0 0 0 0 1 ]
d13=9.635972017307 eijMax=2.430E-03 rmsd=5.244E+00 s=[ 0 0 0 0 0 1 1 1 1 1 1 1 1 1 1 0 0 0 0 0 1 1 0 1 1 1 1 1 1 1 1 1 1 1 1 0 ]
d13=9.635972017307 eijMax=2.430E-03 rmsd=5.244E+00 s=[ 0 0 0 1 1 0 0 0 0 0 0 0 0 0 0 1 1 1 1 1 0 0 1 0 0 0 0 0 0 0 0 0 0 0 0 1 ]
d13=9.636439993443 eijMax=2.136E-03 rmsd=5.244E+00 s=[ 0 0 0 0 0 1 1 1 1 1 1 1 1 1 1 0 0 0 0 0 1 1 0 1 1 1 1 1 1 1 1 1 1 1 1 0 ]
d13=9.636439993443 eijMax=2.136E-03 rmsd=5.244E+00 s=[ 0 0 0 1 1 0 0 0 0 0 0 0 0 0 0 1 1 1 1 1 0 0 1 0 0 0 0 0 0 0 0 0 0 0 0 1 ]
d13=9.636907969580 eijMax=1.841E-03 rmsd=5.244E+00 s=[ 0 0 0 0 0 1 1 1 1 1 1 1 1 1 1 0 0 0 0 0 1 1 0 1 1 1 1 1 1 1 1 1 1 1 1 0 ]
d13=9.636907969580 eijMax=1.841E-03 rmsd=5.244E+00 s=[ 0 0 0 1 1 0 0 0 0 0 0 0 0 0 0 1 1 1 1 1 0 0 1 0 0 0 0 0 0 0 0 0 0 0 0 1 ]
d13=9.637375945716 eijMax=1.544E-03 rmsd=5.244E+00 s=[ 0 0 0 0 0 1 1 1 1 1 1 1 1 1 1 0 0 0 0 0 1 1 0 1 1 1 1 1 1 1 1 1 1 1 1 0 ]
d13=9.637375945716 eijMax=1.544E-03 rmsd=5.244E+00 s=[ 0 0 0 1 1 0 0 0 0 0 0 0 0 0 0 1 1 1 1 1 0 0 1 0 0 0 0 0 0 0 0 0 0 0 0 1 ]
d13=9.637843921852 eijMax=1.246E-03 rmsd=5.244E+00 s=[ 0 0 0 0 0 1 1 1 1 1 1 1 1 1 1 0 0 0 0 0 1 1 0 1 1 1 1 1 1 1 1 1 1 1 1 0 ]
d13=9.637843921852 eijMax=1.246E-03 rmsd=5.244E+00 s=[ 0 0 0 1 1 0 0 0 0 0 0 0 0 0 0 1 1 1 1 1 0 0 1 0 0 0 0 0 0 0 0 0 0 0 0 1 ]
d13=9.638311897988 eijMax=9.463E-04 rmsd=5.244E+00 s=[ 0 0 0 0 0 1 1 1 1 1 1 1 1 1 1 0 0 0 0 0 1 1 0 1 1 1 1 1 1 1 1 1 1 1 1 0 ]
d13=9.638311897988 eijMax=9.463E-04 rmsd=5.244E+00 s=[ 0 0 0 1 1 0 0 0 0 0 0 0 0 0 0 1 1 1 1 1 0 0 1 0 0 0 0 0 0 0 0 0 0 0 0 1 ]
d13=9.638779874124 eijMax=6.454E-04 rmsd=5.244E+00 s=[ 0 0 0 0 0 1 1 1 1 1 1 1 1 1 1 0 0 0 0 0 1 1 0 1 1 1 1 1 1 1 1 1 1 1 1 0 ]
d13=9.638779874124 eijMax=6.454E-04 rmsd=5.244E+00 s=[ 0 0 0 1 1 0 0 0 0 0 0 0 0 0 0 1 1 1 1 1 0 0 1 0 0 0 0 0 0 0 0 0 0 0 0 1 ]
d13=9.639247850260 eijMax=3.431E-04 rmsd=5.245E+00 s=[ 0 0 0 0 0 1 1 1 1 1 1 1 1 1 1 0 0 0 0 0 1 1 0 1 1 1 1 1 1 1 1 1 1 1 1 0 ]
d13=9.639247850260 eijMax=3.431E-04 rmsd=5.245E+00 s=[ 0 0 0 1 1 0 0 0 0 0 0 0 0 0 0 1 1 1 1 1 0 0 1 0 0 0 0 0 0 0 0 0 0 0 0 1 ]
d13=9.639715826396 eijMax=3.954E-05 rmsd=5.245E+00 s=[ 0 0 0 0 0 1 1 1 1 1 1 1 1 1 1 0 0 0 0 0 1 1 0 1 1 1 1 1 1 1 1 1 1 1 1 0 ]
d13=9.639715826396 eijMax=3.954E-05 rmsd=5.245E+00 s=[ 0 0 0 1 1 0 0 0 0 0 0 0 0 0 0 1 1 1 1 1 0 0 1 0 0 0 0 0 0 0 0 0 0 0 0 1 ]
d13=9.640183802533 eijMax=2.654E-04 rmsd=5.245E+00 s=[ 0 0 0 0 0 1 1 1 1 1 1 1 1 1 1 0 0 0 0 0 1 1 0 1 1 1 1 1 1 1 1 1 1 1 1 0 ]
d13=9.640183802533 eijMax=2.654E-04 rmsd=5.245E+00 s=[ 0 0 0 1 1 0 0 0 0 0 0 0 0 0 0 1 1 1 1 1 0 0 1 0 0 0 0 0 0 0 0 0 0 0 0 1 ]
d13=9.640651778669 eijMax=5.717E-04 rmsd=5.245E+00 s=[ 0 0 0 0 0 1 1 1 1 1 1 1 1 1 1 0 0 0 0 0 1 1 0 1 1 1 1 1 1 1 1 1 1 1 1 0 ]
d13=9.640651778669 eijMax=5.717E-04 rmsd=5.245E+00 s=[ 0 0 0 1 1 0 0 0 0 0 0 0 0 0 0 1 1 1 1 1 0 0 1 0 0 0 0 0 0 0 0 0 0 0 0 1 ]
d13=9.641119754805 eijMax=8.794E-04 rmsd=5.246E+00 s=[ 0 0 0 0 0 1 1 1 1 1 1 1 1 1 1 0 0 0 0 0 1 1 0 1 1 1 1 1 1 1 1 1 1 1 1 0 ]
d13=9.641119754805 eijMax=8.794E-04 rmsd=5.246E+00 s=[ 0 0 0 1 1 0 0 0 0 0 0 0 0 0 0 1 1 1 1 1 0 0 1 0 0 0 0 0 0 0 0 0 0 0 0 1 ]
d13=9.641587730941 eijMax=1.188E-03 rmsd=5.246E+00 s=[ 0 0 0 0 0 1 1 1 1 1 1 1 1 1 1 0 0 0 0 0 1 1 0 1 1 1 1 1 1 1 1 1 1 1 1 0 ]
d13=9.641587730941 eijMax=1.188E-03 rmsd=5.246E+00 s=[ 0 0 0 1 1 0 0 0 0 0 0 0 0 0 0 1 1 1 1 1 0 0 1 0 0 0 0 0 0 0 0 0 0 0 0 1 ]
d13=9.642055707077 eijMax=1.499E-03 rmsd=5.246E+00 s=[ 0 0 0 0 0 1 1 1 1 1 1 1 1 1 1 0 0 0 0 0 1 1 0 1 1 1 1 1 1 1 1 1 1 1 1 0 ]
d13=9.642055707077 eijMax=1.499E-03 rmsd=5.246E+00 s=[ 0 0 0 1 1 0 0 0 0 0 0 0 0 0 0 1 1 1 1 1 0 0 1 0 0 0 0 0 0 0 0 0 0 0 0 1 ]
d13=9.642523683213 eijMax=1.810E-03 rmsd=5.247E+00 s=[ 0 0 0 0 0 1 1 1 1 1 1 1 1 1 1 0 0 0 0 0 1 1 0 1 1 1 1 1 1 1 1 1 1 1 1 0 ]
d13=9.642523683213 eijMax=1.810E-03 rmsd=5.247E+00 s=[ 0 0 0 1 1 0 0 0 0 0 0 0 0 0 0 1 1 1 1 1 0 0 1 0 0 0 0 0 0 0 0 0 0 0 0 1 ]
d13=9.642991659349 eijMax=2.123E-03 rmsd=5.247E+00 s=[ 0 0 0 0 0 1 1 1 1 1 1 1 1 1 1 0 0 0 0 0 1 1 0 1 1 1 1 1 1 1 1 1 1 1 1 0 ]
d13=9.642991659349 eijMax=2.123E-03 rmsd=5.247E+00 s=[ 0 0 0 1 1 0 0 0 0 0 0 0 0 0 0 1 1 1 1 1 0 0 1 0 0 0 0 0 0 0 0 0 0 0 0 1 ]
d13=9.643459635485 eijMax=2.437E-03 rmsd=5.247E+00 s=[ 0 0 0 0 0 1 1 1 1 1 1 1 1 1 1 0 0 0 0 0 1 1 0 1 1 1 1 1 1 1 1 1 1 1 1 0 ]
d13=9.643459635485 eijMax=2.437E-03 rmsd=5.247E+00 s=[ 0 0 0 1 1 0 0 0 0 0 0 0 0 0 0 1 1 1 1 1 0 0 1 0 0 0 0 0 0 0 0 0 0 0 0 1 ]
d13=9.643927611622 eijMax=2.753E-03 rmsd=5.248E+00 s=[ 0 0 0 0 0 1 1 1 1 1 1 1 1 1 1 0 0 0 0 0 1 1 0 1 1 1 1 1 1 1 1 1 1 1 1 0 ]
d13=9.643927611622 eijMax=2.753E-03 rmsd=5.248E+00 s=[ 0 0 0 1 1 0 0 0 0 0 0 0 0 0 0 1 1 1 1 1 0 0 1 0 0 0 0 0 0 0 0 0 0 0 0 1 ]
d13=9.644395587758 eijMax=3.070E-03 rmsd=5.248E+00 s=[ 0 0 0 0 0 1 1 1 1 1 1 1 1 1 1 0 0 0 0 0 1 1 0 1 1 1 1 1 1 1 1 1 1 1 1 0 ]
d13=9.644395587758 eijMax=3.070E-03 rmsd=5.248E+00 s=[ 0 0 0 1 1 0 0 0 0 0 0 0 0 0 0 1 1 1 1 1 0 0 1 0 0 0 0 0 0 0 0 0 0 0 0 1 ]
d13=9.644863563894 eijMax=3.388E-03 rmsd=5.248E+00 s=[ 0 0 0 0 0 1 1 1 1 1 1 1 1 1 1 0 0 0 0 0 1 1 0 1 1 1 1 1 1 1 1 1 1 1 1 0 ]
d13=9.644863563894 eijMax=3.388E-03 rmsd=5.248E+00 s=[ 0 0 0 1 1 0 0 0 0 0 0 0 0 0 0 1 1 1 1 1 0 0 1 0 0 0 0 0 0 0 0 0 0 0 0 1 ]
d13=9.645331540030 eijMax=3.707E-03 rmsd=5.249E+00 s=[ 0 0 0 0 0 1 1 1 1 1 1 1 1 1 1 0 0 0 0 0 1 1 0 1 1 1 1 1 1 1 1 1 1 1 1 0 ]
d13=9.645331540030 eijMax=3.707E-03 rmsd=5.249E+00 s=[ 0 0 0 1 1 0 0 0 0 0 0 0 0 0 0 1 1 1 1 1 0 0 1 0 0 0 0 0 0 0 0 0 0 0 0 1 ]
d13=9.645799516166 eijMax=4.028E-03 rmsd=5.249E+00 s=[ 0 0 0 0 0 1 1 1 1 1 1 1 1 1 1 0 0 0 0 0 1 1 0 1 1 1 1 1 1 1 1 1 1 1 1 0 ]
d13=9.645799516166 eijMax=4.028E-03 rmsd=5.249E+00 s=[ 0 0 0 1 1 0 0 0 0 0 0 0 0 0 0 1 1 1 1 1 0 0 1 0 0 0 0 0 0 0 0 0 0 0 0 1 ]
d13=9.646267492302 eijMax=4.349E-03 rmsd=5.250E+00 s=[ 0 0 0 0 0 1 1 1 1 1 1 1 1 1 1 0 0 0 0 0 1 1 0 1 1 1 1 1 1 1 1 1 1 1 1 0 ]
d13=9.646267492302 eijMax=4.349E-03 rmsd=5.250E+00 s=[ 0 0 0 1 1 0 0 0 0 0 0 0 0 0 0 1 1 1 1 1 0 0 1 0 0 0 0 0 0 0 0 0 0 0 0 1 ]
d13=9.646735468438 eijMax=4.672E-03 rmsd=5.250E+00 s=[ 0 0 0 0 0 1 1 1 1 1 1 1 1 1 1 0 0 0 0 0 1 1 0 1 1 1 1 1 1 1 1 1 1 1 1 0 ]
d13=9.646735468438 eijMax=4.672E-03 rmsd=5.250E+00 s=[ 0 0 0 1 1 0 0 0 0 0 0 0 0 0 0 1 1 1 1 1 0 0 1 0 0 0 0 0 0 0 0 0 0 0 0 1 ]
d13=9.647203444575 eijMax=4.997E-03 rmsd=5.251E+00 s=[ 0 0 0 0 0 1 1 1 1 1 1 1 1 1 1 0 0 0 0 0 1 1 0 1 1 1 1 1 1 1 1 1 1 1 1 0 ]
d13=9.647203444575 eijMax=4.997E-03 rmsd=5.251E+00 s=[ 0 0 0 1 1 0 0 0 0 0 0 0 0 0 0 1 1 1 1 1 0 0 1 0 0 0 0 0 0 0 0 0 0 0 0 1 ]
d13=9.647671420711 eijMax=5.322E-03 rmsd=5.252E+00 s=[ 0 0 0 0 0 1 1 1 1 1 1 1 1 1 1 0 0 0 0 0 1 1 0 1 1 1 1 1 1 1 1 1 1 1 1 0 ]
d13=9.647671420711 eijMax=5.322E-03 rmsd=5.252E+00 s=[ 0 0 0 1 1 0 0 0 0 0 0 0 0 0 0 1 1 1 1 1 0 0 1 0 0 0 0 0 0 0 0 0 0 0 0 1 ]
d13=9.648139396847 eijMax=5.649E-03 rmsd=5.252E+00 s=[ 0 0 0 0 0 1 1 1 1 1 1 1 1 1 1 0 0 0 0 0 1 1 0 1 1 1 1 1 1 1 1 1 1 1 1 0 ]
d13=9.648139396847 eijMax=5.649E-03 rmsd=5.252E+00 s=[ 0 0 0 1 1 0 0 0 0 0 0 0 0 0 0 1 1 1 1 1 0 0 1 0 0 0 0 0 0 0 0 0 0 0 0 1 ]
d13=9.648607372983 eijMax=5.976E-03 rmsd=5.253E+00 s=[ 0 0 0 0 0 1 1 1 1 1 1 1 1 1 1 0 0 0 0 0 1 1 0 1 1 1 1 1 1 1 1 1 1 1 1 0 ]
d13=9.648607372983 eijMax=5.976E-03 rmsd=5.253E+00 s=[ 0 0 0 1 1 0 0 0 0 0 0 0 0 0 0 1 1 1 1 1 0 0 1 0 0 0 0 0 0 0 0 0 0 0 0 1 ]
d13=9.649075349119 eijMax=6.305E-03 rmsd=5.253E+00 s=[ 0 0 0 0 0 1 1 1 1 1 1 1 1 1 1 0 0 0 0 0 1 1 0 1 1 1 1 1 1 1 1 1 1 1 1 0 ]
d13=9.649075349119 eijMax=6.305E-03 rmsd=5.253E+00 s=[ 0 0 0 1 1 0 0 0 0 0 0 0 0 0 0 1 1 1 1 1 0 0 1 0 0 0 0 0 0 0 0 0 0 0 0 1 ]
d13=9.649543325255 eijMax=6.635E-03 rmsd=5.254E+00 s=[ 0 0 0 0 0 1 1 1 1 1 1 1 1 1 1 0 0 0 0 0 1 1 0 1 1 1 1 1 1 1 1 1 1 1 1 0 ]
d13=9.649543325255 eijMax=6.635E-03 rmsd=5.254E+00 s=[ 0 0 0 1 1 0 0 0 0 0 0 0 0 0 0 1 1 1 1 1 0 0 1 0 0 0 0 0 0 0 0 0 0 0 0 1 ]
d13=9.650011301391 eijMax=6.966E-03 rmsd=5.255E+00 s=[ 0 0 0 0 0 1 1 1 1 1 1 1 1 1 1 0 0 0 0 0 1 1 0 1 1 1 1 1 1 1 1 1 1 1 1 0 ]
d13=9.650011301391 eijMax=6.966E-03 rmsd=5.255E+00 s=[ 0 0 0 1 1 0 0 0 0 0 0 0 0 0 0 1 1 1 1 1 0 0 1 0 0 0 0 0 0 0 0 0 0 0 0 1 ]
d13=9.650479277528 eijMax=7.298E-03 rmsd=5.255E+00 s=[ 0 0 0 0 0 1 1 1 1 1 1 1 1 1 1 0 0 0 0 0 1 1 0 1 1 1 1 1 1 1 1 1 1 1 1 0 ]
d13=9.650479277528 eijMax=7.298E-03 rmsd=5.255E+00 s=[ 0 0 0 1 1 0 0 0 0 0 0 0 0 0 0 1 1 1 1 1 0 0 1 0 0 0 0 0 0 0 0 0 0 0 0 1 ]
d13=9.650947253664 eijMax=7.632E-03 rmsd=5.256E+00 s=[ 0 0 0 0 0 1 1 1 1 1 1 1 1 1 1 0 0 0 0 0 1 1 0 1 1 1 1 1 1 1 1 1 1 1 1 0 ]
d13=9.650947253664 eijMax=7.632E-03 rmsd=5.256E+00 s=[ 0 0 0 1 1 0 0 0 0 0 0 0 0 0 0 1 1 1 1 1 0 0 1 0 0 0 0 0 0 0 0 0 0 0 0 1 ]
d13=9.651415229800 eijMax=9.798E-03 rmsd=9.109E+00 s=[ 0 0 0 0 0 1 1 1 1 1 1 1 0 0 0 1 1 1 1 1 1 1 0 1 1 1 1 1 1 1 1 1 1 1 1 0 ]
d13=9.651415229800 eijMax=7.966E-03 rmsd=5.257E+00 s=[ 0 0 0 0 0 1 1 1 1 1 1 1 1 1 1 0 0 0 0 0 1 1 0 1 1 1 1 1 1 1 1 1 1 1 1 0 ]
d13=9.651415229800 eijMax=7.966E-03 rmsd=5.257E+00 s=[ 0 0 0 1 1 0 0 0 0 0 0 0 0 0 0 1 1 1 1 1 0 0 1 0 0 0 0 0 0 0 0 0 0 0 0 1 ]
d13=9.651415229800 eijMax=9.798E-03 rmsd=9.109E+00 s=[ 0 0 0 1 1 0 0 0 0 0 0 0 1 1 1 0 0 0 0 0 0 0 1 0 0 0 0 0 0 0 0 0 0 0 0 1 ]
d13=9.651883205936 eijMax=9.309E-03 rmsd=9.107E+00 s=[ 0 0 0 0 0 1 1 1 1 1 1 1 0 0 0 1 1 1 1 1 1 1 0 1 1 1 1 1 1 1 1 1 1 1 1 0 ]
d13=9.651883205936 eijMax=8.302E-03 rmsd=5.258E+00 s=[ 0 0 0 0 0 1 1 1 1 1 1 1 1 1 1 0 0 0 0 0 1 1 0 1 1 1 1 1 1 1 1 1 1 1 1 0 ]
d13=9.651883205936 eijMax=8.302E-03 rmsd=5.258E+00 s=[ 0 0 0 1 1 0 0 0 0 0 0 0 0 0 0 1 1 1 1 1 0 0 1 0 0 0 0 0 0 0 0 0 0 0 0 1 ]
d13=9.651883205936 eijMax=9.309E-03 rmsd=9.107E+00 s=[ 0 0 0 1 1 0 0 0 0 0 0 0 1 1 1 0 0 0 0 0 0 0 1 0 0 0 0 0 0 0 0 0 0 0 0 1 ]
d13=9.652351182072 eijMax=8.814E-03 rmsd=9.104E+00 s=[ 0 0 0 0 0 1 1 1 1 1 1 1 0 0 0 1 1 1 1 1 1 1 0 1 1 1 1 1 1 1 1 1 1 1 1 0 ]
d13=9.652351182072 eijMax=8.638E-03 rmsd=5.258E+00 s=[ 0 0 0 0 0 1 1 1 1 1 1 1 1 1 1 0 0 0 0 0 1 1 0 1 1 1 1 1 1 1 1 1 1 1 1 0 ]
d13=9.652351182072 eijMax=8.638E-03 rmsd=5.258E+00 s=[ 0 0 0 1 1 0 0 0 0 0 0 0 0 0 0 1 1 1 1 1 0 0 1 0 0 0 0 0 0 0 0 0 0 0 0 1 ]
d13=9.652351182072 eijMax=8.814E-03 rmsd=9.104E+00 s=[ 0 0 0 1 1 0 0 0 0 0 0 0 1 1 1 0 0 0 0 0 0 0 1 0 0 0 0 0 0 0 0 0 0 0 0 1 ]
d13=9.652819158208 eijMax=8.314E-03 rmsd=9.101E+00 s=[ 0 0 0 0 0 1 1 1 1 1 1 1 0 0 0 1 1 1 1 1 1 1 0 1 1 1 1 1 1 1 1 1 1 1 1 0 ]
d13=9.652819158208 eijMax=8.976E-03 rmsd=5.259E+00 s=[ 0 0 0 0 0 1 1 1 1 1 1 1 1 1 1 0 0 0 0 0 1 1 0 1 1 1 1 1 1 1 1 1 1 1 1 0 ]
d13=9.652819158208 eijMax=8.976E-03 rmsd=5.259E+00 s=[ 0 0 0 1 1 0 0 0 0 0 0 0 0 0 0 1 1 1 1 1 0 0 1 0 0 0 0 0 0 0 0 0 0 0 0 1 ]
d13=9.652819158208 eijMax=8.314E-03 rmsd=9.101E+00 s=[ 0 0 0 1 1 0 0 0 0 0 0 0 1 1 1 0 0 0 0 0 0 0 1 0 0 0 0 0 0 0 0 0 0 0 0 1 ]
d13=9.653287134344 eijMax=7.807E-03 rmsd=9.098E+00 s=[ 0 0 0 0 0 1 1 1 1 1 1 1 0 0 0 1 1 1 1 1 1 1 0 1 1 1 1 1 1 1 1 1 1 1 1 0 ]
d13=9.653287134344 eijMax=9.314E-03 rmsd=5.260E+00 s=[ 0 0 0 0 0 1 1 1 1 1 1 1 1 1 1 0 0 0 0 0 1 1 0 1 1 1 1 1 1 1 1 1 1 1 1 0 ]
d13=9.653287134344 eijMax=9.314E-03 rmsd=5.260E+00 s=[ 0 0 0 1 1 0 0 0 0 0 0 0 0 0 0 1 1 1 1 1 0 0 1 0 0 0 0 0 0 0 0 0 0 0 0 1 ]
d13=9.653287134344 eijMax=7.807E-03 rmsd=9.098E+00 s=[ 0 0 0 1 1 0 0 0 0 0 0 0 1 1 1 0 0 0 0 0 0 0 1 0 0 0 0 0 0 0 0 0 0 0 0 1 ]
d13=9.653755110480 eijMax=7.295E-03 rmsd=9.096E+00 s=[ 0 0 0 0 0 1 1 1 1 1 1 1 0 0 0 1 1 1 1 1 1 1 0 1 1 1 1 1 1 1 1 1 1 1 1 0 ]
d13=9.653755110480 eijMax=9.654E-03 rmsd=5.261E+00 s=[ 0 0 0 0 0 1 1 1 1 1 1 1 1 1 1 0 0 0 0 0 1 1 0 1 1 1 1 1 1 1 1 1 1 1 1 0 ]
d13=9.653755110480 eijMax=9.654E-03 rmsd=5.261E+00 s=[ 0 0 0 1 1 0 0 0 0 0 0 0 0 0 0 1 1 1 1 1 0 0 1 0 0 0 0 0 0 0 0 0 0 0 0 1 ]
d13=9.653755110480 eijMax=7.295E-03 rmsd=9.096E+00 s=[ 0 0 0 1 1 0 0 0 0 0 0 0 1 1 1 0 0 0 0 0 0 0 1 0 0 0 0 0 0 0 0 0 0 0 0 1 ]
d13=9.654223086617 eijMax=6.777E-03 rmsd=9.093E+00 s=[ 0 0 0 0 0 1 1 1 1 1 1 1 0 0 0 1 1 1 1 1 1 1 0 1 1 1 1 1 1 1 1 1 1 1 1 0 ]
d13=9.654223086617 eijMax=9.994E-03 rmsd=5.262E+00 s=[ 0 0 0 0 0 1 1 1 1 1 1 1 1 1 1 0 0 0 0 0 1 1 0 1 1 1 1 1 1 1 1 1 1 1 1 0 ]
d13=9.654223086617 eijMax=9.994E-03 rmsd=5.262E+00 s=[ 0 0 0 1 1 0 0 0 0 0 0 0 0 0 0 1 1 1 1 1 0 0 1 0 0 0 0 0 0 0 0 0 0 0 0 1 ]
d13=9.654223086617 eijMax=6.777E-03 rmsd=9.093E+00 s=[ 0 0 0 1 1 0 0 0 0 0 0 0 1 1 1 0 0 0 0 0 0 0 1 0 0 0 0 0 0 0 0 0 0 0 0 1 ]
d13=9.654691062753 eijMax=6.253E-03 rmsd=9.090E+00 s=[ 0 0 0 0 0 1 1 1 1 1 1 1 0 0 0 1 1 1 1 1 1 1 0 1 1 1 1 1 1 1 1 1 1 1 1 0 ]
d13=9.654691062753 eijMax=6.253E-03 rmsd=9.090E+00 s=[ 0 0 0 1 1 0 0 0 0 0 0 0 1 1 1 0 0 0 0 0 0 0 1 0 0 0 0 0 0 0 0 0 0 0 0 1 ]
d13=9.655159038889 eijMax=5.722E-03 rmsd=9.088E+00 s=[ 0 0 0 0 0 1 1 1 1 1 1 1 0 0 0 1 1 1 1 1 1 1 0 1 1 1 1 1 1 1 1 1 1 1 1 0 ]
d13=9.655159038889 eijMax=5.722E-03 rmsd=9.088E+00 s=[ 0 0 0 1 1 0 0 0 0 0 0 0 1 1 1 0 0 0 0 0 0 0 1 0 0 0 0 0 0 0 0 0 0 0 0 1 ]
d13=9.655627015025 eijMax=5.186E-03 rmsd=9.085E+00 s=[ 0 0 0 0 0 1 1 1 1 1 1 1 0 0 0 1 1 1 1 1 1 1 0 1 1 1 1 1 1 1 1 1 1 1 1 0 ]
d13=9.655627015025 eijMax=5.186E-03 rmsd=9.085E+00 s=[ 0 0 0 1 1 0 0 0 0 0 0 0 1 1 1 0 0 0 0 0 0 0 1 0 0 0 0 0 0 0 0 0 0 0 0 1 ]
d13=9.656094991161 eijMax=4.643E-03 rmsd=9.082E+00 s=[ 0 0 0 0 0 1 1 1 1 1 1 1 0 0 0 1 1 1 1 1 1 1 0 1 1 1 1 1 1 1 1 1 1 1 1 0 ]
d13=9.656094991161 eijMax=4.643E-03 rmsd=9.082E+00 s=[ 0 0 0 1 1 0 0 0 0 0 0 0 1 1 1 0 0 0 0 0 0 0 1 0 0 0 0 0 0 0 0 0 0 0 0 1 ]
d13=9.656562967297 eijMax=4.094E-03 rmsd=9.080E+00 s=[ 0 0 0 0 0 1 1 1 1 1 1 1 0 0 0 1 1 1 1 1 1 1 0 1 1 1 1 1 1 1 1 1 1 1 1 0 ]
d13=9.656562967297 eijMax=4.094E-03 rmsd=9.080E+00 s=[ 0 0 0 1 1 0 0 0 0 0 0 0 1 1 1 0 0 0 0 0 0 0 1 0 0 0 0 0 0 0 0 0 0 0 0 1 ]
d13=9.657030943433 eijMax=3.539E-03 rmsd=9.077E+00 s=[ 0 0 0 0 0 1 1 1 1 1 1 1 0 0 0 1 1 1 1 1 1 1 0 1 1 1 1 1 1 1 1 1 1 1 1 0 ]
d13=9.657030943433 eijMax=3.539E-03 rmsd=9.077E+00 s=[ 0 0 0 1 1 0 0 0 0 0 0 0 1 1 1 0 0 0 0 0 0 0 1 0 0 0 0 0 0 0 0 0 0 0 0 1 ]
d13=9.657498919570 eijMax=2.977E-03 rmsd=9.075E+00 s=[ 0 0 0 0 0 1 1 1 1 1 1 1 0 0 0 1 1 1 1 1 1 1 0 1 1 1 1 1 1 1 1 1 1 1 1 0 ]
d13=9.657498919570 eijMax=2.977E-03 rmsd=9.075E+00 s=[ 0 0 0 1 1 0 0 0 0 0 0 0 1 1 1 0 0 0 0 0 0 0 1 0 0 0 0 0 0 0 0 0 0 0 0 1 ]
d13=9.657966895706 eijMax=2.408E-03 rmsd=9.072E+00 s=[ 0 0 0 0 0 1 1 1 1 1 1 1 0 0 0 1 1 1 1 1 1 1 0 1 1 1 1 1 1 1 1 1 1 1 1 0 ]
d13=9.657966895706 eijMax=2.408E-03 rmsd=9.072E+00 s=[ 0 0 0 1 1 0 0 0 0 0 0 0 1 1 1 0 0 0 0 0 0 0 1 0 0 0 0 0 0 0 0 0 0 0 0 1 ]
d13=9.658434871842 eijMax=1.833E-03 rmsd=9.070E+00 s=[ 0 0 0 0 0 1 1 1 1 1 1 1 0 0 0 1 1 1 1 1 1 1 0 1 1 1 1 1 1 1 1 1 1 1 1 0 ]
d13=9.658434871842 eijMax=1.833E-03 rmsd=9.070E+00 s=[ 0 0 0 1 1 0 0 0 0 0 0 0 1 1 1 0 0 0 0 0 0 0 1 0 0 0 0 0 0 0 0 0 0 0 0 1 ]
d13=9.658902847978 eijMax=1.251E-03 rmsd=9.067E+00 s=[ 0 0 0 0 0 1 1 1 1 1 1 1 0 0 0 1 1 1 1 1 1 1 0 1 1 1 1 1 1 1 1 1 1 1 1 0 ]
d13=9.658902847978 eijMax=1.251E-03 rmsd=9.067E+00 s=[ 0 0 0 1 1 0 0 0 0 0 0 0 1 1 1 0 0 0 0 0 0 0 1 0 0 0 0 0 0 0 0 0 0 0 0 1 ]
d13=9.659370824114 eijMax=6.622E-04 rmsd=9.065E+00 s=[ 0 0 0 0 0 1 1 1 1 1 1 1 0 0 0 1 1 1 1 1 1 1 0 1 1 1 1 1 1 1 1 1 1 1 1 0 ]
d13=9.659370824114 eijMax=6.622E-04 rmsd=9.065E+00 s=[ 0 0 0 1 1 0 0 0 0 0 0 0 1 1 1 0 0 0 0 0 0 0 1 0 0 0 0 0 0 0 0 0 0 0 0 1 ]
d13=9.659838800250 eijMax=6.664E-05 rmsd=9.062E+00 s=[ 0 0 0 0 0 1 1 1 1 1 1 1 0 0 0 1 1 1 1 1 1 1 0 1 1 1 1 1 1 1 1 1 1 1 1 0 ]
d13=9.659838800250 eijMax=6.664E-05 rmsd=9.062E+00 s=[ 0 0 0 1 1 0 0 0 0 0 0 0 1 1 1 0 0 0 0 0 0 0 1 0 0 0 0 0 0 0 0 0 0 0 0 1 ]
d13=9.660306776386 eijMax=5.359E-04 rmsd=9.060E+00 s=[ 0 0 0 0 0 1 1 1 1 1 1 1 0 0 0 1 1 1 1 1 1 1 0 1 1 1 1 1 1 1 1 1 1 1 1 0 ]
d13=9.660306776386 eijMax=5.359E-04 rmsd=9.060E+00 s=[ 0 0 0 1 1 0 0 0 0 0 0 0 1 1 1 0 0 0 0 0 0 0 1 0 0 0 0 0 0 0 0 0 0 0 0 1 ]
d13=9.660774752523 eijMax=1.146E-03 rmsd=9.058E+00 s=[ 0 0 0 0 0 1 1 1 1 1 1 1 0 0 0 1 1 1 1 1 1 1 0 1 1 1 1 1 1 1 1 1 1 1 1 0 ]
d13=9.660774752523 eijMax=1.146E-03 rmsd=9.058E+00 s=[ 0 0 0 1 1 0 0 0 0 0 0 0 1 1 1 0 0 0 0 0 0 0 1 0 0 0 0 0 0 0 0 0 0 0 0 1 ]
d13=9.661242728659 eijMax=1.762E-03 rmsd=9.055E+00 s=[ 0 0 0 0 0 1 1 1 1 1 1 1 0 0 0 1 1 1 1 1 1 1 0 1 1 1 1 1 1 1 1 1 1 1 1 0 ]
d13=9.661242728659 eijMax=1.762E-03 rmsd=9.055E+00 s=[ 0 0 0 1 1 0 0 0 0 0 0 0 1 1 1 0 0 0 0 0 0 0 1 0 0 0 0 0 0 0 0 0 0 0 0 1 ]
d13=9.661710704795 eijMax=2.387E-03 rmsd=9.053E+00 s=[ 0 0 0 0 0 1 1 1 1 1 1 1 0 0 0 1 1 1 1 1 1 1 0 1 1 1 1 1 1 1 1 1 1 1 1 0 ]
d13=9.661710704795 eijMax=2.387E-03 rmsd=9.053E+00 s=[ 0 0 0 1 1 0 0 0 0 0 0 0 1 1 1 0 0 0 0 0 0 0 1 0 0 0 0 0 0 0 0 0 0 0 0 1 ]
d13=9.662178680931 eijMax=3.018E-03 rmsd=9.051E+00 s=[ 0 0 0 0 0 1 1 1 1 1 1 1 0 0 0 1 1 1 1 1 1 1 0 1 1 1 1 1 1 1 1 1 1 1 1 0 ]
d13=9.662178680931 eijMax=3.018E-03 rmsd=9.051E+00 s=[ 0 0 0 1 1 0 0 0 0 0 0 0 1 1 1 0 0 0 0 0 0 0 1 0 0 0 0 0 0 0 0 0 0 0 0 1 ]
d13=9.662646657067 eijMax=3.657E-03 rmsd=9.048E+00 s=[ 0 0 0 0 0 1 1 1 1 1 1 1 0 0 0 1 1 1 1 1 1 1 0 1 1 1 1 1 1 1 1 1 1 1 1 0 ]
d13=9.662646657067 eijMax=3.657E-03 rmsd=9.048E+00 s=[ 0 0 0 1 1 0 0 0 0 0 0 0 1 1 1 0 0 0 0 0 0 0 1 0 0 0 0 0 0 0 0 0 0 0 0 1 ]
d13=9.663114633203 eijMax=4.304E-03 rmsd=9.046E+00 s=[ 0 0 0 0 0 1 1 1 1 1 1 1 0 0 0 1 1 1 1 1 1 1 0 1 1 1 1 1 1 1 1 1 1 1 1 0 ]
d13=9.663114633203 eijMax=4.304E-03 rmsd=9.046E+00 s=[ 0 0 0 1 1 0 0 0 0 0 0 0 1 1 1 0 0 0 0 0 0 0 1 0 0 0 0 0 0 0 0 0 0 0 0 1 ]
d13=9.663582609339 eijMax=4.958E-03 rmsd=9.044E+00 s=[ 0 0 0 0 0 1 1 1 1 1 1 1 0 0 0 1 1 1 1 1 1 1 0 1 1 1 1 1 1 1 1 1 1 1 1 0 ]
d13=9.663582609339 eijMax=4.958E-03 rmsd=9.044E+00 s=[ 0 0 0 1 1 0 0 0 0 0 0 0 1 1 1 0 0 0 0 0 0 0 1 0 0 0 0 0 0 0 0 0 0 0 0 1 ]
d13=9.664050585475 eijMax=5.620E-03 rmsd=9.042E+00 s=[ 0 0 0 0 0 1 1 1 1 1 1 1 0 0 0 1 1 1 1 1 1 1 0 1 1 1 1 1 1 1 1 1 1 1 1 0 ]
d13=9.664050585475 eijMax=5.620E-03 rmsd=9.042E+00 s=[ 0 0 0 1 1 0 0 0 0 0 0 0 1 1 1 0 0 0 0 0 0 0 1 0 0 0 0 0 0 0 0 0 0 0 0 1 ]
d13=9.664518561612 eijMax=6.290E-03 rmsd=9.040E+00 s=[ 0 0 0 0 0 1 1 1 1 1 1 1 0 0 0 1 1 1 1 1 1 1 0 1 1 1 1 1 1 1 1 1 1 1 1 0 ]
d13=9.664518561612 eijMax=6.290E-03 rmsd=9.040E+00 s=[ 0 0 0 1 1 0 0 0 0 0 0 0 1 1 1 0 0 0 0 0 0 0 1 0 0 0 0 0 0 0 0 0 0 0 0 1 ]
d13=9.664986537748 eijMax=6.968E-03 rmsd=9.038E+00 s=[ 0 0 0 0 0 1 1 1 1 1 1 1 0 0 0 1 1 1 1 1 1 1 0 1 1 1 1 1 1 1 1 1 1 1 1 0 ]
d13=9.664986537748 eijMax=6.968E-03 rmsd=9.038E+00 s=[ 0 0 0 1 1 0 0 0 0 0 0 0 1 1 1 0 0 0 0 0 0 0 1 0 0 0 0 0 0 0 0 0 0 0 0 1 ]
d13=9.665454513884 eijMax=7.654E-03 rmsd=9.035E+00 s=[ 0 0 0 0 0 1 1 1 1 1 1 1 0 0 0 1 1 1 1 1 1 1 0 1 1 1 1 1 1 1 1 1 1 1 1 0 ]
d13=9.665454513884 eijMax=7.654E-03 rmsd=9.035E+00 s=[ 0 0 0 1 1 0 0 0 0 0 0 0 1 1 1 0 0 0 0 0 0 0 1 0 0 0 0 0 0 0 0 0 0 0 0 1 ]
d13=9.665922490020 eijMax=8.348E-03 rmsd=9.033E+00 s=[ 0 0 0 0 0 1 1 1 1 1 1 1 0 0 0 1 1 1 1 1 1 1 0 1 1 1 1 1 1 1 1 1 1 1 1 0 ]
d13=9.665922490020 eijMax=8.348E-03 rmsd=9.033E+00 s=[ 0 0 0 1 1 0 0 0 0 0 0 0 1 1 1 0 0 0 0 0 0 0 1 0 0 0 0 0 0 0 0 0 0 0 0 1 ]
d13=9.666390466156 eijMax=9.051E-03 rmsd=9.031E+00 s=[ 0 0 0 0 0 1 1 1 1 1 1 1 0 0 0 1 1 1 1 1 1 1 0 1 1 1 1 1 1 1 1 1 1 1 1 0 ]
d13=9.666390466156 eijMax=9.051E-03 rmsd=9.031E+00 s=[ 0 0 0 1 1 0 0 0 0 0 0 0 1 1 1 0 0 0 0 0 0 0 1 0 0 0 0 0 0 0 0 0 0 0 0 1 ]
d13=9.666858442292 eijMax=9.763E-03 rmsd=9.029E+00 s=[ 0 0 0 0 0 1 1 1 1 1 1 1 0 0 0 1 1 1 1 1 1 1 0 1 1 1 1 1 1 1 1 1 1 1 1 0 ]
d13=9.666858442292 eijMax=9.763E-03 rmsd=9.029E+00 s=[ 0 0 0 1 1 0 0 0 0 0 0 0 1 1 1 0 0 0 0 0 0 0 1 0 0 0 0 0 0 0 0 0 0 0 0 1 ]
d13=9.695404986597 eijMax=7.916E-03 rmsd=6.570E+00 s=[ 0 0 0 0 1 0 0 0 0 0 0 0 1 1 1 0 0 0 0 0 0 1 0 1 1 1 1 1 1 1 1 1 1 1 1 0 ]
d13=9.695404986597 eijMax=7.916E-03 rmsd=6.570E+00 s=[ 0 0 0 1 0 1 1 1 1 1 1 1 0 0 0 1 1 1 1 1 1 0 1 0 0 0 0 0 0 0 0 0 0 0 0 1 ]
d13=9.695872962733 eijMax=4.489E-03 rmsd=6.605E+00 s=[ 0 0 0 0 1 0 0 0 0 0 0 0 1 1 1 0 0 0 0 0 0 1 0 1 1 1 1 1 1 1 1 1 1 1 1 0 ]
d13=9.695872962733 eijMax=4.489E-03 rmsd=6.605E+00 s=[ 0 0 0 1 0 1 1 1 1 1 1 1 0 0 0 1 1 1 1 1 1 0 1 0 0 0 0 0 0 0 0 0 0 0 0 1 ]
d13=9.696340938869 eijMax=9.749E-04 rmsd=6.590E+00 s=[ 0 0 0 0 1 0 0 0 0 0 0 0 1 1 1 0 0 0 0 0 0 1 0 1 1 1 1 1 1 1 1 1 1 1 1 0 ]
d13=9.696340938869 eijMax=9.749E-04 rmsd=6.590E+00 s=[ 0 0 0 1 0 1 1 1 1 1 1 1 0 0 0 1 1 1 1 1 1 0 1 0 0 0 0 0 0 0 0 0 0 0 0 1 ]
d13=9.696808915005 eijMax=2.630E-03 rmsd=6.570E+00 s=[ 0 0 0 0 1 0 0 0 0 0 0 0 1 1 1 0 0 0 0 0 0 1 0 1 1 1 1 1 1 1 1 1 1 1 1 0 ]
d13=9.696808915005 eijMax=2.630E-03 rmsd=6.570E+00 s=[ 0 0 0 1 0 1 1 1 1 1 1 1 0 0 0 1 1 1 1 1 1 0 1 0 0 0 0 0 0 0 0 0 0 0 0 1 ]
d13=9.697276891141 eijMax=6.326E-03 rmsd=6.552E+00 s=[ 0 0 0 0 1 0 0 0 0 0 0 0 1 1 1 0 0 0 0 0 0 1 0 1 1 1 1 1 1 1 1 1 1 1 1 0 ]
d13=9.697276891141 eijMax=6.326E-03 rmsd=6.552E+00 s=[ 0 0 0 1 0 1 1 1 1 1 1 1 0 0 0 1 1 1 1 1 1 0 1 0 0 0 0 0 0 0 0 0 0 0 0 1 ]
d13=9.699616771822 eijMax=8.400E-03 rmsd=1.197E-01 s=[ 0 0 0 0 0 1 1 1 1 1 1 1 1 0 0 1 1 1 1 1 0 1 0 1 1 1 1 1 1 1 1 1 1 1 1 0 ]
d13=9.699616771822 eijMax=8.400E-03 rmsd=1.197E-01 s=[ 0 0 0 1 1 0 0 0 0 0 0 0 0 1 1 0 0 0 0 0 1 0 1 0 0 0 0 0 0 0 0 0 0 0 0 1 ]
d13=9.700084747958 eijMax=6.574E-03 rmsd=9.453E-02 s=[ 0 0 0 0 0 1 1 1 1 1 1 1 1 0 0 1 1 1 1 1 0 1 0 1 1 1 1 1 1 1 1 1 1 1 1 0 ]
d13=9.700084747958 eijMax=6.574E-03 rmsd=9.453E-02 s=[ 0 0 0 1 1 0 0 0 0 0 0 0 0 1 1 0 0 0 0 0 1 0 1 0 0 0 0 0 0 0 0 0 0 0 0 1 ]
d13=9.700552724094 eijMax=4.724E-03 rmsd=6.855E-02 s=[ 0 0 0 0 0 1 1 1 1 1 1 1 1 0 0 1 1 1 1 1 0 1 0 1 1 1 1 1 1 1 1 1 1 1 1 0 ]
d13=9.700552724094 eijMax=4.724E-03 rmsd=6.855E-02 s=[ 0 0 0 1 1 0 0 0 0 0 0 0 0 1 1 0 0 0 0 0 1 0 1 0 0 0 0 0 0 0 0 0 0 0 0 1 ]
d13=9.701020700230 eijMax=2.848E-03 rmsd=4.171E-02 s=[ 0 0 0 0 0 1 1 1 1 1 1 1 1 0 0 1 1 1 1 1 0 1 0 1 1 1 1 1 1 1 1 1 1 1 1 0 ]
d13=9.701020700230 eijMax=2.848E-03 rmsd=4.171E-02 s=[ 0 0 0 1 1 0 0 0 0 0 0 0 0 1 1 0 0 0 0 0 1 0 1 0 0 0 0 0 0 0 0 0 0 0 0 1 ]
d13=9.701488676366 eijMax=9.432E-04 rmsd=1.393E-02 s=[ 0 0 0 0 0 1 1 1 1 1 1 1 1 0 0 1 1 1 1 1 0 1 0 1 1 1 1 1 1 1 1 1 1 1 1 0 ]
d13=9.701488676366 eijMax=9.432E-04 rmsd=1.393E-02 s=[ 0 0 0 1 1 0 0 0 0 0 0 0 0 1 1 0 0 0 0 0 1 0 1 0 0 0 0 0 0 0 0 0 0 0 0 1 ]
d13=9.701956652503 eijMax=9.927E-04 rmsd=1.490E-02 s=[ 0 0 0 0 0 1 1 1 1 1 1 1 1 0 0 1 1 1 1 1 0 1 0 1 1 1 1 1 1 1 1 1 1 1 1 0 ]
d13=9.701956652503 eijMax=9.927E-04 rmsd=1.490E-02 s=[ 0 0 0 1 1 0 0 0 0 0 0 0 0 1 1 0 0 0 0 0 1 0 1 0 0 0 0 0 0 0 0 0 0 0 0 1 ]
d13=9.702424628639 eijMax=2.962E-03 rmsd=4.492E-02 s=[ 0 0 0 0 0 1 1 1 1 1 1 1 1 0 0 1 1 1 1 1 0 1 0 1 1 1 1 1 1 1 1 1 1 1 1 0 ]
d13=9.702424628639 eijMax=2.962E-03 rmsd=4.492E-02 s=[ 0 0 0 1 1 0 0 0 0 0 0 0 0 1 1 0 0 0 0 0 1 0 1 0 0 0 0 0 0 0 0 0 0 0 0 1 ]
d13=9.702892604775 eijMax=4.969E-03 rmsd=7.626E-02 s=[ 0 0 0 0 0 1 1 1 1 1 1 1 1 0 0 1 1 1 1 1 0 1 0 1 1 1 1 1 1 1 1 1 1 1 1 0 ]
d13=9.702892604775 eijMax=4.969E-03 rmsd=7.626E-02 s=[ 0 0 0 1 1 0 0 0 0 0 0 0 0 1 1 0 0 0 0 0 1 0 1 0 0 0 0 0 0 0 0 0 0 0 0 1 ]
d13=9.703360580911 eijMax=7.018E-03 rmsd=1.091E-01 s=[ 0 0 0 0 0 1 1 1 1 1 1 1 1 0 0 1 1 1 1 1 0 1 0 1 1 1 1 1 1 1 1 1 1 1 1 0 ]
d13=9.703360580911 eijMax=7.018E-03 rmsd=1.091E-01 s=[ 0 0 0 1 1 0 0 0 0 0 0 0 0 1 1 0 0 0 0 0 1 0 1 0 0 0 0 0 0 0 0 0 0 0 0 1 ]
d13=9.703828557047 eijMax=9.113E-03 rmsd=1.438E-01 s=[ 0 0 0 0 0 1 1 1 1 1 1 1 1 0 0 1 1 1 1 1 0 1 0 1 1 1 1 1 1 1 1 1 1 1 1 0 ]
d13=9.703828557047 eijMax=9.113E-03 rmsd=1.438E-01 s=[ 0 0 0 1 1 0 0 0 0 0 0 0 0 1 1 0 0 0 0 0 1 0 1 0 0 0 0 0 0 0 0 0 0 0 0 1 ]
num ..... 1000
nnodes .. 36
nedges .. 264
nsols ... 694
tsecs ... 49.000978
