d13=9.452099939091 eijMax=7.910E-03 rmsd=6.283E+00 s=[ 0 0 0 0 0 1 1 1 1 1 1 1 1 1 1 0 0 0 0 0 1 1 0 1 1 1 1 1 1 1 1 1 1 1 1 0 ]
d13=9.452099939091 eijMax=7.910E-03 rmsd=6.283E+00 s=[ 0 0 0 1 1 0 0 0 0 0 0 0 0 0 0 1 1 1 1 1 0 0 1 0 0 0 0 0 0 0 0 0 0 0 0 1 ]
d13=9.456822243737 eijMax=4.766E-03 rmsd=6.231E+00 s=[ 0 0 0 0 0 1 1 1 1 1 1 1 1 1 1 0 0 0 0 0 1 1 0 1 1 1 1 1 1 1 1 1 1 1 1 0 ]
d13=9.456822243737 eijMax=4.766E-03 rmsd=6.231E+00 s=[ 0 0 0 1 1 0 0 0 0 0 0 0 0 0 0 1 1 1 1 1 0 0 1 0 0 0 0 0 0 0 0 0 0 0 0 1 ]
d13=9.461544548384 eijMax=1.720E-03 rmsd=6.180E+00 s=[ 0 0 0 0 0 1 1 1 1 1 1 1 1 1 1 0 0 0 0 0 1 1 0 1 1 1 1 1 1 1 1 1 1 1 1 0 ]
d13=9.461544548384 eijMax=1.720E-03 rmsd=6.180E+00 s=[ 0 0 0 1 1 0 0 0 0 0 0 0 0 0 0 1 1 1 1 1 0 0 1 0 0 0 0 0 0 0 0 0 0 0 0 1 ]
d13=9.466266853030 eijMax=1.218E-03 rmsd=6.131E+00 s=[ 0 0 0 0 0 1 1 1 1 1 1 1 1 1 1 0 0 0 0 0 1 1 0 1 1 1 1 1 1 1 1 1 1 1 1 0 ]
d13=9.466266853030 eijMax=1.218E-03 rmsd=6.131E+00 s=[ 0 0 0 1 1 0 0 0 0 0 0 0 0 0 0 1 1 1 1 1 0 0 1 0 0 0 0 0 0 0 0 0 0 0 0 1 ]
d13=9.470989157677 eijMax=4.039E-03 rmsd=6.084E+00 s=[ 0 0 0 0 0 1 1 1 1 1 1 1 1 1 1 0 0 0 0 0 1 1 0 1 1 1 1 1 1 1 1 1 1 1 1 0 ]
d13=9.470989157677 eijMax=4.039E-03 rmsd=6.084E+00 s=[ 0 0 0 1 1 0 0 0 0 0 0 0 0 0 0 1 1 1 1 1 0 0 1 0 0 0 0 0 0 0 0 0 0 0 0 1 ]
d13=9.475711462323 eijMax=6.735E-03 rmsd=6.038E+00 s=[ 0 0 0 0 0 1 1 1 1 1 1 1 1 1 1 0 0 0 0 0 1 1 0 1 1 1 1 1 1 1 1 1 1 1 1 0 ]
d13=9.475711462323 eijMax=6.735E-03 rmsd=6.038E+00 s=[ 0 0 0 1 1 0 0 0 0 0 0 0 0 0 0 1 1 1 1 1 0 0 1 0 0 0 0 0 0 0 0 0 0 0 0 1 ]
d13=9.480433766970 eijMax=9.298E-03 rmsd=5.993E+00 s=[ 0 0 0 0 0 1 1 1 1 1 1 1 1 1 1 0 0 0 0 0 1 1 0 1 1 1 1 1 1 1 1 1 1 1 1 0 ]
d13=9.480433766970 eijMax=9.298E-03 rmsd=5.993E+00 s=[ 0 0 0 1 1 0 0 0 0 0 0 0 0 0 0 1 1 1 1 1 0 0 1 0 0 0 0 0 0 0 0 0 0 0 0 1 ]
d13=9.522934508788 eijMax=6.286E-03 rmsd=1.205E+01 s=[ 0 0 0 0 1 1 1 1 1 1 1 1 0 1 1 0 0 0 0 0 0 0 1 0 0 0 0 0 0 0 0 0 0 0 0 1 ]
d13=9.522934508788 eijMax=6.286E-03 rmsd=1.205E+01 s=[ 0 0 0 1 0 0 0 0 0 0 0 0 1 0 0 1 1 1 1 1 1 1 0 1 1 1 1 1 1 1 1 1 1 1 1 0 ]
d13=9.527656813434 eijMax=2.317E-03 rmsd=1.204E+01 s=[ 0 0 0 0 1 1 1 1 1 1 1 1 0 1 1 0 0 0 0 0 0 0 1 0 0 0 0 0 0 0 0 0 0 0 0 1 ]
d13=9.527656813434 eijMax=2.317E-03 rmsd=1.204E+01 s=[ 0 0 0 1 0 0 0 0 0 0 0 0 1 0 0 1 1 1 1 1 1 1 0 1 1 1 1 1 1 1 1 1 1 1 1 0 ]
d13=9.532379118081 eijMax=1.864E-03 rmsd=1.203E+01 s=[ 0 0 0 0 1 1 1 1 1 1 1 1 0 1 1 0 0 0 0 0 0 0 1 0 0 0 0 0 0 0 0 0 0 0 0 1 ]
d13=9.532379118081 eijMax=1.864E-03 rmsd=1.203E+01 s=[ 0 0 0 1 0 0 0 0 0 0 0 0 1 0 0 1 1 1 1 1 1 1 0 1 1 1 1 1 1 1 1 1 1 1 1 0 ]
d13=9.537101422727 eijMax=6.252E-03 rmsd=1.202E+01 s=[ 0 0 0 0 1 1 1 1 1 1 1 1 0 1 1 0 0 0 0 0 0 0 1 0 0 0 0 0 0 0 0 0 0 0 0 1 ]
d13=9.537101422727 eijMax=6.252E-03 rmsd=1.202E+01 s=[ 0 0 0 1 0 0 0 0 0 0 0 0 1 0 0 1 1 1 1 1 1 1 0 1 1 1 1 1 1 1 1 1 1 1 1 0 ]
d13=9.546546032020 eijMax=6.502E-03 rmsd=5.423E+00 s=[ 0 0 0 0 1 1 1 1 1 1 1 1 1 0 0 1 1 1 1 1 0 1 0 1 1 1 1 1 1 1 1 1 1 1 1 0 ]
d13=9.546546032020 eijMax=6.502E-03 rmsd=5.423E+00 s=[ 0 0 0 1 0 0 0 0 0 0 0 0 0 1 1 0 0 0 0 0 1 0 1 0 0 0 0 0 0 0 0 0 0 0 0 1 ]
d13=9.551268336667 eijMax=8.057E-03 rmsd=1.090E+01 s=[ 0 0 0 0 0 0 0 0 0 0 0 0 1 0 0 1 1 1 1 1 1 1 0 1 1 1 1 1 1 1 1 1 1 1 1 0 ]
d13=9.551268336667 eijMax=2.702E-03 rmsd=5.389E+00 s=[ 0 0 0 0 1 1 1 1 1 1 1 1 1 0 0 1 1 1 1 1 0 1 0 1 1 1 1 1 1 1 1 1 1 1 1 0 ]
d13=9.551268336667 eijMax=2.702E-03 rmsd=5.389E+00 s=[ 0 0 0 1 0 0 0 0 0 0 0 0 0 1 1 0 0 0 0 0 1 0 1 0 0 0 0 0 0 0 0 0 0 0 0 1 ]
d13=9.551268336667 eijMax=8.057E-03 rmsd=1.090E+01 s=[ 0 0 0 1 1 1 1 1 1 1 1 1 0 1 1 0 0 0 0 0 0 0 1 0 0 0 0 0 0 0 0 0 0 0 0 1 ]
d13=9.555990641313 eijMax=6.130E-03 rmsd=1.082E+01 s=[ 0 0 0 0 0 0 0 0 0 0 0 0 1 0 0 1 1 1 1 1 1 1 0 1 1 1 1 1 1 1 1 1 1 1 1 0 ]
d13=9.555990641313 eijMax=9.268E-04 rmsd=5.354E+00 s=[ 0 0 0 0 1 1 1 1 1 1 1 1 1 0 0 1 1 1 1 1 0 1 0 1 1 1 1 1 1 1 1 1 1 1 1 0 ]
d13=9.555990641313 eijMax=9.268E-04 rmsd=5.354E+00 s=[ 0 0 0 1 0 0 0 0 0 0 0 0 0 1 1 0 0 0 0 0 1 0 1 0 0 0 0 0 0 0 0 0 0 0 0 1 ]
d13=9.555990641313 eijMax=6.130E-03 rmsd=1.082E+01 s=[ 0 0 0 1 1 1 1 1 1 1 1 1 0 1 1 0 0 0 0 0 0 0 1 0 0 0 0 0 0 0 0 0 0 0 0 1 ]
d13=9.560712945960 eijMax=4.387E-03 rmsd=5.319E+00 s=[ 0 0 0 0 1 1 1 1 1 1 1 1 1 0 0 1 1 1 1 1 0 1 0 1 1 1 1 1 1 1 1 1 1 1 1 0 ]
d13=9.560712945960 eijMax=4.387E-03 rmsd=5.319E+00 s=[ 0 0 0 1 0 0 0 0 0 0 0 0 0 1 1 0 0 0 0 0 1 0 1 0 0 0 0 0 0 0 0 0 0 0 0 1 ]
d13=9.565435250606 eijMax=7.681E-03 rmsd=5.284E+00 s=[ 0 0 0 0 1 1 1 1 1 1 1 1 1 0 0 1 1 1 1 1 0 1 0 1 1 1 1 1 1 1 1 1 1 1 1 0 ]
d13=9.565435250606 eijMax=7.681E-03 rmsd=5.284E+00 s=[ 0 0 0 1 0 0 0 0 0 0 0 0 0 1 1 0 0 0 0 0 1 0 1 0 0 0 0 0 0 0 0 0 0 0 0 1 ]
d13=9.593769078485 eijMax=4.991E-03 rmsd=6.280E+00 s=[ 0 0 0 0 0 0 0 0 0 0 0 0 0 1 1 0 0 0 0 0 0 1 0 1 1 1 1 1 1 1 1 1 1 1 1 0 ]
d13=9.593769078485 eijMax=4.991E-03 rmsd=6.280E+00 s=[ 0 0 0 1 1 1 1 1 1 1 1 1 1 0 0 1 1 1 1 1 1 0 1 0 0 0 0 0 0 0 0 0 0 0 0 1 ]
d13=9.598491383131 eijMax=2.134E-06 rmsd=6.296E+00 s=[ 0 0 0 0 0 0 0 0 0 0 0 0 0 1 1 0 0 0 0 0 0 1 0 1 1 1 1 1 1 1 1 1 1 1 1 0 ]
d13=9.598491383131 eijMax=2.134E-06 rmsd=6.296E+00 s=[ 0 0 0 1 1 1 1 1 1 1 1 1 1 0 0 1 1 1 1 1 1 0 1 0 0 0 0 0 0 0 0 0 0 0 0 1 ]
d13=9.603213687778 eijMax=4.663E-03 rmsd=6.312E+00 s=[ 0 0 0 0 0 0 0 0 0 0 0 0 0 1 1 0 0 0 0 0 0 1 0 1 1 1 1 1 1 1 1 1 1 1 1 0 ]
d13=9.603213687778 eijMax=4.663E-03 rmsd=6.312E+00 s=[ 0 0 0 1 1 1 1 1 1 1 1 1 1 0 0 1 1 1 1 1 1 0 1 0 0 0 0 0 0 0 0 0 0 0 0 1 ]
d13=9.607935992424 eijMax=9.013E-03 rmsd=6.329E+00 s=[ 0 0 0 0 0 0 0 0 0 0 0 0 0 1 1 0 0 0 0 0 0 1 0 1 1 1 1 1 1 1 1 1 1 1 1 0 ]
d13=9.607935992424 eijMax=9.013E-03 rmsd=6.329E+00 s=[ 0 0 0 1 1 1 1 1 1 1 1 1 1 0 0 1 1 1 1 1 1 0 1 0 0 0 0 0 0 0 0 0 0 0 0 1 ]
d13=9.626825211010 eijMax=7.881E-03 rmsd=5.246E+00 s=[ 0 0 0 0 0 1 1 1 1 1 1 1 1 1 1 0 0 0 0 0 1 1 0 1 1 1 1 1 1 1 1 1 1 1 1 0 ]
d13=9.626825211010 eijMax=7.881E-03 rmsd=5.246E+00 s=[ 0 0 0 1 1 0 0 0 0 0 0 0 0 0 0 1 1 1 1 1 0 0 1 0 0 0 0 0 0 0 0 0 0 0 0 1 ]
d13=9.631547515657 eijMax=5.137E-03 rmsd=5.244E+00 s=[ 0 0 0 0 0 1 1 1 1 1 1 1 1 1 1 0 0 0 0 0 1 1 0 1 1 1 1 1 1 1 1 1 1 1 1 0 ]
d13=9.631547515657 eijMax=5.137E-03 rmsd=5.244E+00 s=[ 0 0 0 1 1 0 0 0 0 0 0 0 0 0 0 1 1 1 1 1 0 0 1 0 0 0 0 0 0 0 0 0 0 0 0 1 ]
d13=9.636269820303 eijMax=2.243E-03 rmsd=5.244E+00 s=[ 0 0 0 0 0 1 1 1 1 1 1 1 1 1 1 0 0 0 0 0 1 1 0 1 1 1 1 1 1 1 1 1 1 1 1 0 ]
d13=9.636269820303 eijMax=2.243E-03 rmsd=5.244E+00 s=[ 0 0 0 1 1 0 0 0 0 0 0 0 0 0 0 1 1 1 1 1 0 0 1 0 0 0 0 0 0 0 0 0 0 0 0 1 ]
d13=9.640992124949 eijMax=7.954E-04 rmsd=5.246E+00 s=[ 0 0 0 0 0 1 1 1 1 1 1 1 1 1 1 0 0 0 0 0 1 1 0 1 1 1 1 1 1 1 1 1 1 1 1 0 ]
d13=9.640992124949 eijMax=7.954E-04 rmsd=5.246E+00 s=[ 0 0 0 1 1 0 0 0 0 0 0 0 0 0 0 1 1 1 1 1 0 0 1 0 0 0 0 0 0 0 0 0 0 0 0 1 ]
d13=9.645714429596 eijMax=3.969E-03 rmsd=5.249E+00 s=[ 0 0 0 0 0 1 1 1 1 1 1 1 1 1 1 0 0 0 0 0 1 1 0 1 1 1 1 1 1 1 1 1 1 1 1 0 ]
d13=9.645714429596 eijMax=3.969E-03 rmsd=5.249E+00 s=[ 0 0 0 1 1 0 0 0 0 0 0 0 0 0 0 1 1 1 1 1 0 0 1 0 0 0 0 0 0 0 0 0 0 0 0 1 ]
d13=9.650436734242 eijMax=7.268E-03 rmsd=5.255E+00 s=[ 0 0 0 0 0 1 1 1 1 1 1 1 1 1 1 0 0 0 0 0 1 1 0 1 1 1 1 1 1 1 1 1 1 1 1 0 ]
d13=9.650436734242 eijMax=7.268E-03 rmsd=5.255E+00 s=[ 0 0 0 1 1 0 0 0 0 0 0 0 0 0 0 1 1 1 1 1 0 0 1 0 0 0 0 0 0 0 0 0 0 0 0 1 ]
d13=9.655159038889 eijMax=5.722E-03 rmsd=9.088E+00 s=[ 0 0 0 0 0 1 1 1 1 1 1 1 0 0 0 1 1 1 1 1 1 1 0 1 1 1 1 1 1 1 1 1 1 1 1 0 ]
d13=9.655159038889 eijMax=5.722E-03 rmsd=9.088E+00 s=[ 0 0 0 1 1 0 0 0 0 0 0 0 1 1 1 0 0 0 0 0 0 0 1 0 0 0 0 0 0 0 0 0 0 0 0 1 ]
d13=9.659881343535 eijMax=1.215E-05 rmsd=9.062E+00 s=[ 0 0 0 0 0 1 1 1 1 1 1 1 0 0 0 1 1 1 1 1 1 1 0 1 1 1 1 1 1 1 1 1 1 1 1 0 ]
d13=9.659881343535 eijMax=1.215E-05 rmsd=9.062E+00 s=[ 0 0 0 1 1 0 0 0 0 0 0 0 1 1 1 0 0 0 0 0 0 0 1 0 0 0 0 0 0 0 0 0 0 0 0 1 ]
d13=9.664603648182 eijMax=6.412E-03 rmsd=9.039E+00 s=[ 0 0 0 0 0 1 1 1 1 1 1 1 0 0 0 1 1 1 1 1 1 1 0 1 1 1 1 1 1 1 1 1 1 1 1 0 ]
d13=9.664603648182 eijMax=6.412E-03 rmsd=9.039E+00 s=[ 0 0 0 1 1 0 0 0 0 0 0 0 1 1 1 0 0 0 0 0 0 0 1 0 0 0 0 0 0 0 0 0 0 0 0 1 ]
d13=9.697659780707 eijMax=9.422E-03 rmsd=6.537E+00 s=[ 0 0 0 0 1 0 0 0 0 0 0 0 1 1 1 0 0 0 0 0 0 1 0 1 1 1 1 1 1 1 1 1 1 1 1 0 ]
d13=9.697659780707 eijMax=9.422E-03 rmsd=6.537E+00 s=[ 0 0 0 1 0 1 1 1 1 1 1 1 0 0 0 1 1 1 1 1 1 0 1 0 0 0 0 0 0 0 0 0 0 0 0 1 ]
d13=9.702382085354 eijMax=2.782E-03 rmsd=4.213E-02 s=[ 0 0 0 0 0 1 1 1 1 1 1 1 1 0 0 1 1 1 1 1 0 1 0 1 1 1 1 1 1 1 1 1 1 1 1 0 ]
d13=9.702382085354 eijMax=2.782E-03 rmsd=4.213E-02 s=[ 0 0 0 1 1 0 0 0 0 0 0 0 0 1 1 0 0 0 0 0 1 0 1 0 0 0 0 0 0 0 0 0 0 0 0 1 ]
num ..... 100
nnodes .. 36
nedges .. 264
nsols ... 66
tsecs ... 4.542836
