d13=5.906598304242 eijMax=2.155E-03 rmsd=4.683E-02 s=[ 0 0 0 0 0 0 0 1 1 1 1 1 0 0 0 1 1 1 1 1 1 1 0 1 1 1 1 1 1 1 0 0 0 0 0 0 ]
d13=5.906598304242 eijMax=2.155E-03 rmsd=4.683E-02 s=[ 0 0 0 1 1 1 1 0 0 0 0 0 1 1 1 0 0 0 0 0 0 0 1 0 0 0 0 0 0 0 1 1 1 1 1 1 ]
d13=5.922404340404 eijMax=5.833E-03 rmsd=1.846E+01 s=[ 0 0 0 0 0 1 1 0 0 0 0 0 1 0 0 1 1 1 1 1 1 0 1 0 0 0 0 0 0 0 1 1 1 1 1 1 ]
d13=5.922404340404 eijMax=5.833E-03 rmsd=1.846E+01 s=[ 0 0 0 1 1 0 0 1 1 1 1 1 0 1 1 0 0 0 0 0 0 1 0 1 1 1 1 1 1 1 0 0 0 0 0 0 ]
d13=5.930307358485 eijMax=1.008E-03 rmsd=1.175E+01 s=[ 0 0 0 0 0 0 0 1 1 1 1 1 0 1 1 0 0 0 0 0 0 0 1 0 0 0 0 0 0 0 1 1 1 1 1 1 ]
d13=5.930307358485 eijMax=1.008E-03 rmsd=1.175E+01 s=[ 0 0 0 1 1 1 1 0 0 0 0 0 1 0 0 1 1 1 1 1 1 1 0 1 1 1 1 1 1 1 0 0 0 0 0 0 ]
d13=5.969822448889 eijMax=8.060E-03 rmsd=1.639E+01 s=[ 0 0 0 0 1 1 1 0 0 0 0 0 0 0 0 1 1 1 1 1 0 1 0 1 1 1 1 1 1 1 0 0 0 0 0 0 ]
d13=5.969822448889 eijMax=8.060E-03 rmsd=1.639E+01 s=[ 0 0 0 1 0 0 0 1 1 1 1 1 1 1 1 0 0 0 0 0 1 0 1 0 0 0 0 0 0 0 1 1 1 1 1 1 ]
d13=5.977725466970 eijMax=6.569E-03 rmsd=1.621E+01 s=[ 0 0 0 0 0 0 0 1 1 1 1 1 1 0 0 1 1 1 1 1 1 0 1 0 0 0 0 0 0 0 1 1 1 1 1 1 ]
d13=5.977725466970 eijMax=6.569E-03 rmsd=1.621E+01 s=[ 0 0 0 1 1 1 1 0 0 0 0 0 0 1 1 0 0 0 0 0 0 1 0 1 1 1 1 1 1 1 0 0 0 0 0 0 ]
d13=6.112076774343 eijMax=2.524E-03 rmsd=1.566E+01 s=[ 0 0 0 0 1 0 0 1 1 1 1 1 1 1 1 0 0 0 0 0 1 1 0 1 1 1 1 1 1 1 0 0 0 0 0 0 ]
d13=6.112076774343 eijMax=7.951E-03 rmsd=1.322E+01 s=[ 0 0 0 0 1 1 1 0 0 0 0 0 0 0 0 1 1 1 1 1 1 0 1 0 0 0 0 0 0 0 1 1 1 1 1 1 ]
d13=6.112076774343 eijMax=7.951E-03 rmsd=1.322E+01 s=[ 0 0 0 1 0 0 0 1 1 1 1 1 1 1 1 0 0 0 0 0 0 1 0 1 1 1 1 1 1 1 0 0 0 0 0 0 ]
d13=6.112076774343 eijMax=2.524E-03 rmsd=1.566E+01 s=[ 0 0 0 1 0 1 1 0 0 0 0 0 0 0 0 1 1 1 1 1 0 0 1 0 0 0 0 0 0 0 1 1 1 1 1 1 ]
d13=6.119979792424 eijMax=7.376E-03 rmsd=1.564E+01 s=[ 0 0 0 0 1 0 0 1 1 1 1 1 1 1 1 0 0 0 0 0 1 1 0 1 1 1 1 1 1 1 0 0 0 0 0 0 ]
d13=6.119979792424 eijMax=4.946E-03 rmsd=1.325E+01 s=[ 0 0 0 0 1 1 1 0 0 0 0 0 0 0 0 1 1 1 1 1 1 0 1 0 0 0 0 0 0 0 1 1 1 1 1 1 ]
d13=6.119979792424 eijMax=4.946E-03 rmsd=1.325E+01 s=[ 0 0 0 1 0 0 0 1 1 1 1 1 1 1 1 0 0 0 0 0 0 1 0 1 1 1 1 1 1 1 0 0 0 0 0 0 ]
d13=6.119979792424 eijMax=7.376E-03 rmsd=1.564E+01 s=[ 0 0 0 1 0 1 1 0 0 0 0 0 0 0 0 1 1 1 1 1 0 0 1 0 0 0 0 0 0 0 1 1 1 1 1 1 ]
d13=6.143688846667 eijMax=9.171E-03 rmsd=1.220E+01 s=[ 0 0 0 0 1 1 1 0 0 0 0 0 1 0 0 1 1 1 1 1 1 1 0 1 1 1 1 1 1 1 0 0 0 0 0 0 ]
d13=6.143688846667 eijMax=9.171E-03 rmsd=1.220E+01 s=[ 0 0 0 1 0 0 0 1 1 1 1 1 0 1 1 0 0 0 0 0 0 0 1 0 0 0 0 0 0 0 1 1 1 1 1 1 ]
d13=6.151591864747 eijMax=3.757E-03 rmsd=1.221E+01 s=[ 0 0 0 0 1 1 1 0 0 0 0 0 1 0 0 1 1 1 1 1 1 1 0 1 1 1 1 1 1 1 0 0 0 0 0 0 ]
d13=6.151591864747 eijMax=3.757E-03 rmsd=1.221E+01 s=[ 0 0 0 1 0 0 0 1 1 1 1 1 0 1 1 0 0 0 0 0 0 0 1 0 0 0 0 0 0 0 1 1 1 1 1 1 ]
d13=6.159494882828 eijMax=1.636E-03 rmsd=1.223E+01 s=[ 0 0 0 0 1 1 1 0 0 0 0 0 1 0 0 1 1 1 1 1 1 1 0 1 1 1 1 1 1 1 0 0 0 0 0 0 ]
d13=6.159494882828 eijMax=1.636E-03 rmsd=1.223E+01 s=[ 0 0 0 1 0 0 0 1 1 1 1 1 0 1 1 0 0 0 0 0 0 0 1 0 0 0 0 0 0 0 1 1 1 1 1 1 ]
d13=6.167397900909 eijMax=7.008E-03 rmsd=1.225E+01 s=[ 0 0 0 0 1 1 1 0 0 0 0 0 1 0 0 1 1 1 1 1 1 1 0 1 1 1 1 1 1 1 0 0 0 0 0 0 ]
d13=6.167397900909 eijMax=7.008E-03 rmsd=1.225E+01 s=[ 0 0 0 1 0 0 0 1 1 1 1 1 0 1 1 0 0 0 0 0 0 0 1 0 0 0 0 0 0 0 1 1 1 1 1 1 ]
d13=6.222719027475 eijMax=2.050E-03 rmsd=1.161E+01 s=[ 0 0 0 0 0 1 1 0 0 0 0 0 1 1 1 0 0 0 0 0 1 1 0 1 1 1 1 1 1 1 0 0 0 0 0 0 ]
d13=6.222719027475 eijMax=2.050E-03 rmsd=1.161E+01 s=[ 0 0 0 1 1 0 0 1 1 1 1 1 0 0 0 1 1 1 1 1 0 0 1 0 0 0 0 0 0 0 1 1 1 1 1 1 ]
d13=6.230622045556 eijMax=9.490E-03 rmsd=1.156E+01 s=[ 0 0 0 0 0 1 1 0 0 0 0 0 1 1 1 0 0 0 0 0 1 1 0 1 1 1 1 1 1 1 0 0 0 0 0 0 ]
d13=6.230622045556 eijMax=9.490E-03 rmsd=1.156E+01 s=[ 0 0 0 1 1 0 0 1 1 1 1 1 0 0 0 1 1 1 1 1 0 0 1 0 0 0 0 0 0 0 1 1 1 1 1 1 ]
d13=6.254331099798 eijMax=9.953E-03 rmsd=1.516E+01 s=[ 0 0 0 0 0 1 1 0 0 0 0 0 0 0 0 1 1 1 1 1 0 0 1 0 0 0 0 0 0 0 1 1 1 1 1 1 ]
d13=6.254331099798 eijMax=9.953E-03 rmsd=1.516E+01 s=[ 0 0 0 1 1 0 0 1 1 1 1 1 1 1 1 0 0 0 0 0 1 1 0 1 1 1 1 1 1 1 0 0 0 0 0 0 ]
d13=6.262234117879 eijMax=3.913E-03 rmsd=1.515E+01 s=[ 0 0 0 0 0 1 1 0 0 0 0 0 0 0 0 1 1 1 1 1 0 0 1 0 0 0 0 0 0 0 1 1 1 1 1 1 ]
d13=6.262234117879 eijMax=3.913E-03 rmsd=1.515E+01 s=[ 0 0 0 1 1 0 0 1 1 1 1 1 1 1 1 0 0 0 0 0 1 1 0 1 1 1 1 1 1 1 0 0 0 0 0 0 ]
d13=6.270137135960 eijMax=2.125E-03 rmsd=1.510E+01 s=[ 0 0 0 0 0 1 1 0 0 0 0 0 0 0 0 1 1 1 1 1 0 0 1 0 0 0 0 0 0 0 1 1 1 1 1 1 ]
d13=6.270137135960 eijMax=2.125E-03 rmsd=1.510E+01 s=[ 0 0 0 1 1 0 0 1 1 1 1 1 1 1 1 0 0 0 0 0 1 1 0 1 1 1 1 1 1 1 0 0 0 0 0 0 ]
d13=6.278040154040 eijMax=8.170E-03 rmsd=1.504E+01 s=[ 0 0 0 0 0 1 1 0 0 0 0 0 0 0 0 1 1 1 1 1 0 0 1 0 0 0 0 0 0 0 1 1 1 1 1 1 ]
d13=6.278040154040 eijMax=8.170E-03 rmsd=1.504E+01 s=[ 0 0 0 1 1 0 0 1 1 1 1 1 1 1 1 0 0 0 0 0 1 1 0 1 1 1 1 1 1 1 0 0 0 0 0 0 ]
d13=6.341264298687 eijMax=4.516E-03 rmsd=8.449E+00 s=[ 0 0 0 0 0 0 0 1 1 1 1 1 0 1 1 0 0 0 0 0 1 1 0 1 1 1 1 1 1 1 0 0 0 0 0 0 ]
d13=6.341264298687 eijMax=4.516E-03 rmsd=8.449E+00 s=[ 0 0 0 1 1 1 1 0 0 0 0 0 1 0 0 1 1 1 1 1 0 0 1 0 0 0 0 0 0 0 1 1 1 1 1 1 ]
d13=6.349167316768 eijMax=9.711E-03 rmsd=8.427E+00 s=[ 0 0 0 0 0 0 0 1 1 1 1 1 0 1 1 0 0 0 0 0 1 1 0 1 1 1 1 1 1 1 0 0 0 0 0 0 ]
d13=6.349167316768 eijMax=9.711E-03 rmsd=8.427E+00 s=[ 0 0 0 1 1 1 1 0 0 0 0 0 1 0 0 1 1 1 1 1 0 0 1 0 0 0 0 0 0 0 1 1 1 1 1 1 ]
d13=6.380779389091 eijMax=2.304E-03 rmsd=1.553E+01 s=[ 0 0 0 0 0 0 0 1 1 1 1 1 1 1 1 0 0 0 0 0 1 0 1 0 0 0 0 0 0 0 1 1 1 1 1 1 ]
d13=6.380779389091 eijMax=2.304E-03 rmsd=1.553E+01 s=[ 0 0 0 1 1 1 1 0 0 0 0 0 0 0 0 1 1 1 1 1 0 1 0 1 1 1 1 1 1 1 0 0 0 0 0 0 ]
d13=6.467712587980 eijMax=8.739E-03 rmsd=1.463E+01 s=[ 0 0 0 0 1 1 1 0 0 0 0 0 0 1 1 0 0 0 0 0 1 1 0 1 1 1 1 1 1 1 0 0 0 0 0 0 ]
d13=6.467712587980 eijMax=8.739E-03 rmsd=1.463E+01 s=[ 0 0 0 1 0 0 0 1 1 1 1 1 1 0 0 1 1 1 1 1 0 0 1 0 0 0 0 0 0 0 1 1 1 1 1 1 ]
d13=6.475615606061 eijMax=1.297E-03 rmsd=1.466E+01 s=[ 0 0 0 0 1 1 1 0 0 0 0 0 0 1 1 0 0 0 0 0 1 1 0 1 1 1 1 1 1 1 0 0 0 0 0 0 ]
d13=6.475615606061 eijMax=1.297E-03 rmsd=1.466E+01 s=[ 0 0 0 1 0 0 0 1 1 1 1 1 1 0 0 1 1 1 1 1 0 0 1 0 0 0 0 0 0 0 1 1 1 1 1 1 ]
d13=6.530936732626 eijMax=6.682E-03 rmsd=1.201E+01 s=[ 0 0 0 0 0 0 0 1 1 1 1 1 1 1 1 0 0 0 0 0 0 1 0 1 1 1 1 1 1 1 0 0 0 0 0 0 ]
d13=6.530936732626 eijMax=6.682E-03 rmsd=1.201E+01 s=[ 0 0 0 1 1 1 1 0 0 0 0 0 0 0 0 1 1 1 1 1 1 0 1 0 0 0 0 0 0 0 1 1 1 1 1 1 ]
d13=6.586257859192 eijMax=4.553E-03 rmsd=1.466E+01 s=[ 0 0 0 0 0 0 0 1 1 1 1 1 1 0 0 1 1 1 1 1 0 0 1 0 0 0 0 0 0 0 1 1 1 1 1 1 ]
d13=6.586257859192 eijMax=4.553E-03 rmsd=1.466E+01 s=[ 0 0 0 1 1 1 1 0 0 0 0 0 0 1 1 0 0 0 0 0 1 1 0 1 1 1 1 1 1 1 0 0 0 0 0 0 ]
d13=6.594160877273 eijMax=2.336E-03 rmsd=1.471E+01 s=[ 0 0 0 0 0 0 0 1 1 1 1 1 1 0 0 1 1 1 1 1 0 0 1 0 0 0 0 0 0 0 1 1 1 1 1 1 ]
d13=6.594160877273 eijMax=2.336E-03 rmsd=1.471E+01 s=[ 0 0 0 1 1 1 1 0 0 0 0 0 0 1 1 0 0 0 0 0 1 1 0 1 1 1 1 1 1 1 0 0 0 0 0 0 ]
d13=6.602063895354 eijMax=9.456E-03 rmsd=1.477E+01 s=[ 0 0 0 0 0 0 0 1 1 1 1 1 1 0 0 1 1 1 1 1 0 0 1 0 0 0 0 0 0 0 1 1 1 1 1 1 ]
d13=6.602063895354 eijMax=9.456E-03 rmsd=1.477E+01 s=[ 0 0 0 1 1 1 1 0 0 0 0 0 0 1 1 0 0 0 0 0 1 1 0 1 1 1 1 1 1 1 0 0 0 0 0 0 ]
d13=6.633675967677 eijMax=4.446E-03 rmsd=1.608E+01 s=[ 0 0 0 0 1 0 0 1 1 1 1 1 1 0 0 1 1 1 1 1 1 1 0 1 1 1 1 1 1 1 0 0 0 0 0 0 ]
d13=6.633675967677 eijMax=4.167E-03 rmsd=9.112E+00 s=[ 0 0 0 0 1 1 1 0 0 0 0 0 1 1 1 0 0 0 0 0 0 0 1 0 0 0 0 0 0 0 1 1 1 1 1 1 ]
d13=6.633675967677 eijMax=4.167E-03 rmsd=9.112E+00 s=[ 0 0 0 1 0 0 0 1 1 1 1 1 0 0 0 1 1 1 1 1 1 1 0 1 1 1 1 1 1 1 0 0 0 0 0 0 ]
d13=6.633675967677 eijMax=4.446E-03 rmsd=1.608E+01 s=[ 0 0 0 1 0 1 1 0 0 0 0 0 0 1 1 0 0 0 0 0 0 0 1 0 0 0 0 0 0 0 1 1 1 1 1 1 ]
d13=6.641578985758 eijMax=7.454E-03 rmsd=1.208E+01 s=[ 0 0 0 0 0 1 1 0 0 0 0 0 1 1 1 0 0 0 0 0 1 1 0 1 1 1 1 1 1 1 0 0 0 0 0 0 ]
d13=6.641578985758 eijMax=5.815E-03 rmsd=9.033E+00 s=[ 0 0 0 0 1 1 1 0 0 0 0 0 1 1 1 0 0 0 0 0 0 0 1 0 0 0 0 0 0 0 1 1 1 1 1 1 ]
d13=6.641578985758 eijMax=5.815E-03 rmsd=9.033E+00 s=[ 0 0 0 1 0 0 0 1 1 1 1 1 0 0 0 1 1 1 1 1 1 1 0 1 1 1 1 1 1 1 0 0 0 0 0 0 ]
d13=6.641578985758 eijMax=7.454E-03 rmsd=1.208E+01 s=[ 0 0 0 1 1 0 0 1 1 1 1 1 0 0 0 1 1 1 1 1 0 0 1 0 0 0 0 0 0 0 1 1 1 1 1 1 ]
num ..... 100
nnodes .. 36
nedges .. 264
nsols ... 64
tsecs ... 8.078845
