d13=5.885238795916 eijMax=5.595E-03 rmsd=1.658E+01 s=[ 0 0 0 0 1 0 0 1 1 1 1 1 0 1 1 0 0 0 0 0 1 0 1 0 0 0 0 0 0 0 1 1 1 1 1 1 ]
d13=5.885238795916 eijMax=5.595E-03 rmsd=1.658E+01 s=[ 0 0 0 1 0 1 1 0 0 0 0 0 1 0 0 1 1 1 1 1 0 1 0 1 1 1 1 1 1 1 0 0 0 0 0 0 ]
d13=5.886021977888 eijMax=5.387E-04 rmsd=1.660E+01 s=[ 0 0 0 0 1 0 0 1 1 1 1 1 0 1 1 0 0 0 0 0 1 0 1 0 0 0 0 0 0 0 1 1 1 1 1 1 ]
d13=5.886021977888 eijMax=5.387E-04 rmsd=1.660E+01 s=[ 0 0 0 1 0 1 1 0 0 0 0 0 1 0 0 1 1 1 1 1 0 1 0 1 1 1 1 1 1 1 0 0 0 0 0 0 ]
d13=5.886805159860 eijMax=4.029E-03 rmsd=1.661E+01 s=[ 0 0 0 0 1 0 0 1 1 1 1 1 0 1 1 0 0 0 0 0 1 0 1 0 0 0 0 0 0 0 1 1 1 1 1 1 ]
d13=5.886805159860 eijMax=4.029E-03 rmsd=1.661E+01 s=[ 0 0 0 1 0 1 1 0 0 0 0 0 1 0 0 1 1 1 1 1 0 1 0 1 1 1 1 1 1 1 0 0 0 0 0 0 ]
d13=5.887588341832 eijMax=8.222E-03 rmsd=1.662E+01 s=[ 0 0 0 0 1 0 0 1 1 1 1 1 0 1 1 0 0 0 0 0 1 0 1 0 0 0 0 0 0 0 1 1 1 1 1 1 ]
d13=5.887588341832 eijMax=8.222E-03 rmsd=1.662E+01 s=[ 0 0 0 1 0 1 1 0 0 0 0 0 1 0 0 1 1 1 1 1 0 1 0 1 1 1 1 1 1 1 0 0 0 0 0 0 ]
d13=5.901685617327 eijMax=9.016E-03 rmsd=1.990E-01 s=[ 0 0 0 0 0 0 0 1 1 1 1 1 0 0 0 1 1 1 1 1 1 1 0 1 1 1 1 1 1 1 0 0 0 0 0 0 ]
d13=5.901685617327 eijMax=9.016E-03 rmsd=1.990E-01 s=[ 0 0 0 1 1 1 1 0 0 0 0 0 1 1 1 0 0 0 0 0 0 0 1 0 0 0 0 0 0 0 1 1 1 1 1 1 ]
d13=5.902468799299 eijMax=7.207E-03 rmsd=1.585E-01 s=[ 0 0 0 0 0 0 0 1 1 1 1 1 0 0 0 1 1 1 1 1 1 1 0 1 1 1 1 1 1 1 0 0 0 0 0 0 ]
d13=5.902468799299 eijMax=8.361E-03 rmsd=1.352E+01 s=[ 0 0 0 0 0 0 0 1 1 1 1 1 1 0 0 1 1 1 1 1 0 1 0 1 1 1 1 1 1 1 0 0 0 0 0 0 ]
d13=5.902468799299 eijMax=8.361E-03 rmsd=1.352E+01 s=[ 0 0 0 1 1 1 1 0 0 0 0 0 0 1 1 0 0 0 0 0 1 0 1 0 0 0 0 0 0 0 1 1 1 1 1 1 ]
d13=5.902468799299 eijMax=7.207E-03 rmsd=1.585E-01 s=[ 0 0 0 1 1 1 1 0 0 0 0 0 1 1 1 0 0 0 0 0 0 0 1 0 0 0 0 0 0 0 1 1 1 1 1 1 ]
d13=5.903251981271 eijMax=5.410E-03 rmsd=1.186E-01 s=[ 0 0 0 0 0 0 0 1 1 1 1 1 0 0 0 1 1 1 1 1 1 1 0 1 1 1 1 1 1 1 0 0 0 0 0 0 ]
d13=5.903251981271 eijMax=4.405E-03 rmsd=1.351E+01 s=[ 0 0 0 0 0 0 0 1 1 1 1 1 1 0 0 1 1 1 1 1 0 1 0 1 1 1 1 1 1 1 0 0 0 0 0 0 ]
d13=5.903251981271 eijMax=4.405E-03 rmsd=1.351E+01 s=[ 0 0 0 1 1 1 1 0 0 0 0 0 0 1 1 0 0 0 0 0 1 0 1 0 0 0 0 0 0 0 1 1 1 1 1 1 ]
d13=5.903251981271 eijMax=5.410E-03 rmsd=1.186E-01 s=[ 0 0 0 1 1 1 1 0 0 0 0 0 1 1 1 0 0 0 0 0 0 0 1 0 0 0 0 0 0 0 1 1 1 1 1 1 ]
d13=5.904035163243 eijMax=3.624E-03 rmsd=7.921E-02 s=[ 0 0 0 0 0 0 0 1 1 1 1 1 0 0 0 1 1 1 1 1 1 1 0 1 1 1 1 1 1 1 0 0 0 0 0 0 ]
d13=5.904035163243 eijMax=5.171E-04 rmsd=1.350E+01 s=[ 0 0 0 0 0 0 0 1 1 1 1 1 1 0 0 1 1 1 1 1 0 1 0 1 1 1 1 1 1 1 0 0 0 0 0 0 ]
d13=5.904035163243 eijMax=5.171E-04 rmsd=1.350E+01 s=[ 0 0 0 1 1 1 1 0 0 0 0 0 0 1 1 0 0 0 0 0 1 0 1 0 0 0 0 0 0 0 1 1 1 1 1 1 ]
d13=5.904035163243 eijMax=3.624E-03 rmsd=7.921E-02 s=[ 0 0 0 1 1 1 1 0 0 0 0 0 1 1 1 0 0 0 0 0 0 0 1 0 0 0 0 0 0 0 1 1 1 1 1 1 ]
d13=5.904818345215 eijMax=1.848E-03 rmsd=4.024E-02 s=[ 0 0 0 0 0 0 0 1 1 1 1 1 0 0 0 1 1 1 1 1 1 1 0 1 1 1 1 1 1 1 0 0 0 0 0 0 ]
d13=5.904818345215 eijMax=3.307E-03 rmsd=1.349E+01 s=[ 0 0 0 0 0 0 0 1 1 1 1 1 1 0 0 1 1 1 1 1 0 1 0 1 1 1 1 1 1 1 0 0 0 0 0 0 ]
d13=5.904818345215 eijMax=3.307E-03 rmsd=1.349E+01 s=[ 0 0 0 1 1 1 1 0 0 0 0 0 0 1 1 0 0 0 0 0 1 0 1 0 0 0 0 0 0 0 1 1 1 1 1 1 ]
d13=5.904818345215 eijMax=1.848E-03 rmsd=4.024E-02 s=[ 0 0 0 1 1 1 1 0 0 0 0 0 1 1 1 0 0 0 0 0 0 0 1 0 0 0 0 0 0 0 1 1 1 1 1 1 ]
d13=5.905601527187 eijMax=8.175E-05 rmsd=1.681E-03 s=[ 0 0 0 0 0 0 0 1 1 1 1 1 0 0 0 1 1 1 1 1 1 1 0 1 1 1 1 1 1 1 0 0 0 0 0 0 ]
d13=5.905601527187 eijMax=7.071E-03 rmsd=1.348E+01 s=[ 0 0 0 0 0 0 0 1 1 1 1 1 1 0 0 1 1 1 1 1 0 1 0 1 1 1 1 1 1 1 0 0 0 0 0 0 ]
d13=5.905601527187 eijMax=7.071E-03 rmsd=1.348E+01 s=[ 0 0 0 1 1 1 1 0 0 0 0 0 0 1 1 0 0 0 0 0 1 0 1 0 0 0 0 0 0 0 1 1 1 1 1 1 ]
d13=5.905601527187 eijMax=8.175E-05 rmsd=1.681E-03 s=[ 0 0 0 1 1 1 1 0 0 0 0 0 1 1 1 0 0 0 0 0 0 0 1 0 0 0 0 0 0 0 1 1 1 1 1 1 ]
d13=5.906384709159 eijMax=1.677E-03 rmsd=3.648E-02 s=[ 0 0 0 0 0 0 0 1 1 1 1 1 0 0 0 1 1 1 1 1 1 1 0 1 1 1 1 1 1 1 0 0 0 0 0 0 ]
d13=5.906384709159 eijMax=1.677E-03 rmsd=3.648E-02 s=[ 0 0 0 1 1 1 1 0 0 0 0 0 1 1 1 0 0 0 0 0 0 0 1 0 0 0 0 0 0 0 1 1 1 1 1 1 ]
d13=5.907167891131 eijMax=3.427E-03 rmsd=7.428E-02 s=[ 0 0 0 0 0 0 0 1 1 1 1 1 0 0 0 1 1 1 1 1 1 1 0 1 1 1 1 1 1 1 0 0 0 0 0 0 ]
d13=5.907167891131 eijMax=3.427E-03 rmsd=7.428E-02 s=[ 0 0 0 1 1 1 1 0 0 0 0 0 1 1 1 0 0 0 0 0 0 0 1 0 0 0 0 0 0 0 1 1 1 1 1 1 ]
d13=5.907951073103 eijMax=5.172E-03 rmsd=1.117E-01 s=[ 0 0 0 0 0 0 0 1 1 1 1 1 0 0 0 1 1 1 1 1 1 1 0 1 1 1 1 1 1 1 0 0 0 0 0 0 ]
d13=5.907951073103 eijMax=5.172E-03 rmsd=1.117E-01 s=[ 0 0 0 1 1 1 1 0 0 0 0 0 1 1 1 0 0 0 0 0 0 0 1 0 0 0 0 0 0 0 1 1 1 1 1 1 ]
d13=5.908734255075 eijMax=6.910E-03 rmsd=1.488E-01 s=[ 0 0 0 0 0 0 0 1 1 1 1 1 0 0 0 1 1 1 1 1 1 1 0 1 1 1 1 1 1 1 0 0 0 0 0 0 ]
d13=5.908734255075 eijMax=6.910E-03 rmsd=1.488E-01 s=[ 0 0 0 1 1 1 1 0 0 0 0 0 1 1 1 0 0 0 0 0 0 0 1 0 0 0 0 0 0 0 1 1 1 1 1 1 ]
d13=5.909517437047 eijMax=8.644E-03 rmsd=1.857E-01 s=[ 0 0 0 0 0 0 0 1 1 1 1 1 0 0 0 1 1 1 1 1 1 1 0 1 1 1 1 1 1 1 0 0 0 0 0 0 ]
d13=5.909517437047 eijMax=8.644E-03 rmsd=1.857E-01 s=[ 0 0 0 1 1 1 1 0 0 0 0 0 1 1 1 0 0 0 0 0 0 0 1 0 0 0 0 0 0 0 1 1 1 1 1 1 ]
d13=5.921265166627 eijMax=8.863E-03 rmsd=1.845E+01 s=[ 0 0 0 0 0 1 1 0 0 0 0 0 1 0 0 1 1 1 1 1 1 0 1 0 0 0 0 0 0 0 1 1 1 1 1 1 ]
d13=5.921265166627 eijMax=8.863E-03 rmsd=1.845E+01 s=[ 0 0 0 1 1 0 0 1 1 1 1 1 0 1 1 0 0 0 0 0 0 1 0 1 1 1 1 1 1 1 0 0 0 0 0 0 ]
d13=5.922048348599 eijMax=6.777E-03 rmsd=1.846E+01 s=[ 0 0 0 0 0 1 1 0 0 0 0 0 1 0 0 1 1 1 1 1 1 0 1 0 0 0 0 0 0 0 1 1 1 1 1 1 ]
d13=5.922048348599 eijMax=6.777E-03 rmsd=1.846E+01 s=[ 0 0 0 1 1 0 0 1 1 1 1 1 0 1 1 0 0 0 0 0 0 1 0 1 1 1 1 1 1 1 0 0 0 0 0 0 ]
d13=5.922831530571 eijMax=4.705E-03 rmsd=1.846E+01 s=[ 0 0 0 0 0 1 1 0 0 0 0 0 1 0 0 1 1 1 1 1 1 0 1 0 0 0 0 0 0 0 1 1 1 1 1 1 ]
d13=5.922831530571 eijMax=4.705E-03 rmsd=1.846E+01 s=[ 0 0 0 1 1 0 0 1 1 1 1 1 0 1 1 0 0 0 0 0 0 1 0 1 1 1 1 1 1 1 0 0 0 0 0 0 ]
d13=5.923614712543 eijMax=2.648E-03 rmsd=1.846E+01 s=[ 0 0 0 0 0 1 1 0 0 0 0 0 1 0 0 1 1 1 1 1 1 0 1 0 0 0 0 0 0 0 1 1 1 1 1 1 ]
d13=5.923614712543 eijMax=2.648E-03 rmsd=1.846E+01 s=[ 0 0 0 1 1 0 0 1 1 1 1 1 0 1 1 0 0 0 0 0 0 1 0 1 1 1 1 1 1 1 0 0 0 0 0 0 ]
d13=5.924397894515 eijMax=6.047E-04 rmsd=1.846E+01 s=[ 0 0 0 0 0 1 1 0 0 0 0 0 1 0 0 1 1 1 1 1 1 0 1 0 0 0 0 0 0 0 1 1 1 1 1 1 ]
d13=5.924397894515 eijMax=6.047E-04 rmsd=1.846E+01 s=[ 0 0 0 1 1 0 0 1 1 1 1 1 0 1 1 0 0 0 0 0 0 1 0 1 1 1 1 1 1 1 0 0 0 0 0 0 ]
d13=5.925181076486 eijMax=1.425E-03 rmsd=1.847E+01 s=[ 0 0 0 0 0 1 1 0 0 0 0 0 1 0 0 1 1 1 1 1 1 0 1 0 0 0 0 0 0 0 1 1 1 1 1 1 ]
d13=5.925181076486 eijMax=1.425E-03 rmsd=1.847E+01 s=[ 0 0 0 1 1 0 0 1 1 1 1 1 0 1 1 0 0 0 0 0 0 1 0 1 1 1 1 1 1 1 0 0 0 0 0 0 ]
d13=5.925964258458 eijMax=3.442E-03 rmsd=1.847E+01 s=[ 0 0 0 0 0 1 1 0 0 0 0 0 1 0 0 1 1 1 1 1 1 0 1 0 0 0 0 0 0 0 1 1 1 1 1 1 ]
d13=5.925964258458 eijMax=3.442E-03 rmsd=1.847E+01 s=[ 0 0 0 1 1 0 0 1 1 1 1 1 0 1 1 0 0 0 0 0 0 1 0 1 1 1 1 1 1 1 0 0 0 0 0 0 ]
d13=5.926747440430 eijMax=5.445E-03 rmsd=1.847E+01 s=[ 0 0 0 0 0 1 1 0 0 0 0 0 1 0 0 1 1 1 1 1 1 0 1 0 0 0 0 0 0 0 1 1 1 1 1 1 ]
d13=5.926747440430 eijMax=5.445E-03 rmsd=1.847E+01 s=[ 0 0 0 1 1 0 0 1 1 1 1 1 0 1 1 0 0 0 0 0 0 1 0 1 1 1 1 1 1 1 0 0 0 0 0 0 ]
d13=5.927530622402 eijMax=7.436E-03 rmsd=1.847E+01 s=[ 0 0 0 0 0 1 1 0 0 0 0 0 1 0 0 1 1 1 1 1 1 0 1 0 0 0 0 0 0 0 1 1 1 1 1 1 ]
d13=5.927530622402 eijMax=7.436E-03 rmsd=1.847E+01 s=[ 0 0 0 1 1 0 0 1 1 1 1 1 0 1 1 0 0 0 0 0 0 1 0 1 1 1 1 1 1 1 0 0 0 0 0 0 ]
d13=5.928313804374 eijMax=9.435E-03 rmsd=1.173E+01 s=[ 0 0 0 0 0 0 0 1 1 1 1 1 0 1 1 0 0 0 0 0 0 0 1 0 0 0 0 0 0 0 1 1 1 1 1 1 ]
d13=5.928313804374 eijMax=9.415E-03 rmsd=1.847E+01 s=[ 0 0 0 0 0 1 1 0 0 0 0 0 1 0 0 1 1 1 1 1 1 0 1 0 0 0 0 0 0 0 1 1 1 1 1 1 ]
d13=5.928313804374 eijMax=9.415E-03 rmsd=1.847E+01 s=[ 0 0 0 1 1 0 0 1 1 1 1 1 0 1 1 0 0 0 0 0 0 1 0 1 1 1 1 1 1 1 0 0 0 0 0 0 ]
d13=5.928313804374 eijMax=9.435E-03 rmsd=1.173E+01 s=[ 0 0 0 1 1 1 1 0 0 0 0 0 1 0 0 1 1 1 1 1 1 1 0 1 1 1 1 1 1 1 0 0 0 0 0 0 ]
d13=5.929096986346 eijMax=6.136E-03 rmsd=1.174E+01 s=[ 0 0 0 0 0 0 0 1 1 1 1 1 0 1 1 0 0 0 0 0 0 0 1 0 0 0 0 0 0 0 1 1 1 1 1 1 ]
d13=5.929096986346 eijMax=6.136E-03 rmsd=1.174E+01 s=[ 0 0 0 1 1 1 1 0 0 0 0 0 1 0 0 1 1 1 1 1 1 1 0 1 1 1 1 1 1 1 0 0 0 0 0 0 ]
d13=5.929880168318 eijMax=2.822E-03 rmsd=1.175E+01 s=[ 0 0 0 0 0 0 0 1 1 1 1 1 0 1 1 0 0 0 0 0 0 0 1 0 0 0 0 0 0 0 1 1 1 1 1 1 ]
d13=5.929880168318 eijMax=2.822E-03 rmsd=1.175E+01 s=[ 0 0 0 1 1 1 1 0 0 0 0 0 1 0 0 1 1 1 1 1 1 1 0 1 1 1 1 1 1 1 0 0 0 0 0 0 ]
d13=5.930663350290 eijMax=5.078E-04 rmsd=1.175E+01 s=[ 0 0 0 0 0 0 0 1 1 1 1 1 0 1 1 0 0 0 0 0 0 0 1 0 0 0 0 0 0 0 1 1 1 1 1 1 ]
d13=5.930663350290 eijMax=5.078E-04 rmsd=1.175E+01 s=[ 0 0 0 1 1 1 1 0 0 0 0 0 1 0 0 1 1 1 1 1 1 1 0 1 1 1 1 1 1 1 0 0 0 0 0 0 ]
d13=5.931446532262 eijMax=3.854E-03 rmsd=1.176E+01 s=[ 0 0 0 0 0 0 0 1 1 1 1 1 0 1 1 0 0 0 0 0 0 0 1 0 0 0 0 0 0 0 1 1 1 1 1 1 ]
d13=5.931446532262 eijMax=3.854E-03 rmsd=1.176E+01 s=[ 0 0 0 1 1 1 1 0 0 0 0 0 1 0 0 1 1 1 1 1 1 1 0 1 1 1 1 1 1 1 0 0 0 0 0 0 ]
d13=5.932229714234 eijMax=7.216E-03 rmsd=1.177E+01 s=[ 0 0 0 0 0 0 0 1 1 1 1 1 0 1 1 0 0 0 0 0 0 0 1 0 0 0 0 0 0 0 1 1 1 1 1 1 ]
d13=5.932229714234 eijMax=7.216E-03 rmsd=1.177E+01 s=[ 0 0 0 1 1 1 1 0 0 0 0 0 1 0 0 1 1 1 1 1 1 1 0 1 1 1 1 1 1 1 0 0 0 0 0 0 ]
d13=5.969039266917 eijMax=9.975E-03 rmsd=1.639E+01 s=[ 0 0 0 0 1 1 1 0 0 0 0 0 0 0 0 1 1 1 1 1 0 1 0 1 1 1 1 1 1 1 0 0 0 0 0 0 ]
d13=5.969039266917 eijMax=9.975E-03 rmsd=1.639E+01 s=[ 0 0 0 1 0 0 0 1 1 1 1 1 1 1 1 0 0 0 0 0 1 0 1 0 0 0 0 0 0 0 1 1 1 1 1 1 ]
d13=5.969822448889 eijMax=8.060E-03 rmsd=1.639E+01 s=[ 0 0 0 0 1 1 1 0 0 0 0 0 0 0 0 1 1 1 1 1 0 1 0 1 1 1 1 1 1 1 0 0 0 0 0 0 ]
d13=5.969822448889 eijMax=8.060E-03 rmsd=1.639E+01 s=[ 0 0 0 1 0 0 0 1 1 1 1 1 1 1 1 0 0 0 0 0 1 0 1 0 0 0 0 0 0 0 1 1 1 1 1 1 ]
d13=5.970605630861 eijMax=6.153E-03 rmsd=1.639E+01 s=[ 0 0 0 0 1 1 1 0 0 0 0 0 0 0 0 1 1 1 1 1 0 1 0 1 1 1 1 1 1 1 0 0 0 0 0 0 ]
d13=5.970605630861 eijMax=6.153E-03 rmsd=1.639E+01 s=[ 0 0 0 1 0 0 0 1 1 1 1 1 1 1 1 0 0 0 0 0 1 0 1 0 0 0 0 0 0 0 1 1 1 1 1 1 ]
d13=5.971388812833 eijMax=4.254E-03 rmsd=1.640E+01 s=[ 0 0 0 0 1 1 1 0 0 0 0 0 0 0 0 1 1 1 1 1 0 1 0 1 1 1 1 1 1 1 0 0 0 0 0 0 ]
d13=5.971388812833 eijMax=4.254E-03 rmsd=1.640E+01 s=[ 0 0 0 1 0 0 0 1 1 1 1 1 1 1 1 0 0 0 0 0 1 0 1 0 0 0 0 0 0 0 1 1 1 1 1 1 ]
d13=5.972171994805 eijMax=2.363E-03 rmsd=1.640E+01 s=[ 0 0 0 0 1 1 1 0 0 0 0 0 0 0 0 1 1 1 1 1 0 1 0 1 1 1 1 1 1 1 0 0 0 0 0 0 ]
d13=5.972171994805 eijMax=2.363E-03 rmsd=1.640E+01 s=[ 0 0 0 1 0 0 0 1 1 1 1 1 1 1 1 0 0 0 0 0 1 0 1 0 0 0 0 0 0 0 1 1 1 1 1 1 ]
d13=5.972955176777 eijMax=4.788E-04 rmsd=1.640E+01 s=[ 0 0 0 0 1 1 1 0 0 0 0 0 0 0 0 1 1 1 1 1 0 1 0 1 1 1 1 1 1 1 0 0 0 0 0 0 ]
d13=5.972955176777 eijMax=4.788E-04 rmsd=1.640E+01 s=[ 0 0 0 1 0 0 0 1 1 1 1 1 1 1 1 0 0 0 0 0 1 0 1 0 0 0 0 0 0 0 1 1 1 1 1 1 ]
d13=5.973738358749 eijMax=1.397E-03 rmsd=1.641E+01 s=[ 0 0 0 0 1 1 1 0 0 0 0 0 0 0 0 1 1 1 1 1 0 1 0 1 1 1 1 1 1 1 0 0 0 0 0 0 ]
d13=5.973738358749 eijMax=1.397E-03 rmsd=1.641E+01 s=[ 0 0 0 1 0 0 0 1 1 1 1 1 1 1 1 0 0 0 0 0 1 0 1 0 0 0 0 0 0 0 1 1 1 1 1 1 ]
d13=5.974521540721 eijMax=3.266E-03 rmsd=1.641E+01 s=[ 0 0 0 0 1 1 1 0 0 0 0 0 0 0 0 1 1 1 1 1 0 1 0 1 1 1 1 1 1 1 0 0 0 0 0 0 ]
d13=5.974521540721 eijMax=3.266E-03 rmsd=1.641E+01 s=[ 0 0 0 1 0 0 0 1 1 1 1 1 1 1 1 0 0 0 0 0 1 0 1 0 0 0 0 0 0 0 1 1 1 1 1 1 ]
d13=5.975304722693 eijMax=5.127E-03 rmsd=1.641E+01 s=[ 0 0 0 0 1 1 1 0 0 0 0 0 0 0 0 1 1 1 1 1 0 1 0 1 1 1 1 1 1 1 0 0 0 0 0 0 ]
d13=5.975304722693 eijMax=5.127E-03 rmsd=1.641E+01 s=[ 0 0 0 1 0 0 0 1 1 1 1 1 1 1 1 0 0 0 0 0 1 0 1 0 0 0 0 0 0 0 1 1 1 1 1 1 ]
d13=5.976087904665 eijMax=6.981E-03 rmsd=1.642E+01 s=[ 0 0 0 0 1 1 1 0 0 0 0 0 0 0 0 1 1 1 1 1 0 1 0 1 1 1 1 1 1 1 0 0 0 0 0 0 ]
d13=5.976087904665 eijMax=6.981E-03 rmsd=1.642E+01 s=[ 0 0 0 1 0 0 0 1 1 1 1 1 1 1 1 0 0 0 0 0 1 0 1 0 0 0 0 0 0 0 1 1 1 1 1 1 ]
d13=5.976871086637 eijMax=9.000E-03 rmsd=1.621E+01 s=[ 0 0 0 0 0 0 0 1 1 1 1 1 1 0 0 1 1 1 1 1 1 0 1 0 0 0 0 0 0 0 1 1 1 1 1 1 ]
d13=5.976871086637 eijMax=8.828E-03 rmsd=1.642E+01 s=[ 0 0 0 0 1 1 1 0 0 0 0 0 0 0 0 1 1 1 1 1 0 1 0 1 1 1 1 1 1 1 0 0 0 0 0 0 ]
d13=5.976871086637 eijMax=8.828E-03 rmsd=1.642E+01 s=[ 0 0 0 1 0 0 0 1 1 1 1 1 1 1 1 0 0 0 0 0 1 0 1 0 0 0 0 0 0 0 1 1 1 1 1 1 ]
d13=5.976871086637 eijMax=9.000E-03 rmsd=1.621E+01 s=[ 0 0 0 1 1 1 1 0 0 0 0 0 0 1 1 0 0 0 0 0 0 1 0 1 1 1 1 1 1 1 0 0 0 0 0 0 ]
d13=5.977654268609 eijMax=6.771E-03 rmsd=1.621E+01 s=[ 0 0 0 0 0 0 0 1 1 1 1 1 1 0 0 1 1 1 1 1 1 0 1 0 0 0 0 0 0 0 1 1 1 1 1 1 ]
d13=5.977654268609 eijMax=6.771E-03 rmsd=1.621E+01 s=[ 0 0 0 1 1 1 1 0 0 0 0 0 0 1 1 0 0 0 0 0 0 1 0 1 1 1 1 1 1 1 0 0 0 0 0 0 ]
d13=5.978437450581 eijMax=4.545E-03 rmsd=1.620E+01 s=[ 0 0 0 0 0 0 0 1 1 1 1 1 1 0 0 1 1 1 1 1 1 0 1 0 0 0 0 0 0 0 1 1 1 1 1 1 ]
d13=5.978437450581 eijMax=4.545E-03 rmsd=1.620E+01 s=[ 0 0 0 1 1 1 1 0 0 0 0 0 0 1 1 0 0 0 0 0 0 1 0 1 1 1 1 1 1 1 0 0 0 0 0 0 ]
d13=5.979220632553 eijMax=2.320E-03 rmsd=1.620E+01 s=[ 0 0 0 0 0 0 0 1 1 1 1 1 1 0 0 1 1 1 1 1 1 0 1 0 0 0 0 0 0 0 1 1 1 1 1 1 ]
d13=5.979220632553 eijMax=2.320E-03 rmsd=1.620E+01 s=[ 0 0 0 1 1 1 1 0 0 0 0 0 0 1 1 0 0 0 0 0 0 1 0 1 1 1 1 1 1 1 0 0 0 0 0 0 ]
d13=5.980003814525 eijMax=9.699E-05 rmsd=1.619E+01 s=[ 0 0 0 0 0 0 0 1 1 1 1 1 1 0 0 1 1 1 1 1 1 0 1 0 0 0 0 0 0 0 1 1 1 1 1 1 ]
d13=5.980003814525 eijMax=9.699E-05 rmsd=1.619E+01 s=[ 0 0 0 1 1 1 1 0 0 0 0 0 0 1 1 0 0 0 0 0 0 1 0 1 1 1 1 1 1 1 0 0 0 0 0 0 ]
d13=5.980786996496 eijMax=2.124E-03 rmsd=1.619E+01 s=[ 0 0 0 0 0 0 0 1 1 1 1 1 1 0 0 1 1 1 1 1 1 0 1 0 0 0 0 0 0 0 1 1 1 1 1 1 ]
d13=5.980786996496 eijMax=2.124E-03 rmsd=1.619E+01 s=[ 0 0 0 1 1 1 1 0 0 0 0 0 0 1 1 0 0 0 0 0 0 1 0 1 1 1 1 1 1 1 0 0 0 0 0 0 ]
d13=5.981570178468 eijMax=4.344E-03 rmsd=1.618E+01 s=[ 0 0 0 0 0 0 0 1 1 1 1 1 1 0 0 1 1 1 1 1 1 0 1 0 0 0 0 0 0 0 1 1 1 1 1 1 ]
d13=5.981570178468 eijMax=4.344E-03 rmsd=1.618E+01 s=[ 0 0 0 1 1 1 1 0 0 0 0 0 0 1 1 0 0 0 0 0 0 1 0 1 1 1 1 1 1 1 0 0 0 0 0 0 ]
d13=5.982353360440 eijMax=6.562E-03 rmsd=1.618E+01 s=[ 0 0 0 0 0 0 0 1 1 1 1 1 1 0 0 1 1 1 1 1 1 0 1 0 0 0 0 0 0 0 1 1 1 1 1 1 ]
d13=5.982353360440 eijMax=6.562E-03 rmsd=1.618E+01 s=[ 0 0 0 1 1 1 1 0 0 0 0 0 0 1 1 0 0 0 0 0 0 1 0 1 1 1 1 1 1 1 0 0 0 0 0 0 ]
d13=5.983136542412 eijMax=8.779E-03 rmsd=1.617E+01 s=[ 0 0 0 0 0 0 0 1 1 1 1 1 1 0 0 1 1 1 1 1 1 0 1 0 0 0 0 0 0 0 1 1 1 1 1 1 ]
d13=5.983136542412 eijMax=8.779E-03 rmsd=1.617E+01 s=[ 0 0 0 1 1 1 1 0 0 0 0 0 0 1 1 0 0 0 0 0 0 1 0 1 1 1 1 1 1 1 0 0 0 0 0 0 ]
d13=6.078684742993 eijMax=6.276E-03 rmsd=7.213E+00 s=[ 0 0 0 0 0 0 0 1 1 1 1 1 0 1 1 0 0 0 0 0 1 1 0 1 1 1 1 1 1 1 0 0 0 0 0 0 ]
d13=6.078684742993 eijMax=6.276E-03 rmsd=7.213E+00 s=[ 0 0 0 1 1 1 1 0 0 0 0 0 1 0 0 1 1 1 1 1 0 0 1 0 0 0 0 0 0 0 1 1 1 1 1 1 ]
d13=6.106879293984 eijMax=9.046E-03 rmsd=1.567E+01 s=[ 0 0 0 0 1 0 0 1 1 1 1 1 1 1 1 0 0 0 0 0 1 1 0 1 1 1 1 1 1 1 0 0 0 0 0 0 ]
d13=6.106879293984 eijMax=9.046E-03 rmsd=1.567E+01 s=[ 0 0 0 1 0 1 1 0 0 0 0 0 0 0 0 1 1 1 1 1 0 0 1 0 0 0 0 0 0 0 1 1 1 1 1 1 ]
d13=6.107662475956 eijMax=8.063E-03 rmsd=1.567E+01 s=[ 0 0 0 0 1 0 0 1 1 1 1 1 1 1 1 0 0 0 0 0 1 1 0 1 1 1 1 1 1 1 0 0 0 0 0 0 ]
d13=6.107662475956 eijMax=8.063E-03 rmsd=1.567E+01 s=[ 0 0 0 1 0 1 1 0 0 0 0 0 0 0 0 1 1 1 1 1 0 0 1 0 0 0 0 0 0 0 1 1 1 1 1 1 ]
d13=6.108445657928 eijMax=7.079E-03 rmsd=1.567E+01 s=[ 0 0 0 0 1 0 0 1 1 1 1 1 1 1 1 0 0 0 0 0 1 1 0 1 1 1 1 1 1 1 0 0 0 0 0 0 ]
d13=6.108445657928 eijMax=7.079E-03 rmsd=1.567E+01 s=[ 0 0 0 1 0 1 1 0 0 0 0 0 0 0 0 1 1 1 1 1 0 0 1 0 0 0 0 0 0 0 1 1 1 1 1 1 ]
d13=6.109228839900 eijMax=6.096E-03 rmsd=1.566E+01 s=[ 0 0 0 0 1 0 0 1 1 1 1 1 1 1 1 0 0 0 0 0 1 1 0 1 1 1 1 1 1 1 0 0 0 0 0 0 ]
d13=6.109228839900 eijMax=6.096E-03 rmsd=1.566E+01 s=[ 0 0 0 1 0 1 1 0 0 0 0 0 0 0 0 1 1 1 1 1 0 0 1 0 0 0 0 0 0 0 1 1 1 1 1 1 ]
d13=6.110012021872 eijMax=5.114E-03 rmsd=1.566E+01 s=[ 0 0 0 0 1 0 0 1 1 1 1 1 1 1 1 0 0 0 0 0 1 1 0 1 1 1 1 1 1 1 0 0 0 0 0 0 ]
d13=6.110012021872 eijMax=5.114E-03 rmsd=1.566E+01 s=[ 0 0 0 1 0 1 1 0 0 0 0 0 0 0 0 1 1 1 1 1 0 0 1 0 0 0 0 0 0 0 1 1 1 1 1 1 ]
d13=6.110795203844 eijMax=4.131E-03 rmsd=1.566E+01 s=[ 0 0 0 0 1 0 0 1 1 1 1 1 1 1 1 0 0 0 0 0 1 1 0 1 1 1 1 1 1 1 0 0 0 0 0 0 ]
d13=6.110795203844 eijMax=4.131E-03 rmsd=1.566E+01 s=[ 0 0 0 1 0 1 1 0 0 0 0 0 0 0 0 1 1 1 1 1 0 0 1 0 0 0 0 0 0 0 1 1 1 1 1 1 ]
d13=6.111578385816 eijMax=3.149E-03 rmsd=1.566E+01 s=[ 0 0 0 0 1 0 0 1 1 1 1 1 1 1 1 0 0 0 0 0 1 1 0 1 1 1 1 1 1 1 0 0 0 0 0 0 ]
d13=6.111578385816 eijMax=8.769E-03 rmsd=1.322E+01 s=[ 0 0 0 0 1 1 1 0 0 0 0 0 0 0 0 1 1 1 1 1 1 0 1 0 0 0 0 0 0 0 1 1 1 1 1 1 ]
d13=6.111578385816 eijMax=8.769E-03 rmsd=1.322E+01 s=[ 0 0 0 1 0 0 0 1 1 1 1 1 1 1 1 0 0 0 0 0 0 1 0 1 1 1 1 1 1 1 0 0 0 0 0 0 ]
d13=6.111578385816 eijMax=3.149E-03 rmsd=1.566E+01 s=[ 0 0 0 1 0 1 1 0 0 0 0 0 0 0 0 1 1 1 1 1 0 0 1 0 0 0 0 0 0 0 1 1 1 1 1 1 ]
d13=6.112361567788 eijMax=2.166E-03 rmsd=1.566E+01 s=[ 0 0 0 0 1 0 0 1 1 1 1 1 1 1 1 0 0 0 0 0 1 1 0 1 1 1 1 1 1 1 0 0 0 0 0 0 ]
d13=6.112361567788 eijMax=7.485E-03 rmsd=1.322E+01 s=[ 0 0 0 0 1 1 1 0 0 0 0 0 0 0 0 1 1 1 1 1 1 0 1 0 0 0 0 0 0 0 1 1 1 1 1 1 ]
d13=6.112361567788 eijMax=7.485E-03 rmsd=1.322E+01 s=[ 0 0 0 1 0 0 0 1 1 1 1 1 1 1 1 0 0 0 0 0 0 1 0 1 1 1 1 1 1 1 0 0 0 0 0 0 ]
d13=6.112361567788 eijMax=2.166E-03 rmsd=1.566E+01 s=[ 0 0 0 1 0 1 1 0 0 0 0 0 0 0 0 1 1 1 1 1 0 0 1 0 0 0 0 0 0 0 1 1 1 1 1 1 ]
d13=6.113144749760 eijMax=1.184E-03 rmsd=1.566E+01 s=[ 0 0 0 0 1 0 0 1 1 1 1 1 1 1 1 0 0 0 0 0 1 1 0 1 1 1 1 1 1 1 0 0 0 0 0 0 ]
d13=6.113144749760 eijMax=6.201E-03 rmsd=1.322E+01 s=[ 0 0 0 0 1 1 1 0 0 0 0 0 0 0 0 1 1 1 1 1 1 0 1 0 0 0 0 0 0 0 1 1 1 1 1 1 ]
d13=6.113144749760 eijMax=6.201E-03 rmsd=1.322E+01 s=[ 0 0 0 1 0 0 0 1 1 1 1 1 1 1 1 0 0 0 0 0 0 1 0 1 1 1 1 1 1 1 0 0 0 0 0 0 ]
d13=6.113144749760 eijMax=1.184E-03 rmsd=1.566E+01 s=[ 0 0 0 1 0 1 1 0 0 0 0 0 0 0 0 1 1 1 1 1 0 0 1 0 0 0 0 0 0 0 1 1 1 1 1 1 ]
d13=6.113927931732 eijMax=2.028E-04 rmsd=1.566E+01 s=[ 0 0 0 0 1 0 0 1 1 1 1 1 1 1 1 0 0 0 0 0 1 1 0 1 1 1 1 1 1 1 0 0 0 0 0 0 ]
d13=6.113927931732 eijMax=4.919E-03 rmsd=1.323E+01 s=[ 0 0 0 0 1 1 1 0 0 0 0 0 0 0 0 1 1 1 1 1 1 0 1 0 0 0 0 0 0 0 1 1 1 1 1 1 ]
d13=6.113927931732 eijMax=4.919E-03 rmsd=1.323E+01 s=[ 0 0 0 1 0 0 0 1 1 1 1 1 1 1 1 0 0 0 0 0 0 1 0 1 1 1 1 1 1 1 0 0 0 0 0 0 ]
d13=6.113927931732 eijMax=2.028E-04 rmsd=1.566E+01 s=[ 0 0 0 1 0 1 1 0 0 0 0 0 0 0 0 1 1 1 1 1 0 0 1 0 0 0 0 0 0 0 1 1 1 1 1 1 ]
d13=6.114711113704 eijMax=7.787E-04 rmsd=1.565E+01 s=[ 0 0 0 0 1 0 0 1 1 1 1 1 1 1 1 0 0 0 0 0 1 1 0 1 1 1 1 1 1 1 0 0 0 0 0 0 ]
d13=6.114711113704 eijMax=3.638E-03 rmsd=1.323E+01 s=[ 0 0 0 0 1 1 1 0 0 0 0 0 0 0 0 1 1 1 1 1 1 0 1 0 0 0 0 0 0 0 1 1 1 1 1 1 ]
d13=6.114711113704 eijMax=3.638E-03 rmsd=1.323E+01 s=[ 0 0 0 1 0 0 0 1 1 1 1 1 1 1 1 0 0 0 0 0 0 1 0 1 1 1 1 1 1 1 0 0 0 0 0 0 ]
d13=6.114711113704 eijMax=7.787E-04 rmsd=1.565E+01 s=[ 0 0 0 1 0 1 1 0 0 0 0 0 0 0 0 1 1 1 1 1 0 0 1 0 0 0 0 0 0 0 1 1 1 1 1 1 ]
d13=6.115494295676 eijMax=1.760E-03 rmsd=1.565E+01 s=[ 0 0 0 0 1 0 0 1 1 1 1 1 1 1 1 0 0 0 0 0 1 1 0 1 1 1 1 1 1 1 0 0 0 0 0 0 ]
d13=6.115494295676 eijMax=2.359E-03 rmsd=1.323E+01 s=[ 0 0 0 0 1 1 1 0 0 0 0 0 0 0 0 1 1 1 1 1 1 0 1 0 0 0 0 0 0 0 1 1 1 1 1 1 ]
d13=6.115494295676 eijMax=2.359E-03 rmsd=1.323E+01 s=[ 0 0 0 1 0 0 0 1 1 1 1 1 1 1 1 0 0 0 0 0 0 1 0 1 1 1 1 1 1 1 0 0 0 0 0 0 ]
d13=6.115494295676 eijMax=1.760E-03 rmsd=1.565E+01 s=[ 0 0 0 1 0 1 1 0 0 0 0 0 0 0 0 1 1 1 1 1 0 0 1 0 0 0 0 0 0 0 1 1 1 1 1 1 ]
d13=6.116277477648 eijMax=2.741E-03 rmsd=1.565E+01 s=[ 0 0 0 0 1 0 0 1 1 1 1 1 1 1 1 0 0 0 0 0 1 1 0 1 1 1 1 1 1 1 0 0 0 0 0 0 ]
d13=6.116277477648 eijMax=1.080E-03 rmsd=1.323E+01 s=[ 0 0 0 0 1 1 1 0 0 0 0 0 0 0 0 1 1 1 1 1 1 0 1 0 0 0 0 0 0 0 1 1 1 1 1 1 ]
d13=6.116277477648 eijMax=1.080E-03 rmsd=1.323E+01 s=[ 0 0 0 1 0 0 0 1 1 1 1 1 1 1 1 0 0 0 0 0 0 1 0 1 1 1 1 1 1 1 0 0 0 0 0 0 ]
d13=6.116277477648 eijMax=2.741E-03 rmsd=1.565E+01 s=[ 0 0 0 1 0 1 1 0 0 0 0 0 0 0 0 1 1 1 1 1 0 0 1 0 0 0 0 0 0 0 1 1 1 1 1 1 ]
d13=6.117060659620 eijMax=3.722E-03 rmsd=1.565E+01 s=[ 0 0 0 0 1 0 0 1 1 1 1 1 1 1 1 0 0 0 0 0 1 1 0 1 1 1 1 1 1 1 0 0 0 0 0 0 ]
d13=6.117060659620 eijMax=1.966E-04 rmsd=1.324E+01 s=[ 0 0 0 0 1 1 1 0 0 0 0 0 0 0 0 1 1 1 1 1 1 0 1 0 0 0 0 0 0 0 1 1 1 1 1 1 ]
d13=6.117060659620 eijMax=1.966E-04 rmsd=1.324E+01 s=[ 0 0 0 1 0 0 0 1 1 1 1 1 1 1 1 0 0 0 0 0 0 1 0 1 1 1 1 1 1 1 0 0 0 0 0 0 ]
d13=6.117060659620 eijMax=3.722E-03 rmsd=1.565E+01 s=[ 0 0 0 1 0 1 1 0 0 0 0 0 0 0 0 1 1 1 1 1 0 0 1 0 0 0 0 0 0 0 1 1 1 1 1 1 ]
d13=6.117843841592 eijMax=4.703E-03 rmsd=1.565E+01 s=[ 0 0 0 0 1 0 0 1 1 1 1 1 1 1 1 0 0 0 0 0 1 1 0 1 1 1 1 1 1 1 0 0 0 0 0 0 ]
d13=6.117843841592 eijMax=1.472E-03 rmsd=1.324E+01 s=[ 0 0 0 0 1 1 1 0 0 0 0 0 0 0 0 1 1 1 1 1 1 0 1 0 0 0 0 0 0 0 1 1 1 1 1 1 ]
d13=6.117843841592 eijMax=1.472E-03 rmsd=1.324E+01 s=[ 0 0 0 1 0 0 0 1 1 1 1 1 1 1 1 0 0 0 0 0 0 1 0 1 1 1 1 1 1 1 0 0 0 0 0 0 ]
d13=6.117843841592 eijMax=4.703E-03 rmsd=1.565E+01 s=[ 0 0 0 1 0 1 1 0 0 0 0 0 0 0 0 1 1 1 1 1 0 0 1 0 0 0 0 0 0 0 1 1 1 1 1 1 ]
d13=6.118627023564 eijMax=5.683E-03 rmsd=1.565E+01 s=[ 0 0 0 0 1 0 0 1 1 1 1 1 1 1 1 0 0 0 0 0 1 1 0 1 1 1 1 1 1 1 0 0 0 0 0 0 ]
d13=6.118627023564 eijMax=2.747E-03 rmsd=1.324E+01 s=[ 0 0 0 0 1 1 1 0 0 0 0 0 0 0 0 1 1 1 1 1 1 0 1 0 0 0 0 0 0 0 1 1 1 1 1 1 ]
d13=6.118627023564 eijMax=2.747E-03 rmsd=1.324E+01 s=[ 0 0 0 1 0 0 0 1 1 1 1 1 1 1 1 0 0 0 0 0 0 1 0 1 1 1 1 1 1 1 0 0 0 0 0 0 ]
d13=6.118627023564 eijMax=5.683E-03 rmsd=1.565E+01 s=[ 0 0 0 1 0 1 1 0 0 0 0 0 0 0 0 1 1 1 1 1 0 0 1 0 0 0 0 0 0 0 1 1 1 1 1 1 ]
d13=6.119410205536 eijMax=6.663E-03 rmsd=1.564E+01 s=[ 0 0 0 0 1 0 0 1 1 1 1 1 1 1 1 0 0 0 0 0 1 1 0 1 1 1 1 1 1 1 0 0 0 0 0 0 ]
d13=6.119410205536 eijMax=4.020E-03 rmsd=1.324E+01 s=[ 0 0 0 0 1 1 1 0 0 0 0 0 0 0 0 1 1 1 1 1 1 0 1 0 0 0 0 0 0 0 1 1 1 1 1 1 ]
d13=6.119410205536 eijMax=4.020E-03 rmsd=1.324E+01 s=[ 0 0 0 1 0 0 0 1 1 1 1 1 1 1 1 0 0 0 0 0 0 1 0 1 1 1 1 1 1 1 0 0 0 0 0 0 ]
d13=6.119410205536 eijMax=6.663E-03 rmsd=1.564E+01 s=[ 0 0 0 1 0 1 1 0 0 0 0 0 0 0 0 1 1 1 1 1 0 0 1 0 0 0 0 0 0 0 1 1 1 1 1 1 ]
d13=6.120193387508 eijMax=7.643E-03 rmsd=1.564E+01 s=[ 0 0 0 0 1 0 0 1 1 1 1 1 1 1 1 0 0 0 0 0 1 1 0 1 1 1 1 1 1 1 0 0 0 0 0 0 ]
d13=6.120193387508 eijMax=5.293E-03 rmsd=1.325E+01 s=[ 0 0 0 0 1 1 1 0 0 0 0 0 0 0 0 1 1 1 1 1 1 0 1 0 0 0 0 0 0 0 1 1 1 1 1 1 ]
d13=6.120193387508 eijMax=5.293E-03 rmsd=1.325E+01 s=[ 0 0 0 1 0 0 0 1 1 1 1 1 1 1 1 0 0 0 0 0 0 1 0 1 1 1 1 1 1 1 0 0 0 0 0 0 ]
d13=6.120193387508 eijMax=7.643E-03 rmsd=1.564E+01 s=[ 0 0 0 1 0 1 1 0 0 0 0 0 0 0 0 1 1 1 1 1 0 0 1 0 0 0 0 0 0 0 1 1 1 1 1 1 ]
d13=6.120976569479 eijMax=8.623E-03 rmsd=1.564E+01 s=[ 0 0 0 0 1 0 0 1 1 1 1 1 1 1 1 0 0 0 0 0 1 1 0 1 1 1 1 1 1 1 0 0 0 0 0 0 ]
d13=6.120976569479 eijMax=6.563E-03 rmsd=1.325E+01 s=[ 0 0 0 0 1 1 1 0 0 0 0 0 0 0 0 1 1 1 1 1 1 0 1 0 0 0 0 0 0 0 1 1 1 1 1 1 ]
d13=6.120976569479 eijMax=6.563E-03 rmsd=1.325E+01 s=[ 0 0 0 1 0 0 0 1 1 1 1 1 1 1 1 0 0 0 0 0 0 1 0 1 1 1 1 1 1 1 0 0 0 0 0 0 ]
d13=6.120976569479 eijMax=8.623E-03 rmsd=1.564E+01 s=[ 0 0 0 1 0 1 1 0 0 0 0 0 0 0 0 1 1 1 1 1 0 0 1 0 0 0 0 0 0 0 1 1 1 1 1 1 ]
d13=6.121759751451 eijMax=9.603E-03 rmsd=1.564E+01 s=[ 0 0 0 0 1 0 0 1 1 1 1 1 1 1 1 0 0 0 0 0 1 1 0 1 1 1 1 1 1 1 0 0 0 0 0 0 ]
d13=6.121759751451 eijMax=7.833E-03 rmsd=1.325E+01 s=[ 0 0 0 0 1 1 1 0 0 0 0 0 0 0 0 1 1 1 1 1 1 0 1 0 0 0 0 0 0 0 1 1 1 1 1 1 ]
d13=6.121759751451 eijMax=7.833E-03 rmsd=1.325E+01 s=[ 0 0 0 1 0 0 0 1 1 1 1 1 1 1 1 0 0 0 0 0 0 1 0 1 1 1 1 1 1 1 0 0 0 0 0 0 ]
d13=6.121759751451 eijMax=9.603E-03 rmsd=1.564E+01 s=[ 0 0 0 1 0 1 1 0 0 0 0 0 0 0 0 1 1 1 1 1 0 0 1 0 0 0 0 0 0 0 1 1 1 1 1 1 ]
d13=6.122542933423 eijMax=9.102E-03 rmsd=1.325E+01 s=[ 0 0 0 0 1 1 1 0 0 0 0 0 0 0 0 1 1 1 1 1 1 0 1 0 0 0 0 0 0 0 1 1 1 1 1 1 ]
d13=6.122542933423 eijMax=9.102E-03 rmsd=1.325E+01 s=[ 0 0 0 1 0 0 0 1 1 1 1 1 1 1 1 0 0 0 0 0 0 1 0 1 1 1 1 1 1 1 0 0 0 0 0 0 ]
d13=6.142905664695 eijMax=9.708E-03 rmsd=1.219E+01 s=[ 0 0 0 0 1 1 1 0 0 0 0 0 1 0 0 1 1 1 1 1 1 1 0 1 1 1 1 1 1 1 0 0 0 0 0 0 ]
d13=6.142905664695 eijMax=9.708E-03 rmsd=1.219E+01 s=[ 0 0 0 1 0 0 0 1 1 1 1 1 0 1 1 0 0 0 0 0 0 0 1 0 0 0 0 0 0 0 1 1 1 1 1 1 ]
d13=6.143688846667 eijMax=9.171E-03 rmsd=1.220E+01 s=[ 0 0 0 0 1 1 1 0 0 0 0 0 1 0 0 1 1 1 1 1 1 1 0 1 1 1 1 1 1 1 0 0 0 0 0 0 ]
d13=6.143688846667 eijMax=9.171E-03 rmsd=1.220E+01 s=[ 0 0 0 1 0 0 0 1 1 1 1 1 0 1 1 0 0 0 0 0 0 0 1 0 0 0 0 0 0 0 1 1 1 1 1 1 ]
d13=6.144472028639 eijMax=8.633E-03 rmsd=1.220E+01 s=[ 0 0 0 0 1 1 1 0 0 0 0 0 1 0 0 1 1 1 1 1 1 1 0 1 1 1 1 1 1 1 0 0 0 0 0 0 ]
d13=6.144472028639 eijMax=8.633E-03 rmsd=1.220E+01 s=[ 0 0 0 1 0 0 0 1 1 1 1 1 0 1 1 0 0 0 0 0 0 0 1 0 0 0 0 0 0 0 1 1 1 1 1 1 ]
d13=6.145255210611 eijMax=8.096E-03 rmsd=1.220E+01 s=[ 0 0 0 0 1 1 1 0 0 0 0 0 1 0 0 1 1 1 1 1 1 1 0 1 1 1 1 1 1 1 0 0 0 0 0 0 ]
d13=6.145255210611 eijMax=8.096E-03 rmsd=1.220E+01 s=[ 0 0 0 1 0 0 0 1 1 1 1 1 0 1 1 0 0 0 0 0 0 0 1 0 0 0 0 0 0 0 1 1 1 1 1 1 ]
d13=6.146038392583 eijMax=7.559E-03 rmsd=1.220E+01 s=[ 0 0 0 0 1 1 1 0 0 0 0 0 1 0 0 1 1 1 1 1 1 1 0 1 1 1 1 1 1 1 0 0 0 0 0 0 ]
d13=6.146038392583 eijMax=7.559E-03 rmsd=1.220E+01 s=[ 0 0 0 1 0 0 0 1 1 1 1 1 0 1 1 0 0 0 0 0 0 0 1 0 0 0 0 0 0 0 1 1 1 1 1 1 ]
d13=6.146821574555 eijMax=7.022E-03 rmsd=1.220E+01 s=[ 0 0 0 0 1 1 1 0 0 0 0 0 1 0 0 1 1 1 1 1 1 1 0 1 1 1 1 1 1 1 0 0 0 0 0 0 ]
d13=6.146821574555 eijMax=7.022E-03 rmsd=1.220E+01 s=[ 0 0 0 1 0 0 0 1 1 1 1 1 0 1 1 0 0 0 0 0 0 0 1 0 0 0 0 0 0 0 1 1 1 1 1 1 ]
d13=6.147604756527 eijMax=6.485E-03 rmsd=1.220E+01 s=[ 0 0 0 0 1 1 1 0 0 0 0 0 1 0 0 1 1 1 1 1 1 1 0 1 1 1 1 1 1 1 0 0 0 0 0 0 ]
d13=6.147604756527 eijMax=6.485E-03 rmsd=1.220E+01 s=[ 0 0 0 1 0 0 0 1 1 1 1 1 0 1 1 0 0 0 0 0 0 0 1 0 0 0 0 0 0 0 1 1 1 1 1 1 ]
d13=6.148387938498 eijMax=5.949E-03 rmsd=1.221E+01 s=[ 0 0 0 0 1 1 1 0 0 0 0 0 1 0 0 1 1 1 1 1 1 1 0 1 1 1 1 1 1 1 0 0 0 0 0 0 ]
d13=6.148387938498 eijMax=5.949E-03 rmsd=1.221E+01 s=[ 0 0 0 1 0 0 0 1 1 1 1 1 0 1 1 0 0 0 0 0 0 0 1 0 0 0 0 0 0 0 1 1 1 1 1 1 ]
d13=6.149171120470 eijMax=5.413E-03 rmsd=1.221E+01 s=[ 0 0 0 0 1 1 1 0 0 0 0 0 1 0 0 1 1 1 1 1 1 1 0 1 1 1 1 1 1 1 0 0 0 0 0 0 ]
d13=6.149171120470 eijMax=5.413E-03 rmsd=1.221E+01 s=[ 0 0 0 1 0 0 0 1 1 1 1 1 0 1 1 0 0 0 0 0 0 0 1 0 0 0 0 0 0 0 1 1 1 1 1 1 ]
d13=6.149954302442 eijMax=4.877E-03 rmsd=1.221E+01 s=[ 0 0 0 0 1 1 1 0 0 0 0 0 1 0 0 1 1 1 1 1 1 1 0 1 1 1 1 1 1 1 0 0 0 0 0 0 ]
d13=6.149954302442 eijMax=4.877E-03 rmsd=1.221E+01 s=[ 0 0 0 1 0 0 0 1 1 1 1 1 0 1 1 0 0 0 0 0 0 0 1 0 0 0 0 0 0 0 1 1 1 1 1 1 ]
d13=6.150737484414 eijMax=4.341E-03 rmsd=1.221E+01 s=[ 0 0 0 0 1 1 1 0 0 0 0 0 1 0 0 1 1 1 1 1 1 1 0 1 1 1 1 1 1 1 0 0 0 0 0 0 ]
d13=6.150737484414 eijMax=4.341E-03 rmsd=1.221E+01 s=[ 0 0 0 1 0 0 0 1 1 1 1 1 0 1 1 0 0 0 0 0 0 0 1 0 0 0 0 0 0 0 1 1 1 1 1 1 ]
d13=6.151520666386 eijMax=3.805E-03 rmsd=1.221E+01 s=[ 0 0 0 0 1 1 1 0 0 0 0 0 1 0 0 1 1 1 1 1 1 1 0 1 1 1 1 1 1 1 0 0 0 0 0 0 ]
d13=6.151520666386 eijMax=3.805E-03 rmsd=1.221E+01 s=[ 0 0 0 1 0 0 0 1 1 1 1 1 0 1 1 0 0 0 0 0 0 0 1 0 0 0 0 0 0 0 1 1 1 1 1 1 ]
d13=6.152303848358 eijMax=3.270E-03 rmsd=1.221E+01 s=[ 0 0 0 0 1 1 1 0 0 0 0 0 1 0 0 1 1 1 1 1 1 1 0 1 1 1 1 1 1 1 0 0 0 0 0 0 ]
d13=6.152303848358 eijMax=3.270E-03 rmsd=1.221E+01 s=[ 0 0 0 1 0 0 0 1 1 1 1 1 0 1 1 0 0 0 0 0 0 0 1 0 0 0 0 0 0 0 1 1 1 1 1 1 ]
d13=6.153087030330 eijMax=2.735E-03 rmsd=1.222E+01 s=[ 0 0 0 0 1 1 1 0 0 0 0 0 1 0 0 1 1 1 1 1 1 1 0 1 1 1 1 1 1 1 0 0 0 0 0 0 ]
d13=6.153087030330 eijMax=2.735E-03 rmsd=1.222E+01 s=[ 0 0 0 1 0 0 0 1 1 1 1 1 0 1 1 0 0 0 0 0 0 0 1 0 0 0 0 0 0 0 1 1 1 1 1 1 ]
d13=6.153870212302 eijMax=2.200E-03 rmsd=1.222E+01 s=[ 0 0 0 0 1 1 1 0 0 0 0 0 1 0 0 1 1 1 1 1 1 1 0 1 1 1 1 1 1 1 0 0 0 0 0 0 ]
d13=6.153870212302 eijMax=2.200E-03 rmsd=1.222E+01 s=[ 0 0 0 1 0 0 0 1 1 1 1 1 0 1 1 0 0 0 0 0 0 0 1 0 0 0 0 0 0 0 1 1 1 1 1 1 ]
d13=6.154653394274 eijMax=1.665E-03 rmsd=1.222E+01 s=[ 0 0 0 0 1 1 1 0 0 0 0 0 1 0 0 1 1 1 1 1 1 1 0 1 1 1 1 1 1 1 0 0 0 0 0 0 ]
d13=6.154653394274 eijMax=1.665E-03 rmsd=1.222E+01 s=[ 0 0 0 1 0 0 0 1 1 1 1 1 0 1 1 0 0 0 0 0 0 0 1 0 0 0 0 0 0 0 1 1 1 1 1 1 ]
d13=6.155436576246 eijMax=1.131E-03 rmsd=1.222E+01 s=[ 0 0 0 0 1 1 1 0 0 0 0 0 1 0 0 1 1 1 1 1 1 1 0 1 1 1 1 1 1 1 0 0 0 0 0 0 ]
d13=6.155436576246 eijMax=1.131E-03 rmsd=1.222E+01 s=[ 0 0 0 1 0 0 0 1 1 1 1 1 0 1 1 0 0 0 0 0 0 0 1 0 0 0 0 0 0 0 1 1 1 1 1 1 ]
d13=6.156219758218 eijMax=5.963E-04 rmsd=1.222E+01 s=[ 0 0 0 0 1 1 1 0 0 0 0 0 1 0 0 1 1 1 1 1 1 1 0 1 1 1 1 1 1 1 0 0 0 0 0 0 ]
d13=6.156219758218 eijMax=5.963E-04 rmsd=1.222E+01 s=[ 0 0 0 1 0 0 0 1 1 1 1 1 0 1 1 0 0 0 0 0 0 0 1 0 0 0 0 0 0 0 1 1 1 1 1 1 ]
d13=6.157002940190 eijMax=6.214E-05 rmsd=1.223E+01 s=[ 0 0 0 0 1 1 1 0 0 0 0 0 1 0 0 1 1 1 1 1 1 1 0 1 1 1 1 1 1 1 0 0 0 0 0 0 ]
d13=6.157002940190 eijMax=6.214E-05 rmsd=1.223E+01 s=[ 0 0 0 1 0 0 0 1 1 1 1 1 0 1 1 0 0 0 0 0 0 0 1 0 0 0 0 0 0 0 1 1 1 1 1 1 ]
d13=6.157786122162 eijMax=4.718E-04 rmsd=1.223E+01 s=[ 0 0 0 0 1 1 1 0 0 0 0 0 1 0 0 1 1 1 1 1 1 1 0 1 1 1 1 1 1 1 0 0 0 0 0 0 ]
d13=6.157786122162 eijMax=4.718E-04 rmsd=1.223E+01 s=[ 0 0 0 1 0 0 0 1 1 1 1 1 0 1 1 0 0 0 0 0 0 0 1 0 0 0 0 0 0 0 1 1 1 1 1 1 ]
d13=6.158569304134 eijMax=1.005E-03 rmsd=1.223E+01 s=[ 0 0 0 0 1 1 1 0 0 0 0 0 1 0 0 1 1 1 1 1 1 1 0 1 1 1 1 1 1 1 0 0 0 0 0 0 ]
d13=6.158569304134 eijMax=1.005E-03 rmsd=1.223E+01 s=[ 0 0 0 1 0 0 0 1 1 1 1 1 0 1 1 0 0 0 0 0 0 0 1 0 0 0 0 0 0 0 1 1 1 1 1 1 ]
d13=6.159352486106 eijMax=1.539E-03 rmsd=1.223E+01 s=[ 0 0 0 0 1 1 1 0 0 0 0 0 1 0 0 1 1 1 1 1 1 1 0 1 1 1 1 1 1 1 0 0 0 0 0 0 ]
d13=6.159352486106 eijMax=1.539E-03 rmsd=1.223E+01 s=[ 0 0 0 1 0 0 0 1 1 1 1 1 0 1 1 0 0 0 0 0 0 0 1 0 0 0 0 0 0 0 1 1 1 1 1 1 ]
d13=6.160135668078 eijMax=2.072E-03 rmsd=1.223E+01 s=[ 0 0 0 0 1 1 1 0 0 0 0 0 1 0 0 1 1 1 1 1 1 1 0 1 1 1 1 1 1 1 0 0 0 0 0 0 ]
d13=6.160135668078 eijMax=2.072E-03 rmsd=1.223E+01 s=[ 0 0 0 1 0 0 0 1 1 1 1 1 0 1 1 0 0 0 0 0 0 0 1 0 0 0 0 0 0 0 1 1 1 1 1 1 ]
d13=6.160918850050 eijMax=2.605E-03 rmsd=1.223E+01 s=[ 0 0 0 0 1 1 1 0 0 0 0 0 1 0 0 1 1 1 1 1 1 1 0 1 1 1 1 1 1 1 0 0 0 0 0 0 ]
d13=6.160918850050 eijMax=2.605E-03 rmsd=1.223E+01 s=[ 0 0 0 1 0 0 0 1 1 1 1 1 0 1 1 0 0 0 0 0 0 0 1 0 0 0 0 0 0 0 1 1 1 1 1 1 ]
d13=6.161702032022 eijMax=3.138E-03 rmsd=1.224E+01 s=[ 0 0 0 0 1 1 1 0 0 0 0 0 1 0 0 1 1 1 1 1 1 1 0 1 1 1 1 1 1 1 0 0 0 0 0 0 ]
d13=6.161702032022 eijMax=3.138E-03 rmsd=1.224E+01 s=[ 0 0 0 1 0 0 0 1 1 1 1 1 0 1 1 0 0 0 0 0 0 0 1 0 0 0 0 0 0 0 1 1 1 1 1 1 ]
d13=6.162485213994 eijMax=3.671E-03 rmsd=1.224E+01 s=[ 0 0 0 0 1 1 1 0 0 0 0 0 1 0 0 1 1 1 1 1 1 1 0 1 1 1 1 1 1 1 0 0 0 0 0 0 ]
d13=6.162485213994 eijMax=3.671E-03 rmsd=1.224E+01 s=[ 0 0 0 1 0 0 0 1 1 1 1 1 0 1 1 0 0 0 0 0 0 0 1 0 0 0 0 0 0 0 1 1 1 1 1 1 ]
d13=6.163268395966 eijMax=4.203E-03 rmsd=1.224E+01 s=[ 0 0 0 0 1 1 1 0 0 0 0 0 1 0 0 1 1 1 1 1 1 1 0 1 1 1 1 1 1 1 0 0 0 0 0 0 ]
d13=6.163268395966 eijMax=4.203E-03 rmsd=1.224E+01 s=[ 0 0 0 1 0 0 0 1 1 1 1 1 0 1 1 0 0 0 0 0 0 0 1 0 0 0 0 0 0 0 1 1 1 1 1 1 ]
d13=6.164051577938 eijMax=4.736E-03 rmsd=1.224E+01 s=[ 0 0 0 0 1 1 1 0 0 0 0 0 1 0 0 1 1 1 1 1 1 1 0 1 1 1 1 1 1 1 0 0 0 0 0 0 ]
d13=6.164051577938 eijMax=4.736E-03 rmsd=1.224E+01 s=[ 0 0 0 1 0 0 0 1 1 1 1 1 0 1 1 0 0 0 0 0 0 0 1 0 0 0 0 0 0 0 1 1 1 1 1 1 ]
d13=6.164834759910 eijMax=5.268E-03 rmsd=1.224E+01 s=[ 0 0 0 0 1 1 1 0 0 0 0 0 1 0 0 1 1 1 1 1 1 1 0 1 1 1 1 1 1 1 0 0 0 0 0 0 ]
d13=6.164834759910 eijMax=5.268E-03 rmsd=1.224E+01 s=[ 0 0 0 1 0 0 0 1 1 1 1 1 0 1 1 0 0 0 0 0 0 0 1 0 0 0 0 0 0 0 1 1 1 1 1 1 ]
d13=6.165617941882 eijMax=5.800E-03 rmsd=1.224E+01 s=[ 0 0 0 0 1 1 1 0 0 0 0 0 1 0 0 1 1 1 1 1 1 1 0 1 1 1 1 1 1 1 0 0 0 0 0 0 ]
d13=6.165617941882 eijMax=5.800E-03 rmsd=1.224E+01 s=[ 0 0 0 1 0 0 0 1 1 1 1 1 0 1 1 0 0 0 0 0 0 0 1 0 0 0 0 0 0 0 1 1 1 1 1 1 ]
d13=6.166401123854 eijMax=6.331E-03 rmsd=1.225E+01 s=[ 0 0 0 0 1 1 1 0 0 0 0 0 1 0 0 1 1 1 1 1 1 1 0 1 1 1 1 1 1 1 0 0 0 0 0 0 ]
d13=6.166401123854 eijMax=6.331E-03 rmsd=1.225E+01 s=[ 0 0 0 1 0 0 0 1 1 1 1 1 0 1 1 0 0 0 0 0 0 0 1 0 0 0 0 0 0 0 1 1 1 1 1 1 ]
d13=6.167184305826 eijMax=6.863E-03 rmsd=1.225E+01 s=[ 0 0 0 0 1 1 1 0 0 0 0 0 1 0 0 1 1 1 1 1 1 1 0 1 1 1 1 1 1 1 0 0 0 0 0 0 ]
d13=6.167184305826 eijMax=6.863E-03 rmsd=1.225E+01 s=[ 0 0 0 1 0 0 0 1 1 1 1 1 0 1 1 0 0 0 0 0 0 0 1 0 0 0 0 0 0 0 1 1 1 1 1 1 ]
d13=6.167967487798 eijMax=7.394E-03 rmsd=1.225E+01 s=[ 0 0 0 0 1 1 1 0 0 0 0 0 1 0 0 1 1 1 1 1 1 1 0 1 1 1 1 1 1 1 0 0 0 0 0 0 ]
d13=6.167967487798 eijMax=7.394E-03 rmsd=1.225E+01 s=[ 0 0 0 1 0 0 0 1 1 1 1 1 0 1 1 0 0 0 0 0 0 0 1 0 0 0 0 0 0 0 1 1 1 1 1 1 ]
d13=6.168750669770 eijMax=7.925E-03 rmsd=1.225E+01 s=[ 0 0 0 0 1 1 1 0 0 0 0 0 1 0 0 1 1 1 1 1 1 1 0 1 1 1 1 1 1 1 0 0 0 0 0 0 ]
d13=6.168750669770 eijMax=7.925E-03 rmsd=1.225E+01 s=[ 0 0 0 1 0 0 0 1 1 1 1 1 0 1 1 0 0 0 0 0 0 0 1 0 0 0 0 0 0 0 1 1 1 1 1 1 ]
d13=6.169533851742 eijMax=8.456E-03 rmsd=1.225E+01 s=[ 0 0 0 0 1 1 1 0 0 0 0 0 1 0 0 1 1 1 1 1 1 1 0 1 1 1 1 1 1 1 0 0 0 0 0 0 ]
d13=6.169533851742 eijMax=8.456E-03 rmsd=1.225E+01 s=[ 0 0 0 1 0 0 0 1 1 1 1 1 0 1 1 0 0 0 0 0 0 0 1 0 0 0 0 0 0 0 1 1 1 1 1 1 ]
d13=6.170317033714 eijMax=8.987E-03 rmsd=1.226E+01 s=[ 0 0 0 0 1 1 1 0 0 0 0 0 1 0 0 1 1 1 1 1 1 1 0 1 1 1 1 1 1 1 0 0 0 0 0 0 ]
d13=6.170317033714 eijMax=8.987E-03 rmsd=1.226E+01 s=[ 0 0 0 1 0 0 0 1 1 1 1 1 0 1 1 0 0 0 0 0 0 0 1 0 0 0 0 0 0 0 1 1 1 1 1 1 ]
d13=6.171100215686 eijMax=9.517E-03 rmsd=1.226E+01 s=[ 0 0 0 0 1 1 1 0 0 0 0 0 1 0 0 1 1 1 1 1 1 1 0 1 1 1 1 1 1 1 0 0 0 0 0 0 ]
d13=6.171100215686 eijMax=9.517E-03 rmsd=1.226E+01 s=[ 0 0 0 1 0 0 0 1 1 1 1 1 0 1 1 0 0 0 0 0 0 0 1 0 0 0 0 0 0 0 1 1 1 1 1 1 ]
d13=6.204777040480 eijMax=8.459E-03 rmsd=1.608E+01 s=[ 0 0 0 0 0 0 0 1 1 1 1 1 1 0 0 1 1 1 1 1 1 0 1 0 0 0 0 0 0 0 1 1 1 1 1 1 ]
d13=6.204777040480 eijMax=8.459E-03 rmsd=1.608E+01 s=[ 0 0 0 1 1 1 1 0 0 0 0 0 0 1 1 0 0 0 0 0 0 1 0 1 1 1 1 1 1 1 0 0 0 0 0 0 ]
d13=6.217307952032 eijMax=9.957E-03 rmsd=1.164E+01 s=[ 0 0 0 0 0 1 1 0 0 0 0 0 1 1 1 0 0 0 0 0 1 1 0 1 1 1 1 1 1 1 0 0 0 0 0 0 ]
d13=6.217307952032 eijMax=9.957E-03 rmsd=1.164E+01 s=[ 0 0 0 1 1 0 0 1 1 1 1 1 0 0 0 1 1 1 1 1 0 0 1 0 0 0 0 0 0 0 1 1 1 1 1 1 ]
d13=6.218091134004 eijMax=8.813E-03 rmsd=1.164E+01 s=[ 0 0 0 0 0 1 1 0 0 0 0 0 1 1 1 0 0 0 0 0 1 1 0 1 1 1 1 1 1 1 0 0 0 0 0 0 ]
d13=6.218091134004 eijMax=8.813E-03 rmsd=1.164E+01 s=[ 0 0 0 1 1 0 0 1 1 1 1 1 0 0 0 1 1 1 1 1 0 0 1 0 0 0 0 0 0 0 1 1 1 1 1 1 ]
d13=6.218874315976 eijMax=7.668E-03 rmsd=1.163E+01 s=[ 0 0 0 0 0 1 1 0 0 0 0 0 1 1 1 0 0 0 0 0 1 1 0 1 1 1 1 1 1 1 0 0 0 0 0 0 ]
d13=6.218874315976 eijMax=7.668E-03 rmsd=1.163E+01 s=[ 0 0 0 1 1 0 0 1 1 1 1 1 0 0 0 1 1 1 1 1 0 0 1 0 0 0 0 0 0 0 1 1 1 1 1 1 ]
d13=6.219657497948 eijMax=6.523E-03 rmsd=1.163E+01 s=[ 0 0 0 0 0 1 1 0 0 0 0 0 1 1 1 0 0 0 0 0 1 1 0 1 1 1 1 1 1 1 0 0 0 0 0 0 ]
d13=6.219657497948 eijMax=6.523E-03 rmsd=1.163E+01 s=[ 0 0 0 1 1 0 0 1 1 1 1 1 0 0 0 1 1 1 1 1 0 0 1 0 0 0 0 0 0 0 1 1 1 1 1 1 ]
d13=6.220440679920 eijMax=1.502E-03 rmsd=1.362E+01 s=[ 0 0 0 0 0 0 0 1 1 1 1 1 1 0 0 1 1 1 1 1 0 1 0 1 1 1 1 1 1 1 0 0 0 0 0 0 ]
d13=6.220440679920 eijMax=5.379E-03 rmsd=1.162E+01 s=[ 0 0 0 0 0 1 1 0 0 0 0 0 1 1 1 0 0 0 0 0 1 1 0 1 1 1 1 1 1 1 0 0 0 0 0 0 ]
d13=6.220440679920 eijMax=5.379E-03 rmsd=1.162E+01 s=[ 0 0 0 1 1 0 0 1 1 1 1 1 0 0 0 1 1 1 1 1 0 0 1 0 0 0 0 0 0 0 1 1 1 1 1 1 ]
d13=6.220440679920 eijMax=1.502E-03 rmsd=1.362E+01 s=[ 0 0 0 1 1 1 1 0 0 0 0 0 0 1 1 0 0 0 0 0 1 0 1 0 0 0 0 0 0 0 1 1 1 1 1 1 ]
d13=6.221223861892 eijMax=7.714E-03 rmsd=1.364E+01 s=[ 0 0 0 0 0 0 0 1 1 1 1 1 1 0 0 1 1 1 1 1 0 1 0 1 1 1 1 1 1 1 0 0 0 0 0 0 ]
d13=6.221223861892 eijMax=4.235E-03 rmsd=1.162E+01 s=[ 0 0 0 0 0 1 1 0 0 0 0 0 1 1 1 0 0 0 0 0 1 1 0 1 1 1 1 1 1 1 0 0 0 0 0 0 ]
d13=6.221223861892 eijMax=4.235E-03 rmsd=1.162E+01 s=[ 0 0 0 1 1 0 0 1 1 1 1 1 0 0 0 1 1 1 1 1 0 0 1 0 0 0 0 0 0 0 1 1 1 1 1 1 ]
d13=6.221223861892 eijMax=7.714E-03 rmsd=1.364E+01 s=[ 0 0 0 1 1 1 1 0 0 0 0 0 0 1 1 0 0 0 0 0 1 0 1 0 0 0 0 0 0 0 1 1 1 1 1 1 ]
d13=6.222007043864 eijMax=3.090E-03 rmsd=1.161E+01 s=[ 0 0 0 0 0 1 1 0 0 0 0 0 1 1 1 0 0 0 0 0 1 1 0 1 1 1 1 1 1 1 0 0 0 0 0 0 ]
d13=6.222007043864 eijMax=3.090E-03 rmsd=1.161E+01 s=[ 0 0 0 1 1 0 0 1 1 1 1 1 0 0 0 1 1 1 1 1 0 0 1 0 0 0 0 0 0 0 1 1 1 1 1 1 ]
d13=6.222790225836 eijMax=1.946E-03 rmsd=1.161E+01 s=[ 0 0 0 0 0 1 1 0 0 0 0 0 1 1 1 0 0 0 0 0 1 1 0 1 1 1 1 1 1 1 0 0 0 0 0 0 ]
d13=6.222790225836 eijMax=1.946E-03 rmsd=1.161E+01 s=[ 0 0 0 1 1 0 0 1 1 1 1 1 0 0 0 1 1 1 1 1 0 0 1 0 0 0 0 0 0 0 1 1 1 1 1 1 ]
d13=6.223573407808 eijMax=8.023E-04 rmsd=1.160E+01 s=[ 0 0 0 0 0 1 1 0 0 0 0 0 1 1 1 0 0 0 0 0 1 1 0 1 1 1 1 1 1 1 0 0 0 0 0 0 ]
d13=6.223573407808 eijMax=8.023E-04 rmsd=1.160E+01 s=[ 0 0 0 1 1 0 0 1 1 1 1 1 0 0 0 1 1 1 1 1 0 0 1 0 0 0 0 0 0 0 1 1 1 1 1 1 ]
d13=6.224356589780 eijMax=3.416E-04 rmsd=1.160E+01 s=[ 0 0 0 0 0 1 1 0 0 0 0 0 1 1 1 0 0 0 0 0 1 1 0 1 1 1 1 1 1 1 0 0 0 0 0 0 ]
d13=6.224356589780 eijMax=3.416E-04 rmsd=1.160E+01 s=[ 0 0 0 1 1 0 0 1 1 1 1 1 0 0 0 1 1 1 1 1 0 0 1 0 0 0 0 0 0 0 1 1 1 1 1 1 ]
d13=6.225139771752 eijMax=1.485E-03 rmsd=1.160E+01 s=[ 0 0 0 0 0 1 1 0 0 0 0 0 1 1 1 0 0 0 0 0 1 1 0 1 1 1 1 1 1 1 0 0 0 0 0 0 ]
d13=6.225139771752 eijMax=1.485E-03 rmsd=1.160E+01 s=[ 0 0 0 1 1 0 0 1 1 1 1 1 0 0 0 1 1 1 1 1 0 0 1 0 0 0 0 0 0 0 1 1 1 1 1 1 ]
d13=6.225922953724 eijMax=2.629E-03 rmsd=1.159E+01 s=[ 0 0 0 0 0 1 1 0 0 0 0 0 1 1 1 0 0 0 0 0 1 1 0 1 1 1 1 1 1 1 0 0 0 0 0 0 ]
d13=6.225922953724 eijMax=2.629E-03 rmsd=1.159E+01 s=[ 0 0 0 1 1 0 0 1 1 1 1 1 0 0 0 1 1 1 1 1 0 0 1 0 0 0 0 0 0 0 1 1 1 1 1 1 ]
d13=6.226706135696 eijMax=3.773E-03 rmsd=1.159E+01 s=[ 0 0 0 0 0 1 1 0 0 0 0 0 1 1 1 0 0 0 0 0 1 1 0 1 1 1 1 1 1 1 0 0 0 0 0 0 ]
d13=6.226706135696 eijMax=3.773E-03 rmsd=1.159E+01 s=[ 0 0 0 1 1 0 0 1 1 1 1 1 0 0 0 1 1 1 1 1 0 0 1 0 0 0 0 0 0 0 1 1 1 1 1 1 ]
d13=6.227489317668 eijMax=4.916E-03 rmsd=1.158E+01 s=[ 0 0 0 0 0 1 1 0 0 0 0 0 1 1 1 0 0 0 0 0 1 1 0 1 1 1 1 1 1 1 0 0 0 0 0 0 ]
d13=6.227489317668 eijMax=4.916E-03 rmsd=1.158E+01 s=[ 0 0 0 1 1 0 0 1 1 1 1 1 0 0 0 1 1 1 1 1 0 0 1 0 0 0 0 0 0 0 1 1 1 1 1 1 ]
d13=6.228272499640 eijMax=6.060E-03 rmsd=1.158E+01 s=[ 0 0 0 0 0 1 1 0 0 0 0 0 1 1 1 0 0 0 0 0 1 1 0 1 1 1 1 1 1 1 0 0 0 0 0 0 ]
d13=6.228272499640 eijMax=6.060E-03 rmsd=1.158E+01 s=[ 0 0 0 1 1 0 0 1 1 1 1 1 0 0 0 1 1 1 1 1 0 0 1 0 0 0 0 0 0 0 1 1 1 1 1 1 ]
d13=6.229055681612 eijMax=7.203E-03 rmsd=1.157E+01 s=[ 0 0 0 0 0 1 1 0 0 0 0 0 1 1 1 0 0 0 0 0 1 1 0 1 1 1 1 1 1 1 0 0 0 0 0 0 ]
d13=6.229055681612 eijMax=7.203E-03 rmsd=1.157E+01 s=[ 0 0 0 1 1 0 0 1 1 1 1 1 0 0 0 1 1 1 1 1 0 0 1 0 0 0 0 0 0 0 1 1 1 1 1 1 ]
d13=6.229838863584 eijMax=8.346E-03 rmsd=1.157E+01 s=[ 0 0 0 0 0 1 1 0 0 0 0 0 1 1 1 0 0 0 0 0 1 1 0 1 1 1 1 1 1 1 0 0 0 0 0 0 ]
d13=6.229838863584 eijMax=8.346E-03 rmsd=1.157E+01 s=[ 0 0 0 1 1 0 0 1 1 1 1 1 0 0 0 1 1 1 1 1 0 0 1 0 0 0 0 0 0 0 1 1 1 1 1 1 ]
d13=6.230622045556 eijMax=9.490E-03 rmsd=1.156E+01 s=[ 0 0 0 0 0 1 1 0 0 0 0 0 1 1 1 0 0 0 0 0 1 1 0 1 1 1 1 1 1 1 0 0 0 0 0 0 ]
d13=6.230622045556 eijMax=9.490E-03 rmsd=1.156E+01 s=[ 0 0 0 1 1 0 0 1 1 1 1 1 0 0 0 1 1 1 1 1 0 0 1 0 0 0 0 0 0 0 1 1 1 1 1 1 ]
d13=6.254900686687 eijMax=9.518E-03 rmsd=1.516E+01 s=[ 0 0 0 0 0 1 1 0 0 0 0 0 0 0 0 1 1 1 1 1 0 0 1 0 0 0 0 0 0 0 1 1 1 1 1 1 ]
d13=6.254900686687 eijMax=9.518E-03 rmsd=1.516E+01 s=[ 0 0 0 1 1 0 0 1 1 1 1 1 1 1 1 0 0 0 0 0 1 1 0 1 1 1 1 1 1 1 0 0 0 0 0 0 ]
d13=6.255683868659 eijMax=8.919E-03 rmsd=1.516E+01 s=[ 0 0 0 0 0 1 1 0 0 0 0 0 0 0 0 1 1 1 1 1 0 0 1 0 0 0 0 0 0 0 1 1 1 1 1 1 ]
d13=6.255683868659 eijMax=8.919E-03 rmsd=1.516E+01 s=[ 0 0 0 1 1 0 0 1 1 1 1 1 1 1 1 0 0 0 0 0 1 1 0 1 1 1 1 1 1 1 0 0 0 0 0 0 ]
d13=6.256467050631 eijMax=8.320E-03 rmsd=1.516E+01 s=[ 0 0 0 0 0 1 1 0 0 0 0 0 0 0 0 1 1 1 1 1 0 0 1 0 0 0 0 0 0 0 1 1 1 1 1 1 ]
d13=6.256467050631 eijMax=8.320E-03 rmsd=1.516E+01 s=[ 0 0 0 1 1 0 0 1 1 1 1 1 1 1 1 0 0 0 0 0 1 1 0 1 1 1 1 1 1 1 0 0 0 0 0 0 ]
d13=6.257250232603 eijMax=7.721E-03 rmsd=1.516E+01 s=[ 0 0 0 0 0 1 1 0 0 0 0 0 0 0 0 1 1 1 1 1 0 0 1 0 0 0 0 0 0 0 1 1 1 1 1 1 ]
d13=6.257250232603 eijMax=7.721E-03 rmsd=1.516E+01 s=[ 0 0 0 1 1 0 0 1 1 1 1 1 1 1 1 0 0 0 0 0 1 1 0 1 1 1 1 1 1 1 0 0 0 0 0 0 ]
d13=6.258033414575 eijMax=7.123E-03 rmsd=1.516E+01 s=[ 0 0 0 0 0 1 1 0 0 0 0 0 0 0 0 1 1 1 1 1 0 0 1 0 0 0 0 0 0 0 1 1 1 1 1 1 ]
d13=6.258033414575 eijMax=7.123E-03 rmsd=1.516E+01 s=[ 0 0 0 1 1 0 0 1 1 1 1 1 1 1 1 0 0 0 0 0 1 1 0 1 1 1 1 1 1 1 0 0 0 0 0 0 ]
d13=6.258816596547 eijMax=6.524E-03 rmsd=1.515E+01 s=[ 0 0 0 0 0 1 1 0 0 0 0 0 0 0 0 1 1 1 1 1 0 0 1 0 0 0 0 0 0 0 1 1 1 1 1 1 ]
d13=6.258816596547 eijMax=6.524E-03 rmsd=1.515E+01 s=[ 0 0 0 1 1 0 0 1 1 1 1 1 1 1 1 0 0 0 0 0 1 1 0 1 1 1 1 1 1 1 0 0 0 0 0 0 ]
d13=6.259599778519 eijMax=5.926E-03 rmsd=1.515E+01 s=[ 0 0 0 0 0 1 1 0 0 0 0 0 0 0 0 1 1 1 1 1 0 0 1 0 0 0 0 0 0 0 1 1 1 1 1 1 ]
d13=6.259599778519 eijMax=5.926E-03 rmsd=1.515E+01 s=[ 0 0 0 1 1 0 0 1 1 1 1 1 1 1 1 0 0 0 0 0 1 1 0 1 1 1 1 1 1 1 0 0 0 0 0 0 ]
d13=6.260382960490 eijMax=5.327E-03 rmsd=1.515E+01 s=[ 0 0 0 0 0 1 1 0 0 0 0 0 0 0 0 1 1 1 1 1 0 0 1 0 0 0 0 0 0 0 1 1 1 1 1 1 ]
d13=6.260382960490 eijMax=5.327E-03 rmsd=1.515E+01 s=[ 0 0 0 1 1 0 0 1 1 1 1 1 1 1 1 0 0 0 0 0 1 1 0 1 1 1 1 1 1 1 0 0 0 0 0 0 ]
d13=6.261166142462 eijMax=4.729E-03 rmsd=1.515E+01 s=[ 0 0 0 0 0 1 1 0 0 0 0 0 0 0 0 1 1 1 1 1 0 0 1 0 0 0 0 0 0 0 1 1 1 1 1 1 ]
d13=6.261166142462 eijMax=4.729E-03 rmsd=1.515E+01 s=[ 0 0 0 1 1 0 0 1 1 1 1 1 1 1 1 0 0 0 0 0 1 1 0 1 1 1 1 1 1 1 0 0 0 0 0 0 ]
d13=6.261949324434 eijMax=4.130E-03 rmsd=1.515E+01 s=[ 0 0 0 0 0 1 1 0 0 0 0 0 0 0 0 1 1 1 1 1 0 0 1 0 0 0 0 0 0 0 1 1 1 1 1 1 ]
d13=6.261949324434 eijMax=4.130E-03 rmsd=1.515E+01 s=[ 0 0 0 1 1 0 0 1 1 1 1 1 1 1 1 0 0 0 0 0 1 1 0 1 1 1 1 1 1 1 0 0 0 0 0 0 ]
d13=6.262732506406 eijMax=3.532E-03 rmsd=1.515E+01 s=[ 0 0 0 0 0 1 1 0 0 0 0 0 0 0 0 1 1 1 1 1 0 0 1 0 0 0 0 0 0 0 1 1 1 1 1 1 ]
d13=6.262732506406 eijMax=3.532E-03 rmsd=1.515E+01 s=[ 0 0 0 1 1 0 0 1 1 1 1 1 1 1 1 0 0 0 0 0 1 1 0 1 1 1 1 1 1 1 0 0 0 0 0 0 ]
d13=6.263515688378 eijMax=2.934E-03 rmsd=1.515E+01 s=[ 0 0 0 0 0 1 1 0 0 0 0 0 0 0 0 1 1 1 1 1 0 0 1 0 0 0 0 0 0 0 1 1 1 1 1 1 ]
d13=6.263515688378 eijMax=2.934E-03 rmsd=1.515E+01 s=[ 0 0 0 1 1 0 0 1 1 1 1 1 1 1 1 0 0 0 0 0 1 1 0 1 1 1 1 1 1 1 0 0 0 0 0 0 ]
d13=6.264298870350 eijMax=2.336E-03 rmsd=1.515E+01 s=[ 0 0 0 0 0 1 1 0 0 0 0 0 0 0 0 1 1 1 1 1 0 0 1 0 0 0 0 0 0 0 1 1 1 1 1 1 ]
d13=6.264298870350 eijMax=2.336E-03 rmsd=1.515E+01 s=[ 0 0 0 1 1 0 0 1 1 1 1 1 1 1 1 0 0 0 0 0 1 1 0 1 1 1 1 1 1 1 0 0 0 0 0 0 ]
d13=6.265082052322 eijMax=1.737E-03 rmsd=1.514E+01 s=[ 0 0 0 0 0 1 1 0 0 0 0 0 0 0 0 1 1 1 1 1 0 0 1 0 0 0 0 0 0 0 1 1 1 1 1 1 ]
d13=6.265082052322 eijMax=1.737E-03 rmsd=1.514E+01 s=[ 0 0 0 1 1 0 0 1 1 1 1 1 1 1 1 0 0 0 0 0 1 1 0 1 1 1 1 1 1 1 0 0 0 0 0 0 ]
d13=6.265865234294 eijMax=1.139E-03 rmsd=1.513E+01 s=[ 0 0 0 0 0 1 1 0 0 0 0 0 0 0 0 1 1 1 1 1 0 0 1 0 0 0 0 0 0 0 1 1 1 1 1 1 ]
d13=6.265865234294 eijMax=1.139E-03 rmsd=1.513E+01 s=[ 0 0 0 1 1 0 0 1 1 1 1 1 1 1 1 0 0 0 0 0 1 1 0 1 1 1 1 1 1 1 0 0 0 0 0 0 ]
d13=6.266648416266 eijMax=5.408E-04 rmsd=1.513E+01 s=[ 0 0 0 0 0 1 1 0 0 0 0 0 0 0 0 1 1 1 1 1 0 0 1 0 0 0 0 0 0 0 1 1 1 1 1 1 ]
d13=6.266648416266 eijMax=5.408E-04 rmsd=1.513E+01 s=[ 0 0 0 1 1 0 0 1 1 1 1 1 1 1 1 0 0 0 0 0 1 1 0 1 1 1 1 1 1 1 0 0 0 0 0 0 ]
d13=6.267431598238 eijMax=5.750E-05 rmsd=1.512E+01 s=[ 0 0 0 0 0 1 1 0 0 0 0 0 0 0 0 1 1 1 1 1 0 0 1 0 0 0 0 0 0 0 1 1 1 1 1 1 ]
d13=6.267431598238 eijMax=5.750E-05 rmsd=1.512E+01 s=[ 0 0 0 1 1 0 0 1 1 1 1 1 1 1 1 0 0 0 0 0 1 1 0 1 1 1 1 1 1 1 0 0 0 0 0 0 ]
d13=6.268214780210 eijMax=6.559E-04 rmsd=1.512E+01 s=[ 0 0 0 0 0 1 1 0 0 0 0 0 0 0 0 1 1 1 1 1 0 0 1 0 0 0 0 0 0 0 1 1 1 1 1 1 ]
d13=6.268214780210 eijMax=6.559E-04 rmsd=1.512E+01 s=[ 0 0 0 1 1 0 0 1 1 1 1 1 1 1 1 0 0 0 0 0 1 1 0 1 1 1 1 1 1 1 0 0 0 0 0 0 ]
d13=6.268997962182 eijMax=1.254E-03 rmsd=1.511E+01 s=[ 0 0 0 0 0 1 1 0 0 0 0 0 0 0 0 1 1 1 1 1 0 0 1 0 0 0 0 0 0 0 1 1 1 1 1 1 ]
d13=6.268997962182 eijMax=1.254E-03 rmsd=1.511E+01 s=[ 0 0 0 1 1 0 0 1 1 1 1 1 1 1 1 0 0 0 0 0 1 1 0 1 1 1 1 1 1 1 0 0 0 0 0 0 ]
d13=6.269781144154 eijMax=1.853E-03 rmsd=1.510E+01 s=[ 0 0 0 0 0 1 1 0 0 0 0 0 0 0 0 1 1 1 1 1 0 0 1 0 0 0 0 0 0 0 1 1 1 1 1 1 ]
d13=6.269781144154 eijMax=1.853E-03 rmsd=1.510E+01 s=[ 0 0 0 1 1 0 0 1 1 1 1 1 1 1 1 0 0 0 0 0 1 1 0 1 1 1 1 1 1 1 0 0 0 0 0 0 ]
d13=6.270564326126 eijMax=2.451E-03 rmsd=1.510E+01 s=[ 0 0 0 0 0 1 1 0 0 0 0 0 0 0 0 1 1 1 1 1 0 0 1 0 0 0 0 0 0 0 1 1 1 1 1 1 ]
d13=6.270564326126 eijMax=2.451E-03 rmsd=1.510E+01 s=[ 0 0 0 1 1 0 0 1 1 1 1 1 1 1 1 0 0 0 0 0 1 1 0 1 1 1 1 1 1 1 0 0 0 0 0 0 ]
d13=6.271347508098 eijMax=3.050E-03 rmsd=1.509E+01 s=[ 0 0 0 0 0 1 1 0 0 0 0 0 0 0 0 1 1 1 1 1 0 0 1 0 0 0 0 0 0 0 1 1 1 1 1 1 ]
d13=6.271347508098 eijMax=3.050E-03 rmsd=1.509E+01 s=[ 0 0 0 1 1 0 0 1 1 1 1 1 1 1 1 0 0 0 0 0 1 1 0 1 1 1 1 1 1 1 0 0 0 0 0 0 ]
d13=6.272130690070 eijMax=3.649E-03 rmsd=1.509E+01 s=[ 0 0 0 0 0 1 1 0 0 0 0 0 0 0 0 1 1 1 1 1 0 0 1 0 0 0 0 0 0 0 1 1 1 1 1 1 ]
d13=6.272130690070 eijMax=3.649E-03 rmsd=1.509E+01 s=[ 0 0 0 1 1 0 0 1 1 1 1 1 1 1 1 0 0 0 0 0 1 1 0 1 1 1 1 1 1 1 0 0 0 0 0 0 ]
d13=6.272913872042 eijMax=4.247E-03 rmsd=1.508E+01 s=[ 0 0 0 0 0 1 1 0 0 0 0 0 0 0 0 1 1 1 1 1 0 0 1 0 0 0 0 0 0 0 1 1 1 1 1 1 ]
d13=6.272913872042 eijMax=4.247E-03 rmsd=1.508E+01 s=[ 0 0 0 1 1 0 0 1 1 1 1 1 1 1 1 0 0 0 0 0 1 1 0 1 1 1 1 1 1 1 0 0 0 0 0 0 ]
d13=6.273697054014 eijMax=4.846E-03 rmsd=1.507E+01 s=[ 0 0 0 0 0 1 1 0 0 0 0 0 0 0 0 1 1 1 1 1 0 0 1 0 0 0 0 0 0 0 1 1 1 1 1 1 ]
d13=6.273697054014 eijMax=4.846E-03 rmsd=1.507E+01 s=[ 0 0 0 1 1 0 0 1 1 1 1 1 1 1 1 0 0 0 0 0 1 1 0 1 1 1 1 1 1 1 0 0 0 0 0 0 ]
d13=6.274480235986 eijMax=5.445E-03 rmsd=1.507E+01 s=[ 0 0 0 0 0 1 1 0 0 0 0 0 0 0 0 1 1 1 1 1 0 0 1 0 0 0 0 0 0 0 1 1 1 1 1 1 ]
d13=6.274480235986 eijMax=5.445E-03 rmsd=1.507E+01 s=[ 0 0 0 1 1 0 0 1 1 1 1 1 1 1 1 0 0 0 0 0 1 1 0 1 1 1 1 1 1 1 0 0 0 0 0 0 ]
d13=6.275263417958 eijMax=6.044E-03 rmsd=1.506E+01 s=[ 0 0 0 0 0 1 1 0 0 0 0 0 0 0 0 1 1 1 1 1 0 0 1 0 0 0 0 0 0 0 1 1 1 1 1 1 ]
d13=6.275263417958 eijMax=6.044E-03 rmsd=1.506E+01 s=[ 0 0 0 1 1 0 0 1 1 1 1 1 1 1 1 0 0 0 0 0 1 1 0 1 1 1 1 1 1 1 0 0 0 0 0 0 ]
d13=6.276046599930 eijMax=6.644E-03 rmsd=1.506E+01 s=[ 0 0 0 0 0 1 1 0 0 0 0 0 0 0 0 1 1 1 1 1 0 0 1 0 0 0 0 0 0 0 1 1 1 1 1 1 ]
d13=6.276046599930 eijMax=6.644E-03 rmsd=1.506E+01 s=[ 0 0 0 1 1 0 0 1 1 1 1 1 1 1 1 0 0 0 0 0 1 1 0 1 1 1 1 1 1 1 0 0 0 0 0 0 ]
d13=6.276829781902 eijMax=7.243E-03 rmsd=1.505E+01 s=[ 0 0 0 0 0 1 1 0 0 0 0 0 0 0 0 1 1 1 1 1 0 0 1 0 0 0 0 0 0 0 1 1 1 1 1 1 ]
d13=6.276829781902 eijMax=7.243E-03 rmsd=1.505E+01 s=[ 0 0 0 1 1 0 0 1 1 1 1 1 1 1 1 0 0 0 0 0 1 1 0 1 1 1 1 1 1 1 0 0 0 0 0 0 ]
d13=6.277612963874 eijMax=7.843E-03 rmsd=1.505E+01 s=[ 0 0 0 0 0 1 1 0 0 0 0 0 0 0 0 1 1 1 1 1 0 0 1 0 0 0 0 0 0 0 1 1 1 1 1 1 ]
d13=6.277612963874 eijMax=7.843E-03 rmsd=1.505E+01 s=[ 0 0 0 1 1 0 0 1 1 1 1 1 1 1 1 0 0 0 0 0 1 1 0 1 1 1 1 1 1 1 0 0 0 0 0 0 ]
d13=6.278396145846 eijMax=8.442E-03 rmsd=1.504E+01 s=[ 0 0 0 0 0 1 1 0 0 0 0 0 0 0 0 1 1 1 1 1 0 0 1 0 0 0 0 0 0 0 1 1 1 1 1 1 ]
d13=6.278396145846 eijMax=8.442E-03 rmsd=1.504E+01 s=[ 0 0 0 1 1 0 0 1 1 1 1 1 1 1 1 0 0 0 0 0 1 1 0 1 1 1 1 1 1 1 0 0 0 0 0 0 ]
d13=6.279179327818 eijMax=9.042E-03 rmsd=1.503E+01 s=[ 0 0 0 0 0 1 1 0 0 0 0 0 0 0 0 1 1 1 1 1 0 0 1 0 0 0 0 0 0 0 1 1 1 1 1 1 ]
d13=6.279179327818 eijMax=9.042E-03 rmsd=1.503E+01 s=[ 0 0 0 1 1 0 0 1 1 1 1 1 1 1 1 0 0 0 0 0 1 1 0 1 1 1 1 1 1 1 0 0 0 0 0 0 ]
d13=6.279962509790 eijMax=9.642E-03 rmsd=1.503E+01 s=[ 0 0 0 0 0 1 1 0 0 0 0 0 0 0 0 1 1 1 1 1 0 0 1 0 0 0 0 0 0 0 1 1 1 1 1 1 ]
d13=6.279962509790 eijMax=9.642E-03 rmsd=1.503E+01 s=[ 0 0 0 1 1 0 0 1 1 1 1 1 1 1 1 0 0 0 0 0 1 1 0 1 1 1 1 1 1 1 0 0 0 0 0 0 ]
d13=6.338701157688 eijMax=9.166E-03 rmsd=8.457E+00 s=[ 0 0 0 0 0 0 0 1 1 1 1 1 0 1 1 0 0 0 0 0 1 1 0 1 1 1 1 1 1 1 0 0 0 0 0 0 ]
d13=6.338701157688 eijMax=9.166E-03 rmsd=8.457E+00 s=[ 0 0 0 1 1 1 1 0 0 0 0 0 1 0 0 1 1 1 1 1 0 0 1 0 0 0 0 0 0 0 1 1 1 1 1 1 ]
d13=6.339484339660 eijMax=7.743E-03 rmsd=8.454E+00 s=[ 0 0 0 0 0 0 0 1 1 1 1 1 0 1 1 0 0 0 0 0 1 1 0 1 1 1 1 1 1 1 0 0 0 0 0 0 ]
d13=6.339484339660 eijMax=7.743E-03 rmsd=8.454E+00 s=[ 0 0 0 1 1 1 1 0 0 0 0 0 1 0 0 1 1 1 1 1 0 0 1 0 0 0 0 0 0 0 1 1 1 1 1 1 ]
d13=6.340267521632 eijMax=6.322E-03 rmsd=8.452E+00 s=[ 0 0 0 0 0 0 0 1 1 1 1 1 0 1 1 0 0 0 0 0 1 1 0 1 1 1 1 1 1 1 0 0 0 0 0 0 ]
d13=6.340267521632 eijMax=6.322E-03 rmsd=8.452E+00 s=[ 0 0 0 1 1 1 1 0 0 0 0 0 1 0 0 1 1 1 1 1 0 0 1 0 0 0 0 0 0 0 1 1 1 1 1 1 ]
d13=6.341050703604 eijMax=4.903E-03 rmsd=8.450E+00 s=[ 0 0 0 0 0 0 0 1 1 1 1 1 0 1 1 0 0 0 0 0 1 1 0 1 1 1 1 1 1 1 0 0 0 0 0 0 ]
d13=6.341050703604 eijMax=4.903E-03 rmsd=8.450E+00 s=[ 0 0 0 1 1 1 1 0 0 0 0 0 1 0 0 1 1 1 1 1 0 0 1 0 0 0 0 0 0 0 1 1 1 1 1 1 ]
d13=6.341833885576 eijMax=3.485E-03 rmsd=8.447E+00 s=[ 0 0 0 0 0 0 0 1 1 1 1 1 0 1 1 0 0 0 0 0 1 1 0 1 1 1 1 1 1 1 0 0 0 0 0 0 ]
d13=6.341833885576 eijMax=3.485E-03 rmsd=8.447E+00 s=[ 0 0 0 1 1 1 1 0 0 0 0 0 1 0 0 1 1 1 1 1 0 0 1 0 0 0 0 0 0 0 1 1 1 1 1 1 ]
d13=6.342617067548 eijMax=2.069E-03 rmsd=8.445E+00 s=[ 0 0 0 0 0 0 0 1 1 1 1 1 0 1 1 0 0 0 0 0 1 1 0 1 1 1 1 1 1 1 0 0 0 0 0 0 ]
d13=6.342617067548 eijMax=2.069E-03 rmsd=8.445E+00 s=[ 0 0 0 1 1 1 1 0 0 0 0 0 1 0 0 1 1 1 1 1 0 0 1 0 0 0 0 0 0 0 1 1 1 1 1 1 ]
d13=6.343400249520 eijMax=6.547E-04 rmsd=8.443E+00 s=[ 0 0 0 0 0 0 0 1 1 1 1 1 0 1 1 0 0 0 0 0 1 1 0 1 1 1 1 1 1 1 0 0 0 0 0 0 ]
d13=6.343400249520 eijMax=6.547E-04 rmsd=8.443E+00 s=[ 0 0 0 1 1 1 1 0 0 0 0 0 1 0 0 1 1 1 1 1 0 0 1 0 0 0 0 0 0 0 1 1 1 1 1 1 ]
d13=6.344183431491 eijMax=7.580E-04 rmsd=8.441E+00 s=[ 0 0 0 0 0 0 0 1 1 1 1 1 0 1 1 0 0 0 0 0 1 1 0 1 1 1 1 1 1 1 0 0 0 0 0 0 ]
d13=6.344183431491 eijMax=7.580E-04 rmsd=8.441E+00 s=[ 0 0 0 1 1 1 1 0 0 0 0 0 1 0 0 1 1 1 1 1 0 0 1 0 0 0 0 0 0 0 1 1 1 1 1 1 ]
d13=6.344966613463 eijMax=2.169E-03 rmsd=8.439E+00 s=[ 0 0 0 0 0 0 0 1 1 1 1 1 0 1 1 0 0 0 0 0 1 1 0 1 1 1 1 1 1 1 0 0 0 0 0 0 ]
d13=6.344966613463 eijMax=2.169E-03 rmsd=8.439E+00 s=[ 0 0 0 1 1 1 1 0 0 0 0 0 1 0 0 1 1 1 1 1 0 0 1 0 0 0 0 0 0 0 1 1 1 1 1 1 ]
d13=6.345749795435 eijMax=3.579E-03 rmsd=8.436E+00 s=[ 0 0 0 0 0 0 0 1 1 1 1 1 0 1 1 0 0 0 0 0 1 1 0 1 1 1 1 1 1 1 0 0 0 0 0 0 ]
d13=6.345749795435 eijMax=3.579E-03 rmsd=8.436E+00 s=[ 0 0 0 1 1 1 1 0 0 0 0 0 1 0 0 1 1 1 1 1 0 0 1 0 0 0 0 0 0 0 1 1 1 1 1 1 ]
d13=6.346532977407 eijMax=4.986E-03 rmsd=8.434E+00 s=[ 0 0 0 0 0 0 0 1 1 1 1 1 0 1 1 0 0 0 0 0 1 1 0 1 1 1 1 1 1 1 0 0 0 0 0 0 ]
d13=6.346532977407 eijMax=4.986E-03 rmsd=8.434E+00 s=[ 0 0 0 1 1 1 1 0 0 0 0 0 1 0 0 1 1 1 1 1 0 0 1 0 0 0 0 0 0 0 1 1 1 1 1 1 ]
d13=6.347316159379 eijMax=6.393E-03 rmsd=8.432E+00 s=[ 0 0 0 0 0 0 0 1 1 1 1 1 0 1 1 0 0 0 0 0 1 1 0 1 1 1 1 1 1 1 0 0 0 0 0 0 ]
d13=6.347316159379 eijMax=6.393E-03 rmsd=8.432E+00 s=[ 0 0 0 1 1 1 1 0 0 0 0 0 1 0 0 1 1 1 1 1 0 0 1 0 0 0 0 0 0 0 1 1 1 1 1 1 ]
d13=6.348099341351 eijMax=7.798E-03 rmsd=8.430E+00 s=[ 0 0 0 0 0 0 0 1 1 1 1 1 0 1 1 0 0 0 0 0 1 1 0 1 1 1 1 1 1 1 0 0 0 0 0 0 ]
d13=6.348099341351 eijMax=7.798E-03 rmsd=8.430E+00 s=[ 0 0 0 1 1 1 1 0 0 0 0 0 1 0 0 1 1 1 1 1 0 0 1 0 0 0 0 0 0 0 1 1 1 1 1 1 ]
d13=6.348882523323 eijMax=9.201E-03 rmsd=8.428E+00 s=[ 0 0 0 0 0 0 0 1 1 1 1 1 0 1 1 0 0 0 0 0 1 1 0 1 1 1 1 1 1 1 0 0 0 0 0 0 ]
d13=6.348882523323 eijMax=9.201E-03 rmsd=8.428E+00 s=[ 0 0 0 1 1 1 1 0 0 0 0 0 1 0 0 1 1 1 1 1 0 0 1 0 0 0 0 0 0 0 1 1 1 1 1 1 ]
d13=6.377077074314 eijMax=9.424E-03 rmsd=1.552E+01 s=[ 0 0 0 0 0 0 0 1 1 1 1 1 1 1 1 0 0 0 0 0 1 0 1 0 0 0 0 0 0 0 1 1 1 1 1 1 ]
d13=6.377077074314 eijMax=9.424E-03 rmsd=1.552E+01 s=[ 0 0 0 1 1 1 1 0 0 0 0 0 0 0 0 1 1 1 1 1 0 1 0 1 1 1 1 1 1 1 0 0 0 0 0 0 ]
d13=6.377860256286 eijMax=7.907E-03 rmsd=1.552E+01 s=[ 0 0 0 0 0 0 0 1 1 1 1 1 1 1 1 0 0 0 0 0 1 0 1 0 0 0 0 0 0 0 1 1 1 1 1 1 ]
d13=6.377860256286 eijMax=7.907E-03 rmsd=1.552E+01 s=[ 0 0 0 1 1 1 1 0 0 0 0 0 0 0 0 1 1 1 1 1 0 1 0 1 1 1 1 1 1 1 0 0 0 0 0 0 ]
d13=6.378643438258 eijMax=6.395E-03 rmsd=1.553E+01 s=[ 0 0 0 0 0 0 0 1 1 1 1 1 1 1 1 0 0 0 0 0 1 0 1 0 0 0 0 0 0 0 1 1 1 1 1 1 ]
d13=6.378643438258 eijMax=6.395E-03 rmsd=1.553E+01 s=[ 0 0 0 1 1 1 1 0 0 0 0 0 0 0 0 1 1 1 1 1 0 1 0 1 1 1 1 1 1 1 0 0 0 0 0 0 ]
d13=6.379426620230 eijMax=4.890E-03 rmsd=1.553E+01 s=[ 0 0 0 0 0 0 0 1 1 1 1 1 1 1 1 0 0 0 0 0 1 0 1 0 0 0 0 0 0 0 1 1 1 1 1 1 ]
d13=6.379426620230 eijMax=4.890E-03 rmsd=1.553E+01 s=[ 0 0 0 1 1 1 1 0 0 0 0 0 0 0 0 1 1 1 1 1 0 1 0 1 1 1 1 1 1 1 0 0 0 0 0 0 ]
d13=6.380209802202 eijMax=3.391E-03 rmsd=1.553E+01 s=[ 0 0 0 0 0 0 0 1 1 1 1 1 1 1 1 0 0 0 0 0 1 0 1 0 0 0 0 0 0 0 1 1 1 1 1 1 ]
d13=6.380209802202 eijMax=3.391E-03 rmsd=1.553E+01 s=[ 0 0 0 1 1 1 1 0 0 0 0 0 0 0 0 1 1 1 1 1 0 1 0 1 1 1 1 1 1 1 0 0 0 0 0 0 ]
d13=6.380992984174 eijMax=1.898E-03 rmsd=1.554E+01 s=[ 0 0 0 0 0 0 0 1 1 1 1 1 1 1 1 0 0 0 0 0 1 0 1 0 0 0 0 0 0 0 1 1 1 1 1 1 ]
d13=6.380992984174 eijMax=1.898E-03 rmsd=1.554E+01 s=[ 0 0 0 1 1 1 1 0 0 0 0 0 0 0 0 1 1 1 1 1 0 1 0 1 1 1 1 1 1 1 0 0 0 0 0 0 ]
d13=6.381776166146 eijMax=4.103E-04 rmsd=1.554E+01 s=[ 0 0 0 0 0 0 0 1 1 1 1 1 1 1 1 0 0 0 0 0 1 0 1 0 0 0 0 0 0 0 1 1 1 1 1 1 ]
d13=6.381776166146 eijMax=4.103E-04 rmsd=1.554E+01 s=[ 0 0 0 1 1 1 1 0 0 0 0 0 0 0 0 1 1 1 1 1 0 1 0 1 1 1 1 1 1 1 0 0 0 0 0 0 ]
d13=6.382559348118 eijMax=1.071E-03 rmsd=1.554E+01 s=[ 0 0 0 0 0 0 0 1 1 1 1 1 1 1 1 0 0 0 0 0 1 0 1 0 0 0 0 0 0 0 1 1 1 1 1 1 ]
d13=6.382559348118 eijMax=1.071E-03 rmsd=1.554E+01 s=[ 0 0 0 1 1 1 1 0 0 0 0 0 0 0 0 1 1 1 1 1 0 1 0 1 1 1 1 1 1 1 0 0 0 0 0 0 ]
d13=6.383342530090 eijMax=2.547E-03 rmsd=1.554E+01 s=[ 0 0 0 0 0 0 0 1 1 1 1 1 1 1 1 0 0 0 0 0 1 0 1 0 0 0 0 0 0 0 1 1 1 1 1 1 ]
d13=6.383342530090 eijMax=2.547E-03 rmsd=1.554E+01 s=[ 0 0 0 1 1 1 1 0 0 0 0 0 0 0 0 1 1 1 1 1 0 1 0 1 1 1 1 1 1 1 0 0 0 0 0 0 ]
d13=6.384125712062 eijMax=4.018E-03 rmsd=1.555E+01 s=[ 0 0 0 0 0 0 0 1 1 1 1 1 1 1 1 0 0 0 0 0 1 0 1 0 0 0 0 0 0 0 1 1 1 1 1 1 ]
d13=6.384125712062 eijMax=4.018E-03 rmsd=1.555E+01 s=[ 0 0 0 1 1 1 1 0 0 0 0 0 0 0 0 1 1 1 1 1 0 1 0 1 1 1 1 1 1 1 0 0 0 0 0 0 ]
d13=6.384908894034 eijMax=5.482E-03 rmsd=1.555E+01 s=[ 0 0 0 0 0 0 0 1 1 1 1 1 1 1 1 0 0 0 0 0 1 0 1 0 0 0 0 0 0 0 1 1 1 1 1 1 ]
d13=6.384908894034 eijMax=5.482E-03 rmsd=1.555E+01 s=[ 0 0 0 1 1 1 1 0 0 0 0 0 0 0 0 1 1 1 1 1 0 1 0 1 1 1 1 1 1 1 0 0 0 0 0 0 ]
d13=6.385692076006 eijMax=6.942E-03 rmsd=1.555E+01 s=[ 0 0 0 0 0 0 0 1 1 1 1 1 1 1 1 0 0 0 0 0 1 0 1 0 0 0 0 0 0 0 1 1 1 1 1 1 ]
d13=6.385692076006 eijMax=6.942E-03 rmsd=1.555E+01 s=[ 0 0 0 1 1 1 1 0 0 0 0 0 0 0 0 1 1 1 1 1 0 1 0 1 1 1 1 1 1 1 0 0 0 0 0 0 ]
d13=6.386475257978 eijMax=8.396E-03 rmsd=1.555E+01 s=[ 0 0 0 0 0 0 0 1 1 1 1 1 1 1 1 0 0 0 0 0 1 0 1 0 0 0 0 0 0 0 1 1 1 1 1 1 ]
d13=6.386475257978 eijMax=8.396E-03 rmsd=1.555E+01 s=[ 0 0 0 1 1 1 1 0 0 0 0 0 0 0 0 1 1 1 1 1 0 1 0 1 1 1 1 1 1 1 0 0 0 0 0 0 ]
d13=6.387258439950 eijMax=9.844E-03 rmsd=1.556E+01 s=[ 0 0 0 0 0 0 0 1 1 1 1 1 1 1 1 0 0 0 0 0 1 0 1 0 0 0 0 0 0 0 1 1 1 1 1 1 ]
d13=6.387258439950 eijMax=9.844E-03 rmsd=1.556E+01 s=[ 0 0 0 1 1 1 1 0 0 0 0 0 0 0 0 1 1 1 1 1 0 1 0 1 1 1 1 1 1 1 0 0 0 0 0 0 ]
d13=6.467143001091 eijMax=9.464E-03 rmsd=1.463E+01 s=[ 0 0 0 0 1 1 1 0 0 0 0 0 0 1 1 0 0 0 0 0 1 1 0 1 1 1 1 1 1 1 0 0 0 0 0 0 ]
d13=6.467143001091 eijMax=9.464E-03 rmsd=1.463E+01 s=[ 0 0 0 1 0 0 0 1 1 1 1 1 1 0 0 1 1 1 1 1 0 0 1 0 0 0 0 0 0 0 1 1 1 1 1 1 ]
d13=6.467926183063 eijMax=8.467E-03 rmsd=1.463E+01 s=[ 0 0 0 0 1 1 1 0 0 0 0 0 0 1 1 0 0 0 0 0 1 1 0 1 1 1 1 1 1 1 0 0 0 0 0 0 ]
d13=6.467926183063 eijMax=8.467E-03 rmsd=1.463E+01 s=[ 0 0 0 1 0 0 0 1 1 1 1 1 1 0 0 1 1 1 1 1 0 0 1 0 0 0 0 0 0 0 1 1 1 1 1 1 ]
d13=6.468709365035 eijMax=7.470E-03 rmsd=1.464E+01 s=[ 0 0 0 0 1 1 1 0 0 0 0 0 0 1 1 0 0 0 0 0 1 1 0 1 1 1 1 1 1 1 0 0 0 0 0 0 ]
d13=6.468709365035 eijMax=7.470E-03 rmsd=1.464E+01 s=[ 0 0 0 1 0 0 0 1 1 1 1 1 1 0 0 1 1 1 1 1 0 0 1 0 0 0 0 0 0 0 1 1 1 1 1 1 ]
d13=6.469492547007 eijMax=6.474E-03 rmsd=1.464E+01 s=[ 0 0 0 0 1 1 1 0 0 0 0 0 0 1 1 0 0 0 0 0 1 1 0 1 1 1 1 1 1 1 0 0 0 0 0 0 ]
d13=6.469492547007 eijMax=6.474E-03 rmsd=1.464E+01 s=[ 0 0 0 1 0 0 0 1 1 1 1 1 1 0 0 1 1 1 1 1 0 0 1 0 0 0 0 0 0 0 1 1 1 1 1 1 ]
d13=6.470275728979 eijMax=5.479E-03 rmsd=1.464E+01 s=[ 0 0 0 0 1 1 1 0 0 0 0 0 0 1 1 0 0 0 0 0 1 1 0 1 1 1 1 1 1 1 0 0 0 0 0 0 ]
d13=6.470275728979 eijMax=5.479E-03 rmsd=1.464E+01 s=[ 0 0 0 1 0 0 0 1 1 1 1 1 1 0 0 1 1 1 1 1 0 0 1 0 0 0 0 0 0 0 1 1 1 1 1 1 ]
d13=6.471058910951 eijMax=4.483E-03 rmsd=1.464E+01 s=[ 0 0 0 0 1 1 1 0 0 0 0 0 0 1 1 0 0 0 0 0 1 1 0 1 1 1 1 1 1 1 0 0 0 0 0 0 ]
d13=6.471058910951 eijMax=4.483E-03 rmsd=1.464E+01 s=[ 0 0 0 1 0 0 0 1 1 1 1 1 1 0 0 1 1 1 1 1 0 0 1 0 0 0 0 0 0 0 1 1 1 1 1 1 ]
d13=6.471842092923 eijMax=3.489E-03 rmsd=1.465E+01 s=[ 0 0 0 0 1 1 1 0 0 0 0 0 0 1 1 0 0 0 0 0 1 1 0 1 1 1 1 1 1 1 0 0 0 0 0 0 ]
d13=6.471842092923 eijMax=3.489E-03 rmsd=1.465E+01 s=[ 0 0 0 1 0 0 0 1 1 1 1 1 1 0 0 1 1 1 1 1 0 0 1 0 0 0 0 0 0 0 1 1 1 1 1 1 ]
d13=6.472625274895 eijMax=2.494E-03 rmsd=1.465E+01 s=[ 0 0 0 0 1 1 1 0 0 0 0 0 0 1 1 0 0 0 0 0 1 1 0 1 1 1 1 1 1 1 0 0 0 0 0 0 ]
d13=6.472625274895 eijMax=2.494E-03 rmsd=1.465E+01 s=[ 0 0 0 1 0 0 0 1 1 1 1 1 1 0 0 1 1 1 1 1 0 0 1 0 0 0 0 0 0 0 1 1 1 1 1 1 ]
d13=6.473408456867 eijMax=1.501E-03 rmsd=1.465E+01 s=[ 0 0 0 0 1 1 1 0 0 0 0 0 0 1 1 0 0 0 0 0 1 1 0 1 1 1 1 1 1 1 0 0 0 0 0 0 ]
d13=6.473408456867 eijMax=1.501E-03 rmsd=1.465E+01 s=[ 0 0 0 1 0 0 0 1 1 1 1 1 1 0 0 1 1 1 1 1 0 0 1 0 0 0 0 0 0 0 1 1 1 1 1 1 ]
d13=6.474191638839 eijMax=5.072E-04 rmsd=1.465E+01 s=[ 0 0 0 0 1 1 1 0 0 0 0 0 0 1 1 0 0 0 0 0 1 1 0 1 1 1 1 1 1 1 0 0 0 0 0 0 ]
d13=6.474191638839 eijMax=5.072E-04 rmsd=1.465E+01 s=[ 0 0 0 1 0 0 0 1 1 1 1 1 1 0 0 1 1 1 1 1 0 0 1 0 0 0 0 0 0 0 1 1 1 1 1 1 ]
d13=6.474974820811 eijMax=4.855E-04 rmsd=1.466E+01 s=[ 0 0 0 0 1 1 1 0 0 0 0 0 0 1 1 0 0 0 0 0 1 1 0 1 1 1 1 1 1 1 0 0 0 0 0 0 ]
d13=6.474974820811 eijMax=4.855E-04 rmsd=1.466E+01 s=[ 0 0 0 1 0 0 0 1 1 1 1 1 1 0 0 1 1 1 1 1 0 0 1 0 0 0 0 0 0 0 1 1 1 1 1 1 ]
d13=6.475758002783 eijMax=1.478E-03 rmsd=1.466E+01 s=[ 0 0 0 0 1 1 1 0 0 0 0 0 0 1 1 0 0 0 0 0 1 1 0 1 1 1 1 1 1 1 0 0 0 0 0 0 ]
d13=6.475758002783 eijMax=1.478E-03 rmsd=1.466E+01 s=[ 0 0 0 1 0 0 0 1 1 1 1 1 1 0 0 1 1 1 1 1 0 0 1 0 0 0 0 0 0 0 1 1 1 1 1 1 ]
d13=6.476541184755 eijMax=2.470E-03 rmsd=1.466E+01 s=[ 0 0 0 0 1 1 1 0 0 0 0 0 0 1 1 0 0 0 0 0 1 1 0 1 1 1 1 1 1 1 0 0 0 0 0 0 ]
d13=6.476541184755 eijMax=2.470E-03 rmsd=1.466E+01 s=[ 0 0 0 1 0 0 0 1 1 1 1 1 1 0 0 1 1 1 1 1 0 0 1 0 0 0 0 0 0 0 1 1 1 1 1 1 ]
d13=6.477324366727 eijMax=3.461E-03 rmsd=1.466E+01 s=[ 0 0 0 0 1 1 1 0 0 0 0 0 0 1 1 0 0 0 0 0 1 1 0 1 1 1 1 1 1 1 0 0 0 0 0 0 ]
d13=6.477324366727 eijMax=3.461E-03 rmsd=1.466E+01 s=[ 0 0 0 1 0 0 0 1 1 1 1 1 1 0 0 1 1 1 1 1 0 0 1 0 0 0 0 0 0 0 1 1 1 1 1 1 ]
d13=6.478107548699 eijMax=4.451E-03 rmsd=1.467E+01 s=[ 0 0 0 0 1 1 1 0 0 0 0 0 0 1 1 0 0 0 0 0 1 1 0 1 1 1 1 1 1 1 0 0 0 0 0 0 ]
d13=6.478107548699 eijMax=4.451E-03 rmsd=1.467E+01 s=[ 0 0 0 1 0 0 0 1 1 1 1 1 1 0 0 1 1 1 1 1 0 0 1 0 0 0 0 0 0 0 1 1 1 1 1 1 ]
d13=6.478890730671 eijMax=5.442E-03 rmsd=1.467E+01 s=[ 0 0 0 0 1 1 1 0 0 0 0 0 0 1 1 0 0 0 0 0 1 1 0 1 1 1 1 1 1 1 0 0 0 0 0 0 ]
d13=6.478890730671 eijMax=5.442E-03 rmsd=1.467E+01 s=[ 0 0 0 1 0 0 0 1 1 1 1 1 1 0 0 1 1 1 1 1 0 0 1 0 0 0 0 0 0 0 1 1 1 1 1 1 ]
d13=6.479673912643 eijMax=6.431E-03 rmsd=1.467E+01 s=[ 0 0 0 0 1 1 1 0 0 0 0 0 0 1 1 0 0 0 0 0 1 1 0 1 1 1 1 1 1 1 0 0 0 0 0 0 ]
d13=6.479673912643 eijMax=6.431E-03 rmsd=1.467E+01 s=[ 0 0 0 1 0 0 0 1 1 1 1 1 1 0 0 1 1 1 1 1 0 0 1 0 0 0 0 0 0 0 1 1 1 1 1 1 ]
d13=6.480457094615 eijMax=7.420E-03 rmsd=1.467E+01 s=[ 0 0 0 0 1 1 1 0 0 0 0 0 0 1 1 0 0 0 0 0 1 1 0 1 1 1 1 1 1 1 0 0 0 0 0 0 ]
d13=6.480457094615 eijMax=7.420E-03 rmsd=1.467E+01 s=[ 0 0 0 1 0 0 0 1 1 1 1 1 1 0 0 1 1 1 1 1 0 0 1 0 0 0 0 0 0 0 1 1 1 1 1 1 ]
d13=6.481240276587 eijMax=8.409E-03 rmsd=1.468E+01 s=[ 0 0 0 0 1 1 1 0 0 0 0 0 0 1 1 0 0 0 0 0 1 1 0 1 1 1 1 1 1 1 0 0 0 0 0 0 ]
d13=6.481240276587 eijMax=8.409E-03 rmsd=1.468E+01 s=[ 0 0 0 1 0 0 0 1 1 1 1 1 1 0 0 1 1 1 1 1 0 0 1 0 0 0 0 0 0 0 1 1 1 1 1 1 ]
d13=6.482023458559 eijMax=9.397E-03 rmsd=1.468E+01 s=[ 0 0 0 0 1 1 1 0 0 0 0 0 0 1 1 0 0 0 0 0 1 1 0 1 1 1 1 1 1 1 0 0 0 0 0 0 ]
d13=6.482023458559 eijMax=9.397E-03 rmsd=1.468E+01 s=[ 0 0 0 1 0 0 0 1 1 1 1 1 1 0 0 1 1 1 1 1 0 0 1 0 0 0 0 0 0 0 1 1 1 1 1 1 ]
d13=6.524315285045 eijMax=9.479E-03 rmsd=1.196E+01 s=[ 0 0 0 0 0 0 0 1 1 1 1 1 1 1 1 0 0 0 0 0 0 1 0 1 1 1 1 1 1 1 0 0 0 0 0 0 ]
d13=6.524315285045 eijMax=9.479E-03 rmsd=1.196E+01 s=[ 0 0 0 1 1 1 1 0 0 0 0 0 0 0 0 1 1 1 1 1 1 0 1 0 0 0 0 0 0 0 1 1 1 1 1 1 ]
d13=6.525098467017 eijMax=7.598E-03 rmsd=1.197E+01 s=[ 0 0 0 0 0 0 0 1 1 1 1 1 1 1 1 0 0 0 0 0 0 1 0 1 1 1 1 1 1 1 0 0 0 0 0 0 ]
d13=6.525098467017 eijMax=7.598E-03 rmsd=1.197E+01 s=[ 0 0 0 1 1 1 1 0 0 0 0 0 0 0 0 1 1 1 1 1 1 0 1 0 0 0 0 0 0 0 1 1 1 1 1 1 ]
d13=6.525881648989 eijMax=5.710E-03 rmsd=1.197E+01 s=[ 0 0 0 0 0 0 0 1 1 1 1 1 1 1 1 0 0 0 0 0 0 1 0 1 1 1 1 1 1 1 0 0 0 0 0 0 ]
d13=6.525881648989 eijMax=5.710E-03 rmsd=1.197E+01 s=[ 0 0 0 1 1 1 1 0 0 0 0 0 0 0 0 1 1 1 1 1 1 0 1 0 0 0 0 0 0 0 1 1 1 1 1 1 ]
d13=6.526664830961 eijMax=3.813E-03 rmsd=1.198E+01 s=[ 0 0 0 0 0 0 0 1 1 1 1 1 1 1 1 0 0 0 0 0 0 1 0 1 1 1 1 1 1 1 0 0 0 0 0 0 ]
d13=6.526664830961 eijMax=3.813E-03 rmsd=1.198E+01 s=[ 0 0 0 1 1 1 1 0 0 0 0 0 0 0 0 1 1 1 1 1 1 0 1 0 0 0 0 0 0 0 1 1 1 1 1 1 ]
d13=6.527448012933 eijMax=1.907E-03 rmsd=1.199E+01 s=[ 0 0 0 0 0 0 0 1 1 1 1 1 1 1 1 0 0 0 0 0 0 1 0 1 1 1 1 1 1 1 0 0 0 0 0 0 ]
d13=6.527448012933 eijMax=1.907E-03 rmsd=1.199E+01 s=[ 0 0 0 1 1 1 1 0 0 0 0 0 0 0 0 1 1 1 1 1 1 0 1 0 0 0 0 0 0 0 1 1 1 1 1 1 ]
d13=6.528231194905 eijMax=6.245E-06 rmsd=1.199E+01 s=[ 0 0 0 0 0 0 0 1 1 1 1 1 1 1 1 0 0 0 0 0 0 1 0 1 1 1 1 1 1 1 0 0 0 0 0 0 ]
d13=6.528231194905 eijMax=6.245E-06 rmsd=1.199E+01 s=[ 0 0 0 1 1 1 1 0 0 0 0 0 0 0 0 1 1 1 1 1 1 0 1 0 0 0 0 0 0 0 1 1 1 1 1 1 ]
d13=6.529014376877 eijMax=1.928E-03 rmsd=1.200E+01 s=[ 0 0 0 0 0 0 0 1 1 1 1 1 1 1 1 0 0 0 0 0 0 1 0 1 1 1 1 1 1 1 0 0 0 0 0 0 ]
d13=6.529014376877 eijMax=1.928E-03 rmsd=1.200E+01 s=[ 0 0 0 1 1 1 1 0 0 0 0 0 0 0 0 1 1 1 1 1 1 0 1 0 0 0 0 0 0 0 1 1 1 1 1 1 ]
d13=6.529797558849 eijMax=3.859E-03 rmsd=1.200E+01 s=[ 0 0 0 0 0 0 0 1 1 1 1 1 1 1 1 0 0 0 0 0 0 1 0 1 1 1 1 1 1 1 0 0 0 0 0 0 ]
d13=6.529797558849 eijMax=3.859E-03 rmsd=1.200E+01 s=[ 0 0 0 1 1 1 1 0 0 0 0 0 0 0 0 1 1 1 1 1 1 0 1 0 0 0 0 0 0 0 1 1 1 1 1 1 ]
d13=6.530580740821 eijMax=5.798E-03 rmsd=1.201E+01 s=[ 0 0 0 0 0 0 0 1 1 1 1 1 1 1 1 0 0 0 0 0 0 1 0 1 1 1 1 1 1 1 0 0 0 0 0 0 ]
d13=6.530580740821 eijMax=5.798E-03 rmsd=1.201E+01 s=[ 0 0 0 1 1 1 1 0 0 0 0 0 0 0 0 1 1 1 1 1 1 0 1 0 0 0 0 0 0 0 1 1 1 1 1 1 ]
d13=6.531363922793 eijMax=7.746E-03 rmsd=1.202E+01 s=[ 0 0 0 0 0 0 0 1 1 1 1 1 1 1 1 0 0 0 0 0 0 1 0 1 1 1 1 1 1 1 0 0 0 0 0 0 ]
d13=6.531363922793 eijMax=7.746E-03 rmsd=1.202E+01 s=[ 0 0 0 1 1 1 1 0 0 0 0 0 0 0 0 1 1 1 1 1 1 0 1 0 0 0 0 0 0 0 1 1 1 1 1 1 ]
d13=6.532147104765 eijMax=9.703E-03 rmsd=1.202E+01 s=[ 0 0 0 0 0 0 0 1 1 1 1 1 1 1 1 0 0 0 0 0 0 1 0 1 1 1 1 1 1 1 0 0 0 0 0 0 ]
d13=6.532147104765 eijMax=9.703E-03 rmsd=1.202E+01 s=[ 0 0 0 1 1 1 1 0 0 0 0 0 0 0 0 1 1 1 1 1 1 0 1 0 0 0 0 0 0 0 1 1 1 1 1 1 ]
d13=6.573655749279 eijMax=9.263E-03 rmsd=1.490E+01 s=[ 0 0 0 0 0 1 1 0 0 0 0 0 0 1 1 0 0 0 0 0 0 0 1 0 0 0 0 0 0 0 1 1 1 1 1 1 ]
d13=6.573655749279 eijMax=9.263E-03 rmsd=1.490E+01 s=[ 0 0 0 1 1 0 0 1 1 1 1 1 1 0 0 1 1 1 1 1 1 1 0 1 1 1 1 1 1 1 0 0 0 0 0 0 ]
d13=6.574438931251 eijMax=6.113E-03 rmsd=1.486E+01 s=[ 0 0 0 0 0 1 1 0 0 0 0 0 0 1 1 0 0 0 0 0 0 0 1 0 0 0 0 0 0 0 1 1 1 1 1 1 ]
d13=6.574438931251 eijMax=6.113E-03 rmsd=1.486E+01 s=[ 0 0 0 1 1 0 0 1 1 1 1 1 1 0 0 1 1 1 1 1 1 1 0 1 1 1 1 1 1 1 0 0 0 0 0 0 ]
d13=6.579921205055 eijMax=9.974E-03 rmsd=1.461E+01 s=[ 0 0 0 0 0 0 0 1 1 1 1 1 1 0 0 1 1 1 1 1 0 0 1 0 0 0 0 0 0 0 1 1 1 1 1 1 ]
d13=6.579921205055 eijMax=9.974E-03 rmsd=1.461E+01 s=[ 0 0 0 1 1 1 1 0 0 0 0 0 0 1 1 0 0 0 0 0 1 1 0 1 1 1 1 1 1 1 0 0 0 0 0 0 ]
d13=6.580704387027 eijMax=9.307E-03 rmsd=1.462E+01 s=[ 0 0 0 0 0 0 0 1 1 1 1 1 1 0 0 1 1 1 1 1 0 0 1 0 0 0 0 0 0 0 1 1 1 1 1 1 ]
d13=6.580704387027 eijMax=9.307E-03 rmsd=1.462E+01 s=[ 0 0 0 1 1 1 1 0 0 0 0 0 0 1 1 0 0 0 0 0 1 1 0 1 1 1 1 1 1 1 0 0 0 0 0 0 ]
d13=6.581487568999 eijMax=8.640E-03 rmsd=1.462E+01 s=[ 0 0 0 0 0 0 0 1 1 1 1 1 1 0 0 1 1 1 1 1 0 0 1 0 0 0 0 0 0 0 1 1 1 1 1 1 ]
d13=6.581487568999 eijMax=8.640E-03 rmsd=1.462E+01 s=[ 0 0 0 1 1 1 1 0 0 0 0 0 0 1 1 0 0 0 0 0 1 1 0 1 1 1 1 1 1 1 0 0 0 0 0 0 ]
d13=6.582270750971 eijMax=7.971E-03 rmsd=1.463E+01 s=[ 0 0 0 0 0 0 0 1 1 1 1 1 1 0 0 1 1 1 1 1 0 0 1 0 0 0 0 0 0 0 1 1 1 1 1 1 ]
d13=6.582270750971 eijMax=7.971E-03 rmsd=1.463E+01 s=[ 0 0 0 1 1 1 1 0 0 0 0 0 0 1 1 0 0 0 0 0 1 1 0 1 1 1 1 1 1 1 0 0 0 0 0 0 ]
d13=6.583053932943 eijMax=7.302E-03 rmsd=1.463E+01 s=[ 0 0 0 0 0 0 0 1 1 1 1 1 1 0 0 1 1 1 1 1 0 0 1 0 0 0 0 0 0 0 1 1 1 1 1 1 ]
d13=6.583053932943 eijMax=7.302E-03 rmsd=1.463E+01 s=[ 0 0 0 1 1 1 1 0 0 0 0 0 0 1 1 0 0 0 0 0 1 1 0 1 1 1 1 1 1 1 0 0 0 0 0 0 ]
d13=6.583837114915 eijMax=6.632E-03 rmsd=1.464E+01 s=[ 0 0 0 0 0 0 0 1 1 1 1 1 1 0 0 1 1 1 1 1 0 0 1 0 0 0 0 0 0 0 1 1 1 1 1 1 ]
d13=6.583837114915 eijMax=6.632E-03 rmsd=1.464E+01 s=[ 0 0 0 1 1 1 1 0 0 0 0 0 0 1 1 0 0 0 0 0 1 1 0 1 1 1 1 1 1 1 0 0 0 0 0 0 ]
d13=6.584620296887 eijMax=5.961E-03 rmsd=1.464E+01 s=[ 0 0 0 0 0 0 0 1 1 1 1 1 1 0 0 1 1 1 1 1 0 0 1 0 0 0 0 0 0 0 1 1 1 1 1 1 ]
d13=6.584620296887 eijMax=5.961E-03 rmsd=1.464E+01 s=[ 0 0 0 1 1 1 1 0 0 0 0 0 0 1 1 0 0 0 0 0 1 1 0 1 1 1 1 1 1 1 0 0 0 0 0 0 ]
d13=6.585403478859 eijMax=5.288E-03 rmsd=1.465E+01 s=[ 0 0 0 0 0 0 0 1 1 1 1 1 1 0 0 1 1 1 1 1 0 0 1 0 0 0 0 0 0 0 1 1 1 1 1 1 ]
d13=6.585403478859 eijMax=5.288E-03 rmsd=1.465E+01 s=[ 0 0 0 1 1 1 1 0 0 0 0 0 0 1 1 0 0 0 0 0 1 1 0 1 1 1 1 1 1 1 0 0 0 0 0 0 ]
d13=6.586186660831 eijMax=4.614E-03 rmsd=1.465E+01 s=[ 0 0 0 0 0 0 0 1 1 1 1 1 1 0 0 1 1 1 1 1 0 0 1 0 0 0 0 0 0 0 1 1 1 1 1 1 ]
d13=6.586186660831 eijMax=4.614E-03 rmsd=1.465E+01 s=[ 0 0 0 1 1 1 1 0 0 0 0 0 0 1 1 0 0 0 0 0 1 1 0 1 1 1 1 1 1 1 0 0 0 0 0 0 ]
d13=6.586969842803 eijMax=3.939E-03 rmsd=1.466E+01 s=[ 0 0 0 0 0 0 0 1 1 1 1 1 1 0 0 1 1 1 1 1 0 0 1 0 0 0 0 0 0 0 1 1 1 1 1 1 ]
d13=6.586969842803 eijMax=3.939E-03 rmsd=1.466E+01 s=[ 0 0 0 1 1 1 1 0 0 0 0 0 0 1 1 0 0 0 0 0 1 1 0 1 1 1 1 1 1 1 0 0 0 0 0 0 ]
d13=6.587753024775 eijMax=3.263E-03 rmsd=1.467E+01 s=[ 0 0 0 0 0 0 0 1 1 1 1 1 1 0 0 1 1 1 1 1 0 0 1 0 0 0 0 0 0 0 1 1 1 1 1 1 ]
d13=6.587753024775 eijMax=3.263E-03 rmsd=1.467E+01 s=[ 0 0 0 1 1 1 1 0 0 0 0 0 0 1 1 0 0 0 0 0 1 1 0 1 1 1 1 1 1 1 0 0 0 0 0 0 ]
d13=6.588536206747 eijMax=2.585E-03 rmsd=1.467E+01 s=[ 0 0 0 0 0 0 0 1 1 1 1 1 1 0 0 1 1 1 1 1 0 0 1 0 0 0 0 0 0 0 1 1 1 1 1 1 ]
d13=6.588536206747 eijMax=2.585E-03 rmsd=1.467E+01 s=[ 0 0 0 1 1 1 1 0 0 0 0 0 0 1 1 0 0 0 0 0 1 1 0 1 1 1 1 1 1 1 0 0 0 0 0 0 ]
d13=6.589319388719 eijMax=1.905E-03 rmsd=1.468E+01 s=[ 0 0 0 0 0 0 0 1 1 1 1 1 1 0 0 1 1 1 1 1 0 0 1 0 0 0 0 0 0 0 1 1 1 1 1 1 ]
d13=6.589319388719 eijMax=1.905E-03 rmsd=1.468E+01 s=[ 0 0 0 1 1 1 1 0 0 0 0 0 0 1 1 0 0 0 0 0 1 1 0 1 1 1 1 1 1 1 0 0 0 0 0 0 ]
d13=6.590102570691 eijMax=1.224E-03 rmsd=1.468E+01 s=[ 0 0 0 0 0 0 0 1 1 1 1 1 1 0 0 1 1 1 1 1 0 0 1 0 0 0 0 0 0 0 1 1 1 1 1 1 ]
d13=6.590102570691 eijMax=1.224E-03 rmsd=1.468E+01 s=[ 0 0 0 1 1 1 1 0 0 0 0 0 0 1 1 0 0 0 0 0 1 1 0 1 1 1 1 1 1 1 0 0 0 0 0 0 ]
d13=6.590885752663 eijMax=5.411E-04 rmsd=1.469E+01 s=[ 0 0 0 0 0 0 0 1 1 1 1 1 1 0 0 1 1 1 1 1 0 0 1 0 0 0 0 0 0 0 1 1 1 1 1 1 ]
d13=6.590885752663 eijMax=5.411E-04 rmsd=1.469E+01 s=[ 0 0 0 1 1 1 1 0 0 0 0 0 0 1 1 0 0 0 0 0 1 1 0 1 1 1 1 1 1 1 0 0 0 0 0 0 ]
d13=6.591668934635 eijMax=1.437E-04 rmsd=1.469E+01 s=[ 0 0 0 0 0 0 0 1 1 1 1 1 1 0 0 1 1 1 1 1 0 0 1 0 0 0 0 0 0 0 1 1 1 1 1 1 ]
d13=6.591668934635 eijMax=1.437E-04 rmsd=1.469E+01 s=[ 0 0 0 1 1 1 1 0 0 0 0 0 0 1 1 0 0 0 0 0 1 1 0 1 1 1 1 1 1 1 0 0 0 0 0 0 ]
d13=6.592452116607 eijMax=8.305E-04 rmsd=1.470E+01 s=[ 0 0 0 0 0 0 0 1 1 1 1 1 1 0 0 1 1 1 1 1 0 0 1 0 0 0 0 0 0 0 1 1 1 1 1 1 ]
d13=6.592452116607 eijMax=8.305E-04 rmsd=1.470E+01 s=[ 0 0 0 1 1 1 1 0 0 0 0 0 0 1 1 0 0 0 0 0 1 1 0 1 1 1 1 1 1 1 0 0 0 0 0 0 ]
d13=6.593235298579 eijMax=1.519E-03 rmsd=1.471E+01 s=[ 0 0 0 0 0 0 0 1 1 1 1 1 1 0 0 1 1 1 1 1 0 0 1 0 0 0 0 0 0 0 1 1 1 1 1 1 ]
d13=6.593235298579 eijMax=1.519E-03 rmsd=1.471E+01 s=[ 0 0 0 1 1 1 1 0 0 0 0 0 0 1 1 0 0 0 0 0 1 1 0 1 1 1 1 1 1 1 0 0 0 0 0 0 ]
d13=6.594018480551 eijMax=2.210E-03 rmsd=1.471E+01 s=[ 0 0 0 0 0 0 0 1 1 1 1 1 1 0 0 1 1 1 1 1 0 0 1 0 0 0 0 0 0 0 1 1 1 1 1 1 ]
d13=6.594018480551 eijMax=2.210E-03 rmsd=1.471E+01 s=[ 0 0 0 1 1 1 1 0 0 0 0 0 0 1 1 0 0 0 0 0 1 1 0 1 1 1 1 1 1 1 0 0 0 0 0 0 ]
d13=6.594801662523 eijMax=2.903E-03 rmsd=1.472E+01 s=[ 0 0 0 0 0 0 0 1 1 1 1 1 1 0 0 1 1 1 1 1 0 0 1 0 0 0 0 0 0 0 1 1 1 1 1 1 ]
d13=6.594801662523 eijMax=2.903E-03 rmsd=1.472E+01 s=[ 0 0 0 1 1 1 1 0 0 0 0 0 0 1 1 0 0 0 0 0 1 1 0 1 1 1 1 1 1 1 0 0 0 0 0 0 ]
d13=6.595584844494 eijMax=3.599E-03 rmsd=1.472E+01 s=[ 0 0 0 0 0 0 0 1 1 1 1 1 1 0 0 1 1 1 1 1 0 0 1 0 0 0 0 0 0 0 1 1 1 1 1 1 ]
d13=6.595584844494 eijMax=3.599E-03 rmsd=1.472E+01 s=[ 0 0 0 1 1 1 1 0 0 0 0 0 0 1 1 0 0 0 0 0 1 1 0 1 1 1 1 1 1 1 0 0 0 0 0 0 ]
d13=6.596368026466 eijMax=4.297E-03 rmsd=1.473E+01 s=[ 0 0 0 0 0 0 0 1 1 1 1 1 1 0 0 1 1 1 1 1 0 0 1 0 0 0 0 0 0 0 1 1 1 1 1 1 ]
d13=6.596368026466 eijMax=4.297E-03 rmsd=1.473E+01 s=[ 0 0 0 1 1 1 1 0 0 0 0 0 0 1 1 0 0 0 0 0 1 1 0 1 1 1 1 1 1 1 0 0 0 0 0 0 ]
d13=6.597151208438 eijMax=4.997E-03 rmsd=1.474E+01 s=[ 0 0 0 0 0 0 0 1 1 1 1 1 1 0 0 1 1 1 1 1 0 0 1 0 0 0 0 0 0 0 1 1 1 1 1 1 ]
d13=6.597151208438 eijMax=4.997E-03 rmsd=1.474E+01 s=[ 0 0 0 1 1 1 1 0 0 0 0 0 0 1 1 0 0 0 0 0 1 1 0 1 1 1 1 1 1 1 0 0 0 0 0 0 ]
d13=6.597934390410 eijMax=5.700E-03 rmsd=1.474E+01 s=[ 0 0 0 0 0 0 0 1 1 1 1 1 1 0 0 1 1 1 1 1 0 0 1 0 0 0 0 0 0 0 1 1 1 1 1 1 ]
d13=6.597934390410 eijMax=5.700E-03 rmsd=1.474E+01 s=[ 0 0 0 1 1 1 1 0 0 0 0 0 0 1 1 0 0 0 0 0 1 1 0 1 1 1 1 1 1 1 0 0 0 0 0 0 ]
d13=6.598717572382 eijMax=6.406E-03 rmsd=1.475E+01 s=[ 0 0 0 0 0 0 0 1 1 1 1 1 1 0 0 1 1 1 1 1 0 0 1 0 0 0 0 0 0 0 1 1 1 1 1 1 ]
d13=6.598717572382 eijMax=6.406E-03 rmsd=1.475E+01 s=[ 0 0 0 1 1 1 1 0 0 0 0 0 0 1 1 0 0 0 0 0 1 1 0 1 1 1 1 1 1 1 0 0 0 0 0 0 ]
d13=6.599500754354 eijMax=7.115E-03 rmsd=1.475E+01 s=[ 0 0 0 0 0 0 0 1 1 1 1 1 1 0 0 1 1 1 1 1 0 0 1 0 0 0 0 0 0 0 1 1 1 1 1 1 ]
d13=6.599500754354 eijMax=7.115E-03 rmsd=1.475E+01 s=[ 0 0 0 1 1 1 1 0 0 0 0 0 0 1 1 0 0 0 0 0 1 1 0 1 1 1 1 1 1 1 0 0 0 0 0 0 ]
d13=6.600283936326 eijMax=7.827E-03 rmsd=1.476E+01 s=[ 0 0 0 0 0 0 0 1 1 1 1 1 1 0 0 1 1 1 1 1 0 0 1 0 0 0 0 0 0 0 1 1 1 1 1 1 ]
d13=6.600283936326 eijMax=7.827E-03 rmsd=1.476E+01 s=[ 0 0 0 1 1 1 1 0 0 0 0 0 0 1 1 0 0 0 0 0 1 1 0 1 1 1 1 1 1 1 0 0 0 0 0 0 ]
d13=6.601067118298 eijMax=8.542E-03 rmsd=1.477E+01 s=[ 0 0 0 0 0 0 0 1 1 1 1 1 1 0 0 1 1 1 1 1 0 0 1 0 0 0 0 0 0 0 1 1 1 1 1 1 ]
d13=6.601067118298 eijMax=8.542E-03 rmsd=1.477E+01 s=[ 0 0 0 1 1 1 1 0 0 0 0 0 0 1 1 0 0 0 0 0 1 1 0 1 1 1 1 1 1 1 0 0 0 0 0 0 ]
d13=6.601850300270 eijMax=9.260E-03 rmsd=1.477E+01 s=[ 0 0 0 0 0 0 0 1 1 1 1 1 1 0 0 1 1 1 1 1 0 0 1 0 0 0 0 0 0 0 1 1 1 1 1 1 ]
d13=6.601850300270 eijMax=9.260E-03 rmsd=1.477E+01 s=[ 0 0 0 1 1 1 1 0 0 0 0 0 0 1 1 0 0 0 0 0 1 1 0 1 1 1 1 1 1 1 0 0 0 0 0 0 ]
d13=6.602633482242 eijMax=9.981E-03 rmsd=1.478E+01 s=[ 0 0 0 0 0 0 0 1 1 1 1 1 1 0 0 1 1 1 1 1 0 0 1 0 0 0 0 0 0 0 1 1 1 1 1 1 ]
d13=6.602633482242 eijMax=9.981E-03 rmsd=1.478E+01 s=[ 0 0 0 1 1 1 1 0 0 0 0 0 0 1 1 0 0 0 0 0 1 1 0 1 1 1 1 1 1 1 0 0 0 0 0 0 ]
d13=6.628478487317 eijMax=9.695E-03 rmsd=9.153E+00 s=[ 0 0 0 0 1 1 1 0 0 0 0 0 1 1 1 0 0 0 0 0 0 0 1 0 0 0 0 0 0 0 1 1 1 1 1 1 ]
d13=6.628478487317 eijMax=9.695E-03 rmsd=9.153E+00 s=[ 0 0 0 1 0 0 0 1 1 1 1 1 0 0 0 1 1 1 1 1 1 1 0 1 1 1 1 1 1 1 0 0 0 0 0 0 ]
d13=6.629261669289 eijMax=8.904E-03 rmsd=9.147E+00 s=[ 0 0 0 0 1 1 1 0 0 0 0 0 1 1 1 0 0 0 0 0 0 0 1 0 0 0 0 0 0 0 1 1 1 1 1 1 ]
d13=6.629261669289 eijMax=8.904E-03 rmsd=9.147E+00 s=[ 0 0 0 1 0 0 0 1 1 1 1 1 0 0 0 1 1 1 1 1 1 1 0 1 1 1 1 1 1 1 0 0 0 0 0 0 ]
d13=6.630044851261 eijMax=8.804E-03 rmsd=1.612E+01 s=[ 0 0 0 0 1 0 0 1 1 1 1 1 1 0 0 1 1 1 1 1 1 1 0 1 1 1 1 1 1 1 0 0 0 0 0 0 ]
d13=6.630044851261 eijMax=8.099E-03 rmsd=9.141E+00 s=[ 0 0 0 0 1 1 1 0 0 0 0 0 1 1 1 0 0 0 0 0 0 0 1 0 0 0 0 0 0 0 1 1 1 1 1 1 ]
d13=6.630044851261 eijMax=8.099E-03 rmsd=9.141E+00 s=[ 0 0 0 1 0 0 0 1 1 1 1 1 0 0 0 1 1 1 1 1 1 1 0 1 1 1 1 1 1 1 0 0 0 0 0 0 ]
d13=6.630044851261 eijMax=8.804E-03 rmsd=1.612E+01 s=[ 0 0 0 1 0 1 1 0 0 0 0 0 0 1 1 0 0 0 0 0 0 0 1 0 0 0 0 0 0 0 1 1 1 1 1 1 ]
d13=6.630828033233 eijMax=6.002E-03 rmsd=1.611E+01 s=[ 0 0 0 0 1 0 0 1 1 1 1 1 1 0 0 1 1 1 1 1 1 1 0 1 1 1 1 1 1 1 0 0 0 0 0 0 ]
d13=6.630828033233 eijMax=7.280E-03 rmsd=9.135E+00 s=[ 0 0 0 0 1 1 1 0 0 0 0 0 1 1 1 0 0 0 0 0 0 0 1 0 0 0 0 0 0 0 1 1 1 1 1 1 ]
d13=6.630828033233 eijMax=7.280E-03 rmsd=9.135E+00 s=[ 0 0 0 1 0 0 0 1 1 1 1 1 0 0 0 1 1 1 1 1 1 1 0 1 1 1 1 1 1 1 0 0 0 0 0 0 ]
d13=6.630828033233 eijMax=6.002E-03 rmsd=1.611E+01 s=[ 0 0 0 1 0 1 1 0 0 0 0 0 0 1 1 0 0 0 0 0 0 0 1 0 0 0 0 0 0 0 1 1 1 1 1 1 ]
d13=6.631611215205 eijMax=3.171E-03 rmsd=1.611E+01 s=[ 0 0 0 0 1 0 0 1 1 1 1 1 1 0 0 1 1 1 1 1 1 1 0 1 1 1 1 1 1 1 0 0 0 0 0 0 ]
d13=6.631611215205 eijMax=6.445E-03 rmsd=9.129E+00 s=[ 0 0 0 0 1 1 1 0 0 0 0 0 1 1 1 0 0 0 0 0 0 0 1 0 0 0 0 0 0 0 1 1 1 1 1 1 ]
d13=6.631611215205 eijMax=6.445E-03 rmsd=9.129E+00 s=[ 0 0 0 1 0 0 0 1 1 1 1 1 0 0 0 1 1 1 1 1 1 1 0 1 1 1 1 1 1 1 0 0 0 0 0 0 ]
d13=6.631611215205 eijMax=3.171E-03 rmsd=1.611E+01 s=[ 0 0 0 1 0 1 1 0 0 0 0 0 0 1 1 0 0 0 0 0 0 0 1 0 0 0 0 0 0 0 1 1 1 1 1 1 ]
d13=6.632394397177 eijMax=3.079E-04 rmsd=1.610E+01 s=[ 0 0 0 0 1 0 0 1 1 1 1 1 1 0 0 1 1 1 1 1 1 1 0 1 1 1 1 1 1 1 0 0 0 0 0 0 ]
d13=6.632394397177 eijMax=5.595E-03 rmsd=9.123E+00 s=[ 0 0 0 0 1 1 1 0 0 0 0 0 1 1 1 0 0 0 0 0 0 0 1 0 0 0 0 0 0 0 1 1 1 1 1 1 ]
d13=6.632394397177 eijMax=5.595E-03 rmsd=9.123E+00 s=[ 0 0 0 1 0 0 0 1 1 1 1 1 0 0 0 1 1 1 1 1 1 1 0 1 1 1 1 1 1 1 0 0 0 0 0 0 ]
d13=6.632394397177 eijMax=3.079E-04 rmsd=1.610E+01 s=[ 0 0 0 1 0 1 1 0 0 0 0 0 0 1 1 0 0 0 0 0 0 0 1 0 0 0 0 0 0 0 1 1 1 1 1 1 ]
d13=6.633177579149 eijMax=2.587E-03 rmsd=1.609E+01 s=[ 0 0 0 0 1 0 0 1 1 1 1 1 1 0 0 1 1 1 1 1 1 1 0 1 1 1 1 1 1 1 0 0 0 0 0 0 ]
d13=6.633177579149 eijMax=4.728E-03 rmsd=9.116E+00 s=[ 0 0 0 0 1 1 1 0 0 0 0 0 1 1 1 0 0 0 0 0 0 0 1 0 0 0 0 0 0 0 1 1 1 1 1 1 ]
d13=6.633177579149 eijMax=4.728E-03 rmsd=9.116E+00 s=[ 0 0 0 1 0 0 0 1 1 1 1 1 0 0 0 1 1 1 1 1 1 1 0 1 1 1 1 1 1 1 0 0 0 0 0 0 ]
d13=6.633177579149 eijMax=2.587E-03 rmsd=1.609E+01 s=[ 0 0 0 1 0 1 1 0 0 0 0 0 0 1 1 0 0 0 0 0 0 0 1 0 0 0 0 0 0 0 1 1 1 1 1 1 ]
d13=6.633960761121 eijMax=5.515E-03 rmsd=1.608E+01 s=[ 0 0 0 0 1 0 0 1 1 1 1 1 1 0 0 1 1 1 1 1 1 1 0 1 1 1 1 1 1 1 0 0 0 0 0 0 ]
d13=6.633960761121 eijMax=3.844E-03 rmsd=9.109E+00 s=[ 0 0 0 0 1 1 1 0 0 0 0 0 1 1 1 0 0 0 0 0 0 0 1 0 0 0 0 0 0 0 1 1 1 1 1 1 ]
d13=6.633960761121 eijMax=3.844E-03 rmsd=9.109E+00 s=[ 0 0 0 1 0 0 0 1 1 1 1 1 0 0 0 1 1 1 1 1 1 1 0 1 1 1 1 1 1 1 0 0 0 0 0 0 ]
d13=6.633960761121 eijMax=5.515E-03 rmsd=1.608E+01 s=[ 0 0 0 1 0 1 1 0 0 0 0 0 0 1 1 0 0 0 0 0 0 0 1 0 0 0 0 0 0 0 1 1 1 1 1 1 ]
d13=6.634743943093 eijMax=8.477E-03 rmsd=1.607E+01 s=[ 0 0 0 0 1 0 0 1 1 1 1 1 1 0 0 1 1 1 1 1 1 1 0 1 1 1 1 1 1 1 0 0 0 0 0 0 ]
d13=6.634743943093 eijMax=2.942E-03 rmsd=9.102E+00 s=[ 0 0 0 0 1 1 1 0 0 0 0 0 1 1 1 0 0 0 0 0 0 0 1 0 0 0 0 0 0 0 1 1 1 1 1 1 ]
d13=6.634743943093 eijMax=2.942E-03 rmsd=9.102E+00 s=[ 0 0 0 1 0 0 0 1 1 1 1 1 0 0 0 1 1 1 1 1 1 1 0 1 1 1 1 1 1 1 0 0 0 0 0 0 ]
d13=6.634743943093 eijMax=8.477E-03 rmsd=1.607E+01 s=[ 0 0 0 1 0 1 1 0 0 0 0 0 0 1 1 0 0 0 0 0 0 0 1 0 0 0 0 0 0 0 1 1 1 1 1 1 ]
d13=6.635527125065 eijMax=2.022E-03 rmsd=9.095E+00 s=[ 0 0 0 0 1 1 1 0 0 0 0 0 1 1 1 0 0 0 0 0 0 0 1 0 0 0 0 0 0 0 1 1 1 1 1 1 ]
d13=6.635527125065 eijMax=2.022E-03 rmsd=9.095E+00 s=[ 0 0 0 1 0 0 0 1 1 1 1 1 0 0 0 1 1 1 1 1 1 1 0 1 1 1 1 1 1 1 0 0 0 0 0 0 ]
d13=6.636310307037 eijMax=1.083E-03 rmsd=9.088E+00 s=[ 0 0 0 0 1 1 1 0 0 0 0 0 1 1 1 0 0 0 0 0 0 0 1 0 0 0 0 0 0 0 1 1 1 1 1 1 ]
d13=6.636310307037 eijMax=1.083E-03 rmsd=9.088E+00 s=[ 0 0 0 1 0 0 0 1 1 1 1 1 0 0 0 1 1 1 1 1 1 1 0 1 1 1 1 1 1 1 0 0 0 0 0 0 ]
d13=6.637093489009 eijMax=1.228E-04 rmsd=9.080E+00 s=[ 0 0 0 0 1 1 1 0 0 0 0 0 1 1 1 0 0 0 0 0 0 0 1 0 0 0 0 0 0 0 1 1 1 1 1 1 ]
d13=6.637093489009 eijMax=1.228E-04 rmsd=9.080E+00 s=[ 0 0 0 1 0 0 0 1 1 1 1 1 0 0 0 1 1 1 1 1 1 1 0 1 1 1 1 1 1 1 0 0 0 0 0 0 ]
d13=6.637876670981 eijMax=8.581E-04 rmsd=9.072E+00 s=[ 0 0 0 0 1 1 1 0 0 0 0 0 1 1 1 0 0 0 0 0 0 0 1 0 0 0 0 0 0 0 1 1 1 1 1 1 ]
d13=6.637876670981 eijMax=8.581E-04 rmsd=9.072E+00 s=[ 0 0 0 1 0 0 0 1 1 1 1 1 0 0 0 1 1 1 1 1 1 1 0 1 1 1 1 1 1 1 0 0 0 0 0 0 ]
d13=6.638659852953 eijMax=1.861E-03 rmsd=9.064E+00 s=[ 0 0 0 0 1 1 1 0 0 0 0 0 1 1 1 0 0 0 0 0 0 0 1 0 0 0 0 0 0 0 1 1 1 1 1 1 ]
d13=6.638659852953 eijMax=1.861E-03 rmsd=9.064E+00 s=[ 0 0 0 1 0 0 0 1 1 1 1 1 0 0 0 1 1 1 1 1 1 1 0 1 1 1 1 1 1 1 0 0 0 0 0 0 ]
d13=6.639443034925 eijMax=2.888E-03 rmsd=9.056E+00 s=[ 0 0 0 0 1 1 1 0 0 0 0 0 1 1 1 0 0 0 0 0 0 0 1 0 0 0 0 0 0 0 1 1 1 1 1 1 ]
d13=6.639443034925 eijMax=2.888E-03 rmsd=9.056E+00 s=[ 0 0 0 1 0 0 0 1 1 1 1 1 0 0 0 1 1 1 1 1 1 1 0 1 1 1 1 1 1 1 0 0 0 0 0 0 ]
d13=6.640226216897 eijMax=3.939E-03 rmsd=9.048E+00 s=[ 0 0 0 0 1 1 1 0 0 0 0 0 1 1 1 0 0 0 0 0 0 0 1 0 0 0 0 0 0 0 1 1 1 1 1 1 ]
d13=6.640226216897 eijMax=3.939E-03 rmsd=9.048E+00 s=[ 0 0 0 1 0 0 0 1 1 1 1 1 0 0 0 1 1 1 1 1 1 1 0 1 1 1 1 1 1 1 0 0 0 0 0 0 ]
d13=6.641009398869 eijMax=8.518E-03 rmsd=1.203E+01 s=[ 0 0 0 0 0 1 1 0 0 0 0 0 1 1 1 0 0 0 0 0 1 1 0 1 1 1 1 1 1 1 0 0 0 0 0 0 ]
d13=6.641009398869 eijMax=5.015E-03 rmsd=9.039E+00 s=[ 0 0 0 0 1 1 1 0 0 0 0 0 1 1 1 0 0 0 0 0 0 0 1 0 0 0 0 0 0 0 1 1 1 1 1 1 ]
d13=6.641009398869 eijMax=5.015E-03 rmsd=9.039E+00 s=[ 0 0 0 1 0 0 0 1 1 1 1 1 0 0 0 1 1 1 1 1 1 1 0 1 1 1 1 1 1 1 0 0 0 0 0 0 ]
d13=6.641009398869 eijMax=8.518E-03 rmsd=1.203E+01 s=[ 0 0 0 1 1 0 0 1 1 1 1 1 0 0 0 1 1 1 1 1 0 0 1 0 0 0 0 0 0 0 1 1 1 1 1 1 ]
d13=6.641792580841 eijMax=6.118E-03 rmsd=9.030E+00 s=[ 0 0 0 0 1 1 1 0 0 0 0 0 1 1 1 0 0 0 0 0 0 0 1 0 0 0 0 0 0 0 1 1 1 1 1 1 ]
d13=6.641792580841 eijMax=6.118E-03 rmsd=9.030E+00 s=[ 0 0 0 1 0 0 0 1 1 1 1 1 0 0 0 1 1 1 1 1 1 1 0 1 1 1 1 1 1 1 0 0 0 0 0 0 ]
d13=6.642575762813 eijMax=7.250E-03 rmsd=9.021E+00 s=[ 0 0 0 0 1 1 1 0 0 0 0 0 1 1 1 0 0 0 0 0 0 0 1 0 0 0 0 0 0 0 1 1 1 1 1 1 ]
d13=6.642575762813 eijMax=7.250E-03 rmsd=9.021E+00 s=[ 0 0 0 1 0 0 0 1 1 1 1 1 0 0 0 1 1 1 1 1 1 1 0 1 1 1 1 1 1 1 0 0 0 0 0 0 ]
d13=6.643358944785 eijMax=8.412E-03 rmsd=9.011E+00 s=[ 0 0 0 0 1 1 1 0 0 0 0 0 1 1 1 0 0 0 0 0 0 0 1 0 0 0 0 0 0 0 1 1 1 1 1 1 ]
d13=6.643358944785 eijMax=8.412E-03 rmsd=9.011E+00 s=[ 0 0 0 1 0 0 0 1 1 1 1 1 0 0 0 1 1 1 1 1 1 1 0 1 1 1 1 1 1 1 0 0 0 0 0 0 ]
d13=6.644142126757 eijMax=9.606E-03 rmsd=9.002E+00 s=[ 0 0 0 0 1 1 1 0 0 0 0 0 1 1 1 0 0 0 0 0 0 0 1 0 0 0 0 0 0 0 1 1 1 1 1 1 ]
d13=6.644142126757 eijMax=9.606E-03 rmsd=9.002E+00 s=[ 0 0 0 1 0 0 0 1 1 1 1 1 0 0 0 1 1 1 1 1 1 1 0 1 1 1 1 1 1 1 0 0 0 0 0 0 ]
d13=6.655106674364 eijMax=6.566E-03 rmsd=1.659E+01 s=[ 0 0 0 0 0 1 1 0 0 0 0 0 1 0 0 1 1 1 1 1 1 0 1 0 0 0 0 0 0 0 1 1 1 1 1 1 ]
d13=6.655106674364 eijMax=6.566E-03 rmsd=1.659E+01 s=[ 0 0 0 1 1 0 0 1 1 1 1 1 0 1 1 0 0 0 0 0 0 1 0 1 1 1 1 1 1 1 0 0 0 0 0 0 ]
d13=6.663721676056 eijMax=5.078E-05 rmsd=1.084E+01 s=[ 0 0 0 0 0 1 1 0 0 0 0 0 0 0 0 1 1 1 1 1 1 1 0 1 1 1 1 1 1 1 0 0 0 0 0 0 ]
d13=6.663721676056 eijMax=5.078E-05 rmsd=1.084E+01 s=[ 0 0 0 1 1 0 0 1 1 1 1 1 1 1 1 0 0 0 0 0 0 0 1 0 0 0 0 0 0 0 1 1 1 1 1 1 ]
num ..... 1000
nnodes .. 36
nedges .. 264
nsols ... 610
tsecs ... 80.403215
