d13=6.936544530000 eijMax=1.356E-03 rmsd=1.203E+01 s=[ 0 0 0 0 0 1 1 0 0 0 0 0 0 1 1 0 0 0 0 0 0 1 0 1 1 1 1 1 1 1 1 1 1 1 1 1 ]
d13=6.936544530000 eijMax=9.445E-03 rmsd=1.340E-01 s=[ 0 0 0 0 1 0 0 1 1 1 1 1 0 0 0 1 1 1 1 1 0 0 1 0 0 0 0 0 0 0 0 0 0 0 0 0 ]
d13=6.936544530000 eijMax=9.445E-03 rmsd=1.340E-01 s=[ 0 0 0 1 0 1 1 0 0 0 0 0 1 1 1 0 0 0 0 0 1 1 0 1 1 1 1 1 1 1 1 1 1 1 1 1 ]
d13=6.936544530000 eijMax=1.356E-03 rmsd=1.203E+01 s=[ 0 0 0 1 1 0 0 1 1 1 1 1 1 0 0 1 1 1 1 1 1 0 1 0 0 0 0 0 0 0 0 0 0 0 0 0 ]
d13=6.937239565375 eijMax=6.208E-03 rmsd=1.203E+01 s=[ 0 0 0 0 0 1 1 0 0 0 0 0 0 1 1 0 0 0 0 0 0 1 0 1 1 1 1 1 1 1 1 1 1 1 1 1 ]
d13=6.937239565375 eijMax=6.208E-03 rmsd=1.203E+01 s=[ 0 0 0 1 1 0 0 1 1 1 1 1 1 0 0 1 1 1 1 1 1 0 1 0 0 0 0 0 0 0 0 0 0 0 0 0 ]
d13=6.969906228018 eijMax=8.921E-03 rmsd=1.595E+01 s=[ 0 0 0 0 0 0 0 1 1 1 1 1 1 1 1 0 0 0 0 0 1 0 1 0 0 0 0 0 0 0 0 0 0 0 0 0 ]
d13=6.969906228018 eijMax=8.921E-03 rmsd=1.595E+01 s=[ 0 0 0 1 1 1 1 0 0 0 0 0 0 0 0 1 1 1 1 1 0 1 0 1 1 1 1 1 1 1 1 1 1 1 1 1 ]
d13=6.970601263393 eijMax=6.646E-03 rmsd=1.596E+01 s=[ 0 0 0 0 0 0 0 1 1 1 1 1 1 1 1 0 0 0 0 0 1 0 1 0 0 0 0 0 0 0 0 0 0 0 0 0 ]
d13=6.970601263393 eijMax=6.646E-03 rmsd=1.596E+01 s=[ 0 0 0 1 1 1 1 0 0 0 0 0 0 0 0 1 1 1 1 1 0 1 0 1 1 1 1 1 1 1 1 1 1 1 1 1 ]
d13=6.971296298769 eijMax=4.378E-03 rmsd=1.597E+01 s=[ 0 0 0 0 0 0 0 1 1 1 1 1 1 1 1 0 0 0 0 0 1 0 1 0 0 0 0 0 0 0 0 0 0 0 0 0 ]
d13=6.971296298769 eijMax=4.378E-03 rmsd=1.597E+01 s=[ 0 0 0 1 1 1 1 0 0 0 0 0 0 0 0 1 1 1 1 1 0 1 0 1 1 1 1 1 1 1 1 1 1 1 1 1 ]
d13=6.971991334144 eijMax=2.117E-03 rmsd=1.598E+01 s=[ 0 0 0 0 0 0 0 1 1 1 1 1 1 1 1 0 0 0 0 0 1 0 1 0 0 0 0 0 0 0 0 0 0 0 0 0 ]
d13=6.971991334144 eijMax=2.117E-03 rmsd=1.598E+01 s=[ 0 0 0 1 1 1 1 0 0 0 0 0 0 0 0 1 1 1 1 1 0 1 0 1 1 1 1 1 1 1 1 1 1 1 1 1 ]
d13=6.972686369520 eijMax=1.372E-04 rmsd=1.598E+01 s=[ 0 0 0 0 0 0 0 1 1 1 1 1 1 1 1 0 0 0 0 0 1 0 1 0 0 0 0 0 0 0 0 0 0 0 0 0 ]
d13=6.972686369520 eijMax=1.372E-04 rmsd=1.598E+01 s=[ 0 0 0 1 1 1 1 0 0 0 0 0 0 0 0 1 1 1 1 1 0 1 0 1 1 1 1 1 1 1 1 1 1 1 1 1 ]
d13=6.973381404895 eijMax=2.385E-03 rmsd=1.599E+01 s=[ 0 0 0 0 0 0 0 1 1 1 1 1 1 1 1 0 0 0 0 0 1 0 1 0 0 0 0 0 0 0 0 0 0 0 0 0 ]
d13=6.973381404895 eijMax=2.385E-03 rmsd=1.599E+01 s=[ 0 0 0 1 1 1 1 0 0 0 0 0 0 0 0 1 1 1 1 1 0 1 0 1 1 1 1 1 1 1 1 1 1 1 1 1 ]
d13=6.974076440270 eijMax=4.627E-03 rmsd=1.600E+01 s=[ 0 0 0 0 0 0 0 1 1 1 1 1 1 1 1 0 0 0 0 0 1 0 1 0 0 0 0 0 0 0 0 0 0 0 0 0 ]
d13=6.974076440270 eijMax=4.627E-03 rmsd=1.600E+01 s=[ 0 0 0 1 1 1 1 0 0 0 0 0 0 0 0 1 1 1 1 1 0 1 0 1 1 1 1 1 1 1 1 1 1 1 1 1 ]
d13=6.974771475646 eijMax=6.864E-03 rmsd=1.601E+01 s=[ 0 0 0 0 0 0 0 1 1 1 1 1 1 1 1 0 0 0 0 0 1 0 1 0 0 0 0 0 0 0 0 0 0 0 0 0 ]
d13=6.974771475646 eijMax=6.864E-03 rmsd=1.601E+01 s=[ 0 0 0 1 1 1 1 0 0 0 0 0 0 0 0 1 1 1 1 1 0 1 0 1 1 1 1 1 1 1 1 1 1 1 1 1 ]
d13=6.975466511021 eijMax=9.096E-03 rmsd=1.601E+01 s=[ 0 0 0 0 0 0 0 1 1 1 1 1 1 1 1 0 0 0 0 0 1 0 1 0 0 0 0 0 0 0 0 0 0 0 0 0 ]
d13=6.975466511021 eijMax=9.096E-03 rmsd=1.601E+01 s=[ 0 0 0 1 1 1 1 0 0 0 0 0 0 0 0 1 1 1 1 1 0 1 0 1 1 1 1 1 1 1 1 1 1 1 1 1 ]
d13=6.983806935526 eijMax=8.839E-03 rmsd=8.812E+00 s=[ 0 0 0 0 1 0 0 1 1 1 1 1 1 0 0 1 1 1 1 1 1 1 0 1 1 1 1 1 1 1 1 1 1 1 1 1 ]
d13=6.983806935526 eijMax=8.839E-03 rmsd=8.812E+00 s=[ 0 0 0 1 0 1 1 0 0 0 0 0 0 1 1 0 0 0 0 0 0 0 1 0 0 0 0 0 0 0 0 0 0 0 0 0 ]
d13=6.984501970901 eijMax=7.642E-03 rmsd=8.811E+00 s=[ 0 0 0 0 1 0 0 1 1 1 1 1 1 0 0 1 1 1 1 1 1 1 0 1 1 1 1 1 1 1 1 1 1 1 1 1 ]
d13=6.984501970901 eijMax=7.642E-03 rmsd=8.811E+00 s=[ 0 0 0 1 0 1 1 0 0 0 0 0 0 1 1 0 0 0 0 0 0 0 1 0 0 0 0 0 0 0 0 0 0 0 0 0 ]
d13=6.985197006276 eijMax=6.452E-03 rmsd=8.810E+00 s=[ 0 0 0 0 1 0 0 1 1 1 1 1 1 0 0 1 1 1 1 1 1 1 0 1 1 1 1 1 1 1 1 1 1 1 1 1 ]
d13=6.985197006276 eijMax=6.452E-03 rmsd=8.810E+00 s=[ 0 0 0 1 0 1 1 0 0 0 0 0 0 1 1 0 0 0 0 0 0 0 1 0 0 0 0 0 0 0 0 0 0 0 0 0 ]
d13=6.985892041652 eijMax=5.271E-03 rmsd=8.809E+00 s=[ 0 0 0 0 1 0 0 1 1 1 1 1 1 0 0 1 1 1 1 1 1 1 0 1 1 1 1 1 1 1 1 1 1 1 1 1 ]
d13=6.985892041652 eijMax=5.271E-03 rmsd=8.809E+00 s=[ 0 0 0 1 0 1 1 0 0 0 0 0 0 1 1 0 0 0 0 0 0 0 1 0 0 0 0 0 0 0 0 0 0 0 0 0 ]
d13=6.986587077027 eijMax=4.097E-03 rmsd=8.808E+00 s=[ 0 0 0 0 1 0 0 1 1 1 1 1 1 0 0 1 1 1 1 1 1 1 0 1 1 1 1 1 1 1 1 1 1 1 1 1 ]
d13=6.986587077027 eijMax=4.097E-03 rmsd=8.808E+00 s=[ 0 0 0 1 0 1 1 0 0 0 0 0 0 1 1 0 0 0 0 0 0 0 1 0 0 0 0 0 0 0 0 0 0 0 0 0 ]
d13=6.987282112402 eijMax=2.930E-03 rmsd=8.807E+00 s=[ 0 0 0 0 1 0 0 1 1 1 1 1 1 0 0 1 1 1 1 1 1 1 0 1 1 1 1 1 1 1 1 1 1 1 1 1 ]
d13=6.987282112402 eijMax=2.930E-03 rmsd=8.807E+00 s=[ 0 0 0 1 0 1 1 0 0 0 0 0 0 1 1 0 0 0 0 0 0 0 1 0 0 0 0 0 0 0 0 0 0 0 0 0 ]
d13=6.987977147778 eijMax=1.771E-03 rmsd=8.805E+00 s=[ 0 0 0 0 1 0 0 1 1 1 1 1 1 0 0 1 1 1 1 1 1 1 0 1 1 1 1 1 1 1 1 1 1 1 1 1 ]
d13=6.987977147778 eijMax=1.771E-03 rmsd=8.805E+00 s=[ 0 0 0 1 0 1 1 0 0 0 0 0 0 1 1 0 0 0 0 0 0 0 1 0 0 0 0 0 0 0 0 0 0 0 0 0 ]
d13=6.988672183153 eijMax=6.184E-04 rmsd=8.804E+00 s=[ 0 0 0 0 1 0 0 1 1 1 1 1 1 0 0 1 1 1 1 1 1 1 0 1 1 1 1 1 1 1 1 1 1 1 1 1 ]
d13=6.988672183153 eijMax=6.184E-04 rmsd=8.804E+00 s=[ 0 0 0 1 0 1 1 0 0 0 0 0 0 1 1 0 0 0 0 0 0 0 1 0 0 0 0 0 0 0 0 0 0 0 0 0 ]
d13=6.989367218529 eijMax=5.269E-04 rmsd=8.803E+00 s=[ 0 0 0 0 1 0 0 1 1 1 1 1 1 0 0 1 1 1 1 1 1 1 0 1 1 1 1 1 1 1 1 1 1 1 1 1 ]
d13=6.989367218529 eijMax=5.269E-04 rmsd=8.803E+00 s=[ 0 0 0 1 0 1 1 0 0 0 0 0 0 1 1 0 0 0 0 0 0 0 1 0 0 0 0 0 0 0 0 0 0 0 0 0 ]
d13=6.990062253904 eijMax=1.665E-03 rmsd=8.802E+00 s=[ 0 0 0 0 1 0 0 1 1 1 1 1 1 0 0 1 1 1 1 1 1 1 0 1 1 1 1 1 1 1 1 1 1 1 1 1 ]
d13=6.990062253904 eijMax=1.665E-03 rmsd=8.802E+00 s=[ 0 0 0 1 0 1 1 0 0 0 0 0 0 1 1 0 0 0 0 0 0 0 1 0 0 0 0 0 0 0 0 0 0 0 0 0 ]
d13=6.990757289279 eijMax=2.797E-03 rmsd=8.801E+00 s=[ 0 0 0 0 1 0 0 1 1 1 1 1 1 0 0 1 1 1 1 1 1 1 0 1 1 1 1 1 1 1 1 1 1 1 1 1 ]
d13=6.990757289279 eijMax=2.797E-03 rmsd=8.801E+00 s=[ 0 0 0 1 0 1 1 0 0 0 0 0 0 1 1 0 0 0 0 0 0 0 1 0 0 0 0 0 0 0 0 0 0 0 0 0 ]
d13=6.991452324655 eijMax=3.922E-03 rmsd=8.800E+00 s=[ 0 0 0 0 1 0 0 1 1 1 1 1 1 0 0 1 1 1 1 1 1 1 0 1 1 1 1 1 1 1 1 1 1 1 1 1 ]
d13=6.991452324655 eijMax=3.922E-03 rmsd=8.800E+00 s=[ 0 0 0 1 0 1 1 0 0 0 0 0 0 1 1 0 0 0 0 0 0 0 1 0 0 0 0 0 0 0 0 0 0 0 0 0 ]
d13=6.992147360030 eijMax=5.041E-03 rmsd=8.799E+00 s=[ 0 0 0 0 1 0 0 1 1 1 1 1 1 0 0 1 1 1 1 1 1 1 0 1 1 1 1 1 1 1 1 1 1 1 1 1 ]
d13=6.992147360030 eijMax=5.041E-03 rmsd=8.799E+00 s=[ 0 0 0 1 0 1 1 0 0 0 0 0 0 1 1 0 0 0 0 0 0 0 1 0 0 0 0 0 0 0 0 0 0 0 0 0 ]
d13=6.992842395405 eijMax=6.153E-03 rmsd=8.798E+00 s=[ 0 0 0 0 1 0 0 1 1 1 1 1 1 0 0 1 1 1 1 1 1 1 0 1 1 1 1 1 1 1 1 1 1 1 1 1 ]
d13=6.992842395405 eijMax=6.153E-03 rmsd=8.798E+00 s=[ 0 0 0 1 0 1 1 0 0 0 0 0 0 1 1 0 0 0 0 0 0 0 1 0 0 0 0 0 0 0 0 0 0 0 0 0 ]
d13=6.993537430781 eijMax=7.258E-03 rmsd=8.797E+00 s=[ 0 0 0 0 1 0 0 1 1 1 1 1 1 0 0 1 1 1 1 1 1 1 0 1 1 1 1 1 1 1 1 1 1 1 1 1 ]
d13=6.993537430781 eijMax=7.258E-03 rmsd=8.797E+00 s=[ 0 0 0 1 0 1 1 0 0 0 0 0 0 1 1 0 0 0 0 0 0 0 1 0 0 0 0 0 0 0 0 0 0 0 0 0 ]
d13=6.994232466156 eijMax=8.358E-03 rmsd=8.796E+00 s=[ 0 0 0 0 1 0 0 1 1 1 1 1 1 0 0 1 1 1 1 1 1 1 0 1 1 1 1 1 1 1 1 1 1 1 1 1 ]
d13=6.994232466156 eijMax=8.358E-03 rmsd=8.796E+00 s=[ 0 0 0 1 0 1 1 0 0 0 0 0 0 1 1 0 0 0 0 0 0 0 1 0 0 0 0 0 0 0 0 0 0 0 0 0 ]
d13=6.994927501532 eijMax=9.451E-03 rmsd=8.795E+00 s=[ 0 0 0 0 1 0 0 1 1 1 1 1 1 0 0 1 1 1 1 1 1 1 0 1 1 1 1 1 1 1 1 1 1 1 1 1 ]
d13=6.994927501532 eijMax=9.451E-03 rmsd=8.795E+00 s=[ 0 0 0 1 0 1 1 0 0 0 0 0 0 1 1 0 0 0 0 0 0 0 1 0 0 0 0 0 0 0 0 0 0 0 0 0 ]
d13=7.004657996787 eijMax=9.757E-03 rmsd=1.254E+01 s=[ 0 0 0 0 1 0 0 1 1 1 1 1 0 0 0 1 1 1 1 1 0 1 0 1 1 1 1 1 1 1 1 1 1 1 1 1 ]
d13=7.004657996787 eijMax=9.757E-03 rmsd=1.254E+01 s=[ 0 0 0 1 0 1 1 0 0 0 0 0 1 1 1 0 0 0 0 0 1 0 1 0 0 0 0 0 0 0 0 0 0 0 0 0 ]
d13=7.005353032162 eijMax=8.885E-03 rmsd=1.254E+01 s=[ 0 0 0 0 1 0 0 1 1 1 1 1 0 0 0 1 1 1 1 1 0 1 0 1 1 1 1 1 1 1 1 1 1 1 1 1 ]
d13=7.005353032162 eijMax=8.885E-03 rmsd=1.254E+01 s=[ 0 0 0 1 0 1 1 0 0 0 0 0 1 1 1 0 0 0 0 0 1 0 1 0 0 0 0 0 0 0 0 0 0 0 0 0 ]
d13=7.006048067538 eijMax=8.018E-03 rmsd=1.254E+01 s=[ 0 0 0 0 1 0 0 1 1 1 1 1 0 0 0 1 1 1 1 1 0 1 0 1 1 1 1 1 1 1 1 1 1 1 1 1 ]
d13=7.006048067538 eijMax=8.018E-03 rmsd=1.254E+01 s=[ 0 0 0 1 0 1 1 0 0 0 0 0 1 1 1 0 0 0 0 0 1 0 1 0 0 0 0 0 0 0 0 0 0 0 0 0 ]
d13=7.006743102913 eijMax=7.155E-03 rmsd=1.254E+01 s=[ 0 0 0 0 1 0 0 1 1 1 1 1 0 0 0 1 1 1 1 1 0 1 0 1 1 1 1 1 1 1 1 1 1 1 1 1 ]
d13=7.006743102913 eijMax=7.155E-03 rmsd=1.254E+01 s=[ 0 0 0 1 0 1 1 0 0 0 0 0 1 1 1 0 0 0 0 0 1 0 1 0 0 0 0 0 0 0 0 0 0 0 0 0 ]
d13=7.007438138288 eijMax=6.298E-03 rmsd=1.254E+01 s=[ 0 0 0 0 1 0 0 1 1 1 1 1 0 0 0 1 1 1 1 1 0 1 0 1 1 1 1 1 1 1 1 1 1 1 1 1 ]
d13=7.007438138288 eijMax=6.298E-03 rmsd=1.254E+01 s=[ 0 0 0 1 0 1 1 0 0 0 0 0 1 1 1 0 0 0 0 0 1 0 1 0 0 0 0 0 0 0 0 0 0 0 0 0 ]
d13=7.008133173664 eijMax=5.445E-03 rmsd=1.254E+01 s=[ 0 0 0 0 1 0 0 1 1 1 1 1 0 0 0 1 1 1 1 1 0 1 0 1 1 1 1 1 1 1 1 1 1 1 1 1 ]
d13=7.008133173664 eijMax=5.445E-03 rmsd=1.254E+01 s=[ 0 0 0 1 0 1 1 0 0 0 0 0 1 1 1 0 0 0 0 0 1 0 1 0 0 0 0 0 0 0 0 0 0 0 0 0 ]
d13=7.008828209039 eijMax=4.596E-03 rmsd=1.253E+01 s=[ 0 0 0 0 1 0 0 1 1 1 1 1 0 0 0 1 1 1 1 1 0 1 0 1 1 1 1 1 1 1 1 1 1 1 1 1 ]
d13=7.008828209039 eijMax=4.596E-03 rmsd=1.253E+01 s=[ 0 0 0 1 0 1 1 0 0 0 0 0 1 1 1 0 0 0 0 0 1 0 1 0 0 0 0 0 0 0 0 0 0 0 0 0 ]
d13=7.009523244414 eijMax=3.752E-03 rmsd=1.253E+01 s=[ 0 0 0 0 1 0 0 1 1 1 1 1 0 0 0 1 1 1 1 1 0 1 0 1 1 1 1 1 1 1 1 1 1 1 1 1 ]
d13=7.009523244414 eijMax=3.752E-03 rmsd=1.253E+01 s=[ 0 0 0 1 0 1 1 0 0 0 0 0 1 1 1 0 0 0 0 0 1 0 1 0 0 0 0 0 0 0 0 0 0 0 0 0 ]
d13=7.010218279790 eijMax=2.912E-03 rmsd=1.253E+01 s=[ 0 0 0 0 1 0 0 1 1 1 1 1 0 0 0 1 1 1 1 1 0 1 0 1 1 1 1 1 1 1 1 1 1 1 1 1 ]
d13=7.010218279790 eijMax=2.912E-03 rmsd=1.253E+01 s=[ 0 0 0 1 0 1 1 0 0 0 0 0 1 1 1 0 0 0 0 0 1 0 1 0 0 0 0 0 0 0 0 0 0 0 0 0 ]
d13=7.010913315165 eijMax=2.076E-03 rmsd=1.253E+01 s=[ 0 0 0 0 1 0 0 1 1 1 1 1 0 0 0 1 1 1 1 1 0 1 0 1 1 1 1 1 1 1 1 1 1 1 1 1 ]
d13=7.010913315165 eijMax=2.076E-03 rmsd=1.253E+01 s=[ 0 0 0 1 0 1 1 0 0 0 0 0 1 1 1 0 0 0 0 0 1 0 1 0 0 0 0 0 0 0 0 0 0 0 0 0 ]
d13=7.011608350541 eijMax=1.245E-03 rmsd=1.253E+01 s=[ 0 0 0 0 1 0 0 1 1 1 1 1 0 0 0 1 1 1 1 1 0 1 0 1 1 1 1 1 1 1 1 1 1 1 1 1 ]
d13=7.011608350541 eijMax=1.245E-03 rmsd=1.253E+01 s=[ 0 0 0 1 0 1 1 0 0 0 0 0 1 1 1 0 0 0 0 0 1 0 1 0 0 0 0 0 0 0 0 0 0 0 0 0 ]
d13=7.012303385916 eijMax=4.172E-04 rmsd=1.252E+01 s=[ 0 0 0 0 1 0 0 1 1 1 1 1 0 0 0 1 1 1 1 1 0 1 0 1 1 1 1 1 1 1 1 1 1 1 1 1 ]
d13=7.012303385916 eijMax=4.172E-04 rmsd=1.252E+01 s=[ 0 0 0 1 0 1 1 0 0 0 0 0 1 1 1 0 0 0 0 0 1 0 1 0 0 0 0 0 0 0 0 0 0 0 0 0 ]
d13=7.012998421291 eijMax=4.059E-04 rmsd=1.252E+01 s=[ 0 0 0 0 1 0 0 1 1 1 1 1 0 0 0 1 1 1 1 1 0 1 0 1 1 1 1 1 1 1 1 1 1 1 1 1 ]
d13=7.012998421291 eijMax=4.059E-04 rmsd=1.252E+01 s=[ 0 0 0 1 0 1 1 0 0 0 0 0 1 1 1 0 0 0 0 0 1 0 1 0 0 0 0 0 0 0 0 0 0 0 0 0 ]
d13=7.013693456667 eijMax=1.225E-03 rmsd=1.252E+01 s=[ 0 0 0 0 1 0 0 1 1 1 1 1 0 0 0 1 1 1 1 1 0 1 0 1 1 1 1 1 1 1 1 1 1 1 1 1 ]
d13=7.013693456667 eijMax=1.225E-03 rmsd=1.252E+01 s=[ 0 0 0 1 0 1 1 0 0 0 0 0 1 1 1 0 0 0 0 0 1 0 1 0 0 0 0 0 0 0 0 0 0 0 0 0 ]
d13=7.014388492042 eijMax=2.040E-03 rmsd=1.252E+01 s=[ 0 0 0 0 1 0 0 1 1 1 1 1 0 0 0 1 1 1 1 1 0 1 0 1 1 1 1 1 1 1 1 1 1 1 1 1 ]
d13=7.014388492042 eijMax=2.040E-03 rmsd=1.252E+01 s=[ 0 0 0 1 0 1 1 0 0 0 0 0 1 1 1 0 0 0 0 0 1 0 1 0 0 0 0 0 0 0 0 0 0 0 0 0 ]
d13=7.015083527417 eijMax=2.851E-03 rmsd=1.252E+01 s=[ 0 0 0 0 1 0 0 1 1 1 1 1 0 0 0 1 1 1 1 1 0 1 0 1 1 1 1 1 1 1 1 1 1 1 1 1 ]
d13=7.015083527417 eijMax=2.851E-03 rmsd=1.252E+01 s=[ 0 0 0 1 0 1 1 0 0 0 0 0 1 1 1 0 0 0 0 0 1 0 1 0 0 0 0 0 0 0 0 0 0 0 0 0 ]
d13=7.015778562793 eijMax=3.659E-03 rmsd=1.252E+01 s=[ 0 0 0 0 1 0 0 1 1 1 1 1 0 0 0 1 1 1 1 1 0 1 0 1 1 1 1 1 1 1 1 1 1 1 1 1 ]
d13=7.015778562793 eijMax=3.659E-03 rmsd=1.252E+01 s=[ 0 0 0 1 0 1 1 0 0 0 0 0 1 1 1 0 0 0 0 0 1 0 1 0 0 0 0 0 0 0 0 0 0 0 0 0 ]
d13=7.016473598168 eijMax=4.462E-03 rmsd=1.251E+01 s=[ 0 0 0 0 1 0 0 1 1 1 1 1 0 0 0 1 1 1 1 1 0 1 0 1 1 1 1 1 1 1 1 1 1 1 1 1 ]
d13=7.016473598168 eijMax=4.462E-03 rmsd=1.251E+01 s=[ 0 0 0 1 0 1 1 0 0 0 0 0 1 1 1 0 0 0 0 0 1 0 1 0 0 0 0 0 0 0 0 0 0 0 0 0 ]
d13=7.017168633544 eijMax=5.262E-03 rmsd=1.251E+01 s=[ 0 0 0 0 1 0 0 1 1 1 1 1 0 0 0 1 1 1 1 1 0 1 0 1 1 1 1 1 1 1 1 1 1 1 1 1 ]
d13=7.017168633544 eijMax=5.262E-03 rmsd=1.251E+01 s=[ 0 0 0 1 0 1 1 0 0 0 0 0 1 1 1 0 0 0 0 0 1 0 1 0 0 0 0 0 0 0 0 0 0 0 0 0 ]
d13=7.017863668919 eijMax=6.058E-03 rmsd=1.251E+01 s=[ 0 0 0 0 1 0 0 1 1 1 1 1 0 0 0 1 1 1 1 1 0 1 0 1 1 1 1 1 1 1 1 1 1 1 1 1 ]
d13=7.017863668919 eijMax=6.058E-03 rmsd=1.251E+01 s=[ 0 0 0 1 0 1 1 0 0 0 0 0 1 1 1 0 0 0 0 0 1 0 1 0 0 0 0 0 0 0 0 0 0 0 0 0 ]
d13=7.018558704294 eijMax=6.850E-03 rmsd=1.251E+01 s=[ 0 0 0 0 1 0 0 1 1 1 1 1 0 0 0 1 1 1 1 1 0 1 0 1 1 1 1 1 1 1 1 1 1 1 1 1 ]
d13=7.018558704294 eijMax=6.850E-03 rmsd=1.251E+01 s=[ 0 0 0 1 0 1 1 0 0 0 0 0 1 1 1 0 0 0 0 0 1 0 1 0 0 0 0 0 0 0 0 0 0 0 0 0 ]
d13=7.019253739670 eijMax=7.639E-03 rmsd=1.251E+01 s=[ 0 0 0 0 1 0 0 1 1 1 1 1 0 0 0 1 1 1 1 1 0 1 0 1 1 1 1 1 1 1 1 1 1 1 1 1 ]
d13=7.019253739670 eijMax=7.639E-03 rmsd=1.251E+01 s=[ 0 0 0 1 0 1 1 0 0 0 0 0 1 1 1 0 0 0 0 0 1 0 1 0 0 0 0 0 0 0 0 0 0 0 0 0 ]
d13=7.019948775045 eijMax=8.424E-03 rmsd=1.251E+01 s=[ 0 0 0 0 1 0 0 1 1 1 1 1 0 0 0 1 1 1 1 1 0 1 0 1 1 1 1 1 1 1 1 1 1 1 1 1 ]
d13=7.019948775045 eijMax=8.424E-03 rmsd=1.251E+01 s=[ 0 0 0 1 0 1 1 0 0 0 0 0 1 1 1 0 0 0 0 0 1 0 1 0 0 0 0 0 0 0 0 0 0 0 0 0 ]
d13=7.020643810420 eijMax=9.205E-03 rmsd=1.250E+01 s=[ 0 0 0 0 1 0 0 1 1 1 1 1 0 0 0 1 1 1 1 1 0 1 0 1 1 1 1 1 1 1 1 1 1 1 1 1 ]
d13=7.020643810420 eijMax=9.205E-03 rmsd=1.250E+01 s=[ 0 0 0 1 0 1 1 0 0 0 0 0 1 1 1 0 0 0 0 0 1 0 1 0 0 0 0 0 0 0 0 0 0 0 0 0 ]
d13=7.021338845796 eijMax=9.983E-03 rmsd=1.250E+01 s=[ 0 0 0 0 1 0 0 1 1 1 1 1 0 0 0 1 1 1 1 1 0 1 0 1 1 1 1 1 1 1 1 1 1 1 1 1 ]
d13=7.021338845796 eijMax=9.983E-03 rmsd=1.250E+01 s=[ 0 0 0 1 0 1 1 0 0 0 0 0 1 1 1 0 0 0 0 0 1 0 1 0 0 0 0 0 0 0 0 0 0 0 0 0 ]
d13=7.022728916547 eijMax=9.812E-03 rmsd=8.611E+00 s=[ 0 0 0 0 0 0 0 1 1 1 1 1 1 1 1 0 0 0 0 0 1 1 0 1 1 1 1 1 1 1 1 1 1 1 1 1 ]
d13=7.022728916547 eijMax=9.812E-03 rmsd=8.611E+00 s=[ 0 0 0 1 1 1 1 0 0 0 0 0 0 0 0 1 1 1 1 1 0 0 1 0 0 0 0 0 0 0 0 0 0 0 0 0 ]
d13=7.023423951922 eijMax=7.244E-03 rmsd=8.620E+00 s=[ 0 0 0 0 0 0 0 1 1 1 1 1 1 1 1 0 0 0 0 0 1 1 0 1 1 1 1 1 1 1 1 1 1 1 1 1 ]
d13=7.023423951922 eijMax=7.244E-03 rmsd=8.620E+00 s=[ 0 0 0 1 1 1 1 0 0 0 0 0 0 0 0 1 1 1 1 1 0 0 1 0 0 0 0 0 0 0 0 0 0 0 0 0 ]
d13=7.024118987297 eijMax=4.650E-03 rmsd=8.628E+00 s=[ 0 0 0 0 0 0 0 1 1 1 1 1 1 1 1 0 0 0 0 0 1 1 0 1 1 1 1 1 1 1 1 1 1 1 1 1 ]
d13=7.024118987297 eijMax=4.650E-03 rmsd=8.628E+00 s=[ 0 0 0 1 1 1 1 0 0 0 0 0 0 0 0 1 1 1 1 1 0 0 1 0 0 0 0 0 0 0 0 0 0 0 0 0 ]
d13=7.024814022673 eijMax=2.030E-03 rmsd=8.637E+00 s=[ 0 0 0 0 0 0 0 1 1 1 1 1 1 1 1 0 0 0 0 0 1 1 0 1 1 1 1 1 1 1 1 1 1 1 1 1 ]
d13=7.024814022673 eijMax=2.030E-03 rmsd=8.637E+00 s=[ 0 0 0 1 1 1 1 0 0 0 0 0 0 0 0 1 1 1 1 1 0 0 1 0 0 0 0 0 0 0 0 0 0 0 0 0 ]
d13=7.025509058048 eijMax=6.193E-04 rmsd=8.645E+00 s=[ 0 0 0 0 0 0 0 1 1 1 1 1 1 1 1 0 0 0 0 0 1 1 0 1 1 1 1 1 1 1 1 1 1 1 1 1 ]
d13=7.025509058048 eijMax=6.193E-04 rmsd=8.645E+00 s=[ 0 0 0 1 1 1 1 0 0 0 0 0 0 0 0 1 1 1 1 1 0 0 1 0 0 0 0 0 0 0 0 0 0 0 0 0 ]
d13=7.026204093423 eijMax=3.299E-03 rmsd=8.654E+00 s=[ 0 0 0 0 0 0 0 1 1 1 1 1 1 1 1 0 0 0 0 0 1 1 0 1 1 1 1 1 1 1 1 1 1 1 1 1 ]
d13=7.026204093423 eijMax=3.299E-03 rmsd=8.654E+00 s=[ 0 0 0 1 1 1 1 0 0 0 0 0 0 0 0 1 1 1 1 1 0 0 1 0 0 0 0 0 0 0 0 0 0 0 0 0 ]
d13=7.026899128799 eijMax=6.010E-03 rmsd=8.663E+00 s=[ 0 0 0 0 0 0 0 1 1 1 1 1 1 1 1 0 0 0 0 0 1 1 0 1 1 1 1 1 1 1 1 1 1 1 1 1 ]
d13=7.026899128799 eijMax=6.010E-03 rmsd=8.663E+00 s=[ 0 0 0 1 1 1 1 0 0 0 0 0 0 0 0 1 1 1 1 1 0 0 1 0 0 0 0 0 0 0 0 0 0 0 0 0 ]
d13=7.027594164174 eijMax=8.756E-03 rmsd=8.671E+00 s=[ 0 0 0 0 0 0 0 1 1 1 1 1 1 1 1 0 0 0 0 0 1 1 0 1 1 1 1 1 1 1 1 1 1 1 1 1 ]
d13=7.027594164174 eijMax=8.756E-03 rmsd=8.671E+00 s=[ 0 0 0 1 1 1 1 0 0 0 0 0 0 0 0 1 1 1 1 1 0 0 1 0 0 0 0 0 0 0 0 0 0 0 0 0 ]
d13=7.048445225435 eijMax=9.124E-03 rmsd=1.384E+01 s=[ 0 0 0 0 0 1 1 0 0 0 0 0 1 0 0 1 1 1 1 1 1 0 1 0 0 0 0 0 0 0 0 0 0 0 0 0 ]
d13=7.048445225435 eijMax=9.124E-03 rmsd=1.384E+01 s=[ 0 0 0 1 1 0 0 1 1 1 1 1 0 1 1 0 0 0 0 0 0 1 0 1 1 1 1 1 1 1 1 1 1 1 1 1 ]
d13=7.049140260811 eijMax=8.199E-03 rmsd=1.385E+01 s=[ 0 0 0 0 0 1 1 0 0 0 0 0 1 0 0 1 1 1 1 1 1 0 1 0 0 0 0 0 0 0 0 0 0 0 0 0 ]
d13=7.049140260811 eijMax=8.199E-03 rmsd=1.385E+01 s=[ 0 0 0 1 1 0 0 1 1 1 1 1 0 1 1 0 0 0 0 0 0 1 0 1 1 1 1 1 1 1 1 1 1 1 1 1 ]
d13=7.049835296186 eijMax=7.275E-03 rmsd=1.385E+01 s=[ 0 0 0 0 0 1 1 0 0 0 0 0 1 0 0 1 1 1 1 1 1 0 1 0 0 0 0 0 0 0 0 0 0 0 0 0 ]
d13=7.049835296186 eijMax=7.275E-03 rmsd=1.385E+01 s=[ 0 0 0 1 1 0 0 1 1 1 1 1 0 1 1 0 0 0 0 0 0 1 0 1 1 1 1 1 1 1 1 1 1 1 1 1 ]
d13=7.050530331562 eijMax=6.352E-03 rmsd=1.385E+01 s=[ 0 0 0 0 0 1 1 0 0 0 0 0 1 0 0 1 1 1 1 1 1 0 1 0 0 0 0 0 0 0 0 0 0 0 0 0 ]
d13=7.050530331562 eijMax=6.352E-03 rmsd=1.385E+01 s=[ 0 0 0 1 1 0 0 1 1 1 1 1 0 1 1 0 0 0 0 0 0 1 0 1 1 1 1 1 1 1 1 1 1 1 1 1 ]
d13=7.051225366937 eijMax=5.428E-03 rmsd=1.386E+01 s=[ 0 0 0 0 0 1 1 0 0 0 0 0 1 0 0 1 1 1 1 1 1 0 1 0 0 0 0 0 0 0 0 0 0 0 0 0 ]
d13=7.051225366937 eijMax=5.428E-03 rmsd=1.386E+01 s=[ 0 0 0 1 1 0 0 1 1 1 1 1 0 1 1 0 0 0 0 0 0 1 0 1 1 1 1 1 1 1 1 1 1 1 1 1 ]
d13=7.051920402312 eijMax=4.505E-03 rmsd=1.386E+01 s=[ 0 0 0 0 0 1 1 0 0 0 0 0 1 0 0 1 1 1 1 1 1 0 1 0 0 0 0 0 0 0 0 0 0 0 0 0 ]
d13=7.051920402312 eijMax=4.505E-03 rmsd=1.386E+01 s=[ 0 0 0 1 1 0 0 1 1 1 1 1 0 1 1 0 0 0 0 0 0 1 0 1 1 1 1 1 1 1 1 1 1 1 1 1 ]
d13=7.052615437688 eijMax=3.582E-03 rmsd=1.387E+01 s=[ 0 0 0 0 0 1 1 0 0 0 0 0 1 0 0 1 1 1 1 1 1 0 1 0 0 0 0 0 0 0 0 0 0 0 0 0 ]
d13=7.052615437688 eijMax=3.582E-03 rmsd=1.387E+01 s=[ 0 0 0 1 1 0 0 1 1 1 1 1 0 1 1 0 0 0 0 0 0 1 0 1 1 1 1 1 1 1 1 1 1 1 1 1 ]
d13=7.053310473063 eijMax=6.150E-04 rmsd=1.638E+01 s=[ 0 0 0 0 0 0 0 1 1 1 1 1 1 0 0 1 1 1 1 1 1 0 1 0 0 0 0 0 0 0 0 0 0 0 0 0 ]
d13=7.053310473063 eijMax=2.660E-03 rmsd=1.387E+01 s=[ 0 0 0 0 0 1 1 0 0 0 0 0 1 0 0 1 1 1 1 1 1 0 1 0 0 0 0 0 0 0 0 0 0 0 0 0 ]
d13=7.053310473063 eijMax=2.660E-03 rmsd=1.387E+01 s=[ 0 0 0 1 1 0 0 1 1 1 1 1 0 1 1 0 0 0 0 0 0 1 0 1 1 1 1 1 1 1 1 1 1 1 1 1 ]
d13=7.053310473063 eijMax=6.150E-04 rmsd=1.638E+01 s=[ 0 0 0 1 1 1 1 0 0 0 0 0 0 1 1 0 0 0 0 0 0 1 0 1 1 1 1 1 1 1 1 1 1 1 1 1 ]
d13=7.054005508438 eijMax=1.738E-03 rmsd=1.387E+01 s=[ 0 0 0 0 0 1 1 0 0 0 0 0 1 0 0 1 1 1 1 1 1 0 1 0 0 0 0 0 0 0 0 0 0 0 0 0 ]
d13=7.054005508438 eijMax=1.738E-03 rmsd=1.387E+01 s=[ 0 0 0 1 1 0 0 1 1 1 1 1 0 1 1 0 0 0 0 0 0 1 0 1 1 1 1 1 1 1 1 1 1 1 1 1 ]
d13=7.054700543814 eijMax=8.157E-04 rmsd=1.388E+01 s=[ 0 0 0 0 0 1 1 0 0 0 0 0 1 0 0 1 1 1 1 1 1 0 1 0 0 0 0 0 0 0 0 0 0 0 0 0 ]
d13=7.054700543814 eijMax=8.157E-04 rmsd=1.388E+01 s=[ 0 0 0 1 1 0 0 1 1 1 1 1 0 1 1 0 0 0 0 0 0 1 0 1 1 1 1 1 1 1 1 1 1 1 1 1 ]
d13=7.055395579189 eijMax=1.061E-04 rmsd=1.388E+01 s=[ 0 0 0 0 0 1 1 0 0 0 0 0 1 0 0 1 1 1 1 1 1 0 1 0 0 0 0 0 0 0 0 0 0 0 0 0 ]
d13=7.055395579189 eijMax=1.061E-04 rmsd=1.388E+01 s=[ 0 0 0 1 1 0 0 1 1 1 1 1 0 1 1 0 0 0 0 0 0 1 0 1 1 1 1 1 1 1 1 1 1 1 1 1 ]
d13=7.056090614565 eijMax=1.028E-03 rmsd=1.388E+01 s=[ 0 0 0 0 0 1 1 0 0 0 0 0 1 0 0 1 1 1 1 1 1 0 1 0 0 0 0 0 0 0 0 0 0 0 0 0 ]
d13=7.056090614565 eijMax=1.028E-03 rmsd=1.388E+01 s=[ 0 0 0 1 1 0 0 1 1 1 1 1 0 1 1 0 0 0 0 0 0 1 0 1 1 1 1 1 1 1 1 1 1 1 1 1 ]
d13=7.056785649940 eijMax=1.949E-03 rmsd=1.389E+01 s=[ 0 0 0 0 0 1 1 0 0 0 0 0 1 0 0 1 1 1 1 1 1 0 1 0 0 0 0 0 0 0 0 0 0 0 0 0 ]
d13=7.056785649940 eijMax=1.949E-03 rmsd=1.389E+01 s=[ 0 0 0 1 1 0 0 1 1 1 1 1 0 1 1 0 0 0 0 0 0 1 0 1 1 1 1 1 1 1 1 1 1 1 1 1 ]
d13=7.057480685315 eijMax=2.870E-03 rmsd=1.389E+01 s=[ 0 0 0 0 0 1 1 0 0 0 0 0 1 0 0 1 1 1 1 1 1 0 1 0 0 0 0 0 0 0 0 0 0 0 0 0 ]
d13=7.057480685315 eijMax=2.870E-03 rmsd=1.389E+01 s=[ 0 0 0 1 1 0 0 1 1 1 1 1 0 1 1 0 0 0 0 0 0 1 0 1 1 1 1 1 1 1 1 1 1 1 1 1 ]
d13=7.058175720691 eijMax=3.791E-03 rmsd=1.390E+01 s=[ 0 0 0 0 0 1 1 0 0 0 0 0 1 0 0 1 1 1 1 1 1 0 1 0 0 0 0 0 0 0 0 0 0 0 0 0 ]
d13=7.058175720691 eijMax=3.791E-03 rmsd=1.390E+01 s=[ 0 0 0 1 1 0 0 1 1 1 1 1 0 1 1 0 0 0 0 0 0 1 0 1 1 1 1 1 1 1 1 1 1 1 1 1 ]
d13=7.058870756066 eijMax=4.711E-03 rmsd=1.390E+01 s=[ 0 0 0 0 0 1 1 0 0 0 0 0 1 0 0 1 1 1 1 1 1 0 1 0 0 0 0 0 0 0 0 0 0 0 0 0 ]
d13=7.058870756066 eijMax=4.711E-03 rmsd=1.390E+01 s=[ 0 0 0 1 1 0 0 1 1 1 1 1 0 1 1 0 0 0 0 0 0 1 0 1 1 1 1 1 1 1 1 1 1 1 1 1 ]
d13=7.059565791441 eijMax=5.632E-03 rmsd=1.390E+01 s=[ 0 0 0 0 0 1 1 0 0 0 0 0 1 0 0 1 1 1 1 1 1 0 1 0 0 0 0 0 0 0 0 0 0 0 0 0 ]
d13=7.059565791441 eijMax=5.632E-03 rmsd=1.390E+01 s=[ 0 0 0 1 1 0 0 1 1 1 1 1 0 1 1 0 0 0 0 0 0 1 0 1 1 1 1 1 1 1 1 1 1 1 1 1 ]
d13=7.060260826817 eijMax=6.552E-03 rmsd=1.391E+01 s=[ 0 0 0 0 0 1 1 0 0 0 0 0 1 0 0 1 1 1 1 1 1 0 1 0 0 0 0 0 0 0 0 0 0 0 0 0 ]
d13=7.060260826817 eijMax=6.552E-03 rmsd=1.391E+01 s=[ 0 0 0 1 1 0 0 1 1 1 1 1 0 1 1 0 0 0 0 0 0 1 0 1 1 1 1 1 1 1 1 1 1 1 1 1 ]
d13=7.060955862192 eijMax=7.472E-03 rmsd=1.391E+01 s=[ 0 0 0 0 0 1 1 0 0 0 0 0 1 0 0 1 1 1 1 1 1 0 1 0 0 0 0 0 0 0 0 0 0 0 0 0 ]
d13=7.060955862192 eijMax=7.472E-03 rmsd=1.391E+01 s=[ 0 0 0 1 1 0 0 1 1 1 1 1 0 1 1 0 0 0 0 0 0 1 0 1 1 1 1 1 1 1 1 1 1 1 1 1 ]
d13=7.061650897568 eijMax=8.392E-03 rmsd=1.391E+01 s=[ 0 0 0 0 0 1 1 0 0 0 0 0 1 0 0 1 1 1 1 1 1 0 1 0 0 0 0 0 0 0 0 0 0 0 0 0 ]
d13=7.061650897568 eijMax=8.392E-03 rmsd=1.391E+01 s=[ 0 0 0 1 1 0 0 1 1 1 1 1 0 1 1 0 0 0 0 0 0 1 0 1 1 1 1 1 1 1 1 1 1 1 1 1 ]
d13=7.062345932943 eijMax=9.311E-03 rmsd=1.392E+01 s=[ 0 0 0 0 0 1 1 0 0 0 0 0 1 0 0 1 1 1 1 1 1 0 1 0 0 0 0 0 0 0 0 0 0 0 0 0 ]
d13=7.062345932943 eijMax=9.311E-03 rmsd=1.392E+01 s=[ 0 0 0 1 1 0 0 1 1 1 1 1 0 1 1 0 0 0 0 0 0 1 0 1 1 1 1 1 1 1 1 1 1 1 1 1 ]
d13=7.083892029580 eijMax=9.095E-03 rmsd=1.423E+01 s=[ 0 0 0 0 1 1 1 0 0 0 0 0 0 1 1 0 0 0 0 0 1 0 1 0 0 0 0 0 0 0 0 0 0 0 0 0 ]
d13=7.083892029580 eijMax=9.095E-03 rmsd=1.423E+01 s=[ 0 0 0 1 0 0 0 1 1 1 1 1 1 0 0 1 1 1 1 1 0 1 0 1 1 1 1 1 1 1 1 1 1 1 1 1 ]
d13=7.084587064955 eijMax=7.978E-03 rmsd=1.423E+01 s=[ 0 0 0 0 1 1 1 0 0 0 0 0 0 1 1 0 0 0 0 0 1 0 1 0 0 0 0 0 0 0 0 0 0 0 0 0 ]
d13=7.084587064955 eijMax=7.978E-03 rmsd=1.423E+01 s=[ 0 0 0 1 0 0 0 1 1 1 1 1 1 0 0 1 1 1 1 1 0 1 0 1 1 1 1 1 1 1 1 1 1 1 1 1 ]
d13=7.085282100330 eijMax=6.862E-03 rmsd=1.423E+01 s=[ 0 0 0 0 1 1 1 0 0 0 0 0 0 1 1 0 0 0 0 0 1 0 1 0 0 0 0 0 0 0 0 0 0 0 0 0 ]
d13=7.085282100330 eijMax=6.862E-03 rmsd=1.423E+01 s=[ 0 0 0 1 0 0 0 1 1 1 1 1 1 0 0 1 1 1 1 1 0 1 0 1 1 1 1 1 1 1 1 1 1 1 1 1 ]
d13=7.085977135706 eijMax=5.744E-03 rmsd=1.423E+01 s=[ 0 0 0 0 1 1 1 0 0 0 0 0 0 1 1 0 0 0 0 0 1 0 1 0 0 0 0 0 0 0 0 0 0 0 0 0 ]
d13=7.085977135706 eijMax=5.744E-03 rmsd=1.423E+01 s=[ 0 0 0 1 0 0 0 1 1 1 1 1 1 0 0 1 1 1 1 1 0 1 0 1 1 1 1 1 1 1 1 1 1 1 1 1 ]
d13=7.086672171081 eijMax=4.627E-03 rmsd=1.422E+01 s=[ 0 0 0 0 1 1 1 0 0 0 0 0 0 1 1 0 0 0 0 0 1 0 1 0 0 0 0 0 0 0 0 0 0 0 0 0 ]
d13=7.086672171081 eijMax=4.627E-03 rmsd=1.422E+01 s=[ 0 0 0 1 0 0 0 1 1 1 1 1 1 0 0 1 1 1 1 1 0 1 0 1 1 1 1 1 1 1 1 1 1 1 1 1 ]
d13=7.087367206456 eijMax=3.510E-03 rmsd=1.422E+01 s=[ 0 0 0 0 1 1 1 0 0 0 0 0 0 1 1 0 0 0 0 0 1 0 1 0 0 0 0 0 0 0 0 0 0 0 0 0 ]
d13=7.087367206456 eijMax=3.510E-03 rmsd=1.422E+01 s=[ 0 0 0 1 0 0 0 1 1 1 1 1 1 0 0 1 1 1 1 1 0 1 0 1 1 1 1 1 1 1 1 1 1 1 1 1 ]
d13=7.088062241832 eijMax=2.392E-03 rmsd=1.422E+01 s=[ 0 0 0 0 1 1 1 0 0 0 0 0 0 1 1 0 0 0 0 0 1 0 1 0 0 0 0 0 0 0 0 0 0 0 0 0 ]
d13=7.088062241832 eijMax=2.392E-03 rmsd=1.422E+01 s=[ 0 0 0 1 0 0 0 1 1 1 1 1 1 0 0 1 1 1 1 1 0 1 0 1 1 1 1 1 1 1 1 1 1 1 1 1 ]
d13=7.088757277207 eijMax=1.275E-03 rmsd=1.422E+01 s=[ 0 0 0 0 1 1 1 0 0 0 0 0 0 1 1 0 0 0 0 0 1 0 1 0 0 0 0 0 0 0 0 0 0 0 0 0 ]
d13=7.088757277207 eijMax=1.275E-03 rmsd=1.422E+01 s=[ 0 0 0 1 0 0 0 1 1 1 1 1 1 0 0 1 1 1 1 1 0 1 0 1 1 1 1 1 1 1 1 1 1 1 1 1 ]
d13=7.089452312583 eijMax=1.566E-04 rmsd=1.422E+01 s=[ 0 0 0 0 1 1 1 0 0 0 0 0 0 1 1 0 0 0 0 0 1 0 1 0 0 0 0 0 0 0 0 0 0 0 0 0 ]
d13=7.089452312583 eijMax=1.566E-04 rmsd=1.422E+01 s=[ 0 0 0 1 0 0 0 1 1 1 1 1 1 0 0 1 1 1 1 1 0 1 0 1 1 1 1 1 1 1 1 1 1 1 1 1 ]
d13=7.090147347958 eijMax=9.616E-04 rmsd=1.422E+01 s=[ 0 0 0 0 1 1 1 0 0 0 0 0 0 1 1 0 0 0 0 0 1 0 1 0 0 0 0 0 0 0 0 0 0 0 0 0 ]
d13=7.090147347958 eijMax=9.616E-04 rmsd=1.422E+01 s=[ 0 0 0 1 0 0 0 1 1 1 1 1 1 0 0 1 1 1 1 1 0 1 0 1 1 1 1 1 1 1 1 1 1 1 1 1 ]
d13=7.090842383333 eijMax=2.080E-03 rmsd=1.422E+01 s=[ 0 0 0 0 1 1 1 0 0 0 0 0 0 1 1 0 0 0 0 0 1 0 1 0 0 0 0 0 0 0 0 0 0 0 0 0 ]
d13=7.090842383333 eijMax=2.080E-03 rmsd=1.422E+01 s=[ 0 0 0 1 0 0 0 1 1 1 1 1 1 0 0 1 1 1 1 1 0 1 0 1 1 1 1 1 1 1 1 1 1 1 1 1 ]
d13=7.091537418709 eijMax=8.962E-03 rmsd=1.613E+01 s=[ 0 0 0 0 0 0 0 1 1 1 1 1 0 1 1 0 0 0 0 0 1 0 1 0 0 0 0 0 0 0 0 0 0 0 0 0 ]
d13=7.091537418709 eijMax=6.245E-03 rmsd=1.384E+01 s=[ 0 0 0 0 0 0 0 1 1 1 1 1 1 0 0 1 1 1 1 1 0 1 0 1 1 1 1 1 1 1 1 1 1 1 1 1 ]
d13=7.091537418709 eijMax=3.198E-03 rmsd=1.422E+01 s=[ 0 0 0 0 1 1 1 0 0 0 0 0 0 1 1 0 0 0 0 0 1 0 1 0 0 0 0 0 0 0 0 0 0 0 0 0 ]
d13=7.091537418709 eijMax=3.198E-03 rmsd=1.422E+01 s=[ 0 0 0 1 0 0 0 1 1 1 1 1 1 0 0 1 1 1 1 1 0 1 0 1 1 1 1 1 1 1 1 1 1 1 1 1 ]
d13=7.091537418709 eijMax=6.245E-03 rmsd=1.384E+01 s=[ 0 0 0 1 1 1 1 0 0 0 0 0 0 1 1 0 0 0 0 0 1 0 1 0 0 0 0 0 0 0 0 0 0 0 0 0 ]
d13=7.091537418709 eijMax=8.962E-03 rmsd=1.613E+01 s=[ 0 0 0 1 1 1 1 0 0 0 0 0 1 0 0 1 1 1 1 1 0 1 0 1 1 1 1 1 1 1 1 1 1 1 1 1 ]
d13=7.092232454084 eijMax=1.228E-03 rmsd=1.616E+01 s=[ 0 0 0 0 0 0 0 1 1 1 1 1 0 1 1 0 0 0 0 0 1 0 1 0 0 0 0 0 0 0 0 0 0 0 0 0 ]
d13=7.092232454084 eijMax=4.317E-03 rmsd=1.421E+01 s=[ 0 0 0 0 1 1 1 0 0 0 0 0 0 1 1 0 0 0 0 0 1 0 1 0 0 0 0 0 0 0 0 0 0 0 0 0 ]
d13=7.092232454084 eijMax=4.317E-03 rmsd=1.421E+01 s=[ 0 0 0 1 0 0 0 1 1 1 1 1 1 0 0 1 1 1 1 1 0 1 0 1 1 1 1 1 1 1 1 1 1 1 1 1 ]
d13=7.092232454084 eijMax=1.228E-03 rmsd=1.616E+01 s=[ 0 0 0 1 1 1 1 0 0 0 0 0 1 0 0 1 1 1 1 1 0 1 0 1 1 1 1 1 1 1 1 1 1 1 1 1 ]
d13=7.092927489459 eijMax=5.436E-03 rmsd=1.421E+01 s=[ 0 0 0 0 1 1 1 0 0 0 0 0 0 1 1 0 0 0 0 0 1 0 1 0 0 0 0 0 0 0 0 0 0 0 0 0 ]
d13=7.092927489459 eijMax=5.436E-03 rmsd=1.421E+01 s=[ 0 0 0 1 0 0 0 1 1 1 1 1 1 0 0 1 1 1 1 1 0 1 0 1 1 1 1 1 1 1 1 1 1 1 1 1 ]
d13=7.093622524835 eijMax=6.555E-03 rmsd=1.421E+01 s=[ 0 0 0 0 1 1 1 0 0 0 0 0 0 1 1 0 0 0 0 0 1 0 1 0 0 0 0 0 0 0 0 0 0 0 0 0 ]
d13=7.093622524835 eijMax=6.555E-03 rmsd=1.421E+01 s=[ 0 0 0 1 0 0 0 1 1 1 1 1 1 0 0 1 1 1 1 1 0 1 0 1 1 1 1 1 1 1 1 1 1 1 1 1 ]
d13=7.094317560210 eijMax=7.674E-03 rmsd=1.421E+01 s=[ 0 0 0 0 1 1 1 0 0 0 0 0 0 1 1 0 0 0 0 0 1 0 1 0 0 0 0 0 0 0 0 0 0 0 0 0 ]
d13=7.094317560210 eijMax=7.674E-03 rmsd=1.421E+01 s=[ 0 0 0 1 0 0 0 1 1 1 1 1 1 0 0 1 1 1 1 1 0 1 0 1 1 1 1 1 1 1 1 1 1 1 1 1 ]
d13=7.095012595586 eijMax=2.009E-03 rmsd=1.254E+01 s=[ 0 0 0 0 0 0 0 1 1 1 1 1 1 0 0 1 1 1 1 1 0 0 1 0 0 0 0 0 0 0 0 0 0 0 0 0 ]
d13=7.095012595586 eijMax=8.794E-03 rmsd=1.421E+01 s=[ 0 0 0 0 1 1 1 0 0 0 0 0 0 1 1 0 0 0 0 0 1 0 1 0 0 0 0 0 0 0 0 0 0 0 0 0 ]
d13=7.095012595586 eijMax=8.794E-03 rmsd=1.421E+01 s=[ 0 0 0 1 0 0 0 1 1 1 1 1 1 0 0 1 1 1 1 1 0 1 0 1 1 1 1 1 1 1 1 1 1 1 1 1 ]
d13=7.095012595586 eijMax=2.009E-03 rmsd=1.254E+01 s=[ 0 0 0 1 1 1 1 0 0 0 0 0 0 1 1 0 0 0 0 0 1 1 0 1 1 1 1 1 1 1 1 1 1 1 1 1 ]
d13=7.095707630961 eijMax=9.914E-03 rmsd=1.421E+01 s=[ 0 0 0 0 1 1 1 0 0 0 0 0 0 1 1 0 0 0 0 0 1 0 1 0 0 0 0 0 0 0 0 0 0 0 0 0 ]
d13=7.095707630961 eijMax=9.914E-03 rmsd=1.421E+01 s=[ 0 0 0 1 0 0 0 1 1 1 1 1 1 0 0 1 1 1 1 1 0 1 0 1 1 1 1 1 1 1 1 1 1 1 1 1 ]
d13=7.118643798348 eijMax=9.076E-03 rmsd=9.023E+00 s=[ 0 0 0 0 0 0 0 1 1 1 1 1 0 1 1 0 0 0 0 0 1 1 0 1 1 1 1 1 1 1 1 1 1 1 1 1 ]
d13=7.118643798348 eijMax=9.076E-03 rmsd=9.023E+00 s=[ 0 0 0 1 1 1 1 0 0 0 0 0 1 0 0 1 1 1 1 1 0 0 1 0 0 0 0 0 0 0 0 0 0 0 0 0 ]
d13=7.119338833724 eijMax=6.932E-03 rmsd=9.028E+00 s=[ 0 0 0 0 0 0 0 1 1 1 1 1 0 1 1 0 0 0 0 0 1 1 0 1 1 1 1 1 1 1 1 1 1 1 1 1 ]
d13=7.119338833724 eijMax=6.932E-03 rmsd=9.028E+00 s=[ 0 0 0 1 1 1 1 0 0 0 0 0 1 0 0 1 1 1 1 1 0 0 1 0 0 0 0 0 0 0 0 0 0 0 0 0 ]
d13=7.120033869099 eijMax=4.832E-03 rmsd=9.034E+00 s=[ 0 0 0 0 0 0 0 1 1 1 1 1 0 1 1 0 0 0 0 0 1 1 0 1 1 1 1 1 1 1 1 1 1 1 1 1 ]
d13=7.120033869099 eijMax=4.011E-03 rmsd=1.402E+01 s=[ 0 0 0 0 0 0 0 1 1 1 1 1 1 1 1 0 0 0 0 0 0 1 0 1 1 1 1 1 1 1 1 1 1 1 1 1 ]
d13=7.120033869099 eijMax=4.011E-03 rmsd=1.402E+01 s=[ 0 0 0 1 1 1 1 0 0 0 0 0 0 0 0 1 1 1 1 1 1 0 1 0 0 0 0 0 0 0 0 0 0 0 0 0 ]
d13=7.120033869099 eijMax=4.832E-03 rmsd=9.034E+00 s=[ 0 0 0 1 1 1 1 0 0 0 0 0 1 0 0 1 1 1 1 1 0 0 1 0 0 0 0 0 0 0 0 0 0 0 0 0 ]
d13=7.120728904474 eijMax=2.772E-03 rmsd=9.039E+00 s=[ 0 0 0 0 0 0 0 1 1 1 1 1 0 1 1 0 0 0 0 0 1 1 0 1 1 1 1 1 1 1 1 1 1 1 1 1 ]
d13=7.120728904474 eijMax=2.525E-03 rmsd=1.400E+01 s=[ 0 0 0 0 0 0 0 1 1 1 1 1 1 1 1 0 0 0 0 0 0 1 0 1 1 1 1 1 1 1 1 1 1 1 1 1 ]
d13=7.120728904474 eijMax=2.525E-03 rmsd=1.400E+01 s=[ 0 0 0 1 1 1 1 0 0 0 0 0 0 0 0 1 1 1 1 1 1 0 1 0 0 0 0 0 0 0 0 0 0 0 0 0 ]
d13=7.120728904474 eijMax=2.772E-03 rmsd=9.039E+00 s=[ 0 0 0 1 1 1 1 0 0 0 0 0 1 0 0 1 1 1 1 1 0 0 1 0 0 0 0 0 0 0 0 0 0 0 0 0 ]
d13=7.121423939850 eijMax=7.517E-04 rmsd=9.044E+00 s=[ 0 0 0 0 0 0 0 1 1 1 1 1 0 1 1 0 0 0 0 0 1 1 0 1 1 1 1 1 1 1 1 1 1 1 1 1 ]
d13=7.121423939850 eijMax=8.982E-03 rmsd=1.398E+01 s=[ 0 0 0 0 0 0 0 1 1 1 1 1 1 1 1 0 0 0 0 0 0 1 0 1 1 1 1 1 1 1 1 1 1 1 1 1 ]
d13=7.121423939850 eijMax=8.982E-03 rmsd=1.398E+01 s=[ 0 0 0 1 1 1 1 0 0 0 0 0 0 0 0 1 1 1 1 1 1 0 1 0 0 0 0 0 0 0 0 0 0 0 0 0 ]
d13=7.121423939850 eijMax=7.517E-04 rmsd=9.044E+00 s=[ 0 0 0 1 1 1 1 0 0 0 0 0 1 0 0 1 1 1 1 1 0 0 1 0 0 0 0 0 0 0 0 0 0 0 0 0 ]
d13=7.122118975225 eijMax=1.231E-03 rmsd=9.049E+00 s=[ 0 0 0 0 0 0 0 1 1 1 1 1 0 1 1 0 0 0 0 0 1 1 0 1 1 1 1 1 1 1 1 1 1 1 1 1 ]
d13=7.122118975225 eijMax=1.231E-03 rmsd=9.049E+00 s=[ 0 0 0 1 1 1 1 0 0 0 0 0 1 0 0 1 1 1 1 1 0 0 1 0 0 0 0 0 0 0 0 0 0 0 0 0 ]
d13=7.122814010601 eijMax=3.178E-03 rmsd=9.054E+00 s=[ 0 0 0 0 0 0 0 1 1 1 1 1 0 1 1 0 0 0 0 0 1 1 0 1 1 1 1 1 1 1 1 1 1 1 1 1 ]
d13=7.122814010601 eijMax=3.178E-03 rmsd=9.054E+00 s=[ 0 0 0 1 1 1 1 0 0 0 0 0 1 0 0 1 1 1 1 1 0 0 1 0 0 0 0 0 0 0 0 0 0 0 0 0 ]
d13=7.123509045976 eijMax=5.090E-03 rmsd=9.059E+00 s=[ 0 0 0 0 0 0 0 1 1 1 1 1 0 1 1 0 0 0 0 0 1 1 0 1 1 1 1 1 1 1 1 1 1 1 1 1 ]
d13=7.123509045976 eijMax=5.090E-03 rmsd=9.059E+00 s=[ 0 0 0 1 1 1 1 0 0 0 0 0 1 0 0 1 1 1 1 1 0 0 1 0 0 0 0 0 0 0 0 0 0 0 0 0 ]
d13=7.124204081351 eijMax=6.969E-03 rmsd=9.065E+00 s=[ 0 0 0 0 0 0 0 1 1 1 1 1 0 1 1 0 0 0 0 0 1 1 0 1 1 1 1 1 1 1 1 1 1 1 1 1 ]
d13=7.124204081351 eijMax=6.969E-03 rmsd=9.065E+00 s=[ 0 0 0 1 1 1 1 0 0 0 0 0 1 0 0 1 1 1 1 1 0 0 1 0 0 0 0 0 0 0 0 0 0 0 0 0 ]
d13=7.124899116727 eijMax=8.816E-03 rmsd=9.070E+00 s=[ 0 0 0 0 0 0 0 1 1 1 1 1 0 1 1 0 0 0 0 0 1 1 0 1 1 1 1 1 1 1 1 1 1 1 1 1 ]
d13=7.124899116727 eijMax=8.816E-03 rmsd=9.070E+00 s=[ 0 0 0 1 1 1 1 0 0 0 0 0 1 0 0 1 1 1 1 1 0 0 1 0 0 0 0 0 0 0 0 0 0 0 0 0 ]
d13=7.142970036486 eijMax=9.133E-03 rmsd=1.290E+01 s=[ 0 0 0 0 0 0 0 1 1 1 1 1 1 1 1 0 0 0 0 0 0 0 1 0 0 0 0 0 0 0 0 0 0 0 0 0 ]
d13=7.142970036486 eijMax=9.133E-03 rmsd=1.290E+01 s=[ 0 0 0 1 1 1 1 0 0 0 0 0 0 0 0 1 1 1 1 1 1 1 0 1 1 1 1 1 1 1 1 1 1 1 1 1 ]
d13=7.143665071862 eijMax=5.605E-03 rmsd=1.289E+01 s=[ 0 0 0 0 0 0 0 1 1 1 1 1 1 1 1 0 0 0 0 0 0 0 1 0 0 0 0 0 0 0 0 0 0 0 0 0 ]
d13=7.143665071862 eijMax=5.605E-03 rmsd=1.289E+01 s=[ 0 0 0 1 1 1 1 0 0 0 0 0 0 0 0 1 1 1 1 1 1 1 0 1 1 1 1 1 1 1 1 1 1 1 1 1 ]
d13=7.144360107237 eijMax=2.153E-03 rmsd=1.288E+01 s=[ 0 0 0 0 0 0 0 1 1 1 1 1 1 1 1 0 0 0 0 0 0 0 1 0 0 0 0 0 0 0 0 0 0 0 0 0 ]
d13=7.144360107237 eijMax=2.153E-03 rmsd=1.288E+01 s=[ 0 0 0 1 1 1 1 0 0 0 0 0 0 0 0 1 1 1 1 1 1 1 0 1 1 1 1 1 1 1 1 1 1 1 1 1 ]
d13=7.145055142613 eijMax=1.226E-03 rmsd=1.287E+01 s=[ 0 0 0 0 0 0 0 1 1 1 1 1 1 1 1 0 0 0 0 0 0 0 1 0 0 0 0 0 0 0 0 0 0 0 0 0 ]
d13=7.145055142613 eijMax=1.226E-03 rmsd=1.287E+01 s=[ 0 0 0 1 1 1 1 0 0 0 0 0 0 0 0 1 1 1 1 1 1 1 0 1 1 1 1 1 1 1 1 1 1 1 1 1 ]
d13=7.145750177988 eijMax=4.533E-03 rmsd=1.286E+01 s=[ 0 0 0 0 0 0 0 1 1 1 1 1 1 1 1 0 0 0 0 0 0 0 1 0 0 0 0 0 0 0 0 0 0 0 0 0 ]
d13=7.145750177988 eijMax=4.533E-03 rmsd=1.286E+01 s=[ 0 0 0 1 1 1 1 0 0 0 0 0 0 0 0 1 1 1 1 1 1 1 0 1 1 1 1 1 1 1 1 1 1 1 1 1 ]
d13=7.146445213363 eijMax=7.770E-03 rmsd=1.285E+01 s=[ 0 0 0 0 0 0 0 1 1 1 1 1 1 1 1 0 0 0 0 0 0 0 1 0 0 0 0 0 0 0 0 0 0 0 0 0 ]
d13=7.146445213363 eijMax=7.770E-03 rmsd=1.285E+01 s=[ 0 0 0 1 1 1 1 0 0 0 0 0 0 0 0 1 1 1 1 1 1 1 0 1 1 1 1 1 1 1 1 1 1 1 1 1 ]
d13=7.183977123634 eijMax=9.512E-03 rmsd=7.329E+00 s=[ 0 0 0 0 0 1 1 0 0 0 0 0 1 0 0 1 1 1 1 1 1 1 0 1 1 1 1 1 1 1 1 1 1 1 1 1 ]
d13=7.183977123634 eijMax=9.512E-03 rmsd=7.329E+00 s=[ 0 0 0 1 1 0 0 1 1 1 1 1 0 1 1 0 0 0 0 0 0 0 1 0 0 0 0 0 0 0 0 0 0 0 0 0 ]
d13=7.184672159009 eijMax=8.710E-03 rmsd=7.333E+00 s=[ 0 0 0 0 0 1 1 0 0 0 0 0 1 0 0 1 1 1 1 1 1 1 0 1 1 1 1 1 1 1 1 1 1 1 1 1 ]
d13=7.184672159009 eijMax=8.710E-03 rmsd=7.333E+00 s=[ 0 0 0 1 1 0 0 1 1 1 1 1 0 1 1 0 0 0 0 0 0 0 1 0 0 0 0 0 0 0 0 0 0 0 0 0 ]
d13=7.185367194384 eijMax=7.909E-03 rmsd=7.338E+00 s=[ 0 0 0 0 0 1 1 0 0 0 0 0 1 0 0 1 1 1 1 1 1 1 0 1 1 1 1 1 1 1 1 1 1 1 1 1 ]
d13=7.185367194384 eijMax=7.909E-03 rmsd=7.338E+00 s=[ 0 0 0 1 1 0 0 1 1 1 1 1 0 1 1 0 0 0 0 0 0 0 1 0 0 0 0 0 0 0 0 0 0 0 0 0 ]
d13=7.186062229760 eijMax=7.109E-03 rmsd=7.343E+00 s=[ 0 0 0 0 0 1 1 0 0 0 0 0 1 0 0 1 1 1 1 1 1 1 0 1 1 1 1 1 1 1 1 1 1 1 1 1 ]
d13=7.186062229760 eijMax=7.109E-03 rmsd=7.343E+00 s=[ 0 0 0 1 1 0 0 1 1 1 1 1 0 1 1 0 0 0 0 0 0 0 1 0 0 0 0 0 0 0 0 0 0 0 0 0 ]
d13=7.186757265135 eijMax=6.310E-03 rmsd=7.347E+00 s=[ 0 0 0 0 0 1 1 0 0 0 0 0 1 0 0 1 1 1 1 1 1 1 0 1 1 1 1 1 1 1 1 1 1 1 1 1 ]
d13=7.186757265135 eijMax=6.310E-03 rmsd=7.347E+00 s=[ 0 0 0 1 1 0 0 1 1 1 1 1 0 1 1 0 0 0 0 0 0 0 1 0 0 0 0 0 0 0 0 0 0 0 0 0 ]
d13=7.187452300511 eijMax=5.513E-03 rmsd=7.352E+00 s=[ 0 0 0 0 0 1 1 0 0 0 0 0 1 0 0 1 1 1 1 1 1 1 0 1 1 1 1 1 1 1 1 1 1 1 1 1 ]
d13=7.187452300511 eijMax=5.513E-03 rmsd=7.352E+00 s=[ 0 0 0 1 1 0 0 1 1 1 1 1 0 1 1 0 0 0 0 0 0 0 1 0 0 0 0 0 0 0 0 0 0 0 0 0 ]
d13=7.188147335886 eijMax=4.717E-03 rmsd=7.356E+00 s=[ 0 0 0 0 0 1 1 0 0 0 0 0 1 0 0 1 1 1 1 1 1 1 0 1 1 1 1 1 1 1 1 1 1 1 1 1 ]
d13=7.188147335886 eijMax=4.717E-03 rmsd=7.356E+00 s=[ 0 0 0 1 1 0 0 1 1 1 1 1 0 1 1 0 0 0 0 0 0 0 1 0 0 0 0 0 0 0 0 0 0 0 0 0 ]
d13=7.188842371261 eijMax=3.921E-03 rmsd=7.361E+00 s=[ 0 0 0 0 0 1 1 0 0 0 0 0 1 0 0 1 1 1 1 1 1 1 0 1 1 1 1 1 1 1 1 1 1 1 1 1 ]
d13=7.188842371261 eijMax=3.921E-03 rmsd=7.361E+00 s=[ 0 0 0 1 1 0 0 1 1 1 1 1 0 1 1 0 0 0 0 0 0 0 1 0 0 0 0 0 0 0 0 0 0 0 0 0 ]
d13=7.189537406637 eijMax=3.127E-03 rmsd=7.365E+00 s=[ 0 0 0 0 0 1 1 0 0 0 0 0 1 0 0 1 1 1 1 1 1 1 0 1 1 1 1 1 1 1 1 1 1 1 1 1 ]
d13=7.189537406637 eijMax=3.127E-03 rmsd=7.365E+00 s=[ 0 0 0 1 1 0 0 1 1 1 1 1 0 1 1 0 0 0 0 0 0 0 1 0 0 0 0 0 0 0 0 0 0 0 0 0 ]
d13=7.190232442012 eijMax=2.335E-03 rmsd=7.370E+00 s=[ 0 0 0 0 0 1 1 0 0 0 0 0 1 0 0 1 1 1 1 1 1 1 0 1 1 1 1 1 1 1 1 1 1 1 1 1 ]
d13=7.190232442012 eijMax=2.335E-03 rmsd=7.370E+00 s=[ 0 0 0 1 1 0 0 1 1 1 1 1 0 1 1 0 0 0 0 0 0 0 1 0 0 0 0 0 0 0 0 0 0 0 0 0 ]
d13=7.190927477387 eijMax=1.543E-03 rmsd=7.374E+00 s=[ 0 0 0 0 0 1 1 0 0 0 0 0 1 0 0 1 1 1 1 1 1 1 0 1 1 1 1 1 1 1 1 1 1 1 1 1 ]
d13=7.190927477387 eijMax=1.543E-03 rmsd=7.374E+00 s=[ 0 0 0 1 1 0 0 1 1 1 1 1 0 1 1 0 0 0 0 0 0 0 1 0 0 0 0 0 0 0 0 0 0 0 0 0 ]
d13=7.191622512763 eijMax=7.523E-04 rmsd=7.379E+00 s=[ 0 0 0 0 0 1 1 0 0 0 0 0 1 0 0 1 1 1 1 1 1 1 0 1 1 1 1 1 1 1 1 1 1 1 1 1 ]
d13=7.191622512763 eijMax=7.523E-04 rmsd=7.379E+00 s=[ 0 0 0 1 1 0 0 1 1 1 1 1 0 1 1 0 0 0 0 0 0 0 1 0 0 0 0 0 0 0 0 0 0 0 0 0 ]
d13=7.192317548138 eijMax=3.711E-05 rmsd=7.384E+00 s=[ 0 0 0 0 0 1 1 0 0 0 0 0 1 0 0 1 1 1 1 1 1 1 0 1 1 1 1 1 1 1 1 1 1 1 1 1 ]
d13=7.192317548138 eijMax=3.711E-05 rmsd=7.384E+00 s=[ 0 0 0 1 1 0 0 1 1 1 1 1 0 1 1 0 0 0 0 0 0 0 1 0 0 0 0 0 0 0 0 0 0 0 0 0 ]
d13=7.193012583514 eijMax=8.254E-04 rmsd=7.388E+00 s=[ 0 0 0 0 0 1 1 0 0 0 0 0 1 0 0 1 1 1 1 1 1 1 0 1 1 1 1 1 1 1 1 1 1 1 1 1 ]
d13=7.193012583514 eijMax=8.254E-04 rmsd=7.388E+00 s=[ 0 0 0 1 1 0 0 1 1 1 1 1 0 1 1 0 0 0 0 0 0 0 1 0 0 0 0 0 0 0 0 0 0 0 0 0 ]
d13=7.193707618889 eijMax=1.613E-03 rmsd=7.393E+00 s=[ 0 0 0 0 0 1 1 0 0 0 0 0 1 0 0 1 1 1 1 1 1 1 0 1 1 1 1 1 1 1 1 1 1 1 1 1 ]
d13=7.193707618889 eijMax=1.613E-03 rmsd=7.393E+00 s=[ 0 0 0 1 1 0 0 1 1 1 1 1 0 1 1 0 0 0 0 0 0 0 1 0 0 0 0 0 0 0 0 0 0 0 0 0 ]
d13=7.194402654264 eijMax=2.399E-03 rmsd=7.397E+00 s=[ 0 0 0 0 0 1 1 0 0 0 0 0 1 0 0 1 1 1 1 1 1 1 0 1 1 1 1 1 1 1 1 1 1 1 1 1 ]
d13=7.194402654264 eijMax=9.725E-03 rmsd=1.196E+01 s=[ 0 0 0 0 1 1 1 0 0 0 0 0 0 1 1 0 0 0 0 0 1 1 0 1 1 1 1 1 1 1 1 1 1 1 1 1 ]
d13=7.194402654264 eijMax=9.725E-03 rmsd=1.196E+01 s=[ 0 0 0 1 0 0 0 1 1 1 1 1 1 0 0 1 1 1 1 1 0 0 1 0 0 0 0 0 0 0 0 0 0 0 0 0 ]
d13=7.194402654264 eijMax=2.399E-03 rmsd=7.397E+00 s=[ 0 0 0 1 1 0 0 1 1 1 1 1 0 1 1 0 0 0 0 0 0 0 1 0 0 0 0 0 0 0 0 0 0 0 0 0 ]
d13=7.195097689640 eijMax=3.183E-03 rmsd=7.402E+00 s=[ 0 0 0 0 0 1 1 0 0 0 0 0 1 0 0 1 1 1 1 1 1 1 0 1 1 1 1 1 1 1 1 1 1 1 1 1 ]
d13=7.195097689640 eijMax=8.749E-03 rmsd=1.196E+01 s=[ 0 0 0 0 1 1 1 0 0 0 0 0 0 1 1 0 0 0 0 0 1 1 0 1 1 1 1 1 1 1 1 1 1 1 1 1 ]
d13=7.195097689640 eijMax=8.749E-03 rmsd=1.196E+01 s=[ 0 0 0 1 0 0 0 1 1 1 1 1 1 0 0 1 1 1 1 1 0 0 1 0 0 0 0 0 0 0 0 0 0 0 0 0 ]
d13=7.195097689640 eijMax=3.183E-03 rmsd=7.402E+00 s=[ 0 0 0 1 1 0 0 1 1 1 1 1 0 1 1 0 0 0 0 0 0 0 1 0 0 0 0 0 0 0 0 0 0 0 0 0 ]
d13=7.195792725015 eijMax=3.967E-03 rmsd=7.407E+00 s=[ 0 0 0 0 0 1 1 0 0 0 0 0 1 0 0 1 1 1 1 1 1 1 0 1 1 1 1 1 1 1 1 1 1 1 1 1 ]
d13=7.195792725015 eijMax=7.775E-03 rmsd=1.196E+01 s=[ 0 0 0 0 1 1 1 0 0 0 0 0 0 1 1 0 0 0 0 0 1 1 0 1 1 1 1 1 1 1 1 1 1 1 1 1 ]
d13=7.195792725015 eijMax=7.775E-03 rmsd=1.196E+01 s=[ 0 0 0 1 0 0 0 1 1 1 1 1 1 0 0 1 1 1 1 1 0 0 1 0 0 0 0 0 0 0 0 0 0 0 0 0 ]
d13=7.195792725015 eijMax=3.967E-03 rmsd=7.407E+00 s=[ 0 0 0 1 1 0 0 1 1 1 1 1 0 1 1 0 0 0 0 0 0 0 1 0 0 0 0 0 0 0 0 0 0 0 0 0 ]
d13=7.196487760390 eijMax=4.750E-03 rmsd=7.411E+00 s=[ 0 0 0 0 0 1 1 0 0 0 0 0 1 0 0 1 1 1 1 1 1 1 0 1 1 1 1 1 1 1 1 1 1 1 1 1 ]
d13=7.196487760390 eijMax=6.803E-03 rmsd=1.196E+01 s=[ 0 0 0 0 1 1 1 0 0 0 0 0 0 1 1 0 0 0 0 0 1 1 0 1 1 1 1 1 1 1 1 1 1 1 1 1 ]
d13=7.196487760390 eijMax=6.803E-03 rmsd=1.196E+01 s=[ 0 0 0 1 0 0 0 1 1 1 1 1 1 0 0 1 1 1 1 1 0 0 1 0 0 0 0 0 0 0 0 0 0 0 0 0 ]
d13=7.196487760390 eijMax=4.750E-03 rmsd=7.411E+00 s=[ 0 0 0 1 1 0 0 1 1 1 1 1 0 1 1 0 0 0 0 0 0 0 1 0 0 0 0 0 0 0 0 0 0 0 0 0 ]
d13=7.197182795766 eijMax=5.531E-03 rmsd=7.416E+00 s=[ 0 0 0 0 0 1 1 0 0 0 0 0 1 0 0 1 1 1 1 1 1 1 0 1 1 1 1 1 1 1 1 1 1 1 1 1 ]
d13=7.197182795766 eijMax=5.832E-03 rmsd=1.196E+01 s=[ 0 0 0 0 1 1 1 0 0 0 0 0 0 1 1 0 0 0 0 0 1 1 0 1 1 1 1 1 1 1 1 1 1 1 1 1 ]
d13=7.197182795766 eijMax=5.832E-03 rmsd=1.196E+01 s=[ 0 0 0 1 0 0 0 1 1 1 1 1 1 0 0 1 1 1 1 1 0 0 1 0 0 0 0 0 0 0 0 0 0 0 0 0 ]
d13=7.197182795766 eijMax=5.531E-03 rmsd=7.416E+00 s=[ 0 0 0 1 1 0 0 1 1 1 1 1 0 1 1 0 0 0 0 0 0 0 1 0 0 0 0 0 0 0 0 0 0 0 0 0 ]
d13=7.197877831141 eijMax=6.312E-03 rmsd=7.420E+00 s=[ 0 0 0 0 0 1 1 0 0 0 0 0 1 0 0 1 1 1 1 1 1 1 0 1 1 1 1 1 1 1 1 1 1 1 1 1 ]
d13=7.197877831141 eijMax=4.864E-03 rmsd=1.196E+01 s=[ 0 0 0 0 1 1 1 0 0 0 0 0 0 1 1 0 0 0 0 0 1 1 0 1 1 1 1 1 1 1 1 1 1 1 1 1 ]
d13=7.197877831141 eijMax=4.864E-03 rmsd=1.196E+01 s=[ 0 0 0 1 0 0 0 1 1 1 1 1 1 0 0 1 1 1 1 1 0 0 1 0 0 0 0 0 0 0 0 0 0 0 0 0 ]
d13=7.197877831141 eijMax=6.312E-03 rmsd=7.420E+00 s=[ 0 0 0 1 1 0 0 1 1 1 1 1 0 1 1 0 0 0 0 0 0 0 1 0 0 0 0 0 0 0 0 0 0 0 0 0 ]
d13=7.198572866517 eijMax=7.091E-03 rmsd=7.425E+00 s=[ 0 0 0 0 0 1 1 0 0 0 0 0 1 0 0 1 1 1 1 1 1 1 0 1 1 1 1 1 1 1 1 1 1 1 1 1 ]
d13=7.198572866517 eijMax=3.898E-03 rmsd=1.195E+01 s=[ 0 0 0 0 1 1 1 0 0 0 0 0 0 1 1 0 0 0 0 0 1 1 0 1 1 1 1 1 1 1 1 1 1 1 1 1 ]
d13=7.198572866517 eijMax=3.898E-03 rmsd=1.195E+01 s=[ 0 0 0 1 0 0 0 1 1 1 1 1 1 0 0 1 1 1 1 1 0 0 1 0 0 0 0 0 0 0 0 0 0 0 0 0 ]
d13=7.198572866517 eijMax=7.091E-03 rmsd=7.425E+00 s=[ 0 0 0 1 1 0 0 1 1 1 1 1 0 1 1 0 0 0 0 0 0 0 1 0 0 0 0 0 0 0 0 0 0 0 0 0 ]
d13=7.199267901892 eijMax=7.869E-03 rmsd=7.430E+00 s=[ 0 0 0 0 0 1 1 0 0 0 0 0 1 0 0 1 1 1 1 1 1 1 0 1 1 1 1 1 1 1 1 1 1 1 1 1 ]
d13=7.199267901892 eijMax=2.933E-03 rmsd=1.195E+01 s=[ 0 0 0 0 1 1 1 0 0 0 0 0 0 1 1 0 0 0 0 0 1 1 0 1 1 1 1 1 1 1 1 1 1 1 1 1 ]
d13=7.199267901892 eijMax=2.933E-03 rmsd=1.195E+01 s=[ 0 0 0 1 0 0 0 1 1 1 1 1 1 0 0 1 1 1 1 1 0 0 1 0 0 0 0 0 0 0 0 0 0 0 0 0 ]
d13=7.199267901892 eijMax=7.869E-03 rmsd=7.430E+00 s=[ 0 0 0 1 1 0 0 1 1 1 1 1 0 1 1 0 0 0 0 0 0 0 1 0 0 0 0 0 0 0 0 0 0 0 0 0 ]
d13=7.199962937267 eijMax=8.646E-03 rmsd=7.434E+00 s=[ 0 0 0 0 0 1 1 0 0 0 0 0 1 0 0 1 1 1 1 1 1 1 0 1 1 1 1 1 1 1 1 1 1 1 1 1 ]
d13=7.199962937267 eijMax=1.971E-03 rmsd=1.195E+01 s=[ 0 0 0 0 1 1 1 0 0 0 0 0 0 1 1 0 0 0 0 0 1 1 0 1 1 1 1 1 1 1 1 1 1 1 1 1 ]
d13=7.199962937267 eijMax=1.971E-03 rmsd=1.195E+01 s=[ 0 0 0 1 0 0 0 1 1 1 1 1 1 0 0 1 1 1 1 1 0 0 1 0 0 0 0 0 0 0 0 0 0 0 0 0 ]
d13=7.199962937267 eijMax=8.646E-03 rmsd=7.434E+00 s=[ 0 0 0 1 1 0 0 1 1 1 1 1 0 1 1 0 0 0 0 0 0 0 1 0 0 0 0 0 0 0 0 0 0 0 0 0 ]
d13=7.200657972643 eijMax=9.422E-03 rmsd=7.439E+00 s=[ 0 0 0 0 0 1 1 0 0 0 0 0 1 0 0 1 1 1 1 1 1 1 0 1 1 1 1 1 1 1 1 1 1 1 1 1 ]
d13=7.200657972643 eijMax=1.010E-03 rmsd=1.195E+01 s=[ 0 0 0 0 1 1 1 0 0 0 0 0 0 1 1 0 0 0 0 0 1 1 0 1 1 1 1 1 1 1 1 1 1 1 1 1 ]
d13=7.200657972643 eijMax=1.010E-03 rmsd=1.195E+01 s=[ 0 0 0 1 0 0 0 1 1 1 1 1 1 0 0 1 1 1 1 1 0 0 1 0 0 0 0 0 0 0 0 0 0 0 0 0 ]
d13=7.200657972643 eijMax=9.422E-03 rmsd=7.439E+00 s=[ 0 0 0 1 1 0 0 1 1 1 1 1 0 1 1 0 0 0 0 0 0 0 1 0 0 0 0 0 0 0 0 0 0 0 0 0 ]
d13=7.201353008018 eijMax=5.154E-05 rmsd=1.195E+01 s=[ 0 0 0 0 1 1 1 0 0 0 0 0 0 1 1 0 0 0 0 0 1 1 0 1 1 1 1 1 1 1 1 1 1 1 1 1 ]
d13=7.201353008018 eijMax=5.154E-05 rmsd=1.195E+01 s=[ 0 0 0 1 0 0 0 1 1 1 1 1 1 0 0 1 1 1 1 1 0 0 1 0 0 0 0 0 0 0 0 0 0 0 0 0 ]
d13=7.202048043393 eijMax=9.052E-04 rmsd=1.195E+01 s=[ 0 0 0 0 1 1 1 0 0 0 0 0 0 1 1 0 0 0 0 0 1 1 0 1 1 1 1 1 1 1 1 1 1 1 1 1 ]
d13=7.202048043393 eijMax=9.052E-04 rmsd=1.195E+01 s=[ 0 0 0 1 0 0 0 1 1 1 1 1 1 0 0 1 1 1 1 1 0 0 1 0 0 0 0 0 0 0 0 0 0 0 0 0 ]
d13=7.202743078769 eijMax=1.860E-03 rmsd=1.195E+01 s=[ 0 0 0 0 1 1 1 0 0 0 0 0 0 1 1 0 0 0 0 0 1 1 0 1 1 1 1 1 1 1 1 1 1 1 1 1 ]
d13=7.202743078769 eijMax=1.860E-03 rmsd=1.195E+01 s=[ 0 0 0 1 0 0 0 1 1 1 1 1 1 0 0 1 1 1 1 1 0 0 1 0 0 0 0 0 0 0 0 0 0 0 0 0 ]
d13=7.203438114144 eijMax=2.813E-03 rmsd=1.194E+01 s=[ 0 0 0 0 1 1 1 0 0 0 0 0 0 1 1 0 0 0 0 0 1 1 0 1 1 1 1 1 1 1 1 1 1 1 1 1 ]
d13=7.203438114144 eijMax=2.813E-03 rmsd=1.194E+01 s=[ 0 0 0 1 0 0 0 1 1 1 1 1 1 0 0 1 1 1 1 1 0 0 1 0 0 0 0 0 0 0 0 0 0 0 0 0 ]
d13=7.204133149520 eijMax=3.764E-03 rmsd=1.194E+01 s=[ 0 0 0 0 1 1 1 0 0 0 0 0 0 1 1 0 0 0 0 0 1 1 0 1 1 1 1 1 1 1 1 1 1 1 1 1 ]
d13=7.204133149520 eijMax=3.764E-03 rmsd=1.194E+01 s=[ 0 0 0 1 0 0 0 1 1 1 1 1 1 0 0 1 1 1 1 1 0 0 1 0 0 0 0 0 0 0 0 0 0 0 0 0 ]
d13=7.204828184895 eijMax=4.713E-03 rmsd=1.194E+01 s=[ 0 0 0 0 1 1 1 0 0 0 0 0 0 1 1 0 0 0 0 0 1 1 0 1 1 1 1 1 1 1 1 1 1 1 1 1 ]
d13=7.204828184895 eijMax=4.713E-03 rmsd=1.194E+01 s=[ 0 0 0 1 0 0 0 1 1 1 1 1 1 0 0 1 1 1 1 1 0 0 1 0 0 0 0 0 0 0 0 0 0 0 0 0 ]
d13=7.205523220270 eijMax=5.660E-03 rmsd=1.194E+01 s=[ 0 0 0 0 1 1 1 0 0 0 0 0 0 1 1 0 0 0 0 0 1 1 0 1 1 1 1 1 1 1 1 1 1 1 1 1 ]
d13=7.205523220270 eijMax=5.660E-03 rmsd=1.194E+01 s=[ 0 0 0 1 0 0 0 1 1 1 1 1 1 0 0 1 1 1 1 1 0 0 1 0 0 0 0 0 0 0 0 0 0 0 0 0 ]
d13=7.206218255646 eijMax=6.606E-03 rmsd=1.194E+01 s=[ 0 0 0 0 1 1 1 0 0 0 0 0 0 1 1 0 0 0 0 0 1 1 0 1 1 1 1 1 1 1 1 1 1 1 1 1 ]
d13=7.206218255646 eijMax=6.606E-03 rmsd=1.194E+01 s=[ 0 0 0 1 0 0 0 1 1 1 1 1 1 0 0 1 1 1 1 1 0 0 1 0 0 0 0 0 0 0 0 0 0 0 0 0 ]
d13=7.206913291021 eijMax=7.549E-03 rmsd=1.194E+01 s=[ 0 0 0 0 1 1 1 0 0 0 0 0 0 1 1 0 0 0 0 0 1 1 0 1 1 1 1 1 1 1 1 1 1 1 1 1 ]
d13=7.206913291021 eijMax=7.549E-03 rmsd=1.194E+01 s=[ 0 0 0 1 0 0 0 1 1 1 1 1 1 0 0 1 1 1 1 1 0 0 1 0 0 0 0 0 0 0 0 0 0 0 0 0 ]
d13=7.207608326396 eijMax=8.490E-03 rmsd=1.193E+01 s=[ 0 0 0 0 1 1 1 0 0 0 0 0 0 1 1 0 0 0 0 0 1 1 0 1 1 1 1 1 1 1 1 1 1 1 1 1 ]
d13=7.207608326396 eijMax=8.490E-03 rmsd=1.193E+01 s=[ 0 0 0 1 0 0 0 1 1 1 1 1 1 0 0 1 1 1 1 1 0 0 1 0 0 0 0 0 0 0 0 0 0 0 0 0 ]
d13=7.208303361772 eijMax=9.430E-03 rmsd=1.193E+01 s=[ 0 0 0 0 1 1 1 0 0 0 0 0 0 1 1 0 0 0 0 0 1 1 0 1 1 1 1 1 1 1 1 1 1 1 1 1 ]
d13=7.208303361772 eijMax=9.430E-03 rmsd=1.193E+01 s=[ 0 0 0 1 0 0 0 1 1 1 1 1 1 0 0 1 1 1 1 1 0 0 1 0 0 0 0 0 0 0 0 0 0 0 0 0 ]
d13=7.263211156426 eijMax=9.199E-03 rmsd=1.623E+01 s=[ 0 0 0 0 0 0 0 1 1 1 1 1 0 0 0 1 1 1 1 1 1 0 1 0 0 0 0 0 0 0 0 0 0 0 0 0 ]
d13=7.263211156426 eijMax=9.199E-03 rmsd=1.623E+01 s=[ 0 0 0 1 1 1 1 0 0 0 0 0 1 1 1 0 0 0 0 0 0 1 0 1 1 1 1 1 1 1 1 1 1 1 1 1 ]
d13=7.263906191802 eijMax=8.291E-03 rmsd=1.623E+01 s=[ 0 0 0 0 0 0 0 1 1 1 1 1 0 0 0 1 1 1 1 1 1 0 1 0 0 0 0 0 0 0 0 0 0 0 0 0 ]
d13=7.263906191802 eijMax=8.291E-03 rmsd=1.623E+01 s=[ 0 0 0 1 1 1 1 0 0 0 0 0 1 1 1 0 0 0 0 0 0 1 0 1 1 1 1 1 1 1 1 1 1 1 1 1 ]
d13=7.264601227177 eijMax=7.384E-03 rmsd=1.623E+01 s=[ 0 0 0 0 0 0 0 1 1 1 1 1 0 0 0 1 1 1 1 1 1 0 1 0 0 0 0 0 0 0 0 0 0 0 0 0 ]
d13=7.264601227177 eijMax=7.384E-03 rmsd=1.623E+01 s=[ 0 0 0 1 1 1 1 0 0 0 0 0 1 1 1 0 0 0 0 0 0 1 0 1 1 1 1 1 1 1 1 1 1 1 1 1 ]
d13=7.265296262553 eijMax=6.475E-03 rmsd=1.623E+01 s=[ 0 0 0 0 0 0 0 1 1 1 1 1 0 0 0 1 1 1 1 1 1 0 1 0 0 0 0 0 0 0 0 0 0 0 0 0 ]
d13=7.265296262553 eijMax=6.475E-03 rmsd=1.623E+01 s=[ 0 0 0 1 1 1 1 0 0 0 0 0 1 1 1 0 0 0 0 0 0 1 0 1 1 1 1 1 1 1 1 1 1 1 1 1 ]
d13=7.265991297928 eijMax=5.567E-03 rmsd=1.623E+01 s=[ 0 0 0 0 0 0 0 1 1 1 1 1 0 0 0 1 1 1 1 1 1 0 1 0 0 0 0 0 0 0 0 0 0 0 0 0 ]
d13=7.265991297928 eijMax=5.567E-03 rmsd=1.623E+01 s=[ 0 0 0 1 1 1 1 0 0 0 0 0 1 1 1 0 0 0 0 0 0 1 0 1 1 1 1 1 1 1 1 1 1 1 1 1 ]
d13=7.266686333303 eijMax=4.657E-03 rmsd=1.623E+01 s=[ 0 0 0 0 0 0 0 1 1 1 1 1 0 0 0 1 1 1 1 1 1 0 1 0 0 0 0 0 0 0 0 0 0 0 0 0 ]
d13=7.266686333303 eijMax=4.657E-03 rmsd=1.623E+01 s=[ 0 0 0 1 1 1 1 0 0 0 0 0 1 1 1 0 0 0 0 0 0 1 0 1 1 1 1 1 1 1 1 1 1 1 1 1 ]
d13=7.267381368679 eijMax=3.747E-03 rmsd=1.623E+01 s=[ 0 0 0 0 0 0 0 1 1 1 1 1 0 0 0 1 1 1 1 1 1 0 1 0 0 0 0 0 0 0 0 0 0 0 0 0 ]
d13=7.267381368679 eijMax=3.747E-03 rmsd=1.623E+01 s=[ 0 0 0 1 1 1 1 0 0 0 0 0 1 1 1 0 0 0 0 0 0 1 0 1 1 1 1 1 1 1 1 1 1 1 1 1 ]
d13=7.268076404054 eijMax=2.837E-03 rmsd=1.624E+01 s=[ 0 0 0 0 0 0 0 1 1 1 1 1 0 0 0 1 1 1 1 1 1 0 1 0 0 0 0 0 0 0 0 0 0 0 0 0 ]
d13=7.268076404054 eijMax=2.837E-03 rmsd=1.624E+01 s=[ 0 0 0 1 1 1 1 0 0 0 0 0 1 1 1 0 0 0 0 0 0 1 0 1 1 1 1 1 1 1 1 1 1 1 1 1 ]
d13=7.268771439429 eijMax=1.925E-03 rmsd=1.624E+01 s=[ 0 0 0 0 0 0 0 1 1 1 1 1 0 0 0 1 1 1 1 1 1 0 1 0 0 0 0 0 0 0 0 0 0 0 0 0 ]
d13=7.268771439429 eijMax=1.925E-03 rmsd=1.624E+01 s=[ 0 0 0 1 1 1 1 0 0 0 0 0 1 1 1 0 0 0 0 0 0 1 0 1 1 1 1 1 1 1 1 1 1 1 1 1 ]
d13=7.269466474805 eijMax=1.014E-03 rmsd=1.624E+01 s=[ 0 0 0 0 0 0 0 1 1 1 1 1 0 0 0 1 1 1 1 1 1 0 1 0 0 0 0 0 0 0 0 0 0 0 0 0 ]
d13=7.269466474805 eijMax=1.014E-03 rmsd=1.624E+01 s=[ 0 0 0 1 1 1 1 0 0 0 0 0 1 1 1 0 0 0 0 0 0 1 0 1 1 1 1 1 1 1 1 1 1 1 1 1 ]
d13=7.270161510180 eijMax=1.015E-04 rmsd=1.624E+01 s=[ 0 0 0 0 0 0 0 1 1 1 1 1 0 0 0 1 1 1 1 1 1 0 1 0 0 0 0 0 0 0 0 0 0 0 0 0 ]
d13=7.270161510180 eijMax=1.015E-04 rmsd=1.624E+01 s=[ 0 0 0 1 1 1 1 0 0 0 0 0 1 1 1 0 0 0 0 0 0 1 0 1 1 1 1 1 1 1 1 1 1 1 1 1 ]
d13=7.270856545556 eijMax=8.113E-04 rmsd=1.624E+01 s=[ 0 0 0 0 0 0 0 1 1 1 1 1 0 0 0 1 1 1 1 1 1 0 1 0 0 0 0 0 0 0 0 0 0 0 0 0 ]
d13=7.270856545556 eijMax=8.113E-04 rmsd=1.624E+01 s=[ 0 0 0 1 1 1 1 0 0 0 0 0 1 1 1 0 0 0 0 0 0 1 0 1 1 1 1 1 1 1 1 1 1 1 1 1 ]
d13=7.271551580931 eijMax=1.725E-03 rmsd=1.624E+01 s=[ 0 0 0 0 0 0 0 1 1 1 1 1 0 0 0 1 1 1 1 1 1 0 1 0 0 0 0 0 0 0 0 0 0 0 0 0 ]
d13=7.271551580931 eijMax=1.725E-03 rmsd=1.624E+01 s=[ 0 0 0 1 1 1 1 0 0 0 0 0 1 1 1 0 0 0 0 0 0 1 0 1 1 1 1 1 1 1 1 1 1 1 1 1 ]
d13=7.272246616306 eijMax=2.639E-03 rmsd=1.624E+01 s=[ 0 0 0 0 0 0 0 1 1 1 1 1 0 0 0 1 1 1 1 1 1 0 1 0 0 0 0 0 0 0 0 0 0 0 0 0 ]
d13=7.272246616306 eijMax=2.639E-03 rmsd=1.624E+01 s=[ 0 0 0 1 1 1 1 0 0 0 0 0 1 1 1 0 0 0 0 0 0 1 0 1 1 1 1 1 1 1 1 1 1 1 1 1 ]
d13=7.272941651682 eijMax=3.553E-03 rmsd=1.625E+01 s=[ 0 0 0 0 0 0 0 1 1 1 1 1 0 0 0 1 1 1 1 1 1 0 1 0 0 0 0 0 0 0 0 0 0 0 0 0 ]
d13=7.272941651682 eijMax=3.553E-03 rmsd=1.625E+01 s=[ 0 0 0 1 1 1 1 0 0 0 0 0 1 1 1 0 0 0 0 0 0 1 0 1 1 1 1 1 1 1 1 1 1 1 1 1 ]
d13=7.273636687057 eijMax=4.468E-03 rmsd=1.625E+01 s=[ 0 0 0 0 0 0 0 1 1 1 1 1 0 0 0 1 1 1 1 1 1 0 1 0 0 0 0 0 0 0 0 0 0 0 0 0 ]
d13=7.273636687057 eijMax=4.468E-03 rmsd=1.625E+01 s=[ 0 0 0 1 1 1 1 0 0 0 0 0 1 1 1 0 0 0 0 0 0 1 0 1 1 1 1 1 1 1 1 1 1 1 1 1 ]
d13=7.274331722432 eijMax=5.384E-03 rmsd=1.625E+01 s=[ 0 0 0 0 0 0 0 1 1 1 1 1 0 0 0 1 1 1 1 1 1 0 1 0 0 0 0 0 0 0 0 0 0 0 0 0 ]
d13=7.274331722432 eijMax=5.384E-03 rmsd=1.625E+01 s=[ 0 0 0 1 1 1 1 0 0 0 0 0 1 1 1 0 0 0 0 0 0 1 0 1 1 1 1 1 1 1 1 1 1 1 1 1 ]
d13=7.275026757808 eijMax=6.300E-03 rmsd=1.625E+01 s=[ 0 0 0 0 0 0 0 1 1 1 1 1 0 0 0 1 1 1 1 1 1 0 1 0 0 0 0 0 0 0 0 0 0 0 0 0 ]
d13=7.275026757808 eijMax=6.300E-03 rmsd=1.625E+01 s=[ 0 0 0 1 1 1 1 0 0 0 0 0 1 1 1 0 0 0 0 0 0 1 0 1 1 1 1 1 1 1 1 1 1 1 1 1 ]
d13=7.275721793183 eijMax=7.217E-03 rmsd=1.625E+01 s=[ 0 0 0 0 0 0 0 1 1 1 1 1 0 0 0 1 1 1 1 1 1 0 1 0 0 0 0 0 0 0 0 0 0 0 0 0 ]
d13=7.275721793183 eijMax=7.217E-03 rmsd=1.625E+01 s=[ 0 0 0 1 1 1 1 0 0 0 0 0 1 1 1 0 0 0 0 0 0 1 0 1 1 1 1 1 1 1 1 1 1 1 1 1 ]
d13=7.276416828559 eijMax=8.134E-03 rmsd=1.625E+01 s=[ 0 0 0 0 0 0 0 1 1 1 1 1 0 0 0 1 1 1 1 1 1 0 1 0 0 0 0 0 0 0 0 0 0 0 0 0 ]
d13=7.276416828559 eijMax=8.134E-03 rmsd=1.625E+01 s=[ 0 0 0 1 1 1 1 0 0 0 0 0 1 1 1 0 0 0 0 0 0 1 0 1 1 1 1 1 1 1 1 1 1 1 1 1 ]
d13=7.277111863934 eijMax=9.052E-03 rmsd=1.625E+01 s=[ 0 0 0 0 0 0 0 1 1 1 1 1 0 0 0 1 1 1 1 1 1 0 1 0 0 0 0 0 0 0 0 0 0 0 0 0 ]
d13=7.277111863934 eijMax=9.052E-03 rmsd=1.625E+01 s=[ 0 0 0 1 1 1 1 0 0 0 0 0 1 1 1 0 0 0 0 0 0 1 0 1 1 1 1 1 1 1 1 1 1 1 1 1 ]
d13=7.277806899309 eijMax=9.971E-03 rmsd=1.625E+01 s=[ 0 0 0 0 0 0 0 1 1 1 1 1 0 0 0 1 1 1 1 1 1 0 1 0 0 0 0 0 0 0 0 0 0 0 0 0 ]
d13=7.277806899309 eijMax=9.971E-03 rmsd=1.625E+01 s=[ 0 0 0 1 1 1 1 0 0 0 0 0 1 1 1 0 0 0 0 0 0 1 0 1 1 1 1 1 1 1 1 1 1 1 1 1 ]
d13=7.360516108979 eijMax=9.404E-03 rmsd=1.432E+01 s=[ 0 0 0 0 1 1 1 0 0 0 0 0 0 0 0 1 1 1 1 1 1 0 1 0 0 0 0 0 0 0 0 0 0 0 0 0 ]
d13=7.360516108979 eijMax=9.404E-03 rmsd=1.432E+01 s=[ 0 0 0 1 0 0 0 1 1 1 1 1 1 1 1 0 0 0 0 0 0 1 0 1 1 1 1 1 1 1 1 1 1 1 1 1 ]
d13=7.361211144354 eijMax=8.437E-03 rmsd=1.432E+01 s=[ 0 0 0 0 1 1 1 0 0 0 0 0 0 0 0 1 1 1 1 1 1 0 1 0 0 0 0 0 0 0 0 0 0 0 0 0 ]
d13=7.361211144354 eijMax=8.437E-03 rmsd=1.432E+01 s=[ 0 0 0 1 0 0 0 1 1 1 1 1 1 1 1 0 0 0 0 0 0 1 0 1 1 1 1 1 1 1 1 1 1 1 1 1 ]
d13=7.361906179730 eijMax=7.467E-03 rmsd=1.432E+01 s=[ 0 0 0 0 1 1 1 0 0 0 0 0 0 0 0 1 1 1 1 1 1 0 1 0 0 0 0 0 0 0 0 0 0 0 0 0 ]
d13=7.361906179730 eijMax=7.467E-03 rmsd=1.432E+01 s=[ 0 0 0 1 0 0 0 1 1 1 1 1 1 1 1 0 0 0 0 0 0 1 0 1 1 1 1 1 1 1 1 1 1 1 1 1 ]
d13=7.362601215105 eijMax=6.496E-03 rmsd=1.432E+01 s=[ 0 0 0 0 1 1 1 0 0 0 0 0 0 0 0 1 1 1 1 1 1 0 1 0 0 0 0 0 0 0 0 0 0 0 0 0 ]
d13=7.362601215105 eijMax=6.496E-03 rmsd=1.432E+01 s=[ 0 0 0 1 0 0 0 1 1 1 1 1 1 1 1 0 0 0 0 0 0 1 0 1 1 1 1 1 1 1 1 1 1 1 1 1 ]
d13=7.363296250480 eijMax=5.523E-03 rmsd=1.432E+01 s=[ 0 0 0 0 1 1 1 0 0 0 0 0 0 0 0 1 1 1 1 1 1 0 1 0 0 0 0 0 0 0 0 0 0 0 0 0 ]
d13=7.363296250480 eijMax=5.523E-03 rmsd=1.432E+01 s=[ 0 0 0 1 0 0 0 1 1 1 1 1 1 1 1 0 0 0 0 0 0 1 0 1 1 1 1 1 1 1 1 1 1 1 1 1 ]
d13=7.363991285856 eijMax=4.547E-03 rmsd=1.432E+01 s=[ 0 0 0 0 1 1 1 0 0 0 0 0 0 0 0 1 1 1 1 1 1 0 1 0 0 0 0 0 0 0 0 0 0 0 0 0 ]
d13=7.363991285856 eijMax=4.547E-03 rmsd=1.432E+01 s=[ 0 0 0 1 0 0 0 1 1 1 1 1 1 1 1 0 0 0 0 0 0 1 0 1 1 1 1 1 1 1 1 1 1 1 1 1 ]
d13=7.364686321231 eijMax=3.570E-03 rmsd=1.432E+01 s=[ 0 0 0 0 1 1 1 0 0 0 0 0 0 0 0 1 1 1 1 1 1 0 1 0 0 0 0 0 0 0 0 0 0 0 0 0 ]
d13=7.364686321231 eijMax=3.570E-03 rmsd=1.432E+01 s=[ 0 0 0 1 0 0 0 1 1 1 1 1 1 1 1 0 0 0 0 0 0 1 0 1 1 1 1 1 1 1 1 1 1 1 1 1 ]
d13=7.365381356607 eijMax=2.591E-03 rmsd=1.432E+01 s=[ 0 0 0 0 1 1 1 0 0 0 0 0 0 0 0 1 1 1 1 1 1 0 1 0 0 0 0 0 0 0 0 0 0 0 0 0 ]
d13=7.365381356607 eijMax=2.591E-03 rmsd=1.432E+01 s=[ 0 0 0 1 0 0 0 1 1 1 1 1 1 1 1 0 0 0 0 0 0 1 0 1 1 1 1 1 1 1 1 1 1 1 1 1 ]
d13=7.366076391982 eijMax=1.611E-03 rmsd=1.432E+01 s=[ 0 0 0 0 1 1 1 0 0 0 0 0 0 0 0 1 1 1 1 1 1 0 1 0 0 0 0 0 0 0 0 0 0 0 0 0 ]
d13=7.366076391982 eijMax=1.611E-03 rmsd=1.432E+01 s=[ 0 0 0 1 0 0 0 1 1 1 1 1 1 1 1 0 0 0 0 0 0 1 0 1 1 1 1 1 1 1 1 1 1 1 1 1 ]
d13=7.366771427357 eijMax=6.280E-04 rmsd=1.431E+01 s=[ 0 0 0 0 1 1 1 0 0 0 0 0 0 0 0 1 1 1 1 1 1 0 1 0 0 0 0 0 0 0 0 0 0 0 0 0 ]
d13=7.366771427357 eijMax=6.280E-04 rmsd=1.431E+01 s=[ 0 0 0 1 0 0 0 1 1 1 1 1 1 1 1 0 0 0 0 0 0 1 0 1 1 1 1 1 1 1 1 1 1 1 1 1 ]
d13=7.367466462733 eijMax=3.566E-04 rmsd=1.431E+01 s=[ 0 0 0 0 1 1 1 0 0 0 0 0 0 0 0 1 1 1 1 1 1 0 1 0 0 0 0 0 0 0 0 0 0 0 0 0 ]
d13=7.367466462733 eijMax=3.566E-04 rmsd=1.431E+01 s=[ 0 0 0 1 0 0 0 1 1 1 1 1 1 1 1 0 0 0 0 0 0 1 0 1 1 1 1 1 1 1 1 1 1 1 1 1 ]
d13=7.368161498108 eijMax=1.343E-03 rmsd=1.431E+01 s=[ 0 0 0 0 1 1 1 0 0 0 0 0 0 0 0 1 1 1 1 1 1 0 1 0 0 0 0 0 0 0 0 0 0 0 0 0 ]
d13=7.368161498108 eijMax=1.343E-03 rmsd=1.431E+01 s=[ 0 0 0 1 0 0 0 1 1 1 1 1 1 1 1 0 0 0 0 0 0 1 0 1 1 1 1 1 1 1 1 1 1 1 1 1 ]
d13=7.368856533483 eijMax=2.331E-03 rmsd=1.431E+01 s=[ 0 0 0 0 1 1 1 0 0 0 0 0 0 0 0 1 1 1 1 1 1 0 1 0 0 0 0 0 0 0 0 0 0 0 0 0 ]
d13=7.368856533483 eijMax=2.331E-03 rmsd=1.431E+01 s=[ 0 0 0 1 0 0 0 1 1 1 1 1 1 1 1 0 0 0 0 0 0 1 0 1 1 1 1 1 1 1 1 1 1 1 1 1 ]
d13=7.369551568859 eijMax=3.322E-03 rmsd=1.431E+01 s=[ 0 0 0 0 1 1 1 0 0 0 0 0 0 0 0 1 1 1 1 1 1 0 1 0 0 0 0 0 0 0 0 0 0 0 0 0 ]
d13=7.369551568859 eijMax=3.322E-03 rmsd=1.431E+01 s=[ 0 0 0 1 0 0 0 1 1 1 1 1 1 1 1 0 0 0 0 0 0 1 0 1 1 1 1 1 1 1 1 1 1 1 1 1 ]
d13=7.370246604234 eijMax=4.314E-03 rmsd=1.431E+01 s=[ 0 0 0 0 1 1 1 0 0 0 0 0 0 0 0 1 1 1 1 1 1 0 1 0 0 0 0 0 0 0 0 0 0 0 0 0 ]
d13=7.370246604234 eijMax=4.314E-03 rmsd=1.431E+01 s=[ 0 0 0 1 0 0 0 1 1 1 1 1 1 1 1 0 0 0 0 0 0 1 0 1 1 1 1 1 1 1 1 1 1 1 1 1 ]
d13=7.370941639610 eijMax=5.308E-03 rmsd=1.431E+01 s=[ 0 0 0 0 1 1 1 0 0 0 0 0 0 0 0 1 1 1 1 1 1 0 1 0 0 0 0 0 0 0 0 0 0 0 0 0 ]
d13=7.370941639610 eijMax=5.308E-03 rmsd=1.431E+01 s=[ 0 0 0 1 0 0 0 1 1 1 1 1 1 1 1 0 0 0 0 0 0 1 0 1 1 1 1 1 1 1 1 1 1 1 1 1 ]
d13=7.371636674985 eijMax=6.304E-03 rmsd=1.431E+01 s=[ 0 0 0 0 1 1 1 0 0 0 0 0 0 0 0 1 1 1 1 1 1 0 1 0 0 0 0 0 0 0 0 0 0 0 0 0 ]
d13=7.371636674985 eijMax=6.304E-03 rmsd=1.431E+01 s=[ 0 0 0 1 0 0 0 1 1 1 1 1 1 1 1 0 0 0 0 0 0 1 0 1 1 1 1 1 1 1 1 1 1 1 1 1 ]
d13=7.372331710360 eijMax=7.302E-03 rmsd=1.431E+01 s=[ 0 0 0 0 1 1 1 0 0 0 0 0 0 0 0 1 1 1 1 1 1 0 1 0 0 0 0 0 0 0 0 0 0 0 0 0 ]
d13=7.372331710360 eijMax=7.302E-03 rmsd=1.431E+01 s=[ 0 0 0 1 0 0 0 1 1 1 1 1 1 1 1 0 0 0 0 0 0 1 0 1 1 1 1 1 1 1 1 1 1 1 1 1 ]
d13=7.373026745736 eijMax=8.302E-03 rmsd=1.431E+01 s=[ 0 0 0 0 1 1 1 0 0 0 0 0 0 0 0 1 1 1 1 1 1 0 1 0 0 0 0 0 0 0 0 0 0 0 0 0 ]
d13=7.373026745736 eijMax=8.302E-03 rmsd=1.431E+01 s=[ 0 0 0 1 0 0 0 1 1 1 1 1 1 1 1 0 0 0 0 0 0 1 0 1 1 1 1 1 1 1 1 1 1 1 1 1 ]
d13=7.373721781111 eijMax=9.303E-03 rmsd=1.431E+01 s=[ 0 0 0 0 1 1 1 0 0 0 0 0 0 0 0 1 1 1 1 1 1 0 1 0 0 0 0 0 0 0 0 0 0 0 0 0 ]
d13=7.373721781111 eijMax=9.303E-03 rmsd=1.431E+01 s=[ 0 0 0 1 0 0 0 1 1 1 1 1 1 1 1 0 0 0 0 0 0 1 0 1 1 1 1 1 1 1 1 1 1 1 1 1 ]
d13=7.393877806997 eijMax=9.332E-03 rmsd=9.963E+00 s=[ 0 0 0 0 0 0 0 1 1 1 1 1 0 0 0 1 1 1 1 1 1 1 0 1 1 1 1 1 1 1 1 1 1 1 1 1 ]
d13=7.393877806997 eijMax=9.332E-03 rmsd=9.963E+00 s=[ 0 0 0 1 1 1 1 0 0 0 0 0 1 1 1 0 0 0 0 0 0 0 1 0 0 0 0 0 0 0 0 0 0 0 0 0 ]
d13=7.394572842372 eijMax=8.473E-03 rmsd=9.964E+00 s=[ 0 0 0 0 0 0 0 1 1 1 1 1 0 0 0 1 1 1 1 1 1 1 0 1 1 1 1 1 1 1 1 1 1 1 1 1 ]
d13=7.394572842372 eijMax=8.473E-03 rmsd=9.964E+00 s=[ 0 0 0 1 1 1 1 0 0 0 0 0 1 1 1 0 0 0 0 0 0 0 1 0 0 0 0 0 0 0 0 0 0 0 0 0 ]
d13=7.395267877748 eijMax=7.614E-03 rmsd=9.965E+00 s=[ 0 0 0 0 0 0 0 1 1 1 1 1 0 0 0 1 1 1 1 1 1 1 0 1 1 1 1 1 1 1 1 1 1 1 1 1 ]
d13=7.395267877748 eijMax=7.614E-03 rmsd=9.965E+00 s=[ 0 0 0 1 1 1 1 0 0 0 0 0 1 1 1 0 0 0 0 0 0 0 1 0 0 0 0 0 0 0 0 0 0 0 0 0 ]
d13=7.395962913123 eijMax=6.757E-03 rmsd=9.966E+00 s=[ 0 0 0 0 0 0 0 1 1 1 1 1 0 0 0 1 1 1 1 1 1 1 0 1 1 1 1 1 1 1 1 1 1 1 1 1 ]
d13=7.395962913123 eijMax=6.757E-03 rmsd=9.966E+00 s=[ 0 0 0 1 1 1 1 0 0 0 0 0 1 1 1 0 0 0 0 0 0 0 1 0 0 0 0 0 0 0 0 0 0 0 0 0 ]
d13=7.396657948498 eijMax=5.900E-03 rmsd=9.967E+00 s=[ 0 0 0 0 0 0 0 1 1 1 1 1 0 0 0 1 1 1 1 1 1 1 0 1 1 1 1 1 1 1 1 1 1 1 1 1 ]
d13=7.396657948498 eijMax=5.900E-03 rmsd=9.967E+00 s=[ 0 0 0 1 1 1 1 0 0 0 0 0 1 1 1 0 0 0 0 0 0 0 1 0 0 0 0 0 0 0 0 0 0 0 0 0 ]
d13=7.397352983874 eijMax=5.045E-03 rmsd=9.968E+00 s=[ 0 0 0 0 0 0 0 1 1 1 1 1 0 0 0 1 1 1 1 1 1 1 0 1 1 1 1 1 1 1 1 1 1 1 1 1 ]
d13=7.397352983874 eijMax=5.045E-03 rmsd=9.968E+00 s=[ 0 0 0 1 1 1 1 0 0 0 0 0 1 1 1 0 0 0 0 0 0 0 1 0 0 0 0 0 0 0 0 0 0 0 0 0 ]
d13=7.398048019249 eijMax=4.192E-03 rmsd=9.969E+00 s=[ 0 0 0 0 0 0 0 1 1 1 1 1 0 0 0 1 1 1 1 1 1 1 0 1 1 1 1 1 1 1 1 1 1 1 1 1 ]
d13=7.398048019249 eijMax=4.192E-03 rmsd=9.969E+00 s=[ 0 0 0 1 1 1 1 0 0 0 0 0 1 1 1 0 0 0 0 0 0 0 1 0 0 0 0 0 0 0 0 0 0 0 0 0 ]
d13=7.398743054625 eijMax=3.339E-03 rmsd=9.970E+00 s=[ 0 0 0 0 0 0 0 1 1 1 1 1 0 0 0 1 1 1 1 1 1 1 0 1 1 1 1 1 1 1 1 1 1 1 1 1 ]
d13=7.398743054625 eijMax=3.339E-03 rmsd=9.970E+00 s=[ 0 0 0 1 1 1 1 0 0 0 0 0 1 1 1 0 0 0 0 0 0 0 1 0 0 0 0 0 0 0 0 0 0 0 0 0 ]
d13=7.399438090000 eijMax=2.488E-03 rmsd=9.971E+00 s=[ 0 0 0 0 0 0 0 1 1 1 1 1 0 0 0 1 1 1 1 1 1 1 0 1 1 1 1 1 1 1 1 1 1 1 1 1 ]
d13=7.399438090000 eijMax=2.488E-03 rmsd=9.971E+00 s=[ 0 0 0 1 1 1 1 0 0 0 0 0 1 1 1 0 0 0 0 0 0 0 1 0 0 0 0 0 0 0 0 0 0 0 0 0 ]
d13=7.400133125375 eijMax=1.638E-03 rmsd=9.971E+00 s=[ 0 0 0 0 0 0 0 1 1 1 1 1 0 0 0 1 1 1 1 1 1 1 0 1 1 1 1 1 1 1 1 1 1 1 1 1 ]
d13=7.400133125375 eijMax=1.638E-03 rmsd=9.971E+00 s=[ 0 0 0 1 1 1 1 0 0 0 0 0 1 1 1 0 0 0 0 0 0 0 1 0 0 0 0 0 0 0 0 0 0 0 0 0 ]
d13=7.400828160751 eijMax=7.892E-04 rmsd=9.972E+00 s=[ 0 0 0 0 0 0 0 1 1 1 1 1 0 0 0 1 1 1 1 1 1 1 0 1 1 1 1 1 1 1 1 1 1 1 1 1 ]
d13=7.400828160751 eijMax=7.892E-04 rmsd=9.972E+00 s=[ 0 0 0 1 1 1 1 0 0 0 0 0 1 1 1 0 0 0 0 0 0 0 1 0 0 0 0 0 0 0 0 0 0 0 0 0 ]
d13=7.401523196126 eijMax=5.831E-05 rmsd=9.973E+00 s=[ 0 0 0 0 0 0 0 1 1 1 1 1 0 0 0 1 1 1 1 1 1 1 0 1 1 1 1 1 1 1 1 1 1 1 1 1 ]
d13=7.401523196126 eijMax=5.831E-05 rmsd=9.973E+00 s=[ 0 0 0 1 1 1 1 0 0 0 0 0 1 1 1 0 0 0 0 0 0 0 1 0 0 0 0 0 0 0 0 0 0 0 0 0 ]
d13=7.402218231502 eijMax=9.046E-04 rmsd=9.974E+00 s=[ 0 0 0 0 0 0 0 1 1 1 1 1 0 0 0 1 1 1 1 1 1 1 0 1 1 1 1 1 1 1 1 1 1 1 1 1 ]
d13=7.402218231502 eijMax=9.046E-04 rmsd=9.974E+00 s=[ 0 0 0 1 1 1 1 0 0 0 0 0 1 1 1 0 0 0 0 0 0 0 1 0 0 0 0 0 0 0 0 0 0 0 0 0 ]
d13=7.402913266877 eijMax=1.750E-03 rmsd=9.975E+00 s=[ 0 0 0 0 0 0 0 1 1 1 1 1 0 0 0 1 1 1 1 1 1 1 0 1 1 1 1 1 1 1 1 1 1 1 1 1 ]
d13=7.402913266877 eijMax=1.750E-03 rmsd=9.975E+00 s=[ 0 0 0 1 1 1 1 0 0 0 0 0 1 1 1 0 0 0 0 0 0 0 1 0 0 0 0 0 0 0 0 0 0 0 0 0 ]
d13=7.403608302252 eijMax=2.594E-03 rmsd=9.976E+00 s=[ 0 0 0 0 0 0 0 1 1 1 1 1 0 0 0 1 1 1 1 1 1 1 0 1 1 1 1 1 1 1 1 1 1 1 1 1 ]
d13=7.403608302252 eijMax=2.594E-03 rmsd=9.976E+00 s=[ 0 0 0 1 1 1 1 0 0 0 0 0 1 1 1 0 0 0 0 0 0 0 1 0 0 0 0 0 0 0 0 0 0 0 0 0 ]
d13=7.404303337628 eijMax=3.436E-03 rmsd=9.977E+00 s=[ 0 0 0 0 0 0 0 1 1 1 1 1 0 0 0 1 1 1 1 1 1 1 0 1 1 1 1 1 1 1 1 1 1 1 1 1 ]
d13=7.404303337628 eijMax=3.436E-03 rmsd=9.977E+00 s=[ 0 0 0 1 1 1 1 0 0 0 0 0 1 1 1 0 0 0 0 0 0 0 1 0 0 0 0 0 0 0 0 0 0 0 0 0 ]
d13=7.404998373003 eijMax=4.277E-03 rmsd=9.978E+00 s=[ 0 0 0 0 0 0 0 1 1 1 1 1 0 0 0 1 1 1 1 1 1 1 0 1 1 1 1 1 1 1 1 1 1 1 1 1 ]
d13=7.404998373003 eijMax=4.277E-03 rmsd=9.978E+00 s=[ 0 0 0 1 1 1 1 0 0 0 0 0 1 1 1 0 0 0 0 0 0 0 1 0 0 0 0 0 0 0 0 0 0 0 0 0 ]
d13=7.405693408378 eijMax=5.118E-03 rmsd=9.979E+00 s=[ 0 0 0 0 0 0 0 1 1 1 1 1 0 0 0 1 1 1 1 1 1 1 0 1 1 1 1 1 1 1 1 1 1 1 1 1 ]
d13=7.405693408378 eijMax=5.118E-03 rmsd=9.979E+00 s=[ 0 0 0 1 1 1 1 0 0 0 0 0 1 1 1 0 0 0 0 0 0 0 1 0 0 0 0 0 0 0 0 0 0 0 0 0 ]
d13=7.406388443754 eijMax=5.956E-03 rmsd=9.980E+00 s=[ 0 0 0 0 0 0 0 1 1 1 1 1 0 0 0 1 1 1 1 1 1 1 0 1 1 1 1 1 1 1 1 1 1 1 1 1 ]
d13=7.406388443754 eijMax=5.956E-03 rmsd=9.980E+00 s=[ 0 0 0 1 1 1 1 0 0 0 0 0 1 1 1 0 0 0 0 0 0 0 1 0 0 0 0 0 0 0 0 0 0 0 0 0 ]
d13=7.407083479129 eijMax=6.794E-03 rmsd=9.981E+00 s=[ 0 0 0 0 0 0 0 1 1 1 1 1 0 0 0 1 1 1 1 1 1 1 0 1 1 1 1 1 1 1 1 1 1 1 1 1 ]
d13=7.407083479129 eijMax=6.794E-03 rmsd=9.981E+00 s=[ 0 0 0 1 1 1 1 0 0 0 0 0 1 1 1 0 0 0 0 0 0 0 1 0 0 0 0 0 0 0 0 0 0 0 0 0 ]
d13=7.407778514505 eijMax=7.631E-03 rmsd=9.982E+00 s=[ 0 0 0 0 0 0 0 1 1 1 1 1 0 0 0 1 1 1 1 1 1 1 0 1 1 1 1 1 1 1 1 1 1 1 1 1 ]
d13=7.407778514505 eijMax=7.631E-03 rmsd=9.982E+00 s=[ 0 0 0 1 1 1 1 0 0 0 0 0 1 1 1 0 0 0 0 0 0 0 1 0 0 0 0 0 0 0 0 0 0 0 0 0 ]
d13=7.408473549880 eijMax=8.466E-03 rmsd=9.983E+00 s=[ 0 0 0 0 0 0 0 1 1 1 1 1 0 0 0 1 1 1 1 1 1 1 0 1 1 1 1 1 1 1 1 1 1 1 1 1 ]
d13=7.408473549880 eijMax=8.466E-03 rmsd=9.983E+00 s=[ 0 0 0 1 1 1 1 0 0 0 0 0 1 1 1 0 0 0 0 0 0 0 1 0 0 0 0 0 0 0 0 0 0 0 0 0 ]
d13=7.409168585255 eijMax=9.300E-03 rmsd=9.984E+00 s=[ 0 0 0 0 0 0 0 1 1 1 1 1 0 0 0 1 1 1 1 1 1 1 0 1 1 1 1 1 1 1 1 1 1 1 1 1 ]
d13=7.409168585255 eijMax=9.300E-03 rmsd=9.984E+00 s=[ 0 0 0 1 1 1 1 0 0 0 0 0 1 1 1 0 0 0 0 0 0 0 1 0 0 0 0 0 0 0 0 0 0 0 0 0 ]
d13=7.457126026156 eijMax=9.428E-03 rmsd=1.219E+01 s=[ 0 0 0 0 0 1 1 0 0 0 0 0 0 1 1 0 0 0 0 0 0 1 0 1 1 1 1 1 1 1 1 1 1 1 1 1 ]
d13=7.457126026156 eijMax=9.428E-03 rmsd=1.219E+01 s=[ 0 0 0 1 1 0 0 1 1 1 1 1 1 0 0 1 1 1 1 1 1 0 1 0 0 0 0 0 0 0 0 0 0 0 0 0 ]
d13=7.457821061532 eijMax=7.386E-03 rmsd=1.218E+01 s=[ 0 0 0 0 0 1 1 0 0 0 0 0 0 1 1 0 0 0 0 0 0 1 0 1 1 1 1 1 1 1 1 1 1 1 1 1 ]
d13=7.457821061532 eijMax=7.386E-03 rmsd=1.218E+01 s=[ 0 0 0 1 1 0 0 1 1 1 1 1 1 0 0 1 1 1 1 1 1 0 1 0 0 0 0 0 0 0 0 0 0 0 0 0 ]
d13=7.458516096907 eijMax=5.308E-03 rmsd=1.218E+01 s=[ 0 0 0 0 0 1 1 0 0 0 0 0 0 1 1 0 0 0 0 0 0 1 0 1 1 1 1 1 1 1 1 1 1 1 1 1 ]
d13=7.458516096907 eijMax=5.308E-03 rmsd=1.218E+01 s=[ 0 0 0 1 1 0 0 1 1 1 1 1 1 0 0 1 1 1 1 1 1 0 1 0 0 0 0 0 0 0 0 0 0 0 0 0 ]
d13=7.459211132282 eijMax=3.193E-03 rmsd=1.217E+01 s=[ 0 0 0 0 0 1 1 0 0 0 0 0 0 1 1 0 0 0 0 0 0 1 0 1 1 1 1 1 1 1 1 1 1 1 1 1 ]
d13=7.459211132282 eijMax=3.193E-03 rmsd=1.217E+01 s=[ 0 0 0 1 1 0 0 1 1 1 1 1 1 0 0 1 1 1 1 1 1 0 1 0 0 0 0 0 0 0 0 0 0 0 0 0 ]
d13=7.459906167658 eijMax=1.039E-03 rmsd=1.217E+01 s=[ 0 0 0 0 0 1 1 0 0 0 0 0 0 1 1 0 0 0 0 0 0 1 0 1 1 1 1 1 1 1 1 1 1 1 1 1 ]
d13=7.459906167658 eijMax=1.039E-03 rmsd=1.217E+01 s=[ 0 0 0 1 1 0 0 1 1 1 1 1 1 0 0 1 1 1 1 1 1 0 1 0 0 0 0 0 0 0 0 0 0 0 0 0 ]
d13=7.460601203033 eijMax=1.153E-03 rmsd=1.217E+01 s=[ 0 0 0 0 0 1 1 0 0 0 0 0 0 1 1 0 0 0 0 0 0 1 0 1 1 1 1 1 1 1 1 1 1 1 1 1 ]
d13=7.460601203033 eijMax=1.153E-03 rmsd=1.217E+01 s=[ 0 0 0 1 1 0 0 1 1 1 1 1 1 0 0 1 1 1 1 1 1 0 1 0 0 0 0 0 0 0 0 0 0 0 0 0 ]
d13=7.461296238408 eijMax=3.384E-03 rmsd=1.216E+01 s=[ 0 0 0 0 0 1 1 0 0 0 0 0 0 1 1 0 0 0 0 0 0 1 0 1 1 1 1 1 1 1 1 1 1 1 1 1 ]
d13=7.461296238408 eijMax=3.384E-03 rmsd=1.216E+01 s=[ 0 0 0 1 1 0 0 1 1 1 1 1 1 0 0 1 1 1 1 1 1 0 1 0 0 0 0 0 0 0 0 0 0 0 0 0 ]
d13=7.461991273784 eijMax=5.656E-03 rmsd=1.216E+01 s=[ 0 0 0 0 0 1 1 0 0 0 0 0 0 1 1 0 0 0 0 0 0 1 0 1 1 1 1 1 1 1 1 1 1 1 1 1 ]
d13=7.461991273784 eijMax=5.656E-03 rmsd=1.216E+01 s=[ 0 0 0 1 1 0 0 1 1 1 1 1 1 0 0 1 1 1 1 1 1 0 1 0 0 0 0 0 0 0 0 0 0 0 0 0 ]
d13=7.462686309159 eijMax=7.970E-03 rmsd=1.215E+01 s=[ 0 0 0 0 0 1 1 0 0 0 0 0 0 1 1 0 0 0 0 0 0 1 0 1 1 1 1 1 1 1 1 1 1 1 1 1 ]
d13=7.462686309159 eijMax=7.970E-03 rmsd=1.215E+01 s=[ 0 0 0 1 1 0 0 1 1 1 1 1 1 0 0 1 1 1 1 1 1 0 1 0 0 0 0 0 0 0 0 0 0 0 0 0 ]
d13=7.471721769039 eijMax=9.496E-03 rmsd=1.214E+01 s=[ 0 0 0 0 1 1 1 0 0 0 0 0 0 0 0 1 1 1 1 1 1 1 0 1 1 1 1 1 1 1 1 1 1 1 1 1 ]
d13=7.471721769039 eijMax=9.496E-03 rmsd=1.214E+01 s=[ 0 0 0 1 0 0 0 1 1 1 1 1 1 1 1 0 0 0 0 0 0 0 1 0 0 0 0 0 0 0 0 0 0 0 0 0 ]
d13=7.472416804414 eijMax=8.383E-03 rmsd=1.214E+01 s=[ 0 0 0 0 1 1 1 0 0 0 0 0 0 0 0 1 1 1 1 1 1 1 0 1 1 1 1 1 1 1 1 1 1 1 1 1 ]
d13=7.472416804414 eijMax=8.383E-03 rmsd=1.214E+01 s=[ 0 0 0 1 0 0 0 1 1 1 1 1 1 1 1 0 0 0 0 0 0 0 1 0 0 0 0 0 0 0 0 0 0 0 0 0 ]
d13=7.473111839790 eijMax=7.271E-03 rmsd=1.214E+01 s=[ 0 0 0 0 1 1 1 0 0 0 0 0 0 0 0 1 1 1 1 1 1 1 0 1 1 1 1 1 1 1 1 1 1 1 1 1 ]
d13=7.473111839790 eijMax=7.271E-03 rmsd=1.214E+01 s=[ 0 0 0 1 0 0 0 1 1 1 1 1 1 1 1 0 0 0 0 0 0 0 1 0 0 0 0 0 0 0 0 0 0 0 0 0 ]
d13=7.473806875165 eijMax=6.159E-03 rmsd=1.214E+01 s=[ 0 0 0 0 1 1 1 0 0 0 0 0 0 0 0 1 1 1 1 1 1 1 0 1 1 1 1 1 1 1 1 1 1 1 1 1 ]
d13=7.473806875165 eijMax=6.159E-03 rmsd=1.214E+01 s=[ 0 0 0 1 0 0 0 1 1 1 1 1 1 1 1 0 0 0 0 0 0 0 1 0 0 0 0 0 0 0 0 0 0 0 0 0 ]
d13=7.474501910541 eijMax=5.048E-03 rmsd=1.214E+01 s=[ 0 0 0 0 1 1 1 0 0 0 0 0 0 0 0 1 1 1 1 1 1 1 0 1 1 1 1 1 1 1 1 1 1 1 1 1 ]
d13=7.474501910541 eijMax=5.048E-03 rmsd=1.214E+01 s=[ 0 0 0 1 0 0 0 1 1 1 1 1 1 1 1 0 0 0 0 0 0 0 1 0 0 0 0 0 0 0 0 0 0 0 0 0 ]
d13=7.475196945916 eijMax=3.938E-03 rmsd=1.214E+01 s=[ 0 0 0 0 1 1 1 0 0 0 0 0 0 0 0 1 1 1 1 1 1 1 0 1 1 1 1 1 1 1 1 1 1 1 1 1 ]
d13=7.475196945916 eijMax=3.938E-03 rmsd=1.214E+01 s=[ 0 0 0 1 0 0 0 1 1 1 1 1 1 1 1 0 0 0 0 0 0 0 1 0 0 0 0 0 0 0 0 0 0 0 0 0 ]
d13=7.475891981291 eijMax=2.828E-03 rmsd=1.214E+01 s=[ 0 0 0 0 1 1 1 0 0 0 0 0 0 0 0 1 1 1 1 1 1 1 0 1 1 1 1 1 1 1 1 1 1 1 1 1 ]
d13=7.475891981291 eijMax=2.828E-03 rmsd=1.214E+01 s=[ 0 0 0 1 0 0 0 1 1 1 1 1 1 1 1 0 0 0 0 0 0 0 1 0 0 0 0 0 0 0 0 0 0 0 0 0 ]
d13=7.476587016667 eijMax=9.500E-03 rmsd=1.258E+01 s=[ 0 0 0 0 1 0 0 1 1 1 1 1 0 1 1 0 0 0 0 0 1 0 1 0 0 0 0 0 0 0 0 0 0 0 0 0 ]
d13=7.476587016667 eijMax=1.719E-03 rmsd=1.214E+01 s=[ 0 0 0 0 1 1 1 0 0 0 0 0 0 0 0 1 1 1 1 1 1 1 0 1 1 1 1 1 1 1 1 1 1 1 1 1 ]
d13=7.476587016667 eijMax=1.719E-03 rmsd=1.214E+01 s=[ 0 0 0 1 0 0 0 1 1 1 1 1 1 1 1 0 0 0 0 0 0 0 1 0 0 0 0 0 0 0 0 0 0 0 0 0 ]
d13=7.476587016667 eijMax=9.500E-03 rmsd=1.258E+01 s=[ 0 0 0 1 0 1 1 0 0 0 0 0 1 0 0 1 1 1 1 1 0 1 0 1 1 1 1 1 1 1 1 1 1 1 1 1 ]
d13=7.477282052042 eijMax=8.530E-03 rmsd=1.257E+01 s=[ 0 0 0 0 1 0 0 1 1 1 1 1 0 1 1 0 0 0 0 0 1 0 1 0 0 0 0 0 0 0 0 0 0 0 0 0 ]
d13=7.477282052042 eijMax=6.105E-04 rmsd=1.213E+01 s=[ 0 0 0 0 1 1 1 0 0 0 0 0 0 0 0 1 1 1 1 1 1 1 0 1 1 1 1 1 1 1 1 1 1 1 1 1 ]
d13=7.477282052042 eijMax=6.105E-04 rmsd=1.213E+01 s=[ 0 0 0 1 0 0 0 1 1 1 1 1 1 1 1 0 0 0 0 0 0 0 1 0 0 0 0 0 0 0 0 0 0 0 0 0 ]
d13=7.477282052042 eijMax=8.530E-03 rmsd=1.257E+01 s=[ 0 0 0 1 0 1 1 0 0 0 0 0 1 0 0 1 1 1 1 1 0 1 0 1 1 1 1 1 1 1 1 1 1 1 1 1 ]
d13=7.477977087417 eijMax=7.558E-03 rmsd=1.257E+01 s=[ 0 0 0 0 1 0 0 1 1 1 1 1 0 1 1 0 0 0 0 0 1 0 1 0 0 0 0 0 0 0 0 0 0 0 0 0 ]
d13=7.477977087417 eijMax=4.974E-04 rmsd=1.213E+01 s=[ 0 0 0 0 1 1 1 0 0 0 0 0 0 0 0 1 1 1 1 1 1 1 0 1 1 1 1 1 1 1 1 1 1 1 1 1 ]
d13=7.477977087417 eijMax=4.974E-04 rmsd=1.213E+01 s=[ 0 0 0 1 0 0 0 1 1 1 1 1 1 1 1 0 0 0 0 0 0 0 1 0 0 0 0 0 0 0 0 0 0 0 0 0 ]
d13=7.477977087417 eijMax=7.558E-03 rmsd=1.257E+01 s=[ 0 0 0 1 0 1 1 0 0 0 0 0 1 0 0 1 1 1 1 1 0 1 0 1 1 1 1 1 1 1 1 1 1 1 1 1 ]
d13=7.478672122793 eijMax=6.583E-03 rmsd=1.257E+01 s=[ 0 0 0 0 1 0 0 1 1 1 1 1 0 1 1 0 0 0 0 0 1 0 1 0 0 0 0 0 0 0 0 0 0 0 0 0 ]
d13=7.478672122793 eijMax=1.605E-03 rmsd=1.213E+01 s=[ 0 0 0 0 1 1 1 0 0 0 0 0 0 0 0 1 1 1 1 1 1 1 0 1 1 1 1 1 1 1 1 1 1 1 1 1 ]
d13=7.478672122793 eijMax=1.605E-03 rmsd=1.213E+01 s=[ 0 0 0 1 0 0 0 1 1 1 1 1 1 1 1 0 0 0 0 0 0 0 1 0 0 0 0 0 0 0 0 0 0 0 0 0 ]
d13=7.478672122793 eijMax=6.583E-03 rmsd=1.257E+01 s=[ 0 0 0 1 0 1 1 0 0 0 0 0 1 0 0 1 1 1 1 1 0 1 0 1 1 1 1 1 1 1 1 1 1 1 1 1 ]
d13=7.479367158168 eijMax=5.605E-03 rmsd=1.257E+01 s=[ 0 0 0 0 1 0 0 1 1 1 1 1 0 1 1 0 0 0 0 0 1 0 1 0 0 0 0 0 0 0 0 0 0 0 0 0 ]
d13=7.479367158168 eijMax=2.712E-03 rmsd=1.213E+01 s=[ 0 0 0 0 1 1 1 0 0 0 0 0 0 0 0 1 1 1 1 1 1 1 0 1 1 1 1 1 1 1 1 1 1 1 1 1 ]
d13=7.479367158168 eijMax=2.712E-03 rmsd=1.213E+01 s=[ 0 0 0 1 0 0 0 1 1 1 1 1 1 1 1 0 0 0 0 0 0 0 1 0 0 0 0 0 0 0 0 0 0 0 0 0 ]
d13=7.479367158168 eijMax=5.605E-03 rmsd=1.257E+01 s=[ 0 0 0 1 0 1 1 0 0 0 0 0 1 0 0 1 1 1 1 1 0 1 0 1 1 1 1 1 1 1 1 1 1 1 1 1 ]
d13=7.480062193544 eijMax=4.624E-03 rmsd=1.257E+01 s=[ 0 0 0 0 1 0 0 1 1 1 1 1 0 1 1 0 0 0 0 0 1 0 1 0 0 0 0 0 0 0 0 0 0 0 0 0 ]
d13=7.480062193544 eijMax=3.818E-03 rmsd=1.213E+01 s=[ 0 0 0 0 1 1 1 0 0 0 0 0 0 0 0 1 1 1 1 1 1 1 0 1 1 1 1 1 1 1 1 1 1 1 1 1 ]
d13=7.480062193544 eijMax=3.818E-03 rmsd=1.213E+01 s=[ 0 0 0 1 0 0 0 1 1 1 1 1 1 1 1 0 0 0 0 0 0 0 1 0 0 0 0 0 0 0 0 0 0 0 0 0 ]
d13=7.480062193544 eijMax=4.624E-03 rmsd=1.257E+01 s=[ 0 0 0 1 0 1 1 0 0 0 0 0 1 0 0 1 1 1 1 1 0 1 0 1 1 1 1 1 1 1 1 1 1 1 1 1 ]
d13=7.480757228919 eijMax=3.640E-03 rmsd=1.257E+01 s=[ 0 0 0 0 1 0 0 1 1 1 1 1 0 1 1 0 0 0 0 0 1 0 1 0 0 0 0 0 0 0 0 0 0 0 0 0 ]
d13=7.480757228919 eijMax=4.923E-03 rmsd=1.213E+01 s=[ 0 0 0 0 1 1 1 0 0 0 0 0 0 0 0 1 1 1 1 1 1 1 0 1 1 1 1 1 1 1 1 1 1 1 1 1 ]
d13=7.480757228919 eijMax=4.923E-03 rmsd=1.213E+01 s=[ 0 0 0 1 0 0 0 1 1 1 1 1 1 1 1 0 0 0 0 0 0 0 1 0 0 0 0 0 0 0 0 0 0 0 0 0 ]
d13=7.480757228919 eijMax=3.640E-03 rmsd=1.257E+01 s=[ 0 0 0 1 0 1 1 0 0 0 0 0 1 0 0 1 1 1 1 1 0 1 0 1 1 1 1 1 1 1 1 1 1 1 1 1 ]
d13=7.481452264294 eijMax=2.654E-03 rmsd=1.257E+01 s=[ 0 0 0 0 1 0 0 1 1 1 1 1 0 1 1 0 0 0 0 0 1 0 1 0 0 0 0 0 0 0 0 0 0 0 0 0 ]
d13=7.481452264294 eijMax=6.028E-03 rmsd=1.213E+01 s=[ 0 0 0 0 1 1 1 0 0 0 0 0 0 0 0 1 1 1 1 1 1 1 0 1 1 1 1 1 1 1 1 1 1 1 1 1 ]
d13=7.481452264294 eijMax=6.028E-03 rmsd=1.213E+01 s=[ 0 0 0 1 0 0 0 1 1 1 1 1 1 1 1 0 0 0 0 0 0 0 1 0 0 0 0 0 0 0 0 0 0 0 0 0 ]
d13=7.481452264294 eijMax=2.654E-03 rmsd=1.257E+01 s=[ 0 0 0 1 0 1 1 0 0 0 0 0 1 0 0 1 1 1 1 1 0 1 0 1 1 1 1 1 1 1 1 1 1 1 1 1 ]
d13=7.482147299670 eijMax=1.664E-03 rmsd=1.257E+01 s=[ 0 0 0 0 1 0 0 1 1 1 1 1 0 1 1 0 0 0 0 0 1 0 1 0 0 0 0 0 0 0 0 0 0 0 0 0 ]
d13=7.482147299670 eijMax=7.133E-03 rmsd=1.213E+01 s=[ 0 0 0 0 1 1 1 0 0 0 0 0 0 0 0 1 1 1 1 1 1 1 0 1 1 1 1 1 1 1 1 1 1 1 1 1 ]
d13=7.482147299670 eijMax=7.133E-03 rmsd=1.213E+01 s=[ 0 0 0 1 0 0 0 1 1 1 1 1 1 1 1 0 0 0 0 0 0 0 1 0 0 0 0 0 0 0 0 0 0 0 0 0 ]
d13=7.482147299670 eijMax=1.664E-03 rmsd=1.257E+01 s=[ 0 0 0 1 0 1 1 0 0 0 0 0 1 0 0 1 1 1 1 1 0 1 0 1 1 1 1 1 1 1 1 1 1 1 1 1 ]
d13=7.482842335045 eijMax=6.720E-04 rmsd=1.257E+01 s=[ 0 0 0 0 1 0 0 1 1 1 1 1 0 1 1 0 0 0 0 0 1 0 1 0 0 0 0 0 0 0 0 0 0 0 0 0 ]
d13=7.482842335045 eijMax=8.236E-03 rmsd=1.213E+01 s=[ 0 0 0 0 1 1 1 0 0 0 0 0 0 0 0 1 1 1 1 1 1 1 0 1 1 1 1 1 1 1 1 1 1 1 1 1 ]
d13=7.482842335045 eijMax=8.236E-03 rmsd=1.213E+01 s=[ 0 0 0 1 0 0 0 1 1 1 1 1 1 1 1 0 0 0 0 0 0 0 1 0 0 0 0 0 0 0 0 0 0 0 0 0 ]
d13=7.482842335045 eijMax=6.720E-04 rmsd=1.257E+01 s=[ 0 0 0 1 0 1 1 0 0 0 0 0 1 0 0 1 1 1 1 1 0 1 0 1 1 1 1 1 1 1 1 1 1 1 1 1 ]
d13=7.483537370420 eijMax=3.233E-04 rmsd=1.257E+01 s=[ 0 0 0 0 1 0 0 1 1 1 1 1 0 1 1 0 0 0 0 0 1 0 1 0 0 0 0 0 0 0 0 0 0 0 0 0 ]
d13=7.483537370420 eijMax=9.339E-03 rmsd=1.213E+01 s=[ 0 0 0 0 1 1 1 0 0 0 0 0 0 0 0 1 1 1 1 1 1 1 0 1 1 1 1 1 1 1 1 1 1 1 1 1 ]
d13=7.483537370420 eijMax=9.339E-03 rmsd=1.213E+01 s=[ 0 0 0 1 0 0 0 1 1 1 1 1 1 1 1 0 0 0 0 0 0 0 1 0 0 0 0 0 0 0 0 0 0 0 0 0 ]
d13=7.483537370420 eijMax=3.233E-04 rmsd=1.257E+01 s=[ 0 0 0 1 0 1 1 0 0 0 0 0 1 0 0 1 1 1 1 1 0 1 0 1 1 1 1 1 1 1 1 1 1 1 1 1 ]
d13=7.484232405796 eijMax=1.321E-03 rmsd=1.257E+01 s=[ 0 0 0 0 1 0 0 1 1 1 1 1 0 1 1 0 0 0 0 0 1 0 1 0 0 0 0 0 0 0 0 0 0 0 0 0 ]
d13=7.484232405796 eijMax=1.321E-03 rmsd=1.257E+01 s=[ 0 0 0 1 0 1 1 0 0 0 0 0 1 0 0 1 1 1 1 1 0 1 0 1 1 1 1 1 1 1 1 1 1 1 1 1 ]
d13=7.484927441171 eijMax=2.322E-03 rmsd=1.257E+01 s=[ 0 0 0 0 1 0 0 1 1 1 1 1 0 1 1 0 0 0 0 0 1 0 1 0 0 0 0 0 0 0 0 0 0 0 0 0 ]
d13=7.484927441171 eijMax=2.322E-03 rmsd=1.257E+01 s=[ 0 0 0 1 0 1 1 0 0 0 0 0 1 0 0 1 1 1 1 1 0 1 0 1 1 1 1 1 1 1 1 1 1 1 1 1 ]
d13=7.485622476547 eijMax=3.326E-03 rmsd=1.257E+01 s=[ 0 0 0 0 1 0 0 1 1 1 1 1 0 1 1 0 0 0 0 0 1 0 1 0 0 0 0 0 0 0 0 0 0 0 0 0 ]
d13=7.485622476547 eijMax=3.326E-03 rmsd=1.257E+01 s=[ 0 0 0 1 0 1 1 0 0 0 0 0 1 0 0 1 1 1 1 1 0 1 0 1 1 1 1 1 1 1 1 1 1 1 1 1 ]
d13=7.486317511922 eijMax=4.333E-03 rmsd=1.257E+01 s=[ 0 0 0 0 1 0 0 1 1 1 1 1 0 1 1 0 0 0 0 0 1 0 1 0 0 0 0 0 0 0 0 0 0 0 0 0 ]
d13=7.486317511922 eijMax=4.333E-03 rmsd=1.257E+01 s=[ 0 0 0 1 0 1 1 0 0 0 0 0 1 0 0 1 1 1 1 1 0 1 0 1 1 1 1 1 1 1 1 1 1 1 1 1 ]
d13=7.487012547297 eijMax=5.343E-03 rmsd=1.257E+01 s=[ 0 0 0 0 1 0 0 1 1 1 1 1 0 1 1 0 0 0 0 0 1 0 1 0 0 0 0 0 0 0 0 0 0 0 0 0 ]
d13=7.487012547297 eijMax=5.343E-03 rmsd=1.257E+01 s=[ 0 0 0 1 0 1 1 0 0 0 0 0 1 0 0 1 1 1 1 1 0 1 0 1 1 1 1 1 1 1 1 1 1 1 1 1 ]
d13=7.487707582673 eijMax=6.356E-03 rmsd=1.257E+01 s=[ 0 0 0 0 1 0 0 1 1 1 1 1 0 1 1 0 0 0 0 0 1 0 1 0 0 0 0 0 0 0 0 0 0 0 0 0 ]
d13=7.487707582673 eijMax=6.356E-03 rmsd=1.257E+01 s=[ 0 0 0 1 0 1 1 0 0 0 0 0 1 0 0 1 1 1 1 1 0 1 0 1 1 1 1 1 1 1 1 1 1 1 1 1 ]
d13=7.488402618048 eijMax=7.372E-03 rmsd=1.257E+01 s=[ 0 0 0 0 1 0 0 1 1 1 1 1 0 1 1 0 0 0 0 0 1 0 1 0 0 0 0 0 0 0 0 0 0 0 0 0 ]
d13=7.488402618048 eijMax=7.372E-03 rmsd=1.257E+01 s=[ 0 0 0 1 0 1 1 0 0 0 0 0 1 0 0 1 1 1 1 1 0 1 0 1 1 1 1 1 1 1 1 1 1 1 1 1 ]
d13=7.489097653423 eijMax=8.391E-03 rmsd=1.257E+01 s=[ 0 0 0 0 1 0 0 1 1 1 1 1 0 1 1 0 0 0 0 0 1 0 1 0 0 0 0 0 0 0 0 0 0 0 0 0 ]
d13=7.489097653423 eijMax=8.391E-03 rmsd=1.257E+01 s=[ 0 0 0 1 0 1 1 0 0 0 0 0 1 0 0 1 1 1 1 1 0 1 0 1 1 1 1 1 1 1 1 1 1 1 1 1 ]
d13=7.489792688799 eijMax=9.413E-03 rmsd=1.257E+01 s=[ 0 0 0 0 1 0 0 1 1 1 1 1 0 1 1 0 0 0 0 0 1 0 1 0 0 0 0 0 0 0 0 0 0 0 0 0 ]
d13=7.489792688799 eijMax=9.413E-03 rmsd=1.257E+01 s=[ 0 0 0 1 0 1 1 0 0 0 0 0 1 0 0 1 1 1 1 1 0 1 0 1 1 1 1 1 1 1 1 1 1 1 1 1 ]
d13=7.493267865676 eijMax=8.913E-03 rmsd=1.180E+01 s=[ 0 0 0 0 0 1 1 0 0 0 0 0 0 1 1 0 0 0 0 0 0 0 1 0 0 0 0 0 0 0 0 0 0 0 0 0 ]
d13=7.493267865676 eijMax=8.913E-03 rmsd=1.180E+01 s=[ 0 0 0 1 1 0 0 1 1 1 1 1 1 0 0 1 1 1 1 1 1 1 0 1 1 1 1 1 1 1 1 1 1 1 1 1 ]
d13=7.493962901051 eijMax=4.018E-03 rmsd=1.179E+01 s=[ 0 0 0 0 0 1 1 0 0 0 0 0 0 1 1 0 0 0 0 0 0 0 1 0 0 0 0 0 0 0 0 0 0 0 0 0 ]
d13=7.493962901051 eijMax=4.018E-03 rmsd=1.179E+01 s=[ 0 0 0 1 1 0 0 1 1 1 1 1 1 0 0 1 1 1 1 1 1 1 0 1 1 1 1 1 1 1 1 1 1 1 1 1 ]
d13=7.494657936426 eijMax=9.316E-04 rmsd=1.178E+01 s=[ 0 0 0 0 0 1 1 0 0 0 0 0 0 1 1 0 0 0 0 0 0 0 1 0 0 0 0 0 0 0 0 0 0 0 0 0 ]
d13=7.494657936426 eijMax=9.316E-04 rmsd=1.178E+01 s=[ 0 0 0 1 1 0 0 1 1 1 1 1 1 0 0 1 1 1 1 1 1 1 0 1 1 1 1 1 1 1 1 1 1 1 1 1 ]
d13=7.495352971802 eijMax=5.936E-03 rmsd=1.177E+01 s=[ 0 0 0 0 0 1 1 0 0 0 0 0 0 1 1 0 0 0 0 0 0 0 1 0 0 0 0 0 0 0 0 0 0 0 0 0 ]
d13=7.495352971802 eijMax=5.936E-03 rmsd=1.177E+01 s=[ 0 0 0 1 1 0 0 1 1 1 1 1 1 0 0 1 1 1 1 1 1 1 0 1 1 1 1 1 1 1 1 1 1 1 1 1 ]
d13=7.555821049459 eijMax=9.997E-03 rmsd=8.746E+00 s=[ 0 0 0 0 0 1 1 0 0 0 0 0 1 1 1 0 0 0 0 0 1 1 0 1 1 1 1 1 1 1 1 1 1 1 1 1 ]
d13=7.555821049459 eijMax=9.997E-03 rmsd=8.746E+00 s=[ 0 0 0 1 1 0 0 1 1 1 1 1 0 0 0 1 1 1 1 1 0 0 1 0 0 0 0 0 0 0 0 0 0 0 0 0 ]
d13=7.562771403213 eijMax=8.523E-03 rmsd=1.416E+01 s=[ 0 0 0 0 0 1 1 0 0 0 0 0 1 1 1 0 0 0 0 0 1 0 1 0 0 0 0 0 0 0 0 0 0 0 0 0 ]
d13=7.562771403213 eijMax=8.523E-03 rmsd=1.416E+01 s=[ 0 0 0 1 1 0 0 1 1 1 1 1 0 0 0 1 1 1 1 1 0 1 0 1 1 1 1 1 1 1 1 1 1 1 1 1 ]
d13=7.563466438589 eijMax=1.779E-03 rmsd=1.411E+01 s=[ 0 0 0 0 0 1 1 0 0 0 0 0 1 1 1 0 0 0 0 0 1 0 1 0 0 0 0 0 0 0 0 0 0 0 0 0 ]
d13=7.563466438589 eijMax=1.779E-03 rmsd=1.411E+01 s=[ 0 0 0 1 1 0 0 1 1 1 1 1 0 0 0 1 1 1 1 1 0 1 0 1 1 1 1 1 1 1 1 1 1 1 1 1 ]
d13=7.566246580090 eijMax=7.289E-03 rmsd=1.212E+01 s=[ 0 0 0 0 0 1 1 0 0 0 0 0 1 0 0 1 1 1 1 1 0 1 0 1 1 1 1 1 1 1 1 1 1 1 1 1 ]
d13=7.566246580090 eijMax=7.289E-03 rmsd=1.212E+01 s=[ 0 0 0 1 1 0 0 1 1 1 1 1 0 1 1 0 0 0 0 0 1 0 1 0 0 0 0 0 0 0 0 0 0 0 0 0 ]
d13=7.573196933844 eijMax=9.687E-04 rmsd=1.195E+01 s=[ 0 0 0 0 0 1 1 0 0 0 0 0 1 0 0 1 1 1 1 1 0 0 1 0 0 0 0 0 0 0 0 0 0 0 0 0 ]
d13=7.573196933844 eijMax=9.687E-04 rmsd=1.195E+01 s=[ 0 0 0 1 1 0 0 1 1 1 1 1 0 1 1 0 0 0 0 0 1 1 0 1 1 1 1 1 1 1 1 1 1 1 1 1 ]
d13=7.578062181471 eijMax=9.807E-03 rmsd=1.124E+01 s=[ 0 0 0 0 1 0 0 1 1 1 1 1 0 1 1 0 0 0 0 0 1 1 0 1 1 1 1 1 1 1 1 1 1 1 1 1 ]
d13=7.578062181471 eijMax=9.807E-03 rmsd=1.124E+01 s=[ 0 0 0 1 0 1 1 0 0 0 0 0 1 0 0 1 1 1 1 1 0 0 1 0 0 0 0 0 0 0 0 0 0 0 0 0 ]
d13=7.578757216847 eijMax=8.435E-03 rmsd=1.124E+01 s=[ 0 0 0 0 1 0 0 1 1 1 1 1 0 1 1 0 0 0 0 0 1 1 0 1 1 1 1 1 1 1 1 1 1 1 1 1 ]
d13=7.578757216847 eijMax=8.435E-03 rmsd=1.124E+01 s=[ 0 0 0 1 0 1 1 0 0 0 0 0 1 0 0 1 1 1 1 1 0 0 1 0 0 0 0 0 0 0 0 0 0 0 0 0 ]
d13=7.579452252222 eijMax=7.060E-03 rmsd=1.124E+01 s=[ 0 0 0 0 1 0 0 1 1 1 1 1 0 1 1 0 0 0 0 0 1 1 0 1 1 1 1 1 1 1 1 1 1 1 1 1 ]
d13=7.579452252222 eijMax=7.060E-03 rmsd=1.124E+01 s=[ 0 0 0 1 0 1 1 0 0 0 0 0 1 0 0 1 1 1 1 1 0 0 1 0 0 0 0 0 0 0 0 0 0 0 0 0 ]
d13=7.580147287598 eijMax=5.682E-03 rmsd=1.124E+01 s=[ 0 0 0 0 1 0 0 1 1 1 1 1 0 1 1 0 0 0 0 0 1 1 0 1 1 1 1 1 1 1 1 1 1 1 1 1 ]
d13=7.580147287598 eijMax=5.682E-03 rmsd=1.124E+01 s=[ 0 0 0 1 0 1 1 0 0 0 0 0 1 0 0 1 1 1 1 1 0 0 1 0 0 0 0 0 0 0 0 0 0 0 0 0 ]
d13=7.580842322973 eijMax=4.303E-03 rmsd=1.124E+01 s=[ 0 0 0 0 1 0 0 1 1 1 1 1 0 1 1 0 0 0 0 0 1 1 0 1 1 1 1 1 1 1 1 1 1 1 1 1 ]
d13=7.580842322973 eijMax=4.303E-03 rmsd=1.124E+01 s=[ 0 0 0 1 0 1 1 0 0 0 0 0 1 0 0 1 1 1 1 1 0 0 1 0 0 0 0 0 0 0 0 0 0 0 0 0 ]
d13=7.581537358348 eijMax=2.920E-03 rmsd=1.124E+01 s=[ 0 0 0 0 1 0 0 1 1 1 1 1 0 1 1 0 0 0 0 0 1 1 0 1 1 1 1 1 1 1 1 1 1 1 1 1 ]
d13=7.581537358348 eijMax=2.920E-03 rmsd=1.124E+01 s=[ 0 0 0 1 0 1 1 0 0 0 0 0 1 0 0 1 1 1 1 1 0 0 1 0 0 0 0 0 0 0 0 0 0 0 0 0 ]
d13=7.582232393724 eijMax=1.534E-03 rmsd=1.124E+01 s=[ 0 0 0 0 1 0 0 1 1 1 1 1 0 1 1 0 0 0 0 0 1 1 0 1 1 1 1 1 1 1 1 1 1 1 1 1 ]
d13=7.582232393724 eijMax=1.534E-03 rmsd=1.124E+01 s=[ 0 0 0 1 0 1 1 0 0 0 0 0 1 0 0 1 1 1 1 1 0 0 1 0 0 0 0 0 0 0 0 0 0 0 0 0 ]
d13=7.582927429099 eijMax=1.460E-04 rmsd=1.125E+01 s=[ 0 0 0 0 1 0 0 1 1 1 1 1 0 1 1 0 0 0 0 0 1 1 0 1 1 1 1 1 1 1 1 1 1 1 1 1 ]
d13=7.582927429099 eijMax=1.460E-04 rmsd=1.125E+01 s=[ 0 0 0 1 0 1 1 0 0 0 0 0 1 0 0 1 1 1 1 1 0 0 1 0 0 0 0 0 0 0 0 0 0 0 0 0 ]
d13=7.583622464474 eijMax=1.245E-03 rmsd=1.125E+01 s=[ 0 0 0 0 1 0 0 1 1 1 1 1 0 1 1 0 0 0 0 0 1 1 0 1 1 1 1 1 1 1 1 1 1 1 1 1 ]
d13=7.583622464474 eijMax=1.245E-03 rmsd=1.125E+01 s=[ 0 0 0 1 0 1 1 0 0 0 0 0 1 0 0 1 1 1 1 1 0 0 1 0 0 0 0 0 0 0 0 0 0 0 0 0 ]
d13=7.584317499850 eijMax=2.639E-03 rmsd=1.125E+01 s=[ 0 0 0 0 1 0 0 1 1 1 1 1 0 1 1 0 0 0 0 0 1 1 0 1 1 1 1 1 1 1 1 1 1 1 1 1 ]
d13=7.584317499850 eijMax=2.639E-03 rmsd=1.125E+01 s=[ 0 0 0 1 0 1 1 0 0 0 0 0 1 0 0 1 1 1 1 1 0 0 1 0 0 0 0 0 0 0 0 0 0 0 0 0 ]
d13=7.585012535225 eijMax=4.036E-03 rmsd=1.125E+01 s=[ 0 0 0 0 1 0 0 1 1 1 1 1 0 1 1 0 0 0 0 0 1 1 0 1 1 1 1 1 1 1 1 1 1 1 1 1 ]
d13=7.585012535225 eijMax=4.036E-03 rmsd=1.125E+01 s=[ 0 0 0 1 0 1 1 0 0 0 0 0 1 0 0 1 1 1 1 1 0 0 1 0 0 0 0 0 0 0 0 0 0 0 0 0 ]
d13=7.585707570601 eijMax=5.437E-03 rmsd=1.125E+01 s=[ 0 0 0 0 1 0 0 1 1 1 1 1 0 1 1 0 0 0 0 0 1 1 0 1 1 1 1 1 1 1 1 1 1 1 1 1 ]
d13=7.585707570601 eijMax=5.437E-03 rmsd=1.125E+01 s=[ 0 0 0 1 0 1 1 0 0 0 0 0 1 0 0 1 1 1 1 1 0 0 1 0 0 0 0 0 0 0 0 0 0 0 0 0 ]
d13=7.586402605976 eijMax=6.840E-03 rmsd=1.125E+01 s=[ 0 0 0 0 1 0 0 1 1 1 1 1 0 1 1 0 0 0 0 0 1 1 0 1 1 1 1 1 1 1 1 1 1 1 1 1 ]
d13=7.586402605976 eijMax=6.840E-03 rmsd=1.125E+01 s=[ 0 0 0 1 0 1 1 0 0 0 0 0 1 0 0 1 1 1 1 1 0 0 1 0 0 0 0 0 0 0 0 0 0 0 0 0 ]
d13=7.587097641351 eijMax=8.246E-03 rmsd=1.125E+01 s=[ 0 0 0 0 1 0 0 1 1 1 1 1 0 1 1 0 0 0 0 0 1 1 0 1 1 1 1 1 1 1 1 1 1 1 1 1 ]
d13=7.587097641351 eijMax=8.246E-03 rmsd=1.125E+01 s=[ 0 0 0 1 0 1 1 0 0 0 0 0 1 0 0 1 1 1 1 1 0 0 1 0 0 0 0 0 0 0 0 0 0 0 0 0 ]
d13=7.587792676727 eijMax=9.656E-03 rmsd=1.125E+01 s=[ 0 0 0 0 1 0 0 1 1 1 1 1 0 1 1 0 0 0 0 0 1 1 0 1 1 1 1 1 1 1 1 1 1 1 1 1 ]
d13=7.587792676727 eijMax=9.656E-03 rmsd=1.125E+01 s=[ 0 0 0 1 0 1 1 0 0 0 0 0 1 0 0 1 1 1 1 1 0 0 1 0 0 0 0 0 0 0 0 0 0 0 0 0 ]
num ..... 1000
nnodes .. 36
nedges .. 264
nsols ... 614
tsecs ... 87.600225
