d13=6.936544530000 eijMax=1.356E-03 rmsd=1.203E+01 s=[ 0 0 0 0 0 1 1 0 0 0 0 0 0 1 1 0 0 0 0 0 0 1 0 1 1 1 1 1 1 1 1 1 1 1 1 1 ]
d13=6.936544530000 eijMax=9.445E-03 rmsd=1.340E-01 s=[ 0 0 0 0 1 0 0 1 1 1 1 1 0 0 0 1 1 1 1 1 0 0 1 0 0 0 0 0 0 0 0 0 0 0 0 0 ]
d13=6.936544530000 eijMax=9.445E-03 rmsd=1.340E-01 s=[ 0 0 0 1 0 1 1 0 0 0 0 0 1 1 1 0 0 0 0 0 1 1 0 1 1 1 1 1 1 1 1 1 1 1 1 1 ]
d13=6.936544530000 eijMax=1.356E-03 rmsd=1.203E+01 s=[ 0 0 0 1 1 0 0 1 1 1 1 1 1 0 0 1 1 1 1 1 1 0 1 0 0 0 0 0 0 0 0 0 0 0 0 0 ]
d13=6.971612223939 eijMax=3.349E-03 rmsd=1.597E+01 s=[ 0 0 0 0 0 0 0 1 1 1 1 1 1 1 1 0 0 0 0 0 1 0 1 0 0 0 0 0 0 0 0 0 0 0 0 0 ]
d13=6.971612223939 eijMax=3.349E-03 rmsd=1.597E+01 s=[ 0 0 0 1 1 1 1 0 0 0 0 0 0 0 0 1 1 1 1 1 0 1 0 1 1 1 1 1 1 1 1 1 1 1 1 1 ]
d13=6.985639301515 eijMax=5.700E-03 rmsd=8.809E+00 s=[ 0 0 0 0 1 0 0 1 1 1 1 1 1 0 0 1 1 1 1 1 1 1 0 1 1 1 1 1 1 1 1 1 1 1 1 1 ]
d13=6.985639301515 eijMax=5.700E-03 rmsd=8.809E+00 s=[ 0 0 0 1 0 1 1 0 0 0 0 0 0 1 1 0 0 0 0 0 0 0 1 0 0 0 0 0 0 0 0 0 0 0 0 0 ]
d13=6.992652840303 eijMax=5.850E-03 rmsd=8.798E+00 s=[ 0 0 0 0 1 0 0 1 1 1 1 1 1 0 0 1 1 1 1 1 1 1 0 1 1 1 1 1 1 1 1 1 1 1 1 1 ]
d13=6.992652840303 eijMax=5.850E-03 rmsd=8.798E+00 s=[ 0 0 0 1 0 1 1 0 0 0 0 0 0 1 1 0 0 0 0 0 0 0 1 0 0 0 0 0 0 0 0 0 0 0 0 0 ]
d13=7.006679917879 eijMax=7.234E-03 rmsd=1.254E+01 s=[ 0 0 0 0 1 0 0 1 1 1 1 1 0 0 0 1 1 1 1 1 0 1 0 1 1 1 1 1 1 1 1 1 1 1 1 1 ]
d13=7.006679917879 eijMax=7.234E-03 rmsd=1.254E+01 s=[ 0 0 0 1 0 1 1 0 0 0 0 0 1 1 1 0 0 0 0 0 1 0 1 0 0 0 0 0 0 0 0 0 0 0 0 0 ]
d13=7.013693456667 eijMax=1.225E-03 rmsd=1.252E+01 s=[ 0 0 0 0 1 0 0 1 1 1 1 1 0 0 0 1 1 1 1 1 0 1 0 1 1 1 1 1 1 1 1 1 1 1 1 1 ]
d13=7.013693456667 eijMax=1.225E-03 rmsd=1.252E+01 s=[ 0 0 0 1 0 1 1 0 0 0 0 0 1 1 1 0 0 0 0 0 1 0 1 0 0 0 0 0 0 0 0 0 0 0 0 0 ]
d13=7.020706995455 eijMax=9.276E-03 rmsd=1.250E+01 s=[ 0 0 0 0 1 0 0 1 1 1 1 1 0 0 0 1 1 1 1 1 0 1 0 1 1 1 1 1 1 1 1 1 1 1 1 1 ]
d13=7.020706995455 eijMax=9.276E-03 rmsd=1.250E+01 s=[ 0 0 0 1 0 1 1 0 0 0 0 0 1 1 1 0 0 0 0 0 1 0 1 0 0 0 0 0 0 0 0 0 0 0 0 0 ]
d13=7.027720534242 eijMax=9.259E-03 rmsd=8.673E+00 s=[ 0 0 0 0 0 0 0 1 1 1 1 1 1 1 1 0 0 0 0 0 1 1 0 1 1 1 1 1 1 1 1 1 1 1 1 1 ]
d13=7.027720534242 eijMax=9.259E-03 rmsd=8.673E+00 s=[ 0 0 0 1 1 1 1 0 0 0 0 0 0 0 0 1 1 1 1 1 0 0 1 0 0 0 0 0 0 0 0 0 0 0 0 0 ]
d13=7.048761150606 eijMax=8.704E-03 rmsd=1.384E+01 s=[ 0 0 0 0 0 1 1 0 0 0 0 0 1 0 0 1 1 1 1 1 1 0 1 0 0 0 0 0 0 0 0 0 0 0 0 0 ]
d13=7.048761150606 eijMax=8.704E-03 rmsd=1.384E+01 s=[ 0 0 0 1 1 0 0 1 1 1 1 1 0 1 1 0 0 0 0 0 0 1 0 1 1 1 1 1 1 1 1 1 1 1 1 1 ]
d13=7.055774689394 eijMax=6.087E-04 rmsd=1.388E+01 s=[ 0 0 0 0 0 1 1 0 0 0 0 0 1 0 0 1 1 1 1 1 1 0 1 0 0 0 0 0 0 0 0 0 0 0 0 0 ]
d13=7.055774689394 eijMax=6.087E-04 rmsd=1.388E+01 s=[ 0 0 0 1 1 0 0 1 1 1 1 1 0 1 1 0 0 0 0 0 0 1 0 1 1 1 1 1 1 1 1 1 1 1 1 1 ]
d13=7.062788228182 eijMax=9.896E-03 rmsd=1.392E+01 s=[ 0 0 0 0 0 1 1 0 0 0 0 0 1 0 0 1 1 1 1 1 1 0 1 0 0 0 0 0 0 0 0 0 0 0 0 0 ]
d13=7.062788228182 eijMax=9.896E-03 rmsd=1.392E+01 s=[ 0 0 0 1 1 0 0 1 1 1 1 1 0 1 1 0 0 0 0 0 0 1 0 1 1 1 1 1 1 1 1 1 1 1 1 1 ]
d13=7.083828844545 eijMax=9.197E-03 rmsd=1.423E+01 s=[ 0 0 0 0 1 1 1 0 0 0 0 0 0 1 1 0 0 0 0 0 1 0 1 0 0 0 0 0 0 0 0 0 0 0 0 0 ]
d13=7.083828844545 eijMax=9.197E-03 rmsd=1.423E+01 s=[ 0 0 0 1 0 0 0 1 1 1 1 1 1 0 0 1 1 1 1 1 0 1 0 1 1 1 1 1 1 1 1 1 1 1 1 1 ]
d13=7.090842383333 eijMax=2.080E-03 rmsd=1.422E+01 s=[ 0 0 0 0 1 1 1 0 0 0 0 0 0 1 1 0 0 0 0 0 1 0 1 0 0 0 0 0 0 0 0 0 0 0 0 0 ]
d13=7.090842383333 eijMax=2.080E-03 rmsd=1.422E+01 s=[ 0 0 0 1 0 0 0 1 1 1 1 1 1 0 0 1 1 1 1 1 0 1 0 1 1 1 1 1 1 1 1 1 1 1 1 1 ]
d13=7.118896538485 eijMax=8.292E-03 rmsd=9.025E+00 s=[ 0 0 0 0 0 0 0 1 1 1 1 1 0 1 1 0 0 0 0 0 1 1 0 1 1 1 1 1 1 1 1 1 1 1 1 1 ]
d13=7.118896538485 eijMax=8.292E-03 rmsd=9.025E+00 s=[ 0 0 0 1 1 1 1 0 0 0 0 0 1 0 0 1 1 1 1 1 0 0 1 0 0 0 0 0 0 0 0 0 0 0 0 0 ]
d13=7.189031926364 eijMax=3.705E-03 rmsd=7.362E+00 s=[ 0 0 0 0 0 1 1 0 0 0 0 0 1 0 0 1 1 1 1 1 1 1 0 1 1 1 1 1 1 1 1 1 1 1 1 1 ]
d13=7.189031926364 eijMax=3.705E-03 rmsd=7.362E+00 s=[ 0 0 0 1 1 0 0 1 1 1 1 1 0 1 1 0 0 0 0 0 0 0 1 0 0 0 0 0 0 0 0 0 0 0 0 0 ]
d13=7.196045465152 eijMax=4.252E-03 rmsd=7.408E+00 s=[ 0 0 0 0 0 1 1 0 0 0 0 0 1 0 0 1 1 1 1 1 1 1 0 1 1 1 1 1 1 1 1 1 1 1 1 1 ]
d13=7.196045465152 eijMax=7.421E-03 rmsd=1.196E+01 s=[ 0 0 0 0 1 1 1 0 0 0 0 0 0 1 1 0 0 0 0 0 1 1 0 1 1 1 1 1 1 1 1 1 1 1 1 1 ]
d13=7.196045465152 eijMax=7.421E-03 rmsd=1.196E+01 s=[ 0 0 0 1 0 0 0 1 1 1 1 1 1 0 0 1 1 1 1 1 0 0 1 0 0 0 0 0 0 0 0 0 0 0 0 0 ]
d13=7.196045465152 eijMax=4.252E-03 rmsd=7.408E+00 s=[ 0 0 0 1 1 0 0 1 1 1 1 1 0 1 1 0 0 0 0 0 0 0 1 0 0 0 0 0 0 0 0 0 0 0 0 0 ]
d13=7.203059003939 eijMax=2.293E-03 rmsd=1.194E+01 s=[ 0 0 0 0 1 1 1 0 0 0 0 0 0 1 1 0 0 0 0 0 1 1 0 1 1 1 1 1 1 1 1 1 1 1 1 1 ]
d13=7.203059003939 eijMax=2.293E-03 rmsd=1.194E+01 s=[ 0 0 0 1 0 0 0 1 1 1 1 1 1 0 0 1 1 1 1 1 0 0 1 0 0 0 0 0 0 0 0 0 0 0 0 0 ]
d13=7.266180853030 eijMax=5.319E-03 rmsd=1.623E+01 s=[ 0 0 0 0 0 0 0 1 1 1 1 1 0 0 0 1 1 1 1 1 1 0 1 0 0 0 0 0 0 0 0 0 0 0 0 0 ]
d13=7.266180853030 eijMax=5.319E-03 rmsd=1.623E+01 s=[ 0 0 0 1 1 1 1 0 0 0 0 0 1 1 1 0 0 0 0 0 0 1 0 1 1 1 1 1 1 1 1 1 1 1 1 1 ]
d13=7.273194391818 eijMax=3.886E-03 rmsd=1.625E+01 s=[ 0 0 0 0 0 0 0 1 1 1 1 1 0 0 0 1 1 1 1 1 1 0 1 0 0 0 0 0 0 0 0 0 0 0 0 0 ]
d13=7.273194391818 eijMax=3.886E-03 rmsd=1.625E+01 s=[ 0 0 0 1 1 1 1 0 0 0 0 0 1 1 1 0 0 0 0 0 0 1 0 1 1 1 1 1 1 1 1 1 1 1 1 1 ]
d13=7.364370396061 eijMax=4.015E-03 rmsd=1.432E+01 s=[ 0 0 0 0 1 1 1 0 0 0 0 0 0 0 0 1 1 1 1 1 1 0 1 0 0 0 0 0 0 0 0 0 0 0 0 0 ]
d13=7.364370396061 eijMax=4.015E-03 rmsd=1.432E+01 s=[ 0 0 0 1 0 0 0 1 1 1 1 1 1 1 1 0 0 0 0 0 0 1 0 1 1 1 1 1 1 1 1 1 1 1 1 1 ]
d13=7.371383934848 eijMax=5.941E-03 rmsd=1.431E+01 s=[ 0 0 0 0 1 1 1 0 0 0 0 0 0 0 0 1 1 1 1 1 1 0 1 0 0 0 0 0 0 0 0 0 0 0 0 0 ]
d13=7.371383934848 eijMax=5.941E-03 rmsd=1.431E+01 s=[ 0 0 0 1 0 0 0 1 1 1 1 1 1 1 1 0 0 0 0 0 0 1 0 1 1 1 1 1 1 1 1 1 1 1 1 1 ]
d13=7.399438090000 eijMax=2.488E-03 rmsd=9.971E+00 s=[ 0 0 0 0 0 0 0 1 1 1 1 1 0 0 0 1 1 1 1 1 1 1 0 1 1 1 1 1 1 1 1 1 1 1 1 1 ]
d13=7.399438090000 eijMax=2.488E-03 rmsd=9.971E+00 s=[ 0 0 0 1 1 1 1 0 0 0 0 0 1 1 1 0 0 0 0 0 0 0 1 0 0 0 0 0 0 0 0 0 0 0 0 0 ]
d13=7.406451628788 eijMax=6.033E-03 rmsd=9.980E+00 s=[ 0 0 0 0 0 0 0 1 1 1 1 1 0 0 0 1 1 1 1 1 1 1 0 1 1 1 1 1 1 1 1 1 1 1 1 1 ]
d13=7.406451628788 eijMax=6.033E-03 rmsd=9.980E+00 s=[ 0 0 0 1 1 1 1 0 0 0 0 0 1 1 1 0 0 0 0 0 0 0 1 0 0 0 0 0 0 0 0 0 0 0 0 0 ]
d13=7.462559939091 eijMax=7.546E-03 rmsd=1.215E+01 s=[ 0 0 0 0 0 1 1 0 0 0 0 0 0 1 1 0 0 0 0 0 0 1 0 1 1 1 1 1 1 1 1 1 1 1 1 1 ]
d13=7.462559939091 eijMax=7.546E-03 rmsd=1.215E+01 s=[ 0 0 0 1 1 0 0 1 1 1 1 1 1 0 0 1 1 1 1 1 1 0 1 0 0 0 0 0 0 0 0 0 0 0 0 0 ]
d13=7.476587016667 eijMax=9.500E-03 rmsd=1.258E+01 s=[ 0 0 0 0 1 0 0 1 1 1 1 1 0 1 1 0 0 0 0 0 1 0 1 0 0 0 0 0 0 0 0 0 0 0 0 0 ]
d13=7.476587016667 eijMax=1.719E-03 rmsd=1.214E+01 s=[ 0 0 0 0 1 1 1 0 0 0 0 0 0 0 0 1 1 1 1 1 1 1 0 1 1 1 1 1 1 1 1 1 1 1 1 1 ]
d13=7.476587016667 eijMax=1.719E-03 rmsd=1.214E+01 s=[ 0 0 0 1 0 0 0 1 1 1 1 1 1 1 1 0 0 0 0 0 0 0 1 0 0 0 0 0 0 0 0 0 0 0 0 0 ]
d13=7.476587016667 eijMax=9.500E-03 rmsd=1.258E+01 s=[ 0 0 0 1 0 1 1 0 0 0 0 0 1 0 0 1 1 1 1 1 0 1 0 1 1 1 1 1 1 1 1 1 1 1 1 1 ]
d13=7.483600555455 eijMax=4.139E-04 rmsd=1.257E+01 s=[ 0 0 0 0 1 0 0 1 1 1 1 1 0 1 1 0 0 0 0 0 1 0 1 0 0 0 0 0 0 0 0 0 0 0 0 0 ]
d13=7.483600555455 eijMax=9.440E-03 rmsd=1.213E+01 s=[ 0 0 0 0 1 1 1 0 0 0 0 0 0 0 0 1 1 1 1 1 1 1 0 1 1 1 1 1 1 1 1 1 1 1 1 1 ]
d13=7.483600555455 eijMax=9.440E-03 rmsd=1.213E+01 s=[ 0 0 0 1 0 0 0 1 1 1 1 1 1 1 1 0 0 0 0 0 0 0 1 0 0 0 0 0 0 0 0 0 0 0 0 0 ]
d13=7.483600555455 eijMax=4.139E-04 rmsd=1.257E+01 s=[ 0 0 0 1 0 1 1 0 0 0 0 0 1 0 0 1 1 1 1 1 0 1 0 1 1 1 1 1 1 1 1 1 1 1 1 1 ]
d13=7.581790098485 eijMax=2.416E-03 rmsd=1.124E+01 s=[ 0 0 0 0 1 0 0 1 1 1 1 1 0 1 1 0 0 0 0 0 1 1 0 1 1 1 1 1 1 1 1 1 1 1 1 1 ]
d13=7.581790098485 eijMax=2.416E-03 rmsd=1.124E+01 s=[ 0 0 0 1 0 1 1 0 0 0 0 0 1 0 0 1 1 1 1 1 0 0 1 0 0 0 0 0 0 0 0 0 0 0 0 0 ]
num ..... 100
nnodes .. 36
nedges .. 264
nsols ... 62
tsecs ... 8.712586
