d13=11.097056431512 eijMax=9.405E-03 rmsd=5.215E+00 s=[ 0 0 0 0 0 0 0 1 1 1 1 1 0 0 1 1 1 1 1 1 0 1 0 1 1 1 1 1 1 1 1 1 1 1 1 1 ]
d13=11.097056431512 eijMax=9.405E-03 rmsd=5.215E+00 s=[ 0 0 0 1 1 1 1 0 0 0 0 0 1 1 0 0 0 0 0 0 1 0 1 0 0 0 0 0 0 0 0 0 0 0 0 0 ]
d13=11.098112064134 eijMax=1.176E-03 rmsd=5.307E+00 s=[ 0 0 0 0 0 0 0 1 1 1 1 1 0 0 1 1 1 1 1 1 0 1 0 1 1 1 1 1 1 1 1 1 1 1 1 1 ]
d13=11.098112064134 eijMax=1.176E-03 rmsd=5.307E+00 s=[ 0 0 0 1 1 1 1 0 0 0 0 0 1 1 0 0 0 0 0 0 1 0 1 0 0 0 0 0 0 0 0 0 0 0 0 0 ]
d13=11.186785204434 eijMax=7.214E-03 rmsd=2.891E+00 s=[ 0 0 0 0 0 1 1 0 0 0 0 0 0 0 1 1 1 1 1 1 0 1 0 1 1 1 1 1 1 1 1 1 1 1 1 1 ]
d13=11.186785204434 eijMax=7.214E-03 rmsd=2.891E+00 s=[ 0 0 0 1 1 0 0 1 1 1 1 1 1 1 0 0 0 0 0 0 1 0 1 0 0 0 0 0 0 0 0 0 0 0 0 0 ]
d13=11.187840837057 eijMax=2.123E-03 rmsd=2.928E+00 s=[ 0 0 0 0 0 1 1 0 0 0 0 0 0 0 1 1 1 1 1 1 0 1 0 1 1 1 1 1 1 1 1 1 1 1 1 1 ]
d13=11.187840837057 eijMax=2.123E-03 rmsd=2.928E+00 s=[ 0 0 0 1 1 0 0 1 1 1 1 1 1 1 0 0 0 0 0 0 1 0 1 0 0 0 0 0 0 0 0 0 0 0 0 0 ]
d13=11.188896469680 eijMax=3.258E-03 rmsd=2.967E+00 s=[ 0 0 0 0 0 1 1 0 0 0 0 0 0 0 1 1 1 1 1 1 0 1 0 1 1 1 1 1 1 1 1 1 1 1 1 1 ]
d13=11.188896469680 eijMax=3.258E-03 rmsd=2.967E+00 s=[ 0 0 0 1 1 0 0 1 1 1 1 1 1 1 0 0 0 0 0 0 1 0 1 0 0 0 0 0 0 0 0 0 0 0 0 0 ]
d13=11.189952102302 eijMax=8.959E-03 rmsd=3.008E+00 s=[ 0 0 0 0 0 1 1 0 0 0 0 0 0 0 1 1 1 1 1 1 0 1 0 1 1 1 1 1 1 1 1 1 1 1 1 1 ]
d13=11.189952102302 eijMax=8.959E-03 rmsd=3.008E+00 s=[ 0 0 0 1 1 0 0 1 1 1 1 1 1 1 0 0 0 0 0 0 1 0 1 0 0 0 0 0 0 0 0 0 0 0 0 0 ]
d13=11.199452795906 eijMax=8.983E-03 rmsd=1.029E-01 s=[ 0 0 0 0 1 0 0 1 1 1 1 1 0 0 1 1 1 1 1 1 0 1 0 1 1 1 1 1 1 1 1 1 1 1 1 1 ]
d13=11.199452795906 eijMax=8.983E-03 rmsd=1.029E-01 s=[ 0 0 0 1 0 1 1 0 0 0 0 0 1 1 0 0 0 0 0 0 1 0 1 0 0 0 0 0 0 0 0 0 0 0 0 0 ]
d13=11.200508428529 eijMax=6.089E-03 rmsd=7.025E-02 s=[ 0 0 0 0 1 0 0 1 1 1 1 1 0 0 1 1 1 1 1 1 0 1 0 1 1 1 1 1 1 1 1 1 1 1 1 1 ]
d13=11.200508428529 eijMax=6.089E-03 rmsd=7.025E-02 s=[ 0 0 0 1 0 1 1 0 0 0 0 0 1 1 0 0 0 0 0 0 1 0 1 0 0 0 0 0 0 0 0 0 0 0 0 0 ]
d13=11.201564061151 eijMax=3.051E-03 rmsd=3.544E-02 s=[ 0 0 0 0 1 0 0 1 1 1 1 1 0 0 1 1 1 1 1 1 0 1 0 1 1 1 1 1 1 1 1 1 1 1 1 1 ]
d13=11.201564061151 eijMax=3.051E-03 rmsd=3.544E-02 s=[ 0 0 0 1 0 1 1 0 0 0 0 0 1 1 0 0 0 0 0 0 1 0 1 0 0 0 0 0 0 0 0 0 0 0 0 0 ]
d13=11.202619693774 eijMax=1.547E-04 rmsd=1.736E-03 s=[ 0 0 0 0 1 0 0 1 1 1 1 1 0 0 1 1 1 1 1 1 0 1 0 1 1 1 1 1 1 1 1 1 1 1 1 1 ]
d13=11.202619693774 eijMax=1.547E-04 rmsd=1.736E-03 s=[ 0 0 0 1 0 1 1 0 0 0 0 0 1 1 0 0 0 0 0 0 1 0 1 0 0 0 0 0 0 0 0 0 0 0 0 0 ]
d13=11.203675326396 eijMax=3.555E-03 rmsd=4.155E-02 s=[ 0 0 0 0 1 0 0 1 1 1 1 1 0 0 1 1 1 1 1 1 0 1 0 1 1 1 1 1 1 1 1 1 1 1 1 1 ]
d13=11.203675326396 eijMax=3.555E-03 rmsd=4.155E-02 s=[ 0 0 0 1 0 1 1 0 0 0 0 0 1 1 0 0 0 0 0 0 1 0 1 0 0 0 0 0 0 0 0 0 0 0 0 0 ]
d13=11.204730959019 eijMax=7.183E-03 rmsd=8.437E-02 s=[ 0 0 0 0 1 0 0 1 1 1 1 1 0 0 1 1 1 1 1 1 0 1 0 1 1 1 1 1 1 1 1 1 1 1 1 1 ]
d13=11.204730959019 eijMax=7.183E-03 rmsd=8.437E-02 s=[ 0 0 0 1 0 1 1 0 0 0 0 0 1 1 0 0 0 0 0 0 1 0 1 0 0 0 0 0 0 0 0 0 0 0 0 0 ]
num ..... 1000
nnodes .. 36
nedges .. 264
nsols ... 24
tsecs ... 17.338604
