d13=9.870189456465 eijMax=2.790E-03 rmsd=6.880E+00 s=[ 0 0 0 0 0 1 0 0 0 0 0 0 0 1 1 1 1 1 1 0 0 0 1 0 0 0 0 0 0 0 0 0 0 0 1 1 ]
d13=9.870189456465 eijMax=6.655E-03 rmsd=9.593E+00 s=[ 0 0 0 0 0 1 0 0 0 0 0 0 0 1 1 1 1 1 1 0 1 1 0 1 1 1 1 1 1 1 1 1 1 1 0 0 ]
d13=9.870189456465 eijMax=6.655E-03 rmsd=9.593E+00 s=[ 0 0 0 1 1 0 1 1 1 1 1 1 1 0 0 0 0 0 0 1 0 0 1 0 0 0 0 0 0 0 0 0 0 0 1 1 ]
d13=9.870189456465 eijMax=2.790E-03 rmsd=6.880E+00 s=[ 0 0 0 1 1 0 1 1 1 1 1 1 1 0 0 0 0 0 0 1 1 1 0 1 1 1 1 1 1 1 1 1 1 1 0 0 ]
d13=9.879849440808 eijMax=7.591E-03 rmsd=9.597E+00 s=[ 0 0 0 0 0 1 0 0 0 0 0 0 0 1 1 1 1 1 1 0 1 1 0 1 1 1 1 1 1 1 1 1 1 1 0 0 ]
d13=9.879849440808 eijMax=7.591E-03 rmsd=9.597E+00 s=[ 0 0 0 1 1 0 1 1 1 1 1 1 1 0 0 0 0 0 0 1 0 0 1 0 0 0 0 0 0 0 0 0 0 0 1 1 ]
d13=9.986109268586 eijMax=3.731E-03 rmsd=1.034E+01 s=[ 0 0 0 0 0 0 1 1 1 1 1 1 1 0 0 0 0 0 0 1 0 0 1 0 0 0 0 0 0 0 0 0 0 0 1 1 ]
d13=9.986109268586 eijMax=3.731E-03 rmsd=1.034E+01 s=[ 0 0 0 1 1 1 0 0 0 0 0 0 0 1 1 1 1 1 1 0 1 1 0 1 1 1 1 1 1 1 1 1 1 1 0 0 ]
d13=9.995769252929 eijMax=5.740E-04 rmsd=1.057E+01 s=[ 0 0 0 0 1 0 1 1 1 1 1 1 1 0 0 0 0 0 0 1 1 0 1 0 0 0 0 0 0 0 0 0 0 0 1 1 ]
d13=9.995769252929 eijMax=5.740E-04 rmsd=1.057E+01 s=[ 0 0 0 1 0 1 0 0 0 0 0 0 0 1 1 1 1 1 1 0 0 1 0 1 1 1 1 1 1 1 1 1 1 1 0 0 ]
d13=10.005429237273 eijMax=9.794E-03 rmsd=1.057E+01 s=[ 0 0 0 0 1 0 1 1 1 1 1 1 1 0 0 0 0 0 0 1 1 0 1 0 0 0 0 0 0 0 0 0 0 0 1 1 ]
d13=10.005429237273 eijMax=9.794E-03 rmsd=1.057E+01 s=[ 0 0 0 1 0 1 0 0 0 0 0 0 0 1 1 1 1 1 1 0 0 1 0 1 1 1 1 1 1 1 1 1 1 1 0 0 ]
d13=10.015089221616 eijMax=1.372E-03 rmsd=1.066E+01 s=[ 0 0 0 0 1 0 1 1 1 1 1 1 0 1 1 1 1 1 1 0 1 0 1 0 0 0 0 0 0 0 0 0 0 0 1 1 ]
d13=10.015089221616 eijMax=1.372E-03 rmsd=1.066E+01 s=[ 0 0 0 1 0 1 0 0 0 0 0 0 1 0 0 0 0 0 0 1 0 1 0 1 1 1 1 1 1 1 1 1 1 1 0 0 ]
d13=10.024749205960 eijMax=7.604E-03 rmsd=1.066E+01 s=[ 0 0 0 0 1 0 1 1 1 1 1 1 0 1 1 1 1 1 1 0 1 0 1 0 0 0 0 0 0 0 0 0 0 0 1 1 ]
d13=10.024749205960 eijMax=7.604E-03 rmsd=1.066E+01 s=[ 0 0 0 1 0 1 0 0 0 0 0 0 1 0 0 0 0 0 0 1 0 1 0 1 1 1 1 1 1 1 1 1 1 1 0 0 ]
d13=10.401488595354 eijMax=4.384E-03 rmsd=1.467E+01 s=[ 0 0 0 0 0 0 1 1 1 1 1 1 0 1 1 1 1 1 1 0 1 0 1 0 0 0 0 0 0 0 0 0 0 0 1 1 ]
d13=10.401488595354 eijMax=4.384E-03 rmsd=1.467E+01 s=[ 0 0 0 1 1 1 0 0 0 0 0 0 1 0 0 0 0 0 0 1 0 1 0 1 1 1 1 1 1 1 1 1 1 1 0 0 ]
d13=10.411148579697 eijMax=9.271E-03 rmsd=1.461E+01 s=[ 0 0 0 0 0 0 1 1 1 1 1 1 0 1 1 1 1 1 1 0 1 0 1 0 0 0 0 0 0 0 0 0 0 0 1 1 ]
d13=10.411148579697 eijMax=9.271E-03 rmsd=1.461E+01 s=[ 0 0 0 1 1 1 0 0 0 0 0 0 1 0 0 0 0 0 0 1 0 1 0 1 1 1 1 1 1 1 1 1 1 1 0 0 ]
num ..... 100
nnodes .. 36
nedges .. 264
nsols ... 20
tsecs ... 4.545082
