d13=9.749396138729 eijMax=2.796E-03 rmsd=2.179E-02 s=[ 0 0 0 0 1 0 1 1 1 1 1 1 0 1 1 1 1 1 1 0 1 1 0 1 1 1 1 1 1 1 1 1 1 1 0 0 ]
d13=9.749396138729 eijMax=2.796E-03 rmsd=2.179E-02 s=[ 0 0 0 1 0 1 0 0 0 0 0 0 1 0 0 0 0 0 0 1 0 0 1 0 0 0 0 0 0 0 0 0 0 0 1 1 ]
d13=9.750353434474 eijMax=6.045E-03 rmsd=4.703E-02 s=[ 0 0 0 0 1 0 1 1 1 1 1 1 0 1 1 1 1 1 1 0 1 1 0 1 1 1 1 1 1 1 1 1 1 1 0 0 ]
d13=9.750353434474 eijMax=6.045E-03 rmsd=4.703E-02 s=[ 0 0 0 1 0 1 0 0 0 0 0 0 1 0 0 0 0 0 0 1 0 0 1 0 0 0 0 0 0 0 0 0 0 0 1 1 ]
d13=9.767584757898 eijMax=6.607E-03 rmsd=6.893E+00 s=[ 0 0 0 0 0 1 0 0 0 0 0 0 1 0 0 0 0 0 0 1 1 1 0 1 1 1 1 1 1 1 1 1 1 1 0 0 ]
d13=9.767584757898 eijMax=6.607E-03 rmsd=6.893E+00 s=[ 0 0 0 1 1 0 1 1 1 1 1 1 0 1 1 1 1 1 1 0 0 0 1 0 0 0 0 0 0 0 0 0 0 0 1 1 ]
d13=9.768542053644 eijMax=9.450E-04 rmsd=6.869E+00 s=[ 0 0 0 0 0 1 0 0 0 0 0 0 1 0 0 0 0 0 0 1 1 1 0 1 1 1 1 1 1 1 1 1 1 1 0 0 ]
d13=9.768542053644 eijMax=9.450E-04 rmsd=6.869E+00 s=[ 0 0 0 1 1 0 1 1 1 1 1 1 0 1 1 1 1 1 1 0 0 0 1 0 0 0 0 0 0 0 0 0 0 0 1 1 ]
d13=9.769499349389 eijMax=4.631E-03 rmsd=6.845E+00 s=[ 0 0 0 0 0 1 0 0 0 0 0 0 1 0 0 0 0 0 0 1 1 1 0 1 1 1 1 1 1 1 1 1 1 1 0 0 ]
d13=9.769499349389 eijMax=4.631E-03 rmsd=6.845E+00 s=[ 0 0 0 1 1 0 1 1 1 1 1 1 0 1 1 1 1 1 1 0 0 0 1 0 0 0 0 0 0 0 0 0 0 0 1 1 ]
d13=9.865228923964 eijMax=9.063E-03 rmsd=6.862E+00 s=[ 0 0 0 0 0 1 0 0 0 0 0 0 0 1 1 1 1 1 1 0 0 0 1 0 0 0 0 0 0 0 0 0 0 0 1 1 ]
d13=9.865228923964 eijMax=9.063E-03 rmsd=6.862E+00 s=[ 0 0 0 1 1 0 1 1 1 1 1 1 1 0 0 0 0 0 0 1 1 1 0 1 1 1 1 1 1 1 1 1 1 1 0 0 ]
d13=9.866186219710 eijMax=7.880E-03 rmsd=6.866E+00 s=[ 0 0 0 0 0 1 0 0 0 0 0 0 0 1 1 1 1 1 1 0 0 0 1 0 0 0 0 0 0 0 0 0 0 0 1 1 ]
d13=9.866186219710 eijMax=7.880E-03 rmsd=6.866E+00 s=[ 0 0 0 1 1 0 1 1 1 1 1 1 1 0 0 0 0 0 0 1 1 1 0 1 1 1 1 1 1 1 1 1 1 1 0 0 ]
d13=9.867143515455 eijMax=6.684E-03 rmsd=6.870E+00 s=[ 0 0 0 0 0 1 0 0 0 0 0 0 0 1 1 1 1 1 1 0 0 0 1 0 0 0 0 0 0 0 0 0 0 0 1 1 ]
d13=9.867143515455 eijMax=6.684E-03 rmsd=6.870E+00 s=[ 0 0 0 1 1 0 1 1 1 1 1 1 1 0 0 0 0 0 0 1 1 1 0 1 1 1 1 1 1 1 1 1 1 1 0 0 ]
d13=9.868100811201 eijMax=5.475E-03 rmsd=6.873E+00 s=[ 0 0 0 0 0 1 0 0 0 0 0 0 0 1 1 1 1 1 1 0 0 0 1 0 0 0 0 0 0 0 0 0 0 0 1 1 ]
d13=9.868100811201 eijMax=9.873E-03 rmsd=9.592E+00 s=[ 0 0 0 0 0 1 0 0 0 0 0 0 0 1 1 1 1 1 1 0 1 1 0 1 1 1 1 1 1 1 1 1 1 1 0 0 ]
d13=9.868100811201 eijMax=9.873E-03 rmsd=9.592E+00 s=[ 0 0 0 1 1 0 1 1 1 1 1 1 1 0 0 0 0 0 0 1 0 0 1 0 0 0 0 0 0 0 0 0 0 0 1 1 ]
d13=9.868100811201 eijMax=5.475E-03 rmsd=6.873E+00 s=[ 0 0 0 1 1 0 1 1 1 1 1 1 1 0 0 0 0 0 0 1 1 1 0 1 1 1 1 1 1 1 1 1 1 1 0 0 ]
d13=9.869058106947 eijMax=4.253E-03 rmsd=6.876E+00 s=[ 0 0 0 0 0 1 0 0 0 0 0 0 0 1 1 1 1 1 1 0 0 0 1 0 0 0 0 0 0 0 0 0 0 0 1 1 ]
d13=9.869058106947 eijMax=8.392E-03 rmsd=9.593E+00 s=[ 0 0 0 0 0 1 0 0 0 0 0 0 0 1 1 1 1 1 1 0 1 1 0 1 1 1 1 1 1 1 1 1 1 1 0 0 ]
d13=9.869058106947 eijMax=8.392E-03 rmsd=9.593E+00 s=[ 0 0 0 1 1 0 1 1 1 1 1 1 1 0 0 0 0 0 0 1 0 0 1 0 0 0 0 0 0 0 0 0 0 0 1 1 ]
d13=9.869058106947 eijMax=4.253E-03 rmsd=6.876E+00 s=[ 0 0 0 1 1 0 1 1 1 1 1 1 1 0 0 0 0 0 0 1 1 1 0 1 1 1 1 1 1 1 1 1 1 1 0 0 ]
d13=9.870015402693 eijMax=3.017E-03 rmsd=6.879E+00 s=[ 0 0 0 0 0 1 0 0 0 0 0 0 0 1 1 1 1 1 1 0 0 0 1 0 0 0 0 0 0 0 0 0 0 0 1 1 ]
d13=9.870015402693 eijMax=6.922E-03 rmsd=9.593E+00 s=[ 0 0 0 0 0 1 0 0 0 0 0 0 0 1 1 1 1 1 1 0 1 1 0 1 1 1 1 1 1 1 1 1 1 1 0 0 ]
d13=9.870015402693 eijMax=6.922E-03 rmsd=9.593E+00 s=[ 0 0 0 1 1 0 1 1 1 1 1 1 1 0 0 0 0 0 0 1 0 0 1 0 0 0 0 0 0 0 0 0 0 0 1 1 ]
d13=9.870015402693 eijMax=3.017E-03 rmsd=6.879E+00 s=[ 0 0 0 1 1 0 1 1 1 1 1 1 1 0 0 0 0 0 0 1 1 1 0 1 1 1 1 1 1 1 1 1 1 1 0 0 ]
d13=9.870972698438 eijMax=1.767E-03 rmsd=6.882E+00 s=[ 0 0 0 0 0 1 0 0 0 0 0 0 0 1 1 1 1 1 1 0 0 0 1 0 0 0 0 0 0 0 0 0 0 0 1 1 ]
d13=9.870972698438 eijMax=5.461E-03 rmsd=9.594E+00 s=[ 0 0 0 0 0 1 0 0 0 0 0 0 0 1 1 1 1 1 1 0 1 1 0 1 1 1 1 1 1 1 1 1 1 1 0 0 ]
d13=9.870972698438 eijMax=5.461E-03 rmsd=9.594E+00 s=[ 0 0 0 1 1 0 1 1 1 1 1 1 1 0 0 0 0 0 0 1 0 0 1 0 0 0 0 0 0 0 0 0 0 0 1 1 ]
d13=9.870972698438 eijMax=1.767E-03 rmsd=6.882E+00 s=[ 0 0 0 1 1 0 1 1 1 1 1 1 1 0 0 0 0 0 0 1 1 1 0 1 1 1 1 1 1 1 1 1 1 1 0 0 ]
d13=9.871929994184 eijMax=5.028E-04 rmsd=6.884E+00 s=[ 0 0 0 0 0 1 0 0 0 0 0 0 0 1 1 1 1 1 1 0 0 0 1 0 0 0 0 0 0 0 0 0 0 0 1 1 ]
d13=9.871929994184 eijMax=4.011E-03 rmsd=9.594E+00 s=[ 0 0 0 0 0 1 0 0 0 0 0 0 0 1 1 1 1 1 1 0 1 1 0 1 1 1 1 1 1 1 1 1 1 1 0 0 ]
d13=9.871929994184 eijMax=4.011E-03 rmsd=9.594E+00 s=[ 0 0 0 1 1 0 1 1 1 1 1 1 1 0 0 0 0 0 0 1 0 0 1 0 0 0 0 0 0 0 0 0 0 0 1 1 ]
d13=9.871929994184 eijMax=5.028E-04 rmsd=6.884E+00 s=[ 0 0 0 1 1 0 1 1 1 1 1 1 1 0 0 0 0 0 0 1 1 1 0 1 1 1 1 1 1 1 1 1 1 1 0 0 ]
d13=9.872887289930 eijMax=7.754E-04 rmsd=6.887E+00 s=[ 0 0 0 0 0 1 0 0 0 0 0 0 0 1 1 1 1 1 1 0 0 0 1 0 0 0 0 0 0 0 0 0 0 0 1 1 ]
d13=9.872887289930 eijMax=2.572E-03 rmsd=9.595E+00 s=[ 0 0 0 0 0 1 0 0 0 0 0 0 0 1 1 1 1 1 1 0 1 1 0 1 1 1 1 1 1 1 1 1 1 1 0 0 ]
d13=9.872887289930 eijMax=2.572E-03 rmsd=9.595E+00 s=[ 0 0 0 1 1 0 1 1 1 1 1 1 1 0 0 0 0 0 0 1 0 0 1 0 0 0 0 0 0 0 0 0 0 0 1 1 ]
d13=9.872887289930 eijMax=7.754E-04 rmsd=6.887E+00 s=[ 0 0 0 1 1 0 1 1 1 1 1 1 1 0 0 0 0 0 0 1 1 1 0 1 1 1 1 1 1 1 1 1 1 1 0 0 ]
d13=9.873844585676 eijMax=2.068E-03 rmsd=6.889E+00 s=[ 0 0 0 0 0 1 0 0 0 0 0 0 0 1 1 1 1 1 1 0 0 0 1 0 0 0 0 0 0 0 0 0 0 0 1 1 ]
d13=9.873844585676 eijMax=1.142E-03 rmsd=9.595E+00 s=[ 0 0 0 0 0 1 0 0 0 0 0 0 0 1 1 1 1 1 1 0 1 1 0 1 1 1 1 1 1 1 1 1 1 1 0 0 ]
d13=9.873844585676 eijMax=1.142E-03 rmsd=9.595E+00 s=[ 0 0 0 1 1 0 1 1 1 1 1 1 1 0 0 0 0 0 0 1 0 0 1 0 0 0 0 0 0 0 0 0 0 0 1 1 ]
d13=9.873844585676 eijMax=2.068E-03 rmsd=6.889E+00 s=[ 0 0 0 1 1 0 1 1 1 1 1 1 1 0 0 0 0 0 0 1 1 1 0 1 1 1 1 1 1 1 1 1 1 1 0 0 ]
d13=9.874801881421 eijMax=3.376E-03 rmsd=6.890E+00 s=[ 0 0 0 0 0 1 0 0 0 0 0 0 0 1 1 1 1 1 1 0 0 0 1 0 0 0 0 0 0 0 0 0 0 0 1 1 ]
d13=9.874801881421 eijMax=2.773E-04 rmsd=9.595E+00 s=[ 0 0 0 0 0 1 0 0 0 0 0 0 0 1 1 1 1 1 1 0 1 1 0 1 1 1 1 1 1 1 1 1 1 1 0 0 ]
d13=9.874801881421 eijMax=2.773E-04 rmsd=9.595E+00 s=[ 0 0 0 1 1 0 1 1 1 1 1 1 1 0 0 0 0 0 0 1 0 0 1 0 0 0 0 0 0 0 0 0 0 0 1 1 ]
d13=9.874801881421 eijMax=3.376E-03 rmsd=6.890E+00 s=[ 0 0 0 1 1 0 1 1 1 1 1 1 1 0 0 0 0 0 0 1 1 1 0 1 1 1 1 1 1 1 1 1 1 1 0 0 ]
d13=9.875759177167 eijMax=4.698E-03 rmsd=6.892E+00 s=[ 0 0 0 0 0 1 0 0 0 0 0 0 0 1 1 1 1 1 1 0 0 0 1 0 0 0 0 0 0 0 0 0 0 0 1 1 ]
d13=9.875759177167 eijMax=1.686E-03 rmsd=9.596E+00 s=[ 0 0 0 0 0 1 0 0 0 0 0 0 0 1 1 1 1 1 1 0 1 1 0 1 1 1 1 1 1 1 1 1 1 1 0 0 ]
d13=9.875759177167 eijMax=1.686E-03 rmsd=9.596E+00 s=[ 0 0 0 1 1 0 1 1 1 1 1 1 1 0 0 0 0 0 0 1 0 0 1 0 0 0 0 0 0 0 0 0 0 0 1 1 ]
d13=9.875759177167 eijMax=4.698E-03 rmsd=6.892E+00 s=[ 0 0 0 1 1 0 1 1 1 1 1 1 1 0 0 0 0 0 0 1 1 1 0 1 1 1 1 1 1 1 1 1 1 1 0 0 ]
d13=9.876716472913 eijMax=6.036E-03 rmsd=6.893E+00 s=[ 0 0 0 0 0 1 0 0 0 0 0 0 0 1 1 1 1 1 1 0 0 0 1 0 0 0 0 0 0 0 0 0 0 0 1 1 ]
d13=9.876716472913 eijMax=3.085E-03 rmsd=9.596E+00 s=[ 0 0 0 0 0 1 0 0 0 0 0 0 0 1 1 1 1 1 1 0 1 1 0 1 1 1 1 1 1 1 1 1 1 1 0 0 ]
d13=9.876716472913 eijMax=3.085E-03 rmsd=9.596E+00 s=[ 0 0 0 1 1 0 1 1 1 1 1 1 1 0 0 0 0 0 0 1 0 0 1 0 0 0 0 0 0 0 0 0 0 0 1 1 ]
d13=9.876716472913 eijMax=6.036E-03 rmsd=6.893E+00 s=[ 0 0 0 1 1 0 1 1 1 1 1 1 1 0 0 0 0 0 0 1 1 1 0 1 1 1 1 1 1 1 1 1 1 1 0 0 ]
d13=9.877673768659 eijMax=7.389E-03 rmsd=6.894E+00 s=[ 0 0 0 0 0 1 0 0 0 0 0 0 0 1 1 1 1 1 1 0 0 0 1 0 0 0 0 0 0 0 0 0 0 0 1 1 ]
d13=9.877673768659 eijMax=4.474E-03 rmsd=9.596E+00 s=[ 0 0 0 0 0 1 0 0 0 0 0 0 0 1 1 1 1 1 1 0 1 1 0 1 1 1 1 1 1 1 1 1 1 1 0 0 ]
d13=9.877673768659 eijMax=4.474E-03 rmsd=9.596E+00 s=[ 0 0 0 1 1 0 1 1 1 1 1 1 1 0 0 0 0 0 0 1 0 0 1 0 0 0 0 0 0 0 0 0 0 0 1 1 ]
d13=9.877673768659 eijMax=7.389E-03 rmsd=6.894E+00 s=[ 0 0 0 1 1 0 1 1 1 1 1 1 1 0 0 0 0 0 0 1 1 1 0 1 1 1 1 1 1 1 1 1 1 1 0 0 ]
d13=9.878631064404 eijMax=8.758E-03 rmsd=6.895E+00 s=[ 0 0 0 0 0 1 0 0 0 0 0 0 0 1 1 1 1 1 1 0 0 0 1 0 0 0 0 0 0 0 0 0 0 0 1 1 ]
d13=9.878631064404 eijMax=5.852E-03 rmsd=9.597E+00 s=[ 0 0 0 0 0 1 0 0 0 0 0 0 0 1 1 1 1 1 1 0 1 1 0 1 1 1 1 1 1 1 1 1 1 1 0 0 ]
d13=9.878631064404 eijMax=5.852E-03 rmsd=9.597E+00 s=[ 0 0 0 1 1 0 1 1 1 1 1 1 1 0 0 0 0 0 0 1 0 0 1 0 0 0 0 0 0 0 0 0 0 0 1 1 ]
d13=9.878631064404 eijMax=8.758E-03 rmsd=6.895E+00 s=[ 0 0 0 1 1 0 1 1 1 1 1 1 1 0 0 0 0 0 0 1 1 1 0 1 1 1 1 1 1 1 1 1 1 1 0 0 ]
d13=9.879588360150 eijMax=7.220E-03 rmsd=9.597E+00 s=[ 0 0 0 0 0 1 0 0 0 0 0 0 0 1 1 1 1 1 1 0 1 1 0 1 1 1 1 1 1 1 1 1 1 1 0 0 ]
d13=9.879588360150 eijMax=7.220E-03 rmsd=9.597E+00 s=[ 0 0 0 1 1 0 1 1 1 1 1 1 1 0 0 0 0 0 0 1 0 0 1 0 0 0 0 0 0 0 0 0 0 0 1 1 ]
d13=9.880545655896 eijMax=8.577E-03 rmsd=9.597E+00 s=[ 0 0 0 0 0 1 0 0 0 0 0 0 0 1 1 1 1 1 1 0 1 1 0 1 1 1 1 1 1 1 1 1 1 1 0 0 ]
d13=9.880545655896 eijMax=8.577E-03 rmsd=9.597E+00 s=[ 0 0 0 1 1 0 1 1 1 1 1 1 1 0 0 0 0 0 0 1 0 0 1 0 0 0 0 0 0 0 0 0 0 0 1 1 ]
d13=9.881502951642 eijMax=9.924E-03 rmsd=9.598E+00 s=[ 0 0 0 0 0 1 0 0 0 0 0 0 0 1 1 1 1 1 1 0 1 1 0 1 1 1 1 1 1 1 1 1 1 1 0 0 ]
d13=9.881502951642 eijMax=9.924E-03 rmsd=9.598E+00 s=[ 0 0 0 1 1 0 1 1 1 1 1 1 1 0 0 0 0 0 0 1 0 0 1 0 0 0 0 0 0 0 0 0 0 0 1 1 ]
d13=9.892033204845 eijMax=7.776E-03 rmsd=8.765E+00 s=[ 0 0 0 0 0 1 0 0 0 0 0 0 1 0 0 0 0 0 0 1 1 0 1 0 0 0 0 0 0 0 0 0 0 0 1 1 ]
d13=9.892033204845 eijMax=7.776E-03 rmsd=8.765E+00 s=[ 0 0 0 1 1 0 1 1 1 1 1 1 0 1 1 1 1 1 1 0 0 1 0 1 1 1 1 1 1 1 1 1 1 1 0 0 ]
d13=9.892990500591 eijMax=4.392E-03 rmsd=8.750E+00 s=[ 0 0 0 0 0 1 0 0 0 0 0 0 1 0 0 0 0 0 0 1 1 0 1 0 0 0 0 0 0 0 0 0 0 0 1 1 ]
d13=9.892990500591 eijMax=4.392E-03 rmsd=8.750E+00 s=[ 0 0 0 1 1 0 1 1 1 1 1 1 0 1 1 1 1 1 1 0 0 1 0 1 1 1 1 1 1 1 1 1 1 1 0 0 ]
d13=9.893947796336 eijMax=1.016E-03 rmsd=8.736E+00 s=[ 0 0 0 0 0 1 0 0 0 0 0 0 1 0 0 0 0 0 0 1 1 0 1 0 0 0 0 0 0 0 0 0 0 0 1 1 ]
d13=9.893947796336 eijMax=1.016E-03 rmsd=8.736E+00 s=[ 0 0 0 1 1 0 1 1 1 1 1 1 0 1 1 1 1 1 1 0 0 1 0 1 1 1 1 1 1 1 1 1 1 1 0 0 ]
d13=9.894905092082 eijMax=2.352E-03 rmsd=8.721E+00 s=[ 0 0 0 0 0 1 0 0 0 0 0 0 1 0 0 0 0 0 0 1 1 0 1 0 0 0 0 0 0 0 0 0 0 0 1 1 ]
d13=9.894905092082 eijMax=2.352E-03 rmsd=8.721E+00 s=[ 0 0 0 1 1 0 1 1 1 1 1 1 0 1 1 1 1 1 1 0 0 1 0 1 1 1 1 1 1 1 1 1 1 1 0 0 ]
d13=9.895862387828 eijMax=5.710E-03 rmsd=8.707E+00 s=[ 0 0 0 0 0 1 0 0 0 0 0 0 1 0 0 0 0 0 0 1 1 0 1 0 0 0 0 0 0 0 0 0 0 0 1 1 ]
d13=9.895862387828 eijMax=5.710E-03 rmsd=8.707E+00 s=[ 0 0 0 1 1 0 1 1 1 1 1 1 0 1 1 1 1 1 1 0 0 1 0 1 1 1 1 1 1 1 1 1 1 1 0 0 ]
d13=9.896819683574 eijMax=9.060E-03 rmsd=8.693E+00 s=[ 0 0 0 0 0 1 0 0 0 0 0 0 1 0 0 0 0 0 0 1 1 0 1 0 0 0 0 0 0 0 0 0 0 0 1 1 ]
d13=9.896819683574 eijMax=9.060E-03 rmsd=8.693E+00 s=[ 0 0 0 1 1 0 1 1 1 1 1 1 0 1 1 1 1 1 1 0 0 1 0 1 1 1 1 1 1 1 1 1 1 1 0 0 ]
d13=9.983933596436 eijMax=6.845E-03 rmsd=1.042E+01 s=[ 0 0 0 0 0 0 1 1 1 1 1 1 1 0 0 0 0 0 0 1 0 0 1 0 0 0 0 0 0 0 0 0 0 0 1 1 ]
d13=9.983933596436 eijMax=6.845E-03 rmsd=1.042E+01 s=[ 0 0 0 1 1 1 0 0 0 0 0 0 0 1 1 1 1 1 1 0 1 1 0 1 1 1 1 1 1 1 1 1 1 1 0 0 ]
d13=9.984890892182 eijMax=2.152E-03 rmsd=1.039E+01 s=[ 0 0 0 0 0 0 1 1 1 1 1 1 1 0 0 0 0 0 0 1 0 0 1 0 0 0 0 0 0 0 0 0 0 0 1 1 ]
d13=9.984890892182 eijMax=2.152E-03 rmsd=1.039E+01 s=[ 0 0 0 1 1 1 0 0 0 0 0 0 0 1 1 1 1 1 1 0 1 1 0 1 1 1 1 1 1 1 1 1 1 1 0 0 ]
d13=9.985848187928 eijMax=2.478E-03 rmsd=1.035E+01 s=[ 0 0 0 0 0 0 1 1 1 1 1 1 1 0 0 0 0 0 0 1 0 0 1 0 0 0 0 0 0 0 0 0 0 0 1 1 ]
d13=9.985848187928 eijMax=2.478E-03 rmsd=1.035E+01 s=[ 0 0 0 1 1 1 0 0 0 0 0 0 0 1 1 1 1 1 1 0 1 1 0 1 1 1 1 1 1 1 1 1 1 1 0 0 ]
d13=9.986805483674 eijMax=7.049E-03 rmsd=1.032E+01 s=[ 0 0 0 0 0 0 1 1 1 1 1 1 1 0 0 0 0 0 0 1 0 0 1 0 0 0 0 0 0 0 0 0 0 0 1 1 ]
d13=9.986805483674 eijMax=7.049E-03 rmsd=1.032E+01 s=[ 0 0 0 1 1 1 0 0 0 0 0 0 0 1 1 1 1 1 1 0 1 1 0 1 1 1 1 1 1 1 1 1 1 1 0 0 ]
d13=9.987762779419 eijMax=9.135E-03 rmsd=1.057E+01 s=[ 0 0 0 0 1 0 1 1 1 1 1 1 1 0 0 0 0 0 0 1 1 0 1 0 0 0 0 0 0 0 0 0 0 0 1 1 ]
d13=9.987762779419 eijMax=9.135E-03 rmsd=1.057E+01 s=[ 0 0 0 1 0 1 0 0 0 0 0 0 0 1 1 1 1 1 1 0 0 1 0 1 1 1 1 1 1 1 1 1 1 1 0 0 ]
d13=9.988720075165 eijMax=8.113E-03 rmsd=1.057E+01 s=[ 0 0 0 0 1 0 1 1 1 1 1 1 1 0 0 0 0 0 0 1 1 0 1 0 0 0 0 0 0 0 0 0 0 0 1 1 ]
d13=9.988720075165 eijMax=8.113E-03 rmsd=1.057E+01 s=[ 0 0 0 1 0 1 0 0 0 0 0 0 0 1 1 1 1 1 1 0 0 1 0 1 1 1 1 1 1 1 1 1 1 1 0 0 ]
d13=9.989677370911 eijMax=7.091E-03 rmsd=1.057E+01 s=[ 0 0 0 0 1 0 1 1 1 1 1 1 1 0 0 0 0 0 0 1 1 0 1 0 0 0 0 0 0 0 0 0 0 0 1 1 ]
d13=9.989677370911 eijMax=7.091E-03 rmsd=1.057E+01 s=[ 0 0 0 1 0 1 0 0 0 0 0 0 0 1 1 1 1 1 1 0 0 1 0 1 1 1 1 1 1 1 1 1 1 1 0 0 ]
d13=9.990634666657 eijMax=6.068E-03 rmsd=1.057E+01 s=[ 0 0 0 0 1 0 1 1 1 1 1 1 1 0 0 0 0 0 0 1 1 0 1 0 0 0 0 0 0 0 0 0 0 0 1 1 ]
d13=9.990634666657 eijMax=6.068E-03 rmsd=1.057E+01 s=[ 0 0 0 1 0 1 0 0 0 0 0 0 0 1 1 1 1 1 1 0 0 1 0 1 1 1 1 1 1 1 1 1 1 1 0 0 ]
d13=9.991591962402 eijMax=5.044E-03 rmsd=1.057E+01 s=[ 0 0 0 0 1 0 1 1 1 1 1 1 1 0 0 0 0 0 0 1 1 0 1 0 0 0 0 0 0 0 0 0 0 0 1 1 ]
d13=9.991591962402 eijMax=5.044E-03 rmsd=1.057E+01 s=[ 0 0 0 1 0 1 0 0 0 0 0 0 0 1 1 1 1 1 1 0 0 1 0 1 1 1 1 1 1 1 1 1 1 1 0 0 ]
d13=9.992549258148 eijMax=4.021E-03 rmsd=1.057E+01 s=[ 0 0 0 0 1 0 1 1 1 1 1 1 1 0 0 0 0 0 0 1 1 0 1 0 0 0 0 0 0 0 0 0 0 0 1 1 ]
d13=9.992549258148 eijMax=4.021E-03 rmsd=1.057E+01 s=[ 0 0 0 1 0 1 0 0 0 0 0 0 0 1 1 1 1 1 1 0 0 1 0 1 1 1 1 1 1 1 1 1 1 1 0 0 ]
d13=9.993506553894 eijMax=2.996E-03 rmsd=1.057E+01 s=[ 0 0 0 0 1 0 1 1 1 1 1 1 1 0 0 0 0 0 0 1 1 0 1 0 0 0 0 0 0 0 0 0 0 0 1 1 ]
d13=9.993506553894 eijMax=2.996E-03 rmsd=1.057E+01 s=[ 0 0 0 1 0 1 0 0 0 0 0 0 0 1 1 1 1 1 1 0 0 1 0 1 1 1 1 1 1 1 1 1 1 1 0 0 ]
d13=9.994463849640 eijMax=1.972E-03 rmsd=1.057E+01 s=[ 0 0 0 0 1 0 1 1 1 1 1 1 1 0 0 0 0 0 0 1 1 0 1 0 0 0 0 0 0 0 0 0 0 0 1 1 ]
d13=9.994463849640 eijMax=1.972E-03 rmsd=1.057E+01 s=[ 0 0 0 1 0 1 0 0 0 0 0 0 0 1 1 1 1 1 1 0 0 1 0 1 1 1 1 1 1 1 1 1 1 1 0 0 ]
d13=9.995421145385 eijMax=9.468E-04 rmsd=1.057E+01 s=[ 0 0 0 0 1 0 1 1 1 1 1 1 1 0 0 0 0 0 0 1 1 0 1 0 0 0 0 0 0 0 0 0 0 0 1 1 ]
d13=9.995421145385 eijMax=9.468E-04 rmsd=1.057E+01 s=[ 0 0 0 1 0 1 0 0 0 0 0 0 0 1 1 1 1 1 1 0 0 1 0 1 1 1 1 1 1 1 1 1 1 1 0 0 ]
d13=9.996378441131 eijMax=7.857E-05 rmsd=1.057E+01 s=[ 0 0 0 0 1 0 1 1 1 1 1 1 1 0 0 0 0 0 0 1 1 0 1 0 0 0 0 0 0 0 0 0 0 0 1 1 ]
d13=9.996378441131 eijMax=7.857E-05 rmsd=1.057E+01 s=[ 0 0 0 1 0 1 0 0 0 0 0 0 0 1 1 1 1 1 1 0 0 1 0 1 1 1 1 1 1 1 1 1 1 1 0 0 ]
d13=9.997335736877 eijMax=1.104E-03 rmsd=1.057E+01 s=[ 0 0 0 0 1 0 1 1 1 1 1 1 1 0 0 0 0 0 0 1 1 0 1 0 0 0 0 0 0 0 0 0 0 0 1 1 ]
d13=9.997335736877 eijMax=1.104E-03 rmsd=1.057E+01 s=[ 0 0 0 1 0 1 0 0 0 0 0 0 0 1 1 1 1 1 1 0 0 1 0 1 1 1 1 1 1 1 1 1 1 1 0 0 ]
d13=9.998293032623 eijMax=2.131E-03 rmsd=1.057E+01 s=[ 0 0 0 0 1 0 1 1 1 1 1 1 1 0 0 0 0 0 0 1 1 0 1 0 0 0 0 0 0 0 0 0 0 0 1 1 ]
d13=9.998293032623 eijMax=2.131E-03 rmsd=1.057E+01 s=[ 0 0 0 1 0 1 0 0 0 0 0 0 0 1 1 1 1 1 1 0 0 1 0 1 1 1 1 1 1 1 1 1 1 1 0 0 ]
d13=9.999250328368 eijMax=3.157E-03 rmsd=1.057E+01 s=[ 0 0 0 0 1 0 1 1 1 1 1 1 1 0 0 0 0 0 0 1 1 0 1 0 0 0 0 0 0 0 0 0 0 0 1 1 ]
d13=9.999250328368 eijMax=3.157E-03 rmsd=1.057E+01 s=[ 0 0 0 1 0 1 0 0 0 0 0 0 0 1 1 1 1 1 1 0 0 1 0 1 1 1 1 1 1 1 1 1 1 1 0 0 ]
d13=10.000207624114 eijMax=4.184E-03 rmsd=1.057E+01 s=[ 0 0 0 0 1 0 1 1 1 1 1 1 1 0 0 0 0 0 0 1 1 0 1 0 0 0 0 0 0 0 0 0 0 0 1 1 ]
d13=10.000207624114 eijMax=4.184E-03 rmsd=1.057E+01 s=[ 0 0 0 1 0 1 0 0 0 0 0 0 0 1 1 1 1 1 1 0 0 1 0 1 1 1 1 1 1 1 1 1 1 1 0 0 ]
d13=10.001164919860 eijMax=5.212E-03 rmsd=1.057E+01 s=[ 0 0 0 0 1 0 1 1 1 1 1 1 1 0 0 0 0 0 0 1 1 0 1 0 0 0 0 0 0 0 0 0 0 0 1 1 ]
d13=10.001164919860 eijMax=5.212E-03 rmsd=1.057E+01 s=[ 0 0 0 1 0 1 0 0 0 0 0 0 0 1 1 1 1 1 1 0 0 1 0 1 1 1 1 1 1 1 1 1 1 1 0 0 ]
d13=10.002122215606 eijMax=6.240E-03 rmsd=1.057E+01 s=[ 0 0 0 0 1 0 1 1 1 1 1 1 1 0 0 0 0 0 0 1 1 0 1 0 0 0 0 0 0 0 0 0 0 0 1 1 ]
d13=10.002122215606 eijMax=6.240E-03 rmsd=1.057E+01 s=[ 0 0 0 1 0 1 0 0 0 0 0 0 0 1 1 1 1 1 1 0 0 1 0 1 1 1 1 1 1 1 1 1 1 1 0 0 ]
d13=10.003079511351 eijMax=7.268E-03 rmsd=1.057E+01 s=[ 0 0 0 0 1 0 1 1 1 1 1 1 1 0 0 0 0 0 0 1 1 0 1 0 0 0 0 0 0 0 0 0 0 0 1 1 ]
d13=10.003079511351 eijMax=7.268E-03 rmsd=1.057E+01 s=[ 0 0 0 1 0 1 0 0 0 0 0 0 0 1 1 1 1 1 1 0 0 1 0 1 1 1 1 1 1 1 1 1 1 1 0 0 ]
d13=10.004036807097 eijMax=8.297E-03 rmsd=1.057E+01 s=[ 0 0 0 0 1 0 1 1 1 1 1 1 1 0 0 0 0 0 0 1 1 0 1 0 0 0 0 0 0 0 0 0 0 0 1 1 ]
d13=10.004036807097 eijMax=8.297E-03 rmsd=1.057E+01 s=[ 0 0 0 1 0 1 0 0 0 0 0 0 0 1 1 1 1 1 1 0 0 1 0 1 1 1 1 1 1 1 1 1 1 1 0 0 ]
d13=10.004994102843 eijMax=9.326E-03 rmsd=1.057E+01 s=[ 0 0 0 0 1 0 1 1 1 1 1 1 1 0 0 0 0 0 0 1 1 0 1 0 0 0 0 0 0 0 0 0 0 0 1 1 ]
d13=10.004994102843 eijMax=9.326E-03 rmsd=1.057E+01 s=[ 0 0 0 1 0 1 0 0 0 0 0 0 0 1 1 1 1 1 1 0 0 1 0 1 1 1 1 1 1 1 1 1 1 1 0 0 ]
d13=10.006908694334 eijMax=9.158E-03 rmsd=1.065E+01 s=[ 0 0 0 0 1 0 1 1 1 1 1 1 0 1 1 1 1 1 1 0 1 0 1 0 0 0 0 0 0 0 0 0 0 0 1 1 ]
d13=10.006908694334 eijMax=9.158E-03 rmsd=1.065E+01 s=[ 0 0 0 1 0 1 0 0 0 0 0 0 1 0 0 0 0 0 0 1 0 1 0 1 1 1 1 1 1 1 1 1 1 1 0 0 ]
d13=10.007865990080 eijMax=8.238E-03 rmsd=1.065E+01 s=[ 0 0 0 0 1 0 1 1 1 1 1 1 0 1 1 1 1 1 1 0 1 0 1 0 0 0 0 0 0 0 0 0 0 0 1 1 ]
d13=10.007865990080 eijMax=8.238E-03 rmsd=1.065E+01 s=[ 0 0 0 1 0 1 0 0 0 0 0 0 1 0 0 0 0 0 0 1 0 1 0 1 1 1 1 1 1 1 1 1 1 1 0 0 ]
d13=10.008823285826 eijMax=7.321E-03 rmsd=1.065E+01 s=[ 0 0 0 0 1 0 1 1 1 1 1 1 0 1 1 1 1 1 1 0 1 0 1 0 0 0 0 0 0 0 0 0 0 0 1 1 ]
d13=10.008823285826 eijMax=7.321E-03 rmsd=1.065E+01 s=[ 0 0 0 1 0 1 0 0 0 0 0 0 1 0 0 0 0 0 0 1 0 1 0 1 1 1 1 1 1 1 1 1 1 1 0 0 ]
d13=10.009780581572 eijMax=6.406E-03 rmsd=1.065E+01 s=[ 0 0 0 0 1 0 1 1 1 1 1 1 0 1 1 1 1 1 1 0 1 0 1 0 0 0 0 0 0 0 0 0 0 0 1 1 ]
d13=10.009780581572 eijMax=6.406E-03 rmsd=1.065E+01 s=[ 0 0 0 1 0 1 0 0 0 0 0 0 1 0 0 0 0 0 0 1 0 1 0 1 1 1 1 1 1 1 1 1 1 1 0 0 ]
d13=10.010737877317 eijMax=5.493E-03 rmsd=1.065E+01 s=[ 0 0 0 0 1 0 1 1 1 1 1 1 0 1 1 1 1 1 1 0 1 0 1 0 0 0 0 0 0 0 0 0 0 0 1 1 ]
d13=10.010737877317 eijMax=5.493E-03 rmsd=1.065E+01 s=[ 0 0 0 1 0 1 0 0 0 0 0 0 1 0 0 0 0 0 0 1 0 1 0 1 1 1 1 1 1 1 1 1 1 1 0 0 ]
d13=10.011695173063 eijMax=4.582E-03 rmsd=1.066E+01 s=[ 0 0 0 0 1 0 1 1 1 1 1 1 0 1 1 1 1 1 1 0 1 0 1 0 0 0 0 0 0 0 0 0 0 0 1 1 ]
d13=10.011695173063 eijMax=4.582E-03 rmsd=1.066E+01 s=[ 0 0 0 1 0 1 0 0 0 0 0 0 1 0 0 0 0 0 0 1 0 1 0 1 1 1 1 1 1 1 1 1 1 1 0 0 ]
d13=10.012652468809 eijMax=3.674E-03 rmsd=1.066E+01 s=[ 0 0 0 0 1 0 1 1 1 1 1 1 0 1 1 1 1 1 1 0 1 0 1 0 0 0 0 0 0 0 0 0 0 0 1 1 ]
d13=10.012652468809 eijMax=3.674E-03 rmsd=1.066E+01 s=[ 0 0 0 1 0 1 0 0 0 0 0 0 1 0 0 0 0 0 0 1 0 1 0 1 1 1 1 1 1 1 1 1 1 1 0 0 ]
d13=10.013609764555 eijMax=2.768E-03 rmsd=1.066E+01 s=[ 0 0 0 0 1 0 1 1 1 1 1 1 0 1 1 1 1 1 1 0 1 0 1 0 0 0 0 0 0 0 0 0 0 0 1 1 ]
d13=10.013609764555 eijMax=2.768E-03 rmsd=1.066E+01 s=[ 0 0 0 1 0 1 0 0 0 0 0 0 1 0 0 0 0 0 0 1 0 1 0 1 1 1 1 1 1 1 1 1 1 1 0 0 ]
d13=10.014567060300 eijMax=1.864E-03 rmsd=1.066E+01 s=[ 0 0 0 0 1 0 1 1 1 1 1 1 0 1 1 1 1 1 1 0 1 0 1 0 0 0 0 0 0 0 0 0 0 0 1 1 ]
d13=10.014567060300 eijMax=1.864E-03 rmsd=1.066E+01 s=[ 0 0 0 1 0 1 0 0 0 0 0 0 1 0 0 0 0 0 0 1 0 1 0 1 1 1 1 1 1 1 1 1 1 1 0 0 ]
d13=10.015524356046 eijMax=9.631E-04 rmsd=1.066E+01 s=[ 0 0 0 0 1 0 1 1 1 1 1 1 0 1 1 1 1 1 1 0 1 0 1 0 0 0 0 0 0 0 0 0 0 0 1 1 ]
d13=10.015524356046 eijMax=9.631E-04 rmsd=1.066E+01 s=[ 0 0 0 1 0 1 0 0 0 0 0 0 1 0 0 0 0 0 0 1 0 1 0 1 1 1 1 1 1 1 1 1 1 1 0 0 ]
d13=10.016481651792 eijMax=6.408E-05 rmsd=1.066E+01 s=[ 0 0 0 0 1 0 1 1 1 1 1 1 0 1 1 1 1 1 1 0 1 0 1 0 0 0 0 0 0 0 0 0 0 0 1 1 ]
d13=10.016481651792 eijMax=6.408E-05 rmsd=1.066E+01 s=[ 0 0 0 1 0 1 0 0 0 0 0 0 1 0 0 0 0 0 0 1 0 1 0 1 1 1 1 1 1 1 1 1 1 1 0 0 ]
d13=10.017438947538 eijMax=8.326E-04 rmsd=1.066E+01 s=[ 0 0 0 0 1 0 1 1 1 1 1 1 0 1 1 1 1 1 1 0 1 0 1 0 0 0 0 0 0 0 0 0 0 0 1 1 ]
d13=10.017438947538 eijMax=8.326E-04 rmsd=1.066E+01 s=[ 0 0 0 1 0 1 0 0 0 0 0 0 1 0 0 0 0 0 0 1 0 1 0 1 1 1 1 1 1 1 1 1 1 1 0 0 ]
d13=10.018396243283 eijMax=1.727E-03 rmsd=1.066E+01 s=[ 0 0 0 0 1 0 1 1 1 1 1 1 0 1 1 1 1 1 1 0 1 0 1 0 0 0 0 0 0 0 0 0 0 0 1 1 ]
d13=10.018396243283 eijMax=1.727E-03 rmsd=1.066E+01 s=[ 0 0 0 1 0 1 0 0 0 0 0 0 1 0 0 0 0 0 0 1 0 1 0 1 1 1 1 1 1 1 1 1 1 1 0 0 ]
d13=10.019353539029 eijMax=2.619E-03 rmsd=1.066E+01 s=[ 0 0 0 0 1 0 1 1 1 1 1 1 0 1 1 1 1 1 1 0 1 0 1 0 0 0 0 0 0 0 0 0 0 0 1 1 ]
d13=10.019353539029 eijMax=2.619E-03 rmsd=1.066E+01 s=[ 0 0 0 1 0 1 0 0 0 0 0 0 1 0 0 0 0 0 0 1 0 1 0 1 1 1 1 1 1 1 1 1 1 1 0 0 ]
d13=10.020310834775 eijMax=3.509E-03 rmsd=1.066E+01 s=[ 0 0 0 0 1 0 1 1 1 1 1 1 0 1 1 1 1 1 1 0 1 0 1 0 0 0 0 0 0 0 0 0 0 0 1 1 ]
d13=10.020310834775 eijMax=3.509E-03 rmsd=1.066E+01 s=[ 0 0 0 1 0 1 0 0 0 0 0 0 1 0 0 0 0 0 0 1 0 1 0 1 1 1 1 1 1 1 1 1 1 1 0 0 ]
d13=10.021268130521 eijMax=4.396E-03 rmsd=1.066E+01 s=[ 0 0 0 0 1 0 1 1 1 1 1 1 0 1 1 1 1 1 1 0 1 0 1 0 0 0 0 0 0 0 0 0 0 0 1 1 ]
d13=10.021268130521 eijMax=4.396E-03 rmsd=1.066E+01 s=[ 0 0 0 1 0 1 0 0 0 0 0 0 1 0 0 0 0 0 0 1 0 1 0 1 1 1 1 1 1 1 1 1 1 1 0 0 ]
d13=10.022225426266 eijMax=5.282E-03 rmsd=1.066E+01 s=[ 0 0 0 0 1 0 1 1 1 1 1 1 0 1 1 1 1 1 1 0 1 0 1 0 0 0 0 0 0 0 0 0 0 0 1 1 ]
d13=10.022225426266 eijMax=5.282E-03 rmsd=1.066E+01 s=[ 0 0 0 1 0 1 0 0 0 0 0 0 1 0 0 0 0 0 0 1 0 1 0 1 1 1 1 1 1 1 1 1 1 1 0 0 ]
d13=10.023182722012 eijMax=6.164E-03 rmsd=1.066E+01 s=[ 0 0 0 0 1 0 1 1 1 1 1 1 0 1 1 1 1 1 1 0 1 0 1 0 0 0 0 0 0 0 0 0 0 0 1 1 ]
d13=10.023182722012 eijMax=6.164E-03 rmsd=1.066E+01 s=[ 0 0 0 1 0 1 0 0 0 0 0 0 1 0 0 0 0 0 0 1 0 1 0 1 1 1 1 1 1 1 1 1 1 1 0 0 ]
d13=10.024140017758 eijMax=7.045E-03 rmsd=1.066E+01 s=[ 0 0 0 0 1 0 1 1 1 1 1 1 0 1 1 1 1 1 1 0 1 0 1 0 0 0 0 0 0 0 0 0 0 0 1 1 ]
d13=10.024140017758 eijMax=7.045E-03 rmsd=1.066E+01 s=[ 0 0 0 1 0 1 0 0 0 0 0 0 1 0 0 0 0 0 0 1 0 1 0 1 1 1 1 1 1 1 1 1 1 1 0 0 ]
d13=10.025097313504 eijMax=7.924E-03 rmsd=1.066E+01 s=[ 0 0 0 0 1 0 1 1 1 1 1 1 0 1 1 1 1 1 1 0 1 0 1 0 0 0 0 0 0 0 0 0 0 0 1 1 ]
d13=10.025097313504 eijMax=7.924E-03 rmsd=1.066E+01 s=[ 0 0 0 1 0 1 0 0 0 0 0 0 1 0 0 0 0 0 0 1 0 1 0 1 1 1 1 1 1 1 1 1 1 1 0 0 ]
d13=10.026054609249 eijMax=8.800E-03 rmsd=1.067E+01 s=[ 0 0 0 0 1 0 1 1 1 1 1 1 0 1 1 1 1 1 1 0 1 0 1 0 0 0 0 0 0 0 0 0 0 0 1 1 ]
d13=10.026054609249 eijMax=8.800E-03 rmsd=1.067E+01 s=[ 0 0 0 1 0 1 0 0 0 0 0 0 1 0 0 0 0 0 0 1 0 1 0 1 1 1 1 1 1 1 1 1 1 1 0 0 ]
d13=10.027011904995 eijMax=9.673E-03 rmsd=1.067E+01 s=[ 0 0 0 0 1 0 1 1 1 1 1 1 0 1 1 1 1 1 1 0 1 0 1 0 0 0 0 0 0 0 0 0 0 0 1 1 ]
d13=10.027011904995 eijMax=9.673E-03 rmsd=1.067E+01 s=[ 0 0 0 1 0 1 0 0 0 0 0 0 1 0 0 0 0 0 0 1 0 1 0 1 1 1 1 1 1 1 1 1 1 1 0 0 ]
d13=10.208898096687 eijMax=8.790E-03 rmsd=1.172E+01 s=[ 0 0 0 0 0 1 0 0 0 0 0 0 0 1 1 1 1 1 1 0 1 0 1 0 0 0 0 0 0 0 0 0 0 0 1 1 ]
d13=10.208898096687 eijMax=8.790E-03 rmsd=1.172E+01 s=[ 0 0 0 1 1 0 1 1 1 1 1 1 1 0 0 0 0 0 0 1 0 1 0 1 1 1 1 1 1 1 1 1 1 1 0 0 ]
d13=10.209855392432 eijMax=6.518E-03 rmsd=1.171E+01 s=[ 0 0 0 0 0 1 0 0 0 0 0 0 0 1 1 1 1 1 1 0 1 0 1 0 0 0 0 0 0 0 0 0 0 0 1 1 ]
d13=10.209855392432 eijMax=6.518E-03 rmsd=1.171E+01 s=[ 0 0 0 1 1 0 1 1 1 1 1 1 1 0 0 0 0 0 0 1 0 1 0 1 1 1 1 1 1 1 1 1 1 1 0 0 ]
d13=10.210812688178 eijMax=4.242E-03 rmsd=1.170E+01 s=[ 0 0 0 0 0 1 0 0 0 0 0 0 0 1 1 1 1 1 1 0 1 0 1 0 0 0 0 0 0 0 0 0 0 0 1 1 ]
d13=10.210812688178 eijMax=4.242E-03 rmsd=1.170E+01 s=[ 0 0 0 1 1 0 1 1 1 1 1 1 1 0 0 0 0 0 0 1 0 1 0 1 1 1 1 1 1 1 1 1 1 1 0 0 ]
d13=10.211769983924 eijMax=1.960E-03 rmsd=1.169E+01 s=[ 0 0 0 0 0 1 0 0 0 0 0 0 0 1 1 1 1 1 1 0 1 0 1 0 0 0 0 0 0 0 0 0 0 0 1 1 ]
d13=10.211769983924 eijMax=1.960E-03 rmsd=1.169E+01 s=[ 0 0 0 1 1 0 1 1 1 1 1 1 1 0 0 0 0 0 0 1 0 1 0 1 1 1 1 1 1 1 1 1 1 1 0 0 ]
d13=10.212727279670 eijMax=3.259E-04 rmsd=1.168E+01 s=[ 0 0 0 0 0 1 0 0 0 0 0 0 0 1 1 1 1 1 1 0 1 0 1 0 0 0 0 0 0 0 0 0 0 0 1 1 ]
d13=10.212727279670 eijMax=3.259E-04 rmsd=1.168E+01 s=[ 0 0 0 1 1 0 1 1 1 1 1 1 1 0 0 0 0 0 0 1 0 1 0 1 1 1 1 1 1 1 1 1 1 1 0 0 ]
d13=10.213684575415 eijMax=2.617E-03 rmsd=1.167E+01 s=[ 0 0 0 0 0 1 0 0 0 0 0 0 0 1 1 1 1 1 1 0 1 0 1 0 0 0 0 0 0 0 0 0 0 0 1 1 ]
d13=10.213684575415 eijMax=2.617E-03 rmsd=1.167E+01 s=[ 0 0 0 1 1 0 1 1 1 1 1 1 1 0 0 0 0 0 0 1 0 1 0 1 1 1 1 1 1 1 1 1 1 1 0 0 ]
d13=10.214641871161 eijMax=4.912E-03 rmsd=1.166E+01 s=[ 0 0 0 0 0 1 0 0 0 0 0 0 0 1 1 1 1 1 1 0 1 0 1 0 0 0 0 0 0 0 0 0 0 0 1 1 ]
d13=10.214641871161 eijMax=4.912E-03 rmsd=1.166E+01 s=[ 0 0 0 1 1 0 1 1 1 1 1 1 1 0 0 0 0 0 0 1 0 1 0 1 1 1 1 1 1 1 1 1 1 1 0 0 ]
d13=10.215599166907 eijMax=7.212E-03 rmsd=1.165E+01 s=[ 0 0 0 0 0 1 0 0 0 0 0 0 0 1 1 1 1 1 1 0 1 0 1 0 0 0 0 0 0 0 0 0 0 0 1 1 ]
d13=10.215599166907 eijMax=7.212E-03 rmsd=1.165E+01 s=[ 0 0 0 1 1 0 1 1 1 1 1 1 1 0 0 0 0 0 0 1 0 1 0 1 1 1 1 1 1 1 1 1 1 1 0 0 ]
d13=10.216556462653 eijMax=9.516E-03 rmsd=1.164E+01 s=[ 0 0 0 0 0 1 0 0 0 0 0 0 0 1 1 1 1 1 1 0 1 0 1 0 0 0 0 0 0 0 0 0 0 0 1 1 ]
d13=10.216556462653 eijMax=9.516E-03 rmsd=1.164E+01 s=[ 0 0 0 1 1 0 1 1 1 1 1 1 1 0 0 0 0 0 0 1 0 1 0 1 1 1 1 1 1 1 1 1 1 1 0 0 ]
d13=10.315157924464 eijMax=9.859E-03 rmsd=1.433E+01 s=[ 0 0 0 0 0 0 1 1 1 1 1 1 1 0 0 0 0 0 0 1 1 0 1 0 0 0 0 0 0 0 0 0 0 0 1 1 ]
d13=10.315157924464 eijMax=9.859E-03 rmsd=1.433E+01 s=[ 0 0 0 1 1 1 0 0 0 0 0 0 0 1 1 1 1 1 1 0 0 1 0 1 1 1 1 1 1 1 1 1 1 1 0 0 ]
d13=10.316115220210 eijMax=7.707E-03 rmsd=1.432E+01 s=[ 0 0 0 0 0 0 1 1 1 1 1 1 1 0 0 0 0 0 0 1 1 0 1 0 0 0 0 0 0 0 0 0 0 0 1 1 ]
d13=10.316115220210 eijMax=7.707E-03 rmsd=1.432E+01 s=[ 0 0 0 1 1 1 0 0 0 0 0 0 0 1 1 1 1 1 1 0 0 1 0 1 1 1 1 1 1 1 1 1 1 1 0 0 ]
d13=10.317072515956 eijMax=5.536E-03 rmsd=1.430E+01 s=[ 0 0 0 0 0 0 1 1 1 1 1 1 1 0 0 0 0 0 0 1 1 0 1 0 0 0 0 0 0 0 0 0 0 0 1 1 ]
d13=10.317072515956 eijMax=5.536E-03 rmsd=1.430E+01 s=[ 0 0 0 1 1 1 0 0 0 0 0 0 0 1 1 1 1 1 1 0 0 1 0 1 1 1 1 1 1 1 1 1 1 1 0 0 ]
d13=10.318029811702 eijMax=3.347E-03 rmsd=1.429E+01 s=[ 0 0 0 0 0 0 1 1 1 1 1 1 1 0 0 0 0 0 0 1 1 0 1 0 0 0 0 0 0 0 0 0 0 0 1 1 ]
d13=10.318029811702 eijMax=3.347E-03 rmsd=1.429E+01 s=[ 0 0 0 1 1 1 0 0 0 0 0 0 0 1 1 1 1 1 1 0 0 1 0 1 1 1 1 1 1 1 1 1 1 1 0 0 ]
d13=10.318987107447 eijMax=1.139E-03 rmsd=1.428E+01 s=[ 0 0 0 0 0 0 1 1 1 1 1 1 1 0 0 0 0 0 0 1 1 0 1 0 0 0 0 0 0 0 0 0 0 0 1 1 ]
d13=10.318987107447 eijMax=1.139E-03 rmsd=1.428E+01 s=[ 0 0 0 1 1 1 0 0 0 0 0 0 0 1 1 1 1 1 1 0 0 1 0 1 1 1 1 1 1 1 1 1 1 1 0 0 ]
d13=10.319944403193 eijMax=1.088E-03 rmsd=1.427E+01 s=[ 0 0 0 0 0 0 1 1 1 1 1 1 1 0 0 0 0 0 0 1 1 0 1 0 0 0 0 0 0 0 0 0 0 0 1 1 ]
d13=10.319944403193 eijMax=1.088E-03 rmsd=1.427E+01 s=[ 0 0 0 1 1 1 0 0 0 0 0 0 0 1 1 1 1 1 1 0 0 1 0 1 1 1 1 1 1 1 1 1 1 1 0 0 ]
d13=10.320901698939 eijMax=3.334E-03 rmsd=1.425E+01 s=[ 0 0 0 0 0 0 1 1 1 1 1 1 1 0 0 0 0 0 0 1 1 0 1 0 0 0 0 0 0 0 0 0 0 0 1 1 ]
d13=10.320901698939 eijMax=3.334E-03 rmsd=1.425E+01 s=[ 0 0 0 1 1 1 0 0 0 0 0 0 0 1 1 1 1 1 1 0 0 1 0 1 1 1 1 1 1 1 1 1 1 1 0 0 ]
d13=10.321858994685 eijMax=5.600E-03 rmsd=1.424E+01 s=[ 0 0 0 0 0 0 1 1 1 1 1 1 1 0 0 0 0 0 0 1 1 0 1 0 0 0 0 0 0 0 0 0 0 0 1 1 ]
d13=10.321858994685 eijMax=5.600E-03 rmsd=1.424E+01 s=[ 0 0 0 1 1 1 0 0 0 0 0 0 0 1 1 1 1 1 1 0 0 1 0 1 1 1 1 1 1 1 1 1 1 1 0 0 ]
d13=10.322816290430 eijMax=7.886E-03 rmsd=1.423E+01 s=[ 0 0 0 0 0 0 1 1 1 1 1 1 1 0 0 0 0 0 0 1 1 0 1 0 0 0 0 0 0 0 0 0 0 0 1 1 ]
d13=10.322816290430 eijMax=7.886E-03 rmsd=1.423E+01 s=[ 0 0 0 1 1 1 0 0 0 0 0 0 0 1 1 1 1 1 1 0 0 1 0 1 1 1 1 1 1 1 1 1 1 1 0 0 ]
d13=10.397485358599 eijMax=9.896E-03 rmsd=1.469E+01 s=[ 0 0 0 0 0 0 1 1 1 1 1 1 0 1 1 1 1 1 1 0 1 0 1 0 0 0 0 0 0 0 0 0 0 0 1 1 ]
d13=10.397485358599 eijMax=9.896E-03 rmsd=1.469E+01 s=[ 0 0 0 1 1 1 0 0 0 0 0 0 1 0 0 0 0 0 0 1 0 1 0 1 1 1 1 1 1 1 1 1 1 1 0 0 ]
d13=10.398442654344 eijMax=8.590E-03 rmsd=1.469E+01 s=[ 0 0 0 0 0 0 1 1 1 1 1 1 0 1 1 1 1 1 1 0 1 0 1 0 0 0 0 0 0 0 0 0 0 0 1 1 ]
d13=10.398442654344 eijMax=8.590E-03 rmsd=1.469E+01 s=[ 0 0 0 1 1 1 0 0 0 0 0 0 1 0 0 0 0 0 0 1 0 1 0 1 1 1 1 1 1 1 1 1 1 1 0 0 ]
d13=10.399399950090 eijMax=7.277E-03 rmsd=1.468E+01 s=[ 0 0 0 0 0 0 1 1 1 1 1 1 0 1 1 1 1 1 1 0 1 0 1 0 0 0 0 0 0 0 0 0 0 0 1 1 ]
d13=10.399399950090 eijMax=7.277E-03 rmsd=1.468E+01 s=[ 0 0 0 1 1 1 0 0 0 0 0 0 1 0 0 0 0 0 0 1 0 1 0 1 1 1 1 1 1 1 1 1 1 1 0 0 ]
d13=10.400357245836 eijMax=5.956E-03 rmsd=1.468E+01 s=[ 0 0 0 0 0 0 1 1 1 1 1 1 0 1 1 1 1 1 1 0 1 0 1 0 0 0 0 0 0 0 0 0 0 0 1 1 ]
d13=10.400357245836 eijMax=5.956E-03 rmsd=1.468E+01 s=[ 0 0 0 1 1 1 0 0 0 0 0 0 1 0 0 0 0 0 0 1 0 1 0 1 1 1 1 1 1 1 1 1 1 1 0 0 ]
d13=10.401314541582 eijMax=4.627E-03 rmsd=1.467E+01 s=[ 0 0 0 0 0 0 1 1 1 1 1 1 0 1 1 1 1 1 1 0 1 0 1 0 0 0 0 0 0 0 0 0 0 0 1 1 ]
d13=10.401314541582 eijMax=4.627E-03 rmsd=1.467E+01 s=[ 0 0 0 1 1 1 0 0 0 0 0 0 1 0 0 0 0 0 0 1 0 1 0 1 1 1 1 1 1 1 1 1 1 1 0 0 ]
d13=10.402271837327 eijMax=3.291E-03 rmsd=1.467E+01 s=[ 0 0 0 0 0 0 1 1 1 1 1 1 0 1 1 1 1 1 1 0 1 0 1 0 0 0 0 0 0 0 0 0 0 0 1 1 ]
d13=10.402271837327 eijMax=3.291E-03 rmsd=1.467E+01 s=[ 0 0 0 1 1 1 0 0 0 0 0 0 1 0 0 0 0 0 0 1 0 1 0 1 1 1 1 1 1 1 1 1 1 1 0 0 ]
d13=10.403229133073 eijMax=1.949E-03 rmsd=1.466E+01 s=[ 0 0 0 0 0 0 1 1 1 1 1 1 0 1 1 1 1 1 1 0 1 0 1 0 0 0 0 0 0 0 0 0 0 0 1 1 ]
d13=10.403229133073 eijMax=1.949E-03 rmsd=1.466E+01 s=[ 0 0 0 1 1 1 0 0 0 0 0 0 1 0 0 0 0 0 0 1 0 1 0 1 1 1 1 1 1 1 1 1 1 1 0 0 ]
d13=10.404186428819 eijMax=6.012E-04 rmsd=1.466E+01 s=[ 0 0 0 0 0 0 1 1 1 1 1 1 0 1 1 1 1 1 1 0 1 0 1 0 0 0 0 0 0 0 0 0 0 0 1 1 ]
d13=10.404186428819 eijMax=6.012E-04 rmsd=1.466E+01 s=[ 0 0 0 1 1 1 0 0 0 0 0 0 1 0 0 0 0 0 0 1 0 1 0 1 1 1 1 1 1 1 1 1 1 1 0 0 ]
d13=10.405143724565 eijMax=7.515E-04 rmsd=1.465E+01 s=[ 0 0 0 0 0 0 1 1 1 1 1 1 0 1 1 1 1 1 1 0 1 0 1 0 0 0 0 0 0 0 0 0 0 0 1 1 ]
d13=10.405143724565 eijMax=7.515E-04 rmsd=1.465E+01 s=[ 0 0 0 1 1 1 0 0 0 0 0 0 1 0 0 0 0 0 0 1 0 1 0 1 1 1 1 1 1 1 1 1 1 1 0 0 ]
d13=10.406101020310 eijMax=2.108E-03 rmsd=1.465E+01 s=[ 0 0 0 0 0 0 1 1 1 1 1 1 0 1 1 1 1 1 1 0 1 0 1 0 0 0 0 0 0 0 0 0 0 0 1 1 ]
d13=10.406101020310 eijMax=2.108E-03 rmsd=1.465E+01 s=[ 0 0 0 1 1 1 0 0 0 0 0 0 1 0 0 0 0 0 0 1 0 1 0 1 1 1 1 1 1 1 1 1 1 1 0 0 ]
d13=10.407058316056 eijMax=3.467E-03 rmsd=1.464E+01 s=[ 0 0 0 0 0 0 1 1 1 1 1 1 0 1 1 1 1 1 1 0 1 0 1 0 0 0 0 0 0 0 0 0 0 0 1 1 ]
d13=10.407058316056 eijMax=3.467E-03 rmsd=1.464E+01 s=[ 0 0 0 1 1 1 0 0 0 0 0 0 1 0 0 0 0 0 0 1 0 1 0 1 1 1 1 1 1 1 1 1 1 1 0 0 ]
d13=10.408015611802 eijMax=4.828E-03 rmsd=1.463E+01 s=[ 0 0 0 0 0 0 1 1 1 1 1 1 0 1 1 1 1 1 1 0 1 0 1 0 0 0 0 0 0 0 0 0 0 0 1 1 ]
d13=10.408015611802 eijMax=4.828E-03 rmsd=1.463E+01 s=[ 0 0 0 1 1 1 0 0 0 0 0 0 1 0 0 0 0 0 0 1 0 1 0 1 1 1 1 1 1 1 1 1 1 1 0 0 ]
d13=10.408972907548 eijMax=6.189E-03 rmsd=1.463E+01 s=[ 0 0 0 0 0 0 1 1 1 1 1 1 0 1 1 1 1 1 1 0 1 0 1 0 0 0 0 0 0 0 0 0 0 0 1 1 ]
d13=10.408972907548 eijMax=6.189E-03 rmsd=1.463E+01 s=[ 0 0 0 1 1 1 0 0 0 0 0 0 1 0 0 0 0 0 0 1 0 1 0 1 1 1 1 1 1 1 1 1 1 1 0 0 ]
d13=10.409930203293 eijMax=7.548E-03 rmsd=1.462E+01 s=[ 0 0 0 0 0 0 1 1 1 1 1 1 0 1 1 1 1 1 1 0 1 0 1 0 0 0 0 0 0 0 0 0 0 0 1 1 ]
d13=10.409930203293 eijMax=7.548E-03 rmsd=1.462E+01 s=[ 0 0 0 1 1 1 0 0 0 0 0 0 1 0 0 0 0 0 0 1 0 1 0 1 1 1 1 1 1 1 1 1 1 1 0 0 ]
d13=10.410887499039 eijMax=8.902E-03 rmsd=1.462E+01 s=[ 0 0 0 0 0 0 1 1 1 1 1 1 0 1 1 1 1 1 1 0 1 0 1 0 0 0 0 0 0 0 0 0 0 0 1 1 ]
d13=10.410887499039 eijMax=8.902E-03 rmsd=1.462E+01 s=[ 0 0 0 1 1 1 0 0 0 0 0 0 1 0 0 0 0 0 0 1 0 1 0 1 1 1 1 1 1 1 1 1 1 1 0 0 ]
num ..... 1000
nnodes .. 36
nedges .. 264
nsols ... 238
tsecs ... 43.635893
