d13=5.579373935786 eijMax=2.868E-04 rmsd=1.893E+01 s=[ 0 0 0 0 0 0 0 1 1 1 1 1 0 1 0 0 0 0 0 0 0 0 1 1 1 1 1 1 1 1 1 1 1 1 1 1 ]
d13=5.579373935786 eijMax=2.868E-04 rmsd=1.893E+01 s=[ 0 0 0 1 1 1 1 0 0 0 0 0 1 0 1 1 1 1 1 1 1 1 0 0 0 0 0 0 0 0 0 0 0 0 0 0 ]
d13=5.601650093143 eijMax=8.627E-03 rmsd=1.893E+01 s=[ 0 0 0 0 0 0 0 1 1 1 1 1 1 0 1 1 1 1 1 1 1 0 1 1 1 1 1 1 1 1 1 1 1 1 1 1 ]
d13=5.601650093143 eijMax=8.627E-03 rmsd=1.893E+01 s=[ 0 0 0 1 1 1 1 0 0 0 0 0 0 1 0 0 0 0 0 0 0 1 0 0 0 0 0 0 0 0 0 0 0 0 0 0 ]
d13=5.603506439590 eijMax=2.452E-03 rmsd=1.894E+01 s=[ 0 0 0 0 0 0 0 1 1 1 1 1 1 0 1 1 1 1 1 1 1 0 1 1 1 1 1 1 1 1 1 1 1 1 1 1 ]
d13=5.603506439590 eijMax=2.452E-03 rmsd=1.894E+01 s=[ 0 0 0 1 1 1 1 0 0 0 0 0 0 1 0 0 0 0 0 0 0 1 0 0 0 0 0 0 0 0 0 0 0 0 0 0 ]
d13=5.605362786036 eijMax=3.552E-03 rmsd=1.894E+01 s=[ 0 0 0 0 0 0 0 1 1 1 1 1 1 0 1 1 1 1 1 1 1 0 1 1 1 1 1 1 1 1 1 1 1 1 1 1 ]
d13=5.605362786036 eijMax=3.552E-03 rmsd=1.894E+01 s=[ 0 0 0 1 1 1 1 0 0 0 0 0 0 1 0 0 0 0 0 0 0 1 0 0 0 0 0 0 0 0 0 0 0 0 0 0 ]
d13=5.607219132482 eijMax=9.399E-03 rmsd=1.895E+01 s=[ 0 0 0 0 0 0 0 1 1 1 1 1 1 0 1 1 1 1 1 1 1 0 1 1 1 1 1 1 1 1 1 1 1 1 1 1 ]
d13=5.607219132482 eijMax=9.399E-03 rmsd=1.895E+01 s=[ 0 0 0 1 1 1 1 0 0 0 0 0 0 1 0 0 0 0 0 0 0 1 0 0 0 0 0 0 0 0 0 0 0 0 0 0 ]
d13=5.674047604555 eijMax=9.908E-03 rmsd=1.528E+01 s=[ 0 0 0 0 0 0 0 1 1 1 1 1 0 1 0 0 0 0 0 0 1 1 0 0 0 0 0 0 0 0 0 0 0 0 0 0 ]
d13=5.674047604555 eijMax=9.908E-03 rmsd=1.528E+01 s=[ 0 0 0 1 1 1 1 0 0 0 0 0 1 0 1 1 1 1 1 1 0 0 1 1 1 1 1 1 1 1 1 1 1 1 1 1 ]
d13=5.675903951001 eijMax=8.858E-03 rmsd=1.527E+01 s=[ 0 0 0 0 0 0 0 1 1 1 1 1 0 1 0 0 0 0 0 0 1 1 0 0 0 0 0 0 0 0 0 0 0 0 0 0 ]
d13=5.675903951001 eijMax=8.858E-03 rmsd=1.527E+01 s=[ 0 0 0 1 1 1 1 0 0 0 0 0 1 0 1 1 1 1 1 1 0 0 1 1 1 1 1 1 1 1 1 1 1 1 1 1 ]
d13=5.677760297447 eijMax=7.823E-03 rmsd=1.527E+01 s=[ 0 0 0 0 0 0 0 1 1 1 1 1 0 1 0 0 0 0 0 0 1 1 0 0 0 0 0 0 0 0 0 0 0 0 0 0 ]
d13=5.677760297447 eijMax=7.823E-03 rmsd=1.527E+01 s=[ 0 0 0 1 1 1 1 0 0 0 0 0 1 0 1 1 1 1 1 1 0 0 1 1 1 1 1 1 1 1 1 1 1 1 1 1 ]
d13=5.679616643894 eijMax=6.801E-03 rmsd=1.526E+01 s=[ 0 0 0 0 0 0 0 1 1 1 1 1 0 1 0 0 0 0 0 0 1 1 0 0 0 0 0 0 0 0 0 0 0 0 0 0 ]
d13=5.679616643894 eijMax=6.801E-03 rmsd=1.526E+01 s=[ 0 0 0 1 1 1 1 0 0 0 0 0 1 0 1 1 1 1 1 1 0 0 1 1 1 1 1 1 1 1 1 1 1 1 1 1 ]
d13=5.681472990340 eijMax=5.793E-03 rmsd=1.526E+01 s=[ 0 0 0 0 0 0 0 1 1 1 1 1 0 1 0 0 0 0 0 0 1 1 0 0 0 0 0 0 0 0 0 0 0 0 0 0 ]
d13=5.681472990340 eijMax=5.793E-03 rmsd=1.526E+01 s=[ 0 0 0 1 1 1 1 0 0 0 0 0 1 0 1 1 1 1 1 1 0 0 1 1 1 1 1 1 1 1 1 1 1 1 1 1 ]
d13=5.683329336787 eijMax=4.798E-03 rmsd=1.526E+01 s=[ 0 0 0 0 0 0 0 1 1 1 1 1 0 1 0 0 0 0 0 0 1 1 0 0 0 0 0 0 0 0 0 0 0 0 0 0 ]
d13=5.683329336787 eijMax=4.798E-03 rmsd=1.526E+01 s=[ 0 0 0 1 1 1 1 0 0 0 0 0 1 0 1 1 1 1 1 1 0 0 1 1 1 1 1 1 1 1 1 1 1 1 1 1 ]
d13=5.685185683233 eijMax=3.816E-03 rmsd=1.525E+01 s=[ 0 0 0 0 0 0 0 1 1 1 1 1 0 1 0 0 0 0 0 0 1 1 0 0 0 0 0 0 0 0 0 0 0 0 0 0 ]
d13=5.685185683233 eijMax=3.816E-03 rmsd=1.525E+01 s=[ 0 0 0 1 1 1 1 0 0 0 0 0 1 0 1 1 1 1 1 1 0 0 1 1 1 1 1 1 1 1 1 1 1 1 1 1 ]
d13=5.687042029680 eijMax=2.848E-03 rmsd=1.525E+01 s=[ 0 0 0 0 0 0 0 1 1 1 1 1 0 1 0 0 0 0 0 0 1 1 0 0 0 0 0 0 0 0 0 0 0 0 0 0 ]
d13=5.687042029680 eijMax=2.848E-03 rmsd=1.525E+01 s=[ 0 0 0 1 1 1 1 0 0 0 0 0 1 0 1 1 1 1 1 1 0 0 1 1 1 1 1 1 1 1 1 1 1 1 1 1 ]
d13=5.688898376126 eijMax=1.892E-03 rmsd=1.524E+01 s=[ 0 0 0 0 0 0 0 1 1 1 1 1 0 1 0 0 0 0 0 0 1 1 0 0 0 0 0 0 0 0 0 0 0 0 0 0 ]
d13=5.688898376126 eijMax=1.892E-03 rmsd=1.524E+01 s=[ 0 0 0 1 1 1 1 0 0 0 0 0 1 0 1 1 1 1 1 1 0 0 1 1 1 1 1 1 1 1 1 1 1 1 1 1 ]
d13=5.690754722573 eijMax=9.487E-04 rmsd=1.524E+01 s=[ 0 0 0 0 0 0 0 1 1 1 1 1 0 1 0 0 0 0 0 0 1 1 0 0 0 0 0 0 0 0 0 0 0 0 0 0 ]
d13=5.690754722573 eijMax=9.487E-04 rmsd=1.524E+01 s=[ 0 0 0 1 1 1 1 0 0 0 0 0 1 0 1 1 1 1 1 1 0 0 1 1 1 1 1 1 1 1 1 1 1 1 1 1 ]
d13=5.692611069019 eijMax=1.797E-05 rmsd=1.524E+01 s=[ 0 0 0 0 0 0 0 1 1 1 1 1 0 1 0 0 0 0 0 0 1 1 0 0 0 0 0 0 0 0 0 0 0 0 0 0 ]
d13=5.692611069019 eijMax=1.797E-05 rmsd=1.524E+01 s=[ 0 0 0 1 1 1 1 0 0 0 0 0 1 0 1 1 1 1 1 1 0 0 1 1 1 1 1 1 1 1 1 1 1 1 1 1 ]
d13=5.694467415465 eijMax=9.004E-04 rmsd=1.523E+01 s=[ 0 0 0 0 0 0 0 1 1 1 1 1 0 1 0 0 0 0 0 0 1 1 0 0 0 0 0 0 0 0 0 0 0 0 0 0 ]
d13=5.694467415465 eijMax=9.004E-04 rmsd=1.523E+01 s=[ 0 0 0 1 1 1 1 0 0 0 0 0 1 0 1 1 1 1 1 1 0 0 1 1 1 1 1 1 1 1 1 1 1 1 1 1 ]
d13=5.696323761912 eijMax=1.806E-03 rmsd=1.523E+01 s=[ 0 0 0 0 0 0 0 1 1 1 1 1 0 1 0 0 0 0 0 0 1 1 0 0 0 0 0 0 0 0 0 0 0 0 0 0 ]
d13=5.696323761912 eijMax=1.806E-03 rmsd=1.523E+01 s=[ 0 0 0 1 1 1 1 0 0 0 0 0 1 0 1 1 1 1 1 1 0 0 1 1 1 1 1 1 1 1 1 1 1 1 1 1 ]
d13=5.698180108358 eijMax=2.700E-03 rmsd=1.522E+01 s=[ 0 0 0 0 0 0 0 1 1 1 1 1 0 1 0 0 0 0 0 0 1 1 0 0 0 0 0 0 0 0 0 0 0 0 0 0 ]
d13=5.698180108358 eijMax=2.700E-03 rmsd=1.522E+01 s=[ 0 0 0 1 1 1 1 0 0 0 0 0 1 0 1 1 1 1 1 1 0 0 1 1 1 1 1 1 1 1 1 1 1 1 1 1 ]
d13=5.700036454805 eijMax=3.582E-03 rmsd=1.522E+01 s=[ 0 0 0 0 0 0 0 1 1 1 1 1 0 1 0 0 0 0 0 0 1 1 0 0 0 0 0 0 0 0 0 0 0 0 0 0 ]
d13=5.700036454805 eijMax=3.582E-03 rmsd=1.522E+01 s=[ 0 0 0 1 1 1 1 0 0 0 0 0 1 0 1 1 1 1 1 1 0 0 1 1 1 1 1 1 1 1 1 1 1 1 1 1 ]
d13=5.701892801251 eijMax=4.452E-03 rmsd=1.522E+01 s=[ 0 0 0 0 0 0 0 1 1 1 1 1 0 1 0 0 0 0 0 0 1 1 0 0 0 0 0 0 0 0 0 0 0 0 0 0 ]
d13=5.701892801251 eijMax=9.651E-03 rmsd=1.902E+01 s=[ 0 0 0 0 1 1 1 0 0 0 0 0 1 0 1 1 1 1 1 1 1 1 0 0 0 0 0 0 0 0 0 0 0 0 0 0 ]
d13=5.701892801251 eijMax=9.651E-03 rmsd=1.902E+01 s=[ 0 0 0 1 0 0 0 1 1 1 1 1 0 1 0 0 0 0 0 0 0 0 1 1 1 1 1 1 1 1 1 1 1 1 1 1 ]
d13=5.701892801251 eijMax=4.452E-03 rmsd=1.522E+01 s=[ 0 0 0 1 1 1 1 0 0 0 0 0 1 0 1 1 1 1 1 1 0 0 1 1 1 1 1 1 1 1 1 1 1 1 1 1 ]
d13=5.703749147698 eijMax=5.310E-03 rmsd=1.521E+01 s=[ 0 0 0 0 0 0 0 1 1 1 1 1 0 1 0 0 0 0 0 0 1 1 0 0 0 0 0 0 0 0 0 0 0 0 0 0 ]
d13=5.703749147698 eijMax=8.535E-03 rmsd=1.902E+01 s=[ 0 0 0 0 1 1 1 0 0 0 0 0 1 0 1 1 1 1 1 1 1 1 0 0 0 0 0 0 0 0 0 0 0 0 0 0 ]
d13=5.703749147698 eijMax=8.535E-03 rmsd=1.902E+01 s=[ 0 0 0 1 0 0 0 1 1 1 1 1 0 1 0 0 0 0 0 0 0 0 1 1 1 1 1 1 1 1 1 1 1 1 1 1 ]
d13=5.703749147698 eijMax=5.310E-03 rmsd=1.521E+01 s=[ 0 0 0 1 1 1 1 0 0 0 0 0 1 0 1 1 1 1 1 1 0 0 1 1 1 1 1 1 1 1 1 1 1 1 1 1 ]
d13=5.705605494144 eijMax=6.157E-03 rmsd=1.521E+01 s=[ 0 0 0 0 0 0 0 1 1 1 1 1 0 1 0 0 0 0 0 0 1 1 0 0 0 0 0 0 0 0 0 0 0 0 0 0 ]
d13=5.705605494144 eijMax=7.426E-03 rmsd=1.902E+01 s=[ 0 0 0 0 1 1 1 0 0 0 0 0 1 0 1 1 1 1 1 1 1 1 0 0 0 0 0 0 0 0 0 0 0 0 0 0 ]
d13=5.705605494144 eijMax=7.426E-03 rmsd=1.902E+01 s=[ 0 0 0 1 0 0 0 1 1 1 1 1 0 1 0 0 0 0 0 0 0 0 1 1 1 1 1 1 1 1 1 1 1 1 1 1 ]
d13=5.705605494144 eijMax=6.157E-03 rmsd=1.521E+01 s=[ 0 0 0 1 1 1 1 0 0 0 0 0 1 0 1 1 1 1 1 1 0 0 1 1 1 1 1 1 1 1 1 1 1 1 1 1 ]
d13=5.707461840591 eijMax=6.991E-03 rmsd=1.520E+01 s=[ 0 0 0 0 0 0 0 1 1 1 1 1 0 1 0 0 0 0 0 0 1 1 0 0 0 0 0 0 0 0 0 0 0 0 0 0 ]
d13=5.707461840591 eijMax=6.323E-03 rmsd=1.902E+01 s=[ 0 0 0 0 1 1 1 0 0 0 0 0 1 0 1 1 1 1 1 1 1 1 0 0 0 0 0 0 0 0 0 0 0 0 0 0 ]
d13=5.707461840591 eijMax=6.323E-03 rmsd=1.902E+01 s=[ 0 0 0 1 0 0 0 1 1 1 1 1 0 1 0 0 0 0 0 0 0 0 1 1 1 1 1 1 1 1 1 1 1 1 1 1 ]
d13=5.707461840591 eijMax=6.991E-03 rmsd=1.520E+01 s=[ 0 0 0 1 1 1 1 0 0 0 0 0 1 0 1 1 1 1 1 1 0 0 1 1 1 1 1 1 1 1 1 1 1 1 1 1 ]
d13=5.709318187037 eijMax=7.814E-03 rmsd=1.520E+01 s=[ 0 0 0 0 0 0 0 1 1 1 1 1 0 1 0 0 0 0 0 0 1 1 0 0 0 0 0 0 0 0 0 0 0 0 0 0 ]
d13=5.709318187037 eijMax=5.226E-03 rmsd=1.902E+01 s=[ 0 0 0 0 1 1 1 0 0 0 0 0 1 0 1 1 1 1 1 1 1 1 0 0 0 0 0 0 0 0 0 0 0 0 0 0 ]
d13=5.709318187037 eijMax=5.226E-03 rmsd=1.902E+01 s=[ 0 0 0 1 0 0 0 1 1 1 1 1 0 1 0 0 0 0 0 0 0 0 1 1 1 1 1 1 1 1 1 1 1 1 1 1 ]
d13=5.709318187037 eijMax=7.814E-03 rmsd=1.520E+01 s=[ 0 0 0 1 1 1 1 0 0 0 0 0 1 0 1 1 1 1 1 1 0 0 1 1 1 1 1 1 1 1 1 1 1 1 1 1 ]
d13=5.711174533483 eijMax=8.625E-03 rmsd=1.520E+01 s=[ 0 0 0 0 0 0 0 1 1 1 1 1 0 1 0 0 0 0 0 0 1 1 0 0 0 0 0 0 0 0 0 0 0 0 0 0 ]
d13=5.711174533483 eijMax=4.136E-03 rmsd=1.902E+01 s=[ 0 0 0 0 1 1 1 0 0 0 0 0 1 0 1 1 1 1 1 1 1 1 0 0 0 0 0 0 0 0 0 0 0 0 0 0 ]
d13=5.711174533483 eijMax=4.136E-03 rmsd=1.902E+01 s=[ 0 0 0 1 0 0 0 1 1 1 1 1 0 1 0 0 0 0 0 0 0 0 1 1 1 1 1 1 1 1 1 1 1 1 1 1 ]
d13=5.711174533483 eijMax=8.625E-03 rmsd=1.520E+01 s=[ 0 0 0 1 1 1 1 0 0 0 0 0 1 0 1 1 1 1 1 1 0 0 1 1 1 1 1 1 1 1 1 1 1 1 1 1 ]
d13=5.713030879930 eijMax=9.425E-03 rmsd=1.519E+01 s=[ 0 0 0 0 0 0 0 1 1 1 1 1 0 1 0 0 0 0 0 0 1 1 0 0 0 0 0 0 0 0 0 0 0 0 0 0 ]
d13=5.713030879930 eijMax=3.052E-03 rmsd=1.902E+01 s=[ 0 0 0 0 1 1 1 0 0 0 0 0 1 0 1 1 1 1 1 1 1 1 0 0 0 0 0 0 0 0 0 0 0 0 0 0 ]
d13=5.713030879930 eijMax=3.052E-03 rmsd=1.902E+01 s=[ 0 0 0 1 0 0 0 1 1 1 1 1 0 1 0 0 0 0 0 0 0 0 1 1 1 1 1 1 1 1 1 1 1 1 1 1 ]
d13=5.713030879930 eijMax=9.425E-03 rmsd=1.519E+01 s=[ 0 0 0 1 1 1 1 0 0 0 0 0 1 0 1 1 1 1 1 1 0 0 1 1 1 1 1 1 1 1 1 1 1 1 1 1 ]
d13=5.714887226376 eijMax=1.975E-03 rmsd=1.902E+01 s=[ 0 0 0 0 1 1 1 0 0 0 0 0 1 0 1 1 1 1 1 1 1 1 0 0 0 0 0 0 0 0 0 0 0 0 0 0 ]
d13=5.714887226376 eijMax=1.975E-03 rmsd=1.902E+01 s=[ 0 0 0 1 0 0 0 1 1 1 1 1 0 1 0 0 0 0 0 0 0 0 1 1 1 1 1 1 1 1 1 1 1 1 1 1 ]
d13=5.716743572823 eijMax=9.027E-04 rmsd=1.903E+01 s=[ 0 0 0 0 1 1 1 0 0 0 0 0 1 0 1 1 1 1 1 1 1 1 0 0 0 0 0 0 0 0 0 0 0 0 0 0 ]
d13=5.716743572823 eijMax=9.027E-04 rmsd=1.903E+01 s=[ 0 0 0 1 0 0 0 1 1 1 1 1 0 1 0 0 0 0 0 0 0 0 1 1 1 1 1 1 1 1 1 1 1 1 1 1 ]
d13=5.718599919269 eijMax=8.742E-03 rmsd=1.432E+01 s=[ 0 0 0 0 0 0 0 1 1 1 1 1 1 0 1 1 1 1 1 1 1 1 0 0 0 0 0 0 0 0 0 0 0 0 0 0 ]
d13=5.718599919269 eijMax=1.633E-04 rmsd=1.903E+01 s=[ 0 0 0 0 1 1 1 0 0 0 0 0 1 0 1 1 1 1 1 1 1 1 0 0 0 0 0 0 0 0 0 0 0 0 0 0 ]
d13=5.718599919269 eijMax=1.633E-04 rmsd=1.903E+01 s=[ 0 0 0 1 0 0 0 1 1 1 1 1 0 1 0 0 0 0 0 0 0 0 1 1 1 1 1 1 1 1 1 1 1 1 1 1 ]
d13=5.718599919269 eijMax=8.742E-03 rmsd=1.432E+01 s=[ 0 0 0 1 1 1 1 0 0 0 0 0 0 1 0 0 0 0 0 0 0 0 1 1 1 1 1 1 1 1 1 1 1 1 1 1 ]
d13=5.720456265716 eijMax=5.561E-03 rmsd=1.432E+01 s=[ 0 0 0 0 0 0 0 1 1 1 1 1 1 0 1 1 1 1 1 1 1 1 0 0 0 0 0 0 0 0 0 0 0 0 0 0 ]
d13=5.720456265716 eijMax=1.223E-03 rmsd=1.903E+01 s=[ 0 0 0 0 1 1 1 0 0 0 0 0 1 0 1 1 1 1 1 1 1 1 0 0 0 0 0 0 0 0 0 0 0 0 0 0 ]
d13=5.720456265716 eijMax=1.223E-03 rmsd=1.903E+01 s=[ 0 0 0 1 0 0 0 1 1 1 1 1 0 1 0 0 0 0 0 0 0 0 1 1 1 1 1 1 1 1 1 1 1 1 1 1 ]
d13=5.720456265716 eijMax=5.561E-03 rmsd=1.432E+01 s=[ 0 0 0 1 1 1 1 0 0 0 0 0 0 1 0 0 0 0 0 0 0 0 1 1 1 1 1 1 1 1 1 1 1 1 1 1 ]
d13=5.722312612162 eijMax=2.397E-03 rmsd=1.433E+01 s=[ 0 0 0 0 0 0 0 1 1 1 1 1 1 0 1 1 1 1 1 1 1 1 0 0 0 0 0 0 0 0 0 0 0 0 0 0 ]
d13=5.722312612162 eijMax=2.278E-03 rmsd=1.903E+01 s=[ 0 0 0 0 1 1 1 0 0 0 0 0 1 0 1 1 1 1 1 1 1 1 0 0 0 0 0 0 0 0 0 0 0 0 0 0 ]
d13=5.722312612162 eijMax=2.278E-03 rmsd=1.903E+01 s=[ 0 0 0 1 0 0 0 1 1 1 1 1 0 1 0 0 0 0 0 0 0 0 1 1 1 1 1 1 1 1 1 1 1 1 1 1 ]
d13=5.722312612162 eijMax=2.397E-03 rmsd=1.433E+01 s=[ 0 0 0 1 1 1 1 0 0 0 0 0 0 1 0 0 0 0 0 0 0 0 1 1 1 1 1 1 1 1 1 1 1 1 1 1 ]
d13=5.724168958609 eijMax=7.507E-04 rmsd=1.433E+01 s=[ 0 0 0 0 0 0 0 1 1 1 1 1 1 0 1 1 1 1 1 1 1 1 0 0 0 0 0 0 0 0 0 0 0 0 0 0 ]
d13=5.724168958609 eijMax=3.327E-03 rmsd=1.903E+01 s=[ 0 0 0 0 1 1 1 0 0 0 0 0 1 0 1 1 1 1 1 1 1 1 0 0 0 0 0 0 0 0 0 0 0 0 0 0 ]
d13=5.724168958609 eijMax=3.327E-03 rmsd=1.903E+01 s=[ 0 0 0 1 0 0 0 1 1 1 1 1 0 1 0 0 0 0 0 0 0 0 1 1 1 1 1 1 1 1 1 1 1 1 1 1 ]
d13=5.724168958609 eijMax=7.507E-04 rmsd=1.433E+01 s=[ 0 0 0 1 1 1 1 0 0 0 0 0 0 1 0 0 0 0 0 0 0 0 1 1 1 1 1 1 1 1 1 1 1 1 1 1 ]
d13=5.726025305055 eijMax=3.881E-03 rmsd=1.433E+01 s=[ 0 0 0 0 0 0 0 1 1 1 1 1 1 0 1 1 1 1 1 1 1 1 0 0 0 0 0 0 0 0 0 0 0 0 0 0 ]
d13=5.726025305055 eijMax=4.370E-03 rmsd=1.903E+01 s=[ 0 0 0 0 1 1 1 0 0 0 0 0 1 0 1 1 1 1 1 1 1 1 0 0 0 0 0 0 0 0 0 0 0 0 0 0 ]
d13=5.726025305055 eijMax=4.370E-03 rmsd=1.903E+01 s=[ 0 0 0 1 0 0 0 1 1 1 1 1 0 1 0 0 0 0 0 0 0 0 1 1 1 1 1 1 1 1 1 1 1 1 1 1 ]
d13=5.726025305055 eijMax=3.881E-03 rmsd=1.433E+01 s=[ 0 0 0 1 1 1 1 0 0 0 0 0 0 1 0 0 0 0 0 0 0 0 1 1 1 1 1 1 1 1 1 1 1 1 1 1 ]
d13=5.727881651502 eijMax=6.992E-03 rmsd=1.433E+01 s=[ 0 0 0 0 0 0 0 1 1 1 1 1 1 0 1 1 1 1 1 1 1 1 0 0 0 0 0 0 0 0 0 0 0 0 0 0 ]
d13=5.727881651502 eijMax=5.408E-03 rmsd=1.903E+01 s=[ 0 0 0 0 1 1 1 0 0 0 0 0 1 0 1 1 1 1 1 1 1 1 0 0 0 0 0 0 0 0 0 0 0 0 0 0 ]
d13=5.727881651502 eijMax=5.408E-03 rmsd=1.903E+01 s=[ 0 0 0 1 0 0 0 1 1 1 1 1 0 1 0 0 0 0 0 0 0 0 1 1 1 1 1 1 1 1 1 1 1 1 1 1 ]
d13=5.727881651502 eijMax=6.992E-03 rmsd=1.433E+01 s=[ 0 0 0 1 1 1 1 0 0 0 0 0 0 1 0 0 0 0 0 0 0 0 1 1 1 1 1 1 1 1 1 1 1 1 1 1 ]
d13=5.729737997948 eijMax=6.441E-03 rmsd=1.903E+01 s=[ 0 0 0 0 1 1 1 0 0 0 0 0 1 0 1 1 1 1 1 1 1 1 0 0 0 0 0 0 0 0 0 0 0 0 0 0 ]
d13=5.729737997948 eijMax=6.441E-03 rmsd=1.903E+01 s=[ 0 0 0 1 0 0 0 1 1 1 1 1 0 1 0 0 0 0 0 0 0 0 1 1 1 1 1 1 1 1 1 1 1 1 1 1 ]
d13=5.731594344394 eijMax=8.519E-03 rmsd=1.717E+01 s=[ 0 0 0 0 1 1 1 0 0 0 0 0 0 0 1 1 1 1 1 1 1 0 1 1 1 1 1 1 1 1 1 1 1 1 1 1 ]
d13=5.731594344394 eijMax=7.468E-03 rmsd=1.903E+01 s=[ 0 0 0 0 1 1 1 0 0 0 0 0 1 0 1 1 1 1 1 1 1 1 0 0 0 0 0 0 0 0 0 0 0 0 0 0 ]
d13=5.731594344394 eijMax=7.468E-03 rmsd=1.903E+01 s=[ 0 0 0 1 0 0 0 1 1 1 1 1 0 1 0 0 0 0 0 0 0 0 1 1 1 1 1 1 1 1 1 1 1 1 1 1 ]
d13=5.731594344394 eijMax=8.519E-03 rmsd=1.717E+01 s=[ 0 0 0 1 0 0 0 1 1 1 1 1 1 1 0 0 0 0 0 0 0 1 0 0 0 0 0 0 0 0 0 0 0 0 0 0 ]
d13=5.733450690841 eijMax=6.195E-03 rmsd=1.717E+01 s=[ 0 0 0 0 1 1 1 0 0 0 0 0 0 0 1 1 1 1 1 1 1 0 1 1 1 1 1 1 1 1 1 1 1 1 1 1 ]
d13=5.733450690841 eijMax=8.491E-03 rmsd=1.903E+01 s=[ 0 0 0 0 1 1 1 0 0 0 0 0 1 0 1 1 1 1 1 1 1 1 0 0 0 0 0 0 0 0 0 0 0 0 0 0 ]
d13=5.733450690841 eijMax=8.491E-03 rmsd=1.903E+01 s=[ 0 0 0 1 0 0 0 1 1 1 1 1 0 1 0 0 0 0 0 0 0 0 1 1 1 1 1 1 1 1 1 1 1 1 1 1 ]
d13=5.733450690841 eijMax=6.195E-03 rmsd=1.717E+01 s=[ 0 0 0 1 0 0 0 1 1 1 1 1 1 1 0 0 0 0 0 0 0 1 0 0 0 0 0 0 0 0 0 0 0 0 0 0 ]
d13=5.735307037287 eijMax=3.886E-03 rmsd=1.717E+01 s=[ 0 0 0 0 1 1 1 0 0 0 0 0 0 0 1 1 1 1 1 1 1 0 1 1 1 1 1 1 1 1 1 1 1 1 1 1 ]
d13=5.735307037287 eijMax=9.508E-03 rmsd=1.903E+01 s=[ 0 0 0 0 1 1 1 0 0 0 0 0 1 0 1 1 1 1 1 1 1 1 0 0 0 0 0 0 0 0 0 0 0 0 0 0 ]
d13=5.735307037287 eijMax=9.508E-03 rmsd=1.903E+01 s=[ 0 0 0 1 0 0 0 1 1 1 1 1 0 1 0 0 0 0 0 0 0 0 1 1 1 1 1 1 1 1 1 1 1 1 1 1 ]
d13=5.735307037287 eijMax=3.886E-03 rmsd=1.717E+01 s=[ 0 0 0 1 0 0 0 1 1 1 1 1 1 1 0 0 0 0 0 0 0 1 0 0 0 0 0 0 0 0 0 0 0 0 0 0 ]
d13=5.737163383734 eijMax=1.592E-03 rmsd=1.717E+01 s=[ 0 0 0 0 1 1 1 0 0 0 0 0 0 0 1 1 1 1 1 1 1 0 1 1 1 1 1 1 1 1 1 1 1 1 1 1 ]
d13=5.737163383734 eijMax=1.592E-03 rmsd=1.717E+01 s=[ 0 0 0 1 0 0 0 1 1 1 1 1 1 1 0 0 0 0 0 0 0 1 0 0 0 0 0 0 0 0 0 0 0 0 0 0 ]
d13=5.739019730180 eijMax=6.879E-04 rmsd=1.718E+01 s=[ 0 0 0 0 1 1 1 0 0 0 0 0 0 0 1 1 1 1 1 1 1 0 1 1 1 1 1 1 1 1 1 1 1 1 1 1 ]
d13=5.739019730180 eijMax=6.879E-04 rmsd=1.718E+01 s=[ 0 0 0 1 0 0 0 1 1 1 1 1 1 1 0 0 0 0 0 0 0 1 0 0 0 0 0 0 0 0 0 0 0 0 0 0 ]
d13=5.740876076627 eijMax=2.953E-03 rmsd=1.718E+01 s=[ 0 0 0 0 1 1 1 0 0 0 0 0 0 0 1 1 1 1 1 1 1 0 1 1 1 1 1 1 1 1 1 1 1 1 1 1 ]
d13=5.740876076627 eijMax=2.953E-03 rmsd=1.718E+01 s=[ 0 0 0 1 0 0 0 1 1 1 1 1 1 1 0 0 0 0 0 0 0 1 0 0 0 0 0 0 0 0 0 0 0 0 0 0 ]
d13=5.742732423073 eijMax=5.204E-03 rmsd=1.718E+01 s=[ 0 0 0 0 1 1 1 0 0 0 0 0 0 0 1 1 1 1 1 1 1 0 1 1 1 1 1 1 1 1 1 1 1 1 1 1 ]
d13=5.742732423073 eijMax=5.204E-03 rmsd=1.718E+01 s=[ 0 0 0 1 0 0 0 1 1 1 1 1 1 1 0 0 0 0 0 0 0 1 0 0 0 0 0 0 0 0 0 0 0 0 0 0 ]
d13=5.744588769520 eijMax=7.441E-03 rmsd=1.718E+01 s=[ 0 0 0 0 1 1 1 0 0 0 0 0 0 0 1 1 1 1 1 1 1 0 1 1 1 1 1 1 1 1 1 1 1 1 1 1 ]
d13=5.744588769520 eijMax=7.441E-03 rmsd=1.718E+01 s=[ 0 0 0 1 0 0 0 1 1 1 1 1 1 1 0 0 0 0 0 0 0 1 0 0 0 0 0 0 0 0 0 0 0 0 0 0 ]
d13=5.746445115966 eijMax=9.665E-03 rmsd=1.719E+01 s=[ 0 0 0 0 1 1 1 0 0 0 0 0 0 0 1 1 1 1 1 1 1 0 1 1 1 1 1 1 1 1 1 1 1 1 1 1 ]
d13=5.746445115966 eijMax=9.665E-03 rmsd=1.719E+01 s=[ 0 0 0 1 0 0 0 1 1 1 1 1 1 1 0 0 0 0 0 0 0 1 0 0 0 0 0 0 0 0 0 0 0 0 0 0 ]
d13=5.748301462412 eijMax=6.113E-03 rmsd=1.707E+01 s=[ 0 0 0 0 0 0 0 1 1 1 1 1 1 1 0 0 0 0 0 0 1 0 1 1 1 1 1 1 1 1 1 1 1 1 1 1 ]
d13=5.748301462412 eijMax=6.113E-03 rmsd=1.707E+01 s=[ 0 0 0 1 1 1 1 0 0 0 0 0 0 0 1 1 1 1 1 1 0 1 0 0 0 0 0 0 0 0 0 0 0 0 0 0 ]
d13=5.750157808859 eijMax=1.619E-03 rmsd=1.709E+01 s=[ 0 0 0 0 0 0 0 1 1 1 1 1 1 1 0 0 0 0 0 0 1 0 1 1 1 1 1 1 1 1 1 1 1 1 1 1 ]
d13=5.750157808859 eijMax=1.619E-03 rmsd=1.709E+01 s=[ 0 0 0 1 1 1 1 0 0 0 0 0 0 0 1 1 1 1 1 1 0 1 0 0 0 0 0 0 0 0 0 0 0 0 0 0 ]
d13=5.752014155305 eijMax=2.865E-03 rmsd=1.711E+01 s=[ 0 0 0 0 0 0 0 1 1 1 1 1 1 1 0 0 0 0 0 0 1 0 1 1 1 1 1 1 1 1 1 1 1 1 1 1 ]
d13=5.752014155305 eijMax=2.865E-03 rmsd=1.711E+01 s=[ 0 0 0 1 1 1 1 0 0 0 0 0 0 0 1 1 1 1 1 1 0 1 0 0 0 0 0 0 0 0 0 0 0 0 0 0 ]
d13=5.753870501752 eijMax=7.340E-03 rmsd=1.713E+01 s=[ 0 0 0 0 0 0 0 1 1 1 1 1 1 1 0 0 0 0 0 0 1 0 1 1 1 1 1 1 1 1 1 1 1 1 1 1 ]
d13=5.753870501752 eijMax=7.340E-03 rmsd=1.713E+01 s=[ 0 0 0 1 1 1 1 0 0 0 0 0 0 0 1 1 1 1 1 1 0 1 0 0 0 0 0 0 0 0 0 0 0 0 0 0 ]
d13=5.833693398949 eijMax=8.076E-03 rmsd=1.468E+01 s=[ 0 0 0 0 0 0 0 1 1 1 1 1 0 1 0 0 0 0 0 0 1 1 0 0 0 0 0 0 0 0 0 0 0 0 0 0 ]
d13=5.833693398949 eijMax=8.076E-03 rmsd=1.468E+01 s=[ 0 0 0 1 1 1 1 0 0 0 0 0 1 0 1 1 1 1 1 1 0 0 1 1 1 1 1 1 1 1 1 1 1 1 1 1 ]
d13=5.835549745395 eijMax=1.005E-03 rmsd=1.463E+01 s=[ 0 0 0 0 0 0 0 1 1 1 1 1 0 1 0 0 0 0 0 0 1 1 0 0 0 0 0 0 0 0 0 0 0 0 0 0 ]
d13=5.835549745395 eijMax=1.005E-03 rmsd=1.463E+01 s=[ 0 0 0 1 1 1 1 0 0 0 0 0 1 0 1 1 1 1 1 1 0 0 1 1 1 1 1 1 1 1 1 1 1 1 1 1 ]
d13=5.865251288539 eijMax=9.723E-03 rmsd=1.669E+01 s=[ 0 0 0 0 1 1 1 0 0 0 0 0 1 1 0 0 0 0 0 0 1 0 1 1 1 1 1 1 1 1 1 1 1 1 1 1 ]
d13=5.865251288539 eijMax=9.723E-03 rmsd=1.669E+01 s=[ 0 0 0 1 0 0 0 1 1 1 1 1 0 0 1 1 1 1 1 1 0 1 0 0 0 0 0 0 0 0 0 0 0 0 0 0 ]
d13=5.867107634985 eijMax=9.192E-03 rmsd=1.669E+01 s=[ 0 0 0 0 1 1 1 0 0 0 0 0 1 1 0 0 0 0 0 0 1 0 1 1 1 1 1 1 1 1 1 1 1 1 1 1 ]
d13=5.867107634985 eijMax=9.192E-03 rmsd=1.669E+01 s=[ 0 0 0 1 0 0 0 1 1 1 1 1 0 0 1 1 1 1 1 1 0 1 0 0 0 0 0 0 0 0 0 0 0 0 0 0 ]
d13=5.868963981431 eijMax=8.664E-03 rmsd=1.669E+01 s=[ 0 0 0 0 1 1 1 0 0 0 0 0 1 1 0 0 0 0 0 0 1 0 1 1 1 1 1 1 1 1 1 1 1 1 1 1 ]
d13=5.868963981431 eijMax=8.664E-03 rmsd=1.669E+01 s=[ 0 0 0 1 0 0 0 1 1 1 1 1 0 0 1 1 1 1 1 1 0 1 0 0 0 0 0 0 0 0 0 0 0 0 0 0 ]
d13=5.870820327878 eijMax=8.139E-03 rmsd=1.669E+01 s=[ 0 0 0 0 1 1 1 0 0 0 0 0 1 1 0 0 0 0 0 0 1 0 1 1 1 1 1 1 1 1 1 1 1 1 1 1 ]
d13=5.870820327878 eijMax=8.139E-03 rmsd=1.669E+01 s=[ 0 0 0 1 0 0 0 1 1 1 1 1 0 0 1 1 1 1 1 1 0 1 0 0 0 0 0 0 0 0 0 0 0 0 0 0 ]
d13=5.872676674324 eijMax=7.618E-03 rmsd=1.670E+01 s=[ 0 0 0 0 1 1 1 0 0 0 0 0 1 1 0 0 0 0 0 0 1 0 1 1 1 1 1 1 1 1 1 1 1 1 1 1 ]
d13=5.872676674324 eijMax=7.618E-03 rmsd=1.670E+01 s=[ 0 0 0 1 0 0 0 1 1 1 1 1 0 0 1 1 1 1 1 1 0 1 0 0 0 0 0 0 0 0 0 0 0 0 0 0 ]
d13=5.874533020771 eijMax=7.100E-03 rmsd=1.670E+01 s=[ 0 0 0 0 1 1 1 0 0 0 0 0 1 1 0 0 0 0 0 0 1 0 1 1 1 1 1 1 1 1 1 1 1 1 1 1 ]
d13=5.874533020771 eijMax=7.100E-03 rmsd=1.670E+01 s=[ 0 0 0 1 0 0 0 1 1 1 1 1 0 0 1 1 1 1 1 1 0 1 0 0 0 0 0 0 0 0 0 0 0 0 0 0 ]
d13=5.876389367217 eijMax=6.586E-03 rmsd=1.670E+01 s=[ 0 0 0 0 1 1 1 0 0 0 0 0 1 1 0 0 0 0 0 0 1 0 1 1 1 1 1 1 1 1 1 1 1 1 1 1 ]
d13=5.876389367217 eijMax=6.586E-03 rmsd=1.670E+01 s=[ 0 0 0 1 0 0 0 1 1 1 1 1 0 0 1 1 1 1 1 1 0 1 0 0 0 0 0 0 0 0 0 0 0 0 0 0 ]
d13=5.878245713664 eijMax=6.075E-03 rmsd=1.670E+01 s=[ 0 0 0 0 1 1 1 0 0 0 0 0 1 1 0 0 0 0 0 0 1 0 1 1 1 1 1 1 1 1 1 1 1 1 1 1 ]
d13=5.878245713664 eijMax=6.075E-03 rmsd=1.670E+01 s=[ 0 0 0 1 0 0 0 1 1 1 1 1 0 0 1 1 1 1 1 1 0 1 0 0 0 0 0 0 0 0 0 0 0 0 0 0 ]
d13=5.880102060110 eijMax=5.567E-03 rmsd=1.670E+01 s=[ 0 0 0 0 1 1 1 0 0 0 0 0 1 1 0 0 0 0 0 0 1 0 1 1 1 1 1 1 1 1 1 1 1 1 1 1 ]
d13=5.880102060110 eijMax=5.567E-03 rmsd=1.670E+01 s=[ 0 0 0 1 0 0 0 1 1 1 1 1 0 0 1 1 1 1 1 1 0 1 0 0 0 0 0 0 0 0 0 0 0 0 0 0 ]
d13=5.881958406557 eijMax=5.064E-03 rmsd=1.670E+01 s=[ 0 0 0 0 1 1 1 0 0 0 0 0 1 1 0 0 0 0 0 0 1 0 1 1 1 1 1 1 1 1 1 1 1 1 1 1 ]
d13=5.881958406557 eijMax=5.064E-03 rmsd=1.670E+01 s=[ 0 0 0 1 0 0 0 1 1 1 1 1 0 0 1 1 1 1 1 1 0 1 0 0 0 0 0 0 0 0 0 0 0 0 0 0 ]
d13=5.883814753003 eijMax=4.563E-03 rmsd=1.670E+01 s=[ 0 0 0 0 1 1 1 0 0 0 0 0 1 1 0 0 0 0 0 0 1 0 1 1 1 1 1 1 1 1 1 1 1 1 1 1 ]
d13=5.883814753003 eijMax=4.563E-03 rmsd=1.670E+01 s=[ 0 0 0 1 0 0 0 1 1 1 1 1 0 0 1 1 1 1 1 1 0 1 0 0 0 0 0 0 0 0 0 0 0 0 0 0 ]
d13=5.885671099449 eijMax=4.067E-03 rmsd=1.671E+01 s=[ 0 0 0 0 1 1 1 0 0 0 0 0 1 1 0 0 0 0 0 0 1 0 1 1 1 1 1 1 1 1 1 1 1 1 1 1 ]
d13=5.885671099449 eijMax=4.067E-03 rmsd=1.671E+01 s=[ 0 0 0 1 0 0 0 1 1 1 1 1 0 0 1 1 1 1 1 1 0 1 0 0 0 0 0 0 0 0 0 0 0 0 0 0 ]
d13=5.887527445896 eijMax=3.574E-03 rmsd=1.671E+01 s=[ 0 0 0 0 1 1 1 0 0 0 0 0 1 1 0 0 0 0 0 0 1 0 1 1 1 1 1 1 1 1 1 1 1 1 1 1 ]
d13=5.887527445896 eijMax=3.574E-03 rmsd=1.671E+01 s=[ 0 0 0 1 0 0 0 1 1 1 1 1 0 0 1 1 1 1 1 1 0 1 0 0 0 0 0 0 0 0 0 0 0 0 0 0 ]
d13=5.889383792342 eijMax=3.084E-03 rmsd=1.671E+01 s=[ 0 0 0 0 1 1 1 0 0 0 0 0 1 1 0 0 0 0 0 0 1 0 1 1 1 1 1 1 1 1 1 1 1 1 1 1 ]
d13=5.889383792342 eijMax=3.084E-03 rmsd=1.671E+01 s=[ 0 0 0 1 0 0 0 1 1 1 1 1 0 0 1 1 1 1 1 1 0 1 0 0 0 0 0 0 0 0 0 0 0 0 0 0 ]
d13=5.891240138789 eijMax=2.598E-03 rmsd=1.671E+01 s=[ 0 0 0 0 1 1 1 0 0 0 0 0 1 1 0 0 0 0 0 0 1 0 1 1 1 1 1 1 1 1 1 1 1 1 1 1 ]
d13=5.891240138789 eijMax=2.598E-03 rmsd=1.671E+01 s=[ 0 0 0 1 0 0 0 1 1 1 1 1 0 0 1 1 1 1 1 1 0 1 0 0 0 0 0 0 0 0 0 0 0 0 0 0 ]
d13=5.893096485235 eijMax=2.116E-03 rmsd=1.671E+01 s=[ 0 0 0 0 1 1 1 0 0 0 0 0 1 1 0 0 0 0 0 0 1 0 1 1 1 1 1 1 1 1 1 1 1 1 1 1 ]
d13=5.893096485235 eijMax=2.116E-03 rmsd=1.671E+01 s=[ 0 0 0 1 0 0 0 1 1 1 1 1 0 0 1 1 1 1 1 1 0 1 0 0 0 0 0 0 0 0 0 0 0 0 0 0 ]
d13=5.894952831682 eijMax=1.637E-03 rmsd=1.671E+01 s=[ 0 0 0 0 1 1 1 0 0 0 0 0 1 1 0 0 0 0 0 0 1 0 1 1 1 1 1 1 1 1 1 1 1 1 1 1 ]
d13=5.894952831682 eijMax=1.637E-03 rmsd=1.671E+01 s=[ 0 0 0 1 0 0 0 1 1 1 1 1 0 0 1 1 1 1 1 1 0 1 0 0 0 0 0 0 0 0 0 0 0 0 0 0 ]
d13=5.896809178128 eijMax=1.162E-03 rmsd=1.671E+01 s=[ 0 0 0 0 1 1 1 0 0 0 0 0 1 1 0 0 0 0 0 0 1 0 1 1 1 1 1 1 1 1 1 1 1 1 1 1 ]
d13=5.896809178128 eijMax=1.162E-03 rmsd=1.671E+01 s=[ 0 0 0 1 0 0 0 1 1 1 1 1 0 0 1 1 1 1 1 1 0 1 0 0 0 0 0 0 0 0 0 0 0 0 0 0 ]
d13=5.898665524575 eijMax=6.902E-04 rmsd=1.672E+01 s=[ 0 0 0 0 1 1 1 0 0 0 0 0 1 1 0 0 0 0 0 0 1 0 1 1 1 1 1 1 1 1 1 1 1 1 1 1 ]
d13=5.898665524575 eijMax=6.902E-04 rmsd=1.672E+01 s=[ 0 0 0 1 0 0 0 1 1 1 1 1 0 0 1 1 1 1 1 1 0 1 0 0 0 0 0 0 0 0 0 0 0 0 0 0 ]
d13=5.900521871021 eijMax=2.224E-04 rmsd=1.672E+01 s=[ 0 0 0 0 1 1 1 0 0 0 0 0 1 1 0 0 0 0 0 0 1 0 1 1 1 1 1 1 1 1 1 1 1 1 1 1 ]
d13=5.900521871021 eijMax=2.224E-04 rmsd=1.672E+01 s=[ 0 0 0 1 0 0 0 1 1 1 1 1 0 0 1 1 1 1 1 1 0 1 0 0 0 0 0 0 0 0 0 0 0 0 0 0 ]
d13=5.902378217467 eijMax=2.417E-04 rmsd=1.672E+01 s=[ 0 0 0 0 1 1 1 0 0 0 0 0 1 1 0 0 0 0 0 0 1 0 1 1 1 1 1 1 1 1 1 1 1 1 1 1 ]
d13=5.902378217467 eijMax=2.417E-04 rmsd=1.672E+01 s=[ 0 0 0 1 0 0 0 1 1 1 1 1 0 0 1 1 1 1 1 1 0 1 0 0 0 0 0 0 0 0 0 0 0 0 0 0 ]
d13=5.904234563914 eijMax=7.021E-04 rmsd=1.672E+01 s=[ 0 0 0 0 1 1 1 0 0 0 0 0 1 1 0 0 0 0 0 0 1 0 1 1 1 1 1 1 1 1 1 1 1 1 1 1 ]
d13=5.904234563914 eijMax=7.021E-04 rmsd=1.672E+01 s=[ 0 0 0 1 0 0 0 1 1 1 1 1 0 0 1 1 1 1 1 1 0 1 0 0 0 0 0 0 0 0 0 0 0 0 0 0 ]
d13=5.906090910360 eijMax=1.159E-03 rmsd=1.672E+01 s=[ 0 0 0 0 1 1 1 0 0 0 0 0 1 1 0 0 0 0 0 0 1 0 1 1 1 1 1 1 1 1 1 1 1 1 1 1 ]
d13=5.906090910360 eijMax=1.159E-03 rmsd=1.672E+01 s=[ 0 0 0 1 0 0 0 1 1 1 1 1 0 0 1 1 1 1 1 1 0 1 0 0 0 0 0 0 0 0 0 0 0 0 0 0 ]
d13=5.907947256807 eijMax=1.612E-03 rmsd=1.672E+01 s=[ 0 0 0 0 1 1 1 0 0 0 0 0 1 1 0 0 0 0 0 0 1 0 1 1 1 1 1 1 1 1 1 1 1 1 1 1 ]
d13=5.907947256807 eijMax=1.612E-03 rmsd=1.672E+01 s=[ 0 0 0 1 0 0 0 1 1 1 1 1 0 0 1 1 1 1 1 1 0 1 0 0 0 0 0 0 0 0 0 0 0 0 0 0 ]
d13=5.909803603253 eijMax=2.061E-03 rmsd=1.672E+01 s=[ 0 0 0 0 1 1 1 0 0 0 0 0 1 1 0 0 0 0 0 0 1 0 1 1 1 1 1 1 1 1 1 1 1 1 1 1 ]
d13=5.909803603253 eijMax=2.061E-03 rmsd=1.672E+01 s=[ 0 0 0 1 0 0 0 1 1 1 1 1 0 0 1 1 1 1 1 1 0 1 0 0 0 0 0 0 0 0 0 0 0 0 0 0 ]
d13=5.911659949700 eijMax=2.506E-03 rmsd=1.672E+01 s=[ 0 0 0 0 1 1 1 0 0 0 0 0 1 1 0 0 0 0 0 0 1 0 1 1 1 1 1 1 1 1 1 1 1 1 1 1 ]
d13=5.911659949700 eijMax=2.506E-03 rmsd=1.672E+01 s=[ 0 0 0 1 0 0 0 1 1 1 1 1 0 0 1 1 1 1 1 1 0 1 0 0 0 0 0 0 0 0 0 0 0 0 0 0 ]
d13=5.913516296146 eijMax=2.948E-03 rmsd=1.672E+01 s=[ 0 0 0 0 1 1 1 0 0 0 0 0 1 1 0 0 0 0 0 0 1 0 1 1 1 1 1 1 1 1 1 1 1 1 1 1 ]
d13=5.913516296146 eijMax=2.948E-03 rmsd=1.672E+01 s=[ 0 0 0 1 0 0 0 1 1 1 1 1 0 0 1 1 1 1 1 1 0 1 0 0 0 0 0 0 0 0 0 0 0 0 0 0 ]
d13=5.915372642593 eijMax=3.385E-03 rmsd=1.673E+01 s=[ 0 0 0 0 1 1 1 0 0 0 0 0 1 1 0 0 0 0 0 0 1 0 1 1 1 1 1 1 1 1 1 1 1 1 1 1 ]
d13=5.915372642593 eijMax=3.385E-03 rmsd=1.673E+01 s=[ 0 0 0 1 0 0 0 1 1 1 1 1 0 0 1 1 1 1 1 1 0 1 0 0 0 0 0 0 0 0 0 0 0 0 0 0 ]
d13=5.917228989039 eijMax=3.819E-03 rmsd=1.673E+01 s=[ 0 0 0 0 1 1 1 0 0 0 0 0 1 1 0 0 0 0 0 0 1 0 1 1 1 1 1 1 1 1 1 1 1 1 1 1 ]
d13=5.917228989039 eijMax=3.819E-03 rmsd=1.673E+01 s=[ 0 0 0 1 0 0 0 1 1 1 1 1 0 0 1 1 1 1 1 1 0 1 0 0 0 0 0 0 0 0 0 0 0 0 0 0 ]
d13=5.919085335485 eijMax=4.249E-03 rmsd=1.673E+01 s=[ 0 0 0 0 1 1 1 0 0 0 0 0 1 1 0 0 0 0 0 0 1 0 1 1 1 1 1 1 1 1 1 1 1 1 1 1 ]
d13=5.919085335485 eijMax=4.249E-03 rmsd=1.673E+01 s=[ 0 0 0 1 0 0 0 1 1 1 1 1 0 0 1 1 1 1 1 1 0 1 0 0 0 0 0 0 0 0 0 0 0 0 0 0 ]
d13=5.920941681932 eijMax=4.675E-03 rmsd=1.673E+01 s=[ 0 0 0 0 1 1 1 0 0 0 0 0 1 1 0 0 0 0 0 0 1 0 1 1 1 1 1 1 1 1 1 1 1 1 1 1 ]
d13=5.920941681932 eijMax=4.675E-03 rmsd=1.673E+01 s=[ 0 0 0 1 0 0 0 1 1 1 1 1 0 0 1 1 1 1 1 1 0 1 0 0 0 0 0 0 0 0 0 0 0 0 0 0 ]
d13=5.922798028378 eijMax=5.097E-03 rmsd=1.673E+01 s=[ 0 0 0 0 1 1 1 0 0 0 0 0 1 1 0 0 0 0 0 0 1 0 1 1 1 1 1 1 1 1 1 1 1 1 1 1 ]
d13=5.922798028378 eijMax=5.097E-03 rmsd=1.673E+01 s=[ 0 0 0 1 0 0 0 1 1 1 1 1 0 0 1 1 1 1 1 1 0 1 0 0 0 0 0 0 0 0 0 0 0 0 0 0 ]
d13=5.924654374825 eijMax=5.515E-03 rmsd=1.673E+01 s=[ 0 0 0 0 1 1 1 0 0 0 0 0 1 1 0 0 0 0 0 0 1 0 1 1 1 1 1 1 1 1 1 1 1 1 1 1 ]
d13=5.924654374825 eijMax=5.515E-03 rmsd=1.673E+01 s=[ 0 0 0 1 0 0 0 1 1 1 1 1 0 0 1 1 1 1 1 1 0 1 0 0 0 0 0 0 0 0 0 0 0 0 0 0 ]
d13=5.926510721271 eijMax=5.929E-03 rmsd=1.673E+01 s=[ 0 0 0 0 1 1 1 0 0 0 0 0 1 1 0 0 0 0 0 0 1 0 1 1 1 1 1 1 1 1 1 1 1 1 1 1 ]
d13=5.926510721271 eijMax=5.929E-03 rmsd=1.673E+01 s=[ 0 0 0 1 0 0 0 1 1 1 1 1 0 0 1 1 1 1 1 1 0 1 0 0 0 0 0 0 0 0 0 0 0 0 0 0 ]
d13=5.928367067718 eijMax=6.339E-03 rmsd=1.673E+01 s=[ 0 0 0 0 1 1 1 0 0 0 0 0 1 1 0 0 0 0 0 0 1 0 1 1 1 1 1 1 1 1 1 1 1 1 1 1 ]
d13=5.928367067718 eijMax=6.339E-03 rmsd=1.673E+01 s=[ 0 0 0 1 0 0 0 1 1 1 1 1 0 0 1 1 1 1 1 1 0 1 0 0 0 0 0 0 0 0 0 0 0 0 0 0 ]
d13=5.930223414164 eijMax=6.745E-03 rmsd=1.673E+01 s=[ 0 0 0 0 1 1 1 0 0 0 0 0 1 1 0 0 0 0 0 0 1 0 1 1 1 1 1 1 1 1 1 1 1 1 1 1 ]
d13=5.930223414164 eijMax=6.745E-03 rmsd=1.673E+01 s=[ 0 0 0 1 0 0 0 1 1 1 1 1 0 0 1 1 1 1 1 1 0 1 0 0 0 0 0 0 0 0 0 0 0 0 0 0 ]
d13=5.932079760611 eijMax=7.146E-03 rmsd=1.674E+01 s=[ 0 0 0 0 1 1 1 0 0 0 0 0 1 1 0 0 0 0 0 0 1 0 1 1 1 1 1 1 1 1 1 1 1 1 1 1 ]
d13=5.932079760611 eijMax=7.146E-03 rmsd=1.674E+01 s=[ 0 0 0 1 0 0 0 1 1 1 1 1 0 0 1 1 1 1 1 1 0 1 0 0 0 0 0 0 0 0 0 0 0 0 0 0 ]
d13=5.933936107057 eijMax=7.544E-03 rmsd=1.674E+01 s=[ 0 0 0 0 1 1 1 0 0 0 0 0 1 1 0 0 0 0 0 0 1 0 1 1 1 1 1 1 1 1 1 1 1 1 1 1 ]
d13=5.933936107057 eijMax=7.544E-03 rmsd=1.674E+01 s=[ 0 0 0 1 0 0 0 1 1 1 1 1 0 0 1 1 1 1 1 1 0 1 0 0 0 0 0 0 0 0 0 0 0 0 0 0 ]
d13=5.935792453504 eijMax=7.937E-03 rmsd=1.674E+01 s=[ 0 0 0 0 1 1 1 0 0 0 0 0 1 1 0 0 0 0 0 0 1 0 1 1 1 1 1 1 1 1 1 1 1 1 1 1 ]
d13=5.935792453504 eijMax=7.937E-03 rmsd=1.674E+01 s=[ 0 0 0 1 0 0 0 1 1 1 1 1 0 0 1 1 1 1 1 1 0 1 0 0 0 0 0 0 0 0 0 0 0 0 0 0 ]
d13=5.937648799950 eijMax=8.326E-03 rmsd=1.674E+01 s=[ 0 0 0 0 1 1 1 0 0 0 0 0 1 1 0 0 0 0 0 0 1 0 1 1 1 1 1 1 1 1 1 1 1 1 1 1 ]
d13=5.937648799950 eijMax=8.326E-03 rmsd=1.674E+01 s=[ 0 0 0 1 0 0 0 1 1 1 1 1 0 0 1 1 1 1 1 1 0 1 0 0 0 0 0 0 0 0 0 0 0 0 0 0 ]
d13=5.939505146396 eijMax=8.711E-03 rmsd=1.674E+01 s=[ 0 0 0 0 1 1 1 0 0 0 0 0 1 1 0 0 0 0 0 0 1 0 1 1 1 1 1 1 1 1 1 1 1 1 1 1 ]
d13=5.939505146396 eijMax=8.711E-03 rmsd=1.674E+01 s=[ 0 0 0 1 0 0 0 1 1 1 1 1 0 0 1 1 1 1 1 1 0 1 0 0 0 0 0 0 0 0 0 0 0 0 0 0 ]
d13=5.941361492843 eijMax=9.091E-03 rmsd=1.674E+01 s=[ 0 0 0 0 1 1 1 0 0 0 0 0 1 1 0 0 0 0 0 0 1 0 1 1 1 1 1 1 1 1 1 1 1 1 1 1 ]
d13=5.941361492843 eijMax=9.091E-03 rmsd=1.674E+01 s=[ 0 0 0 1 0 0 0 1 1 1 1 1 0 0 1 1 1 1 1 1 0 1 0 0 0 0 0 0 0 0 0 0 0 0 0 0 ]
d13=5.943217839289 eijMax=9.467E-03 rmsd=1.674E+01 s=[ 0 0 0 0 1 1 1 0 0 0 0 0 1 1 0 0 0 0 0 0 1 0 1 1 1 1 1 1 1 1 1 1 1 1 1 1 ]
d13=5.943217839289 eijMax=9.467E-03 rmsd=1.674E+01 s=[ 0 0 0 1 0 0 0 1 1 1 1 1 0 0 1 1 1 1 1 1 0 1 0 0 0 0 0 0 0 0 0 0 0 0 0 0 ]
d13=5.945074185736 eijMax=9.838E-03 rmsd=1.674E+01 s=[ 0 0 0 0 1 1 1 0 0 0 0 0 1 1 0 0 0 0 0 0 1 0 1 1 1 1 1 1 1 1 1 1 1 1 1 1 ]
d13=5.945074185736 eijMax=9.838E-03 rmsd=1.674E+01 s=[ 0 0 0 1 0 0 0 1 1 1 1 1 0 0 1 1 1 1 1 1 0 1 0 0 0 0 0 0 0 0 0 0 0 0 0 0 ]
d13=5.995195539790 eijMax=8.802E-03 rmsd=1.886E+01 s=[ 0 0 0 0 1 1 1 0 0 0 0 0 0 0 1 1 1 1 1 1 1 1 0 0 0 0 0 0 0 0 0 0 0 0 0 0 ]
d13=5.995195539790 eijMax=8.802E-03 rmsd=1.886E+01 s=[ 0 0 0 1 0 0 0 1 1 1 1 1 1 1 0 0 0 0 0 0 0 0 1 1 1 1 1 1 1 1 1 1 1 1 1 1 ]
d13=5.997051886236 eijMax=7.137E-03 rmsd=1.886E+01 s=[ 0 0 0 0 1 1 1 0 0 0 0 0 0 0 1 1 1 1 1 1 1 1 0 0 0 0 0 0 0 0 0 0 0 0 0 0 ]
d13=5.997051886236 eijMax=7.137E-03 rmsd=1.886E+01 s=[ 0 0 0 1 0 0 0 1 1 1 1 1 1 1 0 0 0 0 0 0 0 0 1 1 1 1 1 1 1 1 1 1 1 1 1 1 ]
d13=5.998908232683 eijMax=5.470E-03 rmsd=1.886E+01 s=[ 0 0 0 0 1 1 1 0 0 0 0 0 0 0 1 1 1 1 1 1 1 1 0 0 0 0 0 0 0 0 0 0 0 0 0 0 ]
d13=5.998908232683 eijMax=5.470E-03 rmsd=1.886E+01 s=[ 0 0 0 1 0 0 0 1 1 1 1 1 1 1 0 0 0 0 0 0 0 0 1 1 1 1 1 1 1 1 1 1 1 1 1 1 ]
d13=6.000764579129 eijMax=3.801E-03 rmsd=1.886E+01 s=[ 0 0 0 0 1 1 1 0 0 0 0 0 0 0 1 1 1 1 1 1 1 1 0 0 0 0 0 0 0 0 0 0 0 0 0 0 ]
d13=6.000764579129 eijMax=3.801E-03 rmsd=1.886E+01 s=[ 0 0 0 1 0 0 0 1 1 1 1 1 1 1 0 0 0 0 0 0 0 0 1 1 1 1 1 1 1 1 1 1 1 1 1 1 ]
d13=6.002620925576 eijMax=2.129E-03 rmsd=1.886E+01 s=[ 0 0 0 0 1 1 1 0 0 0 0 0 0 0 1 1 1 1 1 1 1 1 0 0 0 0 0 0 0 0 0 0 0 0 0 0 ]
d13=6.002620925576 eijMax=2.129E-03 rmsd=1.886E+01 s=[ 0 0 0 1 0 0 0 1 1 1 1 1 1 1 0 0 0 0 0 0 0 0 1 1 1 1 1 1 1 1 1 1 1 1 1 1 ]
d13=6.004477272022 eijMax=4.547E-04 rmsd=1.886E+01 s=[ 0 0 0 0 1 1 1 0 0 0 0 0 0 0 1 1 1 1 1 1 1 1 0 0 0 0 0 0 0 0 0 0 0 0 0 0 ]
d13=6.004477272022 eijMax=4.547E-04 rmsd=1.886E+01 s=[ 0 0 0 1 0 0 0 1 1 1 1 1 1 1 0 0 0 0 0 0 0 0 1 1 1 1 1 1 1 1 1 1 1 1 1 1 ]
d13=6.006333618468 eijMax=1.223E-03 rmsd=1.887E+01 s=[ 0 0 0 0 1 1 1 0 0 0 0 0 0 0 1 1 1 1 1 1 1 1 0 0 0 0 0 0 0 0 0 0 0 0 0 0 ]
d13=6.006333618468 eijMax=1.223E-03 rmsd=1.887E+01 s=[ 0 0 0 1 0 0 0 1 1 1 1 1 1 1 0 0 0 0 0 0 0 0 1 1 1 1 1 1 1 1 1 1 1 1 1 1 ]
d13=6.008189964915 eijMax=2.903E-03 rmsd=1.887E+01 s=[ 0 0 0 0 1 1 1 0 0 0 0 0 0 0 1 1 1 1 1 1 1 1 0 0 0 0 0 0 0 0 0 0 0 0 0 0 ]
d13=6.008189964915 eijMax=2.903E-03 rmsd=1.887E+01 s=[ 0 0 0 1 0 0 0 1 1 1 1 1 1 1 0 0 0 0 0 0 0 0 1 1 1 1 1 1 1 1 1 1 1 1 1 1 ]
d13=6.010046311361 eijMax=4.587E-03 rmsd=1.887E+01 s=[ 0 0 0 0 1 1 1 0 0 0 0 0 0 0 1 1 1 1 1 1 1 1 0 0 0 0 0 0 0 0 0 0 0 0 0 0 ]
d13=6.010046311361 eijMax=4.587E-03 rmsd=1.887E+01 s=[ 0 0 0 1 0 0 0 1 1 1 1 1 1 1 0 0 0 0 0 0 0 0 1 1 1 1 1 1 1 1 1 1 1 1 1 1 ]
d13=6.011902657808 eijMax=6.273E-03 rmsd=1.887E+01 s=[ 0 0 0 0 1 1 1 0 0 0 0 0 0 0 1 1 1 1 1 1 1 1 0 0 0 0 0 0 0 0 0 0 0 0 0 0 ]
d13=6.011902657808 eijMax=6.273E-03 rmsd=1.887E+01 s=[ 0 0 0 1 0 0 0 1 1 1 1 1 1 1 0 0 0 0 0 0 0 0 1 1 1 1 1 1 1 1 1 1 1 1 1 1 ]
d13=6.013759004254 eijMax=7.963E-03 rmsd=1.887E+01 s=[ 0 0 0 0 1 1 1 0 0 0 0 0 0 0 1 1 1 1 1 1 1 1 0 0 0 0 0 0 0 0 0 0 0 0 0 0 ]
d13=6.013759004254 eijMax=7.963E-03 rmsd=1.887E+01 s=[ 0 0 0 1 0 0 0 1 1 1 1 1 1 1 0 0 0 0 0 0 0 0 1 1 1 1 1 1 1 1 1 1 1 1 1 1 ]
d13=6.015615350701 eijMax=9.657E-03 rmsd=1.887E+01 s=[ 0 0 0 0 1 1 1 0 0 0 0 0 0 0 1 1 1 1 1 1 1 1 0 0 0 0 0 0 0 0 0 0 0 0 0 0 ]
d13=6.015615350701 eijMax=9.657E-03 rmsd=1.887E+01 s=[ 0 0 0 1 0 0 0 1 1 1 1 1 1 1 0 0 0 0 0 0 0 0 1 1 1 1 1 1 1 1 1 1 1 1 1 1 ]
d13=6.095438247898 eijMax=9.176E-03 rmsd=1.670E+01 s=[ 0 0 0 0 1 1 1 0 0 0 0 0 1 1 0 0 0 0 0 0 1 0 1 1 1 1 1 1 1 1 1 1 1 1 1 1 ]
d13=6.095438247898 eijMax=9.176E-03 rmsd=1.670E+01 s=[ 0 0 0 1 0 0 0 1 1 1 1 1 0 0 1 1 1 1 1 1 0 1 0 0 0 0 0 0 0 0 0 0 0 0 0 0 ]
d13=6.097294594344 eijMax=7.861E-03 rmsd=1.670E+01 s=[ 0 0 0 0 1 1 1 0 0 0 0 0 1 1 0 0 0 0 0 0 1 0 1 1 1 1 1 1 1 1 1 1 1 1 1 1 ]
d13=6.097294594344 eijMax=7.861E-03 rmsd=1.670E+01 s=[ 0 0 0 1 0 0 0 1 1 1 1 1 0 0 1 1 1 1 1 1 0 1 0 0 0 0 0 0 0 0 0 0 0 0 0 0 ]
d13=6.099150940791 eijMax=6.364E-03 rmsd=1.669E+01 s=[ 0 0 0 0 1 1 1 0 0 0 0 0 1 1 0 0 0 0 0 0 1 0 1 1 1 1 1 1 1 1 1 1 1 1 1 1 ]
d13=6.099150940791 eijMax=6.364E-03 rmsd=1.669E+01 s=[ 0 0 0 1 0 0 0 1 1 1 1 1 0 0 1 1 1 1 1 1 0 1 0 0 0 0 0 0 0 0 0 0 0 0 0 0 ]
d13=6.101007287237 eijMax=4.634E-03 rmsd=1.669E+01 s=[ 0 0 0 0 1 1 1 0 0 0 0 0 1 1 0 0 0 0 0 0 1 0 1 1 1 1 1 1 1 1 1 1 1 1 1 1 ]
d13=6.101007287237 eijMax=4.634E-03 rmsd=1.669E+01 s=[ 0 0 0 1 0 0 0 1 1 1 1 1 0 0 1 1 1 1 1 1 0 1 0 0 0 0 0 0 0 0 0 0 0 0 0 0 ]
d13=6.102863633684 eijMax=2.591E-03 rmsd=1.668E+01 s=[ 0 0 0 0 1 1 1 0 0 0 0 0 1 1 0 0 0 0 0 0 1 0 1 1 1 1 1 1 1 1 1 1 1 1 1 1 ]
d13=6.102863633684 eijMax=2.591E-03 rmsd=1.668E+01 s=[ 0 0 0 1 0 0 0 1 1 1 1 1 0 0 1 1 1 1 1 1 0 1 0 0 0 0 0 0 0 0 0 0 0 0 0 0 ]
d13=6.104719980130 eijMax=9.266E-05 rmsd=1.667E+01 s=[ 0 0 0 0 1 1 1 0 0 0 0 0 1 1 0 0 0 0 0 0 1 0 1 1 1 1 1 1 1 1 1 1 1 1 1 1 ]
d13=6.104719980130 eijMax=9.266E-05 rmsd=1.667E+01 s=[ 0 0 0 1 0 0 0 1 1 1 1 1 0 0 1 1 1 1 1 1 0 1 0 0 0 0 0 0 0 0 0 0 0 0 0 0 ]
d13=6.106576326577 eijMax=3.154E-03 rmsd=1.666E+01 s=[ 0 0 0 0 1 1 1 0 0 0 0 0 1 1 0 0 0 0 0 0 1 0 1 1 1 1 1 1 1 1 1 1 1 1 1 1 ]
d13=6.106576326577 eijMax=3.154E-03 rmsd=1.666E+01 s=[ 0 0 0 1 0 0 0 1 1 1 1 1 0 0 1 1 1 1 1 1 0 1 0 0 0 0 0 0 0 0 0 0 0 0 0 0 ]
d13=6.108432673023 eijMax=8.039E-03 rmsd=1.664E+01 s=[ 0 0 0 0 1 1 1 0 0 0 0 0 1 1 0 0 0 0 0 0 1 0 1 1 1 1 1 1 1 1 1 1 1 1 1 1 ]
d13=6.108432673023 eijMax=8.039E-03 rmsd=1.664E+01 s=[ 0 0 0 1 0 0 0 1 1 1 1 1 0 0 1 1 1 1 1 1 0 1 0 0 0 0 0 0 0 0 0 0 0 0 0 0 ]
d13=6.294067317668 eijMax=9.639E-03 rmsd=1.489E+01 s=[ 0 0 0 0 0 1 1 0 0 0 0 0 0 0 1 1 1 1 1 1 1 0 1 1 1 1 1 1 1 1 1 1 1 1 1 1 ]
d13=6.294067317668 eijMax=9.639E-03 rmsd=1.489E+01 s=[ 0 0 0 1 1 0 0 1 1 1 1 1 1 1 0 0 0 0 0 0 0 1 0 0 0 0 0 0 0 0 0 0 0 0 0 0 ]
d13=6.295923664114 eijMax=8.617E-03 rmsd=1.486E+01 s=[ 0 0 0 0 0 1 1 0 0 0 0 0 0 0 1 1 1 1 1 1 1 0 1 1 1 1 1 1 1 1 1 1 1 1 1 1 ]
d13=6.295923664114 eijMax=8.617E-03 rmsd=1.486E+01 s=[ 0 0 0 1 1 0 0 1 1 1 1 1 1 1 0 0 0 0 0 0 0 1 0 0 0 0 0 0 0 0 0 0 0 0 0 0 ]
d13=6.297780010561 eijMax=7.619E-03 rmsd=1.484E+01 s=[ 0 0 0 0 0 1 1 0 0 0 0 0 0 0 1 1 1 1 1 1 1 0 1 1 1 1 1 1 1 1 1 1 1 1 1 1 ]
d13=6.297780010561 eijMax=7.619E-03 rmsd=1.484E+01 s=[ 0 0 0 1 1 0 0 1 1 1 1 1 1 1 0 0 0 0 0 0 0 1 0 0 0 0 0 0 0 0 0 0 0 0 0 0 ]
d13=6.299636357007 eijMax=6.646E-03 rmsd=1.481E+01 s=[ 0 0 0 0 0 1 1 0 0 0 0 0 0 0 1 1 1 1 1 1 1 0 1 1 1 1 1 1 1 1 1 1 1 1 1 1 ]
d13=6.299636357007 eijMax=6.646E-03 rmsd=1.481E+01 s=[ 0 0 0 1 1 0 0 1 1 1 1 1 1 1 0 0 0 0 0 0 0 1 0 0 0 0 0 0 0 0 0 0 0 0 0 0 ]
d13=6.301492703453 eijMax=5.696E-03 rmsd=1.478E+01 s=[ 0 0 0 0 0 1 1 0 0 0 0 0 0 0 1 1 1 1 1 1 1 0 1 1 1 1 1 1 1 1 1 1 1 1 1 1 ]
d13=6.301492703453 eijMax=5.696E-03 rmsd=1.478E+01 s=[ 0 0 0 1 1 0 0 1 1 1 1 1 1 1 0 0 0 0 0 0 0 1 0 0 0 0 0 0 0 0 0 0 0 0 0 0 ]
d13=6.303349049900 eijMax=4.768E-03 rmsd=1.476E+01 s=[ 0 0 0 0 0 1 1 0 0 0 0 0 0 0 1 1 1 1 1 1 1 0 1 1 1 1 1 1 1 1 1 1 1 1 1 1 ]
d13=6.303349049900 eijMax=8.933E-03 rmsd=1.311E+01 s=[ 0 0 0 0 0 1 1 0 0 0 0 0 1 0 1 1 1 1 1 1 1 1 0 0 0 0 0 0 0 0 0 0 0 0 0 0 ]
d13=6.303349049900 eijMax=8.933E-03 rmsd=1.311E+01 s=[ 0 0 0 1 1 0 0 1 1 1 1 1 0 1 0 0 0 0 0 0 0 0 1 1 1 1 1 1 1 1 1 1 1 1 1 1 ]
d13=6.303349049900 eijMax=4.768E-03 rmsd=1.476E+01 s=[ 0 0 0 1 1 0 0 1 1 1 1 1 1 1 0 0 0 0 0 0 0 1 0 0 0 0 0 0 0 0 0 0 0 0 0 0 ]
d13=6.305205396346 eijMax=3.861E-03 rmsd=1.473E+01 s=[ 0 0 0 0 0 1 1 0 0 0 0 0 0 0 1 1 1 1 1 1 1 0 1 1 1 1 1 1 1 1 1 1 1 1 1 1 ]
d13=6.305205396346 eijMax=6.690E-03 rmsd=1.311E+01 s=[ 0 0 0 0 0 1 1 0 0 0 0 0 1 0 1 1 1 1 1 1 1 1 0 0 0 0 0 0 0 0 0 0 0 0 0 0 ]
d13=6.305205396346 eijMax=6.690E-03 rmsd=1.311E+01 s=[ 0 0 0 1 1 0 0 1 1 1 1 1 0 1 0 0 0 0 0 0 0 0 1 1 1 1 1 1 1 1 1 1 1 1 1 1 ]
d13=6.305205396346 eijMax=3.861E-03 rmsd=1.473E+01 s=[ 0 0 0 1 1 0 0 1 1 1 1 1 1 1 0 0 0 0 0 0 0 1 0 0 0 0 0 0 0 0 0 0 0 0 0 0 ]
d13=6.307061742793 eijMax=2.976E-03 rmsd=1.471E+01 s=[ 0 0 0 0 0 1 1 0 0 0 0 0 0 0 1 1 1 1 1 1 1 0 1 1 1 1 1 1 1 1 1 1 1 1 1 1 ]
d13=6.307061742793 eijMax=4.466E-03 rmsd=1.311E+01 s=[ 0 0 0 0 0 1 1 0 0 0 0 0 1 0 1 1 1 1 1 1 1 1 0 0 0 0 0 0 0 0 0 0 0 0 0 0 ]
d13=6.307061742793 eijMax=4.466E-03 rmsd=1.311E+01 s=[ 0 0 0 1 1 0 0 1 1 1 1 1 0 1 0 0 0 0 0 0 0 0 1 1 1 1 1 1 1 1 1 1 1 1 1 1 ]
d13=6.307061742793 eijMax=2.976E-03 rmsd=1.471E+01 s=[ 0 0 0 1 1 0 0 1 1 1 1 1 1 1 0 0 0 0 0 0 0 1 0 0 0 0 0 0 0 0 0 0 0 0 0 0 ]
d13=6.308918089239 eijMax=2.110E-03 rmsd=1.468E+01 s=[ 0 0 0 0 0 1 1 0 0 0 0 0 0 0 1 1 1 1 1 1 1 0 1 1 1 1 1 1 1 1 1 1 1 1 1 1 ]
d13=6.308918089239 eijMax=2.258E-03 rmsd=1.310E+01 s=[ 0 0 0 0 0 1 1 0 0 0 0 0 1 0 1 1 1 1 1 1 1 1 0 0 0 0 0 0 0 0 0 0 0 0 0 0 ]
d13=6.308918089239 eijMax=2.258E-03 rmsd=1.310E+01 s=[ 0 0 0 1 1 0 0 1 1 1 1 1 0 1 0 0 0 0 0 0 0 0 1 1 1 1 1 1 1 1 1 1 1 1 1 1 ]
d13=6.308918089239 eijMax=2.110E-03 rmsd=1.468E+01 s=[ 0 0 0 1 1 0 0 1 1 1 1 1 1 1 0 0 0 0 0 0 0 1 0 0 0 0 0 0 0 0 0 0 0 0 0 0 ]
d13=6.310774435686 eijMax=1.263E-03 rmsd=1.466E+01 s=[ 0 0 0 0 0 1 1 0 0 0 0 0 0 0 1 1 1 1 1 1 1 0 1 1 1 1 1 1 1 1 1 1 1 1 1 1 ]
d13=6.310774435686 eijMax=6.690E-05 rmsd=1.310E+01 s=[ 0 0 0 0 0 1 1 0 0 0 0 0 1 0 1 1 1 1 1 1 1 1 0 0 0 0 0 0 0 0 0 0 0 0 0 0 ]
d13=6.310774435686 eijMax=6.690E-05 rmsd=1.310E+01 s=[ 0 0 0 1 1 0 0 1 1 1 1 1 0 1 0 0 0 0 0 0 0 0 1 1 1 1 1 1 1 1 1 1 1 1 1 1 ]
d13=6.310774435686 eijMax=1.263E-03 rmsd=1.466E+01 s=[ 0 0 0 1 1 0 0 1 1 1 1 1 1 1 0 0 0 0 0 0 0 1 0 0 0 0 0 0 0 0 0 0 0 0 0 0 ]
d13=6.312630782132 eijMax=4.356E-04 rmsd=1.463E+01 s=[ 0 0 0 0 0 1 1 0 0 0 0 0 0 0 1 1 1 1 1 1 1 0 1 1 1 1 1 1 1 1 1 1 1 1 1 1 ]
d13=6.312630782132 eijMax=2.109E-03 rmsd=1.310E+01 s=[ 0 0 0 0 0 1 1 0 0 0 0 0 1 0 1 1 1 1 1 1 1 1 0 0 0 0 0 0 0 0 0 0 0 0 0 0 ]
d13=6.312630782132 eijMax=2.109E-03 rmsd=1.310E+01 s=[ 0 0 0 1 1 0 0 1 1 1 1 1 0 1 0 0 0 0 0 0 0 0 1 1 1 1 1 1 1 1 1 1 1 1 1 1 ]
d13=6.312630782132 eijMax=4.356E-04 rmsd=1.463E+01 s=[ 0 0 0 1 1 0 0 1 1 1 1 1 1 1 0 0 0 0 0 0 0 1 0 0 0 0 0 0 0 0 0 0 0 0 0 0 ]
d13=6.314487128579 eijMax=3.742E-04 rmsd=1.461E+01 s=[ 0 0 0 0 0 1 1 0 0 0 0 0 0 0 1 1 1 1 1 1 1 0 1 1 1 1 1 1 1 1 1 1 1 1 1 1 ]
d13=6.314487128579 eijMax=4.269E-03 rmsd=1.309E+01 s=[ 0 0 0 0 0 1 1 0 0 0 0 0 1 0 1 1 1 1 1 1 1 1 0 0 0 0 0 0 0 0 0 0 0 0 0 0 ]
d13=6.314487128579 eijMax=4.269E-03 rmsd=1.309E+01 s=[ 0 0 0 1 1 0 0 1 1 1 1 1 0 1 0 0 0 0 0 0 0 0 1 1 1 1 1 1 1 1 1 1 1 1 1 1 ]
d13=6.314487128579 eijMax=3.742E-04 rmsd=1.461E+01 s=[ 0 0 0 1 1 0 0 1 1 1 1 1 1 1 0 0 0 0 0 0 0 1 0 0 0 0 0 0 0 0 0 0 0 0 0 0 ]
d13=6.316343475025 eijMax=1.166E-03 rmsd=1.458E+01 s=[ 0 0 0 0 0 1 1 0 0 0 0 0 0 0 1 1 1 1 1 1 1 0 1 1 1 1 1 1 1 1 1 1 1 1 1 1 ]
d13=6.316343475025 eijMax=6.415E-03 rmsd=1.309E+01 s=[ 0 0 0 0 0 1 1 0 0 0 0 0 1 0 1 1 1 1 1 1 1 1 0 0 0 0 0 0 0 0 0 0 0 0 0 0 ]
d13=6.316343475025 eijMax=6.415E-03 rmsd=1.309E+01 s=[ 0 0 0 1 1 0 0 1 1 1 1 1 0 1 0 0 0 0 0 0 0 0 1 1 1 1 1 1 1 1 1 1 1 1 1 1 ]
d13=6.316343475025 eijMax=1.166E-03 rmsd=1.458E+01 s=[ 0 0 0 1 1 0 0 1 1 1 1 1 1 1 0 0 0 0 0 0 0 1 0 0 0 0 0 0 0 0 0 0 0 0 0 0 ]
d13=6.318199821471 eijMax=1.942E-03 rmsd=1.456E+01 s=[ 0 0 0 0 0 1 1 0 0 0 0 0 0 0 1 1 1 1 1 1 1 0 1 1 1 1 1 1 1 1 1 1 1 1 1 1 ]
d13=6.318199821471 eijMax=8.546E-03 rmsd=1.309E+01 s=[ 0 0 0 0 0 1 1 0 0 0 0 0 1 0 1 1 1 1 1 1 1 1 0 0 0 0 0 0 0 0 0 0 0 0 0 0 ]
d13=6.318199821471 eijMax=8.546E-03 rmsd=1.309E+01 s=[ 0 0 0 1 1 0 0 1 1 1 1 1 0 1 0 0 0 0 0 0 0 0 1 1 1 1 1 1 1 1 1 1 1 1 1 1 ]
d13=6.318199821471 eijMax=1.942E-03 rmsd=1.456E+01 s=[ 0 0 0 1 1 0 0 1 1 1 1 1 1 1 0 0 0 0 0 0 0 1 0 0 0 0 0 0 0 0 0 0 0 0 0 0 ]
d13=6.320056167918 eijMax=2.701E-03 rmsd=1.454E+01 s=[ 0 0 0 0 0 1 1 0 0 0 0 0 0 0 1 1 1 1 1 1 1 0 1 1 1 1 1 1 1 1 1 1 1 1 1 1 ]
d13=6.320056167918 eijMax=2.701E-03 rmsd=1.454E+01 s=[ 0 0 0 1 1 0 0 1 1 1 1 1 1 1 0 0 0 0 0 0 0 1 0 0 0 0 0 0 0 0 0 0 0 0 0 0 ]
d13=6.321912514364 eijMax=3.443E-03 rmsd=1.451E+01 s=[ 0 0 0 0 0 1 1 0 0 0 0 0 0 0 1 1 1 1 1 1 1 0 1 1 1 1 1 1 1 1 1 1 1 1 1 1 ]
d13=6.321912514364 eijMax=3.443E-03 rmsd=1.451E+01 s=[ 0 0 0 1 1 0 0 1 1 1 1 1 1 1 0 0 0 0 0 0 0 1 0 0 0 0 0 0 0 0 0 0 0 0 0 0 ]
d13=6.323768860811 eijMax=4.171E-03 rmsd=1.449E+01 s=[ 0 0 0 0 0 1 1 0 0 0 0 0 0 0 1 1 1 1 1 1 1 0 1 1 1 1 1 1 1 1 1 1 1 1 1 1 ]
d13=6.323768860811 eijMax=4.171E-03 rmsd=1.449E+01 s=[ 0 0 0 1 1 0 0 1 1 1 1 1 1 1 0 0 0 0 0 0 0 1 0 0 0 0 0 0 0 0 0 0 0 0 0 0 ]
d13=6.325625207257 eijMax=4.883E-03 rmsd=1.447E+01 s=[ 0 0 0 0 0 1 1 0 0 0 0 0 0 0 1 1 1 1 1 1 1 0 1 1 1 1 1 1 1 1 1 1 1 1 1 1 ]
d13=6.325625207257 eijMax=4.883E-03 rmsd=1.447E+01 s=[ 0 0 0 1 1 0 0 1 1 1 1 1 1 1 0 0 0 0 0 0 0 1 0 0 0 0 0 0 0 0 0 0 0 0 0 0 ]
d13=6.327481553704 eijMax=5.581E-03 rmsd=1.444E+01 s=[ 0 0 0 0 0 1 1 0 0 0 0 0 0 0 1 1 1 1 1 1 1 0 1 1 1 1 1 1 1 1 1 1 1 1 1 1 ]
d13=6.327481553704 eijMax=5.581E-03 rmsd=1.444E+01 s=[ 0 0 0 1 1 0 0 1 1 1 1 1 1 1 0 0 0 0 0 0 0 1 0 0 0 0 0 0 0 0 0 0 0 0 0 0 ]
d13=6.329337900150 eijMax=6.264E-03 rmsd=1.442E+01 s=[ 0 0 0 0 0 1 1 0 0 0 0 0 0 0 1 1 1 1 1 1 1 0 1 1 1 1 1 1 1 1 1 1 1 1 1 1 ]
d13=6.329337900150 eijMax=6.264E-03 rmsd=1.442E+01 s=[ 0 0 0 1 1 0 0 1 1 1 1 1 1 1 0 0 0 0 0 0 0 1 0 0 0 0 0 0 0 0 0 0 0 0 0 0 ]
d13=6.331194246597 eijMax=6.933E-03 rmsd=1.440E+01 s=[ 0 0 0 0 0 1 1 0 0 0 0 0 0 0 1 1 1 1 1 1 1 0 1 1 1 1 1 1 1 1 1 1 1 1 1 1 ]
d13=6.331194246597 eijMax=6.933E-03 rmsd=1.440E+01 s=[ 0 0 0 1 1 0 0 1 1 1 1 1 1 1 0 0 0 0 0 0 0 1 0 0 0 0 0 0 0 0 0 0 0 0 0 0 ]
d13=6.333050593043 eijMax=7.589E-03 rmsd=1.438E+01 s=[ 0 0 0 0 0 1 1 0 0 0 0 0 0 0 1 1 1 1 1 1 1 0 1 1 1 1 1 1 1 1 1 1 1 1 1 1 ]
d13=6.333050593043 eijMax=7.589E-03 rmsd=1.438E+01 s=[ 0 0 0 1 1 0 0 1 1 1 1 1 1 1 0 0 0 0 0 0 0 1 0 0 0 0 0 0 0 0 0 0 0 0 0 0 ]
d13=6.334906939489 eijMax=8.232E-03 rmsd=1.435E+01 s=[ 0 0 0 0 0 1 1 0 0 0 0 0 0 0 1 1 1 1 1 1 1 0 1 1 1 1 1 1 1 1 1 1 1 1 1 1 ]
d13=6.334906939489 eijMax=8.232E-03 rmsd=1.435E+01 s=[ 0 0 0 1 1 0 0 1 1 1 1 1 1 1 0 0 0 0 0 0 0 1 0 0 0 0 0 0 0 0 0 0 0 0 0 0 ]
d13=6.336763285936 eijMax=8.862E-03 rmsd=1.433E+01 s=[ 0 0 0 0 0 1 1 0 0 0 0 0 0 0 1 1 1 1 1 1 1 0 1 1 1 1 1 1 1 1 1 1 1 1 1 1 ]
d13=6.336763285936 eijMax=8.862E-03 rmsd=1.433E+01 s=[ 0 0 0 1 1 0 0 1 1 1 1 1 1 1 0 0 0 0 0 0 0 1 0 0 0 0 0 0 0 0 0 0 0 0 0 0 ]
d13=6.338619632382 eijMax=9.479E-03 rmsd=1.431E+01 s=[ 0 0 0 0 0 1 1 0 0 0 0 0 0 0 1 1 1 1 1 1 1 0 1 1 1 1 1 1 1 1 1 1 1 1 1 1 ]
d13=6.338619632382 eijMax=9.479E-03 rmsd=1.431E+01 s=[ 0 0 0 1 1 0 0 1 1 1 1 1 1 1 0 0 0 0 0 0 0 1 0 0 0 0 0 0 0 0 0 0 0 0 0 0 ]
d13=6.513116198348 eijMax=8.989E-03 rmsd=1.292E+01 s=[ 0 0 0 0 0 1 1 0 0 0 0 0 1 1 0 0 0 0 0 0 1 0 1 1 1 1 1 1 1 1 1 1 1 1 1 1 ]
d13=6.513116198348 eijMax=8.989E-03 rmsd=1.292E+01 s=[ 0 0 0 1 1 0 0 1 1 1 1 1 0 0 1 1 1 1 1 1 0 1 0 0 0 0 0 0 0 0 0 0 0 0 0 0 ]
d13=6.514972544795 eijMax=7.170E-03 rmsd=1.293E+01 s=[ 0 0 0 0 0 1 1 0 0 0 0 0 1 1 0 0 0 0 0 0 1 0 1 1 1 1 1 1 1 1 1 1 1 1 1 1 ]
d13=6.514972544795 eijMax=5.084E-04 rmsd=1.556E+01 s=[ 0 0 0 0 1 0 0 1 1 1 1 1 1 0 1 1 1 1 1 1 1 1 0 0 0 0 0 0 0 0 0 0 0 0 0 0 ]
d13=6.514972544795 eijMax=5.084E-04 rmsd=1.556E+01 s=[ 0 0 0 1 0 1 1 0 0 0 0 0 0 1 0 0 0 0 0 0 0 0 1 1 1 1 1 1 1 1 1 1 1 1 1 1 ]
d13=6.514972544795 eijMax=7.170E-03 rmsd=1.293E+01 s=[ 0 0 0 1 1 0 0 1 1 1 1 1 0 0 1 1 1 1 1 1 0 1 0 0 0 0 0 0 0 0 0 0 0 0 0 0 ]
d13=6.516828891241 eijMax=5.355E-03 rmsd=1.294E+01 s=[ 0 0 0 0 0 1 1 0 0 0 0 0 1 1 0 0 0 0 0 0 1 0 1 1 1 1 1 1 1 1 1 1 1 1 1 1 ]
d13=6.516828891241 eijMax=6.460E-03 rmsd=1.556E+01 s=[ 0 0 0 0 1 0 0 1 1 1 1 1 1 0 1 1 1 1 1 1 1 1 0 0 0 0 0 0 0 0 0 0 0 0 0 0 ]
d13=6.516828891241 eijMax=6.460E-03 rmsd=1.556E+01 s=[ 0 0 0 1 0 1 1 0 0 0 0 0 0 1 0 0 0 0 0 0 0 0 1 1 1 1 1 1 1 1 1 1 1 1 1 1 ]
d13=6.516828891241 eijMax=5.355E-03 rmsd=1.294E+01 s=[ 0 0 0 1 1 0 0 1 1 1 1 1 0 0 1 1 1 1 1 1 0 1 0 0 0 0 0 0 0 0 0 0 0 0 0 0 ]
d13=6.518685237688 eijMax=3.544E-03 rmsd=1.295E+01 s=[ 0 0 0 0 0 1 1 0 0 0 0 0 1 1 0 0 0 0 0 0 1 0 1 1 1 1 1 1 1 1 1 1 1 1 1 1 ]
d13=6.518685237688 eijMax=3.544E-03 rmsd=1.295E+01 s=[ 0 0 0 1 1 0 0 1 1 1 1 1 0 0 1 1 1 1 1 1 0 1 0 0 0 0 0 0 0 0 0 0 0 0 0 0 ]
d13=6.520541584134 eijMax=1.736E-03 rmsd=1.296E+01 s=[ 0 0 0 0 0 1 1 0 0 0 0 0 1 1 0 0 0 0 0 0 1 0 1 1 1 1 1 1 1 1 1 1 1 1 1 1 ]
d13=6.520541584134 eijMax=1.736E-03 rmsd=1.296E+01 s=[ 0 0 0 1 1 0 0 1 1 1 1 1 0 0 1 1 1 1 1 1 0 1 0 0 0 0 0 0 0 0 0 0 0 0 0 0 ]
d13=6.522397930581 eijMax=6.778E-05 rmsd=1.298E+01 s=[ 0 0 0 0 0 1 1 0 0 0 0 0 1 1 0 0 0 0 0 0 1 0 1 1 1 1 1 1 1 1 1 1 1 1 1 1 ]
d13=6.522397930581 eijMax=6.778E-05 rmsd=1.298E+01 s=[ 0 0 0 1 1 0 0 1 1 1 1 1 0 0 1 1 1 1 1 1 0 1 0 0 0 0 0 0 0 0 0 0 0 0 0 0 ]
d13=6.524254277027 eijMax=1.868E-03 rmsd=1.299E+01 s=[ 0 0 0 0 0 1 1 0 0 0 0 0 1 1 0 0 0 0 0 0 1 0 1 1 1 1 1 1 1 1 1 1 1 1 1 1 ]
d13=6.524254277027 eijMax=1.868E-03 rmsd=1.299E+01 s=[ 0 0 0 1 1 0 0 1 1 1 1 1 0 0 1 1 1 1 1 1 0 1 0 0 0 0 0 0 0 0 0 0 0 0 0 0 ]
d13=6.526110623473 eijMax=3.665E-03 rmsd=1.300E+01 s=[ 0 0 0 0 0 1 1 0 0 0 0 0 1 1 0 0 0 0 0 0 1 0 1 1 1 1 1 1 1 1 1 1 1 1 1 1 ]
d13=6.526110623473 eijMax=3.665E-03 rmsd=1.300E+01 s=[ 0 0 0 1 1 0 0 1 1 1 1 1 0 0 1 1 1 1 1 1 0 1 0 0 0 0 0 0 0 0 0 0 0 0 0 0 ]
d13=6.527966969920 eijMax=5.459E-03 rmsd=1.301E+01 s=[ 0 0 0 0 0 1 1 0 0 0 0 0 1 1 0 0 0 0 0 0 1 0 1 1 1 1 1 1 1 1 1 1 1 1 1 1 ]
d13=6.527966969920 eijMax=5.459E-03 rmsd=1.301E+01 s=[ 0 0 0 1 1 0 0 1 1 1 1 1 0 0 1 1 1 1 1 1 0 1 0 0 0 0 0 0 0 0 0 0 0 0 0 0 ]
d13=6.529823316366 eijMax=7.248E-03 rmsd=1.302E+01 s=[ 0 0 0 0 0 1 1 0 0 0 0 0 1 1 0 0 0 0 0 0 1 0 1 1 1 1 1 1 1 1 1 1 1 1 1 1 ]
d13=6.529823316366 eijMax=7.248E-03 rmsd=1.302E+01 s=[ 0 0 0 1 1 0 0 1 1 1 1 1 0 0 1 1 1 1 1 1 0 1 0 0 0 0 0 0 0 0 0 0 0 0 0 0 ]
d13=6.531679662813 eijMax=9.035E-03 rmsd=1.303E+01 s=[ 0 0 0 0 0 1 1 0 0 0 0 0 1 1 0 0 0 0 0 0 1 0 1 1 1 1 1 1 1 1 1 1 1 1 1 1 ]
d13=6.531679662813 eijMax=9.035E-03 rmsd=1.303E+01 s=[ 0 0 0 1 1 0 0 1 1 1 1 1 0 0 1 1 1 1 1 1 0 1 0 0 0 0 0 0 0 0 0 0 0 0 0 0 ]
d13=6.583657363313 eijMax=9.184E-03 rmsd=1.409E+01 s=[ 0 0 0 0 0 0 0 1 1 1 1 1 0 0 1 1 1 1 1 1 1 0 1 1 1 1 1 1 1 1 1 1 1 1 1 1 ]
d13=6.583657363313 eijMax=9.184E-03 rmsd=1.409E+01 s=[ 0 0 0 1 1 1 1 0 0 0 0 0 1 1 0 0 0 0 0 0 0 1 0 0 0 0 0 0 0 0 0 0 0 0 0 0 ]
d13=6.585513709760 eijMax=6.261E-03 rmsd=1.412E+01 s=[ 0 0 0 0 0 0 0 1 1 1 1 1 0 0 1 1 1 1 1 1 1 0 1 1 1 1 1 1 1 1 1 1 1 1 1 1 ]
d13=6.585513709760 eijMax=6.261E-03 rmsd=1.412E+01 s=[ 0 0 0 1 1 1 1 0 0 0 0 0 1 1 0 0 0 0 0 0 0 1 0 0 0 0 0 0 0 0 0 0 0 0 0 0 ]
d13=6.587370056206 eijMax=3.354E-03 rmsd=1.415E+01 s=[ 0 0 0 0 0 0 0 1 1 1 1 1 0 0 1 1 1 1 1 1 1 0 1 1 1 1 1 1 1 1 1 1 1 1 1 1 ]
d13=6.587370056206 eijMax=3.354E-03 rmsd=1.415E+01 s=[ 0 0 0 1 1 1 1 0 0 0 0 0 1 1 0 0 0 0 0 0 0 1 0 0 0 0 0 0 0 0 0 0 0 0 0 0 ]
d13=6.589226402653 eijMax=4.623E-04 rmsd=1.418E+01 s=[ 0 0 0 0 0 0 0 1 1 1 1 1 0 0 1 1 1 1 1 1 1 0 1 1 1 1 1 1 1 1 1 1 1 1 1 1 ]
d13=6.589226402653 eijMax=4.623E-04 rmsd=1.418E+01 s=[ 0 0 0 1 1 1 1 0 0 0 0 0 1 1 0 0 0 0 0 0 0 1 0 0 0 0 0 0 0 0 0 0 0 0 0 0 ]
d13=6.591082749099 eijMax=2.414E-03 rmsd=1.421E+01 s=[ 0 0 0 0 0 0 0 1 1 1 1 1 0 0 1 1 1 1 1 1 1 0 1 1 1 1 1 1 1 1 1 1 1 1 1 1 ]
d13=6.591082749099 eijMax=2.414E-03 rmsd=1.421E+01 s=[ 0 0 0 1 1 1 1 0 0 0 0 0 1 1 0 0 0 0 0 0 0 1 0 0 0 0 0 0 0 0 0 0 0 0 0 0 ]
d13=6.592939095546 eijMax=5.276E-03 rmsd=1.424E+01 s=[ 0 0 0 0 0 0 0 1 1 1 1 1 0 0 1 1 1 1 1 1 1 0 1 1 1 1 1 1 1 1 1 1 1 1 1 1 ]
d13=6.592939095546 eijMax=5.276E-03 rmsd=1.424E+01 s=[ 0 0 0 1 1 1 1 0 0 0 0 0 1 1 0 0 0 0 0 0 0 1 0 0 0 0 0 0 0 0 0 0 0 0 0 0 ]
d13=6.594795441992 eijMax=8.122E-03 rmsd=1.427E+01 s=[ 0 0 0 0 0 0 0 1 1 1 1 1 0 0 1 1 1 1 1 1 1 0 1 1 1 1 1 1 1 1 1 1 1 1 1 1 ]
d13=6.594795441992 eijMax=8.122E-03 rmsd=1.427E+01 s=[ 0 0 0 1 1 1 1 0 0 0 0 0 1 1 0 0 0 0 0 0 0 1 0 0 0 0 0 0 0 0 0 0 0 0 0 0 ]
d13=6.726596039690 eijMax=9.577E-03 rmsd=1.279E+01 s=[ 0 0 0 0 1 0 0 1 1 1 1 1 1 1 0 0 0 0 0 0 1 0 1 1 1 1 1 1 1 1 1 1 1 1 1 1 ]
d13=6.726596039690 eijMax=9.577E-03 rmsd=1.279E+01 s=[ 0 0 0 1 0 1 1 0 0 0 0 0 0 0 1 1 1 1 1 1 0 1 0 0 0 0 0 0 0 0 0 0 0 0 0 0 ]
d13=6.728452386136 eijMax=7.920E-03 rmsd=1.280E+01 s=[ 0 0 0 0 1 0 0 1 1 1 1 1 1 1 0 0 0 0 0 0 1 0 1 1 1 1 1 1 1 1 1 1 1 1 1 1 ]
d13=6.728452386136 eijMax=7.920E-03 rmsd=1.280E+01 s=[ 0 0 0 1 0 1 1 0 0 0 0 0 0 0 1 1 1 1 1 1 0 1 0 0 0 0 0 0 0 0 0 0 0 0 0 0 ]
d13=6.730308732583 eijMax=6.265E-03 rmsd=1.281E+01 s=[ 0 0 0 0 1 0 0 1 1 1 1 1 1 1 0 0 0 0 0 0 1 0 1 1 1 1 1 1 1 1 1 1 1 1 1 1 ]
d13=6.730308732583 eijMax=6.265E-03 rmsd=1.281E+01 s=[ 0 0 0 1 0 1 1 0 0 0 0 0 0 0 1 1 1 1 1 1 0 1 0 0 0 0 0 0 0 0 0 0 0 0 0 0 ]
d13=6.732165079029 eijMax=4.614E-03 rmsd=1.281E+01 s=[ 0 0 0 0 1 0 0 1 1 1 1 1 1 1 0 0 0 0 0 0 1 0 1 1 1 1 1 1 1 1 1 1 1 1 1 1 ]
d13=6.732165079029 eijMax=4.614E-03 rmsd=1.281E+01 s=[ 0 0 0 1 0 1 1 0 0 0 0 0 0 0 1 1 1 1 1 1 0 1 0 0 0 0 0 0 0 0 0 0 0 0 0 0 ]
d13=6.734021425475 eijMax=2.965E-03 rmsd=1.282E+01 s=[ 0 0 0 0 1 0 0 1 1 1 1 1 1 1 0 0 0 0 0 0 1 0 1 1 1 1 1 1 1 1 1 1 1 1 1 1 ]
d13=6.734021425475 eijMax=2.965E-03 rmsd=1.282E+01 s=[ 0 0 0 1 0 1 1 0 0 0 0 0 0 0 1 1 1 1 1 1 0 1 0 0 0 0 0 0 0 0 0 0 0 0 0 0 ]
d13=6.735877771922 eijMax=1.319E-03 rmsd=1.283E+01 s=[ 0 0 0 0 1 0 0 1 1 1 1 1 1 1 0 0 0 0 0 0 1 0 1 1 1 1 1 1 1 1 1 1 1 1 1 1 ]
d13=6.735877771922 eijMax=1.319E-03 rmsd=1.283E+01 s=[ 0 0 0 1 0 1 1 0 0 0 0 0 0 0 1 1 1 1 1 1 0 1 0 0 0 0 0 0 0 0 0 0 0 0 0 0 ]
d13=6.737734118368 eijMax=3.243E-04 rmsd=1.283E+01 s=[ 0 0 0 0 1 0 0 1 1 1 1 1 1 1 0 0 0 0 0 0 1 0 1 1 1 1 1 1 1 1 1 1 1 1 1 1 ]
d13=6.737734118368 eijMax=3.243E-04 rmsd=1.283E+01 s=[ 0 0 0 1 0 1 1 0 0 0 0 0 0 0 1 1 1 1 1 1 0 1 0 0 0 0 0 0 0 0 0 0 0 0 0 0 ]
d13=6.739590464815 eijMax=1.965E-03 rmsd=1.284E+01 s=[ 0 0 0 0 1 0 0 1 1 1 1 1 1 1 0 0 0 0 0 0 1 0 1 1 1 1 1 1 1 1 1 1 1 1 1 1 ]
d13=6.739590464815 eijMax=1.965E-03 rmsd=1.284E+01 s=[ 0 0 0 1 0 1 1 0 0 0 0 0 0 0 1 1 1 1 1 1 0 1 0 0 0 0 0 0 0 0 0 0 0 0 0 0 ]
d13=6.741446811261 eijMax=3.603E-03 rmsd=1.285E+01 s=[ 0 0 0 0 1 0 0 1 1 1 1 1 1 1 0 0 0 0 0 0 1 0 1 1 1 1 1 1 1 1 1 1 1 1 1 1 ]
d13=6.741446811261 eijMax=3.603E-03 rmsd=1.285E+01 s=[ 0 0 0 1 0 1 1 0 0 0 0 0 0 0 1 1 1 1 1 1 0 1 0 0 0 0 0 0 0 0 0 0 0 0 0 0 ]
d13=6.743303157708 eijMax=5.238E-03 rmsd=1.285E+01 s=[ 0 0 0 0 1 0 0 1 1 1 1 1 1 1 0 0 0 0 0 0 1 0 1 1 1 1 1 1 1 1 1 1 1 1 1 1 ]
d13=6.743303157708 eijMax=5.238E-03 rmsd=1.285E+01 s=[ 0 0 0 1 0 1 1 0 0 0 0 0 0 0 1 1 1 1 1 1 0 1 0 0 0 0 0 0 0 0 0 0 0 0 0 0 ]
d13=6.745159504154 eijMax=6.870E-03 rmsd=1.286E+01 s=[ 0 0 0 0 1 0 0 1 1 1 1 1 1 1 0 0 0 0 0 0 1 0 1 1 1 1 1 1 1 1 1 1 1 1 1 1 ]
d13=6.745159504154 eijMax=6.870E-03 rmsd=1.286E+01 s=[ 0 0 0 1 0 1 1 0 0 0 0 0 0 0 1 1 1 1 1 1 0 1 0 0 0 0 0 0 0 0 0 0 0 0 0 0 ]
d13=6.747015850601 eijMax=8.500E-03 rmsd=1.287E+01 s=[ 0 0 0 0 1 0 0 1 1 1 1 1 1 1 0 0 0 0 0 0 1 0 1 1 1 1 1 1 1 1 1 1 1 1 1 1 ]
d13=6.747015850601 eijMax=8.500E-03 rmsd=1.287E+01 s=[ 0 0 0 1 0 1 1 0 0 0 0 0 0 0 1 1 1 1 1 1 0 1 0 0 0 0 0 0 0 0 0 0 0 0 0 0 ]
d13=6.778573740190 eijMax=8.733E-03 rmsd=1.176E+01 s=[ 0 0 0 0 0 0 0 1 1 1 1 1 0 0 1 1 1 1 1 1 1 1 0 0 0 0 0 0 0 0 0 0 0 0 0 0 ]
d13=6.778573740190 eijMax=8.733E-03 rmsd=1.176E+01 s=[ 0 0 0 1 1 1 1 0 0 0 0 0 1 1 0 0 0 0 0 0 0 0 1 1 1 1 1 1 1 1 1 1 1 1 1 1 ]
d13=6.780430086637 eijMax=6.485E-03 rmsd=1.178E+01 s=[ 0 0 0 0 0 0 0 1 1 1 1 1 0 0 1 1 1 1 1 1 1 1 0 0 0 0 0 0 0 0 0 0 0 0 0 0 ]
d13=6.780430086637 eijMax=6.485E-03 rmsd=1.178E+01 s=[ 0 0 0 1 1 1 1 0 0 0 0 0 1 1 0 0 0 0 0 0 0 0 1 1 1 1 1 1 1 1 1 1 1 1 1 1 ]
d13=6.782286433083 eijMax=4.238E-03 rmsd=1.179E+01 s=[ 0 0 0 0 0 0 0 1 1 1 1 1 0 0 1 1 1 1 1 1 1 1 0 0 0 0 0 0 0 0 0 0 0 0 0 0 ]
d13=6.782286433083 eijMax=4.238E-03 rmsd=1.179E+01 s=[ 0 0 0 1 1 1 1 0 0 0 0 0 1 1 0 0 0 0 0 0 0 0 1 1 1 1 1 1 1 1 1 1 1 1 1 1 ]
d13=6.784142779530 eijMax=1.991E-03 rmsd=1.180E+01 s=[ 0 0 0 0 0 0 0 1 1 1 1 1 0 0 1 1 1 1 1 1 1 1 0 0 0 0 0 0 0 0 0 0 0 0 0 0 ]
d13=6.784142779530 eijMax=1.991E-03 rmsd=1.180E+01 s=[ 0 0 0 1 1 1 1 0 0 0 0 0 1 1 0 0 0 0 0 0 0 0 1 1 1 1 1 1 1 1 1 1 1 1 1 1 ]
d13=6.785999125976 eijMax=2.548E-04 rmsd=1.182E+01 s=[ 0 0 0 0 0 0 0 1 1 1 1 1 0 0 1 1 1 1 1 1 1 1 0 0 0 0 0 0 0 0 0 0 0 0 0 0 ]
d13=6.785999125976 eijMax=2.548E-04 rmsd=1.182E+01 s=[ 0 0 0 1 1 1 1 0 0 0 0 0 1 1 0 0 0 0 0 0 0 0 1 1 1 1 1 1 1 1 1 1 1 1 1 1 ]
d13=6.787855472422 eijMax=2.500E-03 rmsd=1.183E+01 s=[ 0 0 0 0 0 0 0 1 1 1 1 1 0 0 1 1 1 1 1 1 1 1 0 0 0 0 0 0 0 0 0 0 0 0 0 0 ]
d13=6.787855472422 eijMax=2.500E-03 rmsd=1.183E+01 s=[ 0 0 0 1 1 1 1 0 0 0 0 0 1 1 0 0 0 0 0 0 0 0 1 1 1 1 1 1 1 1 1 1 1 1 1 1 ]
d13=6.789711818869 eijMax=4.745E-03 rmsd=1.185E+01 s=[ 0 0 0 0 0 0 0 1 1 1 1 1 0 0 1 1 1 1 1 1 1 1 0 0 0 0 0 0 0 0 0 0 0 0 0 0 ]
d13=6.789711818869 eijMax=4.745E-03 rmsd=1.185E+01 s=[ 0 0 0 1 1 1 1 0 0 0 0 0 1 1 0 0 0 0 0 0 0 0 1 1 1 1 1 1 1 1 1 1 1 1 1 1 ]
d13=6.791568165315 eijMax=6.990E-03 rmsd=1.186E+01 s=[ 0 0 0 0 0 0 0 1 1 1 1 1 0 0 1 1 1 1 1 1 1 1 0 0 0 0 0 0 0 0 0 0 0 0 0 0 ]
d13=6.791568165315 eijMax=6.990E-03 rmsd=1.186E+01 s=[ 0 0 0 1 1 1 1 0 0 0 0 0 1 1 0 0 0 0 0 0 0 0 1 1 1 1 1 1 1 1 1 1 1 1 1 1 ]
d13=6.793424511762 eijMax=9.233E-03 rmsd=1.187E+01 s=[ 0 0 0 0 0 0 0 1 1 1 1 1 0 0 1 1 1 1 1 1 1 1 0 0 0 0 0 0 0 0 0 0 0 0 0 0 ]
d13=6.793424511762 eijMax=8.349E-03 rmsd=9.959E+00 s=[ 0 0 0 0 0 1 1 0 0 0 0 0 1 1 0 0 0 0 0 0 1 1 0 0 0 0 0 0 0 0 0 0 0 0 0 0 ]
d13=6.793424511762 eijMax=8.349E-03 rmsd=9.959E+00 s=[ 0 0 0 1 1 0 0 1 1 1 1 1 0 0 1 1 1 1 1 1 0 0 1 1 1 1 1 1 1 1 1 1 1 1 1 1 ]
d13=6.793424511762 eijMax=9.233E-03 rmsd=1.187E+01 s=[ 0 0 0 1 1 1 1 0 0 0 0 0 1 1 0 0 0 0 0 0 0 0 1 1 1 1 1 1 1 1 1 1 1 1 1 1 ]
d13=6.795280858208 eijMax=6.576E-03 rmsd=9.956E+00 s=[ 0 0 0 0 0 1 1 0 0 0 0 0 1 1 0 0 0 0 0 0 1 1 0 0 0 0 0 0 0 0 0 0 0 0 0 0 ]
d13=6.795280858208 eijMax=6.576E-03 rmsd=9.956E+00 s=[ 0 0 0 1 1 0 0 1 1 1 1 1 0 0 1 1 1 1 1 1 0 0 1 1 1 1 1 1 1 1 1 1 1 1 1 1 ]
d13=6.797137204655 eijMax=4.801E-03 rmsd=9.953E+00 s=[ 0 0 0 0 0 1 1 0 0 0 0 0 1 1 0 0 0 0 0 0 1 1 0 0 0 0 0 0 0 0 0 0 0 0 0 0 ]
d13=6.797137204655 eijMax=4.801E-03 rmsd=9.953E+00 s=[ 0 0 0 1 1 0 0 1 1 1 1 1 0 0 1 1 1 1 1 1 0 0 1 1 1 1 1 1 1 1 1 1 1 1 1 1 ]
d13=6.798993551101 eijMax=3.022E-03 rmsd=9.950E+00 s=[ 0 0 0 0 0 1 1 0 0 0 0 0 1 1 0 0 0 0 0 0 1 1 0 0 0 0 0 0 0 0 0 0 0 0 0 0 ]
d13=6.798993551101 eijMax=3.022E-03 rmsd=9.950E+00 s=[ 0 0 0 1 1 0 0 1 1 1 1 1 0 0 1 1 1 1 1 1 0 0 1 1 1 1 1 1 1 1 1 1 1 1 1 1 ]
d13=6.800849897548 eijMax=1.241E-03 rmsd=9.948E+00 s=[ 0 0 0 0 0 1 1 0 0 0 0 0 1 1 0 0 0 0 0 0 1 1 0 0 0 0 0 0 0 0 0 0 0 0 0 0 ]
d13=6.800849897548 eijMax=1.241E-03 rmsd=9.948E+00 s=[ 0 0 0 1 1 0 0 1 1 1 1 1 0 0 1 1 1 1 1 1 0 0 1 1 1 1 1 1 1 1 1 1 1 1 1 1 ]
d13=6.802706243994 eijMax=5.441E-04 rmsd=9.945E+00 s=[ 0 0 0 0 0 1 1 0 0 0 0 0 1 1 0 0 0 0 0 0 1 1 0 0 0 0 0 0 0 0 0 0 0 0 0 0 ]
d13=6.802706243994 eijMax=5.441E-04 rmsd=9.945E+00 s=[ 0 0 0 1 1 0 0 1 1 1 1 1 0 0 1 1 1 1 1 1 0 0 1 1 1 1 1 1 1 1 1 1 1 1 1 1 ]
d13=6.804562590440 eijMax=2.332E-03 rmsd=9.943E+00 s=[ 0 0 0 0 0 1 1 0 0 0 0 0 1 1 0 0 0 0 0 0 1 1 0 0 0 0 0 0 0 0 0 0 0 0 0 0 ]
d13=6.804562590440 eijMax=2.332E-03 rmsd=9.943E+00 s=[ 0 0 0 1 1 0 0 1 1 1 1 1 0 0 1 1 1 1 1 1 0 0 1 1 1 1 1 1 1 1 1 1 1 1 1 1 ]
d13=6.806418936887 eijMax=4.122E-03 rmsd=9.940E+00 s=[ 0 0 0 0 0 1 1 0 0 0 0 0 1 1 0 0 0 0 0 0 1 1 0 0 0 0 0 0 0 0 0 0 0 0 0 0 ]
d13=6.806418936887 eijMax=4.122E-03 rmsd=9.940E+00 s=[ 0 0 0 1 1 0 0 1 1 1 1 1 0 0 1 1 1 1 1 1 0 0 1 1 1 1 1 1 1 1 1 1 1 1 1 1 ]
d13=6.808275283333 eijMax=5.916E-03 rmsd=9.938E+00 s=[ 0 0 0 0 0 1 1 0 0 0 0 0 1 1 0 0 0 0 0 0 1 1 0 0 0 0 0 0 0 0 0 0 0 0 0 0 ]
d13=6.808275283333 eijMax=5.916E-03 rmsd=9.938E+00 s=[ 0 0 0 1 1 0 0 1 1 1 1 1 0 0 1 1 1 1 1 1 0 0 1 1 1 1 1 1 1 1 1 1 1 1 1 1 ]
d13=6.810131629780 eijMax=7.713E-03 rmsd=9.936E+00 s=[ 0 0 0 0 0 1 1 0 0 0 0 0 1 1 0 0 0 0 0 0 1 1 0 0 0 0 0 0 0 0 0 0 0 0 0 0 ]
d13=6.810131629780 eijMax=7.713E-03 rmsd=9.936E+00 s=[ 0 0 0 1 1 0 0 1 1 1 1 1 0 0 1 1 1 1 1 1 0 0 1 1 1 1 1 1 1 1 1 1 1 1 1 1 ]
d13=6.811987976226 eijMax=9.513E-03 rmsd=9.933E+00 s=[ 0 0 0 0 0 1 1 0 0 0 0 0 1 1 0 0 0 0 0 0 1 1 0 0 0 0 0 0 0 0 0 0 0 0 0 0 ]
d13=6.811987976226 eijMax=9.513E-03 rmsd=9.933E+00 s=[ 0 0 0 1 1 0 0 1 1 1 1 1 0 0 1 1 1 1 1 1 0 0 1 1 1 1 1 1 1 1 1 1 1 1 1 1 ]
d13=6.819413362012 eijMax=9.857E-03 rmsd=1.058E+01 s=[ 0 0 0 0 0 1 1 0 0 0 0 0 0 0 1 1 1 1 1 1 1 0 1 1 1 1 1 1 1 1 1 1 1 1 1 1 ]
d13=6.819413362012 eijMax=9.857E-03 rmsd=1.058E+01 s=[ 0 0 0 1 1 0 0 1 1 1 1 1 1 1 0 0 0 0 0 0 0 1 0 0 0 0 0 0 0 0 0 0 0 0 0 0 ]
d13=6.821269708458 eijMax=9.578E-03 rmsd=1.057E+01 s=[ 0 0 0 0 0 1 1 0 0 0 0 0 0 0 1 1 1 1 1 1 1 0 1 1 1 1 1 1 1 1 1 1 1 1 1 1 ]
d13=6.821269708458 eijMax=9.578E-03 rmsd=1.057E+01 s=[ 0 0 0 1 1 0 0 1 1 1 1 1 1 1 0 0 0 0 0 0 0 1 0 0 0 0 0 0 0 0 0 0 0 0 0 0 ]
d13=6.823126054905 eijMax=9.298E-03 rmsd=1.056E+01 s=[ 0 0 0 0 0 1 1 0 0 0 0 0 0 0 1 1 1 1 1 1 1 0 1 1 1 1 1 1 1 1 1 1 1 1 1 1 ]
d13=6.823126054905 eijMax=9.298E-03 rmsd=1.056E+01 s=[ 0 0 0 1 1 0 0 1 1 1 1 1 1 1 0 0 0 0 0 0 0 1 0 0 0 0 0 0 0 0 0 0 0 0 0 0 ]
d13=6.824982401351 eijMax=9.017E-03 rmsd=1.055E+01 s=[ 0 0 0 0 0 1 1 0 0 0 0 0 0 0 1 1 1 1 1 1 1 0 1 1 1 1 1 1 1 1 1 1 1 1 1 1 ]
d13=6.824982401351 eijMax=9.017E-03 rmsd=1.055E+01 s=[ 0 0 0 1 1 0 0 1 1 1 1 1 1 1 0 0 0 0 0 0 0 1 0 0 0 0 0 0 0 0 0 0 0 0 0 0 ]
d13=6.826838747798 eijMax=8.734E-03 rmsd=1.054E+01 s=[ 0 0 0 0 0 1 1 0 0 0 0 0 0 0 1 1 1 1 1 1 1 0 1 1 1 1 1 1 1 1 1 1 1 1 1 1 ]
d13=6.826838747798 eijMax=8.734E-03 rmsd=1.054E+01 s=[ 0 0 0 1 1 0 0 1 1 1 1 1 1 1 0 0 0 0 0 0 0 1 0 0 0 0 0 0 0 0 0 0 0 0 0 0 ]
d13=6.828695094244 eijMax=8.451E-03 rmsd=1.053E+01 s=[ 0 0 0 0 0 1 1 0 0 0 0 0 0 0 1 1 1 1 1 1 1 0 1 1 1 1 1 1 1 1 1 1 1 1 1 1 ]
d13=6.828695094244 eijMax=9.621E-03 rmsd=1.477E+01 s=[ 0 0 0 0 1 0 0 1 1 1 1 1 0 0 1 1 1 1 1 1 1 1 0 0 0 0 0 0 0 0 0 0 0 0 0 0 ]
d13=6.828695094244 eijMax=9.621E-03 rmsd=1.477E+01 s=[ 0 0 0 1 0 1 1 0 0 0 0 0 1 1 0 0 0 0 0 0 0 0 1 1 1 1 1 1 1 1 1 1 1 1 1 1 ]
d13=6.828695094244 eijMax=8.451E-03 rmsd=1.053E+01 s=[ 0 0 0 1 1 0 0 1 1 1 1 1 1 1 0 0 0 0 0 0 0 1 0 0 0 0 0 0 0 0 0 0 0 0 0 0 ]
d13=6.830551440691 eijMax=8.167E-03 rmsd=1.052E+01 s=[ 0 0 0 0 0 1 1 0 0 0 0 0 0 0 1 1 1 1 1 1 1 0 1 1 1 1 1 1 1 1 1 1 1 1 1 1 ]
d13=6.830551440691 eijMax=9.200E-03 rmsd=1.476E+01 s=[ 0 0 0 0 1 0 0 1 1 1 1 1 0 0 1 1 1 1 1 1 1 1 0 0 0 0 0 0 0 0 0 0 0 0 0 0 ]
d13=6.830551440691 eijMax=9.200E-03 rmsd=1.476E+01 s=[ 0 0 0 1 0 1 1 0 0 0 0 0 1 1 0 0 0 0 0 0 0 0 1 1 1 1 1 1 1 1 1 1 1 1 1 1 ]
d13=6.830551440691 eijMax=8.167E-03 rmsd=1.052E+01 s=[ 0 0 0 1 1 0 0 1 1 1 1 1 1 1 0 0 0 0 0 0 0 1 0 0 0 0 0 0 0 0 0 0 0 0 0 0 ]
d13=6.832407787137 eijMax=7.881E-03 rmsd=1.051E+01 s=[ 0 0 0 0 0 1 1 0 0 0 0 0 0 0 1 1 1 1 1 1 1 0 1 1 1 1 1 1 1 1 1 1 1 1 1 1 ]
d13=6.832407787137 eijMax=8.779E-03 rmsd=1.476E+01 s=[ 0 0 0 0 1 0 0 1 1 1 1 1 0 0 1 1 1 1 1 1 1 1 0 0 0 0 0 0 0 0 0 0 0 0 0 0 ]
d13=6.832407787137 eijMax=8.779E-03 rmsd=1.476E+01 s=[ 0 0 0 1 0 1 1 0 0 0 0 0 1 1 0 0 0 0 0 0 0 0 1 1 1 1 1 1 1 1 1 1 1 1 1 1 ]
d13=6.832407787137 eijMax=7.881E-03 rmsd=1.051E+01 s=[ 0 0 0 1 1 0 0 1 1 1 1 1 1 1 0 0 0 0 0 0 0 1 0 0 0 0 0 0 0 0 0 0 0 0 0 0 ]
d13=6.834264133584 eijMax=7.595E-03 rmsd=1.050E+01 s=[ 0 0 0 0 0 1 1 0 0 0 0 0 0 0 1 1 1 1 1 1 1 0 1 1 1 1 1 1 1 1 1 1 1 1 1 1 ]
d13=6.834264133584 eijMax=8.356E-03 rmsd=1.476E+01 s=[ 0 0 0 0 1 0 0 1 1 1 1 1 0 0 1 1 1 1 1 1 1 1 0 0 0 0 0 0 0 0 0 0 0 0 0 0 ]
d13=6.834264133584 eijMax=8.356E-03 rmsd=1.476E+01 s=[ 0 0 0 1 0 1 1 0 0 0 0 0 1 1 0 0 0 0 0 0 0 0 1 1 1 1 1 1 1 1 1 1 1 1 1 1 ]
d13=6.834264133584 eijMax=7.595E-03 rmsd=1.050E+01 s=[ 0 0 0 1 1 0 0 1 1 1 1 1 1 1 0 0 0 0 0 0 0 1 0 0 0 0 0 0 0 0 0 0 0 0 0 0 ]
d13=6.836120480030 eijMax=7.307E-03 rmsd=1.049E+01 s=[ 0 0 0 0 0 1 1 0 0 0 0 0 0 0 1 1 1 1 1 1 1 0 1 1 1 1 1 1 1 1 1 1 1 1 1 1 ]
d13=6.836120480030 eijMax=7.932E-03 rmsd=1.475E+01 s=[ 0 0 0 0 1 0 0 1 1 1 1 1 0 0 1 1 1 1 1 1 1 1 0 0 0 0 0 0 0 0 0 0 0 0 0 0 ]
d13=6.836120480030 eijMax=7.932E-03 rmsd=1.475E+01 s=[ 0 0 0 1 0 1 1 0 0 0 0 0 1 1 0 0 0 0 0 0 0 0 1 1 1 1 1 1 1 1 1 1 1 1 1 1 ]
d13=6.836120480030 eijMax=7.307E-03 rmsd=1.049E+01 s=[ 0 0 0 1 1 0 0 1 1 1 1 1 1 1 0 0 0 0 0 0 0 1 0 0 0 0 0 0 0 0 0 0 0 0 0 0 ]
d13=6.837976826476 eijMax=7.018E-03 rmsd=1.048E+01 s=[ 0 0 0 0 0 1 1 0 0 0 0 0 0 0 1 1 1 1 1 1 1 0 1 1 1 1 1 1 1 1 1 1 1 1 1 1 ]
d13=6.837976826476 eijMax=7.507E-03 rmsd=1.475E+01 s=[ 0 0 0 0 1 0 0 1 1 1 1 1 0 0 1 1 1 1 1 1 1 1 0 0 0 0 0 0 0 0 0 0 0 0 0 0 ]
d13=6.837976826476 eijMax=7.507E-03 rmsd=1.475E+01 s=[ 0 0 0 1 0 1 1 0 0 0 0 0 1 1 0 0 0 0 0 0 0 0 1 1 1 1 1 1 1 1 1 1 1 1 1 1 ]
d13=6.837976826476 eijMax=7.018E-03 rmsd=1.048E+01 s=[ 0 0 0 1 1 0 0 1 1 1 1 1 1 1 0 0 0 0 0 0 0 1 0 0 0 0 0 0 0 0 0 0 0 0 0 0 ]
d13=6.839833172923 eijMax=6.729E-03 rmsd=1.047E+01 s=[ 0 0 0 0 0 1 1 0 0 0 0 0 0 0 1 1 1 1 1 1 1 0 1 1 1 1 1 1 1 1 1 1 1 1 1 1 ]
d13=6.839833172923 eijMax=7.080E-03 rmsd=1.474E+01 s=[ 0 0 0 0 1 0 0 1 1 1 1 1 0 0 1 1 1 1 1 1 1 1 0 0 0 0 0 0 0 0 0 0 0 0 0 0 ]
d13=6.839833172923 eijMax=7.080E-03 rmsd=1.474E+01 s=[ 0 0 0 1 0 1 1 0 0 0 0 0 1 1 0 0 0 0 0 0 0 0 1 1 1 1 1 1 1 1 1 1 1 1 1 1 ]
d13=6.839833172923 eijMax=6.729E-03 rmsd=1.047E+01 s=[ 0 0 0 1 1 0 0 1 1 1 1 1 1 1 0 0 0 0 0 0 0 1 0 0 0 0 0 0 0 0 0 0 0 0 0 0 ]
d13=6.841689519369 eijMax=6.438E-03 rmsd=1.046E+01 s=[ 0 0 0 0 0 1 1 0 0 0 0 0 0 0 1 1 1 1 1 1 1 0 1 1 1 1 1 1 1 1 1 1 1 1 1 1 ]
d13=6.841689519369 eijMax=6.653E-03 rmsd=1.474E+01 s=[ 0 0 0 0 1 0 0 1 1 1 1 1 0 0 1 1 1 1 1 1 1 1 0 0 0 0 0 0 0 0 0 0 0 0 0 0 ]
d13=6.841689519369 eijMax=6.653E-03 rmsd=1.474E+01 s=[ 0 0 0 1 0 1 1 0 0 0 0 0 1 1 0 0 0 0 0 0 0 0 1 1 1 1 1 1 1 1 1 1 1 1 1 1 ]
d13=6.841689519369 eijMax=6.438E-03 rmsd=1.046E+01 s=[ 0 0 0 1 1 0 0 1 1 1 1 1 1 1 0 0 0 0 0 0 0 1 0 0 0 0 0 0 0 0 0 0 0 0 0 0 ]
d13=6.843545865816 eijMax=6.146E-03 rmsd=1.045E+01 s=[ 0 0 0 0 0 1 1 0 0 0 0 0 0 0 1 1 1 1 1 1 1 0 1 1 1 1 1 1 1 1 1 1 1 1 1 1 ]
d13=6.843545865816 eijMax=6.223E-03 rmsd=1.474E+01 s=[ 0 0 0 0 1 0 0 1 1 1 1 1 0 0 1 1 1 1 1 1 1 1 0 0 0 0 0 0 0 0 0 0 0 0 0 0 ]
d13=6.843545865816 eijMax=6.223E-03 rmsd=1.474E+01 s=[ 0 0 0 1 0 1 1 0 0 0 0 0 1 1 0 0 0 0 0 0 0 0 1 1 1 1 1 1 1 1 1 1 1 1 1 1 ]
d13=6.843545865816 eijMax=6.146E-03 rmsd=1.045E+01 s=[ 0 0 0 1 1 0 0 1 1 1 1 1 1 1 0 0 0 0 0 0 0 1 0 0 0 0 0 0 0 0 0 0 0 0 0 0 ]
d13=6.845402212262 eijMax=5.854E-03 rmsd=1.044E+01 s=[ 0 0 0 0 0 1 1 0 0 0 0 0 0 0 1 1 1 1 1 1 1 0 1 1 1 1 1 1 1 1 1 1 1 1 1 1 ]
d13=6.845402212262 eijMax=5.793E-03 rmsd=1.473E+01 s=[ 0 0 0 0 1 0 0 1 1 1 1 1 0 0 1 1 1 1 1 1 1 1 0 0 0 0 0 0 0 0 0 0 0 0 0 0 ]
d13=6.845402212262 eijMax=5.793E-03 rmsd=1.473E+01 s=[ 0 0 0 1 0 1 1 0 0 0 0 0 1 1 0 0 0 0 0 0 0 0 1 1 1 1 1 1 1 1 1 1 1 1 1 1 ]
d13=6.845402212262 eijMax=5.854E-03 rmsd=1.044E+01 s=[ 0 0 0 1 1 0 0 1 1 1 1 1 1 1 0 0 0 0 0 0 0 1 0 0 0 0 0 0 0 0 0 0 0 0 0 0 ]
d13=6.847258558709 eijMax=5.560E-03 rmsd=1.043E+01 s=[ 0 0 0 0 0 1 1 0 0 0 0 0 0 0 1 1 1 1 1 1 1 0 1 1 1 1 1 1 1 1 1 1 1 1 1 1 ]
d13=6.847258558709 eijMax=5.362E-03 rmsd=1.473E+01 s=[ 0 0 0 0 1 0 0 1 1 1 1 1 0 0 1 1 1 1 1 1 1 1 0 0 0 0 0 0 0 0 0 0 0 0 0 0 ]
d13=6.847258558709 eijMax=5.362E-03 rmsd=1.473E+01 s=[ 0 0 0 1 0 1 1 0 0 0 0 0 1 1 0 0 0 0 0 0 0 0 1 1 1 1 1 1 1 1 1 1 1 1 1 1 ]
d13=6.847258558709 eijMax=5.560E-03 rmsd=1.043E+01 s=[ 0 0 0 1 1 0 0 1 1 1 1 1 1 1 0 0 0 0 0 0 0 1 0 0 0 0 0 0 0 0 0 0 0 0 0 0 ]
d13=6.849114905155 eijMax=5.265E-03 rmsd=1.042E+01 s=[ 0 0 0 0 0 1 1 0 0 0 0 0 0 0 1 1 1 1 1 1 1 0 1 1 1 1 1 1 1 1 1 1 1 1 1 1 ]
d13=6.849114905155 eijMax=4.929E-03 rmsd=1.472E+01 s=[ 0 0 0 0 1 0 0 1 1 1 1 1 0 0 1 1 1 1 1 1 1 1 0 0 0 0 0 0 0 0 0 0 0 0 0 0 ]
d13=6.849114905155 eijMax=4.929E-03 rmsd=1.472E+01 s=[ 0 0 0 1 0 1 1 0 0 0 0 0 1 1 0 0 0 0 0 0 0 0 1 1 1 1 1 1 1 1 1 1 1 1 1 1 ]
d13=6.849114905155 eijMax=5.265E-03 rmsd=1.042E+01 s=[ 0 0 0 1 1 0 0 1 1 1 1 1 1 1 0 0 0 0 0 0 0 1 0 0 0 0 0 0 0 0 0 0 0 0 0 0 ]
d13=6.850971251602 eijMax=4.969E-03 rmsd=1.041E+01 s=[ 0 0 0 0 0 1 1 0 0 0 0 0 0 0 1 1 1 1 1 1 1 0 1 1 1 1 1 1 1 1 1 1 1 1 1 1 ]
d13=6.850971251602 eijMax=4.495E-03 rmsd=1.472E+01 s=[ 0 0 0 0 1 0 0 1 1 1 1 1 0 0 1 1 1 1 1 1 1 1 0 0 0 0 0 0 0 0 0 0 0 0 0 0 ]
d13=6.850971251602 eijMax=4.495E-03 rmsd=1.472E+01 s=[ 0 0 0 1 0 1 1 0 0 0 0 0 1 1 0 0 0 0 0 0 0 0 1 1 1 1 1 1 1 1 1 1 1 1 1 1 ]
d13=6.850971251602 eijMax=4.969E-03 rmsd=1.041E+01 s=[ 0 0 0 1 1 0 0 1 1 1 1 1 1 1 0 0 0 0 0 0 0 1 0 0 0 0 0 0 0 0 0 0 0 0 0 0 ]
d13=6.852827598048 eijMax=4.673E-03 rmsd=1.040E+01 s=[ 0 0 0 0 0 1 1 0 0 0 0 0 0 0 1 1 1 1 1 1 1 0 1 1 1 1 1 1 1 1 1 1 1 1 1 1 ]
d13=6.852827598048 eijMax=4.059E-03 rmsd=1.472E+01 s=[ 0 0 0 0 1 0 0 1 1 1 1 1 0 0 1 1 1 1 1 1 1 1 0 0 0 0 0 0 0 0 0 0 0 0 0 0 ]
d13=6.852827598048 eijMax=4.059E-03 rmsd=1.472E+01 s=[ 0 0 0 1 0 1 1 0 0 0 0 0 1 1 0 0 0 0 0 0 0 0 1 1 1 1 1 1 1 1 1 1 1 1 1 1 ]
d13=6.852827598048 eijMax=4.673E-03 rmsd=1.040E+01 s=[ 0 0 0 1 1 0 0 1 1 1 1 1 1 1 0 0 0 0 0 0 0 1 0 0 0 0 0 0 0 0 0 0 0 0 0 0 ]
d13=6.854683944494 eijMax=4.375E-03 rmsd=1.039E+01 s=[ 0 0 0 0 0 1 1 0 0 0 0 0 0 0 1 1 1 1 1 1 1 0 1 1 1 1 1 1 1 1 1 1 1 1 1 1 ]
d13=6.854683944494 eijMax=3.623E-03 rmsd=1.471E+01 s=[ 0 0 0 0 1 0 0 1 1 1 1 1 0 0 1 1 1 1 1 1 1 1 0 0 0 0 0 0 0 0 0 0 0 0 0 0 ]
d13=6.854683944494 eijMax=3.623E-03 rmsd=1.471E+01 s=[ 0 0 0 1 0 1 1 0 0 0 0 0 1 1 0 0 0 0 0 0 0 0 1 1 1 1 1 1 1 1 1 1 1 1 1 1 ]
d13=6.854683944494 eijMax=4.375E-03 rmsd=1.039E+01 s=[ 0 0 0 1 1 0 0 1 1 1 1 1 1 1 0 0 0 0 0 0 0 1 0 0 0 0 0 0 0 0 0 0 0 0 0 0 ]
d13=6.856540290941 eijMax=4.076E-03 rmsd=1.038E+01 s=[ 0 0 0 0 0 1 1 0 0 0 0 0 0 0 1 1 1 1 1 1 1 0 1 1 1 1 1 1 1 1 1 1 1 1 1 1 ]
d13=6.856540290941 eijMax=3.185E-03 rmsd=1.471E+01 s=[ 0 0 0 0 1 0 0 1 1 1 1 1 0 0 1 1 1 1 1 1 1 1 0 0 0 0 0 0 0 0 0 0 0 0 0 0 ]
d13=6.856540290941 eijMax=3.185E-03 rmsd=1.471E+01 s=[ 0 0 0 1 0 1 1 0 0 0 0 0 1 1 0 0 0 0 0 0 0 0 1 1 1 1 1 1 1 1 1 1 1 1 1 1 ]
d13=6.856540290941 eijMax=4.076E-03 rmsd=1.038E+01 s=[ 0 0 0 1 1 0 0 1 1 1 1 1 1 1 0 0 0 0 0 0 0 1 0 0 0 0 0 0 0 0 0 0 0 0 0 0 ]
d13=6.858396637387 eijMax=3.777E-03 rmsd=1.037E+01 s=[ 0 0 0 0 0 1 1 0 0 0 0 0 0 0 1 1 1 1 1 1 1 0 1 1 1 1 1 1 1 1 1 1 1 1 1 1 ]
d13=6.858396637387 eijMax=2.746E-03 rmsd=1.470E+01 s=[ 0 0 0 0 1 0 0 1 1 1 1 1 0 0 1 1 1 1 1 1 1 1 0 0 0 0 0 0 0 0 0 0 0 0 0 0 ]
d13=6.858396637387 eijMax=2.746E-03 rmsd=1.470E+01 s=[ 0 0 0 1 0 1 1 0 0 0 0 0 1 1 0 0 0 0 0 0 0 0 1 1 1 1 1 1 1 1 1 1 1 1 1 1 ]
d13=6.858396637387 eijMax=3.777E-03 rmsd=1.037E+01 s=[ 0 0 0 1 1 0 0 1 1 1 1 1 1 1 0 0 0 0 0 0 0 1 0 0 0 0 0 0 0 0 0 0 0 0 0 0 ]
d13=6.860252983834 eijMax=3.476E-03 rmsd=1.036E+01 s=[ 0 0 0 0 0 1 1 0 0 0 0 0 0 0 1 1 1 1 1 1 1 0 1 1 1 1 1 1 1 1 1 1 1 1 1 1 ]
d13=6.860252983834 eijMax=2.306E-03 rmsd=1.470E+01 s=[ 0 0 0 0 1 0 0 1 1 1 1 1 0 0 1 1 1 1 1 1 1 1 0 0 0 0 0 0 0 0 0 0 0 0 0 0 ]
d13=6.860252983834 eijMax=2.306E-03 rmsd=1.470E+01 s=[ 0 0 0 1 0 1 1 0 0 0 0 0 1 1 0 0 0 0 0 0 0 0 1 1 1 1 1 1 1 1 1 1 1 1 1 1 ]
d13=6.860252983834 eijMax=3.476E-03 rmsd=1.036E+01 s=[ 0 0 0 1 1 0 0 1 1 1 1 1 1 1 0 0 0 0 0 0 0 1 0 0 0 0 0 0 0 0 0 0 0 0 0 0 ]
d13=6.862109330280 eijMax=3.174E-03 rmsd=1.035E+01 s=[ 0 0 0 0 0 1 1 0 0 0 0 0 0 0 1 1 1 1 1 1 1 0 1 1 1 1 1 1 1 1 1 1 1 1 1 1 ]
d13=6.862109330280 eijMax=1.865E-03 rmsd=1.469E+01 s=[ 0 0 0 0 1 0 0 1 1 1 1 1 0 0 1 1 1 1 1 1 1 1 0 0 0 0 0 0 0 0 0 0 0 0 0 0 ]
d13=6.862109330280 eijMax=1.865E-03 rmsd=1.469E+01 s=[ 0 0 0 1 0 1 1 0 0 0 0 0 1 1 0 0 0 0 0 0 0 0 1 1 1 1 1 1 1 1 1 1 1 1 1 1 ]
d13=6.862109330280 eijMax=3.174E-03 rmsd=1.035E+01 s=[ 0 0 0 1 1 0 0 1 1 1 1 1 1 1 0 0 0 0 0 0 0 1 0 0 0 0 0 0 0 0 0 0 0 0 0 0 ]
d13=6.863965676727 eijMax=2.872E-03 rmsd=1.033E+01 s=[ 0 0 0 0 0 1 1 0 0 0 0 0 0 0 1 1 1 1 1 1 1 0 1 1 1 1 1 1 1 1 1 1 1 1 1 1 ]
d13=6.863965676727 eijMax=1.423E-03 rmsd=1.469E+01 s=[ 0 0 0 0 1 0 0 1 1 1 1 1 0 0 1 1 1 1 1 1 1 1 0 0 0 0 0 0 0 0 0 0 0 0 0 0 ]
d13=6.863965676727 eijMax=1.423E-03 rmsd=1.469E+01 s=[ 0 0 0 1 0 1 1 0 0 0 0 0 1 1 0 0 0 0 0 0 0 0 1 1 1 1 1 1 1 1 1 1 1 1 1 1 ]
d13=6.863965676727 eijMax=2.872E-03 rmsd=1.033E+01 s=[ 0 0 0 1 1 0 0 1 1 1 1 1 1 1 0 0 0 0 0 0 0 1 0 0 0 0 0 0 0 0 0 0 0 0 0 0 ]
d13=6.865822023173 eijMax=2.569E-03 rmsd=1.032E+01 s=[ 0 0 0 0 0 1 1 0 0 0 0 0 0 0 1 1 1 1 1 1 1 0 1 1 1 1 1 1 1 1 1 1 1 1 1 1 ]
d13=6.865822023173 eijMax=9.792E-04 rmsd=1.469E+01 s=[ 0 0 0 0 1 0 0 1 1 1 1 1 0 0 1 1 1 1 1 1 1 1 0 0 0 0 0 0 0 0 0 0 0 0 0 0 ]
d13=6.865822023173 eijMax=9.792E-04 rmsd=1.469E+01 s=[ 0 0 0 1 0 1 1 0 0 0 0 0 1 1 0 0 0 0 0 0 0 0 1 1 1 1 1 1 1 1 1 1 1 1 1 1 ]
d13=6.865822023173 eijMax=2.569E-03 rmsd=1.032E+01 s=[ 0 0 0 1 1 0 0 1 1 1 1 1 1 1 0 0 0 0 0 0 0 1 0 0 0 0 0 0 0 0 0 0 0 0 0 0 ]
d13=6.867678369620 eijMax=2.264E-03 rmsd=1.031E+01 s=[ 0 0 0 0 0 1 1 0 0 0 0 0 0 0 1 1 1 1 1 1 1 0 1 1 1 1 1 1 1 1 1 1 1 1 1 1 ]
d13=6.867678369620 eijMax=5.345E-04 rmsd=1.468E+01 s=[ 0 0 0 0 1 0 0 1 1 1 1 1 0 0 1 1 1 1 1 1 1 1 0 0 0 0 0 0 0 0 0 0 0 0 0 0 ]
d13=6.867678369620 eijMax=5.345E-04 rmsd=1.468E+01 s=[ 0 0 0 1 0 1 1 0 0 0 0 0 1 1 0 0 0 0 0 0 0 0 1 1 1 1 1 1 1 1 1 1 1 1 1 1 ]
d13=6.867678369620 eijMax=2.264E-03 rmsd=1.031E+01 s=[ 0 0 0 1 1 0 0 1 1 1 1 1 1 1 0 0 0 0 0 0 0 1 0 0 0 0 0 0 0 0 0 0 0 0 0 0 ]
d13=6.869534716066 eijMax=1.959E-03 rmsd=1.030E+01 s=[ 0 0 0 0 0 1 1 0 0 0 0 0 0 0 1 1 1 1 1 1 1 0 1 1 1 1 1 1 1 1 1 1 1 1 1 1 ]
d13=6.869534716066 eijMax=8.870E-05 rmsd=1.468E+01 s=[ 0 0 0 0 1 0 0 1 1 1 1 1 0 0 1 1 1 1 1 1 1 1 0 0 0 0 0 0 0 0 0 0 0 0 0 0 ]
d13=6.869534716066 eijMax=8.870E-05 rmsd=1.468E+01 s=[ 0 0 0 1 0 1 1 0 0 0 0 0 1 1 0 0 0 0 0 0 0 0 1 1 1 1 1 1 1 1 1 1 1 1 1 1 ]
d13=6.869534716066 eijMax=1.959E-03 rmsd=1.030E+01 s=[ 0 0 0 1 1 0 0 1 1 1 1 1 1 1 0 0 0 0 0 0 0 1 0 0 0 0 0 0 0 0 0 0 0 0 0 0 ]
d13=6.871391062513 eijMax=1.653E-03 rmsd=1.029E+01 s=[ 0 0 0 0 0 1 1 0 0 0 0 0 0 0 1 1 1 1 1 1 1 0 1 1 1 1 1 1 1 1 1 1 1 1 1 1 ]
d13=6.871391062513 eijMax=3.583E-04 rmsd=1.467E+01 s=[ 0 0 0 0 1 0 0 1 1 1 1 1 0 0 1 1 1 1 1 1 1 1 0 0 0 0 0 0 0 0 0 0 0 0 0 0 ]
d13=6.871391062513 eijMax=3.583E-04 rmsd=1.467E+01 s=[ 0 0 0 1 0 1 1 0 0 0 0 0 1 1 0 0 0 0 0 0 0 0 1 1 1 1 1 1 1 1 1 1 1 1 1 1 ]
d13=6.871391062513 eijMax=1.653E-03 rmsd=1.029E+01 s=[ 0 0 0 1 1 0 0 1 1 1 1 1 1 1 0 0 0 0 0 0 0 1 0 0 0 0 0 0 0 0 0 0 0 0 0 0 ]
d13=6.873247408959 eijMax=1.346E-03 rmsd=1.028E+01 s=[ 0 0 0 0 0 1 1 0 0 0 0 0 0 0 1 1 1 1 1 1 1 0 1 1 1 1 1 1 1 1 1 1 1 1 1 1 ]
d13=6.873247408959 eijMax=8.063E-04 rmsd=1.467E+01 s=[ 0 0 0 0 1 0 0 1 1 1 1 1 0 0 1 1 1 1 1 1 1 1 0 0 0 0 0 0 0 0 0 0 0 0 0 0 ]
d13=6.873247408959 eijMax=8.063E-04 rmsd=1.467E+01 s=[ 0 0 0 1 0 1 1 0 0 0 0 0 1 1 0 0 0 0 0 0 0 0 1 1 1 1 1 1 1 1 1 1 1 1 1 1 ]
d13=6.873247408959 eijMax=1.346E-03 rmsd=1.028E+01 s=[ 0 0 0 1 1 0 0 1 1 1 1 1 1 1 0 0 0 0 0 0 0 1 0 0 0 0 0 0 0 0 0 0 0 0 0 0 ]
d13=6.875103755405 eijMax=1.038E-03 rmsd=1.027E+01 s=[ 0 0 0 0 0 1 1 0 0 0 0 0 0 0 1 1 1 1 1 1 1 0 1 1 1 1 1 1 1 1 1 1 1 1 1 1 ]
d13=6.875103755405 eijMax=1.256E-03 rmsd=1.467E+01 s=[ 0 0 0 0 1 0 0 1 1 1 1 1 0 0 1 1 1 1 1 1 1 1 0 0 0 0 0 0 0 0 0 0 0 0 0 0 ]
d13=6.875103755405 eijMax=1.256E-03 rmsd=1.467E+01 s=[ 0 0 0 1 0 1 1 0 0 0 0 0 1 1 0 0 0 0 0 0 0 0 1 1 1 1 1 1 1 1 1 1 1 1 1 1 ]
d13=6.875103755405 eijMax=1.038E-03 rmsd=1.027E+01 s=[ 0 0 0 1 1 0 0 1 1 1 1 1 1 1 0 0 0 0 0 0 0 1 0 0 0 0 0 0 0 0 0 0 0 0 0 0 ]
d13=6.876960101852 eijMax=7.288E-04 rmsd=1.026E+01 s=[ 0 0 0 0 0 1 1 0 0 0 0 0 0 0 1 1 1 1 1 1 1 0 1 1 1 1 1 1 1 1 1 1 1 1 1 1 ]
d13=6.876960101852 eijMax=1.706E-03 rmsd=1.466E+01 s=[ 0 0 0 0 1 0 0 1 1 1 1 1 0 0 1 1 1 1 1 1 1 1 0 0 0 0 0 0 0 0 0 0 0 0 0 0 ]
d13=6.876960101852 eijMax=1.706E-03 rmsd=1.466E+01 s=[ 0 0 0 1 0 1 1 0 0 0 0 0 1 1 0 0 0 0 0 0 0 0 1 1 1 1 1 1 1 1 1 1 1 1 1 1 ]
d13=6.876960101852 eijMax=7.288E-04 rmsd=1.026E+01 s=[ 0 0 0 1 1 0 0 1 1 1 1 1 1 1 0 0 0 0 0 0 0 1 0 0 0 0 0 0 0 0 0 0 0 0 0 0 ]
d13=6.878816448298 eijMax=4.190E-04 rmsd=1.025E+01 s=[ 0 0 0 0 0 1 1 0 0 0 0 0 0 0 1 1 1 1 1 1 1 0 1 1 1 1 1 1 1 1 1 1 1 1 1 1 ]
d13=6.878816448298 eijMax=2.157E-03 rmsd=1.466E+01 s=[ 0 0 0 0 1 0 0 1 1 1 1 1 0 0 1 1 1 1 1 1 1 1 0 0 0 0 0 0 0 0 0 0 0 0 0 0 ]
d13=6.878816448298 eijMax=2.157E-03 rmsd=1.466E+01 s=[ 0 0 0 1 0 1 1 0 0 0 0 0 1 1 0 0 0 0 0 0 0 0 1 1 1 1 1 1 1 1 1 1 1 1 1 1 ]
d13=6.878816448298 eijMax=4.190E-04 rmsd=1.025E+01 s=[ 0 0 0 1 1 0 0 1 1 1 1 1 1 1 0 0 0 0 0 0 0 1 0 0 0 0 0 0 0 0 0 0 0 0 0 0 ]
d13=6.880672794745 eijMax=1.083E-04 rmsd=1.024E+01 s=[ 0 0 0 0 0 1 1 0 0 0 0 0 0 0 1 1 1 1 1 1 1 0 1 1 1 1 1 1 1 1 1 1 1 1 1 1 ]
d13=6.880672794745 eijMax=2.610E-03 rmsd=1.465E+01 s=[ 0 0 0 0 1 0 0 1 1 1 1 1 0 0 1 1 1 1 1 1 1 1 0 0 0 0 0 0 0 0 0 0 0 0 0 0 ]
d13=6.880672794745 eijMax=2.610E-03 rmsd=1.465E+01 s=[ 0 0 0 1 0 1 1 0 0 0 0 0 1 1 0 0 0 0 0 0 0 0 1 1 1 1 1 1 1 1 1 1 1 1 1 1 ]
d13=6.880672794745 eijMax=1.083E-04 rmsd=1.024E+01 s=[ 0 0 0 1 1 0 0 1 1 1 1 1 1 1 0 0 0 0 0 0 0 1 0 0 0 0 0 0 0 0 0 0 0 0 0 0 ]
d13=6.882529141191 eijMax=2.032E-04 rmsd=1.023E+01 s=[ 0 0 0 0 0 1 1 0 0 0 0 0 0 0 1 1 1 1 1 1 1 0 1 1 1 1 1 1 1 1 1 1 1 1 1 1 ]
d13=6.882529141191 eijMax=3.063E-03 rmsd=1.465E+01 s=[ 0 0 0 0 1 0 0 1 1 1 1 1 0 0 1 1 1 1 1 1 1 1 0 0 0 0 0 0 0 0 0 0 0 0 0 0 ]
d13=6.882529141191 eijMax=3.063E-03 rmsd=1.465E+01 s=[ 0 0 0 1 0 1 1 0 0 0 0 0 1 1 0 0 0 0 0 0 0 0 1 1 1 1 1 1 1 1 1 1 1 1 1 1 ]
d13=6.882529141191 eijMax=2.032E-04 rmsd=1.023E+01 s=[ 0 0 0 1 1 0 0 1 1 1 1 1 1 1 0 0 0 0 0 0 0 1 0 0 0 0 0 0 0 0 0 0 0 0 0 0 ]
d13=6.884385487638 eijMax=5.156E-04 rmsd=1.022E+01 s=[ 0 0 0 0 0 1 1 0 0 0 0 0 0 0 1 1 1 1 1 1 1 0 1 1 1 1 1 1 1 1 1 1 1 1 1 1 ]
d13=6.884385487638 eijMax=3.518E-03 rmsd=1.464E+01 s=[ 0 0 0 0 1 0 0 1 1 1 1 1 0 0 1 1 1 1 1 1 1 1 0 0 0 0 0 0 0 0 0 0 0 0 0 0 ]
d13=6.884385487638 eijMax=3.518E-03 rmsd=1.464E+01 s=[ 0 0 0 1 0 1 1 0 0 0 0 0 1 1 0 0 0 0 0 0 0 0 1 1 1 1 1 1 1 1 1 1 1 1 1 1 ]
d13=6.884385487638 eijMax=5.156E-04 rmsd=1.022E+01 s=[ 0 0 0 1 1 0 0 1 1 1 1 1 1 1 0 0 0 0 0 0 0 1 0 0 0 0 0 0 0 0 0 0 0 0 0 0 ]
d13=6.886241834084 eijMax=8.288E-04 rmsd=1.021E+01 s=[ 0 0 0 0 0 1 1 0 0 0 0 0 0 0 1 1 1 1 1 1 1 0 1 1 1 1 1 1 1 1 1 1 1 1 1 1 ]
d13=6.886241834084 eijMax=3.974E-03 rmsd=1.464E+01 s=[ 0 0 0 0 1 0 0 1 1 1 1 1 0 0 1 1 1 1 1 1 1 1 0 0 0 0 0 0 0 0 0 0 0 0 0 0 ]
d13=6.886241834084 eijMax=3.974E-03 rmsd=1.464E+01 s=[ 0 0 0 1 0 1 1 0 0 0 0 0 1 1 0 0 0 0 0 0 0 0 1 1 1 1 1 1 1 1 1 1 1 1 1 1 ]
d13=6.886241834084 eijMax=8.288E-04 rmsd=1.021E+01 s=[ 0 0 0 1 1 0 0 1 1 1 1 1 1 1 0 0 0 0 0 0 0 1 0 0 0 0 0 0 0 0 0 0 0 0 0 0 ]
d13=6.888098180531 eijMax=1.143E-03 rmsd=1.020E+01 s=[ 0 0 0 0 0 1 1 0 0 0 0 0 0 0 1 1 1 1 1 1 1 0 1 1 1 1 1 1 1 1 1 1 1 1 1 1 ]
d13=6.888098180531 eijMax=4.431E-03 rmsd=1.464E+01 s=[ 0 0 0 0 1 0 0 1 1 1 1 1 0 0 1 1 1 1 1 1 1 1 0 0 0 0 0 0 0 0 0 0 0 0 0 0 ]
d13=6.888098180531 eijMax=4.431E-03 rmsd=1.464E+01 s=[ 0 0 0 1 0 1 1 0 0 0 0 0 1 1 0 0 0 0 0 0 0 0 1 1 1 1 1 1 1 1 1 1 1 1 1 1 ]
d13=6.888098180531 eijMax=1.143E-03 rmsd=1.020E+01 s=[ 0 0 0 1 1 0 0 1 1 1 1 1 1 1 0 0 0 0 0 0 0 1 0 0 0 0 0 0 0 0 0 0 0 0 0 0 ]
d13=6.889954526977 eijMax=1.458E-03 rmsd=1.019E+01 s=[ 0 0 0 0 0 1 1 0 0 0 0 0 0 0 1 1 1 1 1 1 1 0 1 1 1 1 1 1 1 1 1 1 1 1 1 1 ]
d13=6.889954526977 eijMax=4.889E-03 rmsd=1.463E+01 s=[ 0 0 0 0 1 0 0 1 1 1 1 1 0 0 1 1 1 1 1 1 1 1 0 0 0 0 0 0 0 0 0 0 0 0 0 0 ]
d13=6.889954526977 eijMax=4.889E-03 rmsd=1.463E+01 s=[ 0 0 0 1 0 1 1 0 0 0 0 0 1 1 0 0 0 0 0 0 0 0 1 1 1 1 1 1 1 1 1 1 1 1 1 1 ]
d13=6.889954526977 eijMax=1.458E-03 rmsd=1.019E+01 s=[ 0 0 0 1 1 0 0 1 1 1 1 1 1 1 0 0 0 0 0 0 0 1 0 0 0 0 0 0 0 0 0 0 0 0 0 0 ]
d13=6.891810873423 eijMax=1.774E-03 rmsd=1.018E+01 s=[ 0 0 0 0 0 1 1 0 0 0 0 0 0 0 1 1 1 1 1 1 1 0 1 1 1 1 1 1 1 1 1 1 1 1 1 1 ]
d13=6.891810873423 eijMax=5.348E-03 rmsd=1.463E+01 s=[ 0 0 0 0 1 0 0 1 1 1 1 1 0 0 1 1 1 1 1 1 1 1 0 0 0 0 0 0 0 0 0 0 0 0 0 0 ]
d13=6.891810873423 eijMax=5.348E-03 rmsd=1.463E+01 s=[ 0 0 0 1 0 1 1 0 0 0 0 0 1 1 0 0 0 0 0 0 0 0 1 1 1 1 1 1 1 1 1 1 1 1 1 1 ]
d13=6.891810873423 eijMax=1.774E-03 rmsd=1.018E+01 s=[ 0 0 0 1 1 0 0 1 1 1 1 1 1 1 0 0 0 0 0 0 0 1 0 0 0 0 0 0 0 0 0 0 0 0 0 0 ]
d13=6.893667219870 eijMax=2.090E-03 rmsd=1.017E+01 s=[ 0 0 0 0 0 1 1 0 0 0 0 0 0 0 1 1 1 1 1 1 1 0 1 1 1 1 1 1 1 1 1 1 1 1 1 1 ]
d13=6.893667219870 eijMax=5.808E-03 rmsd=1.462E+01 s=[ 0 0 0 0 1 0 0 1 1 1 1 1 0 0 1 1 1 1 1 1 1 1 0 0 0 0 0 0 0 0 0 0 0 0 0 0 ]
d13=6.893667219870 eijMax=5.808E-03 rmsd=1.462E+01 s=[ 0 0 0 1 0 1 1 0 0 0 0 0 1 1 0 0 0 0 0 0 0 0 1 1 1 1 1 1 1 1 1 1 1 1 1 1 ]
d13=6.893667219870 eijMax=2.090E-03 rmsd=1.017E+01 s=[ 0 0 0 1 1 0 0 1 1 1 1 1 1 1 0 0 0 0 0 0 0 1 0 0 0 0 0 0 0 0 0 0 0 0 0 0 ]
d13=6.895523566316 eijMax=2.407E-03 rmsd=1.016E+01 s=[ 0 0 0 0 0 1 1 0 0 0 0 0 0 0 1 1 1 1 1 1 1 0 1 1 1 1 1 1 1 1 1 1 1 1 1 1 ]
d13=6.895523566316 eijMax=6.269E-03 rmsd=1.462E+01 s=[ 0 0 0 0 1 0 0 1 1 1 1 1 0 0 1 1 1 1 1 1 1 1 0 0 0 0 0 0 0 0 0 0 0 0 0 0 ]
d13=6.895523566316 eijMax=6.269E-03 rmsd=1.462E+01 s=[ 0 0 0 1 0 1 1 0 0 0 0 0 1 1 0 0 0 0 0 0 0 0 1 1 1 1 1 1 1 1 1 1 1 1 1 1 ]
d13=6.895523566316 eijMax=2.407E-03 rmsd=1.016E+01 s=[ 0 0 0 1 1 0 0 1 1 1 1 1 1 1 0 0 0 0 0 0 0 1 0 0 0 0 0 0 0 0 0 0 0 0 0 0 ]
d13=6.897379912763 eijMax=2.726E-03 rmsd=1.015E+01 s=[ 0 0 0 0 0 1 1 0 0 0 0 0 0 0 1 1 1 1 1 1 1 0 1 1 1 1 1 1 1 1 1 1 1 1 1 1 ]
d13=6.897379912763 eijMax=6.731E-03 rmsd=1.461E+01 s=[ 0 0 0 0 1 0 0 1 1 1 1 1 0 0 1 1 1 1 1 1 1 1 0 0 0 0 0 0 0 0 0 0 0 0 0 0 ]
d13=6.897379912763 eijMax=6.731E-03 rmsd=1.461E+01 s=[ 0 0 0 1 0 1 1 0 0 0 0 0 1 1 0 0 0 0 0 0 0 0 1 1 1 1 1 1 1 1 1 1 1 1 1 1 ]
d13=6.897379912763 eijMax=2.726E-03 rmsd=1.015E+01 s=[ 0 0 0 1 1 0 0 1 1 1 1 1 1 1 0 0 0 0 0 0 0 1 0 0 0 0 0 0 0 0 0 0 0 0 0 0 ]
d13=6.899236259209 eijMax=3.045E-03 rmsd=1.014E+01 s=[ 0 0 0 0 0 1 1 0 0 0 0 0 0 0 1 1 1 1 1 1 1 0 1 1 1 1 1 1 1 1 1 1 1 1 1 1 ]
d13=6.899236259209 eijMax=7.194E-03 rmsd=1.461E+01 s=[ 0 0 0 0 1 0 0 1 1 1 1 1 0 0 1 1 1 1 1 1 1 1 0 0 0 0 0 0 0 0 0 0 0 0 0 0 ]
d13=6.899236259209 eijMax=7.194E-03 rmsd=1.461E+01 s=[ 0 0 0 1 0 1 1 0 0 0 0 0 1 1 0 0 0 0 0 0 0 0 1 1 1 1 1 1 1 1 1 1 1 1 1 1 ]
d13=6.899236259209 eijMax=3.045E-03 rmsd=1.014E+01 s=[ 0 0 0 1 1 0 0 1 1 1 1 1 1 1 0 0 0 0 0 0 0 1 0 0 0 0 0 0 0 0 0 0 0 0 0 0 ]
d13=6.901092605656 eijMax=3.364E-03 rmsd=1.013E+01 s=[ 0 0 0 0 0 1 1 0 0 0 0 0 0 0 1 1 1 1 1 1 1 0 1 1 1 1 1 1 1 1 1 1 1 1 1 1 ]
d13=6.901092605656 eijMax=7.658E-03 rmsd=1.461E+01 s=[ 0 0 0 0 1 0 0 1 1 1 1 1 0 0 1 1 1 1 1 1 1 1 0 0 0 0 0 0 0 0 0 0 0 0 0 0 ]
d13=6.901092605656 eijMax=7.658E-03 rmsd=1.461E+01 s=[ 0 0 0 1 0 1 1 0 0 0 0 0 1 1 0 0 0 0 0 0 0 0 1 1 1 1 1 1 1 1 1 1 1 1 1 1 ]
d13=6.901092605656 eijMax=3.364E-03 rmsd=1.013E+01 s=[ 0 0 0 1 1 0 0 1 1 1 1 1 1 1 0 0 0 0 0 0 0 1 0 0 0 0 0 0 0 0 0 0 0 0 0 0 ]
d13=6.902948952102 eijMax=3.685E-03 rmsd=1.012E+01 s=[ 0 0 0 0 0 1 1 0 0 0 0 0 0 0 1 1 1 1 1 1 1 0 1 1 1 1 1 1 1 1 1 1 1 1 1 1 ]
d13=6.902948952102 eijMax=8.123E-03 rmsd=1.460E+01 s=[ 0 0 0 0 1 0 0 1 1 1 1 1 0 0 1 1 1 1 1 1 1 1 0 0 0 0 0 0 0 0 0 0 0 0 0 0 ]
d13=6.902948952102 eijMax=8.123E-03 rmsd=1.460E+01 s=[ 0 0 0 1 0 1 1 0 0 0 0 0 1 1 0 0 0 0 0 0 0 0 1 1 1 1 1 1 1 1 1 1 1 1 1 1 ]
d13=6.902948952102 eijMax=3.685E-03 rmsd=1.012E+01 s=[ 0 0 0 1 1 0 0 1 1 1 1 1 1 1 0 0 0 0 0 0 0 1 0 0 0 0 0 0 0 0 0 0 0 0 0 0 ]
d13=6.904805298549 eijMax=4.006E-03 rmsd=1.011E+01 s=[ 0 0 0 0 0 1 1 0 0 0 0 0 0 0 1 1 1 1 1 1 1 0 1 1 1 1 1 1 1 1 1 1 1 1 1 1 ]
d13=6.904805298549 eijMax=8.589E-03 rmsd=1.460E+01 s=[ 0 0 0 0 1 0 0 1 1 1 1 1 0 0 1 1 1 1 1 1 1 1 0 0 0 0 0 0 0 0 0 0 0 0 0 0 ]
d13=6.904805298549 eijMax=8.589E-03 rmsd=1.460E+01 s=[ 0 0 0 1 0 1 1 0 0 0 0 0 1 1 0 0 0 0 0 0 0 0 1 1 1 1 1 1 1 1 1 1 1 1 1 1 ]
d13=6.904805298549 eijMax=4.006E-03 rmsd=1.011E+01 s=[ 0 0 0 1 1 0 0 1 1 1 1 1 1 1 0 0 0 0 0 0 0 1 0 0 0 0 0 0 0 0 0 0 0 0 0 0 ]
d13=6.906661644995 eijMax=4.328E-03 rmsd=1.010E+01 s=[ 0 0 0 0 0 1 1 0 0 0 0 0 0 0 1 1 1 1 1 1 1 0 1 1 1 1 1 1 1 1 1 1 1 1 1 1 ]
d13=6.906661644995 eijMax=9.056E-03 rmsd=1.459E+01 s=[ 0 0 0 0 1 0 0 1 1 1 1 1 0 0 1 1 1 1 1 1 1 1 0 0 0 0 0 0 0 0 0 0 0 0 0 0 ]
d13=6.906661644995 eijMax=9.056E-03 rmsd=1.459E+01 s=[ 0 0 0 1 0 1 1 0 0 0 0 0 1 1 0 0 0 0 0 0 0 0 1 1 1 1 1 1 1 1 1 1 1 1 1 1 ]
d13=6.906661644995 eijMax=4.328E-03 rmsd=1.010E+01 s=[ 0 0 0 1 1 0 0 1 1 1 1 1 1 1 0 0 0 0 0 0 0 1 0 0 0 0 0 0 0 0 0 0 0 0 0 0 ]
d13=6.908517991441 eijMax=4.651E-03 rmsd=1.009E+01 s=[ 0 0 0 0 0 1 1 0 0 0 0 0 0 0 1 1 1 1 1 1 1 0 1 1 1 1 1 1 1 1 1 1 1 1 1 1 ]
d13=6.908517991441 eijMax=9.524E-03 rmsd=1.459E+01 s=[ 0 0 0 0 1 0 0 1 1 1 1 1 0 0 1 1 1 1 1 1 1 1 0 0 0 0 0 0 0 0 0 0 0 0 0 0 ]
d13=6.908517991441 eijMax=9.524E-03 rmsd=1.459E+01 s=[ 0 0 0 1 0 1 1 0 0 0 0 0 1 1 0 0 0 0 0 0 0 0 1 1 1 1 1 1 1 1 1 1 1 1 1 1 ]
d13=6.908517991441 eijMax=4.651E-03 rmsd=1.009E+01 s=[ 0 0 0 1 1 0 0 1 1 1 1 1 1 1 0 0 0 0 0 0 0 1 0 0 0 0 0 0 0 0 0 0 0 0 0 0 ]
d13=6.910374337888 eijMax=4.975E-03 rmsd=1.008E+01 s=[ 0 0 0 0 0 1 1 0 0 0 0 0 0 0 1 1 1 1 1 1 1 0 1 1 1 1 1 1 1 1 1 1 1 1 1 1 ]
d13=6.910374337888 eijMax=9.994E-03 rmsd=1.458E+01 s=[ 0 0 0 0 1 0 0 1 1 1 1 1 0 0 1 1 1 1 1 1 1 1 0 0 0 0 0 0 0 0 0 0 0 0 0 0 ]
d13=6.910374337888 eijMax=9.994E-03 rmsd=1.458E+01 s=[ 0 0 0 1 0 1 1 0 0 0 0 0 1 1 0 0 0 0 0 0 0 0 1 1 1 1 1 1 1 1 1 1 1 1 1 1 ]
d13=6.910374337888 eijMax=4.975E-03 rmsd=1.008E+01 s=[ 0 0 0 1 1 0 0 1 1 1 1 1 1 1 0 0 0 0 0 0 0 1 0 0 0 0 0 0 0 0 0 0 0 0 0 0 ]
d13=6.912230684334 eijMax=5.299E-03 rmsd=1.007E+01 s=[ 0 0 0 0 0 1 1 0 0 0 0 0 0 0 1 1 1 1 1 1 1 0 1 1 1 1 1 1 1 1 1 1 1 1 1 1 ]
d13=6.912230684334 eijMax=5.299E-03 rmsd=1.007E+01 s=[ 0 0 0 1 1 0 0 1 1 1 1 1 1 1 0 0 0 0 0 0 0 1 0 0 0 0 0 0 0 0 0 0 0 0 0 0 ]
d13=6.914087030781 eijMax=5.624E-03 rmsd=1.006E+01 s=[ 0 0 0 0 0 1 1 0 0 0 0 0 0 0 1 1 1 1 1 1 1 0 1 1 1 1 1 1 1 1 1 1 1 1 1 1 ]
d13=6.914087030781 eijMax=5.624E-03 rmsd=1.006E+01 s=[ 0 0 0 1 1 0 0 1 1 1 1 1 1 1 0 0 0 0 0 0 0 1 0 0 0 0 0 0 0 0 0 0 0 0 0 0 ]
d13=6.915943377227 eijMax=5.950E-03 rmsd=1.005E+01 s=[ 0 0 0 0 0 1 1 0 0 0 0 0 0 0 1 1 1 1 1 1 1 0 1 1 1 1 1 1 1 1 1 1 1 1 1 1 ]
d13=6.915943377227 eijMax=5.950E-03 rmsd=1.005E+01 s=[ 0 0 0 1 1 0 0 1 1 1 1 1 1 1 0 0 0 0 0 0 0 1 0 0 0 0 0 0 0 0 0 0 0 0 0 0 ]
d13=6.917799723674 eijMax=6.277E-03 rmsd=1.004E+01 s=[ 0 0 0 0 0 1 1 0 0 0 0 0 0 0 1 1 1 1 1 1 1 0 1 1 1 1 1 1 1 1 1 1 1 1 1 1 ]
d13=6.917799723674 eijMax=6.277E-03 rmsd=1.004E+01 s=[ 0 0 0 1 1 0 0 1 1 1 1 1 1 1 0 0 0 0 0 0 0 1 0 0 0 0 0 0 0 0 0 0 0 0 0 0 ]
d13=6.919656070120 eijMax=6.604E-03 rmsd=1.003E+01 s=[ 0 0 0 0 0 1 1 0 0 0 0 0 0 0 1 1 1 1 1 1 1 0 1 1 1 1 1 1 1 1 1 1 1 1 1 1 ]
d13=6.919656070120 eijMax=6.604E-03 rmsd=1.003E+01 s=[ 0 0 0 1 1 0 0 1 1 1 1 1 1 1 0 0 0 0 0 0 0 1 0 0 0 0 0 0 0 0 0 0 0 0 0 0 ]
d13=6.921512416567 eijMax=6.932E-03 rmsd=1.002E+01 s=[ 0 0 0 0 0 1 1 0 0 0 0 0 0 0 1 1 1 1 1 1 1 0 1 1 1 1 1 1 1 1 1 1 1 1 1 1 ]
d13=6.921512416567 eijMax=6.932E-03 rmsd=1.002E+01 s=[ 0 0 0 1 1 0 0 1 1 1 1 1 1 1 0 0 0 0 0 0 0 1 0 0 0 0 0 0 0 0 0 0 0 0 0 0 ]
d13=6.923368763013 eijMax=7.261E-03 rmsd=1.001E+01 s=[ 0 0 0 0 0 1 1 0 0 0 0 0 0 0 1 1 1 1 1 1 1 0 1 1 1 1 1 1 1 1 1 1 1 1 1 1 ]
d13=6.923368763013 eijMax=7.261E-03 rmsd=1.001E+01 s=[ 0 0 0 1 1 0 0 1 1 1 1 1 1 1 0 0 0 0 0 0 0 1 0 0 0 0 0 0 0 0 0 0 0 0 0 0 ]
d13=6.925225109459 eijMax=7.590E-03 rmsd=1.001E+01 s=[ 0 0 0 0 0 1 1 0 0 0 0 0 0 0 1 1 1 1 1 1 1 0 1 1 1 1 1 1 1 1 1 1 1 1 1 1 ]
d13=6.925225109459 eijMax=7.590E-03 rmsd=1.001E+01 s=[ 0 0 0 1 1 0 0 1 1 1 1 1 1 1 0 0 0 0 0 0 0 1 0 0 0 0 0 0 0 0 0 0 0 0 0 0 ]
d13=6.927081455906 eijMax=7.920E-03 rmsd=9.995E+00 s=[ 0 0 0 0 0 1 1 0 0 0 0 0 0 0 1 1 1 1 1 1 1 0 1 1 1 1 1 1 1 1 1 1 1 1 1 1 ]
d13=6.927081455906 eijMax=7.920E-03 rmsd=9.995E+00 s=[ 0 0 0 1 1 0 0 1 1 1 1 1 1 1 0 0 0 0 0 0 0 1 0 0 0 0 0 0 0 0 0 0 0 0 0 0 ]
d13=6.928937802352 eijMax=8.251E-03 rmsd=9.986E+00 s=[ 0 0 0 0 0 1 1 0 0 0 0 0 0 0 1 1 1 1 1 1 1 0 1 1 1 1 1 1 1 1 1 1 1 1 1 1 ]
d13=6.928937802352 eijMax=8.251E-03 rmsd=9.986E+00 s=[ 0 0 0 1 1 0 0 1 1 1 1 1 1 1 0 0 0 0 0 0 0 1 0 0 0 0 0 0 0 0 0 0 0 0 0 0 ]
d13=6.930794148799 eijMax=8.582E-03 rmsd=9.976E+00 s=[ 0 0 0 0 0 1 1 0 0 0 0 0 0 0 1 1 1 1 1 1 1 0 1 1 1 1 1 1 1 1 1 1 1 1 1 1 ]
d13=6.930794148799 eijMax=8.582E-03 rmsd=9.976E+00 s=[ 0 0 0 1 1 0 0 1 1 1 1 1 1 1 0 0 0 0 0 0 0 1 0 0 0 0 0 0 0 0 0 0 0 0 0 0 ]
d13=6.932650495245 eijMax=8.914E-03 rmsd=9.966E+00 s=[ 0 0 0 0 0 1 1 0 0 0 0 0 0 0 1 1 1 1 1 1 1 0 1 1 1 1 1 1 1 1 1 1 1 1 1 1 ]
d13=6.932650495245 eijMax=8.914E-03 rmsd=9.966E+00 s=[ 0 0 0 1 1 0 0 1 1 1 1 1 1 1 0 0 0 0 0 0 0 1 0 0 0 0 0 0 0 0 0 0 0 0 0 0 ]
d13=6.934506841692 eijMax=9.246E-03 rmsd=9.956E+00 s=[ 0 0 0 0 0 1 1 0 0 0 0 0 0 0 1 1 1 1 1 1 1 0 1 1 1 1 1 1 1 1 1 1 1 1 1 1 ]
d13=6.934506841692 eijMax=9.246E-03 rmsd=9.956E+00 s=[ 0 0 0 1 1 0 0 1 1 1 1 1 1 1 0 0 0 0 0 0 0 1 0 0 0 0 0 0 0 0 0 0 0 0 0 0 ]
d13=6.936363188138 eijMax=9.580E-03 rmsd=9.947E+00 s=[ 0 0 0 0 0 1 1 0 0 0 0 0 0 0 1 1 1 1 1 1 1 0 1 1 1 1 1 1 1 1 1 1 1 1 1 1 ]
d13=6.936363188138 eijMax=9.580E-03 rmsd=9.947E+00 s=[ 0 0 0 1 1 0 0 1 1 1 1 1 1 1 0 0 0 0 0 0 0 1 0 0 0 0 0 0 0 0 0 0 0 0 0 0 ]
d13=6.938219534585 eijMax=9.913E-03 rmsd=9.937E+00 s=[ 0 0 0 0 0 1 1 0 0 0 0 0 0 0 1 1 1 1 1 1 1 0 1 1 1 1 1 1 1 1 1 1 1 1 1 1 ]
d13=6.938219534585 eijMax=2.143E-03 rmsd=7.892E+00 s=[ 0 0 0 0 0 1 1 0 0 0 0 0 0 1 0 0 0 0 0 0 1 1 0 0 0 0 0 0 0 0 0 0 0 0 0 0 ]
d13=6.938219534585 eijMax=2.143E-03 rmsd=7.892E+00 s=[ 0 0 0 1 1 0 0 1 1 1 1 1 1 0 1 1 1 1 1 1 0 0 1 1 1 1 1 1 1 1 1 1 1 1 1 1 ]
d13=6.938219534585 eijMax=9.913E-03 rmsd=9.937E+00 s=[ 0 0 0 1 1 0 0 1 1 1 1 1 1 1 0 0 0 0 0 0 0 1 0 0 0 0 0 0 0 0 0 0 0 0 0 0 ]
d13=6.951213959710 eijMax=9.685E-03 rmsd=1.152E+01 s=[ 0 0 0 0 0 1 1 0 0 0 0 0 0 1 0 0 0 0 0 0 0 0 1 1 1 1 1 1 1 1 1 1 1 1 1 1 ]
d13=6.951213959710 eijMax=9.685E-03 rmsd=1.152E+01 s=[ 0 0 0 1 1 0 0 1 1 1 1 1 1 0 1 1 1 1 1 1 1 1 0 0 0 0 0 0 0 0 0 0 0 0 0 0 ]
d13=6.953070306156 eijMax=4.385E-04 rmsd=1.138E+01 s=[ 0 0 0 0 0 1 1 0 0 0 0 0 0 1 0 0 0 0 0 0 0 0 1 1 1 1 1 1 1 1 1 1 1 1 1 1 ]
d13=6.953070306156 eijMax=4.385E-04 rmsd=1.138E+01 s=[ 0 0 0 1 1 0 0 1 1 1 1 1 1 0 1 1 1 1 1 1 1 1 0 0 0 0 0 0 0 0 0 0 0 0 0 0 ]
d13=6.954926652603 eijMax=8.195E-03 rmsd=1.126E+01 s=[ 0 0 0 0 0 1 1 0 0 0 0 0 0 1 0 0 0 0 0 0 0 0 1 1 1 1 1 1 1 1 1 1 1 1 1 1 ]
d13=6.954926652603 eijMax=8.195E-03 rmsd=1.126E+01 s=[ 0 0 0 1 1 0 0 1 1 1 1 1 1 0 1 1 1 1 1 1 1 1 0 0 0 0 0 0 0 0 0 0 0 0 0 0 ]
d13=6.982771849299 eijMax=8.128E-03 rmsd=1.293E+01 s=[ 0 0 0 0 0 0 0 1 1 1 1 1 0 1 0 0 0 0 0 0 1 0 1 1 1 1 1 1 1 1 1 1 1 1 1 1 ]
d13=6.982771849299 eijMax=8.128E-03 rmsd=1.293E+01 s=[ 0 0 0 1 1 1 1 0 0 0 0 0 1 0 1 1 1 1 1 1 0 1 0 0 0 0 0 0 0 0 0 0 0 0 0 0 ]
d13=6.984628195746 eijMax=5.750E-03 rmsd=1.295E+01 s=[ 0 0 0 0 0 0 0 1 1 1 1 1 0 1 0 0 0 0 0 0 1 0 1 1 1 1 1 1 1 1 1 1 1 1 1 1 ]
d13=6.984628195746 eijMax=5.750E-03 rmsd=1.295E+01 s=[ 0 0 0 1 1 1 1 0 0 0 0 0 1 0 1 1 1 1 1 1 0 1 0 0 0 0 0 0 0 0 0 0 0 0 0 0 ]
d13=6.986484542192 eijMax=3.373E-03 rmsd=1.297E+01 s=[ 0 0 0 0 0 0 0 1 1 1 1 1 0 1 0 0 0 0 0 0 1 0 1 1 1 1 1 1 1 1 1 1 1 1 1 1 ]
d13=6.986484542192 eijMax=3.373E-03 rmsd=1.297E+01 s=[ 0 0 0 1 1 1 1 0 0 0 0 0 1 0 1 1 1 1 1 1 0 1 0 0 0 0 0 0 0 0 0 0 0 0 0 0 ]
d13=6.988340888639 eijMax=9.998E-04 rmsd=1.300E+01 s=[ 0 0 0 0 0 0 0 1 1 1 1 1 0 1 0 0 0 0 0 0 1 0 1 1 1 1 1 1 1 1 1 1 1 1 1 1 ]
d13=6.988340888639 eijMax=9.998E-04 rmsd=1.300E+01 s=[ 0 0 0 1 1 1 1 0 0 0 0 0 1 0 1 1 1 1 1 1 0 1 0 0 0 0 0 0 0 0 0 0 0 0 0 0 ]
d13=6.990197235085 eijMax=1.371E-03 rmsd=1.302E+01 s=[ 0 0 0 0 0 0 0 1 1 1 1 1 0 1 0 0 0 0 0 0 1 0 1 1 1 1 1 1 1 1 1 1 1 1 1 1 ]
d13=6.990197235085 eijMax=1.371E-03 rmsd=1.302E+01 s=[ 0 0 0 1 1 1 1 0 0 0 0 0 1 0 1 1 1 1 1 1 0 1 0 0 0 0 0 0 0 0 0 0 0 0 0 0 ]
d13=6.992053581532 eijMax=3.740E-03 rmsd=1.304E+01 s=[ 0 0 0 0 0 0 0 1 1 1 1 1 0 1 0 0 0 0 0 0 1 0 1 1 1 1 1 1 1 1 1 1 1 1 1 1 ]
d13=6.992053581532 eijMax=3.740E-03 rmsd=1.304E+01 s=[ 0 0 0 1 1 1 1 0 0 0 0 0 1 0 1 1 1 1 1 1 0 1 0 0 0 0 0 0 0 0 0 0 0 0 0 0 ]
d13=6.993909927978 eijMax=6.106E-03 rmsd=1.306E+01 s=[ 0 0 0 0 0 0 0 1 1 1 1 1 0 1 0 0 0 0 0 0 1 0 1 1 1 1 1 1 1 1 1 1 1 1 1 1 ]
d13=6.993909927978 eijMax=6.106E-03 rmsd=1.306E+01 s=[ 0 0 0 1 1 1 1 0 0 0 0 0 1 0 1 1 1 1 1 1 0 1 0 0 0 0 0 0 0 0 0 0 0 0 0 0 ]
d13=6.995766274424 eijMax=8.470E-03 rmsd=1.308E+01 s=[ 0 0 0 0 0 0 0 1 1 1 1 1 0 1 0 0 0 0 0 0 1 0 1 1 1 1 1 1 1 1 1 1 1 1 1 1 ]
d13=6.995766274424 eijMax=8.470E-03 rmsd=1.308E+01 s=[ 0 0 0 1 1 1 1 0 0 0 0 0 1 0 1 1 1 1 1 1 0 1 0 0 0 0 0 0 0 0 0 0 0 0 0 0 ]
d13=7.023611471121 eijMax=9.991E-03 rmsd=1.364E+01 s=[ 0 0 0 0 1 0 0 1 1 1 1 1 1 1 0 0 0 0 0 0 1 1 0 0 0 0 0 0 0 0 0 0 0 0 0 0 ]
d13=7.023611471121 eijMax=9.991E-03 rmsd=1.364E+01 s=[ 0 0 0 1 0 1 1 0 0 0 0 0 0 0 1 1 1 1 1 1 0 0 1 1 1 1 1 1 1 1 1 1 1 1 1 1 ]
d13=7.025467817568 eijMax=8.242E-03 rmsd=1.364E+01 s=[ 0 0 0 0 1 0 0 1 1 1 1 1 1 1 0 0 0 0 0 0 1 1 0 0 0 0 0 0 0 0 0 0 0 0 0 0 ]
d13=7.025467817568 eijMax=8.242E-03 rmsd=1.364E+01 s=[ 0 0 0 1 0 1 1 0 0 0 0 0 0 0 1 1 1 1 1 1 0 0 1 1 1 1 1 1 1 1 1 1 1 1 1 1 ]
d13=7.027324164014 eijMax=6.489E-03 rmsd=1.363E+01 s=[ 0 0 0 0 1 0 0 1 1 1 1 1 1 1 0 0 0 0 0 0 1 1 0 0 0 0 0 0 0 0 0 0 0 0 0 0 ]
d13=7.027324164014 eijMax=6.489E-03 rmsd=1.363E+01 s=[ 0 0 0 1 0 1 1 0 0 0 0 0 0 0 1 1 1 1 1 1 0 0 1 1 1 1 1 1 1 1 1 1 1 1 1 1 ]
d13=7.029180510460 eijMax=4.732E-03 rmsd=1.363E+01 s=[ 0 0 0 0 1 0 0 1 1 1 1 1 1 1 0 0 0 0 0 0 1 1 0 0 0 0 0 0 0 0 0 0 0 0 0 0 ]
d13=7.029180510460 eijMax=4.732E-03 rmsd=1.363E+01 s=[ 0 0 0 1 0 1 1 0 0 0 0 0 0 0 1 1 1 1 1 1 0 0 1 1 1 1 1 1 1 1 1 1 1 1 1 1 ]
d13=7.031036856907 eijMax=2.970E-03 rmsd=1.363E+01 s=[ 0 0 0 0 1 0 0 1 1 1 1 1 1 1 0 0 0 0 0 0 1 1 0 0 0 0 0 0 0 0 0 0 0 0 0 0 ]
d13=7.031036856907 eijMax=2.970E-03 rmsd=1.363E+01 s=[ 0 0 0 1 0 1 1 0 0 0 0 0 0 0 1 1 1 1 1 1 0 0 1 1 1 1 1 1 1 1 1 1 1 1 1 1 ]
d13=7.032893203353 eijMax=1.204E-03 rmsd=1.362E+01 s=[ 0 0 0 0 1 0 0 1 1 1 1 1 1 1 0 0 0 0 0 0 1 1 0 0 0 0 0 0 0 0 0 0 0 0 0 0 ]
d13=7.032893203353 eijMax=1.204E-03 rmsd=1.362E+01 s=[ 0 0 0 1 0 1 1 0 0 0 0 0 0 0 1 1 1 1 1 1 0 0 1 1 1 1 1 1 1 1 1 1 1 1 1 1 ]
d13=7.034749549800 eijMax=5.674E-04 rmsd=1.362E+01 s=[ 0 0 0 0 1 0 0 1 1 1 1 1 1 1 0 0 0 0 0 0 1 1 0 0 0 0 0 0 0 0 0 0 0 0 0 0 ]
d13=7.034749549800 eijMax=5.674E-04 rmsd=1.362E+01 s=[ 0 0 0 1 0 1 1 0 0 0 0 0 0 0 1 1 1 1 1 1 0 0 1 1 1 1 1 1 1 1 1 1 1 1 1 1 ]
d13=7.036605896246 eijMax=2.343E-03 rmsd=1.361E+01 s=[ 0 0 0 0 1 0 0 1 1 1 1 1 1 1 0 0 0 0 0 0 1 1 0 0 0 0 0 0 0 0 0 0 0 0 0 0 ]
d13=7.036605896246 eijMax=2.343E-03 rmsd=1.361E+01 s=[ 0 0 0 1 0 1 1 0 0 0 0 0 0 0 1 1 1 1 1 1 0 0 1 1 1 1 1 1 1 1 1 1 1 1 1 1 ]
d13=7.038462242693 eijMax=4.123E-03 rmsd=1.361E+01 s=[ 0 0 0 0 1 0 0 1 1 1 1 1 1 1 0 0 0 0 0 0 1 1 0 0 0 0 0 0 0 0 0 0 0 0 0 0 ]
d13=7.038462242693 eijMax=4.123E-03 rmsd=1.361E+01 s=[ 0 0 0 1 0 1 1 0 0 0 0 0 0 0 1 1 1 1 1 1 0 0 1 1 1 1 1 1 1 1 1 1 1 1 1 1 ]
d13=7.040318589139 eijMax=5.908E-03 rmsd=1.360E+01 s=[ 0 0 0 0 1 0 0 1 1 1 1 1 1 1 0 0 0 0 0 0 1 1 0 0 0 0 0 0 0 0 0 0 0 0 0 0 ]
d13=7.040318589139 eijMax=5.908E-03 rmsd=1.360E+01 s=[ 0 0 0 1 0 1 1 0 0 0 0 0 0 0 1 1 1 1 1 1 0 0 1 1 1 1 1 1 1 1 1 1 1 1 1 1 ]
d13=7.042174935586 eijMax=7.697E-03 rmsd=1.360E+01 s=[ 0 0 0 0 1 0 0 1 1 1 1 1 1 1 0 0 0 0 0 0 1 1 0 0 0 0 0 0 0 0 0 0 0 0 0 0 ]
d13=7.042174935586 eijMax=7.697E-03 rmsd=1.360E+01 s=[ 0 0 0 1 0 1 1 0 0 0 0 0 0 0 1 1 1 1 1 1 0 0 1 1 1 1 1 1 1 1 1 1 1 1 1 1 ]
d13=7.044031282032 eijMax=9.491E-03 rmsd=1.360E+01 s=[ 0 0 0 0 1 0 0 1 1 1 1 1 1 1 0 0 0 0 0 0 1 1 0 0 0 0 0 0 0 0 0 0 0 0 0 0 ]
d13=7.044031282032 eijMax=9.491E-03 rmsd=1.360E+01 s=[ 0 0 0 1 0 1 1 0 0 0 0 0 0 0 1 1 1 1 1 1 0 0 1 1 1 1 1 1 1 1 1 1 1 1 1 1 ]
d13=7.147986683033 eijMax=5.480E-03 rmsd=1.249E+01 s=[ 0 0 0 0 0 0 0 1 1 1 1 1 1 0 1 1 1 1 1 1 0 0 1 1 1 1 1 1 1 1 1 1 1 1 1 1 ]
d13=7.147986683033 eijMax=5.480E-03 rmsd=1.249E+01 s=[ 0 0 0 1 1 1 1 0 0 0 0 0 0 1 0 0 0 0 0 0 1 1 0 0 0 0 0 0 0 0 0 0 0 0 0 0 ]
d13=7.149843029479 eijMax=2.695E-03 rmsd=1.239E+01 s=[ 0 0 0 0 0 0 0 1 1 1 1 1 1 0 1 1 1 1 1 1 0 0 1 1 1 1 1 1 1 1 1 1 1 1 1 1 ]
d13=7.149843029479 eijMax=2.695E-03 rmsd=1.239E+01 s=[ 0 0 0 1 1 1 1 0 0 0 0 0 0 1 0 0 0 0 0 0 1 1 0 0 0 0 0 0 0 0 0 0 0 0 0 0 ]
d13=7.179544572623 eijMax=7.354E-03 rmsd=8.742E+00 s=[ 0 0 0 0 0 0 0 1 1 1 1 1 0 1 0 0 0 0 0 0 1 1 0 0 0 0 0 0 0 0 0 0 0 0 0 0 ]
d13=7.179544572623 eijMax=7.354E-03 rmsd=8.742E+00 s=[ 0 0 0 1 1 1 1 0 0 0 0 0 1 0 1 1 1 1 1 1 0 0 1 1 1 1 1 1 1 1 1 1 1 1 1 1 ]
d13=7.181400919069 eijMax=4.569E-03 rmsd=8.764E+00 s=[ 0 0 0 0 0 0 0 1 1 1 1 1 0 1 0 0 0 0 0 0 1 1 0 0 0 0 0 0 0 0 0 0 0 0 0 0 ]
d13=7.181400919069 eijMax=4.569E-03 rmsd=8.764E+00 s=[ 0 0 0 1 1 1 1 0 0 0 0 0 1 0 1 1 1 1 1 1 0 0 1 1 1 1 1 1 1 1 1 1 1 1 1 1 ]
d13=7.183257265516 eijMax=1.770E-03 rmsd=8.786E+00 s=[ 0 0 0 0 0 0 0 1 1 1 1 1 0 1 0 0 0 0 0 0 1 1 0 0 0 0 0 0 0 0 0 0 0 0 0 0 ]
d13=7.183257265516 eijMax=1.770E-03 rmsd=8.786E+00 s=[ 0 0 0 1 1 1 1 0 0 0 0 0 1 0 1 1 1 1 1 1 0 0 1 1 1 1 1 1 1 1 1 1 1 1 1 1 ]
d13=7.185113611962 eijMax=1.043E-03 rmsd=8.807E+00 s=[ 0 0 0 0 0 0 0 1 1 1 1 1 0 1 0 0 0 0 0 0 1 1 0 0 0 0 0 0 0 0 0 0 0 0 0 0 ]
d13=7.185113611962 eijMax=1.043E-03 rmsd=8.807E+00 s=[ 0 0 0 1 1 1 1 0 0 0 0 0 1 0 1 1 1 1 1 1 0 0 1 1 1 1 1 1 1 1 1 1 1 1 1 1 ]
d13=7.186969958408 eijMax=3.870E-03 rmsd=8.830E+00 s=[ 0 0 0 0 0 0 0 1 1 1 1 1 0 1 0 0 0 0 0 0 1 1 0 0 0 0 0 0 0 0 0 0 0 0 0 0 ]
d13=7.186969958408 eijMax=3.870E-03 rmsd=8.830E+00 s=[ 0 0 0 1 1 1 1 0 0 0 0 0 1 0 1 1 1 1 1 1 0 0 1 1 1 1 1 1 1 1 1 1 1 1 1 1 ]
d13=7.188826304855 eijMax=6.711E-03 rmsd=8.852E+00 s=[ 0 0 0 0 0 0 0 1 1 1 1 1 0 1 0 0 0 0 0 0 1 1 0 0 0 0 0 0 0 0 0 0 0 0 0 0 ]
d13=7.188826304855 eijMax=6.711E-03 rmsd=8.852E+00 s=[ 0 0 0 1 1 1 1 0 0 0 0 0 1 0 1 1 1 1 1 1 0 0 1 1 1 1 1 1 1 1 1 1 1 1 1 1 ]
d13=7.190682651301 eijMax=9.568E-03 rmsd=8.874E+00 s=[ 0 0 0 0 0 0 0 1 1 1 1 1 0 1 0 0 0 0 0 0 1 1 0 0 0 0 0 0 0 0 0 0 0 0 0 0 ]
d13=7.190682651301 eijMax=9.568E-03 rmsd=8.874E+00 s=[ 0 0 0 1 1 1 1 0 0 0 0 0 1 0 1 1 1 1 1 1 0 0 1 1 1 1 1 1 1 1 1 1 1 1 1 1 ]
d13=7.309488823874 eijMax=8.864E-03 rmsd=7.426E+00 s=[ 0 0 0 0 0 1 1 0 0 0 0 0 0 0 1 1 1 1 1 1 1 0 1 1 1 1 1 1 1 1 1 1 1 1 1 1 ]
d13=7.309488823874 eijMax=8.864E-03 rmsd=7.426E+00 s=[ 0 0 0 1 1 0 0 1 1 1 1 1 1 1 0 0 0 0 0 0 0 1 0 0 0 0 0 0 0 0 0 0 0 0 0 0 ]
d13=7.311345170320 eijMax=3.870E-03 rmsd=7.364E+00 s=[ 0 0 0 0 0 1 1 0 0 0 0 0 0 0 1 1 1 1 1 1 1 0 1 1 1 1 1 1 1 1 1 1 1 1 1 1 ]
d13=7.311345170320 eijMax=2.225E-03 rmsd=7.850E+00 s=[ 0 0 0 0 0 1 1 0 0 0 0 0 1 0 1 1 1 1 1 1 0 0 1 1 1 1 1 1 1 1 1 1 1 1 1 1 ]
d13=7.311345170320 eijMax=2.225E-03 rmsd=7.850E+00 s=[ 0 0 0 1 1 0 0 1 1 1 1 1 0 1 0 0 0 0 0 0 1 1 0 0 0 0 0 0 0 0 0 0 0 0 0 0 ]
d13=7.311345170320 eijMax=3.870E-03 rmsd=7.364E+00 s=[ 0 0 0 1 1 0 0 1 1 1 1 1 1 1 0 0 0 0 0 0 0 1 0 0 0 0 0 0 0 0 0 0 0 0 0 0 ]
d13=7.313201516767 eijMax=1.945E-03 rmsd=7.292E+00 s=[ 0 0 0 0 0 1 1 0 0 0 0 0 0 0 1 1 1 1 1 1 1 0 1 1 1 1 1 1 1 1 1 1 1 1 1 1 ]
d13=7.313201516767 eijMax=1.945E-03 rmsd=7.292E+00 s=[ 0 0 0 1 1 0 0 1 1 1 1 1 1 1 0 0 0 0 0 0 0 1 0 0 0 0 0 0 0 0 0 0 0 0 0 0 ]
d13=7.315057863213 eijMax=8.843E-03 rmsd=7.210E+00 s=[ 0 0 0 0 0 1 1 0 0 0 0 0 0 0 1 1 1 1 1 1 1 0 1 1 1 1 1 1 1 1 1 1 1 1 1 1 ]
d13=7.315057863213 eijMax=8.843E-03 rmsd=7.210E+00 s=[ 0 0 0 1 1 0 0 1 1 1 1 1 1 1 0 0 0 0 0 0 0 1 0 0 0 0 0 0 0 0 0 0 0 0 0 0 ]
d13=7.422725957107 eijMax=9.068E-03 rmsd=6.372E+00 s=[ 0 0 0 0 1 0 0 1 1 1 1 1 0 1 0 0 0 0 0 0 0 0 1 1 1 1 1 1 1 1 1 1 1 1 1 1 ]
d13=7.422725957107 eijMax=9.068E-03 rmsd=6.372E+00 s=[ 0 0 0 1 0 1 1 0 0 0 0 0 1 0 1 1 1 1 1 1 1 1 0 0 0 0 0 0 0 0 0 0 0 0 0 0 ]
d13=7.424582303554 eijMax=1.242E-03 rmsd=6.240E+00 s=[ 0 0 0 0 1 0 0 1 1 1 1 1 0 1 0 0 0 0 0 0 0 0 1 1 1 1 1 1 1 1 1 1 1 1 1 1 ]
d13=7.424582303554 eijMax=1.242E-03 rmsd=6.240E+00 s=[ 0 0 0 1 0 1 1 0 0 0 0 0 1 0 1 1 1 1 1 1 1 1 0 0 0 0 0 0 0 0 0 0 0 0 0 0 ]
num ..... 1000
nnodes .. 36
nedges .. 264
nsols ... 734
tsecs ... 54.085875
