d13=5.684341889394 eijMax=4.261E-03 rmsd=1.525E+01 s=[ 0 0 0 0 0 0 0 1 1 1 1 1 0 1 0 0 0 0 0 0 1 1 0 0 0 0 0 0 0 0 0 0 0 0 0 0 ]
d13=5.684341889394 eijMax=4.261E-03 rmsd=1.525E+01 s=[ 0 0 0 1 1 1 1 0 0 0 0 0 1 0 1 1 1 1 1 1 0 0 1 1 1 1 1 1 1 1 1 1 1 1 1 1 ]
d13=5.703074112626 eijMax=5.000E-03 rmsd=1.521E+01 s=[ 0 0 0 0 0 0 0 1 1 1 1 1 0 1 0 0 0 0 0 0 1 1 0 0 0 0 0 0 0 0 0 0 0 0 0 0 ]
d13=5.703074112626 eijMax=8.940E-03 rmsd=1.902E+01 s=[ 0 0 0 0 1 1 1 0 0 0 0 0 1 0 1 1 1 1 1 1 1 1 0 0 0 0 0 0 0 0 0 0 0 0 0 0 ]
d13=5.703074112626 eijMax=8.940E-03 rmsd=1.902E+01 s=[ 0 0 0 1 0 0 0 1 1 1 1 1 0 1 0 0 0 0 0 0 0 0 1 1 1 1 1 1 1 1 1 1 1 1 1 1 ]
d13=5.703074112626 eijMax=5.000E-03 rmsd=1.521E+01 s=[ 0 0 0 1 1 1 1 0 0 0 0 0 1 0 1 1 1 1 1 1 0 0 1 1 1 1 1 1 1 1 1 1 1 1 1 1 ]
d13=5.721806335859 eijMax=3.258E-03 rmsd=1.433E+01 s=[ 0 0 0 0 0 0 0 1 1 1 1 1 1 0 1 1 1 1 1 1 1 1 0 0 0 0 0 0 0 0 0 0 0 0 0 0 ]
d13=5.721806335859 eijMax=1.991E-03 rmsd=1.903E+01 s=[ 0 0 0 0 1 1 1 0 0 0 0 0 1 0 1 1 1 1 1 1 1 1 0 0 0 0 0 0 0 0 0 0 0 0 0 0 ]
d13=5.721806335859 eijMax=1.991E-03 rmsd=1.903E+01 s=[ 0 0 0 1 0 0 0 1 1 1 1 1 0 1 0 0 0 0 0 0 0 0 1 1 1 1 1 1 1 1 1 1 1 1 1 1 ]
d13=5.721806335859 eijMax=3.258E-03 rmsd=1.433E+01 s=[ 0 0 0 1 1 1 1 0 0 0 0 0 0 1 0 0 0 0 0 0 0 0 1 1 1 1 1 1 1 1 1 1 1 1 1 1 ]
d13=5.740538559091 eijMax=2.542E-03 rmsd=1.718E+01 s=[ 0 0 0 0 1 1 1 0 0 0 0 0 0 0 1 1 1 1 1 1 1 0 1 1 1 1 1 1 1 1 1 1 1 1 1 1 ]
d13=5.740538559091 eijMax=2.542E-03 rmsd=1.718E+01 s=[ 0 0 0 1 0 0 0 1 1 1 1 1 1 1 0 0 0 0 0 0 0 1 0 0 0 0 0 0 0 0 0 0 0 0 0 0 ]
d13=5.834199675253 eijMax=6.556E-03 rmsd=1.467E+01 s=[ 0 0 0 0 0 0 0 1 1 1 1 1 0 1 0 0 0 0 0 0 1 1 0 0 0 0 0 0 0 0 0 0 0 0 0 0 ]
d13=5.834199675253 eijMax=6.556E-03 rmsd=1.467E+01 s=[ 0 0 0 1 1 1 1 0 0 0 0 0 1 0 1 1 1 1 1 1 0 0 1 1 1 1 1 1 1 1 1 1 1 1 1 1 ]
d13=5.871664121717 eijMax=7.901E-03 rmsd=1.670E+01 s=[ 0 0 0 0 1 1 1 0 0 0 0 0 1 1 0 0 0 0 0 0 1 0 1 1 1 1 1 1 1 1 1 1 1 1 1 1 ]
d13=5.871664121717 eijMax=7.901E-03 rmsd=1.670E+01 s=[ 0 0 0 1 0 0 0 1 1 1 1 1 0 0 1 1 1 1 1 1 0 1 0 0 0 0 0 0 0 0 0 0 0 0 0 0 ]
d13=5.890396344949 eijMax=2.818E-03 rmsd=1.671E+01 s=[ 0 0 0 0 1 1 1 0 0 0 0 0 1 1 0 0 0 0 0 0 1 0 1 1 1 1 1 1 1 1 1 1 1 1 1 1 ]
d13=5.890396344949 eijMax=2.818E-03 rmsd=1.671E+01 s=[ 0 0 0 1 0 0 0 1 1 1 1 1 0 0 1 1 1 1 1 1 0 1 0 0 0 0 0 0 0 0 0 0 0 0 0 0 ]
d13=5.909128568182 eijMax=1.898E-03 rmsd=1.672E+01 s=[ 0 0 0 0 1 1 1 0 0 0 0 0 1 1 0 0 0 0 0 0 1 0 1 1 1 1 1 1 1 1 1 1 1 1 1 1 ]
d13=5.909128568182 eijMax=1.898E-03 rmsd=1.672E+01 s=[ 0 0 0 1 0 0 0 1 1 1 1 1 0 0 1 1 1 1 1 1 0 1 0 0 0 0 0 0 0 0 0 0 0 0 0 0 ]
d13=5.927860791414 eijMax=6.227E-03 rmsd=1.673E+01 s=[ 0 0 0 0 1 1 1 0 0 0 0 0 1 1 0 0 0 0 0 0 1 0 1 1 1 1 1 1 1 1 1 1 1 1 1 1 ]
d13=5.927860791414 eijMax=6.227E-03 rmsd=1.673E+01 s=[ 0 0 0 1 0 0 0 1 1 1 1 1 0 0 1 1 1 1 1 1 0 1 0 0 0 0 0 0 0 0 0 0 0 0 0 0 ]
d13=6.002789684343 eijMax=1.977E-03 rmsd=1.886E+01 s=[ 0 0 0 0 1 1 1 0 0 0 0 0 0 0 1 1 1 1 1 1 1 1 0 0 0 0 0 0 0 0 0 0 0 0 0 0 ]
d13=6.002789684343 eijMax=1.977E-03 rmsd=1.886E+01 s=[ 0 0 0 1 0 0 0 1 1 1 1 1 1 1 0 0 0 0 0 0 0 0 1 1 1 1 1 1 1 1 1 1 1 1 1 1 ]
d13=6.096450800505 eijMax=8.479E-03 rmsd=1.670E+01 s=[ 0 0 0 0 1 1 1 0 0 0 0 0 1 1 0 0 0 0 0 0 1 0 1 1 1 1 1 1 1 1 1 1 1 1 1 1 ]
d13=6.096450800505 eijMax=8.479E-03 rmsd=1.670E+01 s=[ 0 0 0 1 0 0 0 1 1 1 1 1 0 0 1 1 1 1 1 1 0 1 0 0 0 0 0 0 0 0 0 0 0 0 0 0 ]
d13=6.302505256061 eijMax=5.187E-03 rmsd=1.477E+01 s=[ 0 0 0 0 0 1 1 0 0 0 0 0 0 0 1 1 1 1 1 1 1 0 1 1 1 1 1 1 1 1 1 1 1 1 1 1 ]
d13=6.302505256061 eijMax=9.958E-03 rmsd=1.311E+01 s=[ 0 0 0 0 0 1 1 0 0 0 0 0 1 0 1 1 1 1 1 1 1 1 0 0 0 0 0 0 0 0 0 0 0 0 0 0 ]
d13=6.302505256061 eijMax=9.958E-03 rmsd=1.311E+01 s=[ 0 0 0 1 1 0 0 1 1 1 1 1 0 1 0 0 0 0 0 0 0 0 1 1 1 1 1 1 1 1 1 1 1 1 1 1 ]
d13=6.302505256061 eijMax=5.187E-03 rmsd=1.477E+01 s=[ 0 0 0 1 1 0 0 1 1 1 1 1 1 1 0 0 0 0 0 0 0 1 0 0 0 0 0 0 0 0 0 0 0 0 0 0 ]
d13=6.321237479293 eijMax=3.175E-03 rmsd=1.452E+01 s=[ 0 0 0 0 0 1 1 0 0 0 0 0 0 0 1 1 1 1 1 1 1 0 1 1 1 1 1 1 1 1 1 1 1 1 1 1 ]
d13=6.321237479293 eijMax=3.175E-03 rmsd=1.452E+01 s=[ 0 0 0 1 1 0 0 1 1 1 1 1 1 1 0 0 0 0 0 0 0 1 0 0 0 0 0 0 0 0 0 0 0 0 0 0 ]
d13=6.339969702525 eijMax=9.920E-03 rmsd=1.429E+01 s=[ 0 0 0 0 0 1 1 0 0 0 0 0 0 0 1 1 1 1 1 1 1 0 1 1 1 1 1 1 1 1 1 1 1 1 1 1 ]
d13=6.339969702525 eijMax=9.920E-03 rmsd=1.429E+01 s=[ 0 0 0 1 1 0 0 1 1 1 1 1 1 1 0 0 0 0 0 0 0 1 0 0 0 0 0 0 0 0 0 0 0 0 0 0 ]
d13=6.527291934848 eijMax=4.807E-03 rmsd=1.301E+01 s=[ 0 0 0 0 0 1 1 0 0 0 0 0 1 1 0 0 0 0 0 0 1 0 1 1 1 1 1 1 1 1 1 1 1 1 1 1 ]
d13=6.527291934848 eijMax=4.807E-03 rmsd=1.301E+01 s=[ 0 0 0 1 1 0 0 1 1 1 1 1 0 0 1 1 1 1 1 1 0 1 0 0 0 0 0 0 0 0 0 0 0 0 0 0 ]
d13=6.583488604545 eijMax=9.450E-03 rmsd=1.409E+01 s=[ 0 0 0 0 0 0 0 1 1 1 1 1 0 0 1 1 1 1 1 1 1 0 1 1 1 1 1 1 1 1 1 1 1 1 1 1 ]
d13=6.583488604545 eijMax=9.450E-03 rmsd=1.409E+01 s=[ 0 0 0 1 1 1 1 0 0 0 0 0 1 1 0 0 0 0 0 0 0 1 0 0 0 0 0 0 0 0 0 0 0 0 0 0 ]
d13=6.733346390404 eijMax=3.564E-03 rmsd=1.282E+01 s=[ 0 0 0 0 1 0 0 1 1 1 1 1 1 1 0 0 0 0 0 0 1 0 1 1 1 1 1 1 1 1 1 1 1 1 1 1 ]
d13=6.733346390404 eijMax=3.564E-03 rmsd=1.282E+01 s=[ 0 0 0 1 0 1 1 0 0 0 0 0 0 0 1 1 1 1 1 1 0 1 0 0 0 0 0 0 0 0 0 0 0 0 0 0 ]
d13=6.789543060101 eijMax=4.541E-03 rmsd=1.184E+01 s=[ 0 0 0 0 0 0 0 1 1 1 1 1 0 0 1 1 1 1 1 1 1 1 0 0 0 0 0 0 0 0 0 0 0 0 0 0 ]
d13=6.789543060101 eijMax=4.541E-03 rmsd=1.184E+01 s=[ 0 0 0 1 1 1 1 0 0 0 0 0 1 1 0 0 0 0 0 0 0 0 1 1 1 1 1 1 1 1 1 1 1 1 1 1 ]
d13=6.808275283333 eijMax=5.916E-03 rmsd=9.938E+00 s=[ 0 0 0 0 0 1 1 0 0 0 0 0 1 1 0 0 0 0 0 0 1 1 0 0 0 0 0 0 0 0 0 0 0 0 0 0 ]
d13=6.808275283333 eijMax=5.916E-03 rmsd=9.938E+00 s=[ 0 0 0 1 1 0 0 1 1 1 1 1 0 0 1 1 1 1 1 1 0 0 1 1 1 1 1 1 1 1 1 1 1 1 1 1 ]
d13=6.827007506566 eijMax=8.709E-03 rmsd=1.054E+01 s=[ 0 0 0 0 0 1 1 0 0 0 0 0 0 0 1 1 1 1 1 1 1 0 1 1 1 1 1 1 1 1 1 1 1 1 1 1 ]
d13=6.827007506566 eijMax=8.709E-03 rmsd=1.054E+01 s=[ 0 0 0 1 1 0 0 1 1 1 1 1 1 1 0 0 0 0 0 0 0 1 0 0 0 0 0 0 0 0 0 0 0 0 0 0 ]
d13=6.845739729798 eijMax=5.800E-03 rmsd=1.044E+01 s=[ 0 0 0 0 0 1 1 0 0 0 0 0 0 0 1 1 1 1 1 1 1 0 1 1 1 1 1 1 1 1 1 1 1 1 1 1 ]
d13=6.845739729798 eijMax=5.715E-03 rmsd=1.473E+01 s=[ 0 0 0 0 1 0 0 1 1 1 1 1 0 0 1 1 1 1 1 1 1 1 0 0 0 0 0 0 0 0 0 0 0 0 0 0 ]
d13=6.845739729798 eijMax=5.715E-03 rmsd=1.473E+01 s=[ 0 0 0 1 0 1 1 0 0 0 0 0 1 1 0 0 0 0 0 0 0 0 1 1 1 1 1 1 1 1 1 1 1 1 1 1 ]
d13=6.845739729798 eijMax=5.800E-03 rmsd=1.044E+01 s=[ 0 0 0 1 1 0 0 1 1 1 1 1 1 1 0 0 0 0 0 0 0 1 0 0 0 0 0 0 0 0 0 0 0 0 0 0 ]
d13=6.864471953030 eijMax=2.789E-03 rmsd=1.033E+01 s=[ 0 0 0 0 0 1 1 0 0 0 0 0 0 0 1 1 1 1 1 1 1 0 1 1 1 1 1 1 1 1 1 1 1 1 1 1 ]
d13=6.864471953030 eijMax=1.302E-03 rmsd=1.469E+01 s=[ 0 0 0 0 1 0 0 1 1 1 1 1 0 0 1 1 1 1 1 1 1 1 0 0 0 0 0 0 0 0 0 0 0 0 0 0 ]
d13=6.864471953030 eijMax=1.302E-03 rmsd=1.469E+01 s=[ 0 0 0 1 0 1 1 0 0 0 0 0 1 1 0 0 0 0 0 0 0 0 1 1 1 1 1 1 1 1 1 1 1 1 1 1 ]
d13=6.864471953030 eijMax=2.789E-03 rmsd=1.033E+01 s=[ 0 0 0 1 1 0 0 1 1 1 1 1 1 1 0 0 0 0 0 0 0 1 0 0 0 0 0 0 0 0 0 0 0 0 0 0 ]
d13=6.883204176263 eijMax=3.167E-04 rmsd=1.023E+01 s=[ 0 0 0 0 0 1 1 0 0 0 0 0 0 0 1 1 1 1 1 1 1 0 1 1 1 1 1 1 1 1 1 1 1 1 1 1 ]
d13=6.883204176263 eijMax=3.229E-03 rmsd=1.465E+01 s=[ 0 0 0 0 1 0 0 1 1 1 1 1 0 0 1 1 1 1 1 1 1 1 0 0 0 0 0 0 0 0 0 0 0 0 0 0 ]
d13=6.883204176263 eijMax=3.229E-03 rmsd=1.465E+01 s=[ 0 0 0 1 0 1 1 0 0 0 0 0 1 1 0 0 0 0 0 0 0 0 1 1 1 1 1 1 1 1 1 1 1 1 1 1 ]
d13=6.883204176263 eijMax=3.167E-04 rmsd=1.023E+01 s=[ 0 0 0 1 1 0 0 1 1 1 1 1 1 1 0 0 0 0 0 0 0 1 0 0 0 0 0 0 0 0 0 0 0 0 0 0 ]
d13=6.901936399495 eijMax=3.510E-03 rmsd=1.013E+01 s=[ 0 0 0 0 0 1 1 0 0 0 0 0 0 0 1 1 1 1 1 1 1 0 1 1 1 1 1 1 1 1 1 1 1 1 1 1 ]
d13=6.901936399495 eijMax=7.869E-03 rmsd=1.460E+01 s=[ 0 0 0 0 1 0 0 1 1 1 1 1 0 0 1 1 1 1 1 1 1 1 0 0 0 0 0 0 0 0 0 0 0 0 0 0 ]
d13=6.901936399495 eijMax=7.869E-03 rmsd=1.460E+01 s=[ 0 0 0 1 0 1 1 0 0 0 0 0 1 1 0 0 0 0 0 0 0 0 1 1 1 1 1 1 1 1 1 1 1 1 1 1 ]
d13=6.901936399495 eijMax=3.510E-03 rmsd=1.013E+01 s=[ 0 0 0 1 1 0 0 1 1 1 1 1 1 1 0 0 0 0 0 0 0 1 0 0 0 0 0 0 0 0 0 0 0 0 0 0 ]
d13=6.920668622727 eijMax=6.783E-03 rmsd=1.003E+01 s=[ 0 0 0 0 0 1 1 0 0 0 0 0 0 0 1 1 1 1 1 1 1 0 1 1 1 1 1 1 1 1 1 1 1 1 1 1 ]
d13=6.920668622727 eijMax=6.783E-03 rmsd=1.003E+01 s=[ 0 0 0 1 1 0 0 1 1 1 1 1 1 1 0 0 0 0 0 0 0 1 0 0 0 0 0 0 0 0 0 0 0 0 0 0 ]
d13=6.995597515657 eijMax=8.255E-03 rmsd=1.308E+01 s=[ 0 0 0 0 0 0 0 1 1 1 1 1 0 1 0 0 0 0 0 0 1 0 1 1 1 1 1 1 1 1 1 1 1 1 1 1 ]
d13=6.995597515657 eijMax=8.255E-03 rmsd=1.308E+01 s=[ 0 0 0 1 1 1 1 0 0 0 0 0 1 0 1 1 1 1 1 1 0 1 0 0 0 0 0 0 0 0 0 0 0 0 0 0 ]
d13=7.033061962121 eijMax=1.043E-03 rmsd=1.362E+01 s=[ 0 0 0 0 1 0 0 1 1 1 1 1 1 1 0 0 0 0 0 0 1 1 0 0 0 0 0 0 0 0 0 0 0 0 0 0 ]
d13=7.033061962121 eijMax=1.043E-03 rmsd=1.362E+01 s=[ 0 0 0 1 0 1 1 0 0 0 0 0 0 0 1 1 1 1 1 1 0 0 1 1 1 1 1 1 1 1 1 1 1 1 1 1 ]
d13=7.182919747980 eijMax=2.280E-03 rmsd=8.782E+00 s=[ 0 0 0 0 0 0 0 1 1 1 1 1 0 1 0 0 0 0 0 0 1 1 0 0 0 0 0 0 0 0 0 0 0 0 0 0 ]
d13=7.182919747980 eijMax=2.280E-03 rmsd=8.782E+00 s=[ 0 0 0 1 1 1 1 0 0 0 0 0 1 0 1 1 1 1 1 1 0 0 1 1 1 1 1 1 1 1 1 1 1 1 1 1 ]
d13=7.314045310606 eijMax=4.926E-03 rmsd=7.257E+00 s=[ 0 0 0 0 0 1 1 0 0 0 0 0 0 0 1 1 1 1 1 1 1 0 1 1 1 1 1 1 1 1 1 1 1 1 1 1 ]
d13=7.314045310606 eijMax=4.926E-03 rmsd=7.257E+00 s=[ 0 0 0 1 1 0 0 1 1 1 1 1 1 1 0 0 0 0 0 0 0 1 0 0 0 0 0 0 0 0 0 0 0 0 0 0 ]
num ..... 100
nnodes .. 36
nedges .. 264
nsols ... 72
tsecs ... 5.673933
