d13=10.849029014545 eijMax=3.508E-03 rmsd=7.217E+00 s=[ 0 0 0 0 1 1 0 0 0 0 0 0 0 1 0 0 0 0 0 0 1 1 0 0 0 0 0 0 0 0 0 0 0 0 0 0 ]
d13=10.849029014545 eijMax=3.508E-03 rmsd=7.217E+00 s=[ 0 0 0 1 0 0 1 1 1 1 1 1 1 0 1 1 1 1 1 1 0 0 1 1 1 1 1 1 1 1 1 1 1 1 1 1 ]
d13=10.852593822727 eijMax=7.401E-03 rmsd=7.806E+00 s=[ 0 0 0 0 0 0 1 1 1 1 1 1 0 1 0 0 0 0 0 0 1 1 0 0 0 0 0 0 0 0 0 0 0 0 0 0 ]
d13=10.852593822727 eijMax=3.383E-03 rmsd=7.218E+00 s=[ 0 0 0 0 1 1 0 0 0 0 0 0 0 1 0 0 0 0 0 0 1 1 0 0 0 0 0 0 0 0 0 0 0 0 0 0 ]
d13=10.852593822727 eijMax=3.383E-03 rmsd=7.218E+00 s=[ 0 0 0 1 0 0 1 1 1 1 1 1 1 0 1 1 1 1 1 1 0 0 1 1 1 1 1 1 1 1 1 1 1 1 1 1 ]
d13=10.852593822727 eijMax=7.401E-03 rmsd=7.806E+00 s=[ 0 0 0 1 1 1 0 0 0 0 0 0 1 0 1 1 1 1 1 1 0 0 1 1 1 1 1 1 1 1 1 1 1 1 1 1 ]
d13=10.856158630909 eijMax=4.448E-03 rmsd=7.819E+00 s=[ 0 0 0 0 0 0 1 1 1 1 1 1 0 1 0 0 0 0 0 0 1 1 0 0 0 0 0 0 0 0 0 0 0 0 0 0 ]
d13=10.856158630909 eijMax=9.549E-03 rmsd=7.218E+00 s=[ 0 0 0 0 1 1 0 0 0 0 0 0 0 1 0 0 0 0 0 0 1 1 0 0 0 0 0 0 0 0 0 0 0 0 0 0 ]
d13=10.856158630909 eijMax=9.549E-03 rmsd=7.218E+00 s=[ 0 0 0 1 0 0 1 1 1 1 1 1 1 0 1 1 1 1 1 1 0 0 1 1 1 1 1 1 1 1 1 1 1 1 1 1 ]
d13=10.856158630909 eijMax=4.448E-03 rmsd=7.819E+00 s=[ 0 0 0 1 1 1 0 0 0 0 0 0 1 0 1 1 1 1 1 1 0 0 1 1 1 1 1 1 1 1 1 1 1 1 1 1 ]
d13=10.859723439091 eijMax=2.133E-03 rmsd=7.830E+00 s=[ 0 0 0 0 0 0 1 1 1 1 1 1 0 1 0 0 0 0 0 0 1 1 0 0 0 0 0 0 0 0 0 0 0 0 0 0 ]
d13=10.859723439091 eijMax=8.212E-03 rmsd=9.138E+00 s=[ 0 0 0 0 1 1 0 0 0 0 0 0 1 1 0 0 0 0 0 0 0 1 0 0 0 0 0 0 0 0 0 0 0 0 0 0 ]
d13=10.859723439091 eijMax=8.212E-03 rmsd=9.138E+00 s=[ 0 0 0 1 0 0 1 1 1 1 1 1 0 0 1 1 1 1 1 1 1 0 1 1 1 1 1 1 1 1 1 1 1 1 1 1 ]
d13=10.859723439091 eijMax=2.133E-03 rmsd=7.830E+00 s=[ 0 0 0 1 1 1 0 0 0 0 0 0 1 0 1 1 1 1 1 1 0 0 1 1 1 1 1 1 1 1 1 1 1 1 1 1 ]
d13=10.863288247273 eijMax=3.200E-04 rmsd=7.837E+00 s=[ 0 0 0 0 0 0 1 1 1 1 1 1 0 1 0 0 0 0 0 0 1 1 0 0 0 0 0 0 0 0 0 0 0 0 0 0 ]
d13=10.863288247273 eijMax=4.041E-03 rmsd=9.421E+00 s=[ 0 0 0 0 0 0 1 1 1 1 1 1 1 1 0 0 0 0 0 0 0 1 0 0 0 0 0 0 0 0 0 0 0 0 0 0 ]
d13=10.863288247273 eijMax=3.065E-03 rmsd=9.163E+00 s=[ 0 0 0 0 1 1 0 0 0 0 0 0 1 1 0 0 0 0 0 0 0 1 0 0 0 0 0 0 0 0 0 0 0 0 0 0 ]
d13=10.863288247273 eijMax=3.065E-03 rmsd=9.163E+00 s=[ 0 0 0 1 0 0 1 1 1 1 1 1 0 0 1 1 1 1 1 1 1 0 1 1 1 1 1 1 1 1 1 1 1 1 1 1 ]
d13=10.863288247273 eijMax=4.041E-03 rmsd=9.421E+00 s=[ 0 0 0 1 1 1 0 0 0 0 0 0 0 0 1 1 1 1 1 1 1 0 1 1 1 1 1 1 1 1 1 1 1 1 1 1 ]
d13=10.863288247273 eijMax=3.200E-04 rmsd=7.837E+00 s=[ 0 0 0 1 1 1 0 0 0 0 0 0 1 0 1 1 1 1 1 1 0 0 1 1 1 1 1 1 1 1 1 1 1 1 1 1 ]
d13=10.866853055455 eijMax=1.082E-03 rmsd=7.842E+00 s=[ 0 0 0 0 0 0 1 1 1 1 1 1 0 1 0 0 0 0 0 0 1 1 0 0 0 0 0 0 0 0 0 0 0 0 0 0 ]
d13=10.866853055455 eijMax=5.881E-03 rmsd=9.453E+00 s=[ 0 0 0 0 0 0 1 1 1 1 1 1 1 1 0 0 0 0 0 0 0 1 0 0 0 0 0 0 0 0 0 0 0 0 0 0 ]
d13=10.866853055455 eijMax=6.201E-03 rmsd=8.493E+00 s=[ 0 0 0 0 1 1 0 0 0 0 0 0 1 0 1 1 1 1 1 1 1 1 0 0 0 0 0 0 0 0 0 0 0 0 0 0 ]
d13=10.866853055455 eijMax=6.201E-03 rmsd=8.493E+00 s=[ 0 0 0 1 0 0 1 1 1 1 1 1 0 1 0 0 0 0 0 0 0 0 1 1 1 1 1 1 1 1 1 1 1 1 1 1 ]
d13=10.866853055455 eijMax=5.881E-03 rmsd=9.453E+00 s=[ 0 0 0 1 1 1 0 0 0 0 0 0 0 0 1 1 1 1 1 1 1 0 1 1 1 1 1 1 1 1 1 1 1 1 1 1 ]
d13=10.866853055455 eijMax=1.082E-03 rmsd=7.842E+00 s=[ 0 0 0 1 1 1 0 0 0 0 0 0 1 0 1 1 1 1 1 1 0 0 1 1 1 1 1 1 1 1 1 1 1 1 1 1 ]
d13=10.870417863636 eijMax=2.138E-03 rmsd=7.845E+00 s=[ 0 0 0 0 0 0 1 1 1 1 1 1 0 1 0 0 0 0 0 0 1 1 0 0 0 0 0 0 0 0 0 0 0 0 0 0 ]
d13=10.870417863636 eijMax=1.611E-03 rmsd=8.502E+00 s=[ 0 0 0 0 1 1 0 0 0 0 0 0 1 0 1 1 1 1 1 1 1 1 0 0 0 0 0 0 0 0 0 0 0 0 0 0 ]
d13=10.870417863636 eijMax=1.611E-03 rmsd=8.502E+00 s=[ 0 0 0 1 0 0 1 1 1 1 1 1 0 1 0 0 0 0 0 0 0 0 1 1 1 1 1 1 1 1 1 1 1 1 1 1 ]
d13=10.870417863636 eijMax=2.138E-03 rmsd=7.845E+00 s=[ 0 0 0 1 1 1 0 0 0 0 0 0 1 0 1 1 1 1 1 1 0 0 1 1 1 1 1 1 1 1 1 1 1 1 1 1 ]
d13=10.873982671818 eijMax=2.894E-03 rmsd=7.846E+00 s=[ 0 0 0 0 0 0 1 1 1 1 1 1 0 1 0 0 0 0 0 0 1 1 0 0 0 0 0 0 0 0 0 0 0 0 0 0 ]
d13=10.873982671818 eijMax=5.368E-03 rmsd=8.741E+00 s=[ 0 0 0 0 0 0 1 1 1 1 1 1 1 0 1 1 1 1 1 1 1 1 0 0 0 0 0 0 0 0 0 0 0 0 0 0 ]
d13=10.873982671818 eijMax=9.243E-03 rmsd=8.512E+00 s=[ 0 0 0 0 1 1 0 0 0 0 0 0 1 0 1 1 1 1 1 1 1 1 0 0 0 0 0 0 0 0 0 0 0 0 0 0 ]
d13=10.873982671818 eijMax=9.243E-03 rmsd=8.512E+00 s=[ 0 0 0 1 0 0 1 1 1 1 1 1 0 1 0 0 0 0 0 0 0 0 1 1 1 1 1 1 1 1 1 1 1 1 1 1 ]
d13=10.873982671818 eijMax=5.368E-03 rmsd=8.741E+00 s=[ 0 0 0 1 1 1 0 0 0 0 0 0 0 1 0 0 0 0 0 0 0 0 1 1 1 1 1 1 1 1 1 1 1 1 1 1 ]
d13=10.873982671818 eijMax=2.894E-03 rmsd=7.846E+00 s=[ 0 0 0 1 1 1 0 0 0 0 0 0 1 0 1 1 1 1 1 1 0 0 1 1 1 1 1 1 1 1 1 1 1 1 1 1 ]
d13=10.877547480000 eijMax=3.387E-03 rmsd=7.845E+00 s=[ 0 0 0 0 0 0 1 1 1 1 1 1 0 1 0 0 0 0 0 0 1 1 0 0 0 0 0 0 0 0 0 0 0 0 0 0 ]
d13=10.877547480000 eijMax=1.025E-03 rmsd=8.759E+00 s=[ 0 0 0 0 0 0 1 1 1 1 1 1 1 0 1 1 1 1 1 1 1 1 0 0 0 0 0 0 0 0 0 0 0 0 0 0 ]
d13=10.877547480000 eijMax=1.025E-03 rmsd=8.759E+00 s=[ 0 0 0 1 1 1 0 0 0 0 0 0 0 1 0 0 0 0 0 0 0 0 1 1 1 1 1 1 1 1 1 1 1 1 1 1 ]
d13=10.877547480000 eijMax=3.387E-03 rmsd=7.845E+00 s=[ 0 0 0 1 1 1 0 0 0 0 0 0 1 0 1 1 1 1 1 1 0 0 1 1 1 1 1 1 1 1 1 1 1 1 1 1 ]
d13=10.881112288182 eijMax=3.645E-03 rmsd=7.843E+00 s=[ 0 0 0 0 0 0 1 1 1 1 1 1 0 1 0 0 0 0 0 0 1 1 0 0 0 0 0 0 0 0 0 0 0 0 0 0 ]
d13=10.881112288182 eijMax=7.369E-03 rmsd=8.776E+00 s=[ 0 0 0 0 0 0 1 1 1 1 1 1 1 0 1 1 1 1 1 1 1 1 0 0 0 0 0 0 0 0 0 0 0 0 0 0 ]
d13=10.881112288182 eijMax=7.369E-03 rmsd=8.776E+00 s=[ 0 0 0 1 1 1 0 0 0 0 0 0 0 1 0 0 0 0 0 0 0 0 1 1 1 1 1 1 1 1 1 1 1 1 1 1 ]
d13=10.881112288182 eijMax=3.645E-03 rmsd=7.843E+00 s=[ 0 0 0 1 1 1 0 0 0 0 0 0 1 0 1 1 1 1 1 1 0 0 1 1 1 1 1 1 1 1 1 1 1 1 1 1 ]
d13=10.884677096364 eijMax=3.692E-03 rmsd=7.838E+00 s=[ 0 0 0 0 0 0 1 1 1 1 1 1 0 1 0 0 0 0 0 0 1 1 0 0 0 0 0 0 0 0 0 0 0 0 0 0 ]
d13=10.884677096364 eijMax=3.692E-03 rmsd=7.838E+00 s=[ 0 0 0 1 1 1 0 0 0 0 0 0 1 0 1 1 1 1 1 1 0 0 1 1 1 1 1 1 1 1 1 1 1 1 1 1 ]
d13=10.888241904545 eijMax=3.544E-03 rmsd=7.832E+00 s=[ 0 0 0 0 0 0 1 1 1 1 1 1 0 1 0 0 0 0 0 0 1 1 0 0 0 0 0 0 0 0 0 0 0 0 0 0 ]
d13=10.888241904545 eijMax=3.544E-03 rmsd=7.832E+00 s=[ 0 0 0 1 1 1 0 0 0 0 0 0 1 0 1 1 1 1 1 1 0 0 1 1 1 1 1 1 1 1 1 1 1 1 1 1 ]
d13=10.891806712727 eijMax=3.216E-03 rmsd=7.824E+00 s=[ 0 0 0 0 0 0 1 1 1 1 1 1 0 1 0 0 0 0 0 0 1 1 0 0 0 0 0 0 0 0 0 0 0 0 0 0 ]
d13=10.891806712727 eijMax=3.216E-03 rmsd=7.824E+00 s=[ 0 0 0 1 1 1 0 0 0 0 0 0 1 0 1 1 1 1 1 1 0 0 1 1 1 1 1 1 1 1 1 1 1 1 1 1 ]
d13=10.895371520909 eijMax=2.722E-03 rmsd=7.815E+00 s=[ 0 0 0 0 0 0 1 1 1 1 1 1 0 1 0 0 0 0 0 0 1 1 0 0 0 0 0 0 0 0 0 0 0 0 0 0 ]
d13=10.895371520909 eijMax=2.722E-03 rmsd=7.815E+00 s=[ 0 0 0 1 1 1 0 0 0 0 0 0 1 0 1 1 1 1 1 1 0 0 1 1 1 1 1 1 1 1 1 1 1 1 1 1 ]
d13=10.898936329091 eijMax=2.072E-03 rmsd=7.804E+00 s=[ 0 0 0 0 0 0 1 1 1 1 1 1 0 1 0 0 0 0 0 0 1 1 0 0 0 0 0 0 0 0 0 0 0 0 0 0 ]
d13=10.898936329091 eijMax=2.072E-03 rmsd=7.804E+00 s=[ 0 0 0 1 1 1 0 0 0 0 0 0 1 0 1 1 1 1 1 1 0 0 1 1 1 1 1 1 1 1 1 1 1 1 1 1 ]
d13=10.902501137273 eijMax=1.273E-03 rmsd=7.791E+00 s=[ 0 0 0 0 0 0 1 1 1 1 1 1 0 1 0 0 0 0 0 0 1 1 0 0 0 0 0 0 0 0 0 0 0 0 0 0 ]
d13=10.902501137273 eijMax=1.273E-03 rmsd=7.791E+00 s=[ 0 0 0 1 1 1 0 0 0 0 0 0 1 0 1 1 1 1 1 1 0 0 1 1 1 1 1 1 1 1 1 1 1 1 1 1 ]
d13=10.906065945455 eijMax=3.328E-04 rmsd=7.777E+00 s=[ 0 0 0 0 0 0 1 1 1 1 1 1 0 1 0 0 0 0 0 0 1 1 0 0 0 0 0 0 0 0 0 0 0 0 0 0 ]
d13=10.906065945455 eijMax=3.328E-04 rmsd=7.777E+00 s=[ 0 0 0 1 1 1 0 0 0 0 0 0 1 0 1 1 1 1 1 1 0 0 1 1 1 1 1 1 1 1 1 1 1 1 1 1 ]
d13=10.909630753636 eijMax=7.423E-04 rmsd=7.762E+00 s=[ 0 0 0 0 0 0 1 1 1 1 1 1 0 1 0 0 0 0 0 0 1 1 0 0 0 0 0 0 0 0 0 0 0 0 0 0 ]
d13=10.909630753636 eijMax=7.423E-04 rmsd=7.762E+00 s=[ 0 0 0 1 1 1 0 0 0 0 0 0 1 0 1 1 1 1 1 1 0 0 1 1 1 1 1 1 1 1 1 1 1 1 1 1 ]
d13=10.913195561818 eijMax=1.948E-03 rmsd=7.744E+00 s=[ 0 0 0 0 0 0 1 1 1 1 1 1 0 1 0 0 0 0 0 0 1 1 0 0 0 0 0 0 0 0 0 0 0 0 0 0 ]
d13=10.913195561818 eijMax=1.948E-03 rmsd=7.744E+00 s=[ 0 0 0 1 1 1 0 0 0 0 0 0 1 0 1 1 1 1 1 1 0 0 1 1 1 1 1 1 1 1 1 1 1 1 1 1 ]
d13=10.916760370000 eijMax=3.279E-03 rmsd=7.725E+00 s=[ 0 0 0 0 0 0 1 1 1 1 1 1 0 1 0 0 0 0 0 0 1 1 0 0 0 0 0 0 0 0 0 0 0 0 0 0 ]
d13=10.916760370000 eijMax=3.279E-03 rmsd=7.725E+00 s=[ 0 0 0 1 1 1 0 0 0 0 0 0 1 0 1 1 1 1 1 1 0 0 1 1 1 1 1 1 1 1 1 1 1 1 1 1 ]
d13=10.920325178182 eijMax=4.734E-03 rmsd=7.705E+00 s=[ 0 0 0 0 0 0 1 1 1 1 1 1 0 1 0 0 0 0 0 0 1 1 0 0 0 0 0 0 0 0 0 0 0 0 0 0 ]
d13=10.920325178182 eijMax=4.734E-03 rmsd=7.705E+00 s=[ 0 0 0 1 1 1 0 0 0 0 0 0 1 0 1 1 1 1 1 1 0 0 1 1 1 1 1 1 1 1 1 1 1 1 1 1 ]
d13=10.923889986364 eijMax=6.310E-03 rmsd=7.683E+00 s=[ 0 0 0 0 0 0 1 1 1 1 1 1 0 1 0 0 0 0 0 0 1 1 0 0 0 0 0 0 0 0 0 0 0 0 0 0 ]
d13=10.923889986364 eijMax=6.310E-03 rmsd=7.683E+00 s=[ 0 0 0 1 1 1 0 0 0 0 0 0 1 0 1 1 1 1 1 1 0 0 1 1 1 1 1 1 1 1 1 1 1 1 1 1 ]
d13=10.927454794545 eijMax=8.004E-03 rmsd=7.659E+00 s=[ 0 0 0 0 0 0 1 1 1 1 1 1 0 1 0 0 0 0 0 0 1 1 0 0 0 0 0 0 0 0 0 0 0 0 0 0 ]
d13=10.927454794545 eijMax=8.004E-03 rmsd=7.659E+00 s=[ 0 0 0 1 1 1 0 0 0 0 0 0 1 0 1 1 1 1 1 1 0 0 1 1 1 1 1 1 1 1 1 1 1 1 1 1 ]
d13=10.931019602727 eijMax=9.817E-03 rmsd=7.633E+00 s=[ 0 0 0 0 0 0 1 1 1 1 1 1 0 1 0 0 0 0 0 0 1 1 0 0 0 0 0 0 0 0 0 0 0 0 0 0 ]
d13=10.931019602727 eijMax=9.817E-03 rmsd=7.633E+00 s=[ 0 0 0 1 1 1 0 0 0 0 0 0 1 0 1 1 1 1 1 1 0 0 1 1 1 1 1 1 1 1 1 1 1 1 1 1 ]
d13=10.970232492727 eijMax=7.099E-03 rmsd=8.335E+00 s=[ 0 0 0 0 0 1 0 0 0 0 0 0 1 1 0 0 0 0 0 0 1 1 0 0 0 0 0 0 0 0 0 0 0 0 0 0 ]
d13=10.970232492727 eijMax=7.099E-03 rmsd=8.335E+00 s=[ 0 0 0 1 1 0 1 1 1 1 1 1 0 0 1 1 1 1 1 1 0 0 1 1 1 1 1 1 1 1 1 1 1 1 1 1 ]
d13=10.973797300909 eijMax=9.988E-03 rmsd=8.244E+00 s=[ 0 0 0 0 0 1 0 0 0 0 0 0 1 1 0 0 0 0 0 0 1 1 0 0 0 0 0 0 0 0 0 0 0 0 0 0 ]
d13=10.973797300909 eijMax=9.988E-03 rmsd=8.244E+00 s=[ 0 0 0 1 1 0 1 1 1 1 1 1 0 0 1 1 1 1 1 1 0 0 1 1 1 1 1 1 1 1 1 1 1 1 1 1 ]
d13=10.988056533636 eijMax=3.797E-03 rmsd=1.009E+01 s=[ 0 0 0 0 0 1 0 0 0 0 0 0 0 0 1 1 1 1 1 1 0 1 0 0 0 0 0 0 0 0 0 0 0 0 0 0 ]
d13=10.988056533636 eijMax=3.797E-03 rmsd=1.009E+01 s=[ 0 0 0 1 1 0 1 1 1 1 1 1 1 1 0 0 0 0 0 0 1 0 1 1 1 1 1 1 1 1 1 1 1 1 1 1 ]
d13=11.023704615455 eijMax=1.920E-03 rmsd=8.588E+00 s=[ 0 0 0 0 0 1 0 0 0 0 0 0 0 1 0 0 0 0 0 0 1 0 1 1 1 1 1 1 1 1 1 1 1 1 1 1 ]
d13=11.023704615455 eijMax=1.920E-03 rmsd=8.588E+00 s=[ 0 0 0 1 1 0 1 1 1 1 1 1 1 0 1 1 1 1 1 1 0 1 0 0 0 0 0 0 0 0 0 0 0 0 0 0 ]
d13=11.027269423636 eijMax=8.796E-03 rmsd=8.597E+00 s=[ 0 0 0 0 0 1 0 0 0 0 0 0 0 1 0 0 0 0 0 0 1 0 1 1 1 1 1 1 1 1 1 1 1 1 1 1 ]
d13=11.027269423636 eijMax=8.796E-03 rmsd=8.597E+00 s=[ 0 0 0 1 1 0 1 1 1 1 1 1 1 0 1 1 1 1 1 1 0 1 0 0 0 0 0 0 0 0 0 0 0 0 0 0 ]
d13=11.045093464545 eijMax=9.457E-03 rmsd=6.022E+00 s=[ 0 0 0 0 0 0 1 1 1 1 1 1 0 1 0 0 0 0 0 0 0 0 1 1 1 1 1 1 1 1 1 1 1 1 1 1 ]
d13=11.045093464545 eijMax=9.457E-03 rmsd=6.022E+00 s=[ 0 0 0 1 1 1 0 0 0 0 0 0 1 0 1 1 1 1 1 1 1 1 0 0 0 0 0 0 0 0 0 0 0 0 0 0 ]
d13=11.152037710000 eijMax=9.803E-03 rmsd=5.940E+00 s=[ 0 0 0 0 1 1 0 0 0 0 0 0 0 0 1 1 1 1 1 1 0 1 0 0 0 0 0 0 0 0 0 0 0 0 0 0 ]
d13=11.152037710000 eijMax=6.865E-03 rmsd=4.840E+00 s=[ 0 0 0 0 1 1 0 0 0 0 0 0 1 1 0 0 0 0 0 0 0 0 1 1 1 1 1 1 1 1 1 1 1 1 1 1 ]
d13=11.152037710000 eijMax=6.865E-03 rmsd=4.840E+00 s=[ 0 0 0 1 0 0 1 1 1 1 1 1 0 0 1 1 1 1 1 1 1 1 0 0 0 0 0 0 0 0 0 0 0 0 0 0 ]
d13=11.152037710000 eijMax=9.803E-03 rmsd=5.940E+00 s=[ 0 0 0 1 0 0 1 1 1 1 1 1 1 1 0 0 0 0 0 0 1 0 1 1 1 1 1 1 1 1 1 1 1 1 1 1 ]
d13=11.155602518182 eijMax=3.650E-03 rmsd=5.915E+00 s=[ 0 0 0 0 1 1 0 0 0 0 0 0 0 0 1 1 1 1 1 1 0 1 0 0 0 0 0 0 0 0 0 0 0 0 0 0 ]
d13=11.155602518182 eijMax=5.297E-03 rmsd=4.833E+00 s=[ 0 0 0 0 1 1 0 0 0 0 0 0 1 1 0 0 0 0 0 0 0 0 1 1 1 1 1 1 1 1 1 1 1 1 1 1 ]
d13=11.155602518182 eijMax=5.297E-03 rmsd=4.833E+00 s=[ 0 0 0 1 0 0 1 1 1 1 1 1 0 0 1 1 1 1 1 1 1 1 0 0 0 0 0 0 0 0 0 0 0 0 0 0 ]
d13=11.155602518182 eijMax=3.650E-03 rmsd=5.915E+00 s=[ 0 0 0 1 0 0 1 1 1 1 1 1 1 1 0 0 0 0 0 0 1 0 1 1 1 1 1 1 1 1 1 1 1 1 1 1 ]
d13=11.159167326364 eijMax=2.726E-03 rmsd=5.890E+00 s=[ 0 0 0 0 1 1 0 0 0 0 0 0 0 0 1 1 1 1 1 1 0 1 0 0 0 0 0 0 0 0 0 0 0 0 0 0 ]
d13=11.159167326364 eijMax=2.726E-03 rmsd=5.890E+00 s=[ 0 0 0 1 0 0 1 1 1 1 1 1 1 1 0 0 0 0 0 0 1 0 1 1 1 1 1 1 1 1 1 1 1 1 1 1 ]
d13=11.162732134545 eijMax=9.357E-03 rmsd=5.862E+00 s=[ 0 0 0 0 1 1 0 0 0 0 0 0 0 0 1 1 1 1 1 1 0 1 0 0 0 0 0 0 0 0 0 0 0 0 0 0 ]
d13=11.162732134545 eijMax=6.574E-03 rmsd=6.533E+00 s=[ 0 0 0 0 1 1 0 0 0 0 0 0 1 0 1 1 1 1 1 1 1 0 1 1 1 1 1 1 1 1 1 1 1 1 1 1 ]
d13=11.162732134545 eijMax=6.574E-03 rmsd=6.533E+00 s=[ 0 0 0 1 0 0 1 1 1 1 1 1 0 1 0 0 0 0 0 0 0 1 0 0 0 0 0 0 0 0 0 0 0 0 0 0 ]
d13=11.162732134545 eijMax=9.357E-03 rmsd=5.862E+00 s=[ 0 0 0 1 0 0 1 1 1 1 1 1 1 1 0 0 0 0 0 0 1 0 1 1 1 1 1 1 1 1 1 1 1 1 1 1 ]
d13=11.191250600000 eijMax=9.286E-03 rmsd=2.557E-01 s=[ 0 0 0 0 1 1 0 0 0 0 0 0 1 1 0 0 0 0 0 0 1 1 0 0 0 0 0 0 0 0 0 0 0 0 0 0 ]
d13=11.191250600000 eijMax=9.286E-03 rmsd=2.557E-01 s=[ 0 0 0 1 0 0 1 1 1 1 1 1 0 0 1 1 1 1 1 1 0 0 1 1 1 1 1 1 1 1 1 1 1 1 1 1 ]
num ..... 100
nnodes .. 36
nedges .. 264
nsols ... 100
tsecs ... 5.871954
