d13=11.340876101471 eijMax=9.127E-03 rmsd=3.112E+00 s=[ 0 0 0 0 0 1 0 0 0 0 0 0 0 1 0 0 0 0 0 0 1 1 0 0 0 0 0 0 0 0 0 0 0 0 0 0 ]
d13=11.340876101471 eijMax=9.127E-03 rmsd=3.112E+00 s=[ 0 0 0 0 0 1 1 0 0 0 0 0 0 1 0 0 0 0 0 0 1 1 0 0 0 0 0 0 0 0 0 0 0 0 0 0 ]
d13=11.340876101471 eijMax=9.127E-03 rmsd=3.112E+00 s=[ 0 0 0 1 1 0 0 1 1 1 1 1 1 0 1 1 1 1 1 1 0 0 1 1 1 1 1 1 1 1 1 1 1 1 1 1 ]
d13=11.340876101471 eijMax=9.127E-03 rmsd=3.112E+00 s=[ 0 0 0 1 1 0 1 1 1 1 1 1 1 0 1 1 1 1 1 1 0 0 1 1 1 1 1 1 1 1 1 1 1 1 1 1 ]
d13=11.341176563343 eijMax=7.046E-03 rmsd=3.111E+00 s=[ 0 0 0 0 0 1 0 0 0 0 0 0 0 1 0 0 0 0 0 0 1 1 0 0 0 0 0 0 0 0 0 0 0 0 0 0 ]
d13=11.341176563343 eijMax=7.046E-03 rmsd=3.111E+00 s=[ 0 0 0 0 0 1 1 0 0 0 0 0 0 1 0 0 0 0 0 0 1 1 0 0 0 0 0 0 0 0 0 0 0 0 0 0 ]
d13=11.341176563343 eijMax=7.046E-03 rmsd=3.111E+00 s=[ 0 0 0 1 1 0 0 1 1 1 1 1 1 0 1 1 1 1 1 1 0 0 1 1 1 1 1 1 1 1 1 1 1 1 1 1 ]
d13=11.341176563343 eijMax=7.046E-03 rmsd=3.111E+00 s=[ 0 0 0 1 1 0 1 1 1 1 1 1 1 0 1 1 1 1 1 1 0 0 1 1 1 1 1 1 1 1 1 1 1 1 1 1 ]
d13=11.341477025215 eijMax=5.003E-03 rmsd=3.110E+00 s=[ 0 0 0 0 0 1 0 0 0 0 0 0 0 1 0 0 0 0 0 0 1 1 0 0 0 0 0 0 0 0 0 0 0 0 0 0 ]
d13=11.341477025215 eijMax=5.003E-03 rmsd=3.110E+00 s=[ 0 0 0 0 0 1 1 0 0 0 0 0 0 1 0 0 0 0 0 0 1 1 0 0 0 0 0 0 0 0 0 0 0 0 0 0 ]
d13=11.341477025215 eijMax=5.003E-03 rmsd=3.110E+00 s=[ 0 0 0 1 1 0 0 1 1 1 1 1 1 0 1 1 1 1 1 1 0 0 1 1 1 1 1 1 1 1 1 1 1 1 1 1 ]
d13=11.341477025215 eijMax=5.003E-03 rmsd=3.110E+00 s=[ 0 0 0 1 1 0 1 1 1 1 1 1 1 0 1 1 1 1 1 1 0 0 1 1 1 1 1 1 1 1 1 1 1 1 1 1 ]
d13=11.341777487087 eijMax=2.994E-03 rmsd=3.109E+00 s=[ 0 0 0 0 0 1 0 0 0 0 0 0 0 1 0 0 0 0 0 0 1 1 0 0 0 0 0 0 0 0 0 0 0 0 0 0 ]
d13=11.341777487087 eijMax=2.994E-03 rmsd=3.109E+00 s=[ 0 0 0 0 0 1 1 0 0 0 0 0 0 1 0 0 0 0 0 0 1 1 0 0 0 0 0 0 0 0 0 0 0 0 0 0 ]
d13=11.341777487087 eijMax=2.994E-03 rmsd=3.109E+00 s=[ 0 0 0 1 1 0 0 1 1 1 1 1 1 0 1 1 1 1 1 1 0 0 1 1 1 1 1 1 1 1 1 1 1 1 1 1 ]
d13=11.341777487087 eijMax=2.994E-03 rmsd=3.109E+00 s=[ 0 0 0 1 1 0 1 1 1 1 1 1 1 0 1 1 1 1 1 1 0 0 1 1 1 1 1 1 1 1 1 1 1 1 1 1 ]
d13=11.342077948959 eijMax=1.019E-03 rmsd=3.107E+00 s=[ 0 0 0 0 0 1 0 0 0 0 0 0 0 1 0 0 0 0 0 0 1 1 0 0 0 0 0 0 0 0 0 0 0 0 0 0 ]
d13=11.342077948959 eijMax=1.019E-03 rmsd=3.107E+00 s=[ 0 0 0 0 0 1 1 0 0 0 0 0 0 1 0 0 0 0 0 0 1 1 0 0 0 0 0 0 0 0 0 0 0 0 0 0 ]
d13=11.342077948959 eijMax=1.019E-03 rmsd=3.107E+00 s=[ 0 0 0 1 1 0 0 1 1 1 1 1 1 0 1 1 1 1 1 1 0 0 1 1 1 1 1 1 1 1 1 1 1 1 1 1 ]
d13=11.342077948959 eijMax=1.019E-03 rmsd=3.107E+00 s=[ 0 0 0 1 1 0 1 1 1 1 1 1 1 0 1 1 1 1 1 1 0 0 1 1 1 1 1 1 1 1 1 1 1 1 1 1 ]
d13=11.342378410831 eijMax=9.244E-04 rmsd=3.106E+00 s=[ 0 0 0 0 0 1 0 0 0 0 0 0 0 1 0 0 0 0 0 0 1 1 0 0 0 0 0 0 0 0 0 0 0 0 0 0 ]
d13=11.342378410831 eijMax=9.244E-04 rmsd=3.106E+00 s=[ 0 0 0 0 0 1 1 0 0 0 0 0 0 1 0 0 0 0 0 0 1 1 0 0 0 0 0 0 0 0 0 0 0 0 0 0 ]
d13=11.342378410831 eijMax=9.244E-04 rmsd=3.106E+00 s=[ 0 0 0 1 1 0 0 1 1 1 1 1 1 0 1 1 1 1 1 1 0 0 1 1 1 1 1 1 1 1 1 1 1 1 1 1 ]
d13=11.342378410831 eijMax=9.244E-04 rmsd=3.106E+00 s=[ 0 0 0 1 1 0 1 1 1 1 1 1 1 0 1 1 1 1 1 1 0 0 1 1 1 1 1 1 1 1 1 1 1 1 1 1 ]
d13=11.342678872703 eijMax=2.836E-03 rmsd=3.104E+00 s=[ 0 0 0 0 0 1 0 0 0 0 0 0 0 1 0 0 0 0 0 0 1 1 0 0 0 0 0 0 0 0 0 0 0 0 0 0 ]
d13=11.342678872703 eijMax=2.836E-03 rmsd=3.104E+00 s=[ 0 0 0 0 0 1 1 0 0 0 0 0 0 1 0 0 0 0 0 0 1 1 0 0 0 0 0 0 0 0 0 0 0 0 0 0 ]
d13=11.342678872703 eijMax=2.836E-03 rmsd=3.104E+00 s=[ 0 0 0 1 1 0 0 1 1 1 1 1 1 0 1 1 1 1 1 1 0 0 1 1 1 1 1 1 1 1 1 1 1 1 1 1 ]
d13=11.342678872703 eijMax=2.836E-03 rmsd=3.104E+00 s=[ 0 0 0 1 1 0 1 1 1 1 1 1 1 0 1 1 1 1 1 1 0 0 1 1 1 1 1 1 1 1 1 1 1 1 1 1 ]
d13=11.342979334575 eijMax=4.718E-03 rmsd=3.103E+00 s=[ 0 0 0 0 0 1 0 0 0 0 0 0 0 1 0 0 0 0 0 0 1 1 0 0 0 0 0 0 0 0 0 0 0 0 0 0 ]
d13=11.342979334575 eijMax=4.718E-03 rmsd=3.103E+00 s=[ 0 0 0 0 0 1 1 0 0 0 0 0 0 1 0 0 0 0 0 0 1 1 0 0 0 0 0 0 0 0 0 0 0 0 0 0 ]
d13=11.342979334575 eijMax=4.718E-03 rmsd=3.103E+00 s=[ 0 0 0 1 1 0 0 1 1 1 1 1 1 0 1 1 1 1 1 1 0 0 1 1 1 1 1 1 1 1 1 1 1 1 1 1 ]
d13=11.342979334575 eijMax=4.718E-03 rmsd=3.103E+00 s=[ 0 0 0 1 1 0 1 1 1 1 1 1 1 0 1 1 1 1 1 1 0 0 1 1 1 1 1 1 1 1 1 1 1 1 1 1 ]
d13=11.343279796446 eijMax=6.571E-03 rmsd=3.101E+00 s=[ 0 0 0 0 0 1 0 0 0 0 0 0 0 1 0 0 0 0 0 0 1 1 0 0 0 0 0 0 0 0 0 0 0 0 0 0 ]
d13=11.343279796446 eijMax=6.571E-03 rmsd=3.101E+00 s=[ 0 0 0 0 0 1 1 0 0 0 0 0 0 1 0 0 0 0 0 0 1 1 0 0 0 0 0 0 0 0 0 0 0 0 0 0 ]
d13=11.343279796446 eijMax=6.571E-03 rmsd=3.101E+00 s=[ 0 0 0 1 1 0 0 1 1 1 1 1 1 0 1 1 1 1 1 1 0 0 1 1 1 1 1 1 1 1 1 1 1 1 1 1 ]
d13=11.343279796446 eijMax=6.571E-03 rmsd=3.101E+00 s=[ 0 0 0 1 1 0 1 1 1 1 1 1 1 0 1 1 1 1 1 1 0 0 1 1 1 1 1 1 1 1 1 1 1 1 1 1 ]
d13=11.343580258318 eijMax=8.395E-03 rmsd=3.099E+00 s=[ 0 0 0 0 0 1 0 0 0 0 0 0 0 1 0 0 0 0 0 0 1 1 0 0 0 0 0 0 0 0 0 0 0 0 0 0 ]
d13=11.343580258318 eijMax=8.395E-03 rmsd=3.099E+00 s=[ 0 0 0 0 0 1 1 0 0 0 0 0 0 1 0 0 0 0 0 0 1 1 0 0 0 0 0 0 0 0 0 0 0 0 0 0 ]
d13=11.343580258318 eijMax=8.395E-03 rmsd=3.099E+00 s=[ 0 0 0 1 1 0 0 1 1 1 1 1 1 0 1 1 1 1 1 1 0 0 1 1 1 1 1 1 1 1 1 1 1 1 1 1 ]
d13=11.343580258318 eijMax=8.395E-03 rmsd=3.099E+00 s=[ 0 0 0 1 1 0 1 1 1 1 1 1 1 0 1 1 1 1 1 1 0 0 1 1 1 1 1 1 1 1 1 1 1 1 1 1 ]
d13=11.349889957628 eijMax=9.063E-03 rmsd=4.719E+00 s=[ 0 0 0 0 0 0 0 1 1 1 1 1 1 0 1 1 1 1 1 1 1 1 0 0 0 0 0 0 0 0 0 0 0 0 0 0 ]
d13=11.349889957628 eijMax=9.063E-03 rmsd=4.719E+00 s=[ 0 0 0 0 0 0 1 1 1 1 1 1 1 0 1 1 1 1 1 1 1 1 0 0 0 0 0 0 0 0 0 0 0 0 0 0 ]
d13=11.349889957628 eijMax=9.063E-03 rmsd=4.719E+00 s=[ 0 0 0 1 1 1 0 0 0 0 0 0 0 1 0 0 0 0 0 0 0 0 1 1 1 1 1 1 1 1 1 1 1 1 1 1 ]
d13=11.349889957628 eijMax=9.063E-03 rmsd=4.719E+00 s=[ 0 0 0 1 1 1 1 0 0 0 0 0 0 1 0 0 0 0 0 0 0 0 1 1 1 1 1 1 1 1 1 1 1 1 1 1 ]
d13=11.350190419500 eijMax=7.959E-03 rmsd=4.721E+00 s=[ 0 0 0 0 0 0 0 1 1 1 1 1 1 0 1 1 1 1 1 1 1 1 0 0 0 0 0 0 0 0 0 0 0 0 0 0 ]
d13=11.350190419500 eijMax=7.959E-03 rmsd=4.721E+00 s=[ 0 0 0 0 0 0 1 1 1 1 1 1 1 0 1 1 1 1 1 1 1 1 0 0 0 0 0 0 0 0 0 0 0 0 0 0 ]
d13=11.350190419500 eijMax=7.959E-03 rmsd=4.721E+00 s=[ 0 0 0 1 1 1 0 0 0 0 0 0 0 1 0 0 0 0 0 0 0 0 1 1 1 1 1 1 1 1 1 1 1 1 1 1 ]
d13=11.350190419500 eijMax=7.959E-03 rmsd=4.721E+00 s=[ 0 0 0 1 1 1 1 0 0 0 0 0 0 1 0 0 0 0 0 0 0 0 1 1 1 1 1 1 1 1 1 1 1 1 1 1 ]
d13=11.350490881371 eijMax=6.852E-03 rmsd=4.723E+00 s=[ 0 0 0 0 0 0 0 1 1 1 1 1 1 0 1 1 1 1 1 1 1 1 0 0 0 0 0 0 0 0 0 0 0 0 0 0 ]
d13=11.350490881371 eijMax=6.852E-03 rmsd=4.723E+00 s=[ 0 0 0 0 0 0 1 1 1 1 1 1 1 0 1 1 1 1 1 1 1 1 0 0 0 0 0 0 0 0 0 0 0 0 0 0 ]
d13=11.350490881371 eijMax=6.852E-03 rmsd=4.723E+00 s=[ 0 0 0 1 1 1 0 0 0 0 0 0 0 1 0 0 0 0 0 0 0 0 1 1 1 1 1 1 1 1 1 1 1 1 1 1 ]
d13=11.350490881371 eijMax=6.852E-03 rmsd=4.723E+00 s=[ 0 0 0 1 1 1 1 0 0 0 0 0 0 1 0 0 0 0 0 0 0 0 1 1 1 1 1 1 1 1 1 1 1 1 1 1 ]
d13=11.350791343243 eijMax=5.742E-03 rmsd=4.725E+00 s=[ 0 0 0 0 0 0 0 1 1 1 1 1 1 0 1 1 1 1 1 1 1 1 0 0 0 0 0 0 0 0 0 0 0 0 0 0 ]
d13=11.350791343243 eijMax=5.742E-03 rmsd=4.725E+00 s=[ 0 0 0 0 0 0 1 1 1 1 1 1 1 0 1 1 1 1 1 1 1 1 0 0 0 0 0 0 0 0 0 0 0 0 0 0 ]
d13=11.350791343243 eijMax=5.742E-03 rmsd=4.725E+00 s=[ 0 0 0 1 1 1 0 0 0 0 0 0 0 1 0 0 0 0 0 0 0 0 1 1 1 1 1 1 1 1 1 1 1 1 1 1 ]
d13=11.350791343243 eijMax=5.742E-03 rmsd=4.725E+00 s=[ 0 0 0 1 1 1 1 0 0 0 0 0 0 1 0 0 0 0 0 0 0 0 1 1 1 1 1 1 1 1 1 1 1 1 1 1 ]
d13=11.351091805115 eijMax=4.630E-03 rmsd=4.727E+00 s=[ 0 0 0 0 0 0 0 1 1 1 1 1 1 0 1 1 1 1 1 1 1 1 0 0 0 0 0 0 0 0 0 0 0 0 0 0 ]
d13=11.351091805115 eijMax=4.630E-03 rmsd=4.727E+00 s=[ 0 0 0 0 0 0 1 1 1 1 1 1 1 0 1 1 1 1 1 1 1 1 0 0 0 0 0 0 0 0 0 0 0 0 0 0 ]
d13=11.351091805115 eijMax=4.630E-03 rmsd=4.727E+00 s=[ 0 0 0 1 1 1 0 0 0 0 0 0 0 1 0 0 0 0 0 0 0 0 1 1 1 1 1 1 1 1 1 1 1 1 1 1 ]
d13=11.351091805115 eijMax=4.630E-03 rmsd=4.727E+00 s=[ 0 0 0 1 1 1 1 0 0 0 0 0 0 1 0 0 0 0 0 0 0 0 1 1 1 1 1 1 1 1 1 1 1 1 1 1 ]
d13=11.351392266987 eijMax=3.514E-03 rmsd=4.729E+00 s=[ 0 0 0 0 0 0 0 1 1 1 1 1 1 0 1 1 1 1 1 1 1 1 0 0 0 0 0 0 0 0 0 0 0 0 0 0 ]
d13=11.351392266987 eijMax=3.514E-03 rmsd=4.729E+00 s=[ 0 0 0 0 0 0 1 1 1 1 1 1 1 0 1 1 1 1 1 1 1 1 0 0 0 0 0 0 0 0 0 0 0 0 0 0 ]
d13=11.351392266987 eijMax=3.514E-03 rmsd=4.729E+00 s=[ 0 0 0 1 1 1 0 0 0 0 0 0 0 1 0 0 0 0 0 0 0 0 1 1 1 1 1 1 1 1 1 1 1 1 1 1 ]
d13=11.351392266987 eijMax=3.514E-03 rmsd=4.729E+00 s=[ 0 0 0 1 1 1 1 0 0 0 0 0 0 1 0 0 0 0 0 0 0 0 1 1 1 1 1 1 1 1 1 1 1 1 1 1 ]
d13=11.351692728859 eijMax=2.394E-03 rmsd=4.731E+00 s=[ 0 0 0 0 0 0 0 1 1 1 1 1 1 0 1 1 1 1 1 1 1 1 0 0 0 0 0 0 0 0 0 0 0 0 0 0 ]
d13=11.351692728859 eijMax=2.394E-03 rmsd=4.731E+00 s=[ 0 0 0 0 0 0 1 1 1 1 1 1 1 0 1 1 1 1 1 1 1 1 0 0 0 0 0 0 0 0 0 0 0 0 0 0 ]
d13=11.351692728859 eijMax=2.394E-03 rmsd=4.731E+00 s=[ 0 0 0 1 1 1 0 0 0 0 0 0 0 1 0 0 0 0 0 0 0 0 1 1 1 1 1 1 1 1 1 1 1 1 1 1 ]
d13=11.351692728859 eijMax=2.394E-03 rmsd=4.731E+00 s=[ 0 0 0 1 1 1 1 0 0 0 0 0 0 1 0 0 0 0 0 0 0 0 1 1 1 1 1 1 1 1 1 1 1 1 1 1 ]
d13=11.351993190731 eijMax=1.272E-03 rmsd=4.733E+00 s=[ 0 0 0 0 0 0 0 1 1 1 1 1 1 0 1 1 1 1 1 1 1 1 0 0 0 0 0 0 0 0 0 0 0 0 0 0 ]
d13=11.351993190731 eijMax=1.272E-03 rmsd=4.733E+00 s=[ 0 0 0 0 0 0 1 1 1 1 1 1 1 0 1 1 1 1 1 1 1 1 0 0 0 0 0 0 0 0 0 0 0 0 0 0 ]
d13=11.351993190731 eijMax=1.272E-03 rmsd=4.733E+00 s=[ 0 0 0 1 1 1 0 0 0 0 0 0 0 1 0 0 0 0 0 0 0 0 1 1 1 1 1 1 1 1 1 1 1 1 1 1 ]
d13=11.351993190731 eijMax=1.272E-03 rmsd=4.733E+00 s=[ 0 0 0 1 1 1 1 0 0 0 0 0 0 1 0 0 0 0 0 0 0 0 1 1 1 1 1 1 1 1 1 1 1 1 1 1 ]
d13=11.352293652603 eijMax=1.464E-04 rmsd=4.735E+00 s=[ 0 0 0 0 0 0 0 1 1 1 1 1 1 0 1 1 1 1 1 1 1 1 0 0 0 0 0 0 0 0 0 0 0 0 0 0 ]
d13=11.352293652603 eijMax=2.366E-04 rmsd=4.734E+00 s=[ 0 0 0 0 0 0 1 1 1 1 1 1 1 0 1 1 1 1 1 1 1 1 0 0 0 0 0 0 0 0 0 0 0 0 0 0 ]
d13=11.352293652603 eijMax=2.366E-04 rmsd=4.734E+00 s=[ 0 0 0 1 1 1 0 0 0 0 0 0 0 1 0 0 0 0 0 0 0 0 1 1 1 1 1 1 1 1 1 1 1 1 1 1 ]
d13=11.352293652603 eijMax=1.464E-04 rmsd=4.735E+00 s=[ 0 0 0 1 1 1 1 0 0 0 0 0 0 1 0 0 0 0 0 0 0 0 1 1 1 1 1 1 1 1 1 1 1 1 1 1 ]
d13=11.352594114475 eijMax=9.826E-04 rmsd=4.736E+00 s=[ 0 0 0 0 0 0 0 1 1 1 1 1 1 0 1 1 1 1 1 1 1 1 0 0 0 0 0 0 0 0 0 0 0 0 0 0 ]
d13=11.352594114475 eijMax=9.826E-04 rmsd=4.736E+00 s=[ 0 0 0 0 0 0 1 1 1 1 1 1 1 0 1 1 1 1 1 1 1 1 0 0 0 0 0 0 0 0 0 0 0 0 0 0 ]
d13=11.352594114474 eijMax=9.826E-04 rmsd=4.736E+00 s=[ 0 0 0 1 1 1 0 0 0 0 0 0 0 1 0 0 0 0 0 0 0 0 1 1 1 1 1 1 1 1 1 1 1 1 1 1 ]
d13=11.352594114474 eijMax=9.826E-04 rmsd=4.736E+00 s=[ 0 0 0 1 1 1 1 0 0 0 0 0 0 1 0 0 0 0 0 0 0 0 1 1 1 1 1 1 1 1 1 1 1 1 1 1 ]
d13=11.352894576346 eijMax=2.115E-03 rmsd=4.738E+00 s=[ 0 0 0 0 0 0 0 1 1 1 1 1 1 0 1 1 1 1 1 1 1 1 0 0 0 0 0 0 0 0 0 0 0 0 0 0 ]
d13=11.352894576346 eijMax=2.115E-03 rmsd=4.738E+00 s=[ 0 0 0 0 0 0 1 1 1 1 1 1 1 0 1 1 1 1 1 1 1 1 0 0 0 0 0 0 0 0 0 0 0 0 0 0 ]
d13=11.352894576346 eijMax=2.115E-03 rmsd=4.738E+00 s=[ 0 0 0 1 1 1 0 0 0 0 0 0 0 1 0 0 0 0 0 0 0 0 1 1 1 1 1 1 1 1 1 1 1 1 1 1 ]
d13=11.352894576346 eijMax=2.115E-03 rmsd=4.738E+00 s=[ 0 0 0 1 1 1 1 0 0 0 0 0 0 1 0 0 0 0 0 0 0 0 1 1 1 1 1 1 1 1 1 1 1 1 1 1 ]
d13=11.353195038218 eijMax=3.251E-03 rmsd=4.740E+00 s=[ 0 0 0 0 0 0 0 1 1 1 1 1 1 0 1 1 1 1 1 1 1 1 0 0 0 0 0 0 0 0 0 0 0 0 0 0 ]
d13=11.353195038218 eijMax=3.251E-03 rmsd=4.740E+00 s=[ 0 0 0 0 0 0 1 1 1 1 1 1 1 0 1 1 1 1 1 1 1 1 0 0 0 0 0 0 0 0 0 0 0 0 0 0 ]
d13=11.353195038218 eijMax=3.251E-03 rmsd=4.740E+00 s=[ 0 0 0 1 1 1 0 0 0 0 0 0 0 1 0 0 0 0 0 0 0 0 1 1 1 1 1 1 1 1 1 1 1 1 1 1 ]
d13=11.353195038218 eijMax=3.251E-03 rmsd=4.740E+00 s=[ 0 0 0 1 1 1 1 0 0 0 0 0 0 1 0 0 0 0 0 0 0 0 1 1 1 1 1 1 1 1 1 1 1 1 1 1 ]
d13=11.353495500090 eijMax=4.391E-03 rmsd=4.742E+00 s=[ 0 0 0 0 0 0 0 1 1 1 1 1 1 0 1 1 1 1 1 1 1 1 0 0 0 0 0 0 0 0 0 0 0 0 0 0 ]
d13=11.353495500090 eijMax=4.391E-03 rmsd=4.742E+00 s=[ 0 0 0 0 0 0 1 1 1 1 1 1 1 0 1 1 1 1 1 1 1 1 0 0 0 0 0 0 0 0 0 0 0 0 0 0 ]
d13=11.353495500090 eijMax=4.391E-03 rmsd=4.742E+00 s=[ 0 0 0 1 1 1 0 0 0 0 0 0 0 1 0 0 0 0 0 0 0 0 1 1 1 1 1 1 1 1 1 1 1 1 1 1 ]
d13=11.353495500090 eijMax=4.391E-03 rmsd=4.742E+00 s=[ 0 0 0 1 1 1 1 0 0 0 0 0 0 1 0 0 0 0 0 0 0 0 1 1 1 1 1 1 1 1 1 1 1 1 1 1 ]
d13=11.353795961962 eijMax=5.534E-03 rmsd=4.744E+00 s=[ 0 0 0 0 0 0 0 1 1 1 1 1 1 0 1 1 1 1 1 1 1 1 0 0 0 0 0 0 0 0 0 0 0 0 0 0 ]
d13=11.353795961962 eijMax=5.534E-03 rmsd=4.744E+00 s=[ 0 0 0 0 0 0 1 1 1 1 1 1 1 0 1 1 1 1 1 1 1 1 0 0 0 0 0 0 0 0 0 0 0 0 0 0 ]
d13=11.353795961962 eijMax=5.534E-03 rmsd=4.744E+00 s=[ 0 0 0 1 1 1 0 0 0 0 0 0 0 1 0 0 0 0 0 0 0 0 1 1 1 1 1 1 1 1 1 1 1 1 1 1 ]
d13=11.353795961962 eijMax=5.534E-03 rmsd=4.744E+00 s=[ 0 0 0 1 1 1 1 0 0 0 0 0 0 1 0 0 0 0 0 0 0 0 1 1 1 1 1 1 1 1 1 1 1 1 1 1 ]
d13=11.354096423834 eijMax=6.681E-03 rmsd=4.746E+00 s=[ 0 0 0 0 0 0 0 1 1 1 1 1 1 0 1 1 1 1 1 1 1 1 0 0 0 0 0 0 0 0 0 0 0 0 0 0 ]
d13=11.354096423834 eijMax=6.681E-03 rmsd=4.746E+00 s=[ 0 0 0 0 0 0 1 1 1 1 1 1 1 0 1 1 1 1 1 1 1 1 0 0 0 0 0 0 0 0 0 0 0 0 0 0 ]
d13=11.354096423834 eijMax=6.681E-03 rmsd=4.746E+00 s=[ 0 0 0 1 1 1 0 0 0 0 0 0 0 1 0 0 0 0 0 0 0 0 1 1 1 1 1 1 1 1 1 1 1 1 1 1 ]
d13=11.354096423834 eijMax=6.681E-03 rmsd=4.746E+00 s=[ 0 0 0 1 1 1 1 0 0 0 0 0 0 1 0 0 0 0 0 0 0 0 1 1 1 1 1 1 1 1 1 1 1 1 1 1 ]
d13=11.354396885706 eijMax=7.832E-03 rmsd=4.748E+00 s=[ 0 0 0 0 0 0 0 1 1 1 1 1 1 0 1 1 1 1 1 1 1 1 0 0 0 0 0 0 0 0 0 0 0 0 0 0 ]
d13=11.354396885706 eijMax=7.832E-03 rmsd=4.748E+00 s=[ 0 0 0 0 0 0 1 1 1 1 1 1 1 0 1 1 1 1 1 1 1 1 0 0 0 0 0 0 0 0 0 0 0 0 0 0 ]
d13=11.354396885706 eijMax=7.832E-03 rmsd=4.748E+00 s=[ 0 0 0 1 1 1 0 0 0 0 0 0 0 1 0 0 0 0 0 0 0 0 1 1 1 1 1 1 1 1 1 1 1 1 1 1 ]
d13=11.354396885706 eijMax=7.832E-03 rmsd=4.748E+00 s=[ 0 0 0 1 1 1 1 0 0 0 0 0 0 1 0 0 0 0 0 0 0 0 1 1 1 1 1 1 1 1 1 1 1 1 1 1 ]
d13=11.354697347578 eijMax=8.987E-03 rmsd=4.750E+00 s=[ 0 0 0 0 0 0 0 1 1 1 1 1 1 0 1 1 1 1 1 1 1 1 0 0 0 0 0 0 0 0 0 0 0 0 0 0 ]
d13=11.354697347578 eijMax=8.987E-03 rmsd=4.750E+00 s=[ 0 0 0 0 0 0 1 1 1 1 1 1 1 0 1 1 1 1 1 1 1 1 0 0 0 0 0 0 0 0 0 0 0 0 0 0 ]
d13=11.354697347578 eijMax=8.987E-03 rmsd=4.750E+00 s=[ 0 0 0 1 1 1 0 0 0 0 0 0 0 1 0 0 0 0 0 0 0 0 1 1 1 1 1 1 1 1 1 1 1 1 1 1 ]
d13=11.354697347578 eijMax=8.987E-03 rmsd=4.750E+00 s=[ 0 0 0 1 1 1 1 0 0 0 0 0 0 1 0 0 0 0 0 0 0 0 1 1 1 1 1 1 1 1 1 1 1 1 1 1 ]
d13=11.426808196827 eijMax=9.091E-03 rmsd=8.118E-02 s=[ 0 0 0 0 0 1 0 0 0 0 0 0 0 1 0 0 0 0 0 0 1 1 0 0 0 0 0 0 0 0 0 0 0 0 0 0 ]
d13=11.426808196827 eijMax=9.091E-03 rmsd=8.117E-02 s=[ 0 0 0 0 0 1 1 0 0 0 0 0 0 1 0 0 0 0 0 0 1 1 0 0 0 0 0 0 0 0 0 0 0 0 0 0 ]
d13=11.426808196827 eijMax=9.091E-03 rmsd=8.117E-02 s=[ 0 0 0 1 1 0 0 1 1 1 1 1 1 0 1 1 1 1 1 1 0 0 1 1 1 1 1 1 1 1 1 1 1 1 1 1 ]
d13=11.426808196827 eijMax=9.091E-03 rmsd=8.118E-02 s=[ 0 0 0 1 1 0 1 1 1 1 1 1 1 0 1 1 1 1 1 1 0 0 1 1 1 1 1 1 1 1 1 1 1 1 1 1 ]
num ..... 1000
nnodes .. 36
nedges .. 264
nsols ... 112
tsecs ... 30.968143
