d13=8.944722882823 eijMax=9.348E-03 rmsd=7.286E+00 s=[ 0 0 0 0 0 0 1 0 0 0 1 1 1 0 0 1 1 1 1 1 1 0 1 0 0 0 0 0 0 0 0 0 0 0 0 0 ]
d13=8.944722882823 eijMax=9.348E-03 rmsd=7.286E+00 s=[ 0 0 0 1 1 1 0 1 1 1 0 0 0 1 1 0 0 0 0 0 0 1 0 1 1 1 1 1 1 1 1 1 1 1 1 1 ]
d13=8.946946254074 eijMax=1.311E-03 rmsd=7.328E+00 s=[ 0 0 0 0 0 0 1 0 0 0 1 1 1 0 0 1 1 1 1 1 1 0 1 0 0 0 0 0 0 0 0 0 0 0 0 0 ]
d13=8.946946254074 eijMax=1.311E-03 rmsd=7.328E+00 s=[ 0 0 0 1 1 1 0 1 1 1 0 0 0 1 1 0 0 0 0 0 0 1 0 1 1 1 1 1 1 1 1 1 1 1 1 1 ]
d13=8.949169625325 eijMax=5.119E-03 rmsd=7.370E+00 s=[ 0 0 0 0 0 0 1 0 0 0 1 1 1 0 0 1 1 1 1 1 1 0 1 0 0 0 0 0 0 0 0 0 0 0 0 0 ]
d13=8.949169625325 eijMax=5.119E-03 rmsd=7.370E+00 s=[ 0 0 0 1 1 1 0 1 1 1 0 0 0 1 1 0 0 0 0 0 0 1 0 1 1 1 1 1 1 1 1 1 1 1 1 1 ]
d13=9.051444702883 eijMax=6.251E-03 rmsd=1.121E+01 s=[ 0 0 0 0 0 1 0 1 1 1 0 0 0 0 0 1 1 1 1 1 1 1 0 1 1 1 1 1 1 1 1 1 1 1 1 1 ]
d13=9.051444702883 eijMax=6.560E-03 rmsd=1.126E+01 s=[ 0 0 0 0 0 1 0 1 1 1 0 0 1 0 0 1 1 1 1 1 1 1 0 1 1 1 1 1 1 1 1 1 1 1 1 1 ]
d13=9.051444702883 eijMax=6.560E-03 rmsd=1.126E+01 s=[ 0 0 0 1 1 0 1 0 0 0 1 1 0 1 1 0 0 0 0 0 0 0 1 0 0 0 0 0 0 0 0 0 0 0 0 0 ]
d13=9.051444702883 eijMax=6.251E-03 rmsd=1.121E+01 s=[ 0 0 0 1 1 0 1 0 0 0 1 1 1 1 1 0 0 0 0 0 0 0 1 0 0 0 0 0 0 0 0 0 0 0 0 0 ]
d13=9.073678415395 eijMax=2.544E-03 rmsd=5.407E+00 s=[ 0 0 0 0 0 1 0 1 1 1 0 0 0 1 1 0 0 0 0 0 0 0 1 0 0 0 0 0 0 0 0 0 0 0 0 0 ]
d13=9.073678415395 eijMax=2.544E-03 rmsd=5.407E+00 s=[ 0 0 0 1 1 0 1 0 0 0 1 1 1 0 0 1 1 1 1 1 1 1 0 1 1 1 1 1 1 1 1 1 1 1 1 1 ]
d13=9.075901786647 eijMax=5.228E-03 rmsd=5.442E+00 s=[ 0 0 0 0 0 1 0 1 1 1 0 0 0 1 1 0 0 0 0 0 0 0 1 0 0 0 0 0 0 0 0 0 0 0 0 0 ]
d13=9.075901786647 eijMax=5.228E-03 rmsd=5.442E+00 s=[ 0 0 0 1 1 0 1 0 0 0 1 1 1 0 0 1 1 1 1 1 1 1 0 1 1 1 1 1 1 1 1 1 1 1 1 1 ]
d13=9.095912127908 eijMax=3.713E-03 rmsd=1.091E+01 s=[ 0 0 0 0 0 1 0 1 1 1 0 0 0 1 1 0 0 0 0 0 1 1 0 1 1 1 1 1 1 1 1 1 1 1 1 1 ]
d13=9.095912127908 eijMax=3.713E-03 rmsd=1.091E+01 s=[ 0 0 0 1 1 0 1 0 0 0 1 1 1 0 0 1 1 1 1 1 0 0 1 0 0 0 0 0 0 0 0 0 0 0 0 0 ]
d13=9.098135499159 eijMax=2.757E-03 rmsd=1.093E+01 s=[ 0 0 0 0 0 1 0 1 1 1 0 0 0 1 1 0 0 0 0 0 1 1 0 1 1 1 1 1 1 1 1 1 1 1 1 1 ]
d13=9.098135499159 eijMax=2.757E-03 rmsd=1.093E+01 s=[ 0 0 0 1 1 0 1 0 0 0 1 1 1 0 0 1 1 1 1 1 0 0 1 0 0 0 0 0 0 0 0 0 0 0 0 0 ]
d13=9.100358870410 eijMax=9.346E-03 rmsd=1.096E+01 s=[ 0 0 0 0 0 1 0 1 1 1 0 0 0 1 1 0 0 0 0 0 1 1 0 1 1 1 1 1 1 1 1 1 1 1 1 1 ]
d13=9.100358870410 eijMax=9.346E-03 rmsd=1.096E+01 s=[ 0 0 0 1 1 0 1 0 0 0 1 1 1 0 0 1 1 1 1 1 0 0 1 0 0 0 0 0 0 0 0 0 0 0 0 0 ]
d13=9.167060007948 eijMax=8.588E-03 rmsd=9.425E+00 s=[ 0 0 0 0 0 0 1 0 0 0 1 1 1 1 1 0 0 0 0 0 1 0 1 0 0 0 0 0 0 0 0 0 0 0 0 0 ]
d13=9.167060007948 eijMax=8.588E-03 rmsd=9.425E+00 s=[ 0 0 0 1 1 1 0 1 1 1 0 0 0 0 0 1 1 1 1 1 0 1 0 1 1 1 1 1 1 1 1 1 1 1 1 1 ]
d13=9.169283379199 eijMax=6.516E-03 rmsd=9.430E+00 s=[ 0 0 0 0 0 0 1 0 0 0 1 1 1 1 1 0 0 0 0 0 1 0 1 0 0 0 0 0 0 0 0 0 0 0 0 0 ]
d13=9.169283379199 eijMax=6.516E-03 rmsd=9.430E+00 s=[ 0 0 0 1 1 1 0 1 1 1 0 0 0 0 0 1 1 1 1 1 0 1 0 1 1 1 1 1 1 1 1 1 1 1 1 1 ]
d13=9.171506750450 eijMax=4.438E-03 rmsd=9.435E+00 s=[ 0 0 0 0 0 0 1 0 0 0 1 1 1 1 1 0 0 0 0 0 1 0 1 0 0 0 0 0 0 0 0 0 0 0 0 0 ]
d13=9.171506750450 eijMax=4.438E-03 rmsd=9.435E+00 s=[ 0 0 0 1 1 1 0 1 1 1 0 0 0 0 0 1 1 1 1 1 0 1 0 1 1 1 1 1 1 1 1 1 1 1 1 1 ]
d13=9.173730121702 eijMax=2.355E-03 rmsd=9.440E+00 s=[ 0 0 0 0 0 0 1 0 0 0 1 1 1 1 1 0 0 0 0 0 1 0 1 0 0 0 0 0 0 0 0 0 0 0 0 0 ]
d13=9.173730121702 eijMax=2.355E-03 rmsd=9.440E+00 s=[ 0 0 0 1 1 1 0 1 1 1 0 0 0 0 0 1 1 1 1 1 0 1 0 1 1 1 1 1 1 1 1 1 1 1 1 1 ]
d13=9.175953492953 eijMax=2.674E-04 rmsd=9.446E+00 s=[ 0 0 0 0 0 0 1 0 0 0 1 1 1 1 1 0 0 0 0 0 1 0 1 0 0 0 0 0 0 0 0 0 0 0 0 0 ]
d13=9.175953492953 eijMax=2.674E-04 rmsd=9.446E+00 s=[ 0 0 0 1 1 1 0 1 1 1 0 0 0 0 0 1 1 1 1 1 0 1 0 1 1 1 1 1 1 1 1 1 1 1 1 1 ]
d13=9.178176864204 eijMax=1.825E-03 rmsd=9.452E+00 s=[ 0 0 0 0 0 0 1 0 0 0 1 1 1 1 1 0 0 0 0 0 1 0 1 0 0 0 0 0 0 0 0 0 0 0 0 0 ]
d13=9.178176864204 eijMax=1.825E-03 rmsd=9.452E+00 s=[ 0 0 0 1 1 1 0 1 1 1 0 0 0 0 0 1 1 1 1 1 0 1 0 1 1 1 1 1 1 1 1 1 1 1 1 1 ]
d13=9.180400235455 eijMax=3.922E-03 rmsd=9.458E+00 s=[ 0 0 0 0 0 0 1 0 0 0 1 1 1 1 1 0 0 0 0 0 1 0 1 0 0 0 0 0 0 0 0 0 0 0 0 0 ]
d13=9.180400235455 eijMax=9.225E-03 rmsd=1.065E+01 s=[ 0 0 0 0 0 1 0 1 1 1 0 0 1 1 1 0 0 0 0 0 1 1 0 1 1 1 1 1 1 1 1 1 1 1 1 1 ]
d13=9.180400235455 eijMax=9.225E-03 rmsd=1.065E+01 s=[ 0 0 0 1 1 0 1 0 0 0 1 1 0 0 0 1 1 1 1 1 0 0 1 0 0 0 0 0 0 0 0 0 0 0 0 0 ]
d13=9.180400235455 eijMax=3.922E-03 rmsd=9.458E+00 s=[ 0 0 0 1 1 1 0 1 1 1 0 0 0 0 0 1 1 1 1 1 0 1 0 1 1 1 1 1 1 1 1 1 1 1 1 1 ]
d13=9.182623606707 eijMax=6.023E-03 rmsd=9.465E+00 s=[ 0 0 0 0 0 0 1 0 0 0 1 1 1 1 1 0 0 0 0 0 1 0 1 0 0 0 0 0 0 0 0 0 0 0 0 0 ]
d13=9.182623606707 eijMax=7.770E-03 rmsd=1.065E+01 s=[ 0 0 0 0 0 1 0 1 1 1 0 0 1 1 1 0 0 0 0 0 1 1 0 1 1 1 1 1 1 1 1 1 1 1 1 1 ]
d13=9.182623606707 eijMax=7.770E-03 rmsd=1.065E+01 s=[ 0 0 0 1 1 0 1 0 0 0 1 1 0 0 0 1 1 1 1 1 0 0 1 0 0 0 0 0 0 0 0 0 0 0 0 0 ]
d13=9.182623606707 eijMax=6.023E-03 rmsd=9.465E+00 s=[ 0 0 0 1 1 1 0 1 1 1 0 0 0 0 0 1 1 1 1 1 0 1 0 1 1 1 1 1 1 1 1 1 1 1 1 1 ]
d13=9.184846977958 eijMax=8.128E-03 rmsd=9.472E+00 s=[ 0 0 0 0 0 0 1 0 0 0 1 1 1 1 1 0 0 0 0 0 1 0 1 0 0 0 0 0 0 0 0 0 0 0 0 0 ]
d13=9.184846977958 eijMax=6.326E-03 rmsd=1.065E+01 s=[ 0 0 0 0 0 1 0 1 1 1 0 0 1 1 1 0 0 0 0 0 1 1 0 1 1 1 1 1 1 1 1 1 1 1 1 1 ]
d13=9.184846977958 eijMax=6.326E-03 rmsd=1.065E+01 s=[ 0 0 0 1 1 0 1 0 0 0 1 1 0 0 0 1 1 1 1 1 0 0 1 0 0 0 0 0 0 0 0 0 0 0 0 0 ]
d13=9.184846977958 eijMax=8.128E-03 rmsd=9.472E+00 s=[ 0 0 0 1 1 1 0 1 1 1 0 0 0 0 0 1 1 1 1 1 0 1 0 1 1 1 1 1 1 1 1 1 1 1 1 1 ]
d13=9.187070349209 eijMax=4.893E-03 rmsd=1.064E+01 s=[ 0 0 0 0 0 1 0 1 1 1 0 0 1 1 1 0 0 0 0 0 1 1 0 1 1 1 1 1 1 1 1 1 1 1 1 1 ]
d13=9.187070349209 eijMax=4.893E-03 rmsd=1.064E+01 s=[ 0 0 0 1 1 0 1 0 0 0 1 1 0 0 0 1 1 1 1 1 0 0 1 0 0 0 0 0 0 0 0 0 0 0 0 0 ]
d13=9.189293720460 eijMax=3.470E-03 rmsd=1.064E+01 s=[ 0 0 0 0 0 1 0 1 1 1 0 0 1 1 1 0 0 0 0 0 1 1 0 1 1 1 1 1 1 1 1 1 1 1 1 1 ]
d13=9.189293720460 eijMax=3.470E-03 rmsd=1.064E+01 s=[ 0 0 0 1 1 0 1 0 0 0 1 1 0 0 0 1 1 1 1 1 0 0 1 0 0 0 0 0 0 0 0 0 0 0 0 0 ]
d13=9.191517091712 eijMax=2.059E-03 rmsd=1.064E+01 s=[ 0 0 0 0 0 1 0 1 1 1 0 0 1 1 1 0 0 0 0 0 1 1 0 1 1 1 1 1 1 1 1 1 1 1 1 1 ]
d13=9.191517091712 eijMax=2.059E-03 rmsd=1.064E+01 s=[ 0 0 0 1 1 0 1 0 0 0 1 1 0 0 0 1 1 1 1 1 0 0 1 0 0 0 0 0 0 0 0 0 0 0 0 0 ]
d13=9.193740462963 eijMax=6.576E-04 rmsd=1.063E+01 s=[ 0 0 0 0 0 1 0 1 1 1 0 0 1 1 1 0 0 0 0 0 1 1 0 1 1 1 1 1 1 1 1 1 1 1 1 1 ]
d13=9.193740462963 eijMax=6.576E-04 rmsd=1.063E+01 s=[ 0 0 0 1 1 0 1 0 0 0 1 1 0 0 0 1 1 1 1 1 0 0 1 0 0 0 0 0 0 0 0 0 0 0 0 0 ]
d13=9.195963834214 eijMax=7.332E-04 rmsd=1.063E+01 s=[ 0 0 0 0 0 1 0 1 1 1 0 0 1 1 1 0 0 0 0 0 1 1 0 1 1 1 1 1 1 1 1 1 1 1 1 1 ]
d13=9.195963834214 eijMax=7.332E-04 rmsd=1.063E+01 s=[ 0 0 0 1 1 0 1 0 0 0 1 1 0 0 0 1 1 1 1 1 0 0 1 0 0 0 0 0 0 0 0 0 0 0 0 0 ]
d13=9.198187205465 eijMax=2.114E-03 rmsd=1.063E+01 s=[ 0 0 0 0 0 1 0 1 1 1 0 0 1 1 1 0 0 0 0 0 1 1 0 1 1 1 1 1 1 1 1 1 1 1 1 1 ]
d13=9.198187205465 eijMax=2.114E-03 rmsd=1.063E+01 s=[ 0 0 0 1 1 0 1 0 0 0 1 1 0 0 0 1 1 1 1 1 0 0 1 0 0 0 0 0 0 0 0 0 0 0 0 0 ]
d13=9.200410576717 eijMax=3.484E-03 rmsd=1.063E+01 s=[ 0 0 0 0 0 1 0 1 1 1 0 0 1 1 1 0 0 0 0 0 1 1 0 1 1 1 1 1 1 1 1 1 1 1 1 1 ]
d13=9.200410576717 eijMax=3.484E-03 rmsd=1.063E+01 s=[ 0 0 0 1 1 0 1 0 0 0 1 1 0 0 0 1 1 1 1 1 0 0 1 0 0 0 0 0 0 0 0 0 0 0 0 0 ]
d13=9.202633947968 eijMax=4.845E-03 rmsd=1.062E+01 s=[ 0 0 0 0 0 1 0 1 1 1 0 0 1 1 1 0 0 0 0 0 1 1 0 1 1 1 1 1 1 1 1 1 1 1 1 1 ]
d13=9.202633947968 eijMax=4.845E-03 rmsd=1.062E+01 s=[ 0 0 0 1 1 0 1 0 0 0 1 1 0 0 0 1 1 1 1 1 0 0 1 0 0 0 0 0 0 0 0 0 0 0 0 0 ]
d13=9.204857319219 eijMax=6.195E-03 rmsd=1.062E+01 s=[ 0 0 0 0 0 1 0 1 1 1 0 0 1 1 1 0 0 0 0 0 1 1 0 1 1 1 1 1 1 1 1 1 1 1 1 1 ]
d13=9.204857319219 eijMax=6.195E-03 rmsd=1.062E+01 s=[ 0 0 0 1 1 0 1 0 0 0 1 1 0 0 0 1 1 1 1 1 0 0 1 0 0 0 0 0 0 0 0 0 0 0 0 0 ]
d13=9.207080690470 eijMax=7.536E-03 rmsd=1.062E+01 s=[ 0 0 0 0 0 1 0 1 1 1 0 0 1 1 1 0 0 0 0 0 1 1 0 1 1 1 1 1 1 1 1 1 1 1 1 1 ]
d13=9.207080690470 eijMax=7.536E-03 rmsd=1.062E+01 s=[ 0 0 0 1 1 0 1 0 0 0 1 1 0 0 0 1 1 1 1 1 0 0 1 0 0 0 0 0 0 0 0 0 0 0 0 0 ]
d13=9.209304061722 eijMax=8.867E-03 rmsd=1.062E+01 s=[ 0 0 0 0 0 1 0 1 1 1 0 0 1 1 1 0 0 0 0 0 1 1 0 1 1 1 1 1 1 1 1 1 1 1 1 1 ]
d13=9.209304061722 eijMax=8.867E-03 rmsd=1.062E+01 s=[ 0 0 0 1 1 0 1 0 0 0 1 1 0 0 0 1 1 1 1 1 0 0 1 0 0 0 0 0 0 0 0 0 0 0 0 0 ]
d13=9.244878001742 eijMax=7.199E-03 rmsd=2.117E-01 s=[ 0 0 0 0 0 0 1 0 0 0 1 1 0 1 1 0 0 0 0 0 0 0 1 0 0 0 0 0 0 0 0 0 0 0 0 0 ]
d13=9.244878001742 eijMax=7.199E-03 rmsd=2.117E-01 s=[ 0 0 0 1 1 1 0 1 1 1 0 0 1 0 0 1 1 1 1 1 1 1 0 1 1 1 1 1 1 1 1 1 1 1 1 1 ]
d13=9.247101372993 eijMax=3.426E-03 rmsd=9.999E-02 s=[ 0 0 0 0 0 0 1 0 0 0 1 1 0 1 1 0 0 0 0 0 0 0 1 0 0 0 0 0 0 0 0 0 0 0 0 0 ]
d13=9.247101372993 eijMax=3.426E-03 rmsd=9.999E-02 s=[ 0 0 0 1 1 1 0 1 1 1 0 0 1 0 0 1 1 1 1 1 1 1 0 1 1 1 1 1 1 1 1 1 1 1 1 1 ]
d13=9.249324744244 eijMax=3.362E-04 rmsd=9.709E-03 s=[ 0 0 0 0 0 0 1 0 0 0 1 1 0 1 1 0 0 0 0 0 0 0 1 0 0 0 0 0 0 0 0 0 0 0 0 0 ]
d13=9.249324744244 eijMax=3.362E-04 rmsd=9.709E-03 s=[ 0 0 0 1 1 1 0 1 1 1 0 0 1 0 0 1 1 1 1 1 1 1 0 1 1 1 1 1 1 1 1 1 1 1 1 1 ]
d13=9.251548115496 eijMax=4.087E-03 rmsd=1.175E-01 s=[ 0 0 0 0 0 0 1 0 0 0 1 1 0 1 1 0 0 0 0 0 0 0 1 0 0 0 0 0 0 0 0 0 0 0 0 0 ]
d13=9.251548115496 eijMax=4.087E-03 rmsd=1.175E-01 s=[ 0 0 0 1 1 1 0 1 1 1 0 0 1 0 0 1 1 1 1 1 1 1 0 1 1 1 1 1 1 1 1 1 1 1 1 1 ]
d13=9.253771486747 eijMax=7.826E-03 rmsd=2.233E-01 s=[ 0 0 0 0 0 0 1 0 0 0 1 1 0 1 1 0 0 0 0 0 0 0 1 0 0 0 0 0 0 0 0 0 0 0 0 0 ]
d13=9.253771486747 eijMax=7.826E-03 rmsd=2.233E-01 s=[ 0 0 0 1 1 1 0 1 1 1 0 0 1 0 0 1 1 1 1 1 1 1 0 1 1 1 1 1 1 1 1 1 1 1 1 1 ]
d13=9.258218229249 eijMax=9.426E-03 rmsd=9.242E+00 s=[ 0 0 0 0 0 0 1 0 0 0 1 1 0 0 0 1 1 1 1 1 1 1 0 1 1 1 1 1 1 1 1 1 1 1 1 1 ]
d13=9.258218229249 eijMax=9.426E-03 rmsd=9.242E+00 s=[ 0 0 0 1 1 1 0 1 1 1 0 0 1 1 1 0 0 0 0 0 0 0 1 0 0 0 0 0 0 0 0 0 0 0 0 0 ]
d13=9.260441600501 eijMax=8.257E-03 rmsd=9.244E+00 s=[ 0 0 0 0 0 0 1 0 0 0 1 1 0 0 0 1 1 1 1 1 1 1 0 1 1 1 1 1 1 1 1 1 1 1 1 1 ]
d13=9.260441600501 eijMax=8.257E-03 rmsd=9.244E+00 s=[ 0 0 0 1 1 1 0 1 1 1 0 0 1 1 1 0 0 0 0 0 0 0 1 0 0 0 0 0 0 0 0 0 0 0 0 0 ]
d13=9.262664971752 eijMax=7.089E-03 rmsd=9.245E+00 s=[ 0 0 0 0 0 0 1 0 0 0 1 1 0 0 0 1 1 1 1 1 1 1 0 1 1 1 1 1 1 1 1 1 1 1 1 1 ]
d13=9.262664971752 eijMax=7.089E-03 rmsd=9.245E+00 s=[ 0 0 0 1 1 1 0 1 1 1 0 0 1 1 1 0 0 0 0 0 0 0 1 0 0 0 0 0 0 0 0 0 0 0 0 0 ]
d13=9.264888343003 eijMax=5.922E-03 rmsd=9.247E+00 s=[ 0 0 0 0 0 0 1 0 0 0 1 1 0 0 0 1 1 1 1 1 1 1 0 1 1 1 1 1 1 1 1 1 1 1 1 1 ]
d13=9.264888343003 eijMax=5.922E-03 rmsd=9.247E+00 s=[ 0 0 0 1 1 1 0 1 1 1 0 0 1 1 1 0 0 0 0 0 0 0 1 0 0 0 0 0 0 0 0 0 0 0 0 0 ]
d13=9.267111714254 eijMax=4.757E-03 rmsd=9.249E+00 s=[ 0 0 0 0 0 0 1 0 0 0 1 1 0 0 0 1 1 1 1 1 1 1 0 1 1 1 1 1 1 1 1 1 1 1 1 1 ]
d13=9.267111714254 eijMax=4.757E-03 rmsd=9.249E+00 s=[ 0 0 0 1 1 1 0 1 1 1 0 0 1 1 1 0 0 0 0 0 0 0 1 0 0 0 0 0 0 0 0 0 0 0 0 0 ]
d13=9.269335085506 eijMax=3.594E-03 rmsd=9.251E+00 s=[ 0 0 0 0 0 0 1 0 0 0 1 1 0 0 0 1 1 1 1 1 1 1 0 1 1 1 1 1 1 1 1 1 1 1 1 1 ]
d13=9.269335085506 eijMax=3.594E-03 rmsd=9.251E+00 s=[ 0 0 0 1 1 1 0 1 1 1 0 0 1 1 1 0 0 0 0 0 0 0 1 0 0 0 0 0 0 0 0 0 0 0 0 0 ]
d13=9.271558456757 eijMax=2.432E-03 rmsd=9.253E+00 s=[ 0 0 0 0 0 0 1 0 0 0 1 1 0 0 0 1 1 1 1 1 1 1 0 1 1 1 1 1 1 1 1 1 1 1 1 1 ]
d13=9.271558456757 eijMax=2.432E-03 rmsd=9.253E+00 s=[ 0 0 0 1 1 1 0 1 1 1 0 0 1 1 1 0 0 0 0 0 0 0 1 0 0 0 0 0 0 0 0 0 0 0 0 0 ]
d13=9.273781828008 eijMax=1.272E-03 rmsd=9.255E+00 s=[ 0 0 0 0 0 0 1 0 0 0 1 1 0 0 0 1 1 1 1 1 1 1 0 1 1 1 1 1 1 1 1 1 1 1 1 1 ]
d13=9.273781828008 eijMax=1.272E-03 rmsd=9.255E+00 s=[ 0 0 0 1 1 1 0 1 1 1 0 0 1 1 1 0 0 0 0 0 0 0 1 0 0 0 0 0 0 0 0 0 0 0 0 0 ]
d13=9.276005199259 eijMax=1.139E-04 rmsd=9.257E+00 s=[ 0 0 0 0 0 0 1 0 0 0 1 1 0 0 0 1 1 1 1 1 1 1 0 1 1 1 1 1 1 1 1 1 1 1 1 1 ]
d13=9.276005199259 eijMax=1.139E-04 rmsd=9.257E+00 s=[ 0 0 0 1 1 1 0 1 1 1 0 0 1 1 1 0 0 0 0 0 0 0 1 0 0 0 0 0 0 0 0 0 0 0 0 0 ]
d13=9.278228570511 eijMax=1.043E-03 rmsd=9.260E+00 s=[ 0 0 0 0 0 0 1 0 0 0 1 1 0 0 0 1 1 1 1 1 1 1 0 1 1 1 1 1 1 1 1 1 1 1 1 1 ]
d13=9.278228570511 eijMax=1.043E-03 rmsd=9.260E+00 s=[ 0 0 0 1 1 1 0 1 1 1 0 0 1 1 1 0 0 0 0 0 0 0 1 0 0 0 0 0 0 0 0 0 0 0 0 0 ]
d13=9.280451941762 eijMax=2.197E-03 rmsd=9.263E+00 s=[ 0 0 0 0 0 0 1 0 0 0 1 1 0 0 0 1 1 1 1 1 1 1 0 1 1 1 1 1 1 1 1 1 1 1 1 1 ]
d13=9.280451941762 eijMax=2.197E-03 rmsd=9.263E+00 s=[ 0 0 0 1 1 1 0 1 1 1 0 0 1 1 1 0 0 0 0 0 0 0 1 0 0 0 0 0 0 0 0 0 0 0 0 0 ]
d13=9.282675313013 eijMax=3.350E-03 rmsd=9.265E+00 s=[ 0 0 0 0 0 0 1 0 0 0 1 1 0 0 0 1 1 1 1 1 1 1 0 1 1 1 1 1 1 1 1 1 1 1 1 1 ]
d13=9.282675313013 eijMax=3.350E-03 rmsd=9.265E+00 s=[ 0 0 0 1 1 1 0 1 1 1 0 0 1 1 1 0 0 0 0 0 0 0 1 0 0 0 0 0 0 0 0 0 0 0 0 0 ]
d13=9.284898684264 eijMax=4.501E-03 rmsd=9.268E+00 s=[ 0 0 0 0 0 0 1 0 0 0 1 1 0 0 0 1 1 1 1 1 1 1 0 1 1 1 1 1 1 1 1 1 1 1 1 1 ]
d13=9.284898684264 eijMax=4.501E-03 rmsd=9.268E+00 s=[ 0 0 0 1 1 1 0 1 1 1 0 0 1 1 1 0 0 0 0 0 0 0 1 0 0 0 0 0 0 0 0 0 0 0 0 0 ]
d13=9.287122055516 eijMax=5.650E-03 rmsd=9.271E+00 s=[ 0 0 0 0 0 0 1 0 0 0 1 1 0 0 0 1 1 1 1 1 1 1 0 1 1 1 1 1 1 1 1 1 1 1 1 1 ]
d13=9.287122055516 eijMax=5.650E-03 rmsd=9.271E+00 s=[ 0 0 0 1 1 1 0 1 1 1 0 0 1 1 1 0 0 0 0 0 0 0 1 0 0 0 0 0 0 0 0 0 0 0 0 0 ]
d13=9.289345426767 eijMax=6.797E-03 rmsd=9.274E+00 s=[ 0 0 0 0 0 0 1 0 0 0 1 1 0 0 0 1 1 1 1 1 1 1 0 1 1 1 1 1 1 1 1 1 1 1 1 1 ]
d13=9.289345426767 eijMax=6.797E-03 rmsd=9.274E+00 s=[ 0 0 0 1 1 1 0 1 1 1 0 0 1 1 1 0 0 0 0 0 0 0 1 0 0 0 0 0 0 0 0 0 0 0 0 0 ]
d13=9.291568798018 eijMax=7.941E-03 rmsd=9.278E+00 s=[ 0 0 0 0 0 0 1 0 0 0 1 1 0 0 0 1 1 1 1 1 1 1 0 1 1 1 1 1 1 1 1 1 1 1 1 1 ]
d13=9.291568798018 eijMax=7.941E-03 rmsd=9.278E+00 s=[ 0 0 0 1 1 1 0 1 1 1 0 0 1 1 1 0 0 0 0 0 0 0 1 0 0 0 0 0 0 0 0 0 0 0 0 0 ]
d13=9.293792169269 eijMax=9.084E-03 rmsd=9.281E+00 s=[ 0 0 0 0 0 0 1 0 0 0 1 1 0 0 0 1 1 1 1 1 1 1 0 1 1 1 1 1 1 1 1 1 1 1 1 1 ]
d13=9.293792169269 eijMax=9.084E-03 rmsd=9.281E+00 s=[ 0 0 0 1 1 1 0 1 1 1 0 0 1 1 1 0 0 0 0 0 0 0 1 0 0 0 0 0 0 0 0 0 0 0 0 0 ]
d13=9.351599821802 eijMax=9.980E-03 rmsd=1.086E+01 s=[ 0 0 0 0 0 1 0 1 1 1 0 0 0 0 0 1 1 1 1 1 1 1 0 1 1 1 1 1 1 1 1 1 1 1 1 1 ]
d13=9.351599821802 eijMax=9.647E-03 rmsd=1.186E+01 s=[ 0 0 0 0 1 0 1 0 0 0 1 1 0 0 0 1 1 1 1 1 1 1 0 1 1 1 1 1 1 1 1 1 1 1 1 1 ]
d13=9.351599821802 eijMax=9.647E-03 rmsd=1.186E+01 s=[ 0 0 0 1 0 1 0 1 1 1 0 0 1 1 1 0 0 0 0 0 0 0 1 0 0 0 0 0 0 0 0 0 0 0 0 0 ]
d13=9.351599821802 eijMax=9.980E-03 rmsd=1.086E+01 s=[ 0 0 0 1 1 0 1 0 0 0 1 1 1 1 1 0 0 0 0 0 0 0 1 0 0 0 0 0 0 0 0 0 0 0 0 0 ]
d13=9.353823193053 eijMax=9.263E-03 rmsd=1.086E+01 s=[ 0 0 0 0 0 1 0 1 1 1 0 0 0 0 0 1 1 1 1 1 1 1 0 1 1 1 1 1 1 1 1 1 1 1 1 1 ]
d13=9.353823193053 eijMax=8.947E-03 rmsd=1.186E+01 s=[ 0 0 0 0 1 0 1 0 0 0 1 1 0 0 0 1 1 1 1 1 1 1 0 1 1 1 1 1 1 1 1 1 1 1 1 1 ]
d13=9.353823193053 eijMax=8.947E-03 rmsd=1.186E+01 s=[ 0 0 0 1 0 1 0 1 1 1 0 0 1 1 1 0 0 0 0 0 0 0 1 0 0 0 0 0 0 0 0 0 0 0 0 0 ]
d13=9.353823193053 eijMax=9.263E-03 rmsd=1.086E+01 s=[ 0 0 0 1 1 0 1 0 0 0 1 1 1 1 1 0 0 0 0 0 0 0 1 0 0 0 0 0 0 0 0 0 0 0 0 0 ]
d13=9.356046564304 eijMax=8.547E-03 rmsd=1.085E+01 s=[ 0 0 0 0 0 1 0 1 1 1 0 0 0 0 0 1 1 1 1 1 1 1 0 1 1 1 1 1 1 1 1 1 1 1 1 1 ]
d13=9.356046564304 eijMax=8.249E-03 rmsd=1.186E+01 s=[ 0 0 0 0 1 0 1 0 0 0 1 1 0 0 0 1 1 1 1 1 1 1 0 1 1 1 1 1 1 1 1 1 1 1 1 1 ]
d13=9.356046564304 eijMax=8.249E-03 rmsd=1.186E+01 s=[ 0 0 0 1 0 1 0 1 1 1 0 0 1 1 1 0 0 0 0 0 0 0 1 0 0 0 0 0 0 0 0 0 0 0 0 0 ]
d13=9.356046564304 eijMax=8.547E-03 rmsd=1.085E+01 s=[ 0 0 0 1 1 0 1 0 0 0 1 1 1 1 1 0 0 0 0 0 0 0 1 0 0 0 0 0 0 0 0 0 0 0 0 0 ]
d13=9.358269935556 eijMax=7.831E-03 rmsd=1.085E+01 s=[ 0 0 0 0 0 1 0 1 1 1 0 0 0 0 0 1 1 1 1 1 1 1 0 1 1 1 1 1 1 1 1 1 1 1 1 1 ]
d13=9.358269935556 eijMax=7.551E-03 rmsd=1.187E+01 s=[ 0 0 0 0 1 0 1 0 0 0 1 1 0 0 0 1 1 1 1 1 1 1 0 1 1 1 1 1 1 1 1 1 1 1 1 1 ]
d13=9.358269935556 eijMax=7.551E-03 rmsd=1.187E+01 s=[ 0 0 0 1 0 1 0 1 1 1 0 0 1 1 1 0 0 0 0 0 0 0 1 0 0 0 0 0 0 0 0 0 0 0 0 0 ]
d13=9.358269935556 eijMax=7.831E-03 rmsd=1.085E+01 s=[ 0 0 0 1 1 0 1 0 0 0 1 1 1 1 1 0 0 0 0 0 0 0 1 0 0 0 0 0 0 0 0 0 0 0 0 0 ]
d13=9.360493306807 eijMax=7.116E-03 rmsd=1.085E+01 s=[ 0 0 0 0 0 1 0 1 1 1 0 0 0 0 0 1 1 1 1 1 1 1 0 1 1 1 1 1 1 1 1 1 1 1 1 1 ]
d13=9.360493306807 eijMax=6.856E-03 rmsd=1.187E+01 s=[ 0 0 0 0 1 0 1 0 0 0 1 1 0 0 0 1 1 1 1 1 1 1 0 1 1 1 1 1 1 1 1 1 1 1 1 1 ]
d13=9.360493306807 eijMax=6.856E-03 rmsd=1.187E+01 s=[ 0 0 0 1 0 1 0 1 1 1 0 0 1 1 1 0 0 0 0 0 0 0 1 0 0 0 0 0 0 0 0 0 0 0 0 0 ]
d13=9.360493306807 eijMax=7.116E-03 rmsd=1.085E+01 s=[ 0 0 0 1 1 0 1 0 0 0 1 1 1 1 1 0 0 0 0 0 0 0 1 0 0 0 0 0 0 0 0 0 0 0 0 0 ]
d13=9.362716678058 eijMax=6.402E-03 rmsd=1.085E+01 s=[ 0 0 0 0 0 1 0 1 1 1 0 0 0 0 0 1 1 1 1 1 1 1 0 1 1 1 1 1 1 1 1 1 1 1 1 1 ]
d13=9.362716678058 eijMax=6.162E-03 rmsd=1.187E+01 s=[ 0 0 0 0 1 0 1 0 0 0 1 1 0 0 0 1 1 1 1 1 1 1 0 1 1 1 1 1 1 1 1 1 1 1 1 1 ]
d13=9.362716678058 eijMax=6.162E-03 rmsd=1.187E+01 s=[ 0 0 0 1 0 1 0 1 1 1 0 0 1 1 1 0 0 0 0 0 0 0 1 0 0 0 0 0 0 0 0 0 0 0 0 0 ]
d13=9.362716678058 eijMax=6.402E-03 rmsd=1.085E+01 s=[ 0 0 0 1 1 0 1 0 0 0 1 1 1 1 1 0 0 0 0 0 0 0 1 0 0 0 0 0 0 0 0 0 0 0 0 0 ]
d13=9.364940049309 eijMax=5.689E-03 rmsd=1.084E+01 s=[ 0 0 0 0 0 1 0 1 1 1 0 0 0 0 0 1 1 1 1 1 1 1 0 1 1 1 1 1 1 1 1 1 1 1 1 1 ]
d13=9.364940049309 eijMax=5.469E-03 rmsd=1.187E+01 s=[ 0 0 0 0 1 0 1 0 0 0 1 1 0 0 0 1 1 1 1 1 1 1 0 1 1 1 1 1 1 1 1 1 1 1 1 1 ]
d13=9.364940049309 eijMax=5.469E-03 rmsd=1.187E+01 s=[ 0 0 0 1 0 1 0 1 1 1 0 0 1 1 1 0 0 0 0 0 0 0 1 0 0 0 0 0 0 0 0 0 0 0 0 0 ]
d13=9.364940049309 eijMax=5.689E-03 rmsd=1.084E+01 s=[ 0 0 0 1 1 0 1 0 0 0 1 1 1 1 1 0 0 0 0 0 0 0 1 0 0 0 0 0 0 0 0 0 0 0 0 0 ]
d13=9.367163420561 eijMax=4.977E-03 rmsd=1.084E+01 s=[ 0 0 0 0 0 1 0 1 1 1 0 0 0 0 0 1 1 1 1 1 1 1 0 1 1 1 1 1 1 1 1 1 1 1 1 1 ]
d13=9.367163420561 eijMax=4.779E-03 rmsd=1.187E+01 s=[ 0 0 0 0 1 0 1 0 0 0 1 1 0 0 0 1 1 1 1 1 1 1 0 1 1 1 1 1 1 1 1 1 1 1 1 1 ]
d13=9.367163420561 eijMax=4.779E-03 rmsd=1.187E+01 s=[ 0 0 0 1 0 1 0 1 1 1 0 0 1 1 1 0 0 0 0 0 0 0 1 0 0 0 0 0 0 0 0 0 0 0 0 0 ]
d13=9.367163420561 eijMax=4.977E-03 rmsd=1.084E+01 s=[ 0 0 0 1 1 0 1 0 0 0 1 1 1 1 1 0 0 0 0 0 0 0 1 0 0 0 0 0 0 0 0 0 0 0 0 0 ]
d13=9.369386791812 eijMax=4.265E-03 rmsd=1.084E+01 s=[ 0 0 0 0 0 1 0 1 1 1 0 0 0 0 0 1 1 1 1 1 1 1 0 1 1 1 1 1 1 1 1 1 1 1 1 1 ]
d13=9.369386791812 eijMax=4.089E-03 rmsd=1.187E+01 s=[ 0 0 0 0 1 0 1 0 0 0 1 1 0 0 0 1 1 1 1 1 1 1 0 1 1 1 1 1 1 1 1 1 1 1 1 1 ]
d13=9.369386791812 eijMax=4.089E-03 rmsd=1.187E+01 s=[ 0 0 0 1 0 1 0 1 1 1 0 0 1 1 1 0 0 0 0 0 0 0 1 0 0 0 0 0 0 0 0 0 0 0 0 0 ]
d13=9.369386791812 eijMax=4.265E-03 rmsd=1.084E+01 s=[ 0 0 0 1 1 0 1 0 0 0 1 1 1 1 1 0 0 0 0 0 0 0 1 0 0 0 0 0 0 0 0 0 0 0 0 0 ]
d13=9.371610163063 eijMax=3.555E-03 rmsd=1.084E+01 s=[ 0 0 0 0 0 1 0 1 1 1 0 0 0 0 0 1 1 1 1 1 1 1 0 1 1 1 1 1 1 1 1 1 1 1 1 1 ]
d13=9.371610163063 eijMax=3.401E-03 rmsd=1.187E+01 s=[ 0 0 0 0 1 0 1 0 0 0 1 1 0 0 0 1 1 1 1 1 1 1 0 1 1 1 1 1 1 1 1 1 1 1 1 1 ]
d13=9.371610163063 eijMax=3.401E-03 rmsd=1.187E+01 s=[ 0 0 0 1 0 1 0 1 1 1 0 0 1 1 1 0 0 0 0 0 0 0 1 0 0 0 0 0 0 0 0 0 0 0 0 0 ]
d13=9.371610163063 eijMax=3.555E-03 rmsd=1.084E+01 s=[ 0 0 0 1 1 0 1 0 0 0 1 1 1 1 1 0 0 0 0 0 0 0 1 0 0 0 0 0 0 0 0 0 0 0 0 0 ]
d13=9.373833534314 eijMax=2.846E-03 rmsd=1.083E+01 s=[ 0 0 0 0 0 1 0 1 1 1 0 0 0 0 0 1 1 1 1 1 1 1 0 1 1 1 1 1 1 1 1 1 1 1 1 1 ]
d13=9.373833534314 eijMax=2.715E-03 rmsd=1.187E+01 s=[ 0 0 0 0 1 0 1 0 0 0 1 1 0 0 0 1 1 1 1 1 1 1 0 1 1 1 1 1 1 1 1 1 1 1 1 1 ]
d13=9.373833534314 eijMax=2.715E-03 rmsd=1.187E+01 s=[ 0 0 0 1 0 1 0 1 1 1 0 0 1 1 1 0 0 0 0 0 0 0 1 0 0 0 0 0 0 0 0 0 0 0 0 0 ]
d13=9.373833534314 eijMax=2.846E-03 rmsd=1.083E+01 s=[ 0 0 0 1 1 0 1 0 0 0 1 1 1 1 1 0 0 0 0 0 0 0 1 0 0 0 0 0 0 0 0 0 0 0 0 0 ]
d13=9.376056905566 eijMax=2.137E-03 rmsd=1.083E+01 s=[ 0 0 0 0 0 1 0 1 1 1 0 0 0 0 0 1 1 1 1 1 1 1 0 1 1 1 1 1 1 1 1 1 1 1 1 1 ]
d13=9.376056905566 eijMax=2.030E-03 rmsd=1.187E+01 s=[ 0 0 0 0 1 0 1 0 0 0 1 1 0 0 0 1 1 1 1 1 1 1 0 1 1 1 1 1 1 1 1 1 1 1 1 1 ]
d13=9.376056905566 eijMax=2.030E-03 rmsd=1.187E+01 s=[ 0 0 0 1 0 1 0 1 1 1 0 0 1 1 1 0 0 0 0 0 0 0 1 0 0 0 0 0 0 0 0 0 0 0 0 0 ]
d13=9.376056905566 eijMax=2.137E-03 rmsd=1.083E+01 s=[ 0 0 0 1 1 0 1 0 0 0 1 1 1 1 1 0 0 0 0 0 0 0 1 0 0 0 0 0 0 0 0 0 0 0 0 0 ]
d13=9.378280276817 eijMax=1.430E-03 rmsd=1.083E+01 s=[ 0 0 0 0 0 1 0 1 1 1 0 0 0 0 0 1 1 1 1 1 1 1 0 1 1 1 1 1 1 1 1 1 1 1 1 1 ]
d13=9.378280276817 eijMax=1.347E-03 rmsd=1.187E+01 s=[ 0 0 0 0 1 0 1 0 0 0 1 1 0 0 0 1 1 1 1 1 1 1 0 1 1 1 1 1 1 1 1 1 1 1 1 1 ]
d13=9.378280276817 eijMax=1.347E-03 rmsd=1.187E+01 s=[ 0 0 0 1 0 1 0 1 1 1 0 0 1 1 1 0 0 0 0 0 0 0 1 0 0 0 0 0 0 0 0 0 0 0 0 0 ]
d13=9.378280276817 eijMax=1.430E-03 rmsd=1.083E+01 s=[ 0 0 0 1 1 0 1 0 0 0 1 1 1 1 1 0 0 0 0 0 0 0 1 0 0 0 0 0 0 0 0 0 0 0 0 0 ]
d13=9.380503648068 eijMax=7.236E-04 rmsd=1.083E+01 s=[ 0 0 0 0 0 1 0 1 1 1 0 0 0 0 0 1 1 1 1 1 1 1 0 1 1 1 1 1 1 1 1 1 1 1 1 1 ]
d13=9.380503648068 eijMax=6.655E-04 rmsd=1.187E+01 s=[ 0 0 0 0 1 0 1 0 0 0 1 1 0 0 0 1 1 1 1 1 1 1 0 1 1 1 1 1 1 1 1 1 1 1 1 1 ]
d13=9.380503648068 eijMax=6.655E-04 rmsd=1.187E+01 s=[ 0 0 0 1 0 1 0 1 1 1 0 0 1 1 1 0 0 0 0 0 0 0 1 0 0 0 0 0 0 0 0 0 0 0 0 0 ]
d13=9.380503648068 eijMax=7.236E-04 rmsd=1.083E+01 s=[ 0 0 0 1 1 0 1 0 0 0 1 1 1 1 1 0 0 0 0 0 0 0 1 0 0 0 0 0 0 0 0 0 0 0 0 0 ]
d13=9.382727019319 eijMax=1.842E-05 rmsd=1.082E+01 s=[ 0 0 0 0 0 1 0 1 1 1 0 0 0 0 0 1 1 1 1 1 1 1 0 1 1 1 1 1 1 1 1 1 1 1 1 1 ]
d13=9.382727019319 eijMax=1.455E-05 rmsd=1.188E+01 s=[ 0 0 0 0 1 0 1 0 0 0 1 1 0 0 0 1 1 1 1 1 1 1 0 1 1 1 1 1 1 1 1 1 1 1 1 1 ]
d13=9.382727019319 eijMax=1.455E-05 rmsd=1.188E+01 s=[ 0 0 0 1 0 1 0 1 1 1 0 0 1 1 1 0 0 0 0 0 0 0 1 0 0 0 0 0 0 0 0 0 0 0 0 0 ]
d13=9.382727019319 eijMax=1.842E-05 rmsd=1.082E+01 s=[ 0 0 0 1 1 0 1 0 0 0 1 1 1 1 1 0 0 0 0 0 0 0 1 0 0 0 0 0 0 0 0 0 0 0 0 0 ]
d13=9.384950390571 eijMax=6.856E-04 rmsd=1.082E+01 s=[ 0 0 0 0 0 1 0 1 1 1 0 0 0 0 0 1 1 1 1 1 1 1 0 1 1 1 1 1 1 1 1 1 1 1 1 1 ]
d13=9.384950390571 eijMax=6.931E-04 rmsd=1.188E+01 s=[ 0 0 0 0 1 0 1 0 0 0 1 1 0 0 0 1 1 1 1 1 1 1 0 1 1 1 1 1 1 1 1 1 1 1 1 1 ]
d13=9.384950390571 eijMax=6.931E-04 rmsd=1.188E+01 s=[ 0 0 0 1 0 1 0 1 1 1 0 0 1 1 1 0 0 0 0 0 0 0 1 0 0 0 0 0 0 0 0 0 0 0 0 0 ]
d13=9.384950390571 eijMax=6.856E-04 rmsd=1.082E+01 s=[ 0 0 0 1 1 0 1 0 0 0 1 1 1 1 1 0 0 0 0 0 0 0 1 0 0 0 0 0 0 0 0 0 0 0 0 0 ]
d13=9.387173761822 eijMax=1.389E-03 rmsd=1.082E+01 s=[ 0 0 0 0 0 1 0 1 1 1 0 0 0 0 0 1 1 1 1 1 1 1 0 1 1 1 1 1 1 1 1 1 1 1 1 1 ]
d13=9.387173761822 eijMax=1.370E-03 rmsd=1.188E+01 s=[ 0 0 0 0 1 0 1 0 0 0 1 1 0 0 0 1 1 1 1 1 1 1 0 1 1 1 1 1 1 1 1 1 1 1 1 1 ]
d13=9.387173761822 eijMax=1.370E-03 rmsd=1.188E+01 s=[ 0 0 0 1 0 1 0 1 1 1 0 0 1 1 1 0 0 0 0 0 0 0 1 0 0 0 0 0 0 0 0 0 0 0 0 0 ]
d13=9.387173761822 eijMax=1.389E-03 rmsd=1.082E+01 s=[ 0 0 0 1 1 0 1 0 0 0 1 1 1 1 1 0 0 0 0 0 0 0 1 0 0 0 0 0 0 0 0 0 0 0 0 0 ]
d13=9.389397133073 eijMax=2.090E-03 rmsd=1.081E+01 s=[ 0 0 0 0 0 1 0 1 1 1 0 0 0 0 0 1 1 1 1 1 1 1 0 1 1 1 1 1 1 1 1 1 1 1 1 1 ]
d13=9.389397133073 eijMax=2.046E-03 rmsd=1.188E+01 s=[ 0 0 0 0 1 0 1 0 0 0 1 1 0 0 0 1 1 1 1 1 1 1 0 1 1 1 1 1 1 1 1 1 1 1 1 1 ]
d13=9.389397133073 eijMax=2.046E-03 rmsd=1.188E+01 s=[ 0 0 0 1 0 1 0 1 1 1 0 0 1 1 1 0 0 0 0 0 0 0 1 0 0 0 0 0 0 0 0 0 0 0 0 0 ]
d13=9.389397133073 eijMax=2.090E-03 rmsd=1.081E+01 s=[ 0 0 0 1 1 0 1 0 0 0 1 1 1 1 1 0 0 0 0 0 0 0 1 0 0 0 0 0 0 0 0 0 0 0 0 0 ]
d13=9.391620504324 eijMax=2.791E-03 rmsd=1.081E+01 s=[ 0 0 0 0 0 1 0 1 1 1 0 0 0 0 0 1 1 1 1 1 1 1 0 1 1 1 1 1 1 1 1 1 1 1 1 1 ]
d13=9.391620504324 eijMax=2.720E-03 rmsd=1.188E+01 s=[ 0 0 0 0 1 0 1 0 0 0 1 1 0 0 0 1 1 1 1 1 1 1 0 1 1 1 1 1 1 1 1 1 1 1 1 1 ]
d13=9.391620504324 eijMax=2.720E-03 rmsd=1.188E+01 s=[ 0 0 0 1 0 1 0 1 1 1 0 0 1 1 1 0 0 0 0 0 0 0 1 0 0 0 0 0 0 0 0 0 0 0 0 0 ]
d13=9.391620504324 eijMax=2.791E-03 rmsd=1.081E+01 s=[ 0 0 0 1 1 0 1 0 0 0 1 1 1 1 1 0 0 0 0 0 0 0 1 0 0 0 0 0 0 0 0 0 0 0 0 0 ]
d13=9.393843875576 eijMax=3.490E-03 rmsd=1.081E+01 s=[ 0 0 0 0 0 1 0 1 1 1 0 0 0 0 0 1 1 1 1 1 1 1 0 1 1 1 1 1 1 1 1 1 1 1 1 1 ]
d13=9.393843875576 eijMax=3.392E-03 rmsd=1.188E+01 s=[ 0 0 0 0 1 0 1 0 0 0 1 1 0 0 0 1 1 1 1 1 1 1 0 1 1 1 1 1 1 1 1 1 1 1 1 1 ]
d13=9.393843875576 eijMax=3.392E-03 rmsd=1.188E+01 s=[ 0 0 0 1 0 1 0 1 1 1 0 0 1 1 1 0 0 0 0 0 0 0 1 0 0 0 0 0 0 0 0 0 0 0 0 0 ]
d13=9.393843875576 eijMax=3.490E-03 rmsd=1.081E+01 s=[ 0 0 0 1 1 0 1 0 0 0 1 1 1 1 1 0 0 0 0 0 0 0 1 0 0 0 0 0 0 0 0 0 0 0 0 0 ]
d13=9.396067246827 eijMax=4.189E-03 rmsd=1.081E+01 s=[ 0 0 0 0 0 1 0 1 1 1 0 0 0 0 0 1 1 1 1 1 1 1 0 1 1 1 1 1 1 1 1 1 1 1 1 1 ]
d13=9.396067246827 eijMax=4.063E-03 rmsd=1.188E+01 s=[ 0 0 0 0 1 0 1 0 0 0 1 1 0 0 0 1 1 1 1 1 1 1 0 1 1 1 1 1 1 1 1 1 1 1 1 1 ]
d13=9.396067246827 eijMax=4.063E-03 rmsd=1.188E+01 s=[ 0 0 0 1 0 1 0 1 1 1 0 0 1 1 1 0 0 0 0 0 0 0 1 0 0 0 0 0 0 0 0 0 0 0 0 0 ]
d13=9.396067246827 eijMax=4.189E-03 rmsd=1.081E+01 s=[ 0 0 0 1 1 0 1 0 0 0 1 1 1 1 1 0 0 0 0 0 0 0 1 0 0 0 0 0 0 0 0 0 0 0 0 0 ]
d13=9.398290618078 eijMax=4.886E-03 rmsd=1.080E+01 s=[ 0 0 0 0 0 1 0 1 1 1 0 0 0 0 0 1 1 1 1 1 1 1 0 1 1 1 1 1 1 1 1 1 1 1 1 1 ]
d13=9.398290618078 eijMax=4.732E-03 rmsd=1.188E+01 s=[ 0 0 0 0 1 0 1 0 0 0 1 1 0 0 0 1 1 1 1 1 1 1 0 1 1 1 1 1 1 1 1 1 1 1 1 1 ]
d13=9.398290618078 eijMax=4.732E-03 rmsd=1.188E+01 s=[ 0 0 0 1 0 1 0 1 1 1 0 0 1 1 1 0 0 0 0 0 0 0 1 0 0 0 0 0 0 0 0 0 0 0 0 0 ]
d13=9.398290618078 eijMax=4.886E-03 rmsd=1.080E+01 s=[ 0 0 0 1 1 0 1 0 0 0 1 1 1 1 1 0 0 0 0 0 0 0 1 0 0 0 0 0 0 0 0 0 0 0 0 0 ]
d13=9.400513989329 eijMax=5.581E-03 rmsd=1.080E+01 s=[ 0 0 0 0 0 1 0 1 1 1 0 0 0 0 0 1 1 1 1 1 1 1 0 1 1 1 1 1 1 1 1 1 1 1 1 1 ]
d13=9.400513989329 eijMax=5.400E-03 rmsd=1.188E+01 s=[ 0 0 0 0 1 0 1 0 0 0 1 1 0 0 0 1 1 1 1 1 1 1 0 1 1 1 1 1 1 1 1 1 1 1 1 1 ]
d13=9.400513989329 eijMax=5.400E-03 rmsd=1.188E+01 s=[ 0 0 0 1 0 1 0 1 1 1 0 0 1 1 1 0 0 0 0 0 0 0 1 0 0 0 0 0 0 0 0 0 0 0 0 0 ]
d13=9.400513989329 eijMax=5.581E-03 rmsd=1.080E+01 s=[ 0 0 0 1 1 0 1 0 0 0 1 1 1 1 1 0 0 0 0 0 0 0 1 0 0 0 0 0 0 0 0 0 0 0 0 0 ]
d13=9.402737360581 eijMax=6.276E-03 rmsd=1.080E+01 s=[ 0 0 0 0 0 1 0 1 1 1 0 0 0 0 0 1 1 1 1 1 1 1 0 1 1 1 1 1 1 1 1 1 1 1 1 1 ]
d13=9.402737360581 eijMax=6.066E-03 rmsd=1.188E+01 s=[ 0 0 0 0 1 0 1 0 0 0 1 1 0 0 0 1 1 1 1 1 1 1 0 1 1 1 1 1 1 1 1 1 1 1 1 1 ]
d13=9.402737360581 eijMax=6.066E-03 rmsd=1.188E+01 s=[ 0 0 0 1 0 1 0 1 1 1 0 0 1 1 1 0 0 0 0 0 0 0 1 0 0 0 0 0 0 0 0 0 0 0 0 0 ]
d13=9.402737360581 eijMax=6.276E-03 rmsd=1.080E+01 s=[ 0 0 0 1 1 0 1 0 0 0 1 1 1 1 1 0 0 0 0 0 0 0 1 0 0 0 0 0 0 0 0 0 0 0 0 0 ]
d13=9.404960731832 eijMax=6.969E-03 rmsd=1.080E+01 s=[ 0 0 0 0 0 1 0 1 1 1 0 0 0 0 0 1 1 1 1 1 1 1 0 1 1 1 1 1 1 1 1 1 1 1 1 1 ]
d13=9.404960731832 eijMax=6.731E-03 rmsd=1.188E+01 s=[ 0 0 0 0 1 0 1 0 0 0 1 1 0 0 0 1 1 1 1 1 1 1 0 1 1 1 1 1 1 1 1 1 1 1 1 1 ]
d13=9.404960731832 eijMax=6.731E-03 rmsd=1.188E+01 s=[ 0 0 0 1 0 1 0 1 1 1 0 0 1 1 1 0 0 0 0 0 0 0 1 0 0 0 0 0 0 0 0 0 0 0 0 0 ]
d13=9.404960731832 eijMax=6.969E-03 rmsd=1.080E+01 s=[ 0 0 0 1 1 0 1 0 0 0 1 1 1 1 1 0 0 0 0 0 0 0 1 0 0 0 0 0 0 0 0 0 0 0 0 0 ]
d13=9.407184103083 eijMax=7.661E-03 rmsd=1.079E+01 s=[ 0 0 0 0 0 1 0 1 1 1 0 0 0 0 0 1 1 1 1 1 1 1 0 1 1 1 1 1 1 1 1 1 1 1 1 1 ]
d13=9.407184103083 eijMax=9.023E-03 rmsd=7.456E+00 s=[ 0 0 0 0 0 1 0 1 1 1 0 0 1 0 0 1 1 1 1 1 1 0 1 0 0 0 0 0 0 0 0 0 0 0 0 0 ]
d13=9.407184103083 eijMax=7.394E-03 rmsd=1.188E+01 s=[ 0 0 0 0 1 0 1 0 0 0 1 1 0 0 0 1 1 1 1 1 1 1 0 1 1 1 1 1 1 1 1 1 1 1 1 1 ]
d13=9.407184103083 eijMax=7.394E-03 rmsd=1.188E+01 s=[ 0 0 0 1 0 1 0 1 1 1 0 0 1 1 1 0 0 0 0 0 0 0 1 0 0 0 0 0 0 0 0 0 0 0 0 0 ]
d13=9.407184103083 eijMax=9.023E-03 rmsd=7.456E+00 s=[ 0 0 0 1 1 0 1 0 0 0 1 1 0 1 1 0 0 0 0 0 0 1 0 1 1 1 1 1 1 1 1 1 1 1 1 1 ]
d13=9.407184103083 eijMax=7.661E-03 rmsd=1.079E+01 s=[ 0 0 0 1 1 0 1 0 0 0 1 1 1 1 1 0 0 0 0 0 0 0 1 0 0 0 0 0 0 0 0 0 0 0 0 0 ]
d13=9.409407474334 eijMax=8.351E-03 rmsd=1.079E+01 s=[ 0 0 0 0 0 1 0 1 1 1 0 0 0 0 0 1 1 1 1 1 1 1 0 1 1 1 1 1 1 1 1 1 1 1 1 1 ]
d13=9.409407474334 eijMax=7.625E-03 rmsd=7.440E+00 s=[ 0 0 0 0 0 1 0 1 1 1 0 0 1 0 0 1 1 1 1 1 1 0 1 0 0 0 0 0 0 0 0 0 0 0 0 0 ]
d13=9.409407474334 eijMax=8.056E-03 rmsd=1.189E+01 s=[ 0 0 0 0 1 0 1 0 0 0 1 1 0 0 0 1 1 1 1 1 1 1 0 1 1 1 1 1 1 1 1 1 1 1 1 1 ]
d13=9.409407474334 eijMax=8.056E-03 rmsd=1.189E+01 s=[ 0 0 0 1 0 1 0 1 1 1 0 0 1 1 1 0 0 0 0 0 0 0 1 0 0 0 0 0 0 0 0 0 0 0 0 0 ]
d13=9.409407474334 eijMax=7.625E-03 rmsd=7.440E+00 s=[ 0 0 0 1 1 0 1 0 0 0 1 1 0 1 1 0 0 0 0 0 0 1 0 1 1 1 1 1 1 1 1 1 1 1 1 1 ]
d13=9.409407474334 eijMax=8.351E-03 rmsd=1.079E+01 s=[ 0 0 0 1 1 0 1 0 0 0 1 1 1 1 1 0 0 0 0 0 0 0 1 0 0 0 0 0 0 0 0 0 0 0 0 0 ]
d13=9.411630845586 eijMax=9.040E-03 rmsd=1.079E+01 s=[ 0 0 0 0 0 1 0 1 1 1 0 0 0 0 0 1 1 1 1 1 1 1 0 1 1 1 1 1 1 1 1 1 1 1 1 1 ]
d13=9.411630845586 eijMax=6.223E-03 rmsd=7.425E+00 s=[ 0 0 0 0 0 1 0 1 1 1 0 0 1 0 0 1 1 1 1 1 1 0 1 0 0 0 0 0 0 0 0 0 0 0 0 0 ]
d13=9.411630845586 eijMax=8.716E-03 rmsd=1.189E+01 s=[ 0 0 0 0 1 0 1 0 0 0 1 1 0 0 0 1 1 1 1 1 1 1 0 1 1 1 1 1 1 1 1 1 1 1 1 1 ]
d13=9.411630845586 eijMax=8.716E-03 rmsd=1.189E+01 s=[ 0 0 0 1 0 1 0 1 1 1 0 0 1 1 1 0 0 0 0 0 0 0 1 0 0 0 0 0 0 0 0 0 0 0 0 0 ]
d13=9.411630845586 eijMax=6.223E-03 rmsd=7.425E+00 s=[ 0 0 0 1 1 0 1 0 0 0 1 1 0 1 1 0 0 0 0 0 0 1 0 1 1 1 1 1 1 1 1 1 1 1 1 1 ]
d13=9.411630845586 eijMax=9.040E-03 rmsd=1.079E+01 s=[ 0 0 0 1 1 0 1 0 0 0 1 1 1 1 1 0 0 0 0 0 0 0 1 0 0 0 0 0 0 0 0 0 0 0 0 0 ]
d13=9.413854216837 eijMax=9.728E-03 rmsd=1.079E+01 s=[ 0 0 0 0 0 1 0 1 1 1 0 0 0 0 0 1 1 1 1 1 1 1 0 1 1 1 1 1 1 1 1 1 1 1 1 1 ]
d13=9.413854216837 eijMax=4.818E-03 rmsd=7.409E+00 s=[ 0 0 0 0 0 1 0 1 1 1 0 0 1 0 0 1 1 1 1 1 1 0 1 0 0 0 0 0 0 0 0 0 0 0 0 0 ]
d13=9.413854216837 eijMax=9.374E-03 rmsd=1.189E+01 s=[ 0 0 0 0 1 0 1 0 0 0 1 1 0 0 0 1 1 1 1 1 1 1 0 1 1 1 1 1 1 1 1 1 1 1 1 1 ]
d13=9.413854216837 eijMax=9.374E-03 rmsd=1.189E+01 s=[ 0 0 0 1 0 1 0 1 1 1 0 0 1 1 1 0 0 0 0 0 0 0 1 0 0 0 0 0 0 0 0 0 0 0 0 0 ]
d13=9.413854216837 eijMax=4.818E-03 rmsd=7.409E+00 s=[ 0 0 0 1 1 0 1 0 0 0 1 1 0 1 1 0 0 0 0 0 0 1 0 1 1 1 1 1 1 1 1 1 1 1 1 1 ]
d13=9.413854216837 eijMax=9.728E-03 rmsd=1.079E+01 s=[ 0 0 0 1 1 0 1 0 0 0 1 1 1 1 1 0 0 0 0 0 0 0 1 0 0 0 0 0 0 0 0 0 0 0 0 0 ]
d13=9.416077588088 eijMax=3.410E-03 rmsd=7.394E+00 s=[ 0 0 0 0 0 1 0 1 1 1 0 0 1 0 0 1 1 1 1 1 1 0 1 0 0 0 0 0 0 0 0 0 0 0 0 0 ]
d13=9.416077588088 eijMax=3.410E-03 rmsd=7.394E+00 s=[ 0 0 0 1 1 0 1 0 0 0 1 1 0 1 1 0 0 0 0 0 0 1 0 1 1 1 1 1 1 1 1 1 1 1 1 1 ]
d13=9.418300959339 eijMax=1.997E-03 rmsd=7.379E+00 s=[ 0 0 0 0 0 1 0 1 1 1 0 0 1 0 0 1 1 1 1 1 1 0 1 0 0 0 0 0 0 0 0 0 0 0 0 0 ]
d13=9.418300959339 eijMax=1.997E-03 rmsd=7.379E+00 s=[ 0 0 0 1 1 0 1 0 0 0 1 1 0 1 1 0 0 0 0 0 0 1 0 1 1 1 1 1 1 1 1 1 1 1 1 1 ]
d13=9.420524330591 eijMax=5.812E-04 rmsd=7.364E+00 s=[ 0 0 0 0 0 1 0 1 1 1 0 0 1 0 0 1 1 1 1 1 1 0 1 0 0 0 0 0 0 0 0 0 0 0 0 0 ]
d13=9.420524330591 eijMax=5.812E-04 rmsd=7.364E+00 s=[ 0 0 0 1 1 0 1 0 0 0 1 1 0 1 1 0 0 0 0 0 0 1 0 1 1 1 1 1 1 1 1 1 1 1 1 1 ]
d13=9.422747701842 eijMax=8.383E-04 rmsd=7.349E+00 s=[ 0 0 0 0 0 1 0 1 1 1 0 0 1 0 0 1 1 1 1 1 1 0 1 0 0 0 0 0 0 0 0 0 0 0 0 0 ]
d13=9.422747701842 eijMax=8.383E-04 rmsd=7.349E+00 s=[ 0 0 0 1 1 0 1 0 0 0 1 1 0 1 1 0 0 0 0 0 0 1 0 1 1 1 1 1 1 1 1 1 1 1 1 1 ]
d13=9.424971073093 eijMax=2.261E-03 rmsd=7.335E+00 s=[ 0 0 0 0 0 1 0 1 1 1 0 0 1 0 0 1 1 1 1 1 1 0 1 0 0 0 0 0 0 0 0 0 0 0 0 0 ]
d13=9.424971073093 eijMax=2.261E-03 rmsd=7.335E+00 s=[ 0 0 0 1 1 0 1 0 0 0 1 1 0 1 1 0 0 0 0 0 0 1 0 1 1 1 1 1 1 1 1 1 1 1 1 1 ]
d13=9.427194444344 eijMax=3.688E-03 rmsd=7.320E+00 s=[ 0 0 0 0 0 1 0 1 1 1 0 0 1 0 0 1 1 1 1 1 1 0 1 0 0 0 0 0 0 0 0 0 0 0 0 0 ]
d13=9.427194444344 eijMax=3.688E-03 rmsd=7.320E+00 s=[ 0 0 0 1 1 0 1 0 0 0 1 1 0 1 1 0 0 0 0 0 0 1 0 1 1 1 1 1 1 1 1 1 1 1 1 1 ]
d13=9.429417815596 eijMax=5.118E-03 rmsd=7.306E+00 s=[ 0 0 0 0 0 1 0 1 1 1 0 0 1 0 0 1 1 1 1 1 1 0 1 0 0 0 0 0 0 0 0 0 0 0 0 0 ]
d13=9.429417815596 eijMax=5.118E-03 rmsd=7.306E+00 s=[ 0 0 0 1 1 0 1 0 0 0 1 1 0 1 1 0 0 0 0 0 0 1 0 1 1 1 1 1 1 1 1 1 1 1 1 1 ]
d13=9.431641186847 eijMax=6.552E-03 rmsd=7.292E+00 s=[ 0 0 0 0 0 1 0 1 1 1 0 0 1 0 0 1 1 1 1 1 1 0 1 0 0 0 0 0 0 0 0 0 0 0 0 0 ]
d13=9.431641186847 eijMax=6.552E-03 rmsd=7.292E+00 s=[ 0 0 0 1 1 0 1 0 0 0 1 1 0 1 1 0 0 0 0 0 0 1 0 1 1 1 1 1 1 1 1 1 1 1 1 1 ]
d13=9.433864558098 eijMax=7.989E-03 rmsd=7.278E+00 s=[ 0 0 0 0 0 1 0 1 1 1 0 0 1 0 0 1 1 1 1 1 1 0 1 0 0 0 0 0 0 0 0 0 0 0 0 0 ]
d13=9.433864558098 eijMax=7.989E-03 rmsd=7.278E+00 s=[ 0 0 0 1 1 0 1 0 0 0 1 1 0 1 1 0 0 0 0 0 0 1 0 1 1 1 1 1 1 1 1 1 1 1 1 1 ]
d13=9.436087929349 eijMax=9.430E-03 rmsd=7.265E+00 s=[ 0 0 0 0 0 1 0 1 1 1 0 0 1 0 0 1 1 1 1 1 1 0 1 0 0 0 0 0 0 0 0 0 0 0 0 0 ]
d13=9.436087929349 eijMax=9.430E-03 rmsd=7.265E+00 s=[ 0 0 0 1 1 0 1 0 0 0 1 1 0 1 1 0 0 0 0 0 0 1 0 1 1 1 1 1 1 1 1 1 1 1 1 1 ]
d13=9.442758043103 eijMax=9.566E-03 rmsd=9.064E+00 s=[ 0 0 0 0 1 0 1 0 0 0 1 1 1 0 0 1 1 1 1 1 1 0 1 0 0 0 0 0 0 0 0 0 0 0 0 0 ]
d13=9.442758043103 eijMax=9.566E-03 rmsd=9.064E+00 s=[ 0 0 0 1 0 1 0 1 1 1 0 0 0 1 1 0 0 0 0 0 0 1 0 1 1 1 1 1 1 1 1 1 1 1 1 1 ]
d13=9.444981414354 eijMax=9.040E-03 rmsd=9.066E+00 s=[ 0 0 0 0 1 0 1 0 0 0 1 1 1 0 0 1 1 1 1 1 1 0 1 0 0 0 0 0 0 0 0 0 0 0 0 0 ]
d13=9.444981414354 eijMax=9.040E-03 rmsd=9.066E+00 s=[ 0 0 0 1 0 1 0 1 1 1 0 0 0 1 1 0 0 0 0 0 0 1 0 1 1 1 1 1 1 1 1 1 1 1 1 1 ]
d13=9.447204785606 eijMax=8.511E-03 rmsd=9.067E+00 s=[ 0 0 0 0 1 0 1 0 0 0 1 1 1 0 0 1 1 1 1 1 1 0 1 0 0 0 0 0 0 0 0 0 0 0 0 0 ]
d13=9.447204785606 eijMax=8.511E-03 rmsd=9.067E+00 s=[ 0 0 0 1 0 1 0 1 1 1 0 0 0 1 1 0 0 0 0 0 0 1 0 1 1 1 1 1 1 1 1 1 1 1 1 1 ]
d13=9.449428156857 eijMax=7.980E-03 rmsd=9.069E+00 s=[ 0 0 0 0 1 0 1 0 0 0 1 1 1 0 0 1 1 1 1 1 1 0 1 0 0 0 0 0 0 0 0 0 0 0 0 0 ]
d13=9.449428156857 eijMax=7.980E-03 rmsd=9.069E+00 s=[ 0 0 0 1 0 1 0 1 1 1 0 0 0 1 1 0 0 0 0 0 0 1 0 1 1 1 1 1 1 1 1 1 1 1 1 1 ]
d13=9.451651528108 eijMax=7.446E-03 rmsd=9.071E+00 s=[ 0 0 0 0 1 0 1 0 0 0 1 1 1 0 0 1 1 1 1 1 1 0 1 0 0 0 0 0 0 0 0 0 0 0 0 0 ]
d13=9.451651528108 eijMax=7.446E-03 rmsd=9.071E+00 s=[ 0 0 0 1 0 1 0 1 1 1 0 0 0 1 1 0 0 0 0 0 0 1 0 1 1 1 1 1 1 1 1 1 1 1 1 1 ]
d13=9.453874899359 eijMax=6.911E-03 rmsd=9.073E+00 s=[ 0 0 0 0 1 0 1 0 0 0 1 1 1 0 0 1 1 1 1 1 1 0 1 0 0 0 0 0 0 0 0 0 0 0 0 0 ]
d13=9.453874899359 eijMax=6.911E-03 rmsd=9.073E+00 s=[ 0 0 0 1 0 1 0 1 1 1 0 0 0 1 1 0 0 0 0 0 0 1 0 1 1 1 1 1 1 1 1 1 1 1 1 1 ]
d13=9.456098270611 eijMax=6.374E-03 rmsd=9.074E+00 s=[ 0 0 0 0 1 0 1 0 0 0 1 1 1 0 0 1 1 1 1 1 1 0 1 0 0 0 0 0 0 0 0 0 0 0 0 0 ]
d13=9.456098270611 eijMax=6.374E-03 rmsd=9.074E+00 s=[ 0 0 0 1 0 1 0 1 1 1 0 0 0 1 1 0 0 0 0 0 0 1 0 1 1 1 1 1 1 1 1 1 1 1 1 1 ]
d13=9.458321641862 eijMax=5.834E-03 rmsd=9.076E+00 s=[ 0 0 0 0 1 0 1 0 0 0 1 1 1 0 0 1 1 1 1 1 1 0 1 0 0 0 0 0 0 0 0 0 0 0 0 0 ]
d13=9.458321641862 eijMax=5.834E-03 rmsd=9.076E+00 s=[ 0 0 0 1 0 1 0 1 1 1 0 0 0 1 1 0 0 0 0 0 0 1 0 1 1 1 1 1 1 1 1 1 1 1 1 1 ]
d13=9.460545013113 eijMax=5.293E-03 rmsd=9.077E+00 s=[ 0 0 0 0 1 0 1 0 0 0 1 1 1 0 0 1 1 1 1 1 1 0 1 0 0 0 0 0 0 0 0 0 0 0 0 0 ]
d13=9.460545013113 eijMax=5.293E-03 rmsd=9.077E+00 s=[ 0 0 0 1 0 1 0 1 1 1 0 0 0 1 1 0 0 0 0 0 0 1 0 1 1 1 1 1 1 1 1 1 1 1 1 1 ]
d13=9.462768384364 eijMax=4.749E-03 rmsd=9.079E+00 s=[ 0 0 0 0 1 0 1 0 0 0 1 1 1 0 0 1 1 1 1 1 1 0 1 0 0 0 0 0 0 0 0 0 0 0 0 0 ]
d13=9.462768384364 eijMax=4.749E-03 rmsd=9.079E+00 s=[ 0 0 0 1 0 1 0 1 1 1 0 0 0 1 1 0 0 0 0 0 0 1 0 1 1 1 1 1 1 1 1 1 1 1 1 1 ]
d13=9.464991755616 eijMax=4.204E-03 rmsd=9.080E+00 s=[ 0 0 0 0 1 0 1 0 0 0 1 1 1 0 0 1 1 1 1 1 1 0 1 0 0 0 0 0 0 0 0 0 0 0 0 0 ]
d13=9.464991755616 eijMax=4.204E-03 rmsd=9.080E+00 s=[ 0 0 0 1 0 1 0 1 1 1 0 0 0 1 1 0 0 0 0 0 0 1 0 1 1 1 1 1 1 1 1 1 1 1 1 1 ]
d13=9.467215126867 eijMax=3.656E-03 rmsd=9.082E+00 s=[ 0 0 0 0 1 0 1 0 0 0 1 1 1 0 0 1 1 1 1 1 1 0 1 0 0 0 0 0 0 0 0 0 0 0 0 0 ]
d13=9.467215126867 eijMax=3.656E-03 rmsd=9.082E+00 s=[ 0 0 0 1 0 1 0 1 1 1 0 0 0 1 1 0 0 0 0 0 0 1 0 1 1 1 1 1 1 1 1 1 1 1 1 1 ]
d13=9.469438498118 eijMax=3.106E-03 rmsd=9.083E+00 s=[ 0 0 0 0 1 0 1 0 0 0 1 1 1 0 0 1 1 1 1 1 1 0 1 0 0 0 0 0 0 0 0 0 0 0 0 0 ]
d13=9.469438498118 eijMax=3.106E-03 rmsd=9.083E+00 s=[ 0 0 0 1 0 1 0 1 1 1 0 0 0 1 1 0 0 0 0 0 0 1 0 1 1 1 1 1 1 1 1 1 1 1 1 1 ]
d13=9.471661869369 eijMax=2.554E-03 rmsd=9.085E+00 s=[ 0 0 0 0 1 0 1 0 0 0 1 1 1 0 0 1 1 1 1 1 1 0 1 0 0 0 0 0 0 0 0 0 0 0 0 0 ]
d13=9.471661869369 eijMax=2.554E-03 rmsd=9.085E+00 s=[ 0 0 0 1 0 1 0 1 1 1 0 0 0 1 1 0 0 0 0 0 0 1 0 1 1 1 1 1 1 1 1 1 1 1 1 1 ]
d13=9.473885240621 eijMax=1.999E-03 rmsd=9.086E+00 s=[ 0 0 0 0 1 0 1 0 0 0 1 1 1 0 0 1 1 1 1 1 1 0 1 0 0 0 0 0 0 0 0 0 0 0 0 0 ]
d13=9.473885240621 eijMax=1.999E-03 rmsd=9.086E+00 s=[ 0 0 0 1 0 1 0 1 1 1 0 0 0 1 1 0 0 0 0 0 0 1 0 1 1 1 1 1 1 1 1 1 1 1 1 1 ]
d13=9.476108611872 eijMax=1.443E-03 rmsd=9.088E+00 s=[ 0 0 0 0 1 0 1 0 0 0 1 1 1 0 0 1 1 1 1 1 1 0 1 0 0 0 0 0 0 0 0 0 0 0 0 0 ]
d13=9.476108611872 eijMax=1.443E-03 rmsd=9.088E+00 s=[ 0 0 0 1 0 1 0 1 1 1 0 0 0 1 1 0 0 0 0 0 0 1 0 1 1 1 1 1 1 1 1 1 1 1 1 1 ]
d13=9.478331983123 eijMax=8.847E-04 rmsd=9.089E+00 s=[ 0 0 0 0 1 0 1 0 0 0 1 1 1 0 0 1 1 1 1 1 1 0 1 0 0 0 0 0 0 0 0 0 0 0 0 0 ]
d13=9.478331983123 eijMax=8.847E-04 rmsd=9.089E+00 s=[ 0 0 0 1 0 1 0 1 1 1 0 0 0 1 1 0 0 0 0 0 0 1 0 1 1 1 1 1 1 1 1 1 1 1 1 1 ]
d13=9.480555354374 eijMax=3.241E-04 rmsd=9.090E+00 s=[ 0 0 0 0 1 0 1 0 0 0 1 1 1 0 0 1 1 1 1 1 1 0 1 0 0 0 0 0 0 0 0 0 0 0 0 0 ]
d13=9.480555354374 eijMax=3.241E-04 rmsd=9.090E+00 s=[ 0 0 0 1 0 1 0 1 1 1 0 0 0 1 1 0 0 0 0 0 0 1 0 1 1 1 1 1 1 1 1 1 1 1 1 1 ]
d13=9.482778725626 eijMax=2.385E-04 rmsd=9.091E+00 s=[ 0 0 0 0 1 0 1 0 0 0 1 1 1 0 0 1 1 1 1 1 1 0 1 0 0 0 0 0 0 0 0 0 0 0 0 0 ]
d13=9.482778725626 eijMax=2.385E-04 rmsd=9.091E+00 s=[ 0 0 0 1 0 1 0 1 1 1 0 0 0 1 1 0 0 0 0 0 0 1 0 1 1 1 1 1 1 1 1 1 1 1 1 1 ]
d13=9.485002096877 eijMax=8.034E-04 rmsd=9.093E+00 s=[ 0 0 0 0 1 0 1 0 0 0 1 1 1 0 0 1 1 1 1 1 1 0 1 0 0 0 0 0 0 0 0 0 0 0 0 0 ]
d13=9.485002096877 eijMax=8.034E-04 rmsd=9.093E+00 s=[ 0 0 0 1 0 1 0 1 1 1 0 0 0 1 1 0 0 0 0 0 0 1 0 1 1 1 1 1 1 1 1 1 1 1 1 1 ]
d13=9.487225468128 eijMax=1.370E-03 rmsd=9.094E+00 s=[ 0 0 0 0 1 0 1 0 0 0 1 1 1 0 0 1 1 1 1 1 1 0 1 0 0 0 0 0 0 0 0 0 0 0 0 0 ]
d13=9.487225468128 eijMax=1.370E-03 rmsd=9.094E+00 s=[ 0 0 0 1 0 1 0 1 1 1 0 0 0 1 1 0 0 0 0 0 0 1 0 1 1 1 1 1 1 1 1 1 1 1 1 1 ]
d13=9.489448839379 eijMax=1.939E-03 rmsd=9.095E+00 s=[ 0 0 0 0 1 0 1 0 0 0 1 1 1 0 0 1 1 1 1 1 1 0 1 0 0 0 0 0 0 0 0 0 0 0 0 0 ]
d13=9.489448839379 eijMax=1.939E-03 rmsd=9.095E+00 s=[ 0 0 0 1 0 1 0 1 1 1 0 0 0 1 1 0 0 0 0 0 0 1 0 1 1 1 1 1 1 1 1 1 1 1 1 1 ]
d13=9.491672210631 eijMax=2.511E-03 rmsd=9.096E+00 s=[ 0 0 0 0 1 0 1 0 0 0 1 1 1 0 0 1 1 1 1 1 1 0 1 0 0 0 0 0 0 0 0 0 0 0 0 0 ]
d13=9.491672210631 eijMax=2.511E-03 rmsd=9.096E+00 s=[ 0 0 0 1 0 1 0 1 1 1 0 0 0 1 1 0 0 0 0 0 0 1 0 1 1 1 1 1 1 1 1 1 1 1 1 1 ]
d13=9.493895581882 eijMax=3.084E-03 rmsd=9.098E+00 s=[ 0 0 0 0 1 0 1 0 0 0 1 1 1 0 0 1 1 1 1 1 1 0 1 0 0 0 0 0 0 0 0 0 0 0 0 0 ]
d13=9.493895581882 eijMax=3.084E-03 rmsd=9.098E+00 s=[ 0 0 0 1 0 1 0 1 1 1 0 0 0 1 1 0 0 0 0 0 0 1 0 1 1 1 1 1 1 1 1 1 1 1 1 1 ]
d13=9.496118953133 eijMax=3.659E-03 rmsd=9.099E+00 s=[ 0 0 0 0 1 0 1 0 0 0 1 1 1 0 0 1 1 1 1 1 1 0 1 0 0 0 0 0 0 0 0 0 0 0 0 0 ]
d13=9.496118953133 eijMax=3.659E-03 rmsd=9.099E+00 s=[ 0 0 0 1 0 1 0 1 1 1 0 0 0 1 1 0 0 0 0 0 0 1 0 1 1 1 1 1 1 1 1 1 1 1 1 1 ]
d13=9.498342324384 eijMax=4.237E-03 rmsd=9.100E+00 s=[ 0 0 0 0 1 0 1 0 0 0 1 1 1 0 0 1 1 1 1 1 1 0 1 0 0 0 0 0 0 0 0 0 0 0 0 0 ]
d13=9.498342324384 eijMax=4.237E-03 rmsd=9.100E+00 s=[ 0 0 0 1 0 1 0 1 1 1 0 0 0 1 1 0 0 0 0 0 0 1 0 1 1 1 1 1 1 1 1 1 1 1 1 1 ]
d13=9.500565695636 eijMax=4.817E-03 rmsd=9.101E+00 s=[ 0 0 0 0 1 0 1 0 0 0 1 1 1 0 0 1 1 1 1 1 1 0 1 0 0 0 0 0 0 0 0 0 0 0 0 0 ]
d13=9.500565695636 eijMax=4.817E-03 rmsd=9.101E+00 s=[ 0 0 0 1 0 1 0 1 1 1 0 0 0 1 1 0 0 0 0 0 0 1 0 1 1 1 1 1 1 1 1 1 1 1 1 1 ]
d13=9.502789066887 eijMax=5.399E-03 rmsd=9.102E+00 s=[ 0 0 0 0 1 0 1 0 0 0 1 1 1 0 0 1 1 1 1 1 1 0 1 0 0 0 0 0 0 0 0 0 0 0 0 0 ]
d13=9.502789066887 eijMax=5.399E-03 rmsd=9.102E+00 s=[ 0 0 0 1 0 1 0 1 1 1 0 0 0 1 1 0 0 0 0 0 0 1 0 1 1 1 1 1 1 1 1 1 1 1 1 1 ]
d13=9.505012438138 eijMax=5.983E-03 rmsd=9.103E+00 s=[ 0 0 0 0 1 0 1 0 0 0 1 1 1 0 0 1 1 1 1 1 1 0 1 0 0 0 0 0 0 0 0 0 0 0 0 0 ]
d13=9.505012438138 eijMax=5.983E-03 rmsd=9.103E+00 s=[ 0 0 0 1 0 1 0 1 1 1 0 0 0 1 1 0 0 0 0 0 0 1 0 1 1 1 1 1 1 1 1 1 1 1 1 1 ]
d13=9.507235809389 eijMax=6.569E-03 rmsd=9.104E+00 s=[ 0 0 0 0 1 0 1 0 0 0 1 1 1 0 0 1 1 1 1 1 1 0 1 0 0 0 0 0 0 0 0 0 0 0 0 0 ]
d13=9.507235809389 eijMax=6.569E-03 rmsd=9.104E+00 s=[ 0 0 0 1 0 1 0 1 1 1 0 0 0 1 1 0 0 0 0 0 0 1 0 1 1 1 1 1 1 1 1 1 1 1 1 1 ]
d13=9.509459180641 eijMax=7.158E-03 rmsd=9.105E+00 s=[ 0 0 0 0 1 0 1 0 0 0 1 1 1 0 0 1 1 1 1 1 1 0 1 0 0 0 0 0 0 0 0 0 0 0 0 0 ]
d13=9.509459180641 eijMax=7.158E-03 rmsd=9.105E+00 s=[ 0 0 0 1 0 1 0 1 1 1 0 0 0 1 1 0 0 0 0 0 0 1 0 1 1 1 1 1 1 1 1 1 1 1 1 1 ]
d13=9.511682551892 eijMax=7.748E-03 rmsd=9.106E+00 s=[ 0 0 0 0 1 0 1 0 0 0 1 1 1 0 0 1 1 1 1 1 1 0 1 0 0 0 0 0 0 0 0 0 0 0 0 0 ]
d13=9.511682551892 eijMax=7.748E-03 rmsd=9.106E+00 s=[ 0 0 0 1 0 1 0 1 1 1 0 0 0 1 1 0 0 0 0 0 0 1 0 1 1 1 1 1 1 1 1 1 1 1 1 1 ]
d13=9.513905923143 eijMax=8.341E-03 rmsd=9.107E+00 s=[ 0 0 0 0 1 0 1 0 0 0 1 1 1 0 0 1 1 1 1 1 1 0 1 0 0 0 0 0 0 0 0 0 0 0 0 0 ]
d13=9.513905923143 eijMax=8.341E-03 rmsd=9.107E+00 s=[ 0 0 0 1 0 1 0 1 1 1 0 0 0 1 1 0 0 0 0 0 0 1 0 1 1 1 1 1 1 1 1 1 1 1 1 1 ]
d13=9.516129294394 eijMax=8.936E-03 rmsd=9.108E+00 s=[ 0 0 0 0 1 0 1 0 0 0 1 1 1 0 0 1 1 1 1 1 1 0 1 0 0 0 0 0 0 0 0 0 0 0 0 0 ]
d13=9.516129294394 eijMax=8.936E-03 rmsd=9.108E+00 s=[ 0 0 0 1 0 1 0 1 1 1 0 0 0 1 1 0 0 0 0 0 0 1 0 1 1 1 1 1 1 1 1 1 1 1 1 1 ]
d13=9.518352665646 eijMax=9.533E-03 rmsd=9.108E+00 s=[ 0 0 0 0 1 0 1 0 0 0 1 1 1 0 0 1 1 1 1 1 1 0 1 0 0 0 0 0 0 0 0 0 0 0 0 0 ]
d13=9.518352665646 eijMax=9.533E-03 rmsd=9.108E+00 s=[ 0 0 0 1 0 1 0 1 1 1 0 0 0 1 1 0 0 0 0 0 0 1 0 1 1 1 1 1 1 1 1 1 1 1 1 1 ]
d13=9.905219263363 eijMax=9.362E-03 rmsd=1.206E+01 s=[ 0 0 0 0 0 1 0 1 1 1 0 0 1 1 1 0 0 0 0 0 1 0 1 0 0 0 0 0 0 0 0 0 0 0 0 0 ]
d13=9.905219263363 eijMax=9.362E-03 rmsd=1.206E+01 s=[ 0 0 0 1 1 0 1 0 0 0 1 1 0 0 0 1 1 1 1 1 0 1 0 1 1 1 1 1 1 1 1 1 1 1 1 1 ]
d13=9.907442634615 eijMax=7.906E-03 rmsd=1.204E+01 s=[ 0 0 0 0 0 1 0 1 1 1 0 0 1 1 1 0 0 0 0 0 1 0 1 0 0 0 0 0 0 0 0 0 0 0 0 0 ]
d13=9.907442634615 eijMax=7.906E-03 rmsd=1.204E+01 s=[ 0 0 0 1 1 0 1 0 0 0 1 1 0 0 0 1 1 1 1 1 0 1 0 1 1 1 1 1 1 1 1 1 1 1 1 1 ]
d13=9.909666005866 eijMax=6.439E-03 rmsd=1.201E+01 s=[ 0 0 0 0 0 1 0 1 1 1 0 0 1 1 1 0 0 0 0 0 1 0 1 0 0 0 0 0 0 0 0 0 0 0 0 0 ]
d13=9.909666005866 eijMax=6.439E-03 rmsd=1.201E+01 s=[ 0 0 0 1 1 0 1 0 0 0 1 1 0 0 0 1 1 1 1 1 0 1 0 1 1 1 1 1 1 1 1 1 1 1 1 1 ]
d13=9.911889377117 eijMax=4.963E-03 rmsd=1.199E+01 s=[ 0 0 0 0 0 1 0 1 1 1 0 0 1 1 1 0 0 0 0 0 1 0 1 0 0 0 0 0 0 0 0 0 0 0 0 0 ]
d13=9.911889377117 eijMax=4.963E-03 rmsd=1.199E+01 s=[ 0 0 0 1 1 0 1 0 0 0 1 1 0 0 0 1 1 1 1 1 0 1 0 1 1 1 1 1 1 1 1 1 1 1 1 1 ]
d13=9.914112748368 eijMax=3.476E-03 rmsd=1.197E+01 s=[ 0 0 0 0 0 1 0 1 1 1 0 0 1 1 1 0 0 0 0 0 1 0 1 0 0 0 0 0 0 0 0 0 0 0 0 0 ]
d13=9.914112748368 eijMax=3.476E-03 rmsd=1.197E+01 s=[ 0 0 0 1 1 0 1 0 0 0 1 1 0 0 0 1 1 1 1 1 0 1 0 1 1 1 1 1 1 1 1 1 1 1 1 1 ]
d13=9.916336119620 eijMax=1.979E-03 rmsd=1.195E+01 s=[ 0 0 0 0 0 1 0 1 1 1 0 0 1 1 1 0 0 0 0 0 1 0 1 0 0 0 0 0 0 0 0 0 0 0 0 0 ]
d13=9.916336119620 eijMax=1.979E-03 rmsd=1.195E+01 s=[ 0 0 0 1 1 0 1 0 0 0 1 1 0 0 0 1 1 1 1 1 0 1 0 1 1 1 1 1 1 1 1 1 1 1 1 1 ]
d13=9.918559490871 eijMax=4.716E-04 rmsd=1.192E+01 s=[ 0 0 0 0 0 1 0 1 1 1 0 0 1 1 1 0 0 0 0 0 1 0 1 0 0 0 0 0 0 0 0 0 0 0 0 0 ]
d13=9.918559490871 eijMax=4.716E-04 rmsd=1.192E+01 s=[ 0 0 0 1 1 0 1 0 0 0 1 1 0 0 0 1 1 1 1 1 0 1 0 1 1 1 1 1 1 1 1 1 1 1 1 1 ]
d13=9.920782862122 eijMax=1.046E-03 rmsd=1.190E+01 s=[ 0 0 0 0 0 1 0 1 1 1 0 0 1 1 1 0 0 0 0 0 1 0 1 0 0 0 0 0 0 0 0 0 0 0 0 0 ]
d13=9.920782862122 eijMax=1.046E-03 rmsd=1.190E+01 s=[ 0 0 0 1 1 0 1 0 0 0 1 1 0 0 0 1 1 1 1 1 0 1 0 1 1 1 1 1 1 1 1 1 1 1 1 1 ]
d13=9.923006233373 eijMax=2.574E-03 rmsd=1.188E+01 s=[ 0 0 0 0 0 1 0 1 1 1 0 0 1 1 1 0 0 0 0 0 1 0 1 0 0 0 0 0 0 0 0 0 0 0 0 0 ]
d13=9.923006233373 eijMax=2.574E-03 rmsd=1.188E+01 s=[ 0 0 0 1 1 0 1 0 0 0 1 1 0 0 0 1 1 1 1 1 0 1 0 1 1 1 1 1 1 1 1 1 1 1 1 1 ]
d13=9.925229604625 eijMax=4.112E-03 rmsd=1.186E+01 s=[ 0 0 0 0 0 1 0 1 1 1 0 0 1 1 1 0 0 0 0 0 1 0 1 0 0 0 0 0 0 0 0 0 0 0 0 0 ]
d13=9.925229604625 eijMax=4.112E-03 rmsd=1.186E+01 s=[ 0 0 0 1 1 0 1 0 0 0 1 1 0 0 0 1 1 1 1 1 0 1 0 1 1 1 1 1 1 1 1 1 1 1 1 1 ]
d13=9.927452975876 eijMax=5.660E-03 rmsd=1.184E+01 s=[ 0 0 0 0 0 1 0 1 1 1 0 0 1 1 1 0 0 0 0 0 1 0 1 0 0 0 0 0 0 0 0 0 0 0 0 0 ]
d13=9.927452975876 eijMax=5.660E-03 rmsd=1.184E+01 s=[ 0 0 0 1 1 0 1 0 0 0 1 1 0 0 0 1 1 1 1 1 0 1 0 1 1 1 1 1 1 1 1 1 1 1 1 1 ]
d13=9.929676347127 eijMax=7.219E-03 rmsd=1.181E+01 s=[ 0 0 0 0 0 1 0 1 1 1 0 0 1 1 1 0 0 0 0 0 1 0 1 0 0 0 0 0 0 0 0 0 0 0 0 0 ]
d13=9.929676347127 eijMax=7.219E-03 rmsd=1.181E+01 s=[ 0 0 0 1 1 0 1 0 0 0 1 1 0 0 0 1 1 1 1 1 0 1 0 1 1 1 1 1 1 1 1 1 1 1 1 1 ]
d13=9.931899718378 eijMax=8.789E-03 rmsd=1.179E+01 s=[ 0 0 0 0 0 1 0 1 1 1 0 0 1 1 1 0 0 0 0 0 1 0 1 0 0 0 0 0 0 0 0 0 0 0 0 0 ]
d13=9.931899718378 eijMax=8.789E-03 rmsd=1.179E+01 s=[ 0 0 0 1 1 0 1 0 0 0 1 1 0 0 0 1 1 1 1 1 0 1 0 1 1 1 1 1 1 1 1 1 1 1 1 1 ]
d13=9.947463317137 eijMax=9.713E-03 rmsd=8.202E+00 s=[ 0 0 0 0 0 0 1 0 0 0 1 1 0 0 0 1 1 1 1 1 1 0 1 0 0 0 0 0 0 0 0 0 0 0 0 0 ]
d13=9.947463317137 eijMax=9.713E-03 rmsd=8.202E+00 s=[ 0 0 0 1 1 1 0 1 1 1 0 0 1 1 1 0 0 0 0 0 0 1 0 1 1 1 1 1 1 1 1 1 1 1 1 1 ]
d13=9.949686688388 eijMax=8.242E-03 rmsd=8.188E+00 s=[ 0 0 0 0 0 0 1 0 0 0 1 1 0 0 0 1 1 1 1 1 1 0 1 0 0 0 0 0 0 0 0 0 0 0 0 0 ]
d13=9.949686688388 eijMax=8.242E-03 rmsd=8.188E+00 s=[ 0 0 0 1 1 1 0 1 1 1 0 0 1 1 1 0 0 0 0 0 0 1 0 1 1 1 1 1 1 1 1 1 1 1 1 1 ]
d13=9.951910059640 eijMax=6.762E-03 rmsd=8.174E+00 s=[ 0 0 0 0 0 0 1 0 0 0 1 1 0 0 0 1 1 1 1 1 1 0 1 0 0 0 0 0 0 0 0 0 0 0 0 0 ]
d13=9.951910059640 eijMax=6.762E-03 rmsd=8.174E+00 s=[ 0 0 0 1 1 1 0 1 1 1 0 0 1 1 1 0 0 0 0 0 0 1 0 1 1 1 1 1 1 1 1 1 1 1 1 1 ]
d13=9.954133430891 eijMax=5.273E-03 rmsd=8.160E+00 s=[ 0 0 0 0 0 0 1 0 0 0 1 1 0 0 0 1 1 1 1 1 1 0 1 0 0 0 0 0 0 0 0 0 0 0 0 0 ]
d13=9.954133430891 eijMax=5.273E-03 rmsd=8.160E+00 s=[ 0 0 0 1 1 1 0 1 1 1 0 0 1 1 1 0 0 0 0 0 0 1 0 1 1 1 1 1 1 1 1 1 1 1 1 1 ]
d13=9.956356802142 eijMax=3.776E-03 rmsd=8.146E+00 s=[ 0 0 0 0 0 0 1 0 0 0 1 1 0 0 0 1 1 1 1 1 1 0 1 0 0 0 0 0 0 0 0 0 0 0 0 0 ]
d13=9.956356802142 eijMax=3.776E-03 rmsd=8.146E+00 s=[ 0 0 0 1 1 1 0 1 1 1 0 0 1 1 1 0 0 0 0 0 0 1 0 1 1 1 1 1 1 1 1 1 1 1 1 1 ]
d13=9.958580173393 eijMax=2.270E-03 rmsd=8.133E+00 s=[ 0 0 0 0 0 0 1 0 0 0 1 1 0 0 0 1 1 1 1 1 1 0 1 0 0 0 0 0 0 0 0 0 0 0 0 0 ]
d13=9.958580173393 eijMax=2.270E-03 rmsd=8.133E+00 s=[ 0 0 0 1 1 1 0 1 1 1 0 0 1 1 1 0 0 0 0 0 0 1 0 1 1 1 1 1 1 1 1 1 1 1 1 1 ]
d13=9.960803544645 eijMax=7.549E-04 rmsd=8.119E+00 s=[ 0 0 0 0 0 0 1 0 0 0 1 1 0 0 0 1 1 1 1 1 1 0 1 0 0 0 0 0 0 0 0 0 0 0 0 0 ]
d13=9.960803544645 eijMax=7.549E-04 rmsd=8.119E+00 s=[ 0 0 0 1 1 1 0 1 1 1 0 0 1 1 1 0 0 0 0 0 0 1 0 1 1 1 1 1 1 1 1 1 1 1 1 1 ]
d13=9.963026915896 eijMax=7.684E-04 rmsd=8.106E+00 s=[ 0 0 0 0 0 0 1 0 0 0 1 1 0 0 0 1 1 1 1 1 1 0 1 0 0 0 0 0 0 0 0 0 0 0 0 0 ]
d13=9.963026915896 eijMax=7.684E-04 rmsd=8.106E+00 s=[ 0 0 0 1 1 1 0 1 1 1 0 0 1 1 1 0 0 0 0 0 0 1 0 1 1 1 1 1 1 1 1 1 1 1 1 1 ]
d13=9.965250287147 eijMax=2.301E-03 rmsd=8.093E+00 s=[ 0 0 0 0 0 0 1 0 0 0 1 1 0 0 0 1 1 1 1 1 1 0 1 0 0 0 0 0 0 0 0 0 0 0 0 0 ]
d13=9.965250287147 eijMax=2.301E-03 rmsd=8.093E+00 s=[ 0 0 0 1 1 1 0 1 1 1 0 0 1 1 1 0 0 0 0 0 0 1 0 1 1 1 1 1 1 1 1 1 1 1 1 1 ]
d13=9.967473658398 eijMax=3.841E-03 rmsd=8.079E+00 s=[ 0 0 0 0 0 0 1 0 0 0 1 1 0 0 0 1 1 1 1 1 1 0 1 0 0 0 0 0 0 0 0 0 0 0 0 0 ]
d13=9.967473658398 eijMax=3.841E-03 rmsd=8.079E+00 s=[ 0 0 0 1 1 1 0 1 1 1 0 0 1 1 1 0 0 0 0 0 0 1 0 1 1 1 1 1 1 1 1 1 1 1 1 1 ]
d13=9.969697029650 eijMax=5.391E-03 rmsd=8.066E+00 s=[ 0 0 0 0 0 0 1 0 0 0 1 1 0 0 0 1 1 1 1 1 1 0 1 0 0 0 0 0 0 0 0 0 0 0 0 0 ]
d13=9.969697029650 eijMax=5.391E-03 rmsd=8.066E+00 s=[ 0 0 0 1 1 1 0 1 1 1 0 0 1 1 1 0 0 0 0 0 0 1 0 1 1 1 1 1 1 1 1 1 1 1 1 1 ]
d13=9.971920400901 eijMax=6.949E-03 rmsd=8.054E+00 s=[ 0 0 0 0 0 0 1 0 0 0 1 1 0 0 0 1 1 1 1 1 1 0 1 0 0 0 0 0 0 0 0 0 0 0 0 0 ]
d13=9.971920400901 eijMax=6.949E-03 rmsd=8.054E+00 s=[ 0 0 0 1 1 1 0 1 1 1 0 0 1 1 1 0 0 0 0 0 0 1 0 1 1 1 1 1 1 1 1 1 1 1 1 1 ]
d13=9.974143772152 eijMax=8.516E-03 rmsd=8.041E+00 s=[ 0 0 0 0 0 0 1 0 0 0 1 1 0 0 0 1 1 1 1 1 1 0 1 0 0 0 0 0 0 0 0 0 0 0 0 0 ]
d13=9.974143772152 eijMax=8.516E-03 rmsd=8.041E+00 s=[ 0 0 0 1 1 1 0 1 1 1 0 0 1 1 1 0 0 0 0 0 0 1 0 1 1 1 1 1 1 1 1 1 1 1 1 1 ]
d13=10.263182034815 eijMax=9.837E-03 rmsd=1.729E+01 s=[ 0 0 0 0 1 0 1 0 0 0 1 1 1 1 1 0 0 0 0 0 1 0 1 0 0 0 0 0 0 0 0 0 0 0 0 0 ]
d13=10.263182034815 eijMax=9.837E-03 rmsd=1.729E+01 s=[ 0 0 0 1 0 1 0 1 1 1 0 0 0 0 0 1 1 1 1 1 0 1 0 1 1 1 1 1 1 1 1 1 1 1 1 1 ]
d13=10.265405406066 eijMax=8.682E-03 rmsd=1.728E+01 s=[ 0 0 0 0 1 0 1 0 0 0 1 1 1 1 1 0 0 0 0 0 1 0 1 0 0 0 0 0 0 0 0 0 0 0 0 0 ]
d13=10.265405406066 eijMax=8.682E-03 rmsd=1.728E+01 s=[ 0 0 0 1 0 1 0 1 1 1 0 0 0 0 0 1 1 1 1 1 0 1 0 1 1 1 1 1 1 1 1 1 1 1 1 1 ]
d13=10.267628777317 eijMax=7.516E-03 rmsd=1.727E+01 s=[ 0 0 0 0 1 0 1 0 0 0 1 1 1 1 1 0 0 0 0 0 1 0 1 0 0 0 0 0 0 0 0 0 0 0 0 0 ]
d13=10.267628777317 eijMax=7.516E-03 rmsd=1.727E+01 s=[ 0 0 0 1 0 1 0 1 1 1 0 0 0 0 0 1 1 1 1 1 0 1 0 1 1 1 1 1 1 1 1 1 1 1 1 1 ]
d13=10.269852148569 eijMax=6.341E-03 rmsd=1.726E+01 s=[ 0 0 0 0 1 0 1 0 0 0 1 1 1 1 1 0 0 0 0 0 1 0 1 0 0 0 0 0 0 0 0 0 0 0 0 0 ]
d13=10.269852148569 eijMax=6.341E-03 rmsd=1.726E+01 s=[ 0 0 0 1 0 1 0 1 1 1 0 0 0 0 0 1 1 1 1 1 0 1 0 1 1 1 1 1 1 1 1 1 1 1 1 1 ]
d13=10.272075519820 eijMax=5.157E-03 rmsd=1.725E+01 s=[ 0 0 0 0 1 0 1 0 0 0 1 1 1 1 1 0 0 0 0 0 1 0 1 0 0 0 0 0 0 0 0 0 0 0 0 0 ]
d13=10.272075519820 eijMax=5.157E-03 rmsd=1.725E+01 s=[ 0 0 0 1 0 1 0 1 1 1 0 0 0 0 0 1 1 1 1 1 0 1 0 1 1 1 1 1 1 1 1 1 1 1 1 1 ]
d13=10.274298891071 eijMax=3.962E-03 rmsd=1.724E+01 s=[ 0 0 0 0 1 0 1 0 0 0 1 1 1 1 1 0 0 0 0 0 1 0 1 0 0 0 0 0 0 0 0 0 0 0 0 0 ]
d13=10.274298891071 eijMax=3.962E-03 rmsd=1.724E+01 s=[ 0 0 0 1 0 1 0 1 1 1 0 0 0 0 0 1 1 1 1 1 0 1 0 1 1 1 1 1 1 1 1 1 1 1 1 1 ]
d13=10.276522262322 eijMax=2.758E-03 rmsd=1.723E+01 s=[ 0 0 0 0 1 0 1 0 0 0 1 1 1 1 1 0 0 0 0 0 1 0 1 0 0 0 0 0 0 0 0 0 0 0 0 0 ]
d13=10.276522262322 eijMax=2.758E-03 rmsd=1.723E+01 s=[ 0 0 0 1 0 1 0 1 1 1 0 0 0 0 0 1 1 1 1 1 0 1 0 1 1 1 1 1 1 1 1 1 1 1 1 1 ]
d13=10.278745633574 eijMax=1.544E-03 rmsd=1.722E+01 s=[ 0 0 0 0 1 0 1 0 0 0 1 1 1 1 1 0 0 0 0 0 1 0 1 0 0 0 0 0 0 0 0 0 0 0 0 0 ]
d13=10.278745633574 eijMax=1.544E-03 rmsd=1.722E+01 s=[ 0 0 0 1 0 1 0 1 1 1 0 0 0 0 0 1 1 1 1 1 0 1 0 1 1 1 1 1 1 1 1 1 1 1 1 1 ]
d13=10.280969004825 eijMax=3.192E-04 rmsd=1.721E+01 s=[ 0 0 0 0 1 0 1 0 0 0 1 1 1 1 1 0 0 0 0 0 1 0 1 0 0 0 0 0 0 0 0 0 0 0 0 0 ]
d13=10.280969004825 eijMax=3.192E-04 rmsd=1.721E+01 s=[ 0 0 0 1 0 1 0 1 1 1 0 0 0 0 0 1 1 1 1 1 0 1 0 1 1 1 1 1 1 1 1 1 1 1 1 1 ]
d13=10.283192376076 eijMax=9.156E-04 rmsd=1.719E+01 s=[ 0 0 0 0 1 0 1 0 0 0 1 1 1 1 1 0 0 0 0 0 1 0 1 0 0 0 0 0 0 0 0 0 0 0 0 0 ]
d13=10.283192376076 eijMax=9.156E-04 rmsd=1.719E+01 s=[ 0 0 0 1 0 1 0 1 1 1 0 0 0 0 0 1 1 1 1 1 0 1 0 1 1 1 1 1 1 1 1 1 1 1 1 1 ]
d13=10.285415747327 eijMax=2.161E-03 rmsd=1.718E+01 s=[ 0 0 0 0 1 0 1 0 0 0 1 1 1 1 1 0 0 0 0 0 1 0 1 0 0 0 0 0 0 0 0 0 0 0 0 0 ]
d13=10.285415747327 eijMax=2.161E-03 rmsd=1.718E+01 s=[ 0 0 0 1 0 1 0 1 1 1 0 0 0 0 0 1 1 1 1 1 0 1 0 1 1 1 1 1 1 1 1 1 1 1 1 1 ]
d13=10.287639118579 eijMax=3.416E-03 rmsd=1.717E+01 s=[ 0 0 0 0 1 0 1 0 0 0 1 1 1 1 1 0 0 0 0 0 1 0 1 0 0 0 0 0 0 0 0 0 0 0 0 0 ]
d13=10.287639118579 eijMax=3.416E-03 rmsd=1.717E+01 s=[ 0 0 0 1 0 1 0 1 1 1 0 0 0 0 0 1 1 1 1 1 0 1 0 1 1 1 1 1 1 1 1 1 1 1 1 1 ]
d13=10.289862489830 eijMax=4.683E-03 rmsd=1.716E+01 s=[ 0 0 0 0 1 0 1 0 0 0 1 1 1 1 1 0 0 0 0 0 1 0 1 0 0 0 0 0 0 0 0 0 0 0 0 0 ]
d13=10.289862489830 eijMax=4.683E-03 rmsd=1.716E+01 s=[ 0 0 0 1 0 1 0 1 1 1 0 0 0 0 0 1 1 1 1 1 0 1 0 1 1 1 1 1 1 1 1 1 1 1 1 1 ]
d13=10.292085861081 eijMax=5.960E-03 rmsd=1.715E+01 s=[ 0 0 0 0 1 0 1 0 0 0 1 1 1 1 1 0 0 0 0 0 1 0 1 0 0 0 0 0 0 0 0 0 0 0 0 0 ]
d13=10.292085861081 eijMax=5.960E-03 rmsd=1.715E+01 s=[ 0 0 0 1 0 1 0 1 1 1 0 0 0 0 0 1 1 1 1 1 0 1 0 1 1 1 1 1 1 1 1 1 1 1 1 1 ]
d13=10.294309232332 eijMax=7.248E-03 rmsd=1.714E+01 s=[ 0 0 0 0 1 0 1 0 0 0 1 1 1 1 1 0 0 0 0 0 1 0 1 0 0 0 0 0 0 0 0 0 0 0 0 0 ]
d13=10.294309232332 eijMax=7.248E-03 rmsd=1.714E+01 s=[ 0 0 0 1 0 1 0 1 1 1 0 0 0 0 0 1 1 1 1 1 0 1 0 1 1 1 1 1 1 1 1 1 1 1 1 1 ]
d13=10.296532603584 eijMax=8.546E-03 rmsd=1.712E+01 s=[ 0 0 0 0 1 0 1 0 0 0 1 1 1 1 1 0 0 0 0 0 1 0 1 0 0 0 0 0 0 0 0 0 0 0 0 0 ]
d13=10.296532603584 eijMax=8.546E-03 rmsd=1.712E+01 s=[ 0 0 0 1 0 1 0 1 1 1 0 0 0 0 0 1 1 1 1 1 0 1 0 1 1 1 1 1 1 1 1 1 1 1 1 1 ]
d13=10.298755974835 eijMax=9.856E-03 rmsd=1.711E+01 s=[ 0 0 0 0 1 0 1 0 0 0 1 1 1 1 1 0 0 0 0 0 1 0 1 0 0 0 0 0 0 0 0 0 0 0 0 0 ]
d13=10.298755974835 eijMax=9.856E-03 rmsd=1.711E+01 s=[ 0 0 0 1 0 1 0 1 1 1 0 0 0 0 0 1 1 1 1 1 0 1 0 1 1 1 1 1 1 1 1 1 1 1 1 1 ]
d13=10.320989687347 eijMax=9.090E-03 rmsd=1.467E+01 s=[ 0 0 0 0 0 0 1 0 0 0 1 1 0 1 1 0 0 0 0 0 1 0 1 0 0 0 0 0 0 0 0 0 0 0 0 0 ]
d13=10.320989687347 eijMax=9.090E-03 rmsd=1.467E+01 s=[ 0 0 0 1 1 1 0 1 1 1 0 0 1 0 0 1 1 1 1 1 0 1 0 1 1 1 1 1 1 1 1 1 1 1 1 1 ]
d13=10.323213058599 eijMax=7.363E-03 rmsd=1.466E+01 s=[ 0 0 0 0 0 0 1 0 0 0 1 1 0 1 1 0 0 0 0 0 1 0 1 0 0 0 0 0 0 0 0 0 0 0 0 0 ]
d13=10.323213058599 eijMax=7.363E-03 rmsd=1.466E+01 s=[ 0 0 0 1 1 1 0 1 1 1 0 0 1 0 0 1 1 1 1 1 0 1 0 1 1 1 1 1 1 1 1 1 1 1 1 1 ]
d13=10.325436429850 eijMax=5.615E-03 rmsd=1.465E+01 s=[ 0 0 0 0 0 0 1 0 0 0 1 1 0 1 1 0 0 0 0 0 1 0 1 0 0 0 0 0 0 0 0 0 0 0 0 0 ]
d13=10.325436429850 eijMax=5.615E-03 rmsd=1.465E+01 s=[ 0 0 0 1 1 1 0 1 1 1 0 0 1 0 0 1 1 1 1 1 0 1 0 1 1 1 1 1 1 1 1 1 1 1 1 1 ]
d13=10.327659801101 eijMax=3.846E-03 rmsd=1.464E+01 s=[ 0 0 0 0 0 0 1 0 0 0 1 1 0 1 1 0 0 0 0 0 1 0 1 0 0 0 0 0 0 0 0 0 0 0 0 0 ]
d13=10.327659801101 eijMax=3.846E-03 rmsd=1.464E+01 s=[ 0 0 0 1 1 1 0 1 1 1 0 0 1 0 0 1 1 1 1 1 0 1 0 1 1 1 1 1 1 1 1 1 1 1 1 1 ]
d13=10.329883172352 eijMax=2.056E-03 rmsd=1.462E+01 s=[ 0 0 0 0 0 0 1 0 0 0 1 1 0 1 1 0 0 0 0 0 1 0 1 0 0 0 0 0 0 0 0 0 0 0 0 0 ]
d13=10.329883172352 eijMax=2.056E-03 rmsd=1.462E+01 s=[ 0 0 0 1 1 1 0 1 1 1 0 0 1 0 0 1 1 1 1 1 0 1 0 1 1 1 1 1 1 1 1 1 1 1 1 1 ]
d13=10.332106543604 eijMax=2.435E-04 rmsd=1.461E+01 s=[ 0 0 0 0 0 0 1 0 0 0 1 1 0 1 1 0 0 0 0 0 1 0 1 0 0 0 0 0 0 0 0 0 0 0 0 0 ]
d13=10.332106543604 eijMax=2.435E-04 rmsd=1.461E+01 s=[ 0 0 0 1 1 1 0 1 1 1 0 0 1 0 0 1 1 1 1 1 0 1 0 1 1 1 1 1 1 1 1 1 1 1 1 1 ]
d13=10.334329914855 eijMax=1.591E-03 rmsd=1.460E+01 s=[ 0 0 0 0 0 0 1 0 0 0 1 1 0 1 1 0 0 0 0 0 1 0 1 0 0 0 0 0 0 0 0 0 0 0 0 0 ]
d13=10.334329914855 eijMax=1.591E-03 rmsd=1.460E+01 s=[ 0 0 0 1 1 1 0 1 1 1 0 0 1 0 0 1 1 1 1 1 0 1 0 1 1 1 1 1 1 1 1 1 1 1 1 1 ]
d13=10.336553286106 eijMax=3.449E-03 rmsd=1.459E+01 s=[ 0 0 0 0 0 0 1 0 0 0 1 1 0 1 1 0 0 0 0 0 1 0 1 0 0 0 0 0 0 0 0 0 0 0 0 0 ]
d13=10.336553286106 eijMax=3.449E-03 rmsd=1.459E+01 s=[ 0 0 0 1 1 1 0 1 1 1 0 0 1 0 0 1 1 1 1 1 0 1 0 1 1 1 1 1 1 1 1 1 1 1 1 1 ]
d13=10.338776657357 eijMax=5.329E-03 rmsd=1.457E+01 s=[ 0 0 0 0 0 0 1 0 0 0 1 1 0 1 1 0 0 0 0 0 1 0 1 0 0 0 0 0 0 0 0 0 0 0 0 0 ]
d13=10.338776657357 eijMax=5.329E-03 rmsd=1.457E+01 s=[ 0 0 0 1 1 1 0 1 1 1 0 0 1 0 0 1 1 1 1 1 0 1 0 1 1 1 1 1 1 1 1 1 1 1 1 1 ]
d13=10.341000028609 eijMax=7.233E-03 rmsd=1.456E+01 s=[ 0 0 0 0 0 0 1 0 0 0 1 1 0 1 1 0 0 0 0 0 1 0 1 0 0 0 0 0 0 0 0 0 0 0 0 0 ]
d13=10.341000028609 eijMax=7.233E-03 rmsd=1.456E+01 s=[ 0 0 0 1 1 1 0 1 1 1 0 0 1 0 0 1 1 1 1 1 0 1 0 1 1 1 1 1 1 1 1 1 1 1 1 1 ]
d13=10.343223399860 eijMax=9.161E-03 rmsd=1.455E+01 s=[ 0 0 0 0 0 0 1 0 0 0 1 1 0 1 1 0 0 0 0 0 1 0 1 0 0 0 0 0 0 0 0 0 0 0 0 0 ]
d13=10.343223399860 eijMax=9.161E-03 rmsd=1.455E+01 s=[ 0 0 0 1 1 1 0 1 1 1 0 0 1 0 0 1 1 1 1 1 0 1 0 1 1 1 1 1 1 1 1 1 1 1 1 1 ]
d13=10.445498477417 eijMax=8.129E-03 rmsd=1.435E+01 s=[ 0 0 0 0 0 1 0 1 1 1 0 0 0 0 0 1 1 1 1 1 1 0 1 0 0 0 0 0 0 0 0 0 0 0 0 0 ]
d13=10.445498477417 eijMax=8.129E-03 rmsd=1.435E+01 s=[ 0 0 0 1 1 0 1 0 0 0 1 1 1 1 1 0 0 0 0 0 0 1 0 1 1 1 1 1 1 1 1 1 1 1 1 1 ]
d13=10.447721848669 eijMax=5.977E-03 rmsd=1.431E+01 s=[ 0 0 0 0 0 1 0 1 1 1 0 0 0 0 0 1 1 1 1 1 1 0 1 0 0 0 0 0 0 0 0 0 0 0 0 0 ]
d13=10.447721848669 eijMax=5.977E-03 rmsd=1.431E+01 s=[ 0 0 0 1 1 0 1 0 0 0 1 1 1 1 1 0 0 0 0 0 0 1 0 1 1 1 1 1 1 1 1 1 1 1 1 1 ]
d13=10.449945219920 eijMax=3.779E-03 rmsd=1.427E+01 s=[ 0 0 0 0 0 1 0 1 1 1 0 0 0 0 0 1 1 1 1 1 1 0 1 0 0 0 0 0 0 0 0 0 0 0 0 0 ]
d13=10.449945219920 eijMax=3.779E-03 rmsd=1.427E+01 s=[ 0 0 0 1 1 0 1 0 0 0 1 1 1 1 1 0 0 0 0 0 0 1 0 1 1 1 1 1 1 1 1 1 1 1 1 1 ]
d13=10.452168591171 eijMax=1.534E-03 rmsd=1.422E+01 s=[ 0 0 0 0 0 1 0 1 1 1 0 0 0 0 0 1 1 1 1 1 1 0 1 0 0 0 0 0 0 0 0 0 0 0 0 0 ]
d13=10.452168591171 eijMax=1.534E-03 rmsd=1.422E+01 s=[ 0 0 0 1 1 0 1 0 0 0 1 1 1 1 1 0 0 0 0 0 0 1 0 1 1 1 1 1 1 1 1 1 1 1 1 1 ]
d13=10.454391962422 eijMax=7.598E-04 rmsd=1.418E+01 s=[ 0 0 0 0 0 1 0 1 1 1 0 0 0 0 0 1 1 1 1 1 1 0 1 0 0 0 0 0 0 0 0 0 0 0 0 0 ]
d13=10.454391962422 eijMax=7.598E-04 rmsd=1.418E+01 s=[ 0 0 0 1 1 0 1 0 0 0 1 1 1 1 1 0 0 0 0 0 0 1 0 1 1 1 1 1 1 1 1 1 1 1 1 1 ]
d13=10.456615333674 eijMax=3.104E-03 rmsd=1.413E+01 s=[ 0 0 0 0 0 1 0 1 1 1 0 0 0 0 0 1 1 1 1 1 1 0 1 0 0 0 0 0 0 0 0 0 0 0 0 0 ]
d13=10.456615333674 eijMax=3.104E-03 rmsd=1.413E+01 s=[ 0 0 0 1 1 0 1 0 0 0 1 1 1 1 1 0 0 0 0 0 0 1 0 1 1 1 1 1 1 1 1 1 1 1 1 1 ]
d13=10.458838704925 eijMax=5.500E-03 rmsd=1.408E+01 s=[ 0 0 0 0 0 1 0 1 1 1 0 0 0 0 0 1 1 1 1 1 1 0 1 0 0 0 0 0 0 0 0 0 0 0 0 0 ]
d13=10.458838704925 eijMax=5.500E-03 rmsd=1.408E+01 s=[ 0 0 0 1 1 0 1 0 0 0 1 1 1 1 1 0 0 0 0 0 0 1 0 1 1 1 1 1 1 1 1 1 1 1 1 1 ]
d13=10.461062076176 eijMax=7.949E-03 rmsd=1.404E+01 s=[ 0 0 0 0 0 1 0 1 1 1 0 0 0 0 0 1 1 1 1 1 1 0 1 0 0 0 0 0 0 0 0 0 0 0 0 0 ]
d13=10.461062076176 eijMax=7.949E-03 rmsd=1.404E+01 s=[ 0 0 0 1 1 0 1 0 0 0 1 1 1 1 1 0 0 0 0 0 0 1 0 1 1 1 1 1 1 1 1 1 1 1 1 1 ]
d13=10.487742531191 eijMax=8.946E-03 rmsd=1.930E+01 s=[ 0 0 0 0 1 0 1 0 0 0 1 1 0 0 0 1 1 1 1 1 1 0 1 0 0 0 0 0 0 0 0 0 0 0 0 0 ]
d13=10.487742531191 eijMax=8.946E-03 rmsd=1.930E+01 s=[ 0 0 0 1 0 1 0 1 1 1 0 0 1 1 1 0 0 0 0 0 0 1 0 1 1 1 1 1 1 1 1 1 1 1 1 1 ]
d13=10.489965902442 eijMax=7.425E-03 rmsd=1.929E+01 s=[ 0 0 0 0 1 0 1 0 0 0 1 1 0 0 0 1 1 1 1 1 1 0 1 0 0 0 0 0 0 0 0 0 0 0 0 0 ]
d13=10.489965902442 eijMax=7.425E-03 rmsd=1.929E+01 s=[ 0 0 0 1 0 1 0 1 1 1 0 0 1 1 1 0 0 0 0 0 0 1 0 1 1 1 1 1 1 1 1 1 1 1 1 1 ]
d13=10.492189273694 eijMax=5.882E-03 rmsd=1.928E+01 s=[ 0 0 0 0 1 0 1 0 0 0 1 1 0 0 0 1 1 1 1 1 1 0 1 0 0 0 0 0 0 0 0 0 0 0 0 0 ]
d13=10.492189273694 eijMax=5.882E-03 rmsd=1.928E+01 s=[ 0 0 0 1 0 1 0 1 1 1 0 0 1 1 1 0 0 0 0 0 0 1 0 1 1 1 1 1 1 1 1 1 1 1 1 1 ]
d13=10.494412644945 eijMax=4.316E-03 rmsd=1.927E+01 s=[ 0 0 0 0 1 0 1 0 0 0 1 1 0 0 0 1 1 1 1 1 1 0 1 0 0 0 0 0 0 0 0 0 0 0 0 0 ]
d13=10.494412644945 eijMax=4.316E-03 rmsd=1.927E+01 s=[ 0 0 0 1 0 1 0 1 1 1 0 0 1 1 1 0 0 0 0 0 0 1 0 1 1 1 1 1 1 1 1 1 1 1 1 1 ]
d13=10.496636016196 eijMax=2.725E-03 rmsd=1.926E+01 s=[ 0 0 0 0 1 0 1 0 0 0 1 1 0 0 0 1 1 1 1 1 1 0 1 0 0 0 0 0 0 0 0 0 0 0 0 0 ]
d13=10.496636016196 eijMax=2.725E-03 rmsd=1.926E+01 s=[ 0 0 0 1 0 1 0 1 1 1 0 0 1 1 1 0 0 0 0 0 0 1 0 1 1 1 1 1 1 1 1 1 1 1 1 1 ]
d13=10.498859387447 eijMax=1.110E-03 rmsd=1.925E+01 s=[ 0 0 0 0 1 0 1 0 0 0 1 1 0 0 0 1 1 1 1 1 1 0 1 0 0 0 0 0 0 0 0 0 0 0 0 0 ]
d13=10.498859387447 eijMax=1.110E-03 rmsd=1.925E+01 s=[ 0 0 0 1 0 1 0 1 1 1 0 0 1 1 1 0 0 0 0 0 0 1 0 1 1 1 1 1 1 1 1 1 1 1 1 1 ]
d13=10.501082758699 eijMax=5.315E-04 rmsd=1.925E+01 s=[ 0 0 0 0 1 0 1 0 0 0 1 1 0 0 0 1 1 1 1 1 1 0 1 0 0 0 0 0 0 0 0 0 0 0 0 0 ]
d13=10.501082758699 eijMax=5.315E-04 rmsd=1.925E+01 s=[ 0 0 0 1 0 1 0 1 1 1 0 0 1 1 1 0 0 0 0 0 0 1 0 1 1 1 1 1 1 1 1 1 1 1 1 1 ]
d13=10.503306129950 eijMax=2.199E-03 rmsd=1.924E+01 s=[ 0 0 0 0 1 0 1 0 0 0 1 1 0 0 0 1 1 1 1 1 1 0 1 0 0 0 0 0 0 0 0 0 0 0 0 0 ]
d13=10.503306129950 eijMax=2.199E-03 rmsd=1.924E+01 s=[ 0 0 0 1 0 1 0 1 1 1 0 0 1 1 1 0 0 0 0 0 0 1 0 1 1 1 1 1 1 1 1 1 1 1 1 1 ]
d13=10.505529501201 eijMax=3.895E-03 rmsd=1.923E+01 s=[ 0 0 0 0 1 0 1 0 0 0 1 1 0 0 0 1 1 1 1 1 1 0 1 0 0 0 0 0 0 0 0 0 0 0 0 0 ]
d13=10.505529501201 eijMax=3.895E-03 rmsd=1.923E+01 s=[ 0 0 0 1 0 1 0 1 1 1 0 0 1 1 1 0 0 0 0 0 0 1 0 1 1 1 1 1 1 1 1 1 1 1 1 1 ]
d13=10.507752872452 eijMax=5.619E-03 rmsd=1.922E+01 s=[ 0 0 0 0 1 0 1 0 0 0 1 1 0 0 0 1 1 1 1 1 1 0 1 0 0 0 0 0 0 0 0 0 0 0 0 0 ]
d13=10.507752872452 eijMax=5.619E-03 rmsd=1.922E+01 s=[ 0 0 0 1 0 1 0 1 1 1 0 0 1 1 1 0 0 0 0 0 0 1 0 1 1 1 1 1 1 1 1 1 1 1 1 1 ]
d13=10.509976243704 eijMax=7.373E-03 rmsd=1.921E+01 s=[ 0 0 0 0 1 0 1 0 0 0 1 1 0 0 0 1 1 1 1 1 1 0 1 0 0 0 0 0 0 0 0 0 0 0 0 0 ]
d13=10.509976243704 eijMax=7.373E-03 rmsd=1.921E+01 s=[ 0 0 0 1 0 1 0 1 1 1 0 0 1 1 1 0 0 0 0 0 0 1 0 1 1 1 1 1 1 1 1 1 1 1 1 1 ]
d13=10.512199614955 eijMax=9.157E-03 rmsd=1.920E+01 s=[ 0 0 0 0 1 0 1 0 0 0 1 1 0 0 0 1 1 1 1 1 1 0 1 0 0 0 0 0 0 0 0 0 0 0 0 0 ]
d13=10.512199614955 eijMax=9.157E-03 rmsd=1.920E+01 s=[ 0 0 0 1 0 1 0 1 1 1 0 0 1 1 1 0 0 0 0 0 0 1 0 1 1 1 1 1 1 1 1 1 1 1 1 1 ]
num ..... 1000
nnodes .. 36
nedges .. 264
nsols ... 472
tsecs ... 46.190578
