d13=9.178783238182 eijMax=2.396E-03 rmsd=9.453E+00 s=[ 0 0 0 0 0 0 1 0 0 0 1 1 1 1 1 0 0 0 0 0 1 0 1 0 0 0 0 0 0 0 0 0 0 0 0 0 ]
d13=9.178783238182 eijMax=2.396E-03 rmsd=9.453E+00 s=[ 0 0 0 1 1 1 0 1 1 1 0 0 0 0 0 1 1 1 1 1 0 1 0 1 1 1 1 1 1 1 1 1 1 1 1 1 ]
d13=9.201219075354 eijMax=3.980E-03 rmsd=1.062E+01 s=[ 0 0 0 0 0 1 0 1 1 1 0 0 1 1 1 0 0 0 0 0 1 1 0 1 1 1 1 1 1 1 1 1 1 1 1 1 ]
d13=9.201219075354 eijMax=3.980E-03 rmsd=1.062E+01 s=[ 0 0 0 1 1 0 1 0 0 0 1 1 0 0 0 1 1 1 1 1 0 0 1 0 0 0 0 0 0 0 0 0 0 0 0 0 ]
d13=9.246090749697 eijMax=5.139E-03 rmsd=1.505E-01 s=[ 0 0 0 0 0 0 1 0 0 0 1 1 0 1 1 0 0 0 0 0 0 0 1 0 0 0 0 0 0 0 0 0 0 0 0 0 ]
d13=9.246090749697 eijMax=5.139E-03 rmsd=1.505E-01 s=[ 0 0 0 1 1 1 0 1 1 1 0 0 1 0 0 1 1 1 1 1 1 1 0 1 1 1 1 1 1 1 1 1 1 1 1 1 ]
d13=9.268526586869 eijMax=4.017E-03 rmsd=9.250E+00 s=[ 0 0 0 0 0 0 1 0 0 0 1 1 0 0 0 1 1 1 1 1 1 1 0 1 1 1 1 1 1 1 1 1 1 1 1 1 ]
d13=9.268526586869 eijMax=4.017E-03 rmsd=9.250E+00 s=[ 0 0 0 1 1 1 0 1 1 1 0 0 1 1 1 0 0 0 0 0 0 0 1 0 0 0 0 0 0 0 0 0 0 0 0 0 ]
d13=9.290962424040 eijMax=7.629E-03 rmsd=9.277E+00 s=[ 0 0 0 0 0 0 1 0 0 0 1 1 0 0 0 1 1 1 1 1 1 1 0 1 1 1 1 1 1 1 1 1 1 1 1 1 ]
d13=9.290962424040 eijMax=7.629E-03 rmsd=9.277E+00 s=[ 0 0 0 1 1 1 0 1 1 1 0 0 1 1 1 0 0 0 0 0 0 0 1 0 0 0 0 0 0 0 0 0 0 0 0 0 ]
d13=9.358269935556 eijMax=7.831E-03 rmsd=1.085E+01 s=[ 0 0 0 0 0 1 0 1 1 1 0 0 0 0 0 1 1 1 1 1 1 1 0 1 1 1 1 1 1 1 1 1 1 1 1 1 ]
d13=9.358269935556 eijMax=7.551E-03 rmsd=1.187E+01 s=[ 0 0 0 0 1 0 1 0 0 0 1 1 0 0 0 1 1 1 1 1 1 1 0 1 1 1 1 1 1 1 1 1 1 1 1 1 ]
d13=9.358269935556 eijMax=7.551E-03 rmsd=1.187E+01 s=[ 0 0 0 1 0 1 0 1 1 1 0 0 1 1 1 0 0 0 0 0 0 0 1 0 0 0 0 0 0 0 0 0 0 0 0 0 ]
d13=9.358269935556 eijMax=7.831E-03 rmsd=1.085E+01 s=[ 0 0 0 1 1 0 1 0 0 0 1 1 1 1 1 0 0 0 0 0 0 0 1 0 0 0 0 0 0 0 0 0 0 0 0 0 ]
d13=9.380705772727 eijMax=6.594E-04 rmsd=1.083E+01 s=[ 0 0 0 0 0 1 0 1 1 1 0 0 0 0 0 1 1 1 1 1 1 1 0 1 1 1 1 1 1 1 1 1 1 1 1 1 ]
d13=9.380705772727 eijMax=6.037E-04 rmsd=1.188E+01 s=[ 0 0 0 0 1 0 1 0 0 0 1 1 0 0 0 1 1 1 1 1 1 1 0 1 1 1 1 1 1 1 1 1 1 1 1 1 ]
d13=9.380705772727 eijMax=6.037E-04 rmsd=1.188E+01 s=[ 0 0 0 1 0 1 0 1 1 1 0 0 1 1 1 0 0 0 0 0 0 0 1 0 0 0 0 0 0 0 0 0 0 0 0 0 ]
d13=9.380705772727 eijMax=6.594E-04 rmsd=1.083E+01 s=[ 0 0 0 1 1 0 1 0 0 0 1 1 1 1 1 0 0 0 0 0 0 0 1 0 0 0 0 0 0 0 0 0 0 0 0 0 ]
d13=9.403141609899 eijMax=6.402E-03 rmsd=1.080E+01 s=[ 0 0 0 0 0 1 0 1 1 1 0 0 0 0 0 1 1 1 1 1 1 1 0 1 1 1 1 1 1 1 1 1 1 1 1 1 ]
d13=9.403141609899 eijMax=6.187E-03 rmsd=1.188E+01 s=[ 0 0 0 0 1 0 1 0 0 0 1 1 0 0 0 1 1 1 1 1 1 1 0 1 1 1 1 1 1 1 1 1 1 1 1 1 ]
d13=9.403141609899 eijMax=6.187E-03 rmsd=1.188E+01 s=[ 0 0 0 1 0 1 0 1 1 1 0 0 1 1 1 0 0 0 0 0 0 0 1 0 0 0 0 0 0 0 0 0 0 0 0 0 ]
d13=9.403141609899 eijMax=6.402E-03 rmsd=1.080E+01 s=[ 0 0 0 1 1 0 1 0 0 0 1 1 1 1 1 0 0 0 0 0 0 0 1 0 0 0 0 0 0 0 0 0 0 0 0 0 ]
d13=9.425577447071 eijMax=2.650E-03 rmsd=7.331E+00 s=[ 0 0 0 0 0 1 0 1 1 1 0 0 1 0 0 1 1 1 1 1 1 0 1 0 0 0 0 0 0 0 0 0 0 0 0 0 ]
d13=9.425577447071 eijMax=2.650E-03 rmsd=7.331E+00 s=[ 0 0 0 1 1 0 1 0 0 0 1 1 0 1 1 0 0 0 0 0 0 1 0 1 1 1 1 1 1 1 1 1 1 1 1 1 ]
d13=9.448013284242 eijMax=8.318E-03 rmsd=9.068E+00 s=[ 0 0 0 0 1 0 1 0 0 0 1 1 1 0 0 1 1 1 1 1 1 0 1 0 0 0 0 0 0 0 0 0 0 0 0 0 ]
d13=9.448013284242 eijMax=8.318E-03 rmsd=9.068E+00 s=[ 0 0 0 1 0 1 0 1 1 1 0 0 0 1 1 0 0 0 0 0 0 1 0 1 1 1 1 1 1 1 1 1 1 1 1 1 ]
d13=9.470449121414 eijMax=2.855E-03 rmsd=9.084E+00 s=[ 0 0 0 0 1 0 1 0 0 0 1 1 1 0 0 1 1 1 1 1 1 0 1 0 0 0 0 0 0 0 0 0 0 0 0 0 ]
d13=9.470449121414 eijMax=2.855E-03 rmsd=9.084E+00 s=[ 0 0 0 1 0 1 0 1 1 1 0 0 0 1 1 0 0 0 0 0 0 1 0 1 1 1 1 1 1 1 1 1 1 1 1 1 ]
d13=9.492884958586 eijMax=2.823E-03 rmsd=9.097E+00 s=[ 0 0 0 0 1 0 1 0 0 0 1 1 1 0 0 1 1 1 1 1 1 0 1 0 0 0 0 0 0 0 0 0 0 0 0 0 ]
d13=9.492884958586 eijMax=2.823E-03 rmsd=9.097E+00 s=[ 0 0 0 1 0 1 0 1 1 1 0 0 0 1 1 0 0 0 0 0 0 1 0 1 1 1 1 1 1 1 1 1 1 1 1 1 ]
d13=9.515320795758 eijMax=8.719E-03 rmsd=9.107E+00 s=[ 0 0 0 0 1 0 1 0 0 0 1 1 1 0 0 1 1 1 1 1 1 0 1 0 0 0 0 0 0 0 0 0 0 0 0 0 ]
d13=9.515320795758 eijMax=8.719E-03 rmsd=9.107E+00 s=[ 0 0 0 1 0 1 0 1 1 1 0 0 0 1 1 0 0 0 0 0 0 1 0 1 1 1 1 1 1 1 1 1 1 1 1 1 ]
d13=9.919165864848 eijMax=5.871E-05 rmsd=1.192E+01 s=[ 0 0 0 0 0 1 0 1 1 1 0 0 1 1 1 0 0 0 0 0 1 0 1 0 0 0 0 0 0 0 0 0 0 0 0 0 ]
d13=9.919165864848 eijMax=5.871E-05 rmsd=1.192E+01 s=[ 0 0 0 1 1 0 1 0 0 0 1 1 0 0 0 1 1 1 1 1 0 1 0 1 1 1 1 1 1 1 1 1 1 1 1 1 ]
d13=9.964037539192 eijMax=1.464E-03 rmsd=8.100E+00 s=[ 0 0 0 0 0 0 1 0 0 0 1 1 0 0 0 1 1 1 1 1 1 0 1 0 0 0 0 0 0 0 0 0 0 0 0 0 ]
d13=9.964037539192 eijMax=1.464E-03 rmsd=8.100E+00 s=[ 0 0 0 1 1 1 0 1 1 1 0 0 1 1 1 0 0 0 0 0 0 1 0 1 1 1 1 1 1 1 1 1 1 1 1 1 ]
d13=10.278139259596 eijMax=1.876E-03 rmsd=1.722E+01 s=[ 0 0 0 0 1 0 1 0 0 0 1 1 1 1 1 0 0 0 0 0 1 0 1 0 0 0 0 0 0 0 0 0 0 0 0 0 ]
d13=10.278139259596 eijMax=1.876E-03 rmsd=1.722E+01 s=[ 0 0 0 1 0 1 0 1 1 1 0 0 0 0 0 1 1 1 1 1 0 1 0 1 1 1 1 1 1 1 1 1 1 1 1 1 ]
d13=10.323010933939 eijMax=7.521E-03 rmsd=1.466E+01 s=[ 0 0 0 0 0 0 1 0 0 0 1 1 0 1 1 0 0 0 0 0 1 0 1 0 0 0 0 0 0 0 0 0 0 0 0 0 ]
d13=10.323010933939 eijMax=7.521E-03 rmsd=1.466E+01 s=[ 0 0 0 1 1 1 0 1 1 1 0 0 1 0 0 1 1 1 1 1 0 1 0 1 1 1 1 1 1 1 1 1 1 1 1 1 ]
d13=10.457625956970 eijMax=4.186E-03 rmsd=1.411E+01 s=[ 0 0 0 0 0 1 0 1 1 1 0 0 0 0 0 1 1 1 1 1 1 0 1 0 0 0 0 0 0 0 0 0 0 0 0 0 ]
d13=10.457625956970 eijMax=4.186E-03 rmsd=1.411E+01 s=[ 0 0 0 1 1 0 1 0 0 0 1 1 1 1 1 0 0 0 0 0 0 1 0 1 1 1 1 1 1 1 1 1 1 1 1 1 ]
d13=10.502497631313 eijMax=1.590E-03 rmsd=1.924E+01 s=[ 0 0 0 0 1 0 1 0 0 0 1 1 0 0 0 1 1 1 1 1 1 0 1 0 0 0 0 0 0 0 0 0 0 0 0 0 ]
d13=10.502497631313 eijMax=1.590E-03 rmsd=1.924E+01 s=[ 0 0 0 1 0 1 0 1 1 1 0 0 1 1 1 0 0 0 0 0 0 1 0 1 1 1 1 1 1 1 1 1 1 1 1 1 ]
num ..... 100
nnodes .. 36
nedges .. 264
nsols ... 44
tsecs ... 4.830335
