d13=4.273404582222 eijMax=3.900E-03 rmsd=9.550E-01 s=[ 0 0 0 0 0 0 0 0 0 1 0 0 ]
d13=4.273404582222 eijMax=7.052E-03 rmsd=3.918E-01 s=[ 0 0 0 0 0 0 0 1 0 0 1 1 ]
d13=4.273404582222 eijMax=2.479E-03 rmsd=1.247E+00 s=[ 0 0 0 0 0 1 0 1 0 1 0 0 ]
d13=4.273404582222 eijMax=9.002E-03 rmsd=1.253E+00 s=[ 0 0 0 0 0 1 1 1 0 0 1 1 ]
d13=4.273404582222 eijMax=1.034E-03 rmsd=4.890E-01 s=[ 0 0 0 0 1 1 0 1 0 0 1 1 ]
d13=4.273404582222 eijMax=8.194E-03 rmsd=8.388E-01 s=[ 0 0 0 0 1 1 1 0 0 0 1 1 ]
d13=4.273404582222 eijMax=8.194E-03 rmsd=8.388E-01 s=[ 0 0 0 1 0 0 0 1 1 1 0 0 ]
d13=4.273404582222 eijMax=1.034E-03 rmsd=4.890E-01 s=[ 0 0 0 1 0 0 1 0 1 1 0 0 ]
d13=4.273404582222 eijMax=9.002E-03 rmsd=1.253E+00 s=[ 0 0 0 1 1 0 0 0 1 1 0 0 ]
d13=4.273404582222 eijMax=2.479E-03 rmsd=1.247E+00 s=[ 0 0 0 1 1 0 1 0 1 0 1 1 ]
d13=4.273404582222 eijMax=7.052E-03 rmsd=3.918E-01 s=[ 0 0 0 1 1 1 1 0 1 1 0 0 ]
d13=4.273404582222 eijMax=3.900E-03 rmsd=9.550E-01 s=[ 0 0 0 1 1 1 1 1 1 0 1 1 ]
d13=4.404888353333 eijMax=8.309E-03 rmsd=1.154E+00 s=[ 0 0 0 0 0 0 0 1 0 1 0 0 ]
d13=4.404888353333 eijMax=2.077E-03 rmsd=1.284E+00 s=[ 0 0 0 0 0 0 1 0 0 0 1 1 ]
d13=4.404888353333 eijMax=3.200E-03 rmsd=1.286E+00 s=[ 0 0 0 0 0 0 1 1 0 0 1 1 ]
d13=4.404888353333 eijMax=4.299E-03 rmsd=1.524E+00 s=[ 0 0 0 0 0 1 1 0 0 0 1 1 ]
d13=4.404888353333 eijMax=1.339E-03 rmsd=1.703E+00 s=[ 0 0 0 0 0 1 1 1 0 1 0 0 ]
d13=4.404888353333 eijMax=3.978E-03 rmsd=1.139E+00 s=[ 0 0 0 0 1 0 0 1 0 0 1 1 ]
d13=4.404888353333 eijMax=5.215E-03 rmsd=1.241E+00 s=[ 0 0 0 0 1 0 1 0 0 0 1 1 ]
d13=4.404888353333 eijMax=2.557E-03 rmsd=1.412E+00 s=[ 0 0 0 0 1 0 1 1 0 0 1 1 ]
d13=4.404888353333 eijMax=2.557E-03 rmsd=1.412E+00 s=[ 0 0 0 1 0 1 0 0 1 1 0 0 ]
d13=4.404888353333 eijMax=5.215E-03 rmsd=1.241E+00 s=[ 0 0 0 1 0 1 0 1 1 1 0 0 ]
d13=4.404888353333 eijMax=3.978E-03 rmsd=1.139E+00 s=[ 0 0 0 1 0 1 1 0 1 1 0 0 ]
d13=4.404888353333 eijMax=1.339E-03 rmsd=1.703E+00 s=[ 0 0 0 1 1 0 0 0 1 0 1 1 ]
d13=4.404888353333 eijMax=4.299E-03 rmsd=1.524E+00 s=[ 0 0 0 1 1 0 0 1 1 1 0 0 ]
d13=4.404888353333 eijMax=3.200E-03 rmsd=1.286E+00 s=[ 0 0 0 1 1 1 0 0 1 1 0 0 ]
d13=4.404888353333 eijMax=2.077E-03 rmsd=1.284E+00 s=[ 0 0 0 1 1 1 0 1 1 1 0 0 ]
d13=4.404888353333 eijMax=8.309E-03 rmsd=1.154E+00 s=[ 0 0 0 1 1 1 1 0 1 0 1 1 ]
d13=4.536372124444 eijMax=7.225E-03 rmsd=1.584E+00 s=[ 0 0 0 0 0 0 1 0 0 0 1 1 ]
d13=4.536372124444 eijMax=7.268E-03 rmsd=1.885E+00 s=[ 0 0 0 0 0 0 1 1 0 1 0 0 ]
d13=4.536372124444 eijMax=7.242E-03 rmsd=2.064E+00 s=[ 0 0 0 0 0 1 1 0 0 1 0 0 ]
d13=4.536372124444 eijMax=5.041E-03 rmsd=1.561E+00 s=[ 0 0 0 0 1 0 0 0 0 1 0 0 ]
d13=4.536372124444 eijMax=7.062E-03 rmsd=1.546E+00 s=[ 0 0 0 0 1 0 1 0 0 0 1 1 ]
d13=4.536372124444 eijMax=7.255E-03 rmsd=1.612E+00 s=[ 0 0 0 0 1 0 1 1 0 0 1 1 ]
d13=4.536372124444 eijMax=7.255E-03 rmsd=1.612E+00 s=[ 0 0 0 1 0 1 0 0 1 1 0 0 ]
d13=4.536372124444 eijMax=7.062E-03 rmsd=1.546E+00 s=[ 0 0 0 1 0 1 0 1 1 1 0 0 ]
d13=4.536372124444 eijMax=5.041E-03 rmsd=1.561E+00 s=[ 0 0 0 1 0 1 1 1 1 0 1 1 ]
d13=4.536372124444 eijMax=7.242E-03 rmsd=2.064E+00 s=[ 0 0 0 1 1 0 0 1 1 0 1 1 ]
d13=4.536372124444 eijMax=7.268E-03 rmsd=1.885E+00 s=[ 0 0 0 1 1 1 0 0 1 0 1 1 ]
d13=4.536372124444 eijMax=7.225E-03 rmsd=1.584E+00 s=[ 0 0 0 1 1 1 0 1 1 1 0 0 ]
d13=4.667855895556 eijMax=7.170E-03 rmsd=2.250E+00 s=[ 0 0 0 0 0 0 1 0 0 1 0 0 ]
d13=4.667855895556 eijMax=5.698E-03 rmsd=1.947E+00 s=[ 0 0 0 0 1 0 0 1 0 1 0 0 ]
d13=4.667855895556 eijMax=6.942E-03 rmsd=2.341E+00 s=[ 0 0 0 0 1 0 1 1 0 1 0 0 ]
d13=4.667855895556 eijMax=6.942E-03 rmsd=2.341E+00 s=[ 0 0 0 1 0 1 0 0 1 0 1 1 ]
d13=4.667855895556 eijMax=5.698E-03 rmsd=1.947E+00 s=[ 0 0 0 1 0 1 1 0 1 0 1 1 ]
d13=4.667855895556 eijMax=7.170E-03 rmsd=2.250E+00 s=[ 0 0 0 1 1 1 0 1 1 0 1 1 ]
d13=4.799339666667 eijMax=4.959E-03 rmsd=2.594E+00 s=[ 0 0 0 0 1 0 1 0 0 1 0 0 ]
d13=4.799339666667 eijMax=5.739E-03 rmsd=2.448E+00 s=[ 0 0 0 0 1 0 1 1 0 1 0 0 ]
d13=4.799339666667 eijMax=5.739E-03 rmsd=2.448E+00 s=[ 0 0 0 1 0 1 0 0 1 0 1 1 ]
d13=4.799339666667 eijMax=4.959E-03 rmsd=2.594E+00 s=[ 0 0 0 1 0 1 0 1 1 0 1 1 ]
num ..... 10
nnodes .. 12
nedges .. 36
nsols ... 50
tsecs ... 0.221486
