d13=4.201686161616 eijMax=2.397E-03 rmsd=3.295E-01 s=[ 0 0 0 0 0 0 0 0 0 0 1 1 ]
d13=4.201686161616 eijMax=8.628E-03 rmsd=4.047E-01 s=[ 0 0 0 0 0 0 1 0 0 0 1 1 ]
d13=4.201686161616 eijMax=7.164E-03 rmsd=9.609E-01 s=[ 0 0 0 0 1 1 0 0 0 1 0 0 ]
d13=4.201686161616 eijMax=3.888E-03 rmsd=4.313E-01 s=[ 0 0 0 0 1 1 0 1 0 0 1 1 ]
d13=4.201686161616 eijMax=3.888E-03 rmsd=4.313E-01 s=[ 0 0 0 1 0 0 1 0 1 1 0 0 ]
d13=4.201686161616 eijMax=7.164E-03 rmsd=9.609E-01 s=[ 0 0 0 1 0 0 1 1 1 0 1 1 ]
d13=4.201686161616 eijMax=8.628E-03 rmsd=4.047E-01 s=[ 0 0 0 1 1 1 0 1 1 1 0 0 ]
d13=4.201686161616 eijMax=2.397E-03 rmsd=3.295E-01 s=[ 0 0 0 1 1 1 1 1 1 1 0 0 ]
d13=4.213639231717 eijMax=7.242E-03 rmsd=4.195E-01 s=[ 0 0 0 0 0 0 0 0 0 0 1 1 ]
d13=4.213639231717 eijMax=9.618E-03 rmsd=9.997E-01 s=[ 0 0 0 0 0 1 0 1 0 1 0 0 ]
d13=4.213639231717 eijMax=8.648E-03 rmsd=9.227E-01 s=[ 0 0 0 0 1 1 0 0 0 1 0 0 ]
d13=4.213639231717 eijMax=2.176E-03 rmsd=3.823E-01 s=[ 0 0 0 0 1 1 0 1 0 0 1 1 ]
d13=4.213639231717 eijMax=2.176E-03 rmsd=3.823E-01 s=[ 0 0 0 1 0 0 1 0 1 1 0 0 ]
d13=4.213639231717 eijMax=8.648E-03 rmsd=9.227E-01 s=[ 0 0 0 1 0 0 1 1 1 0 1 1 ]
d13=4.213639231717 eijMax=9.618E-03 rmsd=9.997E-01 s=[ 0 0 0 1 1 0 1 0 1 0 1 1 ]
d13=4.213639231717 eijMax=7.242E-03 rmsd=4.195E-01 s=[ 0 0 0 1 1 1 1 1 1 1 0 0 ]
d13=4.225592301818 eijMax=6.209E-03 rmsd=1.278E-01 s=[ 0 0 0 0 0 0 0 1 0 0 1 1 ]
d13=4.225592301818 eijMax=7.276E-03 rmsd=1.051E+00 s=[ 0 0 0 0 0 1 0 1 0 1 0 0 ]
d13=4.225592301818 eijMax=1.288E-03 rmsd=3.772E-01 s=[ 0 0 0 0 1 1 0 1 0 0 1 1 ]
d13=4.225592301818 eijMax=1.288E-03 rmsd=3.772E-01 s=[ 0 0 0 1 0 0 1 0 1 1 0 0 ]
d13=4.225592301818 eijMax=7.276E-03 rmsd=1.051E+00 s=[ 0 0 0 1 1 0 1 0 1 0 1 1 ]
d13=4.225592301818 eijMax=6.209E-03 rmsd=1.278E-01 s=[ 0 0 0 1 1 1 1 0 1 1 0 0 ]
d13=4.237545371919 eijMax=1.074E-03 rmsd=2.651E-02 s=[ 0 0 0 0 0 0 0 1 0 0 1 1 ]
d13=4.237545371919 eijMax=6.657E-03 rmsd=1.102E+00 s=[ 0 0 0 0 0 1 0 1 0 1 0 0 ]
d13=4.237545371919 eijMax=8.684E-04 rmsd=3.932E-01 s=[ 0 0 0 0 1 1 0 1 0 0 1 1 ]
d13=4.237545371919 eijMax=8.684E-04 rmsd=3.932E-01 s=[ 0 0 0 1 0 0 1 0 1 1 0 0 ]
d13=4.237545371919 eijMax=6.657E-03 rmsd=1.102E+00 s=[ 0 0 0 1 1 0 1 0 1 0 1 1 ]
d13=4.237545371919 eijMax=1.074E-03 rmsd=2.651E-02 s=[ 0 0 0 1 1 1 1 0 1 1 0 0 ]
d13=4.249498442020 eijMax=7.196E-03 rmsd=8.569E-01 s=[ 0 0 0 0 0 0 0 0 0 1 0 0 ]
d13=4.249498442020 eijMax=5.265E-03 rmsd=1.608E-01 s=[ 0 0 0 0 0 0 0 1 0 0 1 1 ]
d13=4.249498442020 eijMax=4.599E-03 rmsd=1.152E+00 s=[ 0 0 0 0 0 1 0 1 0 1 0 0 ]
d13=4.249498442020 eijMax=7.473E-04 rmsd=4.203E-01 s=[ 0 0 0 0 1 1 0 1 0 0 1 1 ]
d13=4.249498442020 eijMax=7.473E-04 rmsd=4.203E-01 s=[ 0 0 0 1 0 0 1 0 1 1 0 0 ]
d13=4.249498442020 eijMax=4.599E-03 rmsd=1.152E+00 s=[ 0 0 0 1 1 0 1 0 1 0 1 1 ]
d13=4.249498442020 eijMax=5.265E-03 rmsd=1.608E-01 s=[ 0 0 0 1 1 1 1 0 1 1 0 0 ]
d13=4.249498442020 eijMax=7.196E-03 rmsd=8.569E-01 s=[ 0 0 0 1 1 1 1 1 1 0 1 1 ]
d13=4.261451512121 eijMax=6.644E-03 rmsd=9.004E-01 s=[ 0 0 0 0 0 0 0 0 0 1 0 0 ]
d13=4.261451512121 eijMax=7.106E-03 rmsd=2.815E-01 s=[ 0 0 0 0 0 0 0 1 0 0 1 1 ]
d13=4.261451512121 eijMax=1.473E-03 rmsd=1.200E+00 s=[ 0 0 0 0 0 1 0 1 0 1 0 0 ]
d13=4.261451512121 eijMax=8.243E-04 rmsd=4.531E-01 s=[ 0 0 0 0 1 1 0 1 0 0 1 1 ]
d13=4.261451512121 eijMax=8.243E-04 rmsd=4.531E-01 s=[ 0 0 0 1 0 0 1 0 1 1 0 0 ]
d13=4.261451512121 eijMax=1.473E-03 rmsd=1.200E+00 s=[ 0 0 0 1 1 0 1 0 1 0 1 1 ]
d13=4.261451512121 eijMax=7.106E-03 rmsd=2.815E-01 s=[ 0 0 0 1 1 1 1 0 1 1 0 0 ]
d13=4.261451512121 eijMax=6.644E-03 rmsd=9.004E-01 s=[ 0 0 0 1 1 1 1 1 1 0 1 1 ]
d13=4.273404582222 eijMax=3.900E-03 rmsd=9.550E-01 s=[ 0 0 0 0 0 0 0 0 0 1 0 0 ]
d13=4.273404582222 eijMax=7.052E-03 rmsd=3.918E-01 s=[ 0 0 0 0 0 0 0 1 0 0 1 1 ]
d13=4.273404582222 eijMax=2.479E-03 rmsd=1.247E+00 s=[ 0 0 0 0 0 1 0 1 0 1 0 0 ]
d13=4.273404582222 eijMax=9.002E-03 rmsd=1.253E+00 s=[ 0 0 0 0 0 1 1 1 0 0 1 1 ]
d13=4.273404582222 eijMax=1.034E-03 rmsd=4.890E-01 s=[ 0 0 0 0 1 1 0 1 0 0 1 1 ]
d13=4.273404582222 eijMax=8.194E-03 rmsd=8.388E-01 s=[ 0 0 0 0 1 1 1 0 0 0 1 1 ]
d13=4.273404582222 eijMax=8.194E-03 rmsd=8.388E-01 s=[ 0 0 0 1 0 0 0 1 1 1 0 0 ]
d13=4.273404582222 eijMax=1.034E-03 rmsd=4.890E-01 s=[ 0 0 0 1 0 0 1 0 1 1 0 0 ]
d13=4.273404582222 eijMax=9.002E-03 rmsd=1.253E+00 s=[ 0 0 0 1 1 0 0 0 1 1 0 0 ]
d13=4.273404582222 eijMax=2.479E-03 rmsd=1.247E+00 s=[ 0 0 0 1 1 0 1 0 1 0 1 1 ]
d13=4.273404582222 eijMax=7.052E-03 rmsd=3.918E-01 s=[ 0 0 0 1 1 1 1 0 1 1 0 0 ]
d13=4.273404582222 eijMax=3.900E-03 rmsd=9.550E-01 s=[ 0 0 0 1 1 1 1 1 1 0 1 1 ]
d13=4.285357652323 eijMax=5.856E-04 rmsd=1.016E+00 s=[ 0 0 0 0 0 0 0 0 0 1 0 0 ]
d13=4.285357652323 eijMax=7.081E-03 rmsd=1.291E+00 s=[ 0 0 0 0 0 1 0 1 0 1 0 0 ]
d13=4.285357652323 eijMax=2.664E-03 rmsd=1.267E+00 s=[ 0 0 0 0 0 1 1 1 0 0 1 1 ]
d13=4.285357652323 eijMax=1.329E-03 rmsd=5.266E-01 s=[ 0 0 0 0 1 1 0 1 0 0 1 1 ]
d13=4.285357652323 eijMax=4.589E-03 rmsd=8.279E-01 s=[ 0 0 0 0 1 1 1 0 0 0 1 1 ]
d13=4.285357652323 eijMax=4.589E-03 rmsd=8.279E-01 s=[ 0 0 0 1 0 0 0 1 1 1 0 0 ]
d13=4.285357652323 eijMax=1.329E-03 rmsd=5.266E-01 s=[ 0 0 0 1 0 0 1 0 1 1 0 0 ]
d13=4.285357652323 eijMax=2.664E-03 rmsd=1.267E+00 s=[ 0 0 0 1 1 0 0 0 1 1 0 0 ]
d13=4.285357652323 eijMax=7.081E-03 rmsd=1.291E+00 s=[ 0 0 0 1 1 0 1 0 1 0 1 1 ]
d13=4.285357652323 eijMax=5.856E-04 rmsd=1.016E+00 s=[ 0 0 0 1 1 1 1 1 1 0 1 1 ]
d13=4.297310722424 eijMax=6.486E-03 rmsd=1.080E+00 s=[ 0 0 0 0 0 0 0 0 0 1 0 0 ]
d13=4.297310722424 eijMax=2.231E-03 rmsd=1.285E+00 s=[ 0 0 0 0 0 1 1 1 0 0 1 1 ]
d13=4.297310722424 eijMax=1.678E-03 rmsd=5.650E-01 s=[ 0 0 0 0 1 1 0 1 0 0 1 1 ]
d13=4.297310722424 eijMax=1.513E-03 rmsd=8.181E-01 s=[ 0 0 0 0 1 1 1 0 0 0 1 1 ]
d13=4.297310722424 eijMax=1.513E-03 rmsd=8.181E-01 s=[ 0 0 0 1 0 0 0 1 1 1 0 0 ]
d13=4.297310722424 eijMax=1.678E-03 rmsd=5.650E-01 s=[ 0 0 0 1 0 0 1 0 1 1 0 0 ]
d13=4.297310722424 eijMax=2.231E-03 rmsd=1.285E+00 s=[ 0 0 0 1 1 0 0 0 1 1 0 0 ]
d13=4.297310722424 eijMax=6.486E-03 rmsd=1.080E+00 s=[ 0 0 0 1 1 1 1 1 1 0 1 1 ]
d13=4.309263792525 eijMax=5.550E-03 rmsd=1.307E+00 s=[ 0 0 0 0 0 1 1 1 0 0 1 1 ]
d13=4.309263792525 eijMax=2.055E-03 rmsd=6.041E-01 s=[ 0 0 0 0 1 1 0 1 0 0 1 1 ]
d13=4.309263792525 eijMax=1.074E-03 rmsd=8.091E-01 s=[ 0 0 0 0 1 1 1 0 0 0 1 1 ]
d13=4.309263792525 eijMax=1.074E-03 rmsd=8.091E-01 s=[ 0 0 0 1 0 0 0 1 1 1 0 0 ]
d13=4.309263792525 eijMax=2.055E-03 rmsd=6.041E-01 s=[ 0 0 0 1 0 0 1 0 1 1 0 0 ]
d13=4.309263792525 eijMax=5.550E-03 rmsd=1.307E+00 s=[ 0 0 0 1 1 0 0 0 1 1 0 0 ]
d13=4.321216862626 eijMax=7.134E-03 rmsd=9.536E-01 s=[ 0 0 0 0 0 0 0 1 0 1 0 0 ]
d13=4.321216862626 eijMax=7.160E-03 rmsd=1.333E+00 s=[ 0 0 0 0 0 1 1 1 0 0 1 1 ]
d13=4.321216862626 eijMax=2.440E-03 rmsd=6.437E-01 s=[ 0 0 0 0 1 1 0 1 0 0 1 1 ]
d13=4.321216862626 eijMax=3.203E-03 rmsd=8.004E-01 s=[ 0 0 0 0 1 1 1 0 0 0 1 1 ]
d13=4.321216862626 eijMax=3.203E-03 rmsd=8.004E-01 s=[ 0 0 0 1 0 0 0 1 1 1 0 0 ]
d13=4.321216862626 eijMax=2.440E-03 rmsd=6.437E-01 s=[ 0 0 0 1 0 0 1 0 1 1 0 0 ]
d13=4.321216862626 eijMax=7.160E-03 rmsd=1.333E+00 s=[ 0 0 0 1 1 0 0 0 1 1 0 0 ]
d13=4.321216862626 eijMax=7.134E-03 rmsd=9.536E-01 s=[ 0 0 0 1 1 1 1 0 1 0 1 1 ]
d13=4.333169932727 eijMax=7.289E-03 rmsd=9.727E-01 s=[ 0 0 0 0 0 0 0 1 0 1 0 0 ]
d13=4.333169932727 eijMax=6.950E-03 rmsd=1.363E+00 s=[ 0 0 0 0 0 1 1 1 0 0 1 1 ]
d13=4.333169932727 eijMax=2.816E-03 rmsd=6.840E-01 s=[ 0 0 0 0 1 1 0 1 0 0 1 1 ]
d13=4.333169932727 eijMax=4.893E-03 rmsd=7.919E-01 s=[ 0 0 0 0 1 1 1 0 0 0 1 1 ]
d13=4.333169932727 eijMax=4.893E-03 rmsd=7.919E-01 s=[ 0 0 0 1 0 0 0 1 1 1 0 0 ]
d13=4.333169932727 eijMax=2.816E-03 rmsd=6.840E-01 s=[ 0 0 0 1 0 0 1 0 1 1 0 0 ]
d13=4.333169932727 eijMax=6.950E-03 rmsd=1.363E+00 s=[ 0 0 0 1 1 0 0 0 1 1 0 0 ]
d13=4.333169932727 eijMax=7.289E-03 rmsd=9.727E-01 s=[ 0 0 0 1 1 1 1 0 1 0 1 1 ]
d13=4.345123002828 eijMax=6.686E-03 rmsd=9.963E-01 s=[ 0 0 0 0 0 0 0 1 0 1 0 0 ]
d13=4.345123002828 eijMax=6.110E-03 rmsd=9.286E-01 s=[ 0 0 0 0 1 0 0 0 0 0 1 1 ]
d13=4.345123002828 eijMax=9.265E-03 rmsd=1.194E+00 s=[ 0 0 0 0 1 0 0 1 0 0 1 1 ]
d13=4.345123002828 eijMax=4.787E-03 rmsd=9.884E-01 s=[ 0 0 0 0 1 0 1 0 0 0 1 1 ]
d13=4.345123002828 eijMax=3.165E-03 rmsd=7.253E-01 s=[ 0 0 0 0 1 1 0 1 0 0 1 1 ]
d13=4.345123002828 eijMax=6.150E-03 rmsd=7.829E-01 s=[ 0 0 0 0 1 1 1 0 0 0 1 1 ]
d13=4.345123002828 eijMax=9.193E-03 rmsd=1.043E+00 s=[ 0 0 0 0 1 1 1 1 0 0 1 1 ]
d13=4.345123002828 eijMax=9.193E-03 rmsd=1.043E+00 s=[ 0 0 0 1 0 0 0 0 1 1 0 0 ]
d13=4.345123002828 eijMax=6.150E-03 rmsd=7.829E-01 s=[ 0 0 0 1 0 0 0 1 1 1 0 0 ]
d13=4.345123002828 eijMax=3.165E-03 rmsd=7.253E-01 s=[ 0 0 0 1 0 0 1 0 1 1 0 0 ]
d13=4.345123002828 eijMax=4.787E-03 rmsd=9.884E-01 s=[ 0 0 0 1 0 1 0 1 1 1 0 0 ]
d13=4.345123002828 eijMax=9.265E-03 rmsd=1.194E+00 s=[ 0 0 0 1 0 1 1 0 1 1 0 0 ]
d13=4.345123002828 eijMax=6.110E-03 rmsd=9.286E-01 s=[ 0 0 0 1 0 1 1 1 1 1 0 0 ]
d13=4.345123002828 eijMax=6.686E-03 rmsd=9.963E-01 s=[ 0 0 0 1 1 1 1 0 1 0 1 1 ]
d13=4.357076072929 eijMax=5.168E-03 rmsd=1.024E+00 s=[ 0 0 0 0 0 0 0 1 0 1 0 0 ]
d13=4.357076072929 eijMax=8.888E-03 rmsd=1.156E+00 s=[ 0 0 0 0 0 0 1 0 0 0 1 1 ]
d13=4.357076072929 eijMax=8.095E-03 rmsd=1.206E+00 s=[ 0 0 0 0 0 0 1 1 0 0 1 1 ]
d13=4.357076072929 eijMax=6.620E-03 rmsd=1.460E+00 s=[ 0 0 0 0 0 1 1 0 0 0 1 1 ]
d13=4.357076072929 eijMax=7.218E-03 rmsd=8.877E-01 s=[ 0 0 0 0 1 0 0 0 0 0 1 1 ]
d13=4.357076072929 eijMax=4.934E-03 rmsd=1.160E+00 s=[ 0 0 0 0 1 0 0 1 0 0 1 1 ]
d13=4.357076072929 eijMax=4.058E-03 rmsd=1.070E+00 s=[ 0 0 0 0 1 0 1 0 0 0 1 1 ]
d13=4.357076072929 eijMax=3.468E-03 rmsd=7.683E-01 s=[ 0 0 0 0 1 1 0 1 0 0 1 1 ]
d13=4.357076072929 eijMax=6.965E-03 rmsd=7.729E-01 s=[ 0 0 0 0 1 1 1 0 0 0 1 1 ]
d13=4.357076072929 eijMax=6.028E-03 rmsd=1.035E+00 s=[ 0 0 0 0 1 1 1 1 0 0 1 1 ]
d13=4.357076072929 eijMax=6.028E-03 rmsd=1.035E+00 s=[ 0 0 0 1 0 0 0 0 1 1 0 0 ]
d13=4.357076072929 eijMax=6.965E-03 rmsd=7.729E-01 s=[ 0 0 0 1 0 0 0 1 1 1 0 0 ]
d13=4.357076072929 eijMax=3.468E-03 rmsd=7.683E-01 s=[ 0 0 0 1 0 0 1 0 1 1 0 0 ]
d13=4.357076072929 eijMax=4.058E-03 rmsd=1.070E+00 s=[ 0 0 0 1 0 1 0 1 1 1 0 0 ]
d13=4.357076072929 eijMax=4.934E-03 rmsd=1.160E+00 s=[ 0 0 0 1 0 1 1 0 1 1 0 0 ]
d13=4.357076072929 eijMax=7.218E-03 rmsd=8.877E-01 s=[ 0 0 0 1 0 1 1 1 1 1 0 0 ]
d13=4.357076072929 eijMax=6.620E-03 rmsd=1.460E+00 s=[ 0 0 0 1 1 0 0 1 1 1 0 0 ]
d13=4.357076072929 eijMax=8.095E-03 rmsd=1.206E+00 s=[ 0 0 0 1 1 1 0 0 1 1 0 0 ]
d13=4.357076072929 eijMax=8.888E-03 rmsd=1.156E+00 s=[ 0 0 0 1 1 1 0 1 1 1 0 0 ]
d13=4.357076072929 eijMax=5.168E-03 rmsd=1.024E+00 s=[ 0 0 0 1 1 1 1 0 1 0 1 1 ]
d13=4.369029143030 eijMax=2.832E-03 rmsd=1.054E+00 s=[ 0 0 0 0 0 0 0 1 0 1 0 0 ]
d13=4.369029143030 eijMax=7.109E-03 rmsd=1.189E+00 s=[ 0 0 0 0 0 0 1 0 0 0 1 1 ]
d13=4.369029143030 eijMax=4.713E-03 rmsd=1.226E+00 s=[ 0 0 0 0 0 0 1 1 0 0 1 1 ]
d13=4.369029143030 eijMax=3.237E-03 rmsd=1.476E+00 s=[ 0 0 0 0 0 1 1 0 0 0 1 1 ]
d13=4.369029143030 eijMax=7.547E-03 rmsd=1.674E+00 s=[ 0 0 0 0 0 1 1 1 0 1 0 0 ]
d13=4.369029143030 eijMax=7.208E-03 rmsd=8.753E-01 s=[ 0 0 0 0 1 0 0 0 0 0 1 1 ]
d13=4.369029143030 eijMax=1.933E-03 rmsd=1.148E+00 s=[ 0 0 0 0 1 0 0 1 0 0 1 1 ]
d13=4.369029143030 eijMax=4.123E-03 rmsd=1.122E+00 s=[ 0 0 0 0 1 0 1 0 0 0 1 1 ]
d13=4.369029143030 eijMax=8.297E-03 rmsd=1.332E+00 s=[ 0 0 0 0 1 0 1 1 0 0 1 1 ]
d13=4.369029143030 eijMax=3.692E-03 rmsd=8.144E-01 s=[ 0 0 0 0 1 1 0 1 0 0 1 1 ]
d13=4.369029143030 eijMax=7.293E-03 rmsd=7.604E-01 s=[ 0 0 0 0 1 1 1 0 0 0 1 1 ]
d13=4.369029143030 eijMax=3.089E-03 rmsd=1.023E+00 s=[ 0 0 0 0 1 1 1 1 0 0 1 1 ]
d13=4.369029143030 eijMax=3.089E-03 rmsd=1.023E+00 s=[ 0 0 0 1 0 0 0 0 1 1 0 0 ]
d13=4.369029143030 eijMax=7.293E-03 rmsd=7.604E-01 s=[ 0 0 0 1 0 0 0 1 1 1 0 0 ]
d13=4.369029143030 eijMax=3.692E-03 rmsd=8.144E-01 s=[ 0 0 0 1 0 0 1 0 1 1 0 0 ]
d13=4.369029143030 eijMax=8.297E-03 rmsd=1.332E+00 s=[ 0 0 0 1 0 1 0 0 1 1 0 0 ]
d13=4.369029143030 eijMax=4.123E-03 rmsd=1.122E+00 s=[ 0 0 0 1 0 1 0 1 1 1 0 0 ]
d13=4.369029143030 eijMax=1.933E-03 rmsd=1.148E+00 s=[ 0 0 0 1 0 1 1 0 1 1 0 0 ]
d13=4.369029143030 eijMax=7.208E-03 rmsd=8.753E-01 s=[ 0 0 0 1 0 1 1 1 1 1 0 0 ]
d13=4.369029143030 eijMax=7.547E-03 rmsd=1.674E+00 s=[ 0 0 0 1 1 0 0 0 1 0 1 1 ]
d13=4.369029143030 eijMax=3.237E-03 rmsd=1.476E+00 s=[ 0 0 0 1 1 0 0 1 1 1 0 0 ]
d13=4.369029143030 eijMax=4.713E-03 rmsd=1.226E+00 s=[ 0 0 0 1 1 1 0 0 1 1 0 0 ]
d13=4.369029143030 eijMax=7.109E-03 rmsd=1.189E+00 s=[ 0 0 0 1 1 1 0 1 1 1 0 0 ]
d13=4.369029143030 eijMax=2.832E-03 rmsd=1.054E+00 s=[ 0 0 0 1 1 1 1 0 1 0 1 1 ]
d13=4.380982213131 eijMax=2.403E-04 rmsd=1.086E+00 s=[ 0 0 0 0 0 0 0 1 0 1 0 0 ]
d13=4.380982213131 eijMax=5.371E-03 rmsd=1.222E+00 s=[ 0 0 0 0 0 0 1 0 0 0 1 1 ]
d13=4.380982213131 eijMax=1.683E-03 rmsd=1.246E+00 s=[ 0 0 0 0 0 0 1 1 0 0 1 1 ]
d13=4.380982213131 eijMax=2.665E-04 rmsd=1.492E+00 s=[ 0 0 0 0 0 1 1 0 0 0 1 1 ]
d13=4.380982213131 eijMax=7.205E-03 rmsd=1.678E+00 s=[ 0 0 0 0 0 1 1 1 0 1 0 0 ]
d13=4.380982213131 eijMax=7.750E-03 rmsd=8.709E-01 s=[ 0 0 0 0 1 0 0 0 0 0 1 1 ]
d13=4.380982213131 eijMax=4.631E-04 rmsd=1.142E+00 s=[ 0 0 0 0 1 0 0 1 0 0 1 1 ]
d13=4.380982213131 eijMax=4.411E-03 rmsd=1.166E+00 s=[ 0 0 0 0 1 0 1 0 0 0 1 1 ]
d13=4.380982213131 eijMax=6.339E-03 rmsd=1.362E+00 s=[ 0 0 0 0 1 0 1 1 0 0 1 1 ]
d13=4.380982213131 eijMax=3.742E-03 rmsd=8.678E-01 s=[ 0 0 0 0 1 1 0 1 0 0 1 1 ]
d13=4.380982213131 eijMax=6.989E-03 rmsd=7.418E-01 s=[ 0 0 0 0 1 1 1 0 0 0 1 1 ]
d13=4.380982213131 eijMax=2.748E-04 rmsd=1.005E+00 s=[ 0 0 0 0 1 1 1 1 0 0 1 1 ]
d13=4.380982213131 eijMax=2.748E-04 rmsd=1.005E+00 s=[ 0 0 0 1 0 0 0 0 1 1 0 0 ]
d13=4.380982213131 eijMax=6.989E-03 rmsd=7.418E-01 s=[ 0 0 0 1 0 0 0 1 1 1 0 0 ]
d13=4.380982213131 eijMax=3.742E-03 rmsd=8.678E-01 s=[ 0 0 0 1 0 0 1 0 1 1 0 0 ]
d13=4.380982213131 eijMax=6.339E-03 rmsd=1.362E+00 s=[ 0 0 0 1 0 1 0 0 1 1 0 0 ]
d13=4.380982213131 eijMax=4.411E-03 rmsd=1.166E+00 s=[ 0 0 0 1 0 1 0 1 1 1 0 0 ]
d13=4.380982213131 eijMax=4.631E-04 rmsd=1.142E+00 s=[ 0 0 0 1 0 1 1 0 1 1 0 0 ]
d13=4.380982213131 eijMax=7.750E-03 rmsd=8.709E-01 s=[ 0 0 0 1 0 1 1 1 1 1 0 0 ]
d13=4.380982213131 eijMax=7.205E-03 rmsd=1.678E+00 s=[ 0 0 0 1 1 0 0 0 1 0 1 1 ]
d13=4.380982213131 eijMax=2.665E-04 rmsd=1.492E+00 s=[ 0 0 0 1 1 0 0 1 1 1 0 0 ]
d13=4.380982213131 eijMax=1.683E-03 rmsd=1.246E+00 s=[ 0 0 0 1 1 1 0 0 1 1 0 0 ]
d13=4.380982213131 eijMax=5.371E-03 rmsd=1.222E+00 s=[ 0 0 0 1 1 1 0 1 1 1 0 0 ]
d13=4.380982213131 eijMax=2.403E-04 rmsd=1.086E+00 s=[ 0 0 0 1 1 1 1 0 1 0 1 1 ]
d13=4.392935283232 eijMax=3.976E-03 rmsd=1.120E+00 s=[ 0 0 0 0 0 0 0 1 0 1 0 0 ]
d13=4.392935283232 eijMax=3.689E-03 rmsd=1.253E+00 s=[ 0 0 0 0 0 0 1 0 0 0 1 1 ]
d13=4.392935283232 eijMax=9.662E-04 rmsd=1.266E+00 s=[ 0 0 0 0 0 0 1 1 0 0 1 1 ]
d13=4.392935283232 eijMax=2.256E-03 rmsd=1.508E+00 s=[ 0 0 0 0 0 1 1 0 0 0 1 1 ]
d13=4.392935283232 eijMax=5.431E-03 rmsd=1.688E+00 s=[ 0 0 0 0 0 1 1 1 0 1 0 0 ]
d13=4.392935283232 eijMax=9.855E-03 rmsd=8.709E-01 s=[ 0 0 0 0 1 0 0 0 0 0 1 1 ]
d13=4.392935283232 eijMax=2.409E-03 rmsd=1.139E+00 s=[ 0 0 0 0 1 0 0 1 0 0 1 1 ]
d13=4.392935283232 eijMax=4.795E-03 rmsd=1.205E+00 s=[ 0 0 0 0 1 0 1 0 0 0 1 1 ]
d13=4.392935283232 eijMax=4.405E-03 rmsd=1.388E+00 s=[ 0 0 0 0 1 0 1 1 0 0 1 1 ]
d13=4.392935283232 eijMax=4.405E-03 rmsd=1.388E+00 s=[ 0 0 0 1 0 1 0 0 1 1 0 0 ]
d13=4.392935283232 eijMax=4.795E-03 rmsd=1.205E+00 s=[ 0 0 0 1 0 1 0 1 1 1 0 0 ]
d13=4.392935283232 eijMax=2.409E-03 rmsd=1.139E+00 s=[ 0 0 0 1 0 1 1 0 1 1 0 0 ]
d13=4.392935283232 eijMax=9.855E-03 rmsd=8.709E-01 s=[ 0 0 0 1 0 1 1 1 1 1 0 0 ]
d13=4.392935283232 eijMax=5.431E-03 rmsd=1.688E+00 s=[ 0 0 0 1 1 0 0 0 1 0 1 1 ]
d13=4.392935283232 eijMax=2.256E-03 rmsd=1.508E+00 s=[ 0 0 0 1 1 0 0 1 1 1 0 0 ]
d13=4.392935283232 eijMax=9.662E-04 rmsd=1.266E+00 s=[ 0 0 0 1 1 1 0 0 1 1 0 0 ]
d13=4.392935283232 eijMax=3.689E-03 rmsd=1.253E+00 s=[ 0 0 0 1 1 1 0 1 1 1 0 0 ]
d13=4.392935283232 eijMax=3.976E-03 rmsd=1.120E+00 s=[ 0 0 0 1 1 1 1 0 1 0 1 1 ]
d13=4.404888353333 eijMax=8.309E-03 rmsd=1.154E+00 s=[ 0 0 0 0 0 0 0 1 0 1 0 0 ]
d13=4.404888353333 eijMax=2.077E-03 rmsd=1.284E+00 s=[ 0 0 0 0 0 0 1 0 0 0 1 1 ]
d13=4.404888353333 eijMax=3.200E-03 rmsd=1.286E+00 s=[ 0 0 0 0 0 0 1 1 0 0 1 1 ]
d13=4.404888353333 eijMax=4.299E-03 rmsd=1.524E+00 s=[ 0 0 0 0 0 1 1 0 0 0 1 1 ]
d13=4.404888353333 eijMax=1.339E-03 rmsd=1.703E+00 s=[ 0 0 0 0 0 1 1 1 0 1 0 0 ]
d13=4.404888353333 eijMax=3.978E-03 rmsd=1.139E+00 s=[ 0 0 0 0 1 0 0 1 0 0 1 1 ]
d13=4.404888353333 eijMax=5.215E-03 rmsd=1.241E+00 s=[ 0 0 0 0 1 0 1 0 0 0 1 1 ]
d13=4.404888353333 eijMax=2.557E-03 rmsd=1.412E+00 s=[ 0 0 0 0 1 0 1 1 0 0 1 1 ]
d13=4.404888353333 eijMax=2.557E-03 rmsd=1.412E+00 s=[ 0 0 0 1 0 1 0 0 1 1 0 0 ]
d13=4.404888353333 eijMax=5.215E-03 rmsd=1.241E+00 s=[ 0 0 0 1 0 1 0 1 1 1 0 0 ]
d13=4.404888353333 eijMax=3.978E-03 rmsd=1.139E+00 s=[ 0 0 0 1 0 1 1 0 1 1 0 0 ]
d13=4.404888353333 eijMax=1.339E-03 rmsd=1.703E+00 s=[ 0 0 0 1 1 0 0 0 1 0 1 1 ]
d13=4.404888353333 eijMax=4.299E-03 rmsd=1.524E+00 s=[ 0 0 0 1 1 0 0 1 1 1 0 0 ]
d13=4.404888353333 eijMax=3.200E-03 rmsd=1.286E+00 s=[ 0 0 0 1 1 1 0 0 1 1 0 0 ]
d13=4.404888353333 eijMax=2.077E-03 rmsd=1.284E+00 s=[ 0 0 0 1 1 1 0 1 1 1 0 0 ]
d13=4.404888353333 eijMax=8.309E-03 rmsd=1.154E+00 s=[ 0 0 0 1 1 1 1 0 1 0 1 1 ]
d13=4.416841423434 eijMax=5.469E-04 rmsd=1.315E+00 s=[ 0 0 0 0 0 0 1 0 0 0 1 1 ]
d13=4.416841423434 eijMax=4.986E-03 rmsd=1.306E+00 s=[ 0 0 0 0 0 0 1 1 0 0 1 1 ]
d13=4.416841423434 eijMax=5.834E-03 rmsd=1.540E+00 s=[ 0 0 0 0 0 1 1 0 0 0 1 1 ]
d13=4.416841423434 eijMax=5.094E-03 rmsd=1.723E+00 s=[ 0 0 0 0 0 1 1 1 0 1 0 0 ]
d13=4.416841423434 eijMax=5.212E-03 rmsd=1.140E+00 s=[ 0 0 0 0 1 0 0 1 0 0 1 1 ]
d13=4.416841423434 eijMax=5.637E-03 rmsd=1.274E+00 s=[ 0 0 0 0 1 0 1 0 0 0 1 1 ]
d13=4.416841423434 eijMax=8.287E-04 rmsd=1.434E+00 s=[ 0 0 0 0 1 0 1 1 0 0 1 1 ]
d13=4.416841423434 eijMax=8.287E-04 rmsd=1.434E+00 s=[ 0 0 0 1 0 1 0 0 1 1 0 0 ]
d13=4.416841423434 eijMax=5.637E-03 rmsd=1.274E+00 s=[ 0 0 0 1 0 1 0 1 1 1 0 0 ]
d13=4.416841423434 eijMax=5.212E-03 rmsd=1.140E+00 s=[ 0 0 0 1 0 1 1 0 1 1 0 0 ]
d13=4.416841423434 eijMax=5.094E-03 rmsd=1.723E+00 s=[ 0 0 0 1 1 0 0 0 1 0 1 1 ]
d13=4.416841423434 eijMax=5.834E-03 rmsd=1.540E+00 s=[ 0 0 0 1 1 0 0 1 1 1 0 0 ]
d13=4.416841423434 eijMax=4.986E-03 rmsd=1.306E+00 s=[ 0 0 0 1 1 1 0 0 1 1 0 0 ]
d13=4.416841423434 eijMax=5.469E-04 rmsd=1.315E+00 s=[ 0 0 0 1 1 1 0 1 1 1 0 0 ]
d13=4.428794493535 eijMax=8.873E-04 rmsd=1.344E+00 s=[ 0 0 0 0 0 0 1 0 0 0 1 1 ]
d13=4.428794493535 eijMax=6.289E-03 rmsd=1.327E+00 s=[ 0 0 0 0 0 0 1 1 0 0 1 1 ]
d13=4.428794493535 eijMax=6.833E-03 rmsd=1.555E+00 s=[ 0 0 0 0 0 1 1 0 0 0 1 1 ]
d13=4.428794493535 eijMax=6.142E-03 rmsd=1.143E+00 s=[ 0 0 0 0 1 0 0 1 0 0 1 1 ]
d13=4.428794493535 eijMax=6.037E-03 rmsd=1.306E+00 s=[ 0 0 0 0 1 0 1 0 0 0 1 1 ]
d13=4.428794493535 eijMax=7.582E-04 rmsd=1.454E+00 s=[ 0 0 0 0 1 0 1 1 0 0 1 1 ]
d13=4.428794493535 eijMax=7.582E-04 rmsd=1.454E+00 s=[ 0 0 0 1 0 1 0 0 1 1 0 0 ]
d13=4.428794493535 eijMax=6.037E-03 rmsd=1.306E+00 s=[ 0 0 0 1 0 1 0 1 1 1 0 0 ]
d13=4.428794493535 eijMax=6.142E-03 rmsd=1.143E+00 s=[ 0 0 0 1 0 1 1 0 1 1 0 0 ]
d13=4.428794493535 eijMax=6.833E-03 rmsd=1.555E+00 s=[ 0 0 0 1 1 0 0 1 1 1 0 0 ]
d13=4.428794493535 eijMax=6.289E-03 rmsd=1.327E+00 s=[ 0 0 0 1 1 1 0 0 1 1 0 0 ]
d13=4.428794493535 eijMax=8.873E-04 rmsd=1.344E+00 s=[ 0 0 0 1 1 1 0 1 1 1 0 0 ]
d13=4.440747563636 eijMax=2.213E-03 rmsd=1.373E+00 s=[ 0 0 0 0 0 0 1 0 0 0 1 1 ]
d13=4.440747563636 eijMax=7.070E-03 rmsd=1.348E+00 s=[ 0 0 0 0 0 0 1 1 0 0 1 1 ]
d13=4.440747563636 eijMax=7.274E-03 rmsd=1.571E+00 s=[ 0 0 0 0 0 1 1 0 0 0 1 1 ]
d13=4.440747563636 eijMax=6.789E-03 rmsd=1.147E+00 s=[ 0 0 0 0 1 0 0 1 0 0 1 1 ]
d13=4.440747563636 eijMax=6.398E-03 rmsd=1.336E+00 s=[ 0 0 0 0 1 0 1 0 0 0 1 1 ]
d13=4.440747563636 eijMax=2.190E-03 rmsd=1.474E+00 s=[ 0 0 0 0 1 0 1 1 0 0 1 1 ]
d13=4.440747563636 eijMax=2.190E-03 rmsd=1.474E+00 s=[ 0 0 0 1 0 1 0 0 1 1 0 0 ]
d13=4.440747563636 eijMax=6.398E-03 rmsd=1.336E+00 s=[ 0 0 0 1 0 1 0 1 1 1 0 0 ]
d13=4.440747563636 eijMax=6.789E-03 rmsd=1.147E+00 s=[ 0 0 0 1 0 1 1 0 1 1 0 0 ]
d13=4.440747563636 eijMax=7.274E-03 rmsd=1.571E+00 s=[ 0 0 0 1 1 0 0 1 1 1 0 0 ]
d13=4.440747563636 eijMax=7.070E-03 rmsd=1.348E+00 s=[ 0 0 0 1 1 1 0 0 1 1 0 0 ]
d13=4.440747563636 eijMax=2.213E-03 rmsd=1.373E+00 s=[ 0 0 0 1 1 1 0 1 1 1 0 0 ]
d13=4.452700633737 eijMax=3.417E-03 rmsd=1.401E+00 s=[ 0 0 0 0 0 0 1 0 0 0 1 1 ]
d13=4.452700633737 eijMax=7.291E-03 rmsd=1.369E+00 s=[ 0 0 0 0 0 0 1 1 0 0 1 1 ]
d13=4.452700633737 eijMax=7.139E-03 rmsd=1.587E+00 s=[ 0 0 0 0 0 1 1 0 0 0 1 1 ]
d13=4.452700633737 eijMax=8.951E-03 rmsd=1.535E+00 s=[ 0 0 0 0 1 0 0 0 0 1 0 0 ]
d13=4.452700633737 eijMax=7.169E-03 rmsd=1.152E+00 s=[ 0 0 0 0 1 0 0 1 0 0 1 1 ]
d13=4.452700633737 eijMax=6.710E-03 rmsd=1.365E+00 s=[ 0 0 0 0 1 0 1 0 0 0 1 1 ]
d13=4.452700633737 eijMax=3.457E-03 rmsd=1.493E+00 s=[ 0 0 0 0 1 0 1 1 0 0 1 1 ]
d13=4.452700633737 eijMax=3.457E-03 rmsd=1.493E+00 s=[ 0 0 0 1 0 1 0 0 1 1 0 0 ]
d13=4.452700633737 eijMax=6.710E-03 rmsd=1.365E+00 s=[ 0 0 0 1 0 1 0 1 1 1 0 0 ]
d13=4.452700633737 eijMax=7.169E-03 rmsd=1.152E+00 s=[ 0 0 0 1 0 1 1 0 1 1 0 0 ]
d13=4.452700633737 eijMax=8.951E-03 rmsd=1.535E+00 s=[ 0 0 0 1 0 1 1 1 1 0 1 1 ]
d13=4.452700633737 eijMax=7.139E-03 rmsd=1.587E+00 s=[ 0 0 0 1 1 0 0 1 1 1 0 0 ]
d13=4.452700633737 eijMax=7.291E-03 rmsd=1.369E+00 s=[ 0 0 0 1 1 1 0 0 1 1 0 0 ]
d13=4.452700633737 eijMax=3.417E-03 rmsd=1.401E+00 s=[ 0 0 0 1 1 1 0 1 1 1 0 0 ]
d13=4.464653703838 eijMax=4.486E-03 rmsd=1.429E+00 s=[ 0 0 0 0 0 0 1 0 0 0 1 1 ]
d13=4.464653703838 eijMax=7.007E-03 rmsd=1.390E+00 s=[ 0 0 0 0 0 0 1 1 0 0 1 1 ]
d13=4.464653703838 eijMax=8.343E-03 rmsd=1.603E+00 s=[ 0 0 0 0 0 1 1 0 0 0 1 1 ]
d13=4.464653703838 eijMax=7.295E-03 rmsd=1.537E+00 s=[ 0 0 0 0 1 0 0 0 0 1 0 0 ]
d13=4.464653703838 eijMax=7.295E-03 rmsd=1.157E+00 s=[ 0 0 0 0 1 0 0 1 0 0 1 1 ]
d13=4.464653703838 eijMax=6.962E-03 rmsd=1.393E+00 s=[ 0 0 0 0 1 0 1 0 0 0 1 1 ]
d13=4.464653703838 eijMax=4.552E-03 rmsd=1.511E+00 s=[ 0 0 0 0 1 0 1 1 0 0 1 1 ]
d13=4.464653703838 eijMax=4.552E-03 rmsd=1.511E+00 s=[ 0 0 0 1 0 1 0 0 1 1 0 0 ]
d13=4.464653703838 eijMax=6.962E-03 rmsd=1.393E+00 s=[ 0 0 0 1 0 1 0 1 1 1 0 0 ]
d13=4.464653703838 eijMax=7.295E-03 rmsd=1.157E+00 s=[ 0 0 0 1 0 1 1 0 1 1 0 0 ]
d13=4.464653703838 eijMax=7.295E-03 rmsd=1.537E+00 s=[ 0 0 0 1 0 1 1 1 1 0 1 1 ]
d13=4.464653703838 eijMax=8.343E-03 rmsd=1.603E+00 s=[ 0 0 0 1 1 0 0 1 1 1 0 0 ]
d13=4.464653703838 eijMax=7.007E-03 rmsd=1.390E+00 s=[ 0 0 0 1 1 1 0 0 1 1 0 0 ]
d13=4.464653703838 eijMax=4.486E-03 rmsd=1.429E+00 s=[ 0 0 0 1 1 1 0 1 1 1 0 0 ]
d13=4.476606773939 eijMax=5.406E-03 rmsd=1.456E+00 s=[ 0 0 0 0 0 0 1 0 0 0 1 1 ]
d13=4.476606773939 eijMax=9.481E-03 rmsd=1.413E+00 s=[ 0 0 0 0 0 0 1 1 0 0 1 1 ]
d13=4.476606773939 eijMax=7.196E-03 rmsd=1.540E+00 s=[ 0 0 0 0 1 0 0 0 0 1 0 0 ]
d13=4.476606773939 eijMax=7.179E-03 rmsd=1.163E+00 s=[ 0 0 0 0 1 0 0 1 0 0 1 1 ]
d13=4.476606773939 eijMax=7.148E-03 rmsd=1.420E+00 s=[ 0 0 0 0 1 0 1 0 0 0 1 1 ]
d13=4.476606773939 eijMax=5.469E-03 rmsd=1.529E+00 s=[ 0 0 0 0 1 0 1 1 0 0 1 1 ]
d13=4.476606773939 eijMax=5.469E-03 rmsd=1.529E+00 s=[ 0 0 0 1 0 1 0 0 1 1 0 0 ]
d13=4.476606773939 eijMax=7.148E-03 rmsd=1.420E+00 s=[ 0 0 0 1 0 1 0 1 1 1 0 0 ]
d13=4.476606773939 eijMax=7.179E-03 rmsd=1.163E+00 s=[ 0 0 0 1 0 1 1 0 1 1 0 0 ]
d13=4.476606773939 eijMax=7.196E-03 rmsd=1.540E+00 s=[ 0 0 0 1 0 1 1 1 1 0 1 1 ]
d13=4.476606773939 eijMax=9.481E-03 rmsd=1.413E+00 s=[ 0 0 0 1 1 1 0 0 1 1 0 0 ]
d13=4.476606773939 eijMax=5.406E-03 rmsd=1.456E+00 s=[ 0 0 0 1 1 1 0 1 1 1 0 0 ]
d13=4.488559844040 eijMax=6.163E-03 rmsd=1.483E+00 s=[ 0 0 0 0 0 0 1 0 0 0 1 1 ]
d13=4.488559844040 eijMax=7.292E-03 rmsd=1.543E+00 s=[ 0 0 0 0 1 0 0 0 0 1 0 0 ]
d13=4.488559844040 eijMax=7.263E-03 rmsd=1.170E+00 s=[ 0 0 0 0 1 0 0 1 0 0 1 1 ]
d13=4.488559844040 eijMax=7.260E-03 rmsd=1.446E+00 s=[ 0 0 0 0 1 0 1 0 0 0 1 1 ]
d13=4.488559844040 eijMax=6.205E-03 rmsd=1.546E+00 s=[ 0 0 0 0 1 0 1 1 0 0 1 1 ]
d13=4.488559844040 eijMax=6.205E-03 rmsd=1.546E+00 s=[ 0 0 0 1 0 1 0 0 1 1 0 0 ]
d13=4.488559844040 eijMax=7.260E-03 rmsd=1.446E+00 s=[ 0 0 0 1 0 1 0 1 1 1 0 0 ]
d13=4.488559844040 eijMax=7.263E-03 rmsd=1.170E+00 s=[ 0 0 0 1 0 1 1 0 1 1 0 0 ]
d13=4.488559844040 eijMax=7.292E-03 rmsd=1.543E+00 s=[ 0 0 0 1 0 1 1 1 1 0 1 1 ]
d13=4.488559844040 eijMax=6.163E-03 rmsd=1.483E+00 s=[ 0 0 0 1 1 1 0 1 1 1 0 0 ]
d13=4.500512914141 eijMax=6.740E-03 rmsd=1.509E+00 s=[ 0 0 0 0 0 0 1 0 0 0 1 1 ]
d13=4.500512914141 eijMax=7.117E-03 rmsd=1.547E+00 s=[ 0 0 0 0 1 0 0 0 0 1 0 0 ]
d13=4.500512914141 eijMax=8.722E-03 rmsd=1.177E+00 s=[ 0 0 0 0 1 0 0 1 0 0 1 1 ]
d13=4.500512914141 eijMax=7.295E-03 rmsd=1.472E+00 s=[ 0 0 0 0 1 0 1 0 0 0 1 1 ]
d13=4.500512914141 eijMax=6.754E-03 rmsd=1.563E+00 s=[ 0 0 0 0 1 0 1 1 0 0 1 1 ]
d13=4.500512914141 eijMax=6.754E-03 rmsd=1.563E+00 s=[ 0 0 0 1 0 1 0 0 1 1 0 0 ]
d13=4.500512914141 eijMax=7.295E-03 rmsd=1.472E+00 s=[ 0 0 0 1 0 1 0 1 1 1 0 0 ]
d13=4.500512914141 eijMax=8.722E-03 rmsd=1.177E+00 s=[ 0 0 0 1 0 1 1 0 1 1 0 0 ]
d13=4.500512914141 eijMax=7.117E-03 rmsd=1.547E+00 s=[ 0 0 0 1 0 1 1 1 1 0 1 1 ]
d13=4.500512914141 eijMax=6.740E-03 rmsd=1.509E+00 s=[ 0 0 0 1 1 1 0 1 1 1 0 0 ]
d13=4.512465984242 eijMax=7.121E-03 rmsd=1.534E+00 s=[ 0 0 0 0 0 0 1 0 0 0 1 1 ]
d13=4.512465984242 eijMax=9.983E-03 rmsd=2.053E+00 s=[ 0 0 0 0 0 1 1 0 0 1 0 0 ]
d13=4.512465984242 eijMax=6.680E-03 rmsd=1.551E+00 s=[ 0 0 0 0 1 0 0 0 0 1 0 0 ]
d13=4.512465984242 eijMax=7.248E-03 rmsd=1.497E+00 s=[ 0 0 0 0 1 0 1 0 0 0 1 1 ]
d13=4.512465984242 eijMax=7.115E-03 rmsd=1.580E+00 s=[ 0 0 0 0 1 0 1 1 0 0 1 1 ]
d13=4.512465984242 eijMax=7.115E-03 rmsd=1.580E+00 s=[ 0 0 0 1 0 1 0 0 1 1 0 0 ]
d13=4.512465984242 eijMax=7.248E-03 rmsd=1.497E+00 s=[ 0 0 0 1 0 1 0 1 1 1 0 0 ]
d13=4.512465984242 eijMax=6.680E-03 rmsd=1.551E+00 s=[ 0 0 0 1 0 1 1 1 1 0 1 1 ]
d13=4.512465984242 eijMax=9.983E-03 rmsd=2.053E+00 s=[ 0 0 0 1 1 0 0 1 1 0 1 1 ]
d13=4.512465984242 eijMax=7.121E-03 rmsd=1.534E+00 s=[ 0 0 0 1 1 1 0 1 1 1 0 0 ]
d13=4.524419054343 eijMax=7.289E-03 rmsd=1.559E+00 s=[ 0 0 0 0 0 0 1 0 0 0 1 1 ]
d13=4.524419054343 eijMax=7.769E-03 rmsd=1.879E+00 s=[ 0 0 0 0 0 0 1 1 0 1 0 0 ]
d13=4.524419054343 eijMax=7.576E-03 rmsd=2.058E+00 s=[ 0 0 0 0 0 1 1 0 0 1 0 0 ]
d13=4.524419054343 eijMax=5.986E-03 rmsd=1.556E+00 s=[ 0 0 0 0 1 0 0 0 0 1 0 0 ]
d13=4.524419054343 eijMax=7.115E-03 rmsd=1.522E+00 s=[ 0 0 0 0 1 0 1 0 0 0 1 1 ]
d13=4.524419054343 eijMax=7.283E-03 rmsd=1.596E+00 s=[ 0 0 0 0 1 0 1 1 0 0 1 1 ]
d13=4.524419054343 eijMax=7.283E-03 rmsd=1.596E+00 s=[ 0 0 0 1 0 1 0 0 1 1 0 0 ]
d13=4.524419054343 eijMax=7.115E-03 rmsd=1.522E+00 s=[ 0 0 0 1 0 1 0 1 1 1 0 0 ]
d13=4.524419054343 eijMax=5.986E-03 rmsd=1.556E+00 s=[ 0 0 0 1 0 1 1 1 1 0 1 1 ]
d13=4.524419054343 eijMax=7.576E-03 rmsd=2.058E+00 s=[ 0 0 0 1 1 0 0 1 1 0 1 1 ]
d13=4.524419054343 eijMax=7.769E-03 rmsd=1.879E+00 s=[ 0 0 0 1 1 1 0 0 1 0 1 1 ]
d13=4.524419054343 eijMax=7.289E-03 rmsd=1.559E+00 s=[ 0 0 0 1 1 1 0 1 1 1 0 0 ]
d13=4.536372124444 eijMax=7.225E-03 rmsd=1.584E+00 s=[ 0 0 0 0 0 0 1 0 0 0 1 1 ]
d13=4.536372124444 eijMax=7.268E-03 rmsd=1.885E+00 s=[ 0 0 0 0 0 0 1 1 0 1 0 0 ]
d13=4.536372124444 eijMax=7.242E-03 rmsd=2.064E+00 s=[ 0 0 0 0 0 1 1 0 0 1 0 0 ]
d13=4.536372124444 eijMax=5.041E-03 rmsd=1.561E+00 s=[ 0 0 0 0 1 0 0 0 0 1 0 0 ]
d13=4.536372124444 eijMax=7.062E-03 rmsd=1.546E+00 s=[ 0 0 0 0 1 0 1 0 0 0 1 1 ]
d13=4.536372124444 eijMax=7.255E-03 rmsd=1.612E+00 s=[ 0 0 0 0 1 0 1 1 0 0 1 1 ]
d13=4.536372124444 eijMax=7.255E-03 rmsd=1.612E+00 s=[ 0 0 0 1 0 1 0 0 1 1 0 0 ]
d13=4.536372124444 eijMax=7.062E-03 rmsd=1.546E+00 s=[ 0 0 0 1 0 1 0 1 1 1 0 0 ]
d13=4.536372124444 eijMax=5.041E-03 rmsd=1.561E+00 s=[ 0 0 0 1 0 1 1 1 1 0 1 1 ]
d13=4.536372124444 eijMax=7.242E-03 rmsd=2.064E+00 s=[ 0 0 0 1 1 0 0 1 1 0 1 1 ]
d13=4.536372124444 eijMax=7.268E-03 rmsd=1.885E+00 s=[ 0 0 0 1 1 1 0 0 1 0 1 1 ]
d13=4.536372124444 eijMax=7.225E-03 rmsd=1.584E+00 s=[ 0 0 0 1 1 1 0 1 1 1 0 0 ]
d13=4.548325194545 eijMax=7.007E-03 rmsd=1.608E+00 s=[ 0 0 0 0 0 0 1 0 0 0 1 1 ]
d13=4.548325194545 eijMax=7.053E-03 rmsd=1.890E+00 s=[ 0 0 0 0 0 0 1 1 0 1 0 0 ]
d13=4.548325194545 eijMax=7.213E-03 rmsd=2.071E+00 s=[ 0 0 0 0 0 1 1 0 0 1 0 0 ]
d13=4.548325194545 eijMax=3.848E-03 rmsd=1.567E+00 s=[ 0 0 0 0 1 0 0 0 0 1 0 0 ]
d13=4.548325194545 eijMax=7.947E-03 rmsd=1.570E+00 s=[ 0 0 0 0 1 0 1 0 0 0 1 1 ]
d13=4.548325194545 eijMax=7.029E-03 rmsd=1.628E+00 s=[ 0 0 0 0 1 0 1 1 0 0 1 1 ]
d13=4.548325194545 eijMax=7.029E-03 rmsd=1.628E+00 s=[ 0 0 0 1 0 1 0 0 1 1 0 0 ]
d13=4.548325194545 eijMax=7.947E-03 rmsd=1.570E+00 s=[ 0 0 0 1 0 1 0 1 1 1 0 0 ]
d13=4.548325194545 eijMax=3.848E-03 rmsd=1.567E+00 s=[ 0 0 0 1 0 1 1 1 1 0 1 1 ]
d13=4.548325194545 eijMax=7.213E-03 rmsd=2.071E+00 s=[ 0 0 0 1 1 0 0 1 1 0 1 1 ]
d13=4.548325194545 eijMax=7.053E-03 rmsd=1.890E+00 s=[ 0 0 0 1 1 1 0 0 1 0 1 1 ]
d13=4.548325194545 eijMax=7.007E-03 rmsd=1.608E+00 s=[ 0 0 0 1 1 1 0 1 1 1 0 0 ]
d13=4.560278264646 eijMax=8.557E-03 rmsd=1.632E+00 s=[ 0 0 0 0 0 0 1 0 0 0 1 1 ]
d13=4.560278264646 eijMax=5.940E-03 rmsd=1.897E+00 s=[ 0 0 0 0 0 0 1 1 0 1 0 0 ]
d13=4.560278264646 eijMax=6.665E-03 rmsd=2.079E+00 s=[ 0 0 0 0 0 1 1 0 0 1 0 0 ]
d13=4.560278264646 eijMax=2.410E-03 rmsd=1.573E+00 s=[ 0 0 0 0 1 0 0 0 0 1 0 0 ]
d13=4.560278264646 eijMax=8.895E-03 rmsd=1.594E+00 s=[ 0 0 0 0 1 0 1 0 0 0 1 1 ]
d13=4.560278264646 eijMax=7.890E-03 rmsd=1.644E+00 s=[ 0 0 0 0 1 0 1 1 0 0 1 1 ]
d13=4.560278264646 eijMax=7.890E-03 rmsd=1.644E+00 s=[ 0 0 0 1 0 1 0 0 1 1 0 0 ]
d13=4.560278264646 eijMax=8.895E-03 rmsd=1.594E+00 s=[ 0 0 0 1 0 1 0 1 1 1 0 0 ]
d13=4.560278264646 eijMax=2.410E-03 rmsd=1.573E+00 s=[ 0 0 0 1 0 1 1 1 1 0 1 1 ]
d13=4.560278264646 eijMax=6.665E-03 rmsd=2.079E+00 s=[ 0 0 0 1 1 0 0 1 1 0 1 1 ]
d13=4.560278264646 eijMax=5.940E-03 rmsd=1.897E+00 s=[ 0 0 0 1 1 1 0 0 1 0 1 1 ]
d13=4.560278264646 eijMax=8.557E-03 rmsd=1.632E+00 s=[ 0 0 0 1 1 1 0 1 1 1 0 0 ]
d13=4.572231334747 eijMax=3.869E-03 rmsd=1.903E+00 s=[ 0 0 0 0 0 0 1 1 0 1 0 0 ]
d13=4.572231334747 eijMax=5.642E-03 rmsd=2.088E+00 s=[ 0 0 0 0 0 1 1 0 0 1 0 0 ]
d13=4.572231334747 eijMax=7.276E-04 rmsd=1.579E+00 s=[ 0 0 0 0 1 0 0 0 0 1 0 0 ]
d13=4.572231334747 eijMax=9.906E-03 rmsd=1.617E+00 s=[ 0 0 0 0 1 0 1 0 0 0 1 1 ]
d13=4.572231334747 eijMax=9.313E-03 rmsd=1.660E+00 s=[ 0 0 0 0 1 0 1 1 0 0 1 1 ]
d13=4.572231334747 eijMax=9.313E-03 rmsd=1.660E+00 s=[ 0 0 0 1 0 1 0 0 1 1 0 0 ]
d13=4.572231334747 eijMax=9.906E-03 rmsd=1.617E+00 s=[ 0 0 0 1 0 1 0 1 1 1 0 0 ]
d13=4.572231334747 eijMax=7.276E-04 rmsd=1.579E+00 s=[ 0 0 0 1 0 1 1 1 1 0 1 1 ]
d13=4.572231334747 eijMax=5.642E-03 rmsd=2.088E+00 s=[ 0 0 0 1 1 0 0 1 1 0 1 1 ]
d13=4.572231334747 eijMax=3.869E-03 rmsd=1.903E+00 s=[ 0 0 0 1 1 1 0 0 1 0 1 1 ]
d13=4.584184404848 eijMax=7.783E-04 rmsd=1.911E+00 s=[ 0 0 0 0 0 0 1 1 0 1 0 0 ]
d13=4.584184404848 eijMax=4.192E-03 rmsd=2.097E+00 s=[ 0 0 0 0 0 1 1 0 0 1 0 0 ]
d13=4.584184404848 eijMax=1.199E-03 rmsd=1.585E+00 s=[ 0 0 0 0 1 0 0 0 0 1 0 0 ]
d13=4.584184404848 eijMax=8.891E-03 rmsd=1.902E+00 s=[ 0 0 0 0 1 0 0 1 0 1 0 0 ]
d13=4.584184404848 eijMax=8.891E-03 rmsd=1.902E+00 s=[ 0 0 0 1 0 1 1 0 1 0 1 1 ]
d13=4.584184404848 eijMax=1.199E-03 rmsd=1.585E+00 s=[ 0 0 0 1 0 1 1 1 1 0 1 1 ]
d13=4.584184404848 eijMax=4.192E-03 rmsd=2.097E+00 s=[ 0 0 0 1 1 0 0 1 1 0 1 1 ]
d13=4.584184404848 eijMax=7.783E-04 rmsd=1.911E+00 s=[ 0 0 0 1 1 1 0 0 1 0 1 1 ]
d13=4.596137474949 eijMax=3.388E-03 rmsd=1.920E+00 s=[ 0 0 0 0 0 0 1 1 0 1 0 0 ]
d13=4.596137474949 eijMax=2.374E-03 rmsd=2.108E+00 s=[ 0 0 0 0 0 1 1 0 0 1 0 0 ]
d13=4.596137474949 eijMax=3.371E-03 rmsd=1.592E+00 s=[ 0 0 0 0 1 0 0 0 0 1 0 0 ]
d13=4.596137474949 eijMax=7.460E-03 rmsd=1.908E+00 s=[ 0 0 0 0 1 0 0 1 0 1 0 0 ]
d13=4.596137474949 eijMax=7.460E-03 rmsd=1.908E+00 s=[ 0 0 0 1 0 1 1 0 1 0 1 1 ]
d13=4.596137474949 eijMax=3.371E-03 rmsd=1.592E+00 s=[ 0 0 0 1 0 1 1 1 1 0 1 1 ]
d13=4.596137474949 eijMax=2.374E-03 rmsd=2.108E+00 s=[ 0 0 0 1 1 0 0 1 1 0 1 1 ]
d13=4.596137474949 eijMax=3.388E-03 rmsd=1.920E+00 s=[ 0 0 0 1 1 1 0 0 1 0 1 1 ]
d13=4.608090545051 eijMax=8.681E-03 rmsd=1.930E+00 s=[ 0 0 0 0 0 0 1 1 0 1 0 0 ]
d13=4.608090545051 eijMax=2.481E-04 rmsd=2.120E+00 s=[ 0 0 0 0 0 1 1 0 0 1 0 0 ]
d13=4.608090545051 eijMax=5.790E-03 rmsd=1.600E+00 s=[ 0 0 0 0 1 0 0 0 0 1 0 0 ]
d13=4.608090545051 eijMax=7.134E-03 rmsd=1.914E+00 s=[ 0 0 0 0 1 0 0 1 0 1 0 0 ]
d13=4.608090545051 eijMax=7.134E-03 rmsd=1.914E+00 s=[ 0 0 0 1 0 1 1 0 1 0 1 1 ]
d13=4.608090545051 eijMax=5.790E-03 rmsd=1.600E+00 s=[ 0 0 0 1 0 1 1 1 1 0 1 1 ]
d13=4.608090545051 eijMax=2.481E-04 rmsd=2.120E+00 s=[ 0 0 0 1 1 0 0 1 1 0 1 1 ]
d13=4.608090545051 eijMax=8.681E-03 rmsd=1.930E+00 s=[ 0 0 0 1 1 1 0 0 1 0 1 1 ]
d13=4.620043615152 eijMax=2.120E-03 rmsd=2.132E+00 s=[ 0 0 0 0 0 1 1 0 0 1 0 0 ]
d13=4.620043615152 eijMax=8.460E-03 rmsd=1.607E+00 s=[ 0 0 0 0 1 0 0 0 0 1 0 0 ]
d13=4.620043615152 eijMax=7.290E-03 rmsd=1.920E+00 s=[ 0 0 0 0 1 0 0 1 0 1 0 0 ]
d13=4.620043615152 eijMax=7.290E-03 rmsd=1.920E+00 s=[ 0 0 0 1 0 1 1 0 1 0 1 1 ]
d13=4.620043615152 eijMax=8.460E-03 rmsd=1.607E+00 s=[ 0 0 0 1 0 1 1 1 1 0 1 1 ]
d13=4.620043615152 eijMax=2.120E-03 rmsd=2.132E+00 s=[ 0 0 0 1 1 0 0 1 1 0 1 1 ]
d13=4.631996685253 eijMax=8.639E-03 rmsd=2.215E+00 s=[ 0 0 0 0 0 0 1 0 0 1 0 0 ]
d13=4.631996685253 eijMax=4.663E-03 rmsd=2.146E+00 s=[ 0 0 0 0 0 1 1 0 0 1 0 0 ]
d13=4.631996685253 eijMax=7.228E-03 rmsd=1.927E+00 s=[ 0 0 0 0 1 0 0 1 0 1 0 0 ]
d13=4.631996685253 eijMax=7.228E-03 rmsd=1.927E+00 s=[ 0 0 0 1 0 1 1 0 1 0 1 1 ]
d13=4.631996685253 eijMax=4.663E-03 rmsd=2.146E+00 s=[ 0 0 0 1 1 0 0 1 1 0 1 1 ]
d13=4.631996685253 eijMax=8.639E-03 rmsd=2.215E+00 s=[ 0 0 0 1 1 1 0 1 1 0 1 1 ]
d13=4.643949755354 eijMax=6.978E-03 rmsd=2.227E+00 s=[ 0 0 0 0 0 0 1 0 0 1 0 0 ]
d13=4.643949755354 eijMax=7.317E-03 rmsd=2.161E+00 s=[ 0 0 0 0 0 1 1 0 0 1 0 0 ]
d13=4.643949755354 eijMax=6.944E-03 rmsd=1.933E+00 s=[ 0 0 0 0 1 0 0 1 0 1 0 0 ]
d13=4.643949755354 eijMax=9.946E-03 rmsd=2.320E+00 s=[ 0 0 0 0 1 0 1 1 0 1 0 0 ]
d13=4.643949755354 eijMax=9.946E-03 rmsd=2.320E+00 s=[ 0 0 0 1 0 1 0 0 1 0 1 1 ]
d13=4.643949755354 eijMax=6.944E-03 rmsd=1.933E+00 s=[ 0 0 0 1 0 1 1 0 1 0 1 1 ]
d13=4.643949755354 eijMax=7.317E-03 rmsd=2.161E+00 s=[ 0 0 0 1 1 0 0 1 1 0 1 1 ]
d13=4.643949755354 eijMax=6.978E-03 rmsd=2.227E+00 s=[ 0 0 0 1 1 1 0 1 1 0 1 1 ]
d13=4.655902825455 eijMax=7.283E-03 rmsd=2.239E+00 s=[ 0 0 0 0 0 0 1 0 0 1 0 0 ]
d13=4.655902825455 eijMax=6.436E-03 rmsd=1.940E+00 s=[ 0 0 0 0 1 0 0 1 0 1 0 0 ]
d13=4.655902825455 eijMax=8.387E-03 rmsd=2.331E+00 s=[ 0 0 0 0 1 0 1 1 0 1 0 0 ]
d13=4.655902825455 eijMax=8.387E-03 rmsd=2.331E+00 s=[ 0 0 0 1 0 1 0 0 1 0 1 1 ]
d13=4.655902825455 eijMax=6.436E-03 rmsd=1.940E+00 s=[ 0 0 0 1 0 1 1 0 1 0 1 1 ]
d13=4.655902825455 eijMax=7.283E-03 rmsd=2.239E+00 s=[ 0 0 0 1 1 1 0 1 1 0 1 1 ]
d13=4.667855895556 eijMax=7.170E-03 rmsd=2.250E+00 s=[ 0 0 0 0 0 0 1 0 0 1 0 0 ]
d13=4.667855895556 eijMax=5.698E-03 rmsd=1.947E+00 s=[ 0 0 0 0 1 0 0 1 0 1 0 0 ]
d13=4.667855895556 eijMax=6.942E-03 rmsd=2.341E+00 s=[ 0 0 0 0 1 0 1 1 0 1 0 0 ]
d13=4.667855895556 eijMax=6.942E-03 rmsd=2.341E+00 s=[ 0 0 0 1 0 1 0 0 1 0 1 1 ]
d13=4.667855895556 eijMax=5.698E-03 rmsd=1.947E+00 s=[ 0 0 0 1 0 1 1 0 1 0 1 1 ]
d13=4.667855895556 eijMax=7.170E-03 rmsd=2.250E+00 s=[ 0 0 0 1 1 1 0 1 1 0 1 1 ]
d13=4.679808965657 eijMax=6.608E-03 rmsd=2.261E+00 s=[ 0 0 0 0 0 0 1 0 0 1 0 0 ]
d13=4.679808965657 eijMax=4.725E-03 rmsd=1.954E+00 s=[ 0 0 0 0 1 0 0 1 0 1 0 0 ]
d13=4.679808965657 eijMax=8.938E-03 rmsd=2.410E+00 s=[ 0 0 0 0 1 0 1 0 0 1 0 0 ]
d13=4.679808965657 eijMax=7.229E-03 rmsd=2.352E+00 s=[ 0 0 0 0 1 0 1 1 0 1 0 0 ]
d13=4.679808965657 eijMax=7.229E-03 rmsd=2.352E+00 s=[ 0 0 0 1 0 1 0 0 1 0 1 1 ]
d13=4.679808965657 eijMax=8.938E-03 rmsd=2.410E+00 s=[ 0 0 0 1 0 1 0 1 1 0 1 1 ]
d13=4.679808965657 eijMax=4.725E-03 rmsd=1.954E+00 s=[ 0 0 0 1 0 1 1 0 1 0 1 1 ]
d13=4.679808965657 eijMax=6.608E-03 rmsd=2.261E+00 s=[ 0 0 0 1 1 1 0 1 1 0 1 1 ]
d13=4.691762035758 eijMax=5.568E-03 rmsd=2.272E+00 s=[ 0 0 0 0 0 0 1 0 0 1 0 0 ]
d13=4.691762035758 eijMax=3.511E-03 rmsd=1.961E+00 s=[ 0 0 0 0 1 0 0 1 0 1 0 0 ]
d13=4.691762035758 eijMax=7.872E-03 rmsd=2.429E+00 s=[ 0 0 0 0 1 0 1 0 0 1 0 0 ]
d13=4.691762035758 eijMax=7.286E-03 rmsd=2.362E+00 s=[ 0 0 0 0 1 0 1 1 0 1 0 0 ]
d13=4.691762035758 eijMax=7.286E-03 rmsd=2.362E+00 s=[ 0 0 0 1 0 1 0 0 1 0 1 1 ]
d13=4.691762035758 eijMax=7.872E-03 rmsd=2.429E+00 s=[ 0 0 0 1 0 1 0 1 1 0 1 1 ]
d13=4.691762035758 eijMax=3.511E-03 rmsd=1.961E+00 s=[ 0 0 0 1 0 1 1 0 1 0 1 1 ]
d13=4.691762035758 eijMax=5.568E-03 rmsd=2.272E+00 s=[ 0 0 0 1 1 1 0 1 1 0 1 1 ]
d13=4.703715105859 eijMax=4.024E-03 rmsd=2.283E+00 s=[ 0 0 0 0 0 0 1 0 0 1 0 0 ]
d13=4.703715105859 eijMax=2.046E-03 rmsd=1.968E+00 s=[ 0 0 0 0 1 0 0 1 0 1 0 0 ]
d13=4.703715105859 eijMax=6.954E-03 rmsd=2.447E+00 s=[ 0 0 0 0 1 0 1 0 0 1 0 0 ]
d13=4.703715105859 eijMax=7.089E-03 rmsd=2.372E+00 s=[ 0 0 0 0 1 0 1 1 0 1 0 0 ]
d13=4.703715105859 eijMax=7.089E-03 rmsd=2.372E+00 s=[ 0 0 0 1 0 1 0 0 1 0 1 1 ]
d13=4.703715105859 eijMax=6.954E-03 rmsd=2.447E+00 s=[ 0 0 0 1 0 1 0 1 1 0 1 1 ]
d13=4.703715105859 eijMax=2.046E-03 rmsd=1.968E+00 s=[ 0 0 0 1 0 1 1 0 1 0 1 1 ]
d13=4.703715105859 eijMax=4.024E-03 rmsd=2.283E+00 s=[ 0 0 0 1 1 1 0 1 1 0 1 1 ]
d13=4.715668175960 eijMax=1.954E-03 rmsd=2.293E+00 s=[ 0 0 0 0 0 0 1 0 0 1 0 0 ]
d13=4.715668175960 eijMax=3.232E-04 rmsd=1.976E+00 s=[ 0 0 0 0 1 0 0 1 0 1 0 0 ]
d13=4.715668175960 eijMax=7.182E-03 rmsd=2.466E+00 s=[ 0 0 0 0 1 0 1 0 0 1 0 0 ]
d13=4.715668175960 eijMax=6.625E-03 rmsd=2.382E+00 s=[ 0 0 0 0 1 0 1 1 0 1 0 0 ]
d13=4.715668175960 eijMax=6.625E-03 rmsd=2.382E+00 s=[ 0 0 0 1 0 1 0 0 1 0 1 1 ]
d13=4.715668175960 eijMax=7.182E-03 rmsd=2.466E+00 s=[ 0 0 0 1 0 1 0 1 1 0 1 1 ]
d13=4.715668175960 eijMax=3.232E-04 rmsd=1.976E+00 s=[ 0 0 0 1 0 1 1 0 1 0 1 1 ]
d13=4.715668175960 eijMax=1.954E-03 rmsd=2.293E+00 s=[ 0 0 0 1 1 1 0 1 1 0 1 1 ]
d13=4.727621246061 eijMax=6.584E-04 rmsd=2.304E+00 s=[ 0 0 0 0 0 0 1 0 0 1 0 0 ]
d13=4.727621246061 eijMax=1.670E-03 rmsd=1.983E+00 s=[ 0 0 0 0 1 0 0 1 0 1 0 0 ]
d13=4.727621246061 eijMax=7.288E-03 rmsd=2.484E+00 s=[ 0 0 0 0 1 0 1 0 0 1 0 0 ]
d13=4.727621246061 eijMax=5.879E-03 rmsd=2.392E+00 s=[ 0 0 0 0 1 0 1 1 0 1 0 0 ]
d13=4.727621246061 eijMax=5.879E-03 rmsd=2.392E+00 s=[ 0 0 0 1 0 1 0 0 1 0 1 1 ]
d13=4.727621246061 eijMax=7.288E-03 rmsd=2.484E+00 s=[ 0 0 0 1 0 1 0 1 1 0 1 1 ]
d13=4.727621246061 eijMax=1.670E-03 rmsd=1.983E+00 s=[ 0 0 0 1 0 1 1 0 1 0 1 1 ]
d13=4.727621246061 eijMax=6.584E-04 rmsd=2.304E+00 s=[ 0 0 0 1 1 1 0 1 1 0 1 1 ]
d13=4.739574316162 eijMax=3.820E-03 rmsd=2.315E+00 s=[ 0 0 0 0 0 0 1 0 0 1 0 0 ]
d13=4.739574316162 eijMax=3.948E-03 rmsd=1.991E+00 s=[ 0 0 0 0 1 0 0 1 0 1 0 0 ]
d13=4.739574316162 eijMax=7.266E-03 rmsd=2.502E+00 s=[ 0 0 0 0 1 0 1 0 0 1 0 0 ]
d13=4.739574316162 eijMax=4.834E-03 rmsd=2.402E+00 s=[ 0 0 0 0 1 0 1 1 0 1 0 0 ]
d13=4.739574316162 eijMax=4.834E-03 rmsd=2.402E+00 s=[ 0 0 0 1 0 1 0 0 1 0 1 1 ]
d13=4.739574316162 eijMax=7.266E-03 rmsd=2.502E+00 s=[ 0 0 0 1 0 1 0 1 1 0 1 1 ]
d13=4.739574316162 eijMax=3.948E-03 rmsd=1.991E+00 s=[ 0 0 0 1 0 1 1 0 1 0 1 1 ]
d13=4.739574316162 eijMax=3.820E-03 rmsd=2.315E+00 s=[ 0 0 0 1 1 1 0 1 1 0 1 1 ]
d13=4.751527386263 eijMax=7.527E-03 rmsd=2.326E+00 s=[ 0 0 0 0 0 0 1 0 0 1 0 0 ]
d13=4.751527386263 eijMax=6.525E-03 rmsd=1.998E+00 s=[ 0 0 0 0 1 0 0 1 0 1 0 0 ]
d13=4.751527386263 eijMax=7.108E-03 rmsd=2.521E+00 s=[ 0 0 0 0 1 0 1 0 0 1 0 0 ]
d13=4.751527386263 eijMax=3.470E-03 rmsd=2.411E+00 s=[ 0 0 0 0 1 0 1 1 0 1 0 0 ]
d13=4.751527386263 eijMax=3.470E-03 rmsd=2.411E+00 s=[ 0 0 0 1 0 1 0 0 1 0 1 1 ]
d13=4.751527386263 eijMax=7.108E-03 rmsd=2.521E+00 s=[ 0 0 0 1 0 1 0 1 1 0 1 1 ]
d13=4.751527386263 eijMax=6.525E-03 rmsd=1.998E+00 s=[ 0 0 0 1 0 1 1 0 1 0 1 1 ]
d13=4.751527386263 eijMax=7.527E-03 rmsd=2.326E+00 s=[ 0 0 0 1 1 1 0 1 1 0 1 1 ]
d13=4.763480456364 eijMax=9.419E-03 rmsd=2.006E+00 s=[ 0 0 0 0 1 0 0 1 0 1 0 0 ]
d13=4.763480456364 eijMax=6.808E-03 rmsd=2.539E+00 s=[ 0 0 0 0 1 0 1 0 0 1 0 0 ]
d13=4.763480456364 eijMax=1.762E-03 rmsd=2.421E+00 s=[ 0 0 0 0 1 0 1 1 0 1 0 0 ]
d13=4.763480456364 eijMax=1.762E-03 rmsd=2.421E+00 s=[ 0 0 0 1 0 1 0 0 1 0 1 1 ]
d13=4.763480456364 eijMax=6.808E-03 rmsd=2.539E+00 s=[ 0 0 0 1 0 1 0 1 1 0 1 1 ]
d13=4.763480456364 eijMax=9.419E-03 rmsd=2.006E+00 s=[ 0 0 0 1 0 1 1 0 1 0 1 1 ]
d13=4.775433526465 eijMax=6.357E-03 rmsd=2.558E+00 s=[ 0 0 0 0 1 0 1 0 0 1 0 0 ]
d13=4.775433526465 eijMax=3.180E-04 rmsd=2.430E+00 s=[ 0 0 0 0 1 0 1 1 0 1 0 0 ]
d13=4.775433526465 eijMax=3.180E-04 rmsd=2.430E+00 s=[ 0 0 0 1 0 1 0 0 1 0 1 1 ]
d13=4.775433526465 eijMax=6.357E-03 rmsd=2.558E+00 s=[ 0 0 0 1 0 1 0 1 1 0 1 1 ]
d13=4.787386596566 eijMax=5.745E-03 rmsd=2.576E+00 s=[ 0 0 0 0 1 0 1 0 0 1 0 0 ]
d13=4.787386596566 eijMax=2.805E-03 rmsd=2.439E+00 s=[ 0 0 0 0 1 0 1 1 0 1 0 0 ]
d13=4.787386596566 eijMax=2.805E-03 rmsd=2.439E+00 s=[ 0 0 0 1 0 1 0 0 1 0 1 1 ]
d13=4.787386596566 eijMax=5.745E-03 rmsd=2.576E+00 s=[ 0 0 0 1 0 1 0 1 1 0 1 1 ]
d13=4.799339666667 eijMax=4.959E-03 rmsd=2.594E+00 s=[ 0 0 0 0 1 0 1 0 0 1 0 0 ]
d13=4.799339666667 eijMax=5.739E-03 rmsd=2.448E+00 s=[ 0 0 0 0 1 0 1 1 0 1 0 0 ]
d13=4.799339666667 eijMax=5.739E-03 rmsd=2.448E+00 s=[ 0 0 0 1 0 1 0 0 1 0 1 1 ]
d13=4.799339666667 eijMax=4.959E-03 rmsd=2.594E+00 s=[ 0 0 0 1 0 1 0 1 1 0 1 1 ]
d13=4.811292736768 eijMax=3.986E-03 rmsd=2.613E+00 s=[ 0 0 0 0 1 0 1 0 0 1 0 0 ]
d13=4.811292736768 eijMax=9.173E-03 rmsd=2.456E+00 s=[ 0 0 0 0 1 0 1 1 0 1 0 0 ]
d13=4.811292736768 eijMax=9.173E-03 rmsd=2.456E+00 s=[ 0 0 0 1 0 1 0 0 1 0 1 1 ]
d13=4.811292736768 eijMax=3.986E-03 rmsd=2.613E+00 s=[ 0 0 0 1 0 1 0 1 1 0 1 1 ]
d13=4.823245806869 eijMax=2.807E-03 rmsd=2.631E+00 s=[ 0 0 0 0 1 0 1 0 0 1 0 0 ]
d13=4.823245806869 eijMax=2.807E-03 rmsd=2.631E+00 s=[ 0 0 0 1 0 1 0 1 1 0 1 1 ]
d13=4.835198876970 eijMax=1.401E-03 rmsd=2.649E+00 s=[ 0 0 0 0 1 0 1 0 0 1 0 0 ]
d13=4.835198876970 eijMax=1.401E-03 rmsd=2.649E+00 s=[ 0 0 0 1 0 1 0 1 1 0 1 1 ]
d13=4.847151947071 eijMax=2.594E-04 rmsd=2.667E+00 s=[ 0 0 0 0 1 0 1 0 0 1 0 0 ]
d13=4.847151947071 eijMax=2.594E-04 rmsd=2.667E+00 s=[ 0 0 0 1 0 1 0 1 1 0 1 1 ]
d13=4.859105017172 eijMax=2.211E-03 rmsd=2.685E+00 s=[ 0 0 0 0 1 0 1 0 0 1 0 0 ]
d13=4.859105017172 eijMax=2.211E-03 rmsd=2.685E+00 s=[ 0 0 0 1 0 1 0 1 1 0 1 1 ]
d13=4.871058087273 eijMax=4.503E-03 rmsd=2.702E+00 s=[ 0 0 0 0 1 0 1 0 0 1 0 0 ]
d13=4.871058087273 eijMax=4.503E-03 rmsd=2.702E+00 s=[ 0 0 0 1 0 1 0 1 1 0 1 1 ]
d13=4.883011157374 eijMax=7.202E-03 rmsd=2.720E+00 s=[ 0 0 0 0 1 0 1 0 0 1 0 0 ]
d13=4.883011157374 eijMax=5.834E-03 rmsd=2.450E+00 s=[ 0 0 0 0 1 1 1 1 0 1 0 0 ]
d13=4.883011157374 eijMax=5.834E-03 rmsd=2.450E+00 s=[ 0 0 0 1 0 0 0 0 1 0 1 1 ]
d13=4.883011157374 eijMax=7.202E-03 rmsd=2.720E+00 s=[ 0 0 0 1 0 1 0 1 1 0 1 1 ]
d13=4.894964227475 eijMax=7.202E-03 rmsd=2.504E+00 s=[ 0 0 0 0 1 1 1 1 0 1 0 0 ]
d13=4.894964227475 eijMax=7.202E-03 rmsd=2.504E+00 s=[ 0 0 0 1 0 0 0 0 1 0 1 1 ]
d13=4.906917297576 eijMax=9.444E-03 rmsd=2.551E+00 s=[ 0 0 0 0 1 1 1 1 0 1 0 0 ]
d13=4.906917297576 eijMax=9.444E-03 rmsd=2.551E+00 s=[ 0 0 0 1 0 0 0 0 1 0 1 1 ]
num ..... 100
nnodes .. 12
nedges .. 36
nsols ... 530
tsecs ... 1.547696
