d13=4.225625294895 eijMax=8.538E-03 rmsd=2.029E+00 s=[ 0 0 0 0 1 0 0 0 1 0 0 0 ]
d13=4.225625294895 eijMax=8.538E-03 rmsd=2.029E+00 s=[ 0 0 0 1 0 1 1 1 0 1 1 1 ]
d13=4.226594043193 eijMax=6.914E-03 rmsd=2.018E+00 s=[ 0 0 0 0 1 0 0 0 1 0 0 0 ]
d13=4.226594043193 eijMax=6.914E-03 rmsd=2.018E+00 s=[ 0 0 0 1 0 1 1 1 0 1 1 1 ]
d13=4.227562791491 eijMax=5.501E-03 rmsd=2.008E+00 s=[ 0 0 0 0 1 0 0 0 1 0 0 0 ]
d13=4.227562791491 eijMax=5.501E-03 rmsd=2.008E+00 s=[ 0 0 0 1 0 1 1 1 0 1 1 1 ]
d13=4.228531539790 eijMax=4.255E-03 rmsd=1.998E+00 s=[ 0 0 0 0 1 0 0 0 1 0 0 0 ]
d13=4.228531539790 eijMax=4.255E-03 rmsd=1.998E+00 s=[ 0 0 0 1 0 1 1 1 0 1 1 1 ]
d13=4.229500288088 eijMax=3.152E-03 rmsd=1.988E+00 s=[ 0 0 0 0 1 0 0 0 1 0 0 0 ]
d13=4.229500288088 eijMax=3.152E-03 rmsd=1.988E+00 s=[ 0 0 0 1 0 1 1 1 0 1 1 1 ]
d13=4.230469036386 eijMax=2.174E-03 rmsd=1.979E+00 s=[ 0 0 0 0 1 0 0 0 1 0 0 0 ]
d13=4.230469036386 eijMax=2.174E-03 rmsd=1.979E+00 s=[ 0 0 0 1 0 1 1 1 0 1 1 1 ]
d13=4.231437784685 eijMax=4.540E-03 rmsd=2.433E+00 s=[ 0 0 0 0 0 0 0 1 1 0 0 0 ]
d13=4.231437784685 eijMax=9.916E-03 rmsd=2.430E+00 s=[ 0 0 0 0 0 0 1 0 1 0 0 0 ]
d13=4.231437784685 eijMax=6.739E-03 rmsd=2.308E+00 s=[ 0 0 0 0 0 0 1 1 1 0 0 0 ]
d13=4.231437784685 eijMax=1.311E-03 rmsd=1.969E+00 s=[ 0 0 0 0 1 0 0 0 1 0 0 0 ]
d13=4.231437784685 eijMax=1.311E-03 rmsd=1.969E+00 s=[ 0 0 0 1 0 1 1 1 0 1 1 1 ]
d13=4.231437784685 eijMax=6.739E-03 rmsd=2.308E+00 s=[ 0 0 0 1 1 1 0 0 0 1 1 1 ]
d13=4.231437784685 eijMax=9.916E-03 rmsd=2.430E+00 s=[ 0 0 0 1 1 1 0 1 0 1 1 1 ]
d13=4.231437784685 eijMax=4.540E-03 rmsd=2.433E+00 s=[ 0 0 0 1 1 1 1 0 0 1 1 1 ]
d13=4.232406532983 eijMax=9.409E-03 rmsd=2.473E+00 s=[ 0 0 0 0 0 0 0 1 1 0 0 0 ]
d13=4.232406532983 eijMax=9.521E-03 rmsd=2.405E+00 s=[ 0 0 0 0 0 0 1 0 1 0 0 0 ]
d13=4.232406532983 eijMax=9.578E-03 rmsd=2.263E+00 s=[ 0 0 0 0 0 0 1 1 1 0 0 0 ]
d13=4.232406532983 eijMax=5.609E-04 rmsd=1.958E+00 s=[ 0 0 0 0 1 0 0 0 1 0 0 0 ]
d13=4.232406532983 eijMax=5.609E-04 rmsd=1.958E+00 s=[ 0 0 0 1 0 1 1 1 0 1 1 1 ]
d13=4.232406532983 eijMax=9.578E-03 rmsd=2.263E+00 s=[ 0 0 0 1 1 1 0 0 0 1 1 1 ]
d13=4.232406532983 eijMax=9.521E-03 rmsd=2.405E+00 s=[ 0 0 0 1 1 1 0 1 0 1 1 1 ]
d13=4.232406532983 eijMax=9.409E-03 rmsd=2.473E+00 s=[ 0 0 0 1 1 1 1 0 0 1 1 1 ]
d13=4.233375281281 eijMax=9.446E-03 rmsd=2.386E+00 s=[ 0 0 0 0 0 0 1 0 1 0 0 0 ]
d13=4.233375281281 eijMax=7.664E-05 rmsd=1.948E+00 s=[ 0 0 0 0 1 0 0 0 1 0 0 0 ]
d13=4.233375281281 eijMax=7.664E-05 rmsd=1.948E+00 s=[ 0 0 0 1 0 1 1 1 0 1 1 1 ]
d13=4.233375281281 eijMax=9.446E-03 rmsd=2.386E+00 s=[ 0 0 0 1 1 1 0 1 0 1 1 1 ]
d13=4.234344029580 eijMax=9.493E-03 rmsd=2.371E+00 s=[ 0 0 0 0 0 0 1 0 1 0 0 0 ]
d13=4.234344029580 eijMax=5.948E-04 rmsd=1.937E+00 s=[ 0 0 0 0 1 0 0 0 1 0 0 0 ]
d13=4.234344029580 eijMax=5.948E-04 rmsd=1.937E+00 s=[ 0 0 0 1 0 1 1 1 0 1 1 1 ]
d13=4.234344029580 eijMax=9.493E-03 rmsd=2.371E+00 s=[ 0 0 0 1 1 1 0 1 0 1 1 1 ]
d13=4.235312777878 eijMax=9.602E-03 rmsd=2.357E+00 s=[ 0 0 0 0 0 0 1 0 1 0 0 0 ]
d13=4.235312777878 eijMax=9.792E-04 rmsd=1.925E+00 s=[ 0 0 0 0 1 0 0 0 1 0 0 0 ]
d13=4.235312777878 eijMax=9.792E-04 rmsd=1.925E+00 s=[ 0 0 0 1 0 1 1 1 0 1 1 1 ]
d13=4.235312777878 eijMax=9.602E-03 rmsd=2.357E+00 s=[ 0 0 0 1 1 1 0 1 0 1 1 1 ]
d13=4.236281526176 eijMax=9.748E-03 rmsd=2.345E+00 s=[ 0 0 0 0 0 0 1 0 1 0 0 0 ]
d13=4.236281526176 eijMax=1.203E-03 rmsd=1.912E+00 s=[ 0 0 0 0 1 0 0 0 1 0 0 0 ]
d13=4.236281526176 eijMax=1.203E-03 rmsd=1.912E+00 s=[ 0 0 0 1 0 1 1 1 0 1 1 1 ]
d13=4.236281526176 eijMax=9.748E-03 rmsd=2.345E+00 s=[ 0 0 0 1 1 1 0 1 0 1 1 1 ]
d13=4.237250274474 eijMax=9.916E-03 rmsd=2.334E+00 s=[ 0 0 0 0 0 0 1 0 1 0 0 0 ]
d13=4.237250274474 eijMax=1.216E-03 rmsd=1.897E+00 s=[ 0 0 0 0 1 0 0 0 1 0 0 0 ]
d13=4.237250274474 eijMax=1.216E-03 rmsd=1.897E+00 s=[ 0 0 0 1 0 1 1 1 0 1 1 1 ]
d13=4.237250274474 eijMax=9.916E-03 rmsd=2.334E+00 s=[ 0 0 0 1 1 1 0 1 0 1 1 1 ]
d13=4.238219022773 eijMax=9.101E-04 rmsd=1.880E+00 s=[ 0 0 0 0 1 0 0 0 1 0 0 0 ]
d13=4.238219022773 eijMax=9.101E-04 rmsd=1.880E+00 s=[ 0 0 0 1 0 1 1 1 0 1 1 1 ]
d13=4.239187771071 eijMax=3.014E-05 rmsd=1.856E+00 s=[ 0 0 0 0 1 0 0 0 1 0 0 0 ]
d13=4.239187771071 eijMax=9.698E-03 rmsd=1.753E+00 s=[ 0 0 0 0 1 0 1 0 1 0 0 0 ]
d13=4.239187771071 eijMax=9.698E-03 rmsd=1.753E+00 s=[ 0 0 0 1 0 1 0 1 0 1 1 1 ]
d13=4.239187771071 eijMax=3.014E-05 rmsd=1.856E+00 s=[ 0 0 0 1 0 1 1 1 0 1 1 1 ]
d13=4.243062764264 eijMax=9.293E-03 rmsd=2.451E+00 s=[ 0 0 0 0 0 0 0 0 1 0 0 0 ]
d13=4.243062764264 eijMax=9.293E-03 rmsd=2.451E+00 s=[ 0 0 0 1 1 1 1 1 0 1 1 1 ]
d13=4.244031512563 eijMax=5.762E-03 rmsd=2.424E+00 s=[ 0 0 0 0 0 0 0 0 1 0 0 0 ]
d13=4.244031512563 eijMax=5.762E-03 rmsd=2.424E+00 s=[ 0 0 0 1 1 1 1 1 0 1 1 1 ]
d13=4.245000260861 eijMax=6.123E-03 rmsd=2.339E+00 s=[ 0 0 0 0 0 0 0 0 0 0 0 0 ]
d13=4.245000260861 eijMax=4.195E-03 rmsd=2.352E+00 s=[ 0 0 0 0 0 0 0 0 1 0 0 0 ]
d13=4.245000260861 eijMax=4.195E-03 rmsd=2.352E+00 s=[ 0 0 0 1 1 1 1 1 0 1 1 1 ]
d13=4.245000260861 eijMax=6.123E-03 rmsd=2.339E+00 s=[ 0 0 0 1 1 1 1 1 1 1 1 1 ]
d13=4.280843947898 eijMax=8.846E-03 rmsd=2.227E+00 s=[ 0 0 0 0 0 0 0 1 0 0 0 0 ]
d13=4.280843947898 eijMax=8.846E-03 rmsd=2.227E+00 s=[ 0 0 0 1 1 1 1 0 1 1 1 1 ]
d13=4.281812696196 eijMax=7.089E-03 rmsd=2.236E+00 s=[ 0 0 0 0 0 0 0 1 0 0 0 0 ]
d13=4.281812696196 eijMax=7.089E-03 rmsd=2.236E+00 s=[ 0 0 0 1 1 1 1 0 1 1 1 1 ]
d13=4.282781444494 eijMax=5.314E-03 rmsd=2.246E+00 s=[ 0 0 0 0 0 0 0 1 0 0 0 0 ]
d13=4.282781444494 eijMax=5.314E-03 rmsd=2.246E+00 s=[ 0 0 0 1 1 1 1 0 1 1 1 1 ]
d13=4.283750192793 eijMax=3.520E-03 rmsd=2.256E+00 s=[ 0 0 0 0 0 0 0 1 0 0 0 0 ]
d13=4.283750192793 eijMax=3.520E-03 rmsd=2.256E+00 s=[ 0 0 0 1 1 1 1 0 1 1 1 1 ]
d13=4.284718941091 eijMax=1.706E-03 rmsd=2.265E+00 s=[ 0 0 0 0 0 0 0 1 0 0 0 0 ]
d13=4.284718941091 eijMax=1.706E-03 rmsd=2.265E+00 s=[ 0 0 0 1 1 1 1 0 1 1 1 1 ]
d13=4.285687689389 eijMax=1.309E-04 rmsd=2.275E+00 s=[ 0 0 0 0 0 0 0 1 0 0 0 0 ]
d13=4.285687689389 eijMax=1.309E-04 rmsd=2.275E+00 s=[ 0 0 0 1 1 1 1 0 1 1 1 1 ]
d13=4.286656437688 eijMax=1.992E-03 rmsd=2.285E+00 s=[ 0 0 0 0 0 0 0 1 0 0 0 0 ]
d13=4.286656437688 eijMax=1.992E-03 rmsd=2.285E+00 s=[ 0 0 0 1 1 1 1 0 1 1 1 1 ]
d13=4.287625185986 eijMax=3.878E-03 rmsd=2.296E+00 s=[ 0 0 0 0 0 0 0 1 0 0 0 0 ]
d13=4.287625185986 eijMax=3.878E-03 rmsd=2.296E+00 s=[ 0 0 0 1 1 1 1 0 1 1 1 1 ]
d13=4.288593934284 eijMax=5.794E-03 rmsd=2.306E+00 s=[ 0 0 0 0 0 0 0 1 0 0 0 0 ]
d13=4.288593934284 eijMax=5.794E-03 rmsd=2.306E+00 s=[ 0 0 0 1 1 1 1 0 1 1 1 1 ]
d13=4.289562682583 eijMax=7.741E-03 rmsd=2.316E+00 s=[ 0 0 0 0 0 0 0 1 0 0 0 0 ]
d13=4.289562682583 eijMax=7.741E-03 rmsd=2.316E+00 s=[ 0 0 0 1 1 1 1 0 1 1 1 1 ]
d13=4.290531430881 eijMax=9.723E-03 rmsd=2.327E+00 s=[ 0 0 0 0 0 0 0 1 0 0 0 0 ]
d13=4.290531430881 eijMax=9.723E-03 rmsd=2.327E+00 s=[ 0 0 0 1 1 1 1 0 1 1 1 1 ]
d13=4.338000097497 eijMax=9.811E-03 rmsd=1.806E+00 s=[ 0 0 0 0 0 0 1 0 1 0 0 0 ]
d13=4.338000097497 eijMax=9.811E-03 rmsd=1.806E+00 s=[ 0 0 0 1 1 1 0 1 0 1 1 1 ]
d13=4.338968845796 eijMax=9.580E-03 rmsd=1.801E+00 s=[ 0 0 0 0 0 0 1 0 1 0 0 0 ]
d13=4.338968845796 eijMax=9.580E-03 rmsd=1.801E+00 s=[ 0 0 0 1 1 1 0 1 0 1 1 1 ]
d13=4.339937594094 eijMax=9.343E-03 rmsd=1.797E+00 s=[ 0 0 0 0 0 0 1 0 1 0 0 0 ]
d13=4.339937594094 eijMax=9.343E-03 rmsd=1.797E+00 s=[ 0 0 0 1 1 1 0 1 0 1 1 1 ]
d13=4.340906342392 eijMax=9.100E-03 rmsd=1.792E+00 s=[ 0 0 0 0 0 0 1 0 1 0 0 0 ]
d13=4.340906342392 eijMax=9.100E-03 rmsd=1.792E+00 s=[ 0 0 0 1 1 1 0 1 0 1 1 1 ]
d13=4.341875090691 eijMax=8.850E-03 rmsd=1.788E+00 s=[ 0 0 0 0 0 0 1 0 1 0 0 0 ]
d13=4.341875090691 eijMax=8.850E-03 rmsd=1.788E+00 s=[ 0 0 0 1 1 1 0 1 0 1 1 1 ]
d13=4.342843838989 eijMax=8.594E-03 rmsd=1.783E+00 s=[ 0 0 0 0 0 0 1 0 1 0 0 0 ]
d13=4.342843838989 eijMax=8.594E-03 rmsd=1.783E+00 s=[ 0 0 0 1 1 1 0 1 0 1 1 1 ]
d13=4.343812587287 eijMax=8.332E-03 rmsd=1.779E+00 s=[ 0 0 0 0 0 0 1 0 1 0 0 0 ]
d13=4.343812587287 eijMax=8.332E-03 rmsd=1.779E+00 s=[ 0 0 0 1 1 1 0 1 0 1 1 1 ]
d13=4.344781335586 eijMax=8.062E-03 rmsd=1.774E+00 s=[ 0 0 0 0 0 0 1 0 1 0 0 0 ]
d13=4.344781335586 eijMax=8.062E-03 rmsd=1.774E+00 s=[ 0 0 0 1 1 1 0 1 0 1 1 1 ]
d13=4.345750083884 eijMax=7.786E-03 rmsd=1.769E+00 s=[ 0 0 0 0 0 0 1 0 1 0 0 0 ]
d13=4.345750083884 eijMax=7.786E-03 rmsd=1.769E+00 s=[ 0 0 0 1 1 1 0 1 0 1 1 1 ]
d13=4.346718832182 eijMax=7.502E-03 rmsd=1.765E+00 s=[ 0 0 0 0 0 0 1 0 1 0 0 0 ]
d13=4.346718832182 eijMax=7.502E-03 rmsd=1.765E+00 s=[ 0 0 0 1 1 1 0 1 0 1 1 1 ]
d13=4.347687580480 eijMax=7.212E-03 rmsd=1.760E+00 s=[ 0 0 0 0 0 0 1 0 1 0 0 0 ]
d13=4.347687580480 eijMax=7.212E-03 rmsd=1.760E+00 s=[ 0 0 0 1 1 1 0 1 0 1 1 1 ]
d13=4.348656328779 eijMax=6.913E-03 rmsd=1.755E+00 s=[ 0 0 0 0 0 0 1 0 1 0 0 0 ]
d13=4.348656328779 eijMax=6.913E-03 rmsd=1.755E+00 s=[ 0 0 0 1 1 1 0 1 0 1 1 1 ]
d13=4.349625077077 eijMax=6.607E-03 rmsd=1.751E+00 s=[ 0 0 0 0 0 0 1 0 1 0 0 0 ]
d13=4.349625077077 eijMax=6.607E-03 rmsd=1.751E+00 s=[ 0 0 0 1 1 1 0 1 0 1 1 1 ]
d13=4.350593825375 eijMax=6.293E-03 rmsd=1.746E+00 s=[ 0 0 0 0 0 0 1 0 1 0 0 0 ]
d13=4.350593825375 eijMax=6.293E-03 rmsd=1.746E+00 s=[ 0 0 0 1 1 1 0 1 0 1 1 1 ]
d13=4.351562573674 eijMax=5.971E-03 rmsd=1.741E+00 s=[ 0 0 0 0 0 0 1 0 1 0 0 0 ]
d13=4.351562573674 eijMax=5.971E-03 rmsd=1.741E+00 s=[ 0 0 0 1 1 1 0 1 0 1 1 1 ]
d13=4.352531321972 eijMax=5.640E-03 rmsd=1.736E+00 s=[ 0 0 0 0 0 0 1 0 1 0 0 0 ]
d13=4.352531321972 eijMax=5.640E-03 rmsd=1.736E+00 s=[ 0 0 0 1 1 1 0 1 0 1 1 1 ]
d13=4.353500070270 eijMax=5.300E-03 rmsd=1.732E+00 s=[ 0 0 0 0 0 0 1 0 1 0 0 0 ]
d13=4.353500070270 eijMax=5.300E-03 rmsd=1.732E+00 s=[ 0 0 0 1 1 1 0 1 0 1 1 1 ]
d13=4.354468818569 eijMax=4.951E-03 rmsd=1.727E+00 s=[ 0 0 0 0 0 0 1 0 1 0 0 0 ]
d13=4.354468818569 eijMax=4.951E-03 rmsd=1.727E+00 s=[ 0 0 0 1 1 1 0 1 0 1 1 1 ]
d13=4.355437566867 eijMax=4.593E-03 rmsd=1.722E+00 s=[ 0 0 0 0 0 0 1 0 1 0 0 0 ]
d13=4.355437566867 eijMax=4.593E-03 rmsd=1.722E+00 s=[ 0 0 0 1 1 1 0 1 0 1 1 1 ]
d13=4.356406315165 eijMax=4.225E-03 rmsd=1.717E+00 s=[ 0 0 0 0 0 0 1 0 1 0 0 0 ]
d13=4.356406315165 eijMax=4.225E-03 rmsd=1.717E+00 s=[ 0 0 0 1 1 1 0 1 0 1 1 1 ]
d13=4.357375063463 eijMax=3.847E-03 rmsd=1.712E+00 s=[ 0 0 0 0 0 0 1 0 1 0 0 0 ]
d13=4.357375063463 eijMax=3.847E-03 rmsd=1.712E+00 s=[ 0 0 0 1 1 1 0 1 0 1 1 1 ]
d13=4.358343811762 eijMax=3.458E-03 rmsd=1.707E+00 s=[ 0 0 0 0 0 0 1 0 1 0 0 0 ]
d13=4.358343811762 eijMax=3.458E-03 rmsd=1.707E+00 s=[ 0 0 0 1 1 1 0 1 0 1 1 1 ]
d13=4.359312560060 eijMax=3.059E-03 rmsd=1.702E+00 s=[ 0 0 0 0 0 0 1 0 1 0 0 0 ]
d13=4.359312560060 eijMax=3.059E-03 rmsd=1.702E+00 s=[ 0 0 0 1 1 1 0 1 0 1 1 1 ]
d13=4.360281308358 eijMax=2.648E-03 rmsd=1.696E+00 s=[ 0 0 0 0 0 0 1 0 1 0 0 0 ]
d13=4.360281308358 eijMax=2.648E-03 rmsd=1.696E+00 s=[ 0 0 0 1 1 1 0 1 0 1 1 1 ]
d13=4.361250056657 eijMax=2.224E-03 rmsd=1.691E+00 s=[ 0 0 0 0 0 0 1 0 1 0 0 0 ]
d13=4.361250056657 eijMax=2.224E-03 rmsd=1.691E+00 s=[ 0 0 0 1 1 1 0 1 0 1 1 1 ]
d13=4.362218804955 eijMax=1.789E-03 rmsd=1.686E+00 s=[ 0 0 0 0 0 0 1 0 1 0 0 0 ]
d13=4.362218804955 eijMax=1.789E-03 rmsd=1.686E+00 s=[ 0 0 0 1 1 1 0 1 0 1 1 1 ]
d13=4.363187553253 eijMax=1.340E-03 rmsd=1.681E+00 s=[ 0 0 0 0 0 0 1 0 1 0 0 0 ]
d13=4.363187553253 eijMax=1.340E-03 rmsd=1.681E+00 s=[ 0 0 0 1 1 1 0 1 0 1 1 1 ]
d13=4.364156301552 eijMax=8.770E-04 rmsd=1.675E+00 s=[ 0 0 0 0 0 0 1 0 1 0 0 0 ]
d13=4.364156301552 eijMax=8.770E-04 rmsd=1.675E+00 s=[ 0 0 0 1 1 1 0 1 0 1 1 1 ]
d13=4.365125049850 eijMax=3.997E-04 rmsd=1.670E+00 s=[ 0 0 0 0 0 0 1 0 1 0 0 0 ]
d13=4.365125049850 eijMax=3.997E-04 rmsd=1.670E+00 s=[ 0 0 0 1 1 1 0 1 0 1 1 1 ]
d13=4.366093798148 eijMax=9.306E-05 rmsd=1.665E+00 s=[ 0 0 0 0 0 0 1 0 1 0 0 0 ]
d13=4.366093798148 eijMax=9.306E-05 rmsd=1.665E+00 s=[ 0 0 0 1 1 1 0 1 0 1 1 1 ]
d13=4.367062546446 eijMax=6.021E-04 rmsd=1.659E+00 s=[ 0 0 0 0 0 0 1 0 1 0 0 0 ]
d13=4.367062546446 eijMax=6.021E-04 rmsd=1.659E+00 s=[ 0 0 0 1 1 1 0 1 0 1 1 1 ]
d13=4.368031294745 eijMax=1.128E-03 rmsd=1.653E+00 s=[ 0 0 0 0 0 0 1 0 1 0 0 0 ]
d13=4.368031294745 eijMax=1.128E-03 rmsd=1.653E+00 s=[ 0 0 0 1 1 1 0 1 0 1 1 1 ]
d13=4.369000043043 eijMax=1.673E-03 rmsd=1.648E+00 s=[ 0 0 0 0 0 0 1 0 1 0 0 0 ]
d13=4.369000043043 eijMax=1.673E-03 rmsd=1.648E+00 s=[ 0 0 0 1 1 1 0 1 0 1 1 1 ]
d13=4.369968791341 eijMax=2.238E-03 rmsd=1.642E+00 s=[ 0 0 0 0 0 0 1 0 1 0 0 0 ]
d13=4.369968791341 eijMax=2.238E-03 rmsd=1.642E+00 s=[ 0 0 0 1 1 1 0 1 0 1 1 1 ]
d13=4.370937539640 eijMax=2.823E-03 rmsd=1.636E+00 s=[ 0 0 0 0 0 0 1 0 1 0 0 0 ]
d13=4.370937539640 eijMax=2.823E-03 rmsd=1.636E+00 s=[ 0 0 0 1 1 1 0 1 0 1 1 1 ]
d13=4.371906287938 eijMax=3.432E-03 rmsd=1.630E+00 s=[ 0 0 0 0 0 0 1 0 1 0 0 0 ]
d13=4.371906287938 eijMax=3.432E-03 rmsd=1.630E+00 s=[ 0 0 0 1 1 1 0 1 0 1 1 1 ]
d13=4.372875036236 eijMax=4.065E-03 rmsd=1.624E+00 s=[ 0 0 0 0 0 0 1 0 1 0 0 0 ]
d13=4.372875036236 eijMax=4.065E-03 rmsd=1.624E+00 s=[ 0 0 0 1 1 1 0 1 0 1 1 1 ]
d13=4.373843784535 eijMax=4.724E-03 rmsd=1.618E+00 s=[ 0 0 0 0 0 0 1 0 1 0 0 0 ]
d13=4.373843784535 eijMax=4.724E-03 rmsd=1.618E+00 s=[ 0 0 0 1 1 1 0 1 0 1 1 1 ]
d13=4.374812532833 eijMax=5.413E-03 rmsd=1.611E+00 s=[ 0 0 0 0 0 0 1 0 1 0 0 0 ]
d13=4.374812532833 eijMax=5.413E-03 rmsd=1.611E+00 s=[ 0 0 0 1 1 1 0 1 0 1 1 1 ]
d13=4.375781281131 eijMax=6.134E-03 rmsd=1.605E+00 s=[ 0 0 0 0 0 0 1 0 1 0 0 0 ]
d13=4.375781281131 eijMax=6.134E-03 rmsd=1.605E+00 s=[ 0 0 0 1 1 1 0 1 0 1 1 1 ]
d13=4.376750029429 eijMax=6.891E-03 rmsd=1.598E+00 s=[ 0 0 0 0 0 0 1 0 1 0 0 0 ]
d13=4.376750029429 eijMax=6.891E-03 rmsd=1.598E+00 s=[ 0 0 0 1 1 1 0 1 0 1 1 1 ]
d13=4.377718777728 eijMax=7.688E-03 rmsd=1.591E+00 s=[ 0 0 0 0 0 0 1 0 1 0 0 0 ]
d13=4.377718777728 eijMax=7.688E-03 rmsd=1.591E+00 s=[ 0 0 0 1 1 1 0 1 0 1 1 1 ]
d13=4.378687526026 eijMax=8.530E-03 rmsd=1.584E+00 s=[ 0 0 0 0 0 0 1 0 1 0 0 0 ]
d13=4.378687526026 eijMax=8.530E-03 rmsd=1.584E+00 s=[ 0 0 0 1 1 1 0 1 0 1 1 1 ]
d13=4.379656274324 eijMax=9.424E-03 rmsd=1.577E+00 s=[ 0 0 0 0 0 0 1 0 1 0 0 0 ]
d13=4.379656274324 eijMax=9.424E-03 rmsd=1.577E+00 s=[ 0 0 0 1 1 1 0 1 0 1 1 1 ]
d13=4.605374627828 eijMax=9.761E-03 rmsd=8.261E-02 s=[ 0 0 0 0 1 0 1 1 0 0 0 0 ]
d13=4.605374627828 eijMax=9.761E-03 rmsd=8.261E-02 s=[ 0 0 0 1 0 1 0 0 1 1 1 1 ]
d13=4.606343376126 eijMax=9.326E-03 rmsd=7.888E-02 s=[ 0 0 0 0 1 0 1 1 0 0 0 0 ]
d13=4.606343376126 eijMax=9.326E-03 rmsd=7.888E-02 s=[ 0 0 0 1 0 1 0 0 1 1 1 1 ]
d13=4.607312124424 eijMax=8.888E-03 rmsd=7.513E-02 s=[ 0 0 0 0 1 0 1 1 0 0 0 0 ]
d13=4.607312124424 eijMax=8.888E-03 rmsd=7.513E-02 s=[ 0 0 0 1 0 1 0 0 1 1 1 1 ]
d13=4.608280872723 eijMax=8.446E-03 rmsd=7.135E-02 s=[ 0 0 0 0 1 0 1 1 0 0 0 0 ]
d13=4.608280872723 eijMax=8.446E-03 rmsd=7.135E-02 s=[ 0 0 0 1 0 1 0 0 1 1 1 1 ]
d13=4.609249621021 eijMax=8.002E-03 rmsd=6.755E-02 s=[ 0 0 0 0 1 0 1 1 0 0 0 0 ]
d13=4.609249621021 eijMax=8.002E-03 rmsd=6.755E-02 s=[ 0 0 0 1 0 1 0 0 1 1 1 1 ]
d13=4.610218369319 eijMax=7.554E-03 rmsd=6.373E-02 s=[ 0 0 0 0 1 0 1 1 0 0 0 0 ]
d13=4.610218369319 eijMax=7.554E-03 rmsd=6.373E-02 s=[ 0 0 0 1 0 1 0 0 1 1 1 1 ]
d13=4.611187117618 eijMax=7.103E-03 rmsd=5.989E-02 s=[ 0 0 0 0 1 0 1 1 0 0 0 0 ]
d13=4.611187117618 eijMax=7.103E-03 rmsd=5.989E-02 s=[ 0 0 0 1 0 1 0 0 1 1 1 1 ]
d13=4.612155865916 eijMax=6.648E-03 rmsd=5.602E-02 s=[ 0 0 0 0 1 0 1 1 0 0 0 0 ]
d13=4.612155865916 eijMax=6.648E-03 rmsd=5.602E-02 s=[ 0 0 0 1 0 1 0 0 1 1 1 1 ]
d13=4.613124614214 eijMax=6.190E-03 rmsd=5.213E-02 s=[ 0 0 0 0 1 0 1 1 0 0 0 0 ]
d13=4.613124614214 eijMax=6.190E-03 rmsd=5.213E-02 s=[ 0 0 0 1 0 1 0 0 1 1 1 1 ]
d13=4.614093362513 eijMax=5.728E-03 rmsd=4.821E-02 s=[ 0 0 0 0 1 0 1 1 0 0 0 0 ]
d13=4.614093362513 eijMax=5.728E-03 rmsd=4.821E-02 s=[ 0 0 0 1 0 1 0 0 1 1 1 1 ]
d13=4.615062110811 eijMax=5.262E-03 rmsd=4.427E-02 s=[ 0 0 0 0 1 0 1 1 0 0 0 0 ]
d13=4.615062110811 eijMax=5.262E-03 rmsd=4.427E-02 s=[ 0 0 0 1 0 1 0 0 1 1 1 1 ]
d13=4.616030859109 eijMax=4.793E-03 rmsd=4.030E-02 s=[ 0 0 0 0 1 0 1 1 0 0 0 0 ]
d13=4.616030859109 eijMax=4.793E-03 rmsd=4.030E-02 s=[ 0 0 0 1 0 1 0 0 1 1 1 1 ]
d13=4.616999607407 eijMax=4.320E-03 rmsd=3.630E-02 s=[ 0 0 0 0 1 0 1 1 0 0 0 0 ]
d13=4.616999607407 eijMax=4.320E-03 rmsd=3.630E-02 s=[ 0 0 0 1 0 1 0 0 1 1 1 1 ]
d13=4.617968355706 eijMax=3.843E-03 rmsd=3.228E-02 s=[ 0 0 0 0 1 0 1 1 0 0 0 0 ]
d13=4.617968355706 eijMax=3.843E-03 rmsd=3.228E-02 s=[ 0 0 0 1 0 1 0 0 1 1 1 1 ]
d13=4.618937104004 eijMax=3.362E-03 rmsd=2.822E-02 s=[ 0 0 0 0 1 0 1 1 0 0 0 0 ]
d13=4.618937104004 eijMax=3.362E-03 rmsd=2.822E-02 s=[ 0 0 0 1 0 1 0 0 1 1 1 1 ]
d13=4.619905852302 eijMax=2.877E-03 rmsd=2.414E-02 s=[ 0 0 0 0 1 0 1 1 0 0 0 0 ]
d13=4.619905852302 eijMax=2.877E-03 rmsd=2.414E-02 s=[ 0 0 0 1 0 1 0 0 1 1 1 1 ]
d13=4.620874600601 eijMax=2.388E-03 rmsd=2.002E-02 s=[ 0 0 0 0 1 0 1 1 0 0 0 0 ]
d13=4.620874600601 eijMax=2.388E-03 rmsd=2.002E-02 s=[ 0 0 0 1 0 1 0 0 1 1 1 1 ]
d13=4.621843348899 eijMax=1.894E-03 rmsd=1.588E-02 s=[ 0 0 0 0 1 0 1 1 0 0 0 0 ]
d13=4.621843348899 eijMax=1.894E-03 rmsd=1.588E-02 s=[ 0 0 0 1 0 1 0 0 1 1 1 1 ]
d13=4.622812097197 eijMax=1.397E-03 rmsd=1.170E-02 s=[ 0 0 0 0 1 0 1 1 0 0 0 0 ]
d13=4.622812097197 eijMax=1.397E-03 rmsd=1.170E-02 s=[ 0 0 0 1 0 1 0 0 1 1 1 1 ]
d13=4.623780845495 eijMax=8.945E-04 rmsd=7.495E-03 s=[ 0 0 0 0 1 0 1 1 0 0 0 0 ]
d13=4.623780845495 eijMax=8.945E-04 rmsd=7.495E-03 s=[ 0 0 0 1 0 1 0 0 1 1 1 1 ]
d13=4.624749593794 eijMax=3.880E-04 rmsd=3.253E-03 s=[ 0 0 0 0 1 0 1 1 0 0 0 0 ]
d13=4.624749593794 eijMax=3.880E-04 rmsd=3.253E-03 s=[ 0 0 0 1 0 1 0 0 1 1 1 1 ]
d13=4.625718342092 eijMax=1.232E-04 rmsd=1.023E-03 s=[ 0 0 0 0 1 0 1 1 0 0 0 0 ]
d13=4.625718342092 eijMax=1.232E-04 rmsd=1.023E-03 s=[ 0 0 0 1 0 1 0 0 1 1 1 1 ]
d13=4.626687090390 eijMax=6.390E-04 rmsd=5.335E-03 s=[ 0 0 0 0 1 0 1 1 0 0 0 0 ]
d13=4.626687090390 eijMax=6.390E-04 rmsd=5.335E-03 s=[ 0 0 0 1 0 1 0 0 1 1 1 1 ]
d13=4.627655838689 eijMax=1.160E-03 rmsd=9.682E-03 s=[ 0 0 0 0 1 0 1 1 0 0 0 0 ]
d13=4.627655838689 eijMax=1.160E-03 rmsd=9.682E-03 s=[ 0 0 0 1 0 1 0 0 1 1 1 1 ]
d13=4.628624586987 eijMax=1.685E-03 rmsd=1.407E-02 s=[ 0 0 0 0 1 0 1 1 0 0 0 0 ]
d13=4.628624586987 eijMax=1.685E-03 rmsd=1.407E-02 s=[ 0 0 0 1 0 1 0 0 1 1 1 1 ]
d13=4.629593335285 eijMax=2.216E-03 rmsd=1.849E-02 s=[ 0 0 0 0 1 0 1 1 0 0 0 0 ]
d13=4.629593335285 eijMax=2.216E-03 rmsd=1.849E-02 s=[ 0 0 0 1 0 1 0 0 1 1 1 1 ]
d13=4.630562083584 eijMax=2.752E-03 rmsd=2.295E-02 s=[ 0 0 0 0 1 0 1 1 0 0 0 0 ]
d13=4.630562083584 eijMax=2.752E-03 rmsd=2.295E-02 s=[ 0 0 0 1 0 1 0 0 1 1 1 1 ]
d13=4.631530831882 eijMax=3.293E-03 rmsd=2.746E-02 s=[ 0 0 0 0 1 0 1 1 0 0 0 0 ]
d13=4.631530831882 eijMax=3.293E-03 rmsd=2.746E-02 s=[ 0 0 0 1 0 1 0 0 1 1 1 1 ]
d13=4.632499580180 eijMax=3.839E-03 rmsd=3.200E-02 s=[ 0 0 0 0 1 0 1 1 0 0 0 0 ]
d13=4.632499580180 eijMax=3.839E-03 rmsd=3.200E-02 s=[ 0 0 0 1 0 1 0 0 1 1 1 1 ]
d13=4.633468328478 eijMax=4.391E-03 rmsd=3.659E-02 s=[ 0 0 0 0 1 0 1 1 0 0 0 0 ]
d13=4.633468328478 eijMax=4.391E-03 rmsd=3.659E-02 s=[ 0 0 0 1 0 1 0 0 1 1 1 1 ]
d13=4.634437076777 eijMax=4.949E-03 rmsd=4.122E-02 s=[ 0 0 0 0 1 0 1 1 0 0 0 0 ]
d13=4.634437076777 eijMax=4.949E-03 rmsd=4.122E-02 s=[ 0 0 0 1 0 1 0 0 1 1 1 1 ]
d13=4.635405825075 eijMax=5.513E-03 rmsd=4.590E-02 s=[ 0 0 0 0 1 0 1 1 0 0 0 0 ]
d13=4.635405825075 eijMax=5.513E-03 rmsd=4.590E-02 s=[ 0 0 0 1 0 1 0 0 1 1 1 1 ]
d13=4.636374573373 eijMax=6.082E-03 rmsd=5.063E-02 s=[ 0 0 0 0 1 0 1 1 0 0 0 0 ]
d13=4.636374573373 eijMax=6.082E-03 rmsd=5.063E-02 s=[ 0 0 0 1 0 1 0 0 1 1 1 1 ]
d13=4.637343321672 eijMax=6.658E-03 rmsd=5.540E-02 s=[ 0 0 0 0 1 0 1 1 0 0 0 0 ]
d13=4.637343321672 eijMax=6.658E-03 rmsd=5.540E-02 s=[ 0 0 0 1 0 1 0 0 1 1 1 1 ]
d13=4.638312069970 eijMax=9.988E-03 rmsd=8.610E-01 s=[ 0 0 0 0 1 0 0 0 0 0 0 0 ]
d13=4.638312069970 eijMax=7.240E-03 rmsd=6.023E-02 s=[ 0 0 0 0 1 0 1 1 0 0 0 0 ]
d13=4.638312069970 eijMax=7.240E-03 rmsd=6.023E-02 s=[ 0 0 0 1 0 1 0 0 1 1 1 1 ]
d13=4.638312069970 eijMax=9.988E-03 rmsd=8.610E-01 s=[ 0 0 0 1 0 1 1 1 1 1 1 1 ]
d13=4.639280818268 eijMax=9.713E-03 rmsd=8.619E-01 s=[ 0 0 0 0 1 0 0 0 0 0 0 0 ]
d13=4.639280818268 eijMax=7.829E-03 rmsd=6.511E-02 s=[ 0 0 0 0 1 0 1 1 0 0 0 0 ]
d13=4.639280818268 eijMax=7.829E-03 rmsd=6.511E-02 s=[ 0 0 0 1 0 1 0 0 1 1 1 1 ]
d13=4.639280818268 eijMax=9.713E-03 rmsd=8.619E-01 s=[ 0 0 0 1 0 1 1 1 1 1 1 1 ]
d13=4.640249566567 eijMax=9.437E-03 rmsd=8.628E-01 s=[ 0 0 0 0 1 0 0 0 0 0 0 0 ]
d13=4.640249566567 eijMax=8.425E-03 rmsd=7.004E-02 s=[ 0 0 0 0 1 0 1 1 0 0 0 0 ]
d13=4.640249566567 eijMax=8.425E-03 rmsd=7.004E-02 s=[ 0 0 0 1 0 1 0 0 1 1 1 1 ]
d13=4.640249566567 eijMax=9.437E-03 rmsd=8.628E-01 s=[ 0 0 0 1 0 1 1 1 1 1 1 1 ]
d13=4.641218314865 eijMax=9.161E-03 rmsd=8.637E-01 s=[ 0 0 0 0 1 0 0 0 0 0 0 0 ]
d13=4.641218314865 eijMax=9.027E-03 rmsd=7.502E-02 s=[ 0 0 0 0 1 0 1 1 0 0 0 0 ]
d13=4.641218314865 eijMax=9.027E-03 rmsd=7.502E-02 s=[ 0 0 0 1 0 1 0 0 1 1 1 1 ]
d13=4.641218314865 eijMax=9.161E-03 rmsd=8.637E-01 s=[ 0 0 0 1 0 1 1 1 1 1 1 1 ]
d13=4.642187063163 eijMax=8.884E-03 rmsd=8.646E-01 s=[ 0 0 0 0 1 0 0 0 0 0 0 0 ]
d13=4.642187063163 eijMax=9.637E-03 rmsd=8.007E-02 s=[ 0 0 0 0 1 0 1 1 0 0 0 0 ]
d13=4.642187063163 eijMax=9.637E-03 rmsd=8.007E-02 s=[ 0 0 0 1 0 1 0 0 1 1 1 1 ]
d13=4.642187063163 eijMax=8.884E-03 rmsd=8.646E-01 s=[ 0 0 0 1 0 1 1 1 1 1 1 1 ]
d13=4.643155811461 eijMax=8.606E-03 rmsd=8.655E-01 s=[ 0 0 0 0 1 0 0 0 0 0 0 0 ]
d13=4.643155811461 eijMax=8.606E-03 rmsd=8.655E-01 s=[ 0 0 0 1 0 1 1 1 1 1 1 1 ]
d13=4.644124559760 eijMax=8.327E-03 rmsd=8.664E-01 s=[ 0 0 0 0 1 0 0 0 0 0 0 0 ]
d13=4.644124559760 eijMax=8.327E-03 rmsd=8.664E-01 s=[ 0 0 0 1 0 1 1 1 1 1 1 1 ]
d13=4.645093308058 eijMax=8.048E-03 rmsd=8.674E-01 s=[ 0 0 0 0 1 0 0 0 0 0 0 0 ]
d13=4.645093308058 eijMax=8.048E-03 rmsd=8.674E-01 s=[ 0 0 0 1 0 1 1 1 1 1 1 1 ]
d13=4.646062056356 eijMax=7.768E-03 rmsd=8.683E-01 s=[ 0 0 0 0 1 0 0 0 0 0 0 0 ]
d13=4.646062056356 eijMax=7.768E-03 rmsd=8.683E-01 s=[ 0 0 0 1 0 1 1 1 1 1 1 1 ]
d13=4.647030804655 eijMax=7.488E-03 rmsd=8.692E-01 s=[ 0 0 0 0 1 0 0 0 0 0 0 0 ]
d13=4.647030804655 eijMax=7.488E-03 rmsd=8.692E-01 s=[ 0 0 0 1 0 1 1 1 1 1 1 1 ]
d13=4.647999552953 eijMax=7.206E-03 rmsd=8.702E-01 s=[ 0 0 0 0 1 0 0 0 0 0 0 0 ]
d13=4.647999552953 eijMax=7.206E-03 rmsd=8.702E-01 s=[ 0 0 0 1 0 1 1 1 1 1 1 1 ]
d13=4.648968301251 eijMax=6.924E-03 rmsd=8.711E-01 s=[ 0 0 0 0 1 0 0 0 0 0 0 0 ]
d13=4.648968301251 eijMax=6.924E-03 rmsd=8.711E-01 s=[ 0 0 0 1 0 1 1 1 1 1 1 1 ]
d13=4.649937049550 eijMax=6.641E-03 rmsd=8.721E-01 s=[ 0 0 0 0 1 0 0 0 0 0 0 0 ]
d13=4.649937049550 eijMax=6.641E-03 rmsd=8.721E-01 s=[ 0 0 0 1 0 1 1 1 1 1 1 1 ]
d13=4.650905797848 eijMax=6.357E-03 rmsd=8.731E-01 s=[ 0 0 0 0 1 0 0 0 0 0 0 0 ]
d13=4.650905797848 eijMax=6.357E-03 rmsd=8.731E-01 s=[ 0 0 0 1 0 1 1 1 1 1 1 1 ]
d13=4.651874546146 eijMax=6.073E-03 rmsd=8.741E-01 s=[ 0 0 0 0 1 0 0 0 0 0 0 0 ]
d13=4.651874546146 eijMax=6.073E-03 rmsd=8.741E-01 s=[ 0 0 0 1 0 1 1 1 1 1 1 1 ]
d13=4.652843294444 eijMax=5.788E-03 rmsd=8.750E-01 s=[ 0 0 0 0 1 0 0 0 0 0 0 0 ]
d13=4.652843294444 eijMax=5.788E-03 rmsd=8.750E-01 s=[ 0 0 0 1 0 1 1 1 1 1 1 1 ]
d13=4.653812042743 eijMax=5.502E-03 rmsd=8.760E-01 s=[ 0 0 0 0 1 0 0 0 0 0 0 0 ]
d13=4.653812042743 eijMax=5.502E-03 rmsd=8.760E-01 s=[ 0 0 0 1 0 1 1 1 1 1 1 1 ]
d13=4.654780791041 eijMax=5.215E-03 rmsd=8.770E-01 s=[ 0 0 0 0 1 0 0 0 0 0 0 0 ]
d13=4.654780791041 eijMax=5.215E-03 rmsd=8.770E-01 s=[ 0 0 0 1 0 1 1 1 1 1 1 1 ]
d13=4.655749539339 eijMax=4.928E-03 rmsd=8.780E-01 s=[ 0 0 0 0 1 0 0 0 0 0 0 0 ]
d13=4.655749539339 eijMax=4.928E-03 rmsd=8.780E-01 s=[ 0 0 0 1 0 1 1 1 1 1 1 1 ]
d13=4.656718287638 eijMax=4.640E-03 rmsd=8.790E-01 s=[ 0 0 0 0 1 0 0 0 0 0 0 0 ]
d13=4.656718287638 eijMax=4.640E-03 rmsd=8.790E-01 s=[ 0 0 0 1 0 1 1 1 1 1 1 1 ]
d13=4.657687035936 eijMax=4.351E-03 rmsd=8.800E-01 s=[ 0 0 0 0 1 0 0 0 0 0 0 0 ]
d13=4.657687035936 eijMax=4.351E-03 rmsd=8.800E-01 s=[ 0 0 0 1 0 1 1 1 1 1 1 1 ]
d13=4.658655784234 eijMax=4.061E-03 rmsd=8.811E-01 s=[ 0 0 0 0 1 0 0 0 0 0 0 0 ]
d13=4.658655784234 eijMax=4.061E-03 rmsd=8.811E-01 s=[ 0 0 0 1 0 1 1 1 1 1 1 1 ]
d13=4.659624532533 eijMax=3.770E-03 rmsd=8.821E-01 s=[ 0 0 0 0 1 0 0 0 0 0 0 0 ]
d13=4.659624532533 eijMax=3.770E-03 rmsd=8.821E-01 s=[ 0 0 0 1 0 1 1 1 1 1 1 1 ]
d13=4.660593280831 eijMax=3.479E-03 rmsd=8.831E-01 s=[ 0 0 0 0 1 0 0 0 0 0 0 0 ]
d13=4.660593280831 eijMax=3.479E-03 rmsd=8.831E-01 s=[ 0 0 0 1 0 1 1 1 1 1 1 1 ]
d13=4.661562029129 eijMax=3.187E-03 rmsd=8.842E-01 s=[ 0 0 0 0 1 0 0 0 0 0 0 0 ]
d13=4.661562029129 eijMax=3.187E-03 rmsd=8.842E-01 s=[ 0 0 0 1 0 1 1 1 1 1 1 1 ]
d13=4.662530777427 eijMax=2.893E-03 rmsd=8.852E-01 s=[ 0 0 0 0 1 0 0 0 0 0 0 0 ]
d13=4.662530777427 eijMax=2.893E-03 rmsd=8.852E-01 s=[ 0 0 0 1 0 1 1 1 1 1 1 1 ]
d13=4.663499525726 eijMax=2.600E-03 rmsd=8.862E-01 s=[ 0 0 0 0 1 0 0 0 0 0 0 0 ]
d13=4.663499525726 eijMax=2.600E-03 rmsd=8.862E-01 s=[ 0 0 0 1 0 1 1 1 1 1 1 1 ]
d13=4.664468274024 eijMax=2.305E-03 rmsd=8.873E-01 s=[ 0 0 0 0 1 0 0 0 0 0 0 0 ]
d13=4.664468274024 eijMax=2.305E-03 rmsd=8.873E-01 s=[ 0 0 0 1 0 1 1 1 1 1 1 1 ]
d13=4.665437022322 eijMax=2.009E-03 rmsd=8.884E-01 s=[ 0 0 0 0 1 0 0 0 0 0 0 0 ]
d13=4.665437022322 eijMax=2.009E-03 rmsd=8.884E-01 s=[ 0 0 0 1 0 1 1 1 1 1 1 1 ]
d13=4.666405770621 eijMax=1.713E-03 rmsd=8.894E-01 s=[ 0 0 0 0 1 0 0 0 0 0 0 0 ]
d13=4.666405770621 eijMax=1.713E-03 rmsd=8.894E-01 s=[ 0 0 0 1 0 1 1 1 1 1 1 1 ]
d13=4.667374518919 eijMax=1.416E-03 rmsd=8.905E-01 s=[ 0 0 0 0 1 0 0 0 0 0 0 0 ]
d13=4.667374518919 eijMax=1.416E-03 rmsd=8.905E-01 s=[ 0 0 0 1 0 1 1 1 1 1 1 1 ]
d13=4.668343267217 eijMax=1.118E-03 rmsd=8.916E-01 s=[ 0 0 0 0 1 0 0 0 0 0 0 0 ]
d13=4.668343267217 eijMax=1.118E-03 rmsd=8.916E-01 s=[ 0 0 0 1 0 1 1 1 1 1 1 1 ]
d13=4.669312015516 eijMax=8.186E-04 rmsd=8.927E-01 s=[ 0 0 0 0 1 0 0 0 0 0 0 0 ]
d13=4.669312015516 eijMax=8.186E-04 rmsd=8.927E-01 s=[ 0 0 0 1 0 1 1 1 1 1 1 1 ]
d13=4.670280763814 eijMax=5.188E-04 rmsd=8.938E-01 s=[ 0 0 0 0 1 0 0 0 0 0 0 0 ]
d13=4.670280763814 eijMax=5.188E-04 rmsd=8.938E-01 s=[ 0 0 0 1 0 1 1 1 1 1 1 1 ]
d13=4.671249512112 eijMax=2.181E-04 rmsd=8.949E-01 s=[ 0 0 0 0 1 0 0 0 0 0 0 0 ]
d13=4.671249512112 eijMax=2.181E-04 rmsd=8.949E-01 s=[ 0 0 0 1 0 1 1 1 1 1 1 1 ]
d13=4.672218260410 eijMax=8.352E-05 rmsd=8.960E-01 s=[ 0 0 0 0 1 0 0 0 0 0 0 0 ]
d13=4.672218260410 eijMax=8.352E-05 rmsd=8.960E-01 s=[ 0 0 0 1 0 1 1 1 1 1 1 1 ]
d13=4.673187008709 eijMax=3.860E-04 rmsd=8.971E-01 s=[ 0 0 0 0 1 0 0 0 0 0 0 0 ]
d13=4.673187008709 eijMax=3.860E-04 rmsd=8.971E-01 s=[ 0 0 0 1 0 1 1 1 1 1 1 1 ]
d13=4.674155757007 eijMax=6.894E-04 rmsd=8.983E-01 s=[ 0 0 0 0 1 0 0 0 0 0 0 0 ]
d13=4.674155757007 eijMax=6.894E-04 rmsd=8.983E-01 s=[ 0 0 0 1 0 1 1 1 1 1 1 1 ]
d13=4.675124505305 eijMax=9.937E-04 rmsd=8.994E-01 s=[ 0 0 0 0 1 0 0 0 0 0 0 0 ]
d13=4.675124505305 eijMax=9.937E-04 rmsd=8.994E-01 s=[ 0 0 0 1 0 1 1 1 1 1 1 1 ]
d13=4.676093253604 eijMax=1.299E-03 rmsd=9.005E-01 s=[ 0 0 0 0 1 0 0 0 0 0 0 0 ]
d13=4.676093253604 eijMax=1.299E-03 rmsd=9.005E-01 s=[ 0 0 0 1 0 1 1 1 1 1 1 1 ]
d13=4.677062001902 eijMax=1.605E-03 rmsd=9.017E-01 s=[ 0 0 0 0 1 0 0 0 0 0 0 0 ]
d13=4.677062001902 eijMax=1.605E-03 rmsd=9.017E-01 s=[ 0 0 0 1 0 1 1 1 1 1 1 1 ]
d13=4.678030750200 eijMax=1.912E-03 rmsd=9.028E-01 s=[ 0 0 0 0 1 0 0 0 0 0 0 0 ]
d13=4.678030750200 eijMax=1.912E-03 rmsd=9.028E-01 s=[ 0 0 0 1 0 1 1 1 1 1 1 1 ]
d13=4.678999498498 eijMax=2.220E-03 rmsd=9.040E-01 s=[ 0 0 0 0 1 0 0 0 0 0 0 0 ]
d13=4.678999498498 eijMax=2.220E-03 rmsd=9.040E-01 s=[ 0 0 0 1 0 1 1 1 1 1 1 1 ]
d13=4.679968246797 eijMax=2.529E-03 rmsd=9.052E-01 s=[ 0 0 0 0 1 0 0 0 0 0 0 0 ]
d13=4.679968246797 eijMax=2.529E-03 rmsd=9.052E-01 s=[ 0 0 0 1 0 1 1 1 1 1 1 1 ]
d13=4.680936995095 eijMax=2.839E-03 rmsd=9.063E-01 s=[ 0 0 0 0 1 0 0 0 0 0 0 0 ]
d13=4.680936995095 eijMax=2.839E-03 rmsd=9.063E-01 s=[ 0 0 0 1 0 1 1 1 1 1 1 1 ]
d13=4.681905743393 eijMax=3.150E-03 rmsd=9.075E-01 s=[ 0 0 0 0 1 0 0 0 0 0 0 0 ]
d13=4.681905743393 eijMax=3.150E-03 rmsd=9.075E-01 s=[ 0 0 0 1 0 1 1 1 1 1 1 1 ]
d13=4.682874491692 eijMax=3.462E-03 rmsd=9.087E-01 s=[ 0 0 0 0 1 0 0 0 0 0 0 0 ]
d13=4.682874491692 eijMax=3.462E-03 rmsd=9.087E-01 s=[ 0 0 0 1 0 1 1 1 1 1 1 1 ]
d13=4.683843239990 eijMax=3.775E-03 rmsd=9.099E-01 s=[ 0 0 0 0 1 0 0 0 0 0 0 0 ]
d13=4.683843239990 eijMax=3.775E-03 rmsd=9.099E-01 s=[ 0 0 0 1 0 1 1 1 1 1 1 1 ]
d13=4.684811988288 eijMax=4.088E-03 rmsd=9.111E-01 s=[ 0 0 0 0 1 0 0 0 0 0 0 0 ]
d13=4.684811988288 eijMax=4.088E-03 rmsd=9.111E-01 s=[ 0 0 0 1 0 1 1 1 1 1 1 1 ]
d13=4.685780736587 eijMax=4.403E-03 rmsd=9.123E-01 s=[ 0 0 0 0 1 0 0 0 0 0 0 0 ]
d13=4.685780736587 eijMax=4.403E-03 rmsd=9.123E-01 s=[ 0 0 0 1 0 1 1 1 1 1 1 1 ]
d13=4.686749484885 eijMax=4.719E-03 rmsd=9.135E-01 s=[ 0 0 0 0 1 0 0 0 0 0 0 0 ]
d13=4.686749484885 eijMax=4.719E-03 rmsd=9.135E-01 s=[ 0 0 0 1 0 1 1 1 1 1 1 1 ]
d13=4.687718233183 eijMax=5.036E-03 rmsd=9.148E-01 s=[ 0 0 0 0 1 0 0 0 0 0 0 0 ]
d13=4.687718233183 eijMax=5.036E-03 rmsd=9.148E-01 s=[ 0 0 0 1 0 1 1 1 1 1 1 1 ]
d13=4.688686981481 eijMax=5.354E-03 rmsd=9.160E-01 s=[ 0 0 0 0 1 0 0 0 0 0 0 0 ]
d13=4.688686981481 eijMax=5.354E-03 rmsd=9.160E-01 s=[ 0 0 0 1 0 1 1 1 1 1 1 1 ]
d13=4.689655729780 eijMax=5.673E-03 rmsd=9.173E-01 s=[ 0 0 0 0 1 0 0 0 0 0 0 0 ]
d13=4.689655729780 eijMax=5.673E-03 rmsd=9.173E-01 s=[ 0 0 0 1 0 1 1 1 1 1 1 1 ]
d13=4.690624478078 eijMax=5.993E-03 rmsd=9.185E-01 s=[ 0 0 0 0 1 0 0 0 0 0 0 0 ]
d13=4.690624478078 eijMax=5.993E-03 rmsd=9.185E-01 s=[ 0 0 0 1 0 1 1 1 1 1 1 1 ]
d13=4.691593226376 eijMax=6.314E-03 rmsd=9.198E-01 s=[ 0 0 0 0 1 0 0 0 0 0 0 0 ]
d13=4.691593226376 eijMax=6.314E-03 rmsd=9.198E-01 s=[ 0 0 0 1 0 1 1 1 1 1 1 1 ]
d13=4.692561974675 eijMax=6.636E-03 rmsd=9.210E-01 s=[ 0 0 0 0 1 0 0 0 0 0 0 0 ]
d13=4.692561974675 eijMax=6.636E-03 rmsd=9.210E-01 s=[ 0 0 0 1 0 1 1 1 1 1 1 1 ]
d13=4.693530722973 eijMax=6.959E-03 rmsd=9.223E-01 s=[ 0 0 0 0 1 0 0 0 0 0 0 0 ]
d13=4.693530722973 eijMax=6.959E-03 rmsd=9.223E-01 s=[ 0 0 0 1 0 1 1 1 1 1 1 1 ]
d13=4.694499471271 eijMax=7.283E-03 rmsd=9.236E-01 s=[ 0 0 0 0 1 0 0 0 0 0 0 0 ]
d13=4.694499471271 eijMax=7.283E-03 rmsd=9.236E-01 s=[ 0 0 0 1 0 1 1 1 1 1 1 1 ]
d13=4.695468219570 eijMax=7.608E-03 rmsd=9.249E-01 s=[ 0 0 0 0 1 0 0 0 0 0 0 0 ]
d13=4.695468219570 eijMax=7.608E-03 rmsd=9.249E-01 s=[ 0 0 0 1 0 1 1 1 1 1 1 1 ]
d13=4.696436967868 eijMax=7.935E-03 rmsd=9.262E-01 s=[ 0 0 0 0 1 0 0 0 0 0 0 0 ]
d13=4.696436967868 eijMax=7.935E-03 rmsd=9.262E-01 s=[ 0 0 0 1 0 1 1 1 1 1 1 1 ]
d13=4.697405716166 eijMax=8.262E-03 rmsd=9.275E-01 s=[ 0 0 0 0 1 0 0 0 0 0 0 0 ]
d13=4.697405716166 eijMax=8.262E-03 rmsd=9.275E-01 s=[ 0 0 0 1 0 1 1 1 1 1 1 1 ]
d13=4.698374464464 eijMax=8.591E-03 rmsd=9.288E-01 s=[ 0 0 0 0 1 0 0 0 0 0 0 0 ]
d13=4.698374464464 eijMax=8.591E-03 rmsd=9.288E-01 s=[ 0 0 0 1 0 1 1 1 1 1 1 1 ]
d13=4.699343212763 eijMax=8.921E-03 rmsd=9.301E-01 s=[ 0 0 0 0 1 0 0 0 0 0 0 0 ]
d13=4.699343212763 eijMax=8.921E-03 rmsd=9.301E-01 s=[ 0 0 0 1 0 1 1 1 1 1 1 1 ]
d13=4.700311961061 eijMax=9.252E-03 rmsd=9.315E-01 s=[ 0 0 0 0 1 0 0 0 0 0 0 0 ]
d13=4.700311961061 eijMax=9.252E-03 rmsd=9.315E-01 s=[ 0 0 0 1 0 1 1 1 1 1 1 1 ]
d13=4.701280709359 eijMax=9.584E-03 rmsd=9.328E-01 s=[ 0 0 0 0 1 0 0 0 0 0 0 0 ]
d13=4.701280709359 eijMax=9.778E-03 rmsd=9.285E-01 s=[ 0 0 0 0 1 0 0 1 0 0 0 0 ]
d13=4.701280709359 eijMax=9.778E-03 rmsd=9.285E-01 s=[ 0 0 0 1 0 1 1 0 1 1 1 1 ]
d13=4.701280709359 eijMax=9.584E-03 rmsd=9.328E-01 s=[ 0 0 0 1 0 1 1 1 1 1 1 1 ]
d13=4.702249457658 eijMax=9.917E-03 rmsd=9.341E-01 s=[ 0 0 0 0 1 0 0 0 0 0 0 0 ]
d13=4.702249457658 eijMax=9.506E-03 rmsd=9.298E-01 s=[ 0 0 0 0 1 0 0 1 0 0 0 0 ]
d13=4.702249457658 eijMax=9.506E-03 rmsd=9.298E-01 s=[ 0 0 0 1 0 1 1 0 1 1 1 1 ]
d13=4.702249457658 eijMax=9.917E-03 rmsd=9.341E-01 s=[ 0 0 0 1 0 1 1 1 1 1 1 1 ]
d13=4.703218205956 eijMax=9.232E-03 rmsd=9.311E-01 s=[ 0 0 0 0 1 0 0 1 0 0 0 0 ]
d13=4.703218205956 eijMax=9.232E-03 rmsd=9.311E-01 s=[ 0 0 0 1 0 1 1 0 1 1 1 1 ]
d13=4.704186954254 eijMax=8.958E-03 rmsd=9.323E-01 s=[ 0 0 0 0 1 0 0 1 0 0 0 0 ]
d13=4.704186954254 eijMax=8.958E-03 rmsd=9.323E-01 s=[ 0 0 0 1 0 1 1 0 1 1 1 1 ]
d13=4.705155702553 eijMax=8.683E-03 rmsd=9.336E-01 s=[ 0 0 0 0 1 0 0 1 0 0 0 0 ]
d13=4.705155702553 eijMax=8.683E-03 rmsd=9.336E-01 s=[ 0 0 0 1 0 1 1 0 1 1 1 1 ]
d13=4.706124450851 eijMax=8.407E-03 rmsd=9.349E-01 s=[ 0 0 0 0 1 0 0 1 0 0 0 0 ]
d13=4.706124450851 eijMax=8.407E-03 rmsd=9.349E-01 s=[ 0 0 0 1 0 1 1 0 1 1 1 1 ]
d13=4.707093199149 eijMax=8.130E-03 rmsd=9.362E-01 s=[ 0 0 0 0 1 0 0 1 0 0 0 0 ]
d13=4.707093199149 eijMax=9.704E-03 rmsd=4.329E-01 s=[ 0 0 0 0 1 0 1 0 0 0 0 0 ]
d13=4.707093199149 eijMax=9.704E-03 rmsd=4.329E-01 s=[ 0 0 0 1 0 1 0 1 1 1 1 1 ]
d13=4.707093199149 eijMax=8.130E-03 rmsd=9.362E-01 s=[ 0 0 0 1 0 1 1 0 1 1 1 1 ]
d13=4.708061947447 eijMax=7.851E-03 rmsd=9.376E-01 s=[ 0 0 0 0 1 0 0 1 0 0 0 0 ]
d13=4.708061947447 eijMax=9.371E-03 rmsd=4.329E-01 s=[ 0 0 0 0 1 0 1 0 0 0 0 0 ]
d13=4.708061947447 eijMax=9.371E-03 rmsd=4.329E-01 s=[ 0 0 0 1 0 1 0 1 1 1 1 1 ]
d13=4.708061947447 eijMax=7.851E-03 rmsd=9.376E-01 s=[ 0 0 0 1 0 1 1 0 1 1 1 1 ]
d13=4.709030695746 eijMax=7.572E-03 rmsd=9.389E-01 s=[ 0 0 0 0 1 0 0 1 0 0 0 0 ]
d13=4.709030695746 eijMax=9.035E-03 rmsd=4.330E-01 s=[ 0 0 0 0 1 0 1 0 0 0 0 0 ]
d13=4.709030695746 eijMax=9.035E-03 rmsd=4.330E-01 s=[ 0 0 0 1 0 1 0 1 1 1 1 1 ]
d13=4.709030695746 eijMax=7.572E-03 rmsd=9.389E-01 s=[ 0 0 0 1 0 1 1 0 1 1 1 1 ]
d13=4.709999444044 eijMax=7.291E-03 rmsd=9.402E-01 s=[ 0 0 0 0 1 0 0 1 0 0 0 0 ]
d13=4.709999444044 eijMax=8.697E-03 rmsd=4.331E-01 s=[ 0 0 0 0 1 0 1 0 0 0 0 0 ]
d13=4.709999444044 eijMax=8.697E-03 rmsd=4.331E-01 s=[ 0 0 0 1 0 1 0 1 1 1 1 1 ]
d13=4.709999444044 eijMax=7.291E-03 rmsd=9.402E-01 s=[ 0 0 0 1 0 1 1 0 1 1 1 1 ]
d13=4.710968192342 eijMax=7.009E-03 rmsd=9.416E-01 s=[ 0 0 0 0 1 0 0 1 0 0 0 0 ]
d13=4.710968192342 eijMax=8.357E-03 rmsd=4.332E-01 s=[ 0 0 0 0 1 0 1 0 0 0 0 0 ]
d13=4.710968192342 eijMax=8.357E-03 rmsd=4.332E-01 s=[ 0 0 0 1 0 1 0 1 1 1 1 1 ]
d13=4.710968192342 eijMax=7.009E-03 rmsd=9.416E-01 s=[ 0 0 0 1 0 1 1 0 1 1 1 1 ]
d13=4.711936940641 eijMax=6.726E-03 rmsd=9.429E-01 s=[ 0 0 0 0 1 0 0 1 0 0 0 0 ]
d13=4.711936940641 eijMax=8.014E-03 rmsd=4.333E-01 s=[ 0 0 0 0 1 0 1 0 0 0 0 0 ]
d13=4.711936940641 eijMax=8.014E-03 rmsd=4.333E-01 s=[ 0 0 0 1 0 1 0 1 1 1 1 1 ]
d13=4.711936940641 eijMax=6.726E-03 rmsd=9.429E-01 s=[ 0 0 0 1 0 1 1 0 1 1 1 1 ]
d13=4.712905688939 eijMax=6.442E-03 rmsd=9.442E-01 s=[ 0 0 0 0 1 0 0 1 0 0 0 0 ]
d13=4.712905688939 eijMax=7.668E-03 rmsd=4.334E-01 s=[ 0 0 0 0 1 0 1 0 0 0 0 0 ]
d13=4.712905688939 eijMax=7.668E-03 rmsd=4.334E-01 s=[ 0 0 0 1 0 1 0 1 1 1 1 1 ]
d13=4.712905688939 eijMax=6.442E-03 rmsd=9.442E-01 s=[ 0 0 0 1 0 1 1 0 1 1 1 1 ]
d13=4.713874437237 eijMax=6.157E-03 rmsd=9.456E-01 s=[ 0 0 0 0 1 0 0 1 0 0 0 0 ]
d13=4.713874437237 eijMax=7.320E-03 rmsd=4.336E-01 s=[ 0 0 0 0 1 0 1 0 0 0 0 0 ]
d13=4.713874437237 eijMax=7.320E-03 rmsd=4.336E-01 s=[ 0 0 0 1 0 1 0 1 1 1 1 1 ]
d13=4.713874437237 eijMax=6.157E-03 rmsd=9.456E-01 s=[ 0 0 0 1 0 1 1 0 1 1 1 1 ]
d13=4.714843185536 eijMax=5.871E-03 rmsd=9.470E-01 s=[ 0 0 0 0 1 0 0 1 0 0 0 0 ]
d13=4.714843185536 eijMax=6.970E-03 rmsd=4.337E-01 s=[ 0 0 0 0 1 0 1 0 0 0 0 0 ]
d13=4.714843185536 eijMax=6.970E-03 rmsd=4.337E-01 s=[ 0 0 0 1 0 1 0 1 1 1 1 1 ]
d13=4.714843185536 eijMax=5.871E-03 rmsd=9.470E-01 s=[ 0 0 0 1 0 1 1 0 1 1 1 1 ]
d13=4.715811933834 eijMax=5.583E-03 rmsd=9.483E-01 s=[ 0 0 0 0 1 0 0 1 0 0 0 0 ]
d13=4.715811933834 eijMax=6.616E-03 rmsd=4.338E-01 s=[ 0 0 0 0 1 0 1 0 0 0 0 0 ]
d13=4.715811933834 eijMax=6.616E-03 rmsd=4.338E-01 s=[ 0 0 0 1 0 1 0 1 1 1 1 1 ]
d13=4.715811933834 eijMax=5.583E-03 rmsd=9.483E-01 s=[ 0 0 0 1 0 1 1 0 1 1 1 1 ]
d13=4.716780682132 eijMax=5.295E-03 rmsd=9.497E-01 s=[ 0 0 0 0 1 0 0 1 0 0 0 0 ]
d13=4.716780682132 eijMax=6.260E-03 rmsd=4.340E-01 s=[ 0 0 0 0 1 0 1 0 0 0 0 0 ]
d13=4.716780682132 eijMax=6.260E-03 rmsd=4.340E-01 s=[ 0 0 0 1 0 1 0 1 1 1 1 1 ]
d13=4.716780682132 eijMax=5.295E-03 rmsd=9.497E-01 s=[ 0 0 0 1 0 1 1 0 1 1 1 1 ]
d13=4.717749430430 eijMax=5.005E-03 rmsd=9.511E-01 s=[ 0 0 0 0 1 0 0 1 0 0 0 0 ]
d13=4.717749430430 eijMax=5.902E-03 rmsd=4.342E-01 s=[ 0 0 0 0 1 0 1 0 0 0 0 0 ]
d13=4.717749430430 eijMax=5.902E-03 rmsd=4.342E-01 s=[ 0 0 0 1 0 1 0 1 1 1 1 1 ]
d13=4.717749430430 eijMax=5.005E-03 rmsd=9.511E-01 s=[ 0 0 0 1 0 1 1 0 1 1 1 1 ]
d13=4.718718178729 eijMax=4.713E-03 rmsd=9.525E-01 s=[ 0 0 0 0 1 0 0 1 0 0 0 0 ]
d13=4.718718178729 eijMax=5.540E-03 rmsd=4.344E-01 s=[ 0 0 0 0 1 0 1 0 0 0 0 0 ]
d13=4.718718178729 eijMax=5.540E-03 rmsd=4.344E-01 s=[ 0 0 0 1 0 1 0 1 1 1 1 1 ]
d13=4.718718178729 eijMax=4.713E-03 rmsd=9.525E-01 s=[ 0 0 0 1 0 1 1 0 1 1 1 1 ]
d13=4.719686927027 eijMax=4.421E-03 rmsd=9.539E-01 s=[ 0 0 0 0 1 0 0 1 0 0 0 0 ]
d13=4.719686927027 eijMax=5.176E-03 rmsd=4.346E-01 s=[ 0 0 0 0 1 0 1 0 0 0 0 0 ]
d13=4.719686927027 eijMax=5.176E-03 rmsd=4.346E-01 s=[ 0 0 0 1 0 1 0 1 1 1 1 1 ]
d13=4.719686927027 eijMax=4.421E-03 rmsd=9.539E-01 s=[ 0 0 0 1 0 1 1 0 1 1 1 1 ]
d13=4.720655675325 eijMax=4.127E-03 rmsd=9.553E-01 s=[ 0 0 0 0 1 0 0 1 0 0 0 0 ]
d13=4.720655675325 eijMax=4.809E-03 rmsd=4.348E-01 s=[ 0 0 0 0 1 0 1 0 0 0 0 0 ]
d13=4.720655675325 eijMax=4.809E-03 rmsd=4.348E-01 s=[ 0 0 0 1 0 1 0 1 1 1 1 1 ]
d13=4.720655675325 eijMax=4.127E-03 rmsd=9.553E-01 s=[ 0 0 0 1 0 1 1 0 1 1 1 1 ]
d13=4.721624423624 eijMax=3.832E-03 rmsd=9.567E-01 s=[ 0 0 0 0 1 0 0 1 0 0 0 0 ]
d13=4.721624423624 eijMax=4.439E-03 rmsd=4.350E-01 s=[ 0 0 0 0 1 0 1 0 0 0 0 0 ]
d13=4.721624423624 eijMax=4.439E-03 rmsd=4.350E-01 s=[ 0 0 0 1 0 1 0 1 1 1 1 1 ]
d13=4.721624423624 eijMax=3.832E-03 rmsd=9.567E-01 s=[ 0 0 0 1 0 1 1 0 1 1 1 1 ]
d13=4.722593171922 eijMax=3.536E-03 rmsd=9.582E-01 s=[ 0 0 0 0 1 0 0 1 0 0 0 0 ]
d13=4.722593171922 eijMax=4.066E-03 rmsd=4.352E-01 s=[ 0 0 0 0 1 0 1 0 0 0 0 0 ]
d13=4.722593171922 eijMax=4.066E-03 rmsd=4.352E-01 s=[ 0 0 0 1 0 1 0 1 1 1 1 1 ]
d13=4.722593171922 eijMax=3.536E-03 rmsd=9.582E-01 s=[ 0 0 0 1 0 1 1 0 1 1 1 1 ]
d13=4.723561920220 eijMax=3.239E-03 rmsd=9.596E-01 s=[ 0 0 0 0 1 0 0 1 0 0 0 0 ]
d13=4.723561920220 eijMax=3.691E-03 rmsd=4.355E-01 s=[ 0 0 0 0 1 0 1 0 0 0 0 0 ]
d13=4.723561920220 eijMax=3.691E-03 rmsd=4.355E-01 s=[ 0 0 0 1 0 1 0 1 1 1 1 1 ]
d13=4.723561920220 eijMax=3.239E-03 rmsd=9.596E-01 s=[ 0 0 0 1 0 1 1 0 1 1 1 1 ]
d13=4.724530668519 eijMax=2.940E-03 rmsd=9.610E-01 s=[ 0 0 0 0 1 0 0 1 0 0 0 0 ]
d13=4.724530668519 eijMax=3.312E-03 rmsd=4.357E-01 s=[ 0 0 0 0 1 0 1 0 0 0 0 0 ]
d13=4.724530668519 eijMax=3.312E-03 rmsd=4.357E-01 s=[ 0 0 0 1 0 1 0 1 1 1 1 1 ]
d13=4.724530668519 eijMax=2.940E-03 rmsd=9.610E-01 s=[ 0 0 0 1 0 1 1 0 1 1 1 1 ]
d13=4.725499416817 eijMax=2.640E-03 rmsd=9.625E-01 s=[ 0 0 0 0 1 0 0 1 0 0 0 0 ]
d13=4.725499416817 eijMax=2.930E-03 rmsd=4.360E-01 s=[ 0 0 0 0 1 0 1 0 0 0 0 0 ]
d13=4.725499416817 eijMax=2.930E-03 rmsd=4.360E-01 s=[ 0 0 0 1 0 1 0 1 1 1 1 1 ]
d13=4.725499416817 eijMax=2.640E-03 rmsd=9.625E-01 s=[ 0 0 0 1 0 1 1 0 1 1 1 1 ]
d13=4.726468165115 eijMax=2.339E-03 rmsd=9.639E-01 s=[ 0 0 0 0 1 0 0 1 0 0 0 0 ]
d13=4.726468165115 eijMax=2.545E-03 rmsd=4.363E-01 s=[ 0 0 0 0 1 0 1 0 0 0 0 0 ]
d13=4.726468165115 eijMax=2.545E-03 rmsd=4.363E-01 s=[ 0 0 0 1 0 1 0 1 1 1 1 1 ]
d13=4.726468165115 eijMax=2.339E-03 rmsd=9.639E-01 s=[ 0 0 0 1 0 1 1 0 1 1 1 1 ]
d13=4.727436913413 eijMax=2.036E-03 rmsd=9.654E-01 s=[ 0 0 0 0 1 0 0 1 0 0 0 0 ]
d13=4.727436913413 eijMax=2.156E-03 rmsd=4.366E-01 s=[ 0 0 0 0 1 0 1 0 0 0 0 0 ]
d13=4.727436913413 eijMax=9.904E-03 rmsd=8.316E-01 s=[ 0 0 0 0 1 1 0 0 0 0 0 0 ]
d13=4.727436913413 eijMax=9.904E-03 rmsd=8.316E-01 s=[ 0 0 0 1 0 0 1 1 1 1 1 1 ]
d13=4.727436913413 eijMax=2.156E-03 rmsd=4.366E-01 s=[ 0 0 0 1 0 1 0 1 1 1 1 1 ]
d13=4.727436913413 eijMax=2.036E-03 rmsd=9.654E-01 s=[ 0 0 0 1 0 1 1 0 1 1 1 1 ]
d13=4.728405661712 eijMax=1.732E-03 rmsd=9.669E-01 s=[ 0 0 0 0 1 0 0 1 0 0 0 0 ]
d13=4.728405661712 eijMax=1.765E-03 rmsd=4.369E-01 s=[ 0 0 0 0 1 0 1 0 0 0 0 0 ]
d13=4.728405661712 eijMax=9.473E-03 rmsd=8.338E-01 s=[ 0 0 0 0 1 1 0 0 0 0 0 0 ]
d13=4.728405661712 eijMax=9.473E-03 rmsd=8.338E-01 s=[ 0 0 0 1 0 0 1 1 1 1 1 1 ]
d13=4.728405661712 eijMax=1.765E-03 rmsd=4.369E-01 s=[ 0 0 0 1 0 1 0 1 1 1 1 1 ]
d13=4.728405661712 eijMax=1.732E-03 rmsd=9.669E-01 s=[ 0 0 0 1 0 1 1 0 1 1 1 1 ]
d13=4.729374410010 eijMax=1.426E-03 rmsd=9.684E-01 s=[ 0 0 0 0 1 0 0 1 0 0 0 0 ]
d13=4.729374410010 eijMax=1.370E-03 rmsd=4.372E-01 s=[ 0 0 0 0 1 0 1 0 0 0 0 0 ]
d13=4.729374410010 eijMax=9.042E-03 rmsd=8.359E-01 s=[ 0 0 0 0 1 1 0 0 0 0 0 0 ]
d13=4.729374410010 eijMax=9.042E-03 rmsd=8.359E-01 s=[ 0 0 0 1 0 0 1 1 1 1 1 1 ]
d13=4.729374410010 eijMax=1.370E-03 rmsd=4.372E-01 s=[ 0 0 0 1 0 1 0 1 1 1 1 1 ]
d13=4.729374410010 eijMax=1.426E-03 rmsd=9.684E-01 s=[ 0 0 0 1 0 1 1 0 1 1 1 1 ]
d13=4.730343158308 eijMax=1.119E-03 rmsd=9.698E-01 s=[ 0 0 0 0 1 0 0 1 0 0 0 0 ]
d13=4.730343158308 eijMax=9.717E-04 rmsd=4.376E-01 s=[ 0 0 0 0 1 0 1 0 0 0 0 0 ]
d13=4.730343158308 eijMax=8.613E-03 rmsd=8.381E-01 s=[ 0 0 0 0 1 1 0 0 0 0 0 0 ]
d13=4.730343158308 eijMax=8.613E-03 rmsd=8.381E-01 s=[ 0 0 0 1 0 0 1 1 1 1 1 1 ]
d13=4.730343158308 eijMax=9.717E-04 rmsd=4.376E-01 s=[ 0 0 0 1 0 1 0 1 1 1 1 1 ]
d13=4.730343158308 eijMax=1.119E-03 rmsd=9.698E-01 s=[ 0 0 0 1 0 1 1 0 1 1 1 1 ]
d13=4.731311906607 eijMax=8.110E-04 rmsd=9.713E-01 s=[ 0 0 0 0 1 0 0 1 0 0 0 0 ]
d13=4.731311906607 eijMax=5.700E-04 rmsd=4.379E-01 s=[ 0 0 0 0 1 0 1 0 0 0 0 0 ]
d13=4.731311906607 eijMax=8.186E-03 rmsd=8.402E-01 s=[ 0 0 0 0 1 1 0 0 0 0 0 0 ]
d13=4.731311906607 eijMax=8.186E-03 rmsd=8.402E-01 s=[ 0 0 0 1 0 0 1 1 1 1 1 1 ]
d13=4.731311906607 eijMax=5.700E-04 rmsd=4.379E-01 s=[ 0 0 0 1 0 1 0 1 1 1 1 1 ]
d13=4.731311906607 eijMax=8.110E-04 rmsd=9.713E-01 s=[ 0 0 0 1 0 1 1 0 1 1 1 1 ]
d13=4.732280654905 eijMax=5.013E-04 rmsd=9.729E-01 s=[ 0 0 0 0 1 0 0 1 0 0 0 0 ]
d13=4.732280654905 eijMax=1.648E-04 rmsd=4.383E-01 s=[ 0 0 0 0 1 0 1 0 0 0 0 0 ]
d13=4.732280654905 eijMax=7.759E-03 rmsd=8.423E-01 s=[ 0 0 0 0 1 1 0 0 0 0 0 0 ]
d13=4.732280654905 eijMax=7.759E-03 rmsd=8.423E-01 s=[ 0 0 0 1 0 0 1 1 1 1 1 1 ]
d13=4.732280654905 eijMax=1.648E-04 rmsd=4.383E-01 s=[ 0 0 0 1 0 1 0 1 1 1 1 1 ]
d13=4.732280654905 eijMax=5.013E-04 rmsd=9.729E-01 s=[ 0 0 0 1 0 1 1 0 1 1 1 1 ]
d13=4.733249403203 eijMax=1.901E-04 rmsd=9.744E-01 s=[ 0 0 0 0 1 0 0 1 0 0 0 0 ]
d13=4.733249403203 eijMax=2.440E-04 rmsd=4.387E-01 s=[ 0 0 0 0 1 0 1 0 0 0 0 0 ]
d13=4.733249403203 eijMax=7.332E-03 rmsd=8.444E-01 s=[ 0 0 0 0 1 1 0 0 0 0 0 0 ]
d13=4.733249403203 eijMax=7.332E-03 rmsd=8.444E-01 s=[ 0 0 0 1 0 0 1 1 1 1 1 1 ]
d13=4.733249403203 eijMax=2.440E-04 rmsd=4.387E-01 s=[ 0 0 0 1 0 1 0 1 1 1 1 1 ]
d13=4.733249403203 eijMax=1.901E-04 rmsd=9.744E-01 s=[ 0 0 0 1 0 1 1 0 1 1 1 1 ]
d13=4.734218151502 eijMax=1.225E-04 rmsd=9.759E-01 s=[ 0 0 0 0 1 0 0 1 0 0 0 0 ]
d13=4.734218151502 eijMax=6.564E-04 rmsd=4.391E-01 s=[ 0 0 0 0 1 0 1 0 0 0 0 0 ]
d13=4.734218151502 eijMax=6.907E-03 rmsd=8.465E-01 s=[ 0 0 0 0 1 1 0 0 0 0 0 0 ]
d13=4.734218151502 eijMax=6.907E-03 rmsd=8.465E-01 s=[ 0 0 0 1 0 0 1 1 1 1 1 1 ]
d13=4.734218151502 eijMax=6.564E-04 rmsd=4.391E-01 s=[ 0 0 0 1 0 1 0 1 1 1 1 1 ]
d13=4.734218151502 eijMax=1.225E-04 rmsd=9.759E-01 s=[ 0 0 0 1 0 1 1 0 1 1 1 1 ]
d13=4.735186899800 eijMax=4.367E-04 rmsd=9.774E-01 s=[ 0 0 0 0 1 0 0 1 0 0 0 0 ]
d13=4.735186899800 eijMax=1.072E-03 rmsd=4.395E-01 s=[ 0 0 0 0 1 0 1 0 0 0 0 0 ]
d13=4.735186899800 eijMax=6.481E-03 rmsd=8.486E-01 s=[ 0 0 0 0 1 1 0 0 0 0 0 0 ]
d13=4.735186899800 eijMax=6.481E-03 rmsd=8.486E-01 s=[ 0 0 0 1 0 0 1 1 1 1 1 1 ]
d13=4.735186899800 eijMax=1.072E-03 rmsd=4.395E-01 s=[ 0 0 0 1 0 1 0 1 1 1 1 1 ]
d13=4.735186899800 eijMax=4.367E-04 rmsd=9.774E-01 s=[ 0 0 0 1 0 1 1 0 1 1 1 1 ]
d13=4.736155648098 eijMax=7.523E-04 rmsd=9.790E-01 s=[ 0 0 0 0 1 0 0 1 0 0 0 0 ]
d13=4.736155648098 eijMax=1.492E-03 rmsd=4.400E-01 s=[ 0 0 0 0 1 0 1 0 0 0 0 0 ]
d13=4.736155648098 eijMax=6.056E-03 rmsd=8.507E-01 s=[ 0 0 0 0 1 1 0 0 0 0 0 0 ]
d13=4.736155648098 eijMax=6.056E-03 rmsd=8.507E-01 s=[ 0 0 0 1 0 0 1 1 1 1 1 1 ]
d13=4.736155648098 eijMax=1.492E-03 rmsd=4.400E-01 s=[ 0 0 0 1 0 1 0 1 1 1 1 1 ]
d13=4.736155648098 eijMax=7.523E-04 rmsd=9.790E-01 s=[ 0 0 0 1 0 1 1 0 1 1 1 1 ]
d13=4.737124396396 eijMax=1.069E-03 rmsd=9.805E-01 s=[ 0 0 0 0 1 0 0 1 0 0 0 0 ]
d13=4.737124396396 eijMax=1.916E-03 rmsd=4.404E-01 s=[ 0 0 0 0 1 0 1 0 0 0 0 0 ]
d13=4.737124396396 eijMax=5.632E-03 rmsd=8.528E-01 s=[ 0 0 0 0 1 1 0 0 0 0 0 0 ]
d13=4.737124396396 eijMax=5.632E-03 rmsd=8.528E-01 s=[ 0 0 0 1 0 0 1 1 1 1 1 1 ]
d13=4.737124396396 eijMax=1.916E-03 rmsd=4.404E-01 s=[ 0 0 0 1 0 1 0 1 1 1 1 1 ]
d13=4.737124396396 eijMax=1.069E-03 rmsd=9.805E-01 s=[ 0 0 0 1 0 1 1 0 1 1 1 1 ]
d13=4.738093144695 eijMax=1.388E-03 rmsd=9.821E-01 s=[ 0 0 0 0 1 0 0 1 0 0 0 0 ]
d13=4.738093144695 eijMax=2.344E-03 rmsd=4.409E-01 s=[ 0 0 0 0 1 0 1 0 0 0 0 0 ]
d13=4.738093144695 eijMax=5.207E-03 rmsd=8.549E-01 s=[ 0 0 0 0 1 1 0 0 0 0 0 0 ]
d13=4.738093144695 eijMax=5.207E-03 rmsd=8.549E-01 s=[ 0 0 0 1 0 0 1 1 1 1 1 1 ]
d13=4.738093144695 eijMax=2.344E-03 rmsd=4.409E-01 s=[ 0 0 0 1 0 1 0 1 1 1 1 1 ]
d13=4.738093144695 eijMax=1.388E-03 rmsd=9.821E-01 s=[ 0 0 0 1 0 1 1 0 1 1 1 1 ]
d13=4.739061892993 eijMax=1.708E-03 rmsd=9.837E-01 s=[ 0 0 0 0 1 0 0 1 0 0 0 0 ]
d13=4.739061892993 eijMax=2.775E-03 rmsd=4.414E-01 s=[ 0 0 0 0 1 0 1 0 0 0 0 0 ]
d13=4.739061892993 eijMax=4.782E-03 rmsd=8.570E-01 s=[ 0 0 0 0 1 1 0 0 0 0 0 0 ]
d13=4.739061892993 eijMax=4.782E-03 rmsd=8.570E-01 s=[ 0 0 0 1 0 0 1 1 1 1 1 1 ]
d13=4.739061892993 eijMax=2.775E-03 rmsd=4.414E-01 s=[ 0 0 0 1 0 1 0 1 1 1 1 1 ]
d13=4.739061892993 eijMax=1.708E-03 rmsd=9.837E-01 s=[ 0 0 0 1 0 1 1 0 1 1 1 1 ]
d13=4.740030641291 eijMax=2.030E-03 rmsd=9.852E-01 s=[ 0 0 0 0 1 0 0 1 0 0 0 0 ]
d13=4.740030641291 eijMax=3.211E-03 rmsd=4.419E-01 s=[ 0 0 0 0 1 0 1 0 0 0 0 0 ]
d13=4.740030641291 eijMax=4.358E-03 rmsd=8.590E-01 s=[ 0 0 0 0 1 1 0 0 0 0 0 0 ]
d13=4.740030641291 eijMax=4.358E-03 rmsd=8.590E-01 s=[ 0 0 0 1 0 0 1 1 1 1 1 1 ]
d13=4.740030641291 eijMax=3.211E-03 rmsd=4.419E-01 s=[ 0 0 0 1 0 1 0 1 1 1 1 1 ]
d13=4.740030641291 eijMax=2.030E-03 rmsd=9.852E-01 s=[ 0 0 0 1 0 1 1 0 1 1 1 1 ]
d13=4.740999389590 eijMax=2.354E-03 rmsd=9.868E-01 s=[ 0 0 0 0 1 0 0 1 0 0 0 0 ]
d13=4.740999389590 eijMax=3.651E-03 rmsd=4.424E-01 s=[ 0 0 0 0 1 0 1 0 0 0 0 0 ]
d13=4.740999389590 eijMax=3.933E-03 rmsd=8.611E-01 s=[ 0 0 0 0 1 1 0 0 0 0 0 0 ]
d13=4.740999389590 eijMax=3.933E-03 rmsd=8.611E-01 s=[ 0 0 0 1 0 0 1 1 1 1 1 1 ]
d13=4.740999389590 eijMax=3.651E-03 rmsd=4.424E-01 s=[ 0 0 0 1 0 1 0 1 1 1 1 1 ]
d13=4.740999389590 eijMax=2.354E-03 rmsd=9.868E-01 s=[ 0 0 0 1 0 1 1 0 1 1 1 1 ]
d13=4.741968137888 eijMax=2.679E-03 rmsd=9.884E-01 s=[ 0 0 0 0 1 0 0 1 0 0 0 0 ]
d13=4.741968137888 eijMax=4.095E-03 rmsd=4.429E-01 s=[ 0 0 0 0 1 0 1 0 0 0 0 0 ]
d13=4.741968137888 eijMax=3.508E-03 rmsd=8.632E-01 s=[ 0 0 0 0 1 1 0 0 0 0 0 0 ]
d13=4.741968137888 eijMax=3.508E-03 rmsd=8.632E-01 s=[ 0 0 0 1 0 0 1 1 1 1 1 1 ]
d13=4.741968137888 eijMax=4.095E-03 rmsd=4.429E-01 s=[ 0 0 0 1 0 1 0 1 1 1 1 1 ]
d13=4.741968137888 eijMax=2.679E-03 rmsd=9.884E-01 s=[ 0 0 0 1 0 1 1 0 1 1 1 1 ]
d13=4.742936886186 eijMax=3.005E-03 rmsd=9.900E-01 s=[ 0 0 0 0 1 0 0 1 0 0 0 0 ]
d13=4.742936886186 eijMax=4.543E-03 rmsd=4.435E-01 s=[ 0 0 0 0 1 0 1 0 0 0 0 0 ]
d13=4.742936886186 eijMax=3.082E-03 rmsd=8.652E-01 s=[ 0 0 0 0 1 1 0 0 0 0 0 0 ]
d13=4.742936886186 eijMax=3.082E-03 rmsd=8.652E-01 s=[ 0 0 0 1 0 0 1 1 1 1 1 1 ]
d13=4.742936886186 eijMax=4.543E-03 rmsd=4.435E-01 s=[ 0 0 0 1 0 1 0 1 1 1 1 1 ]
d13=4.742936886186 eijMax=3.005E-03 rmsd=9.900E-01 s=[ 0 0 0 1 0 1 1 0 1 1 1 1 ]
d13=4.743905634484 eijMax=3.334E-03 rmsd=9.917E-01 s=[ 0 0 0 0 1 0 0 1 0 0 0 0 ]
d13=4.743905634484 eijMax=4.996E-03 rmsd=4.441E-01 s=[ 0 0 0 0 1 0 1 0 0 0 0 0 ]
d13=4.743905634484 eijMax=2.656E-03 rmsd=8.673E-01 s=[ 0 0 0 0 1 1 0 0 0 0 0 0 ]
d13=4.743905634484 eijMax=2.656E-03 rmsd=8.673E-01 s=[ 0 0 0 1 0 0 1 1 1 1 1 1 ]
d13=4.743905634484 eijMax=4.996E-03 rmsd=4.441E-01 s=[ 0 0 0 1 0 1 0 1 1 1 1 1 ]
d13=4.743905634484 eijMax=3.334E-03 rmsd=9.917E-01 s=[ 0 0 0 1 0 1 1 0 1 1 1 1 ]
d13=4.744874382783 eijMax=3.664E-03 rmsd=9.933E-01 s=[ 0 0 0 0 1 0 0 1 0 0 0 0 ]
d13=4.744874382783 eijMax=5.454E-03 rmsd=4.447E-01 s=[ 0 0 0 0 1 0 1 0 0 0 0 0 ]
d13=4.744874382783 eijMax=2.229E-03 rmsd=8.694E-01 s=[ 0 0 0 0 1 1 0 0 0 0 0 0 ]
d13=4.744874382783 eijMax=2.229E-03 rmsd=8.694E-01 s=[ 0 0 0 1 0 0 1 1 1 1 1 1 ]
d13=4.744874382783 eijMax=5.454E-03 rmsd=4.447E-01 s=[ 0 0 0 1 0 1 0 1 1 1 1 1 ]
d13=4.744874382783 eijMax=3.664E-03 rmsd=9.933E-01 s=[ 0 0 0 1 0 1 1 0 1 1 1 1 ]
d13=4.745843131081 eijMax=3.995E-03 rmsd=9.949E-01 s=[ 0 0 0 0 1 0 0 1 0 0 0 0 ]
d13=4.745843131081 eijMax=5.916E-03 rmsd=4.453E-01 s=[ 0 0 0 0 1 0 1 0 0 0 0 0 ]
d13=4.745843131081 eijMax=1.802E-03 rmsd=8.714E-01 s=[ 0 0 0 0 1 1 0 0 0 0 0 0 ]
d13=4.745843131081 eijMax=1.802E-03 rmsd=8.714E-01 s=[ 0 0 0 1 0 0 1 1 1 1 1 1 ]
d13=4.745843131081 eijMax=5.916E-03 rmsd=4.453E-01 s=[ 0 0 0 1 0 1 0 1 1 1 1 1 ]
d13=4.745843131081 eijMax=3.995E-03 rmsd=9.949E-01 s=[ 0 0 0 1 0 1 1 0 1 1 1 1 ]
d13=4.746811879379 eijMax=4.329E-03 rmsd=9.966E-01 s=[ 0 0 0 0 1 0 0 1 0 0 0 0 ]
d13=4.746811879379 eijMax=6.382E-03 rmsd=4.459E-01 s=[ 0 0 0 0 1 0 1 0 0 0 0 0 ]
d13=4.746811879379 eijMax=1.374E-03 rmsd=8.735E-01 s=[ 0 0 0 0 1 1 0 0 0 0 0 0 ]
d13=4.746811879379 eijMax=1.374E-03 rmsd=8.735E-01 s=[ 0 0 0 1 0 0 1 1 1 1 1 1 ]
d13=4.746811879379 eijMax=6.382E-03 rmsd=4.459E-01 s=[ 0 0 0 1 0 1 0 1 1 1 1 1 ]
d13=4.746811879379 eijMax=4.329E-03 rmsd=9.966E-01 s=[ 0 0 0 1 0 1 1 0 1 1 1 1 ]
d13=4.747780627678 eijMax=4.664E-03 rmsd=9.983E-01 s=[ 0 0 0 0 1 0 0 1 0 0 0 0 ]
d13=4.747780627678 eijMax=6.854E-03 rmsd=4.466E-01 s=[ 0 0 0 0 1 0 1 0 0 0 0 0 ]
d13=4.747780627678 eijMax=9.456E-04 rmsd=8.756E-01 s=[ 0 0 0 0 1 1 0 0 0 0 0 0 ]
d13=4.747780627678 eijMax=9.769E-03 rmsd=5.445E-01 s=[ 0 0 0 0 1 1 1 1 0 0 0 0 ]
d13=4.747780627678 eijMax=9.769E-03 rmsd=5.445E-01 s=[ 0 0 0 1 0 0 0 0 1 1 1 1 ]
d13=4.747780627678 eijMax=9.456E-04 rmsd=8.756E-01 s=[ 0 0 0 1 0 0 1 1 1 1 1 1 ]
d13=4.747780627678 eijMax=6.854E-03 rmsd=4.466E-01 s=[ 0 0 0 1 0 1 0 1 1 1 1 1 ]
d13=4.747780627678 eijMax=4.664E-03 rmsd=9.983E-01 s=[ 0 0 0 1 0 1 1 0 1 1 1 1 ]
d13=4.748749375976 eijMax=5.001E-03 rmsd=9.999E-01 s=[ 0 0 0 0 1 0 0 1 0 0 0 0 ]
d13=4.748749375976 eijMax=7.330E-03 rmsd=4.473E-01 s=[ 0 0 0 0 1 0 1 0 0 0 0 0 ]
d13=4.748749375976 eijMax=5.161E-04 rmsd=8.777E-01 s=[ 0 0 0 0 1 1 0 0 0 0 0 0 ]
d13=4.748749375976 eijMax=9.298E-03 rmsd=5.420E-01 s=[ 0 0 0 0 1 1 1 1 0 0 0 0 ]
d13=4.748749375976 eijMax=9.298E-03 rmsd=5.420E-01 s=[ 0 0 0 1 0 0 0 0 1 1 1 1 ]
d13=4.748749375976 eijMax=5.161E-04 rmsd=8.777E-01 s=[ 0 0 0 1 0 0 1 1 1 1 1 1 ]
d13=4.748749375976 eijMax=7.330E-03 rmsd=4.473E-01 s=[ 0 0 0 1 0 1 0 1 1 1 1 1 ]
d13=4.748749375976 eijMax=5.001E-03 rmsd=9.999E-01 s=[ 0 0 0 1 0 1 1 0 1 1 1 1 ]
d13=4.749718124274 eijMax=5.340E-03 rmsd=1.002E+00 s=[ 0 0 0 0 1 0 0 1 0 0 0 0 ]
d13=4.749718124274 eijMax=7.812E-03 rmsd=4.480E-01 s=[ 0 0 0 0 1 0 1 0 0 0 0 0 ]
d13=4.749718124274 eijMax=8.578E-05 rmsd=8.797E-01 s=[ 0 0 0 0 1 1 0 0 0 0 0 0 ]
d13=4.749718124274 eijMax=8.821E-03 rmsd=5.395E-01 s=[ 0 0 0 0 1 1 1 1 0 0 0 0 ]
d13=4.749718124274 eijMax=8.821E-03 rmsd=5.395E-01 s=[ 0 0 0 1 0 0 0 0 1 1 1 1 ]
d13=4.749718124274 eijMax=8.578E-05 rmsd=8.797E-01 s=[ 0 0 0 1 0 0 1 1 1 1 1 1 ]
d13=4.749718124274 eijMax=7.812E-03 rmsd=4.480E-01 s=[ 0 0 0 1 0 1 0 1 1 1 1 1 ]
d13=4.749718124274 eijMax=5.340E-03 rmsd=1.002E+00 s=[ 0 0 0 1 0 1 1 0 1 1 1 1 ]
d13=4.750686872573 eijMax=5.680E-03 rmsd=1.003E+00 s=[ 0 0 0 0 1 0 0 1 0 0 0 0 ]
d13=4.750686872573 eijMax=8.298E-03 rmsd=4.487E-01 s=[ 0 0 0 0 1 0 1 0 0 0 0 0 ]
d13=4.750686872573 eijMax=3.455E-04 rmsd=8.818E-01 s=[ 0 0 0 0 1 1 0 0 0 0 0 0 ]
d13=4.750686872573 eijMax=8.338E-03 rmsd=5.370E-01 s=[ 0 0 0 0 1 1 1 1 0 0 0 0 ]
d13=4.750686872573 eijMax=8.338E-03 rmsd=5.370E-01 s=[ 0 0 0 1 0 0 0 0 1 1 1 1 ]
d13=4.750686872573 eijMax=3.455E-04 rmsd=8.818E-01 s=[ 0 0 0 1 0 0 1 1 1 1 1 1 ]
d13=4.750686872573 eijMax=8.298E-03 rmsd=4.487E-01 s=[ 0 0 0 1 0 1 0 1 1 1 1 1 ]
d13=4.750686872573 eijMax=5.680E-03 rmsd=1.003E+00 s=[ 0 0 0 1 0 1 1 0 1 1 1 1 ]
d13=4.751655620871 eijMax=6.023E-03 rmsd=1.005E+00 s=[ 0 0 0 0 1 0 0 1 0 0 0 0 ]
d13=4.751655620871 eijMax=8.790E-03 rmsd=4.494E-01 s=[ 0 0 0 0 1 0 1 0 0 0 0 0 ]
d13=4.751655620871 eijMax=7.778E-04 rmsd=8.839E-01 s=[ 0 0 0 0 1 1 0 0 0 0 0 0 ]
d13=4.751655620871 eijMax=7.849E-03 rmsd=5.346E-01 s=[ 0 0 0 0 1 1 1 1 0 0 0 0 ]
d13=4.751655620871 eijMax=7.849E-03 rmsd=5.346E-01 s=[ 0 0 0 1 0 0 0 0 1 1 1 1 ]
d13=4.751655620871 eijMax=7.778E-04 rmsd=8.839E-01 s=[ 0 0 0 1 0 0 1 1 1 1 1 1 ]
d13=4.751655620871 eijMax=8.790E-03 rmsd=4.494E-01 s=[ 0 0 0 1 0 1 0 1 1 1 1 1 ]
d13=4.751655620871 eijMax=6.023E-03 rmsd=1.005E+00 s=[ 0 0 0 1 0 1 1 0 1 1 1 1 ]
d13=4.752624369169 eijMax=6.367E-03 rmsd=1.007E+00 s=[ 0 0 0 0 1 0 0 1 0 0 0 0 ]
d13=4.752624369169 eijMax=9.288E-03 rmsd=4.502E-01 s=[ 0 0 0 0 1 0 1 0 0 0 0 0 ]
d13=4.752624369169 eijMax=1.211E-03 rmsd=8.860E-01 s=[ 0 0 0 0 1 1 0 0 0 0 0 0 ]
d13=4.752624369169 eijMax=7.354E-03 rmsd=5.321E-01 s=[ 0 0 0 0 1 1 1 1 0 0 0 0 ]
d13=4.752624369169 eijMax=7.354E-03 rmsd=5.321E-01 s=[ 0 0 0 1 0 0 0 0 1 1 1 1 ]
d13=4.752624369169 eijMax=1.211E-03 rmsd=8.860E-01 s=[ 0 0 0 1 0 0 1 1 1 1 1 1 ]
d13=4.752624369169 eijMax=9.288E-03 rmsd=4.502E-01 s=[ 0 0 0 1 0 1 0 1 1 1 1 1 ]
d13=4.752624369169 eijMax=6.367E-03 rmsd=1.007E+00 s=[ 0 0 0 1 0 1 1 0 1 1 1 1 ]
d13=4.753593117467 eijMax=6.713E-03 rmsd=1.008E+00 s=[ 0 0 0 0 1 0 0 1 0 0 0 0 ]
d13=4.753593117467 eijMax=9.790E-03 rmsd=4.510E-01 s=[ 0 0 0 0 1 0 1 0 0 0 0 0 ]
d13=4.753593117467 eijMax=1.646E-03 rmsd=8.881E-01 s=[ 0 0 0 0 1 1 0 0 0 0 0 0 ]
d13=4.753593117467 eijMax=6.852E-03 rmsd=5.297E-01 s=[ 0 0 0 0 1 1 1 1 0 0 0 0 ]
d13=4.753593117467 eijMax=6.852E-03 rmsd=5.297E-01 s=[ 0 0 0 1 0 0 0 0 1 1 1 1 ]
d13=4.753593117467 eijMax=1.646E-03 rmsd=8.881E-01 s=[ 0 0 0 1 0 0 1 1 1 1 1 1 ]
d13=4.753593117467 eijMax=9.790E-03 rmsd=4.510E-01 s=[ 0 0 0 1 0 1 0 1 1 1 1 1 ]
d13=4.753593117467 eijMax=6.713E-03 rmsd=1.008E+00 s=[ 0 0 0 1 0 1 1 0 1 1 1 1 ]
d13=4.754561865766 eijMax=7.061E-03 rmsd=1.010E+00 s=[ 0 0 0 0 1 0 0 1 0 0 0 0 ]
d13=4.754561865766 eijMax=2.081E-03 rmsd=8.902E-01 s=[ 0 0 0 0 1 1 0 0 0 0 0 0 ]
d13=4.754561865766 eijMax=6.345E-03 rmsd=5.273E-01 s=[ 0 0 0 0 1 1 1 1 0 0 0 0 ]
d13=4.754561865766 eijMax=6.345E-03 rmsd=5.273E-01 s=[ 0 0 0 1 0 0 0 0 1 1 1 1 ]
d13=4.754561865766 eijMax=2.081E-03 rmsd=8.902E-01 s=[ 0 0 0 1 0 0 1 1 1 1 1 1 ]
d13=4.754561865766 eijMax=7.061E-03 rmsd=1.010E+00 s=[ 0 0 0 1 0 1 1 0 1 1 1 1 ]
d13=4.755530614064 eijMax=7.411E-03 rmsd=1.012E+00 s=[ 0 0 0 0 1 0 0 1 0 0 0 0 ]
d13=4.755530614064 eijMax=2.518E-03 rmsd=8.923E-01 s=[ 0 0 0 0 1 1 0 0 0 0 0 0 ]
d13=4.755530614064 eijMax=5.830E-03 rmsd=5.249E-01 s=[ 0 0 0 0 1 1 1 1 0 0 0 0 ]
d13=4.755530614064 eijMax=5.830E-03 rmsd=5.249E-01 s=[ 0 0 0 1 0 0 0 0 1 1 1 1 ]
d13=4.755530614064 eijMax=2.518E-03 rmsd=8.923E-01 s=[ 0 0 0 1 0 0 1 1 1 1 1 1 ]
d13=4.755530614064 eijMax=7.411E-03 rmsd=1.012E+00 s=[ 0 0 0 1 0 1 1 0 1 1 1 1 ]
d13=4.756499362362 eijMax=7.764E-03 rmsd=1.014E+00 s=[ 0 0 0 0 1 0 0 1 0 0 0 0 ]
d13=4.756499362362 eijMax=2.956E-03 rmsd=8.944E-01 s=[ 0 0 0 0 1 1 0 0 0 0 0 0 ]
d13=4.756499362362 eijMax=5.308E-03 rmsd=5.225E-01 s=[ 0 0 0 0 1 1 1 1 0 0 0 0 ]
d13=4.756499362362 eijMax=5.308E-03 rmsd=5.225E-01 s=[ 0 0 0 1 0 0 0 0 1 1 1 1 ]
d13=4.756499362362 eijMax=2.956E-03 rmsd=8.944E-01 s=[ 0 0 0 1 0 0 1 1 1 1 1 1 ]
d13=4.756499362362 eijMax=7.764E-03 rmsd=1.014E+00 s=[ 0 0 0 1 0 1 1 0 1 1 1 1 ]
d13=4.757468110661 eijMax=8.118E-03 rmsd=1.015E+00 s=[ 0 0 0 0 1 0 0 1 0 0 0 0 ]
d13=4.757468110661 eijMax=3.396E-03 rmsd=8.965E-01 s=[ 0 0 0 0 1 1 0 0 0 0 0 0 ]
d13=4.757468110661 eijMax=4.780E-03 rmsd=5.201E-01 s=[ 0 0 0 0 1 1 1 1 0 0 0 0 ]
d13=4.757468110661 eijMax=4.780E-03 rmsd=5.201E-01 s=[ 0 0 0 1 0 0 0 0 1 1 1 1 ]
d13=4.757468110661 eijMax=3.396E-03 rmsd=8.965E-01 s=[ 0 0 0 1 0 0 1 1 1 1 1 1 ]
d13=4.757468110661 eijMax=8.118E-03 rmsd=1.015E+00 s=[ 0 0 0 1 0 1 1 0 1 1 1 1 ]
d13=4.758436858959 eijMax=8.474E-03 rmsd=1.017E+00 s=[ 0 0 0 0 1 0 0 1 0 0 0 0 ]
d13=4.758436858959 eijMax=3.837E-03 rmsd=8.986E-01 s=[ 0 0 0 0 1 1 0 0 0 0 0 0 ]
d13=4.758436858959 eijMax=4.245E-03 rmsd=5.177E-01 s=[ 0 0 0 0 1 1 1 1 0 0 0 0 ]
d13=4.758436858959 eijMax=4.245E-03 rmsd=5.177E-01 s=[ 0 0 0 1 0 0 0 0 1 1 1 1 ]
d13=4.758436858959 eijMax=3.837E-03 rmsd=8.986E-01 s=[ 0 0 0 1 0 0 1 1 1 1 1 1 ]
d13=4.758436858959 eijMax=8.474E-03 rmsd=1.017E+00 s=[ 0 0 0 1 0 1 1 0 1 1 1 1 ]
d13=4.759405607257 eijMax=8.832E-03 rmsd=1.019E+00 s=[ 0 0 0 0 1 0 0 1 0 0 0 0 ]
d13=4.759405607257 eijMax=4.279E-03 rmsd=9.008E-01 s=[ 0 0 0 0 1 1 0 0 0 0 0 0 ]
d13=4.759405607257 eijMax=3.702E-03 rmsd=5.154E-01 s=[ 0 0 0 0 1 1 1 1 0 0 0 0 ]
d13=4.759405607257 eijMax=3.702E-03 rmsd=5.154E-01 s=[ 0 0 0 1 0 0 0 0 1 1 1 1 ]
d13=4.759405607257 eijMax=4.279E-03 rmsd=9.008E-01 s=[ 0 0 0 1 0 0 1 1 1 1 1 1 ]
d13=4.759405607257 eijMax=8.832E-03 rmsd=1.019E+00 s=[ 0 0 0 1 0 1 1 0 1 1 1 1 ]
d13=4.760374355556 eijMax=9.193E-03 rmsd=1.021E+00 s=[ 0 0 0 0 1 0 0 1 0 0 0 0 ]
d13=4.760374355556 eijMax=4.723E-03 rmsd=9.029E-01 s=[ 0 0 0 0 1 1 0 0 0 0 0 0 ]
d13=4.760374355556 eijMax=9.702E-03 rmsd=9.101E-01 s=[ 0 0 0 0 1 1 0 1 0 0 0 0 ]
d13=4.760374355556 eijMax=3.151E-03 rmsd=5.130E-01 s=[ 0 0 0 0 1 1 1 1 0 0 0 0 ]
d13=4.760374355556 eijMax=3.151E-03 rmsd=5.130E-01 s=[ 0 0 0 1 0 0 0 0 1 1 1 1 ]
d13=4.760374355556 eijMax=9.702E-03 rmsd=9.101E-01 s=[ 0 0 0 1 0 0 1 0 1 1 1 1 ]
d13=4.760374355556 eijMax=4.723E-03 rmsd=9.029E-01 s=[ 0 0 0 1 0 0 1 1 1 1 1 1 ]
d13=4.760374355556 eijMax=9.193E-03 rmsd=1.021E+00 s=[ 0 0 0 1 0 1 1 0 1 1 1 1 ]
d13=4.761343103854 eijMax=9.555E-03 rmsd=1.023E+00 s=[ 0 0 0 0 1 0 0 1 0 0 0 0 ]
d13=4.761343103854 eijMax=5.169E-03 rmsd=9.051E-01 s=[ 0 0 0 0 1 1 0 0 0 0 0 0 ]
d13=4.761343103854 eijMax=9.372E-03 rmsd=9.124E-01 s=[ 0 0 0 0 1 1 0 1 0 0 0 0 ]
d13=4.761343103854 eijMax=2.593E-03 rmsd=5.107E-01 s=[ 0 0 0 0 1 1 1 1 0 0 0 0 ]
d13=4.761343103854 eijMax=2.593E-03 rmsd=5.107E-01 s=[ 0 0 0 1 0 0 0 0 1 1 1 1 ]
d13=4.761343103854 eijMax=9.372E-03 rmsd=9.124E-01 s=[ 0 0 0 1 0 0 1 0 1 1 1 1 ]
d13=4.761343103854 eijMax=5.169E-03 rmsd=9.051E-01 s=[ 0 0 0 1 0 0 1 1 1 1 1 1 ]
d13=4.761343103854 eijMax=9.555E-03 rmsd=1.023E+00 s=[ 0 0 0 1 0 1 1 0 1 1 1 1 ]
d13=4.762311852152 eijMax=9.920E-03 rmsd=1.025E+00 s=[ 0 0 0 0 1 0 0 1 0 0 0 0 ]
d13=4.762311852152 eijMax=5.616E-03 rmsd=9.072E-01 s=[ 0 0 0 0 1 1 0 0 0 0 0 0 ]
d13=4.762311852152 eijMax=9.041E-03 rmsd=9.147E-01 s=[ 0 0 0 0 1 1 0 1 0 0 0 0 ]
d13=4.762311852152 eijMax=2.027E-03 rmsd=5.084E-01 s=[ 0 0 0 0 1 1 1 1 0 0 0 0 ]
d13=4.762311852152 eijMax=2.027E-03 rmsd=5.084E-01 s=[ 0 0 0 1 0 0 0 0 1 1 1 1 ]
d13=4.762311852152 eijMax=9.041E-03 rmsd=9.147E-01 s=[ 0 0 0 1 0 0 1 0 1 1 1 1 ]
d13=4.762311852152 eijMax=5.616E-03 rmsd=9.072E-01 s=[ 0 0 0 1 0 0 1 1 1 1 1 1 ]
d13=4.762311852152 eijMax=9.920E-03 rmsd=1.025E+00 s=[ 0 0 0 1 0 1 1 0 1 1 1 1 ]
d13=4.763280600450 eijMax=6.065E-03 rmsd=9.094E-01 s=[ 0 0 0 0 1 1 0 0 0 0 0 0 ]
d13=4.763280600450 eijMax=8.707E-03 rmsd=9.170E-01 s=[ 0 0 0 0 1 1 0 1 0 0 0 0 ]
d13=4.763280600450 eijMax=1.453E-03 rmsd=5.061E-01 s=[ 0 0 0 0 1 1 1 1 0 0 0 0 ]
d13=4.763280600450 eijMax=1.453E-03 rmsd=5.061E-01 s=[ 0 0 0 1 0 0 0 0 1 1 1 1 ]
d13=4.763280600450 eijMax=8.707E-03 rmsd=9.170E-01 s=[ 0 0 0 1 0 0 1 0 1 1 1 1 ]
d13=4.763280600450 eijMax=6.065E-03 rmsd=9.094E-01 s=[ 0 0 0 1 0 0 1 1 1 1 1 1 ]
d13=4.764249348749 eijMax=6.516E-03 rmsd=9.116E-01 s=[ 0 0 0 0 1 1 0 0 0 0 0 0 ]
d13=4.764249348749 eijMax=8.372E-03 rmsd=9.193E-01 s=[ 0 0 0 0 1 1 0 1 0 0 0 0 ]
d13=4.764249348749 eijMax=8.703E-04 rmsd=5.038E-01 s=[ 0 0 0 0 1 1 1 1 0 0 0 0 ]
d13=4.764249348749 eijMax=8.703E-04 rmsd=5.038E-01 s=[ 0 0 0 1 0 0 0 0 1 1 1 1 ]
d13=4.764249348749 eijMax=8.372E-03 rmsd=9.193E-01 s=[ 0 0 0 1 0 0 1 0 1 1 1 1 ]
d13=4.764249348749 eijMax=6.516E-03 rmsd=9.116E-01 s=[ 0 0 0 1 0 0 1 1 1 1 1 1 ]
d13=4.765218097047 eijMax=6.968E-03 rmsd=9.137E-01 s=[ 0 0 0 0 1 1 0 0 0 0 0 0 ]
d13=4.765218097047 eijMax=8.035E-03 rmsd=9.216E-01 s=[ 0 0 0 0 1 1 0 1 0 0 0 0 ]
d13=4.765218097047 eijMax=2.791E-04 rmsd=5.015E-01 s=[ 0 0 0 0 1 1 1 1 0 0 0 0 ]
d13=4.765218097047 eijMax=2.791E-04 rmsd=5.015E-01 s=[ 0 0 0 1 0 0 0 0 1 1 1 1 ]
d13=4.765218097047 eijMax=8.035E-03 rmsd=9.216E-01 s=[ 0 0 0 1 0 0 1 0 1 1 1 1 ]
d13=4.765218097047 eijMax=6.968E-03 rmsd=9.137E-01 s=[ 0 0 0 1 0 0 1 1 1 1 1 1 ]
d13=4.766186845345 eijMax=7.422E-03 rmsd=9.159E-01 s=[ 0 0 0 0 1 1 0 0 0 0 0 0 ]
d13=4.766186845345 eijMax=7.696E-03 rmsd=9.240E-01 s=[ 0 0 0 0 1 1 0 1 0 0 0 0 ]
d13=4.766186845345 eijMax=3.208E-04 rmsd=4.993E-01 s=[ 0 0 0 0 1 1 1 1 0 0 0 0 ]
d13=4.766186845345 eijMax=3.208E-04 rmsd=4.993E-01 s=[ 0 0 0 1 0 0 0 0 1 1 1 1 ]
d13=4.766186845345 eijMax=7.696E-03 rmsd=9.240E-01 s=[ 0 0 0 1 0 0 1 0 1 1 1 1 ]
d13=4.766186845345 eijMax=7.422E-03 rmsd=9.159E-01 s=[ 0 0 0 1 0 0 1 1 1 1 1 1 ]
d13=4.767155593644 eijMax=7.879E-03 rmsd=9.181E-01 s=[ 0 0 0 0 1 1 0 0 0 0 0 0 ]
d13=4.767155593644 eijMax=7.354E-03 rmsd=9.263E-01 s=[ 0 0 0 0 1 1 0 1 0 0 0 0 ]
d13=4.767155593644 eijMax=9.299E-04 rmsd=4.970E-01 s=[ 0 0 0 0 1 1 1 1 0 0 0 0 ]
d13=4.767155593644 eijMax=9.299E-04 rmsd=4.970E-01 s=[ 0 0 0 1 0 0 0 0 1 1 1 1 ]
d13=4.767155593644 eijMax=7.354E-03 rmsd=9.263E-01 s=[ 0 0 0 1 0 0 1 0 1 1 1 1 ]
d13=4.767155593644 eijMax=7.879E-03 rmsd=9.181E-01 s=[ 0 0 0 1 0 0 1 1 1 1 1 1 ]
d13=4.768124341942 eijMax=8.337E-03 rmsd=9.204E-01 s=[ 0 0 0 0 1 1 0 0 0 0 0 0 ]
d13=4.768124341942 eijMax=7.011E-03 rmsd=9.286E-01 s=[ 0 0 0 0 1 1 0 1 0 0 0 0 ]
d13=4.768124341942 eijMax=1.548E-03 rmsd=4.948E-01 s=[ 0 0 0 0 1 1 1 1 0 0 0 0 ]
d13=4.768124341942 eijMax=1.548E-03 rmsd=4.948E-01 s=[ 0 0 0 1 0 0 0 0 1 1 1 1 ]
d13=4.768124341942 eijMax=7.011E-03 rmsd=9.286E-01 s=[ 0 0 0 1 0 0 1 0 1 1 1 1 ]
d13=4.768124341942 eijMax=8.337E-03 rmsd=9.204E-01 s=[ 0 0 0 1 0 0 1 1 1 1 1 1 ]
d13=4.769093090240 eijMax=8.797E-03 rmsd=9.226E-01 s=[ 0 0 0 0 1 1 0 0 0 0 0 0 ]
d13=4.769093090240 eijMax=6.666E-03 rmsd=9.309E-01 s=[ 0 0 0 0 1 1 0 1 0 0 0 0 ]
d13=4.769093090240 eijMax=2.176E-03 rmsd=4.926E-01 s=[ 0 0 0 0 1 1 1 1 0 0 0 0 ]
d13=4.769093090240 eijMax=2.176E-03 rmsd=4.926E-01 s=[ 0 0 0 1 0 0 0 0 1 1 1 1 ]
d13=4.769093090240 eijMax=6.666E-03 rmsd=9.309E-01 s=[ 0 0 0 1 0 0 1 0 1 1 1 1 ]
d13=4.769093090240 eijMax=8.797E-03 rmsd=9.226E-01 s=[ 0 0 0 1 0 0 1 1 1 1 1 1 ]
d13=4.770061838539 eijMax=9.260E-03 rmsd=9.248E-01 s=[ 0 0 0 0 1 1 0 0 0 0 0 0 ]
d13=4.770061838539 eijMax=6.319E-03 rmsd=9.332E-01 s=[ 0 0 0 0 1 1 0 1 0 0 0 0 ]
d13=4.770061838539 eijMax=2.814E-03 rmsd=4.904E-01 s=[ 0 0 0 0 1 1 1 1 0 0 0 0 ]
d13=4.770061838539 eijMax=2.814E-03 rmsd=4.904E-01 s=[ 0 0 0 1 0 0 0 0 1 1 1 1 ]
d13=4.770061838539 eijMax=6.319E-03 rmsd=9.332E-01 s=[ 0 0 0 1 0 0 1 0 1 1 1 1 ]
d13=4.770061838539 eijMax=9.260E-03 rmsd=9.248E-01 s=[ 0 0 0 1 0 0 1 1 1 1 1 1 ]
d13=4.771030586837 eijMax=9.724E-03 rmsd=9.271E-01 s=[ 0 0 0 0 1 1 0 0 0 0 0 0 ]
d13=4.771030586837 eijMax=5.969E-03 rmsd=9.356E-01 s=[ 0 0 0 0 1 1 0 1 0 0 0 0 ]
d13=4.771030586837 eijMax=3.462E-03 rmsd=4.883E-01 s=[ 0 0 0 0 1 1 1 1 0 0 0 0 ]
d13=4.771030586837 eijMax=3.462E-03 rmsd=4.883E-01 s=[ 0 0 0 1 0 0 0 0 1 1 1 1 ]
d13=4.771030586837 eijMax=5.969E-03 rmsd=9.356E-01 s=[ 0 0 0 1 0 0 1 0 1 1 1 1 ]
d13=4.771030586837 eijMax=9.724E-03 rmsd=9.271E-01 s=[ 0 0 0 1 0 0 1 1 1 1 1 1 ]
d13=4.771999335135 eijMax=5.617E-03 rmsd=9.379E-01 s=[ 0 0 0 0 1 1 0 1 0 0 0 0 ]
d13=4.771999335135 eijMax=4.121E-03 rmsd=4.861E-01 s=[ 0 0 0 0 1 1 1 1 0 0 0 0 ]
d13=4.771999335135 eijMax=4.121E-03 rmsd=4.861E-01 s=[ 0 0 0 1 0 0 0 0 1 1 1 1 ]
d13=4.771999335135 eijMax=5.617E-03 rmsd=9.379E-01 s=[ 0 0 0 1 0 0 1 0 1 1 1 1 ]
d13=4.772968083433 eijMax=5.263E-03 rmsd=9.403E-01 s=[ 0 0 0 0 1 1 0 1 0 0 0 0 ]
d13=4.772968083433 eijMax=4.790E-03 rmsd=4.840E-01 s=[ 0 0 0 0 1 1 1 1 0 0 0 0 ]
d13=4.772968083433 eijMax=4.790E-03 rmsd=4.840E-01 s=[ 0 0 0 1 0 0 0 0 1 1 1 1 ]
d13=4.772968083433 eijMax=5.263E-03 rmsd=9.403E-01 s=[ 0 0 0 1 0 0 1 0 1 1 1 1 ]
d13=4.773936831732 eijMax=4.907E-03 rmsd=9.426E-01 s=[ 0 0 0 0 1 1 0 1 0 0 0 0 ]
d13=4.773936831732 eijMax=5.471E-03 rmsd=4.819E-01 s=[ 0 0 0 0 1 1 1 1 0 0 0 0 ]
d13=4.773936831732 eijMax=5.471E-03 rmsd=4.819E-01 s=[ 0 0 0 1 0 0 0 0 1 1 1 1 ]
d13=4.773936831732 eijMax=4.907E-03 rmsd=9.426E-01 s=[ 0 0 0 1 0 0 1 0 1 1 1 1 ]
d13=4.774905580030 eijMax=4.548E-03 rmsd=9.450E-01 s=[ 0 0 0 0 1 1 0 1 0 0 0 0 ]
d13=4.774905580030 eijMax=6.163E-03 rmsd=4.799E-01 s=[ 0 0 0 0 1 1 1 1 0 0 0 0 ]
d13=4.774905580030 eijMax=6.163E-03 rmsd=4.799E-01 s=[ 0 0 0 1 0 0 0 0 1 1 1 1 ]
d13=4.774905580030 eijMax=4.548E-03 rmsd=9.450E-01 s=[ 0 0 0 1 0 0 1 0 1 1 1 1 ]
d13=4.775874328328 eijMax=4.187E-03 rmsd=9.473E-01 s=[ 0 0 0 0 1 1 0 1 0 0 0 0 ]
d13=4.775874328328 eijMax=6.867E-03 rmsd=4.779E-01 s=[ 0 0 0 0 1 1 1 1 0 0 0 0 ]
d13=4.775874328328 eijMax=6.867E-03 rmsd=4.779E-01 s=[ 0 0 0 1 0 0 0 0 1 1 1 1 ]
d13=4.775874328328 eijMax=4.187E-03 rmsd=9.473E-01 s=[ 0 0 0 1 0 0 1 0 1 1 1 1 ]
d13=4.776843076627 eijMax=3.824E-03 rmsd=9.497E-01 s=[ 0 0 0 0 1 1 0 1 0 0 0 0 ]
d13=4.776843076627 eijMax=7.584E-03 rmsd=4.759E-01 s=[ 0 0 0 0 1 1 1 1 0 0 0 0 ]
d13=4.776843076627 eijMax=7.584E-03 rmsd=4.759E-01 s=[ 0 0 0 1 0 0 0 0 1 1 1 1 ]
d13=4.776843076627 eijMax=3.824E-03 rmsd=9.497E-01 s=[ 0 0 0 1 0 0 1 0 1 1 1 1 ]
d13=4.777811824925 eijMax=3.458E-03 rmsd=9.521E-01 s=[ 0 0 0 0 1 1 0 1 0 0 0 0 ]
d13=4.777811824925 eijMax=8.313E-03 rmsd=4.739E-01 s=[ 0 0 0 0 1 1 1 1 0 0 0 0 ]
d13=4.777811824925 eijMax=8.313E-03 rmsd=4.739E-01 s=[ 0 0 0 1 0 0 0 0 1 1 1 1 ]
d13=4.777811824925 eijMax=3.458E-03 rmsd=9.521E-01 s=[ 0 0 0 1 0 0 1 0 1 1 1 1 ]
d13=4.778780573223 eijMax=3.089E-03 rmsd=9.545E-01 s=[ 0 0 0 0 1 1 0 1 0 0 0 0 ]
d13=4.778780573223 eijMax=9.056E-03 rmsd=4.720E-01 s=[ 0 0 0 0 1 1 1 1 0 0 0 0 ]
d13=4.778780573223 eijMax=9.056E-03 rmsd=4.720E-01 s=[ 0 0 0 1 0 0 0 0 1 1 1 1 ]
d13=4.778780573223 eijMax=3.089E-03 rmsd=9.545E-01 s=[ 0 0 0 1 0 0 1 0 1 1 1 1 ]
d13=4.779749321522 eijMax=2.718E-03 rmsd=9.569E-01 s=[ 0 0 0 0 1 1 0 1 0 0 0 0 ]
d13=4.779749321522 eijMax=9.812E-03 rmsd=4.701E-01 s=[ 0 0 0 0 1 1 1 1 0 0 0 0 ]
d13=4.779749321522 eijMax=9.812E-03 rmsd=4.701E-01 s=[ 0 0 0 1 0 0 0 0 1 1 1 1 ]
d13=4.779749321522 eijMax=2.718E-03 rmsd=9.569E-01 s=[ 0 0 0 1 0 0 1 0 1 1 1 1 ]
d13=4.780718069820 eijMax=2.345E-03 rmsd=9.593E-01 s=[ 0 0 0 0 1 1 0 1 0 0 0 0 ]
d13=4.780718069820 eijMax=2.345E-03 rmsd=9.593E-01 s=[ 0 0 0 1 0 0 1 0 1 1 1 1 ]
d13=4.781686818118 eijMax=1.968E-03 rmsd=9.617E-01 s=[ 0 0 0 0 1 1 0 1 0 0 0 0 ]
d13=4.781686818118 eijMax=9.951E-03 rmsd=6.958E-01 s=[ 0 0 0 0 1 1 1 0 0 0 0 0 ]
d13=4.781686818118 eijMax=9.951E-03 rmsd=6.958E-01 s=[ 0 0 0 1 0 0 0 1 1 1 1 1 ]
d13=4.781686818118 eijMax=1.968E-03 rmsd=9.617E-01 s=[ 0 0 0 1 0 0 1 0 1 1 1 1 ]
d13=4.782655566416 eijMax=1.589E-03 rmsd=9.641E-01 s=[ 0 0 0 0 1 1 0 1 0 0 0 0 ]
d13=4.782655566416 eijMax=9.611E-03 rmsd=6.955E-01 s=[ 0 0 0 0 1 1 1 0 0 0 0 0 ]
d13=4.782655566416 eijMax=9.611E-03 rmsd=6.955E-01 s=[ 0 0 0 1 0 0 0 1 1 1 1 1 ]
d13=4.782655566416 eijMax=1.589E-03 rmsd=9.641E-01 s=[ 0 0 0 1 0 0 1 0 1 1 1 1 ]
d13=4.783624314715 eijMax=1.208E-03 rmsd=9.666E-01 s=[ 0 0 0 0 1 1 0 1 0 0 0 0 ]
d13=4.783624314715 eijMax=9.265E-03 rmsd=6.952E-01 s=[ 0 0 0 0 1 1 1 0 0 0 0 0 ]
d13=4.783624314715 eijMax=9.265E-03 rmsd=6.952E-01 s=[ 0 0 0 1 0 0 0 1 1 1 1 1 ]
d13=4.783624314715 eijMax=1.208E-03 rmsd=9.666E-01 s=[ 0 0 0 1 0 0 1 0 1 1 1 1 ]
d13=4.784593063013 eijMax=8.228E-04 rmsd=9.690E-01 s=[ 0 0 0 0 1 1 0 1 0 0 0 0 ]
d13=4.784593063013 eijMax=8.914E-03 rmsd=6.949E-01 s=[ 0 0 0 0 1 1 1 0 0 0 0 0 ]
d13=4.784593063013 eijMax=8.914E-03 rmsd=6.949E-01 s=[ 0 0 0 1 0 0 0 1 1 1 1 1 ]
d13=4.784593063013 eijMax=8.228E-04 rmsd=9.690E-01 s=[ 0 0 0 1 0 0 1 0 1 1 1 1 ]
d13=4.785561811311 eijMax=4.352E-04 rmsd=9.715E-01 s=[ 0 0 0 0 1 1 0 1 0 0 0 0 ]
d13=4.785561811311 eijMax=8.557E-03 rmsd=6.945E-01 s=[ 0 0 0 0 1 1 1 0 0 0 0 0 ]
d13=4.785561811311 eijMax=8.557E-03 rmsd=6.945E-01 s=[ 0 0 0 1 0 0 0 1 1 1 1 1 ]
d13=4.785561811311 eijMax=4.352E-04 rmsd=9.715E-01 s=[ 0 0 0 1 0 0 1 0 1 1 1 1 ]
d13=4.786530559610 eijMax=4.451E-05 rmsd=9.739E-01 s=[ 0 0 0 0 1 1 0 1 0 0 0 0 ]
d13=4.786530559610 eijMax=8.195E-03 rmsd=6.942E-01 s=[ 0 0 0 0 1 1 1 0 0 0 0 0 ]
d13=4.786530559610 eijMax=8.195E-03 rmsd=6.942E-01 s=[ 0 0 0 1 0 0 0 1 1 1 1 1 ]
d13=4.786530559610 eijMax=4.451E-05 rmsd=9.739E-01 s=[ 0 0 0 1 0 0 1 0 1 1 1 1 ]
d13=4.787499307908 eijMax=3.492E-04 rmsd=9.764E-01 s=[ 0 0 0 0 1 1 0 1 0 0 0 0 ]
d13=4.787499307908 eijMax=7.826E-03 rmsd=6.939E-01 s=[ 0 0 0 0 1 1 1 0 0 0 0 0 ]
d13=4.787499307908 eijMax=7.826E-03 rmsd=6.939E-01 s=[ 0 0 0 1 0 0 0 1 1 1 1 1 ]
d13=4.787499307908 eijMax=3.492E-04 rmsd=9.764E-01 s=[ 0 0 0 1 0 0 1 0 1 1 1 1 ]
d13=4.788468056206 eijMax=7.461E-04 rmsd=9.789E-01 s=[ 0 0 0 0 1 1 0 1 0 0 0 0 ]
d13=4.788468056206 eijMax=7.451E-03 rmsd=6.936E-01 s=[ 0 0 0 0 1 1 1 0 0 0 0 0 ]
d13=4.788468056206 eijMax=7.451E-03 rmsd=6.936E-01 s=[ 0 0 0 1 0 0 0 1 1 1 1 1 ]
d13=4.788468056206 eijMax=7.461E-04 rmsd=9.789E-01 s=[ 0 0 0 1 0 0 1 0 1 1 1 1 ]
d13=4.789436804505 eijMax=1.146E-03 rmsd=9.814E-01 s=[ 0 0 0 0 1 1 0 1 0 0 0 0 ]
d13=4.789436804505 eijMax=7.070E-03 rmsd=6.932E-01 s=[ 0 0 0 0 1 1 1 0 0 0 0 0 ]
d13=4.789436804505 eijMax=7.070E-03 rmsd=6.932E-01 s=[ 0 0 0 1 0 0 0 1 1 1 1 1 ]
d13=4.789436804505 eijMax=1.146E-03 rmsd=9.814E-01 s=[ 0 0 0 1 0 0 1 0 1 1 1 1 ]
d13=4.790405552803 eijMax=1.549E-03 rmsd=9.840E-01 s=[ 0 0 0 0 1 1 0 1 0 0 0 0 ]
d13=4.790405552803 eijMax=6.682E-03 rmsd=6.929E-01 s=[ 0 0 0 0 1 1 1 0 0 0 0 0 ]
d13=4.790405552803 eijMax=6.682E-03 rmsd=6.929E-01 s=[ 0 0 0 1 0 0 0 1 1 1 1 1 ]
d13=4.790405552803 eijMax=1.549E-03 rmsd=9.840E-01 s=[ 0 0 0 1 0 0 1 0 1 1 1 1 ]
d13=4.791374301101 eijMax=1.956E-03 rmsd=9.865E-01 s=[ 0 0 0 0 1 1 0 1 0 0 0 0 ]
d13=4.791374301101 eijMax=6.288E-03 rmsd=6.926E-01 s=[ 0 0 0 0 1 1 1 0 0 0 0 0 ]
d13=4.791374301101 eijMax=6.288E-03 rmsd=6.926E-01 s=[ 0 0 0 1 0 0 0 1 1 1 1 1 ]
d13=4.791374301101 eijMax=1.956E-03 rmsd=9.865E-01 s=[ 0 0 0 1 0 0 1 0 1 1 1 1 ]
d13=4.792343049399 eijMax=2.366E-03 rmsd=9.891E-01 s=[ 0 0 0 0 1 1 0 1 0 0 0 0 ]
d13=4.792343049399 eijMax=5.886E-03 rmsd=6.922E-01 s=[ 0 0 0 0 1 1 1 0 0 0 0 0 ]
d13=4.792343049399 eijMax=5.886E-03 rmsd=6.922E-01 s=[ 0 0 0 1 0 0 0 1 1 1 1 1 ]
d13=4.792343049399 eijMax=2.366E-03 rmsd=9.891E-01 s=[ 0 0 0 1 0 0 1 0 1 1 1 1 ]
d13=4.793311797698 eijMax=2.780E-03 rmsd=9.916E-01 s=[ 0 0 0 0 1 1 0 1 0 0 0 0 ]
d13=4.793311797698 eijMax=5.478E-03 rmsd=6.919E-01 s=[ 0 0 0 0 1 1 1 0 0 0 0 0 ]
d13=4.793311797698 eijMax=5.478E-03 rmsd=6.919E-01 s=[ 0 0 0 1 0 0 0 1 1 1 1 1 ]
d13=4.793311797698 eijMax=2.780E-03 rmsd=9.916E-01 s=[ 0 0 0 1 0 0 1 0 1 1 1 1 ]
d13=4.794280545996 eijMax=3.197E-03 rmsd=9.942E-01 s=[ 0 0 0 0 1 1 0 1 0 0 0 0 ]
d13=4.794280545996 eijMax=5.062E-03 rmsd=6.916E-01 s=[ 0 0 0 0 1 1 1 0 0 0 0 0 ]
d13=4.794280545996 eijMax=5.062E-03 rmsd=6.916E-01 s=[ 0 0 0 1 0 0 0 1 1 1 1 1 ]
d13=4.794280545996 eijMax=3.197E-03 rmsd=9.942E-01 s=[ 0 0 0 1 0 0 1 0 1 1 1 1 ]
d13=4.795249294294 eijMax=3.618E-03 rmsd=9.969E-01 s=[ 0 0 0 0 1 1 0 1 0 0 0 0 ]
d13=4.795249294294 eijMax=4.639E-03 rmsd=6.912E-01 s=[ 0 0 0 0 1 1 1 0 0 0 0 0 ]
d13=4.795249294294 eijMax=4.639E-03 rmsd=6.912E-01 s=[ 0 0 0 1 0 0 0 1 1 1 1 1 ]
d13=4.795249294294 eijMax=3.618E-03 rmsd=9.969E-01 s=[ 0 0 0 1 0 0 1 0 1 1 1 1 ]
d13=4.796218042593 eijMax=4.043E-03 rmsd=9.995E-01 s=[ 0 0 0 0 1 1 0 1 0 0 0 0 ]
d13=4.796218042593 eijMax=4.208E-03 rmsd=6.909E-01 s=[ 0 0 0 0 1 1 1 0 0 0 0 0 ]
d13=4.796218042593 eijMax=4.208E-03 rmsd=6.909E-01 s=[ 0 0 0 1 0 0 0 1 1 1 1 1 ]
d13=4.796218042593 eijMax=4.043E-03 rmsd=9.995E-01 s=[ 0 0 0 1 0 0 1 0 1 1 1 1 ]
d13=4.797186790891 eijMax=4.472E-03 rmsd=1.002E+00 s=[ 0 0 0 0 1 1 0 1 0 0 0 0 ]
d13=4.797186790891 eijMax=3.769E-03 rmsd=6.905E-01 s=[ 0 0 0 0 1 1 1 0 0 0 0 0 ]
d13=4.797186790891 eijMax=3.769E-03 rmsd=6.905E-01 s=[ 0 0 0 1 0 0 0 1 1 1 1 1 ]
d13=4.797186790891 eijMax=4.472E-03 rmsd=1.002E+00 s=[ 0 0 0 1 0 0 1 0 1 1 1 1 ]
d13=4.798155539189 eijMax=4.905E-03 rmsd=1.005E+00 s=[ 0 0 0 0 1 1 0 1 0 0 0 0 ]
d13=4.798155539189 eijMax=3.321E-03 rmsd=6.902E-01 s=[ 0 0 0 0 1 1 1 0 0 0 0 0 ]
d13=4.798155539189 eijMax=3.321E-03 rmsd=6.902E-01 s=[ 0 0 0 1 0 0 0 1 1 1 1 1 ]
d13=4.798155539189 eijMax=4.905E-03 rmsd=1.005E+00 s=[ 0 0 0 1 0 0 1 0 1 1 1 1 ]
d13=4.799124287487 eijMax=5.342E-03 rmsd=1.007E+00 s=[ 0 0 0 0 1 1 0 1 0 0 0 0 ]
d13=4.799124287487 eijMax=2.865E-03 rmsd=6.898E-01 s=[ 0 0 0 0 1 1 1 0 0 0 0 0 ]
d13=4.799124287487 eijMax=2.865E-03 rmsd=6.898E-01 s=[ 0 0 0 1 0 0 0 1 1 1 1 1 ]
d13=4.799124287487 eijMax=5.342E-03 rmsd=1.007E+00 s=[ 0 0 0 1 0 0 1 0 1 1 1 1 ]
d13=4.800093035786 eijMax=5.783E-03 rmsd=1.010E+00 s=[ 0 0 0 0 1 1 0 1 0 0 0 0 ]
d13=4.800093035786 eijMax=2.401E-03 rmsd=6.895E-01 s=[ 0 0 0 0 1 1 1 0 0 0 0 0 ]
d13=4.800093035786 eijMax=2.401E-03 rmsd=6.895E-01 s=[ 0 0 0 1 0 0 0 1 1 1 1 1 ]
d13=4.800093035786 eijMax=5.783E-03 rmsd=1.010E+00 s=[ 0 0 0 1 0 0 1 0 1 1 1 1 ]
d13=4.801061784084 eijMax=6.229E-03 rmsd=1.013E+00 s=[ 0 0 0 0 1 1 0 1 0 0 0 0 ]
d13=4.801061784084 eijMax=1.927E-03 rmsd=6.891E-01 s=[ 0 0 0 0 1 1 1 0 0 0 0 0 ]
d13=4.801061784084 eijMax=1.927E-03 rmsd=6.891E-01 s=[ 0 0 0 1 0 0 0 1 1 1 1 1 ]
d13=4.801061784084 eijMax=6.229E-03 rmsd=1.013E+00 s=[ 0 0 0 1 0 0 1 0 1 1 1 1 ]
d13=4.802030532382 eijMax=6.679E-03 rmsd=1.016E+00 s=[ 0 0 0 0 1 1 0 1 0 0 0 0 ]
d13=4.802030532382 eijMax=1.443E-03 rmsd=6.887E-01 s=[ 0 0 0 0 1 1 1 0 0 0 0 0 ]
d13=4.802030532382 eijMax=1.443E-03 rmsd=6.887E-01 s=[ 0 0 0 1 0 0 0 1 1 1 1 1 ]
d13=4.802030532382 eijMax=6.679E-03 rmsd=1.016E+00 s=[ 0 0 0 1 0 0 1 0 1 1 1 1 ]
d13=4.802999280681 eijMax=7.134E-03 rmsd=1.018E+00 s=[ 0 0 0 0 1 1 0 1 0 0 0 0 ]
d13=4.802999280681 eijMax=9.497E-04 rmsd=6.884E-01 s=[ 0 0 0 0 1 1 1 0 0 0 0 0 ]
d13=4.802999280681 eijMax=9.497E-04 rmsd=6.884E-01 s=[ 0 0 0 1 0 0 0 1 1 1 1 1 ]
d13=4.802999280681 eijMax=7.134E-03 rmsd=1.018E+00 s=[ 0 0 0 1 0 0 1 0 1 1 1 1 ]
d13=4.803968028979 eijMax=7.594E-03 rmsd=1.021E+00 s=[ 0 0 0 0 1 1 0 1 0 0 0 0 ]
d13=4.803968028979 eijMax=4.461E-04 rmsd=6.880E-01 s=[ 0 0 0 0 1 1 1 0 0 0 0 0 ]
d13=4.803968028979 eijMax=4.461E-04 rmsd=6.880E-01 s=[ 0 0 0 1 0 0 0 1 1 1 1 1 ]
d13=4.803968028979 eijMax=7.594E-03 rmsd=1.021E+00 s=[ 0 0 0 1 0 0 1 0 1 1 1 1 ]
d13=4.804936777277 eijMax=8.058E-03 rmsd=1.024E+00 s=[ 0 0 0 0 1 1 0 1 0 0 0 0 ]
d13=4.804936777277 eijMax=6.818E-05 rmsd=6.876E-01 s=[ 0 0 0 0 1 1 1 0 0 0 0 0 ]
d13=4.804936777277 eijMax=6.818E-05 rmsd=6.876E-01 s=[ 0 0 0 1 0 0 0 1 1 1 1 1 ]
d13=4.804936777277 eijMax=8.058E-03 rmsd=1.024E+00 s=[ 0 0 0 1 0 0 1 0 1 1 1 1 ]
d13=4.805905525576 eijMax=8.528E-03 rmsd=1.027E+00 s=[ 0 0 0 0 1 1 0 1 0 0 0 0 ]
d13=4.805905525576 eijMax=5.935E-04 rmsd=6.873E-01 s=[ 0 0 0 0 1 1 1 0 0 0 0 0 ]
d13=4.805905525576 eijMax=5.935E-04 rmsd=6.873E-01 s=[ 0 0 0 1 0 0 0 1 1 1 1 1 ]
d13=4.805905525576 eijMax=8.528E-03 rmsd=1.027E+00 s=[ 0 0 0 1 0 0 1 0 1 1 1 1 ]
d13=4.806874273874 eijMax=9.003E-03 rmsd=1.030E+00 s=[ 0 0 0 0 1 1 0 1 0 0 0 0 ]
d13=4.806874273874 eijMax=1.130E-03 rmsd=6.869E-01 s=[ 0 0 0 0 1 1 1 0 0 0 0 0 ]
d13=4.806874273874 eijMax=1.130E-03 rmsd=6.869E-01 s=[ 0 0 0 1 0 0 0 1 1 1 1 1 ]
d13=4.806874273874 eijMax=9.003E-03 rmsd=1.030E+00 s=[ 0 0 0 1 0 0 1 0 1 1 1 1 ]
d13=4.807843022172 eijMax=9.483E-03 rmsd=1.033E+00 s=[ 0 0 0 0 1 1 0 1 0 0 0 0 ]
d13=4.807843022172 eijMax=1.679E-03 rmsd=6.865E-01 s=[ 0 0 0 0 1 1 1 0 0 0 0 0 ]
d13=4.807843022172 eijMax=1.679E-03 rmsd=6.865E-01 s=[ 0 0 0 1 0 0 0 1 1 1 1 1 ]
d13=4.807843022172 eijMax=9.483E-03 rmsd=1.033E+00 s=[ 0 0 0 1 0 0 1 0 1 1 1 1 ]
d13=4.808811770470 eijMax=9.969E-03 rmsd=1.036E+00 s=[ 0 0 0 0 1 1 0 1 0 0 0 0 ]
d13=4.808811770470 eijMax=2.240E-03 rmsd=6.861E-01 s=[ 0 0 0 0 1 1 1 0 0 0 0 0 ]
d13=4.808811770470 eijMax=2.240E-03 rmsd=6.861E-01 s=[ 0 0 0 1 0 0 0 1 1 1 1 1 ]
d13=4.808811770470 eijMax=9.969E-03 rmsd=1.036E+00 s=[ 0 0 0 1 0 0 1 0 1 1 1 1 ]
d13=4.809780518769 eijMax=2.815E-03 rmsd=6.858E-01 s=[ 0 0 0 0 1 1 1 0 0 0 0 0 ]
d13=4.809780518769 eijMax=2.815E-03 rmsd=6.858E-01 s=[ 0 0 0 1 0 0 0 1 1 1 1 1 ]
d13=4.810749267067 eijMax=3.402E-03 rmsd=6.854E-01 s=[ 0 0 0 0 1 1 1 0 0 0 0 0 ]
d13=4.810749267067 eijMax=3.402E-03 rmsd=6.854E-01 s=[ 0 0 0 1 0 0 0 1 1 1 1 1 ]
d13=4.811718015365 eijMax=4.005E-03 rmsd=6.850E-01 s=[ 0 0 0 0 1 1 1 0 0 0 0 0 ]
d13=4.811718015365 eijMax=4.005E-03 rmsd=6.850E-01 s=[ 0 0 0 1 0 0 0 1 1 1 1 1 ]
d13=4.812686763664 eijMax=4.622E-03 rmsd=6.846E-01 s=[ 0 0 0 0 1 1 1 0 0 0 0 0 ]
d13=4.812686763664 eijMax=4.622E-03 rmsd=6.846E-01 s=[ 0 0 0 1 0 0 0 1 1 1 1 1 ]
d13=4.813655511962 eijMax=5.254E-03 rmsd=6.842E-01 s=[ 0 0 0 0 1 1 1 0 0 0 0 0 ]
d13=4.813655511962 eijMax=5.254E-03 rmsd=6.842E-01 s=[ 0 0 0 1 0 0 0 1 1 1 1 1 ]
d13=4.814624260260 eijMax=5.903E-03 rmsd=6.839E-01 s=[ 0 0 0 0 1 1 1 0 0 0 0 0 ]
d13=4.814624260260 eijMax=5.903E-03 rmsd=6.839E-01 s=[ 0 0 0 1 0 0 0 1 1 1 1 1 ]
d13=4.815593008559 eijMax=6.569E-03 rmsd=6.835E-01 s=[ 0 0 0 0 1 1 1 0 0 0 0 0 ]
d13=4.815593008559 eijMax=6.569E-03 rmsd=6.835E-01 s=[ 0 0 0 1 0 0 0 1 1 1 1 1 ]
d13=4.816561756857 eijMax=7.253E-03 rmsd=6.831E-01 s=[ 0 0 0 0 1 1 1 0 0 0 0 0 ]
d13=4.816561756857 eijMax=7.253E-03 rmsd=6.831E-01 s=[ 0 0 0 1 0 0 0 1 1 1 1 1 ]
d13=4.817530505155 eijMax=7.956E-03 rmsd=6.828E-01 s=[ 0 0 0 0 1 1 1 0 0 0 0 0 ]
d13=4.817530505155 eijMax=7.956E-03 rmsd=6.828E-01 s=[ 0 0 0 1 0 0 0 1 1 1 1 1 ]
d13=4.818499253453 eijMax=8.680E-03 rmsd=6.824E-01 s=[ 0 0 0 0 1 1 1 0 0 0 0 0 ]
d13=4.818499253453 eijMax=8.680E-03 rmsd=6.824E-01 s=[ 0 0 0 1 0 0 0 1 1 1 1 1 ]
d13=4.819468001752 eijMax=9.424E-03 rmsd=6.821E-01 s=[ 0 0 0 0 1 1 1 0 0 0 0 0 ]
d13=4.819468001752 eijMax=9.424E-03 rmsd=6.821E-01 s=[ 0 0 0 1 0 0 0 1 1 1 1 1 ]
num ..... 1000
nnodes .. 12
nedges .. 36
nsols ... 952
tsecs ... 7.827570
