d13=4.232494601010 eijMax=9.771E-03 rmsd=2.476E+00 s=[ 0 0 0 0 0 0 0 1 1 0 0 0 ]
d13=4.232494601010 eijMax=9.506E-03 rmsd=2.403E+00 s=[ 0 0 0 0 0 0 1 0 1 0 0 0 ]
d13=4.232494601010 eijMax=9.762E-03 rmsd=2.259E+00 s=[ 0 0 0 0 0 0 1 1 1 0 0 0 ]
d13=4.232494601010 eijMax=4.983E-04 rmsd=1.958E+00 s=[ 0 0 0 0 1 0 0 0 1 0 0 0 ]
d13=4.232494601010 eijMax=4.983E-04 rmsd=1.958E+00 s=[ 0 0 0 1 0 1 1 1 0 1 1 1 ]
d13=4.232494601010 eijMax=9.762E-03 rmsd=2.259E+00 s=[ 0 0 0 1 1 1 0 0 0 1 1 1 ]
d13=4.232494601010 eijMax=9.506E-03 rmsd=2.403E+00 s=[ 0 0 0 1 1 1 0 1 0 1 1 1 ]
d13=4.232494601010 eijMax=9.771E-03 rmsd=2.476E+00 s=[ 0 0 0 1 1 1 1 0 0 1 1 1 ]
d13=4.281372356061 eijMax=7.890E-03 rmsd=2.232E+00 s=[ 0 0 0 0 0 0 0 1 0 0 0 0 ]
d13=4.281372356061 eijMax=7.890E-03 rmsd=2.232E+00 s=[ 0 0 0 1 1 1 1 0 1 1 1 1 ]
d13=4.340025662121 eijMax=9.321E-03 rmsd=1.796E+00 s=[ 0 0 0 0 0 0 1 0 1 0 0 0 ]
d13=4.340025662121 eijMax=9.321E-03 rmsd=1.796E+00 s=[ 0 0 0 1 1 1 0 1 0 1 1 1 ]
d13=4.349801213131 eijMax=6.551E-03 rmsd=1.750E+00 s=[ 0 0 0 0 0 0 1 0 1 0 0 0 ]
d13=4.349801213131 eijMax=6.551E-03 rmsd=1.750E+00 s=[ 0 0 0 1 1 1 0 1 0 1 1 1 ]
d13=4.359576764141 eijMax=2.948E-03 rmsd=1.700E+00 s=[ 0 0 0 0 0 0 1 0 1 0 0 0 ]
d13=4.359576764141 eijMax=2.948E-03 rmsd=1.700E+00 s=[ 0 0 0 1 1 1 0 1 0 1 1 1 ]
d13=4.369352315152 eijMax=1.876E-03 rmsd=1.646E+00 s=[ 0 0 0 0 0 0 1 0 1 0 0 0 ]
d13=4.369352315152 eijMax=1.876E-03 rmsd=1.646E+00 s=[ 0 0 0 1 1 1 0 1 0 1 1 1 ]
d13=4.379127866162 eijMax=8.929E-03 rmsd=1.581E+00 s=[ 0 0 0 0 0 0 1 0 1 0 0 0 ]
d13=4.379127866162 eijMax=8.929E-03 rmsd=1.581E+00 s=[ 0 0 0 1 1 1 0 1 0 1 1 1 ]
d13=4.613741090404 eijMax=5.896E-03 rmsd=4.964E-02 s=[ 0 0 0 0 1 0 1 1 0 0 0 0 ]
d13=4.613741090404 eijMax=5.896E-03 rmsd=4.964E-02 s=[ 0 0 0 1 0 1 0 0 1 1 1 1 ]
d13=4.623516641414 eijMax=1.032E-03 rmsd=8.646E-03 s=[ 0 0 0 0 1 0 1 1 0 0 0 0 ]
d13=4.623516641414 eijMax=1.032E-03 rmsd=8.646E-03 s=[ 0 0 0 1 0 1 0 0 1 1 1 1 ]
d13=4.633292192424 eijMax=4.290E-03 rmsd=3.575E-02 s=[ 0 0 0 0 1 0 1 1 0 0 0 0 ]
d13=4.633292192424 eijMax=4.290E-03 rmsd=3.575E-02 s=[ 0 0 0 1 0 1 0 0 1 1 1 1 ]
d13=4.643067743434 eijMax=8.631E-03 rmsd=8.654E-01 s=[ 0 0 0 0 1 0 0 0 0 0 0 0 ]
d13=4.643067743434 eijMax=8.631E-03 rmsd=8.654E-01 s=[ 0 0 0 1 0 1 1 1 1 1 1 1 ]
d13=4.652843294444 eijMax=5.788E-03 rmsd=8.750E-01 s=[ 0 0 0 0 1 0 0 0 0 0 0 0 ]
d13=4.652843294444 eijMax=5.788E-03 rmsd=8.750E-01 s=[ 0 0 0 1 0 1 1 1 1 1 1 1 ]
d13=4.662618845455 eijMax=2.867E-03 rmsd=8.853E-01 s=[ 0 0 0 0 1 0 0 0 0 0 0 0 ]
d13=4.662618845455 eijMax=2.867E-03 rmsd=8.853E-01 s=[ 0 0 0 1 0 1 1 1 1 1 1 1 ]
d13=4.672394396465 eijMax=1.385E-04 rmsd=8.962E-01 s=[ 0 0 0 0 1 0 0 0 0 0 0 0 ]
d13=4.672394396465 eijMax=1.385E-04 rmsd=8.962E-01 s=[ 0 0 0 1 0 1 1 1 1 1 1 1 ]
d13=4.682169947475 eijMax=3.235E-03 rmsd=9.078E-01 s=[ 0 0 0 0 1 0 0 0 0 0 0 0 ]
d13=4.682169947475 eijMax=3.235E-03 rmsd=9.078E-01 s=[ 0 0 0 1 0 1 1 1 1 1 1 1 ]
d13=4.691945498485 eijMax=6.431E-03 rmsd=9.202E-01 s=[ 0 0 0 0 1 0 0 0 0 0 0 0 ]
d13=4.691945498485 eijMax=6.431E-03 rmsd=9.202E-01 s=[ 0 0 0 1 0 1 1 1 1 1 1 1 ]
d13=4.701721049495 eijMax=9.735E-03 rmsd=9.334E-01 s=[ 0 0 0 0 1 0 0 0 0 0 0 0 ]
d13=4.701721049495 eijMax=9.654E-03 rmsd=9.291E-01 s=[ 0 0 0 0 1 0 0 1 0 0 0 0 ]
d13=4.701721049495 eijMax=9.654E-03 rmsd=9.291E-01 s=[ 0 0 0 1 0 1 1 0 1 1 1 1 ]
d13=4.701721049495 eijMax=9.735E-03 rmsd=9.334E-01 s=[ 0 0 0 1 0 1 1 1 1 1 1 1 ]
d13=4.711496600505 eijMax=6.855E-03 rmsd=9.423E-01 s=[ 0 0 0 0 1 0 0 1 0 0 0 0 ]
d13=4.711496600505 eijMax=8.170E-03 rmsd=4.333E-01 s=[ 0 0 0 0 1 0 1 0 0 0 0 0 ]
d13=4.711496600505 eijMax=8.170E-03 rmsd=4.333E-01 s=[ 0 0 0 1 0 1 0 1 1 1 1 1 ]
d13=4.711496600505 eijMax=6.855E-03 rmsd=9.423E-01 s=[ 0 0 0 1 0 1 1 0 1 1 1 1 ]
d13=4.721272151515 eijMax=3.940E-03 rmsd=9.562E-01 s=[ 0 0 0 0 1 0 0 1 0 0 0 0 ]
d13=4.721272151515 eijMax=4.574E-03 rmsd=4.349E-01 s=[ 0 0 0 0 1 0 1 0 0 0 0 0 ]
d13=4.721272151515 eijMax=4.574E-03 rmsd=4.349E-01 s=[ 0 0 0 1 0 1 0 1 1 1 1 1 ]
d13=4.721272151515 eijMax=3.940E-03 rmsd=9.562E-01 s=[ 0 0 0 1 0 1 1 0 1 1 1 1 ]
d13=4.731047702525 eijMax=8.952E-04 rmsd=9.709E-01 s=[ 0 0 0 0 1 0 0 1 0 0 0 0 ]
d13=4.731047702525 eijMax=6.799E-04 rmsd=4.378E-01 s=[ 0 0 0 0 1 0 1 0 0 0 0 0 ]
d13=4.731047702525 eijMax=8.302E-03 rmsd=8.396E-01 s=[ 0 0 0 0 1 1 0 0 0 0 0 0 ]
d13=4.731047702525 eijMax=8.302E-03 rmsd=8.396E-01 s=[ 0 0 0 1 0 0 1 1 1 1 1 1 ]
d13=4.731047702525 eijMax=6.799E-04 rmsd=4.378E-01 s=[ 0 0 0 1 0 1 0 1 1 1 1 1 ]
d13=4.731047702525 eijMax=8.952E-04 rmsd=9.709E-01 s=[ 0 0 0 1 0 1 1 0 1 1 1 1 ]
d13=4.740823253535 eijMax=2.295E-03 rmsd=9.865E-01 s=[ 0 0 0 0 1 0 0 1 0 0 0 0 ]
d13=4.740823253535 eijMax=3.571E-03 rmsd=4.423E-01 s=[ 0 0 0 0 1 0 1 0 0 0 0 0 ]
d13=4.740823253535 eijMax=4.010E-03 rmsd=8.607E-01 s=[ 0 0 0 0 1 1 0 0 0 0 0 0 ]
d13=4.740823253535 eijMax=4.010E-03 rmsd=8.607E-01 s=[ 0 0 0 1 0 0 1 1 1 1 1 1 ]
d13=4.740823253535 eijMax=3.571E-03 rmsd=4.423E-01 s=[ 0 0 0 1 0 1 0 1 1 1 1 1 ]
d13=4.740823253535 eijMax=2.295E-03 rmsd=9.865E-01 s=[ 0 0 0 1 0 1 1 0 1 1 1 1 ]
d13=4.750598804545 eijMax=5.649E-03 rmsd=1.003E+00 s=[ 0 0 0 0 1 0 0 1 0 0 0 0 ]
d13=4.750598804545 eijMax=8.254E-03 rmsd=4.486E-01 s=[ 0 0 0 0 1 0 1 0 0 0 0 0 ]
d13=4.750598804545 eijMax=3.062E-04 rmsd=8.816E-01 s=[ 0 0 0 0 1 1 0 0 0 0 0 0 ]
d13=4.750598804545 eijMax=8.382E-03 rmsd=5.373E-01 s=[ 0 0 0 0 1 1 1 1 0 0 0 0 ]
d13=4.750598804545 eijMax=8.382E-03 rmsd=5.373E-01 s=[ 0 0 0 1 0 0 0 0 1 1 1 1 ]
d13=4.750598804545 eijMax=3.062E-04 rmsd=8.816E-01 s=[ 0 0 0 1 0 0 1 1 1 1 1 1 ]
d13=4.750598804545 eijMax=8.254E-03 rmsd=4.486E-01 s=[ 0 0 0 1 0 1 0 1 1 1 1 1 ]
d13=4.750598804545 eijMax=5.649E-03 rmsd=1.003E+00 s=[ 0 0 0 1 0 1 1 0 1 1 1 1 ]
d13=4.760374355556 eijMax=9.193E-03 rmsd=1.021E+00 s=[ 0 0 0 0 1 0 0 1 0 0 0 0 ]
d13=4.760374355556 eijMax=4.723E-03 rmsd=9.029E-01 s=[ 0 0 0 0 1 1 0 0 0 0 0 0 ]
d13=4.760374355556 eijMax=9.702E-03 rmsd=9.101E-01 s=[ 0 0 0 0 1 1 0 1 0 0 0 0 ]
d13=4.760374355556 eijMax=3.151E-03 rmsd=5.130E-01 s=[ 0 0 0 0 1 1 1 1 0 0 0 0 ]
d13=4.760374355556 eijMax=3.151E-03 rmsd=5.130E-01 s=[ 0 0 0 1 0 0 0 0 1 1 1 1 ]
d13=4.760374355556 eijMax=9.702E-03 rmsd=9.101E-01 s=[ 0 0 0 1 0 0 1 0 1 1 1 1 ]
d13=4.760374355556 eijMax=4.723E-03 rmsd=9.029E-01 s=[ 0 0 0 1 0 0 1 1 1 1 1 1 ]
d13=4.760374355556 eijMax=9.193E-03 rmsd=1.021E+00 s=[ 0 0 0 1 0 1 1 0 1 1 1 1 ]
d13=4.770149906566 eijMax=9.302E-03 rmsd=9.250E-01 s=[ 0 0 0 0 1 1 0 0 0 0 0 0 ]
d13=4.770149906566 eijMax=6.287E-03 rmsd=9.335E-01 s=[ 0 0 0 0 1 1 0 1 0 0 0 0 ]
d13=4.770149906566 eijMax=2.873E-03 rmsd=4.902E-01 s=[ 0 0 0 0 1 1 1 1 0 0 0 0 ]
d13=4.770149906566 eijMax=2.873E-03 rmsd=4.902E-01 s=[ 0 0 0 1 0 0 0 0 1 1 1 1 ]
d13=4.770149906566 eijMax=6.287E-03 rmsd=9.335E-01 s=[ 0 0 0 1 0 0 1 0 1 1 1 1 ]
d13=4.770149906566 eijMax=9.302E-03 rmsd=9.250E-01 s=[ 0 0 0 1 0 0 1 1 1 1 1 1 ]
d13=4.779925457576 eijMax=2.651E-03 rmsd=9.573E-01 s=[ 0 0 0 0 1 1 0 1 0 0 0 0 ]
d13=4.779925457576 eijMax=9.951E-03 rmsd=4.698E-01 s=[ 0 0 0 0 1 1 1 1 0 0 0 0 ]
d13=4.779925457576 eijMax=9.951E-03 rmsd=4.698E-01 s=[ 0 0 0 1 0 0 0 0 1 1 1 1 ]
d13=4.779925457576 eijMax=2.651E-03 rmsd=9.573E-01 s=[ 0 0 0 1 0 0 1 0 1 1 1 1 ]
d13=4.789701008586 eijMax=1.256E-03 rmsd=9.821E-01 s=[ 0 0 0 0 1 1 0 1 0 0 0 0 ]
d13=4.789701008586 eijMax=6.965E-03 rmsd=6.931E-01 s=[ 0 0 0 0 1 1 1 0 0 0 0 0 ]
d13=4.789701008586 eijMax=6.965E-03 rmsd=6.931E-01 s=[ 0 0 0 1 0 0 0 1 1 1 1 1 ]
d13=4.789701008586 eijMax=1.256E-03 rmsd=9.821E-01 s=[ 0 0 0 1 0 0 1 0 1 1 1 1 ]
d13=4.799476559596 eijMax=5.502E-03 rmsd=1.008E+00 s=[ 0 0 0 0 1 1 0 1 0 0 0 0 ]
d13=4.799476559596 eijMax=2.697E-03 rmsd=6.897E-01 s=[ 0 0 0 0 1 1 1 0 0 0 0 0 ]
d13=4.799476559596 eijMax=2.697E-03 rmsd=6.897E-01 s=[ 0 0 0 1 0 0 0 1 1 1 1 1 ]
d13=4.799476559596 eijMax=5.502E-03 rmsd=1.008E+00 s=[ 0 0 0 1 0 0 1 0 1 1 1 1 ]
d13=4.809252110606 eijMax=2.500E-03 rmsd=6.860E-01 s=[ 0 0 0 0 1 1 1 0 0 0 0 0 ]
d13=4.809252110606 eijMax=2.500E-03 rmsd=6.860E-01 s=[ 0 0 0 1 0 0 0 1 1 1 1 1 ]
d13=4.819027661616 eijMax=9.083E-03 rmsd=6.822E-01 s=[ 0 0 0 0 1 1 1 0 0 0 0 0 ]
d13=4.819027661616 eijMax=9.083E-03 rmsd=6.822E-01 s=[ 0 0 0 1 0 0 0 1 1 1 1 1 ]
num ..... 100
nnodes .. 12
nedges .. 36
nsols ... 100
tsecs ... 0.766914
