d13=4.323960213232 eijMax=9.180E-03 rmsd=1.138E-01 s=[ 0 0 0 0 0 1 1 1 1 1 1 1 ]
d13=4.323960213232 eijMax=9.180E-03 rmsd=1.138E-01 s=[ 0 0 0 1 1 0 0 0 0 0 0 0 ]
d13=4.337288361919 eijMax=3.082E-03 rmsd=3.932E-02 s=[ 0 0 0 0 0 0 1 1 1 1 1 1 ]
d13=4.337288361919 eijMax=4.359E-03 rmsd=6.191E-02 s=[ 0 0 0 0 0 1 1 1 1 1 1 1 ]
d13=4.337288361919 eijMax=4.359E-03 rmsd=6.191E-02 s=[ 0 0 0 1 1 0 0 0 0 0 0 0 ]
d13=4.337288361919 eijMax=3.082E-03 rmsd=3.932E-02 s=[ 0 0 0 1 1 1 0 0 0 0 0 0 ]
d13=4.363944659293 eijMax=5.810E-04 rmsd=1.572E-01 s=[ 0 0 0 0 0 0 1 0 1 1 1 1 ]
d13=4.363944659293 eijMax=2.390E-03 rmsd=1.538E-01 s=[ 0 0 0 0 0 1 1 0 1 1 1 1 ]
d13=4.363944659293 eijMax=2.390E-03 rmsd=1.538E-01 s=[ 0 0 0 1 1 0 0 1 0 0 0 0 ]
d13=4.363944659293 eijMax=5.810E-04 rmsd=1.572E-01 s=[ 0 0 0 1 1 1 0 1 0 0 0 0 ]
d13=4.417257254040 eijMax=9.199E-03 rmsd=9.191E-01 s=[ 0 0 0 0 1 0 1 1 1 1 1 1 ]
d13=4.417257254040 eijMax=9.414E-03 rmsd=9.190E-01 s=[ 0 0 0 0 1 1 1 1 1 1 1 1 ]
d13=4.417257254040 eijMax=9.414E-03 rmsd=9.190E-01 s=[ 0 0 0 1 0 0 0 0 0 0 0 0 ]
d13=4.417257254040 eijMax=9.199E-03 rmsd=9.191E-01 s=[ 0 0 0 1 0 1 0 0 0 0 0 0 ]
d13=4.430585402727 eijMax=4.566E-03 rmsd=9.265E-01 s=[ 0 0 0 0 1 0 1 1 1 1 1 1 ]
d13=4.430585402727 eijMax=4.788E-03 rmsd=9.266E-01 s=[ 0 0 0 0 1 1 1 1 1 1 1 1 ]
d13=4.430585402727 eijMax=4.788E-03 rmsd=9.266E-01 s=[ 0 0 0 1 0 0 0 0 0 0 0 0 ]
d13=4.430585402727 eijMax=4.566E-03 rmsd=9.265E-01 s=[ 0 0 0 1 0 1 0 0 0 0 0 0 ]
d13=4.443913551414 eijMax=3.136E-04 rmsd=9.337E-01 s=[ 0 0 0 0 1 0 1 1 1 1 1 1 ]
d13=4.443913551414 eijMax=5.375E-04 rmsd=9.339E-01 s=[ 0 0 0 0 1 1 1 1 1 1 1 1 ]
d13=4.443913551414 eijMax=5.375E-04 rmsd=9.339E-01 s=[ 0 0 0 1 0 0 0 0 0 0 0 0 ]
d13=4.443913551414 eijMax=3.136E-04 rmsd=9.337E-01 s=[ 0 0 0 1 0 1 0 0 0 0 0 0 ]
d13=4.457241700101 eijMax=3.559E-03 rmsd=9.408E-01 s=[ 0 0 0 0 1 0 1 1 1 1 1 1 ]
d13=4.457241700101 eijMax=3.338E-03 rmsd=9.411E-01 s=[ 0 0 0 0 1 1 1 1 1 1 1 1 ]
d13=4.457241700101 eijMax=3.338E-03 rmsd=9.411E-01 s=[ 0 0 0 1 0 0 0 0 0 0 0 0 ]
d13=4.457241700101 eijMax=3.559E-03 rmsd=9.408E-01 s=[ 0 0 0 1 0 1 0 0 0 0 0 0 ]
d13=4.470569848788 eijMax=8.326E-03 rmsd=1.116E+00 s=[ 0 0 0 0 1 0 1 0 1 1 1 1 ]
d13=4.470569848788 eijMax=7.053E-03 rmsd=9.478E-01 s=[ 0 0 0 0 1 0 1 1 1 1 1 1 ]
d13=4.470569848788 eijMax=8.511E-03 rmsd=1.116E+00 s=[ 0 0 0 0 1 1 1 0 1 1 1 1 ]
d13=4.470569848788 eijMax=6.838E-03 rmsd=9.483E-01 s=[ 0 0 0 0 1 1 1 1 1 1 1 1 ]
d13=4.470569848788 eijMax=6.838E-03 rmsd=9.483E-01 s=[ 0 0 0 1 0 0 0 0 0 0 0 0 ]
d13=4.470569848788 eijMax=8.511E-03 rmsd=1.116E+00 s=[ 0 0 0 1 0 0 0 1 0 0 0 0 ]
d13=4.470569848788 eijMax=7.053E-03 rmsd=9.478E-01 s=[ 0 0 0 1 0 1 0 0 0 0 0 0 ]
d13=4.470569848788 eijMax=8.326E-03 rmsd=1.116E+00 s=[ 0 0 0 1 0 1 0 1 0 0 0 0 ]
d13=4.483897997475 eijMax=3.922E-03 rmsd=1.121E+00 s=[ 0 0 0 0 1 0 1 0 1 1 1 1 ]
d13=4.483897997475 eijMax=4.107E-03 rmsd=1.121E+00 s=[ 0 0 0 0 1 1 1 0 1 1 1 1 ]
d13=4.483897997475 eijMax=9.966E-03 rmsd=9.556E-01 s=[ 0 0 0 0 1 1 1 1 1 1 1 1 ]
d13=4.483897997475 eijMax=9.966E-03 rmsd=9.556E-01 s=[ 0 0 0 1 0 0 0 0 0 0 0 0 ]
d13=4.483897997475 eijMax=4.107E-03 rmsd=1.121E+00 s=[ 0 0 0 1 0 0 0 1 0 0 0 0 ]
d13=4.483897997475 eijMax=3.922E-03 rmsd=1.121E+00 s=[ 0 0 0 1 0 1 0 1 0 0 0 0 ]
d13=4.497226146162 eijMax=1.289E-04 rmsd=1.126E+00 s=[ 0 0 0 0 1 0 1 0 1 1 1 1 ]
d13=4.497226146162 eijMax=5.291E-05 rmsd=1.127E+00 s=[ 0 0 0 0 1 1 1 0 1 1 1 1 ]
d13=4.497226146162 eijMax=5.291E-05 rmsd=1.127E+00 s=[ 0 0 0 1 0 0 0 1 0 0 0 0 ]
d13=4.497226146162 eijMax=1.289E-04 rmsd=1.126E+00 s=[ 0 0 0 1 0 1 0 1 0 0 0 0 ]
d13=4.510554294848 eijMax=3.829E-03 rmsd=1.132E+00 s=[ 0 0 0 0 1 0 1 0 1 1 1 1 ]
d13=4.510554294848 eijMax=3.652E-03 rmsd=1.132E+00 s=[ 0 0 0 0 1 1 1 0 1 1 1 1 ]
d13=4.510554294848 eijMax=3.652E-03 rmsd=1.132E+00 s=[ 0 0 0 1 0 0 0 1 0 0 0 0 ]
d13=4.510554294848 eijMax=3.829E-03 rmsd=1.132E+00 s=[ 0 0 0 1 0 1 0 1 0 0 0 0 ]
d13=4.523882443535 eijMax=7.181E-03 rmsd=1.137E+00 s=[ 0 0 0 0 1 0 1 0 1 1 1 1 ]
d13=4.523882443535 eijMax=7.011E-03 rmsd=1.138E+00 s=[ 0 0 0 0 1 1 1 0 1 1 1 1 ]
d13=4.523882443535 eijMax=7.011E-03 rmsd=1.138E+00 s=[ 0 0 0 1 0 0 0 1 0 0 0 0 ]
d13=4.523882443535 eijMax=7.181E-03 rmsd=1.137E+00 s=[ 0 0 0 1 0 1 0 1 0 0 0 0 ]
num ..... 100
nnodes .. 12
nedges .. 36
nsols ... 52
tsecs ... 0.697051
