d13=4.323239772763 eijMax=9.996E-03 rmsd=1.231E-01 s=[ 0 0 0 0 0 1 1 1 1 1 1 1 ]
d13=4.323239772763 eijMax=9.996E-03 rmsd=1.231E-01 s=[ 0 0 0 1 1 0 0 0 0 0 0 0 ]
d13=4.324560580290 eijMax=9.827E-03 rmsd=1.249E-01 s=[ 0 0 0 0 0 0 1 1 1 1 1 1 ]
d13=4.324560580290 eijMax=8.507E-03 rmsd=1.060E-01 s=[ 0 0 0 0 0 1 1 1 1 1 1 1 ]
d13=4.324560580290 eijMax=8.507E-03 rmsd=1.060E-01 s=[ 0 0 0 1 1 0 0 0 0 0 0 0 ]
d13=4.324560580290 eijMax=9.827E-03 rmsd=1.249E-01 s=[ 0 0 0 1 1 1 0 0 0 0 0 0 ]
d13=4.325881387818 eijMax=8.368E-03 rmsd=1.082E-01 s=[ 0 0 0 0 0 0 1 1 1 1 1 1 ]
d13=4.325881387818 eijMax=7.046E-03 rmsd=8.887E-02 s=[ 0 0 0 0 0 1 1 1 1 1 1 1 ]
d13=4.325881387818 eijMax=7.046E-03 rmsd=8.887E-02 s=[ 0 0 0 1 1 0 0 0 0 0 0 0 ]
d13=4.325881387818 eijMax=8.368E-03 rmsd=1.082E-01 s=[ 0 0 0 1 1 1 0 0 0 0 0 0 ]
d13=4.327202195345 eijMax=6.937E-03 rmsd=9.143E-02 s=[ 0 0 0 0 0 0 1 1 1 1 1 1 ]
d13=4.327202195345 eijMax=5.613E-03 rmsd=7.168E-02 s=[ 0 0 0 0 0 1 1 1 1 1 1 1 ]
d13=4.327202195345 eijMax=5.613E-03 rmsd=7.168E-02 s=[ 0 0 0 1 1 0 0 0 0 0 0 0 ]
d13=4.327202195345 eijMax=6.937E-03 rmsd=9.143E-02 s=[ 0 0 0 1 1 1 0 0 0 0 0 0 ]
d13=4.328523002873 eijMax=5.532E-03 rmsd=7.467E-02 s=[ 0 0 0 0 0 0 1 1 1 1 1 1 ]
d13=4.328523002873 eijMax=4.209E-03 rmsd=5.443E-02 s=[ 0 0 0 0 0 1 1 1 1 1 1 1 ]
d13=4.328523002873 eijMax=4.209E-03 rmsd=5.443E-02 s=[ 0 0 0 1 1 0 0 0 0 0 0 0 ]
d13=4.328523002873 eijMax=5.532E-03 rmsd=7.467E-02 s=[ 0 0 0 1 1 1 0 0 0 0 0 0 ]
d13=4.329843810400 eijMax=4.155E-03 rmsd=5.787E-02 s=[ 0 0 0 0 0 0 1 1 1 1 1 1 ]
d13=4.329843810400 eijMax=2.834E-03 rmsd=3.713E-02 s=[ 0 0 0 0 0 1 1 1 1 1 1 1 ]
d13=4.329843810400 eijMax=2.834E-03 rmsd=3.713E-02 s=[ 0 0 0 1 1 0 0 0 0 0 0 0 ]
d13=4.329843810400 eijMax=4.155E-03 rmsd=5.787E-02 s=[ 0 0 0 1 1 1 0 0 0 0 0 0 ]
d13=4.331164617928 eijMax=2.805E-03 rmsd=4.108E-02 s=[ 0 0 0 0 0 0 1 1 1 1 1 1 ]
d13=4.331164617928 eijMax=1.489E-03 rmsd=1.976E-02 s=[ 0 0 0 0 0 1 1 1 1 1 1 1 ]
d13=4.331164617928 eijMax=1.489E-03 rmsd=1.976E-02 s=[ 0 0 0 1 1 0 0 0 0 0 0 0 ]
d13=4.331164617928 eijMax=2.805E-03 rmsd=4.108E-02 s=[ 0 0 0 1 1 1 0 0 0 0 0 0 ]
d13=4.332485425455 eijMax=1.483E-03 rmsd=2.439E-02 s=[ 0 0 0 0 0 0 1 1 1 1 1 1 ]
d13=4.332485425455 eijMax=1.721E-04 rmsd=2.307E-03 s=[ 0 0 0 0 0 1 1 1 1 1 1 1 ]
d13=4.332485425455 eijMax=1.721E-04 rmsd=2.307E-03 s=[ 0 0 0 1 1 0 0 0 0 0 0 0 ]
d13=4.332485425455 eijMax=1.483E-03 rmsd=2.439E-02 s=[ 0 0 0 1 1 1 0 0 0 0 0 0 ]
d13=4.333806232983 eijMax=1.892E-04 rmsd=8.884E-03 s=[ 0 0 0 0 0 0 1 1 1 1 1 1 ]
d13=4.333806232983 eijMax=1.114E-03 rmsd=1.523E-02 s=[ 0 0 0 0 0 1 1 1 1 1 1 1 ]
d13=4.333806232983 eijMax=1.114E-03 rmsd=1.523E-02 s=[ 0 0 0 1 1 0 0 0 0 0 0 0 ]
d13=4.333806232983 eijMax=1.892E-04 rmsd=8.884E-03 s=[ 0 0 0 1 1 1 0 0 0 0 0 0 ]
d13=4.335127040511 eijMax=1.076E-03 rmsd=1.216E-02 s=[ 0 0 0 0 0 0 1 1 1 1 1 1 ]
d13=4.335127040511 eijMax=2.371E-03 rmsd=3.285E-02 s=[ 0 0 0 0 0 1 1 1 1 1 1 1 ]
d13=4.335127040511 eijMax=2.371E-03 rmsd=3.285E-02 s=[ 0 0 0 1 1 0 0 0 0 0 0 0 ]
d13=4.335127040511 eijMax=1.076E-03 rmsd=1.216E-02 s=[ 0 0 0 1 1 1 0 0 0 0 0 0 ]
d13=4.336447848038 eijMax=2.311E-03 rmsd=2.847E-02 s=[ 0 0 0 0 0 0 1 1 1 1 1 1 ]
d13=4.336447848038 eijMax=3.596E-03 rmsd=5.057E-02 s=[ 0 0 0 0 0 1 1 1 1 1 1 1 ]
d13=4.336447848038 eijMax=3.596E-03 rmsd=5.057E-02 s=[ 0 0 0 1 1 0 0 0 0 0 0 0 ]
d13=4.336447848038 eijMax=2.311E-03 rmsd=2.847E-02 s=[ 0 0 0 1 1 1 0 0 0 0 0 0 ]
d13=4.337768655566 eijMax=3.517E-03 rmsd=4.557E-02 s=[ 0 0 0 0 0 0 1 1 1 1 1 1 ]
d13=4.337768655566 eijMax=4.789E-03 rmsd=6.840E-02 s=[ 0 0 0 0 0 1 1 1 1 1 1 1 ]
d13=4.337768655566 eijMax=4.789E-03 rmsd=6.840E-02 s=[ 0 0 0 1 1 0 0 0 0 0 0 0 ]
d13=4.337768655566 eijMax=3.517E-03 rmsd=4.557E-02 s=[ 0 0 0 1 1 1 0 0 0 0 0 0 ]
d13=4.339089463093 eijMax=4.693E-03 rmsd=6.291E-02 s=[ 0 0 0 0 0 0 1 1 1 1 1 1 ]
d13=4.339089463093 eijMax=5.951E-03 rmsd=8.634E-02 s=[ 0 0 0 0 0 1 1 1 1 1 1 1 ]
d13=4.339089463093 eijMax=5.951E-03 rmsd=8.634E-02 s=[ 0 0 0 1 1 0 0 0 0 0 0 0 ]
d13=4.339089463093 eijMax=4.693E-03 rmsd=6.291E-02 s=[ 0 0 0 1 1 1 0 0 0 0 0 0 ]
d13=4.340410270621 eijMax=5.838E-03 rmsd=8.041E-02 s=[ 0 0 0 0 0 0 1 1 1 1 1 1 ]
d13=4.340410270621 eijMax=7.080E-03 rmsd=1.044E-01 s=[ 0 0 0 0 0 1 1 1 1 1 1 1 ]
d13=4.340410270621 eijMax=7.080E-03 rmsd=1.044E-01 s=[ 0 0 0 1 1 0 0 0 0 0 0 0 ]
d13=4.340410270621 eijMax=5.838E-03 rmsd=8.041E-02 s=[ 0 0 0 1 1 1 0 0 0 0 0 0 ]
d13=4.341731078148 eijMax=6.952E-03 rmsd=9.805E-02 s=[ 0 0 0 0 0 0 1 1 1 1 1 1 ]
d13=4.341731078148 eijMax=8.176E-03 rmsd=1.226E-01 s=[ 0 0 0 0 0 1 1 1 1 1 1 1 ]
d13=4.341731078148 eijMax=8.176E-03 rmsd=1.226E-01 s=[ 0 0 0 1 1 0 0 0 0 0 0 0 ]
d13=4.341731078148 eijMax=6.952E-03 rmsd=9.805E-02 s=[ 0 0 0 1 1 1 0 0 0 0 0 0 ]
d13=4.343051885676 eijMax=8.033E-03 rmsd=1.158E-01 s=[ 0 0 0 0 0 0 1 1 1 1 1 1 ]
d13=4.343051885676 eijMax=9.237E-03 rmsd=1.409E-01 s=[ 0 0 0 0 0 1 1 1 1 1 1 1 ]
d13=4.343051885676 eijMax=9.237E-03 rmsd=1.409E-01 s=[ 0 0 0 1 1 0 0 0 0 0 0 0 ]
d13=4.343051885676 eijMax=8.033E-03 rmsd=1.158E-01 s=[ 0 0 0 1 1 1 0 0 0 0 0 0 ]
d13=4.344372693203 eijMax=9.081E-03 rmsd=1.337E-01 s=[ 0 0 0 0 0 0 1 1 1 1 1 1 ]
d13=4.344372693203 eijMax=9.081E-03 rmsd=1.337E-01 s=[ 0 0 0 1 1 1 0 0 0 0 0 0 ]
d13=4.353618345896 eijMax=8.952E-03 rmsd=1.972E-01 s=[ 0 0 0 0 0 1 1 0 1 1 1 1 ]
d13=4.353618345896 eijMax=8.952E-03 rmsd=1.972E-01 s=[ 0 0 0 1 1 0 0 1 0 0 0 0 ]
d13=4.354939153423 eijMax=9.223E-03 rmsd=2.054E-01 s=[ 0 0 0 0 0 0 1 0 1 1 1 1 ]
d13=4.354939153423 eijMax=7.443E-03 rmsd=1.868E-01 s=[ 0 0 0 0 0 1 1 0 1 1 1 1 ]
d13=4.354939153423 eijMax=7.443E-03 rmsd=1.868E-01 s=[ 0 0 0 1 1 0 0 1 0 0 0 0 ]
d13=4.354939153423 eijMax=9.223E-03 rmsd=2.054E-01 s=[ 0 0 0 1 1 1 0 1 0 0 0 0 ]
d13=4.356259960951 eijMax=7.738E-03 rmsd=1.950E-01 s=[ 0 0 0 0 0 0 1 0 1 1 1 1 ]
d13=4.356259960951 eijMax=5.949E-03 rmsd=1.774E-01 s=[ 0 0 0 0 0 1 1 0 1 1 1 1 ]
d13=4.356259960951 eijMax=5.949E-03 rmsd=1.774E-01 s=[ 0 0 0 1 1 0 0 1 0 0 0 0 ]
d13=4.356259960951 eijMax=7.738E-03 rmsd=1.950E-01 s=[ 0 0 0 1 1 1 0 1 0 0 0 0 ]
d13=4.357580768478 eijMax=6.268E-03 rmsd=1.854E-01 s=[ 0 0 0 0 0 0 1 0 1 1 1 1 ]
d13=4.357580768478 eijMax=4.471E-03 rmsd=1.691E-01 s=[ 0 0 0 0 0 1 1 0 1 1 1 1 ]
d13=4.357580768478 eijMax=4.471E-03 rmsd=1.691E-01 s=[ 0 0 0 1 1 0 0 1 0 0 0 0 ]
d13=4.357580768478 eijMax=6.268E-03 rmsd=1.854E-01 s=[ 0 0 0 1 1 1 0 1 0 0 0 0 ]
d13=4.358901576006 eijMax=4.814E-03 rmsd=1.767E-01 s=[ 0 0 0 0 0 0 1 0 1 1 1 1 ]
d13=4.358901576006 eijMax=3.011E-03 rmsd=1.622E-01 s=[ 0 0 0 0 0 1 1 0 1 1 1 1 ]
d13=4.358901576006 eijMax=3.011E-03 rmsd=1.622E-01 s=[ 0 0 0 1 1 0 0 1 0 0 0 0 ]
d13=4.358901576006 eijMax=4.814E-03 rmsd=1.767E-01 s=[ 0 0 0 1 1 1 0 1 0 0 0 0 ]
d13=4.360222383534 eijMax=3.375E-03 rmsd=1.693E-01 s=[ 0 0 0 0 0 0 1 0 1 1 1 1 ]
d13=4.360222383534 eijMax=1.569E-03 rmsd=1.570E-01 s=[ 0 0 0 0 0 1 1 0 1 1 1 1 ]
d13=4.360222383534 eijMax=1.569E-03 rmsd=1.570E-01 s=[ 0 0 0 1 1 0 0 1 0 0 0 0 ]
d13=4.360222383534 eijMax=3.375E-03 rmsd=1.693E-01 s=[ 0 0 0 1 1 1 0 1 0 0 0 0 ]
d13=4.361543191061 eijMax=1.955E-03 rmsd=1.634E-01 s=[ 0 0 0 0 0 0 1 0 1 1 1 1 ]
d13=4.361543191061 eijMax=1.452E-04 rmsd=1.538E-01 s=[ 0 0 0 0 0 1 1 0 1 1 1 1 ]
d13=4.361543191061 eijMax=1.452E-04 rmsd=1.538E-01 s=[ 0 0 0 1 1 0 0 1 0 0 0 0 ]
d13=4.361543191061 eijMax=1.955E-03 rmsd=1.634E-01 s=[ 0 0 0 1 1 1 0 1 0 0 0 0 ]
d13=4.362863998589 eijMax=5.522E-04 rmsd=1.592E-01 s=[ 0 0 0 0 0 0 1 0 1 1 1 1 ]
d13=4.362863998589 eijMax=1.258E-03 rmsd=1.528E-01 s=[ 0 0 0 0 0 1 1 0 1 1 1 1 ]
d13=4.362863998589 eijMax=1.258E-03 rmsd=1.528E-01 s=[ 0 0 0 1 1 0 0 1 0 0 0 0 ]
d13=4.362863998589 eijMax=5.522E-04 rmsd=1.592E-01 s=[ 0 0 0 1 1 1 0 1 0 0 0 0 ]
d13=4.364184806116 eijMax=8.310E-04 rmsd=1.569E-01 s=[ 0 0 0 0 0 0 1 0 1 1 1 1 ]
d13=4.364184806116 eijMax=2.640E-03 rmsd=1.543E-01 s=[ 0 0 0 0 0 1 1 0 1 1 1 1 ]
d13=4.364184806116 eijMax=2.640E-03 rmsd=1.543E-01 s=[ 0 0 0 1 1 0 0 1 0 0 0 0 ]
d13=4.364184806116 eijMax=8.310E-04 rmsd=1.569E-01 s=[ 0 0 0 1 1 1 0 1 0 0 0 0 ]
d13=4.365505613644 eijMax=2.194E-03 rmsd=1.569E-01 s=[ 0 0 0 0 0 0 1 0 1 1 1 1 ]
d13=4.365505613644 eijMax=3.999E-03 rmsd=1.582E-01 s=[ 0 0 0 0 0 1 1 0 1 1 1 1 ]
d13=4.365505613644 eijMax=3.999E-03 rmsd=1.582E-01 s=[ 0 0 0 1 1 0 0 1 0 0 0 0 ]
d13=4.365505613644 eijMax=2.194E-03 rmsd=1.569E-01 s=[ 0 0 0 1 1 1 0 1 0 0 0 0 ]
d13=4.366826421171 eijMax=3.535E-03 rmsd=1.592E-01 s=[ 0 0 0 0 0 0 1 0 1 1 1 1 ]
d13=4.366826421171 eijMax=5.333E-03 rmsd=1.647E-01 s=[ 0 0 0 0 0 1 1 0 1 1 1 1 ]
d13=4.366826421171 eijMax=5.333E-03 rmsd=1.647E-01 s=[ 0 0 0 1 1 0 0 1 0 0 0 0 ]
d13=4.366826421171 eijMax=3.535E-03 rmsd=1.592E-01 s=[ 0 0 0 1 1 1 0 1 0 0 0 0 ]
d13=4.368147228699 eijMax=4.853E-03 rmsd=1.639E-01 s=[ 0 0 0 0 0 0 1 0 1 1 1 1 ]
d13=4.368147228699 eijMax=6.642E-03 rmsd=1.735E-01 s=[ 0 0 0 0 0 1 1 0 1 1 1 1 ]
d13=4.368147228699 eijMax=6.642E-03 rmsd=1.735E-01 s=[ 0 0 0 1 1 0 0 1 0 0 0 0 ]
d13=4.368147228699 eijMax=4.853E-03 rmsd=1.639E-01 s=[ 0 0 0 1 1 1 0 1 0 0 0 0 ]
d13=4.369468036226 eijMax=6.147E-03 rmsd=1.709E-01 s=[ 0 0 0 0 0 0 1 0 1 1 1 1 ]
d13=4.369468036226 eijMax=7.923E-03 rmsd=1.845E-01 s=[ 0 0 0 0 0 1 1 0 1 1 1 1 ]
d13=4.369468036226 eijMax=7.923E-03 rmsd=1.845E-01 s=[ 0 0 0 1 1 0 0 1 0 0 0 0 ]
d13=4.369468036226 eijMax=6.147E-03 rmsd=1.709E-01 s=[ 0 0 0 1 1 1 0 1 0 0 0 0 ]
d13=4.370788843754 eijMax=7.415E-03 rmsd=1.801E-01 s=[ 0 0 0 0 0 0 1 0 1 1 1 1 ]
d13=4.370788843754 eijMax=9.175E-03 rmsd=1.976E-01 s=[ 0 0 0 0 0 1 1 0 1 1 1 1 ]
d13=4.370788843754 eijMax=9.175E-03 rmsd=1.976E-01 s=[ 0 0 0 1 1 0 0 1 0 0 0 0 ]
d13=4.370788843754 eijMax=7.415E-03 rmsd=1.801E-01 s=[ 0 0 0 1 1 1 0 1 0 0 0 0 ]
d13=4.372109651281 eijMax=8.654E-03 rmsd=1.914E-01 s=[ 0 0 0 0 0 0 1 0 1 1 1 1 ]
d13=4.372109651281 eijMax=8.654E-03 rmsd=1.914E-01 s=[ 0 0 0 1 1 1 0 1 0 0 0 0 ]
d13=4.373430458809 eijMax=9.864E-03 rmsd=2.045E-01 s=[ 0 0 0 0 0 0 1 0 1 1 1 1 ]
d13=4.373430458809 eijMax=9.864E-03 rmsd=2.045E-01 s=[ 0 0 0 1 1 1 0 1 0 0 0 0 ]
d13=4.415696299690 eijMax=9.767E-03 rmsd=9.182E-01 s=[ 0 0 0 0 1 0 1 1 1 1 1 1 ]
d13=4.415696299690 eijMax=9.980E-03 rmsd=9.180E-01 s=[ 0 0 0 0 1 1 1 1 1 1 1 1 ]
d13=4.415696299690 eijMax=9.980E-03 rmsd=9.180E-01 s=[ 0 0 0 1 0 0 0 0 0 0 0 0 ]
d13=4.415696299690 eijMax=9.767E-03 rmsd=9.182E-01 s=[ 0 0 0 1 0 1 0 0 0 0 0 0 ]
d13=4.417017107217 eijMax=9.286E-03 rmsd=9.190E-01 s=[ 0 0 0 0 1 0 1 1 1 1 1 1 ]
d13=4.417017107217 eijMax=9.501E-03 rmsd=9.188E-01 s=[ 0 0 0 0 1 1 1 1 1 1 1 1 ]
d13=4.417017107217 eijMax=9.501E-03 rmsd=9.188E-01 s=[ 0 0 0 1 0 0 0 0 0 0 0 0 ]
d13=4.417017107217 eijMax=9.286E-03 rmsd=9.190E-01 s=[ 0 0 0 1 0 1 0 0 0 0 0 0 ]
d13=4.418337914745 eijMax=8.809E-03 rmsd=9.197E-01 s=[ 0 0 0 0 1 0 1 1 1 1 1 1 ]
d13=4.418337914745 eijMax=9.025E-03 rmsd=9.196E-01 s=[ 0 0 0 0 1 1 1 1 1 1 1 1 ]
d13=4.418337914745 eijMax=9.025E-03 rmsd=9.196E-01 s=[ 0 0 0 1 0 0 0 0 0 0 0 0 ]
d13=4.418337914745 eijMax=8.809E-03 rmsd=9.197E-01 s=[ 0 0 0 1 0 1 0 0 0 0 0 0 ]
d13=4.419658722272 eijMax=8.336E-03 rmsd=9.205E-01 s=[ 0 0 0 0 1 0 1 1 1 1 1 1 ]
d13=4.419658722272 eijMax=8.553E-03 rmsd=9.204E-01 s=[ 0 0 0 0 1 1 1 1 1 1 1 1 ]
d13=4.419658722272 eijMax=8.553E-03 rmsd=9.204E-01 s=[ 0 0 0 1 0 0 0 0 0 0 0 0 ]
d13=4.419658722272 eijMax=8.336E-03 rmsd=9.205E-01 s=[ 0 0 0 1 0 1 0 0 0 0 0 0 ]
d13=4.420979529800 eijMax=7.867E-03 rmsd=9.212E-01 s=[ 0 0 0 0 1 0 1 1 1 1 1 1 ]
d13=4.420979529800 eijMax=8.084E-03 rmsd=9.211E-01 s=[ 0 0 0 0 1 1 1 1 1 1 1 1 ]
d13=4.420979529800 eijMax=8.084E-03 rmsd=9.211E-01 s=[ 0 0 0 1 0 0 0 0 0 0 0 0 ]
d13=4.420979529800 eijMax=7.867E-03 rmsd=9.212E-01 s=[ 0 0 0 1 0 1 0 0 0 0 0 0 ]
d13=4.422300337327 eijMax=7.402E-03 rmsd=9.220E-01 s=[ 0 0 0 0 1 0 1 1 1 1 1 1 ]
d13=4.422300337327 eijMax=7.619E-03 rmsd=9.219E-01 s=[ 0 0 0 0 1 1 1 1 1 1 1 1 ]
d13=4.422300337327 eijMax=7.619E-03 rmsd=9.219E-01 s=[ 0 0 0 1 0 0 0 0 0 0 0 0 ]
d13=4.422300337327 eijMax=7.402E-03 rmsd=9.220E-01 s=[ 0 0 0 1 0 1 0 0 0 0 0 0 ]
d13=4.423621144855 eijMax=6.940E-03 rmsd=9.227E-01 s=[ 0 0 0 0 1 0 1 1 1 1 1 1 ]
d13=4.423621144855 eijMax=7.158E-03 rmsd=9.226E-01 s=[ 0 0 0 0 1 1 1 1 1 1 1 1 ]
d13=4.423621144855 eijMax=7.158E-03 rmsd=9.226E-01 s=[ 0 0 0 1 0 0 0 0 0 0 0 0 ]
d13=4.423621144855 eijMax=6.940E-03 rmsd=9.227E-01 s=[ 0 0 0 1 0 1 0 0 0 0 0 0 ]
d13=4.424941952382 eijMax=6.482E-03 rmsd=9.234E-01 s=[ 0 0 0 0 1 0 1 1 1 1 1 1 ]
d13=4.424941952382 eijMax=6.701E-03 rmsd=9.234E-01 s=[ 0 0 0 0 1 1 1 1 1 1 1 1 ]
d13=4.424941952382 eijMax=6.701E-03 rmsd=9.234E-01 s=[ 0 0 0 1 0 0 0 0 0 0 0 0 ]
d13=4.424941952382 eijMax=6.482E-03 rmsd=9.234E-01 s=[ 0 0 0 1 0 1 0 0 0 0 0 0 ]
d13=4.426262759910 eijMax=6.027E-03 rmsd=9.242E-01 s=[ 0 0 0 0 1 0 1 1 1 1 1 1 ]
d13=4.426262759910 eijMax=6.247E-03 rmsd=9.241E-01 s=[ 0 0 0 0 1 1 1 1 1 1 1 1 ]
d13=4.426262759910 eijMax=6.247E-03 rmsd=9.241E-01 s=[ 0 0 0 1 0 0 0 0 0 0 0 0 ]
d13=4.426262759910 eijMax=6.027E-03 rmsd=9.242E-01 s=[ 0 0 0 1 0 1 0 0 0 0 0 0 ]
d13=4.427583567437 eijMax=5.577E-03 rmsd=9.249E-01 s=[ 0 0 0 0 1 0 1 1 1 1 1 1 ]
d13=4.427583567437 eijMax=5.797E-03 rmsd=9.249E-01 s=[ 0 0 0 0 1 1 1 1 1 1 1 1 ]
d13=4.427583567437 eijMax=5.797E-03 rmsd=9.249E-01 s=[ 0 0 0 1 0 0 0 0 0 0 0 0 ]
d13=4.427583567437 eijMax=5.577E-03 rmsd=9.249E-01 s=[ 0 0 0 1 0 1 0 0 0 0 0 0 ]
d13=4.428904374965 eijMax=5.130E-03 rmsd=9.256E-01 s=[ 0 0 0 0 1 0 1 1 1 1 1 1 ]
d13=4.428904374965 eijMax=5.351E-03 rmsd=9.256E-01 s=[ 0 0 0 0 1 1 1 1 1 1 1 1 ]
d13=4.428904374965 eijMax=5.351E-03 rmsd=9.256E-01 s=[ 0 0 0 1 0 0 0 0 0 0 0 0 ]
d13=4.428904374965 eijMax=5.130E-03 rmsd=9.256E-01 s=[ 0 0 0 1 0 1 0 0 0 0 0 0 ]
d13=4.430225182492 eijMax=4.686E-03 rmsd=9.263E-01 s=[ 0 0 0 0 1 0 1 1 1 1 1 1 ]
d13=4.430225182492 eijMax=4.908E-03 rmsd=9.264E-01 s=[ 0 0 0 0 1 1 1 1 1 1 1 1 ]
d13=4.430225182492 eijMax=4.908E-03 rmsd=9.264E-01 s=[ 0 0 0 1 0 0 0 0 0 0 0 0 ]
d13=4.430225182492 eijMax=4.686E-03 rmsd=9.263E-01 s=[ 0 0 0 1 0 1 0 0 0 0 0 0 ]
d13=4.431545990020 eijMax=4.247E-03 rmsd=9.270E-01 s=[ 0 0 0 0 1 0 1 1 1 1 1 1 ]
d13=4.431545990020 eijMax=4.469E-03 rmsd=9.271E-01 s=[ 0 0 0 0 1 1 1 1 1 1 1 1 ]
d13=4.431545990020 eijMax=4.469E-03 rmsd=9.271E-01 s=[ 0 0 0 1 0 0 0 0 0 0 0 0 ]
d13=4.431545990020 eijMax=4.247E-03 rmsd=9.270E-01 s=[ 0 0 0 1 0 1 0 0 0 0 0 0 ]
d13=4.432866797548 eijMax=3.811E-03 rmsd=9.278E-01 s=[ 0 0 0 0 1 0 1 1 1 1 1 1 ]
d13=4.432866797548 eijMax=4.034E-03 rmsd=9.278E-01 s=[ 0 0 0 0 1 1 1 1 1 1 1 1 ]
d13=4.432866797548 eijMax=4.034E-03 rmsd=9.278E-01 s=[ 0 0 0 1 0 0 0 0 0 0 0 0 ]
d13=4.432866797548 eijMax=3.811E-03 rmsd=9.278E-01 s=[ 0 0 0 1 0 1 0 0 0 0 0 0 ]
d13=4.434187605075 eijMax=3.379E-03 rmsd=9.285E-01 s=[ 0 0 0 0 1 0 1 1 1 1 1 1 ]
d13=4.434187605075 eijMax=3.602E-03 rmsd=9.286E-01 s=[ 0 0 0 0 1 1 1 1 1 1 1 1 ]
d13=4.434187605075 eijMax=3.602E-03 rmsd=9.286E-01 s=[ 0 0 0 1 0 0 0 0 0 0 0 0 ]
d13=4.434187605075 eijMax=3.379E-03 rmsd=9.285E-01 s=[ 0 0 0 1 0 1 0 0 0 0 0 0 ]
d13=4.435508412603 eijMax=2.951E-03 rmsd=9.292E-01 s=[ 0 0 0 0 1 0 1 1 1 1 1 1 ]
d13=4.435508412603 eijMax=3.174E-03 rmsd=9.293E-01 s=[ 0 0 0 0 1 1 1 1 1 1 1 1 ]
d13=4.435508412603 eijMax=3.174E-03 rmsd=9.293E-01 s=[ 0 0 0 1 0 0 0 0 0 0 0 0 ]
d13=4.435508412603 eijMax=2.951E-03 rmsd=9.292E-01 s=[ 0 0 0 1 0 1 0 0 0 0 0 0 ]
d13=4.436829220130 eijMax=2.527E-03 rmsd=9.299E-01 s=[ 0 0 0 0 1 0 1 1 1 1 1 1 ]
d13=4.436829220130 eijMax=2.750E-03 rmsd=9.300E-01 s=[ 0 0 0 0 1 1 1 1 1 1 1 1 ]
d13=4.436829220130 eijMax=2.750E-03 rmsd=9.300E-01 s=[ 0 0 0 1 0 0 0 0 0 0 0 0 ]
d13=4.436829220130 eijMax=2.527E-03 rmsd=9.299E-01 s=[ 0 0 0 1 0 1 0 0 0 0 0 0 ]
d13=4.438150027658 eijMax=2.106E-03 rmsd=9.306E-01 s=[ 0 0 0 0 1 0 1 1 1 1 1 1 ]
d13=4.438150027658 eijMax=2.329E-03 rmsd=9.308E-01 s=[ 0 0 0 0 1 1 1 1 1 1 1 1 ]
d13=4.438150027658 eijMax=2.329E-03 rmsd=9.308E-01 s=[ 0 0 0 1 0 0 0 0 0 0 0 0 ]
d13=4.438150027658 eijMax=2.106E-03 rmsd=9.306E-01 s=[ 0 0 0 1 0 1 0 0 0 0 0 0 ]
d13=4.439470835185 eijMax=1.689E-03 rmsd=9.313E-01 s=[ 0 0 0 0 1 0 1 1 1 1 1 1 ]
d13=4.439470835185 eijMax=1.913E-03 rmsd=9.315E-01 s=[ 0 0 0 0 1 1 1 1 1 1 1 1 ]
d13=4.439470835185 eijMax=1.913E-03 rmsd=9.315E-01 s=[ 0 0 0 1 0 0 0 0 0 0 0 0 ]
d13=4.439470835185 eijMax=1.689E-03 rmsd=9.313E-01 s=[ 0 0 0 1 0 1 0 0 0 0 0 0 ]
d13=4.440791642713 eijMax=1.276E-03 rmsd=9.320E-01 s=[ 0 0 0 0 1 0 1 1 1 1 1 1 ]
d13=4.440791642713 eijMax=1.499E-03 rmsd=9.322E-01 s=[ 0 0 0 0 1 1 1 1 1 1 1 1 ]
d13=4.440791642713 eijMax=1.499E-03 rmsd=9.322E-01 s=[ 0 0 0 1 0 0 0 0 0 0 0 0 ]
d13=4.440791642713 eijMax=1.276E-03 rmsd=9.320E-01 s=[ 0 0 0 1 0 1 0 0 0 0 0 0 ]
d13=4.442112450240 eijMax=8.661E-04 rmsd=9.327E-01 s=[ 0 0 0 0 1 0 1 1 1 1 1 1 ]
d13=4.442112450240 eijMax=1.090E-03 rmsd=9.329E-01 s=[ 0 0 0 0 1 1 1 1 1 1 1 1 ]
d13=4.442112450240 eijMax=1.090E-03 rmsd=9.329E-01 s=[ 0 0 0 1 0 0 0 0 0 0 0 0 ]
d13=4.442112450240 eijMax=8.661E-04 rmsd=9.327E-01 s=[ 0 0 0 1 0 1 0 0 0 0 0 0 ]
d13=4.443433257768 eijMax=4.602E-04 rmsd=9.334E-01 s=[ 0 0 0 0 1 0 1 1 1 1 1 1 ]
d13=4.443433257768 eijMax=6.841E-04 rmsd=9.337E-01 s=[ 0 0 0 0 1 1 1 1 1 1 1 1 ]
d13=4.443433257768 eijMax=6.841E-04 rmsd=9.337E-01 s=[ 0 0 0 1 0 0 0 0 0 0 0 0 ]
d13=4.443433257768 eijMax=4.602E-04 rmsd=9.334E-01 s=[ 0 0 0 1 0 1 0 0 0 0 0 0 ]
d13=4.444754065295 eijMax=5.816E-05 rmsd=9.341E-01 s=[ 0 0 0 0 1 0 1 1 1 1 1 1 ]
d13=4.444754065295 eijMax=2.820E-04 rmsd=9.344E-01 s=[ 0 0 0 0 1 1 1 1 1 1 1 1 ]
d13=4.444754065295 eijMax=2.820E-04 rmsd=9.344E-01 s=[ 0 0 0 1 0 0 0 0 0 0 0 0 ]
d13=4.444754065295 eijMax=5.816E-05 rmsd=9.341E-01 s=[ 0 0 0 1 0 1 0 0 0 0 0 0 ]
d13=4.446074872823 eijMax=3.402E-04 rmsd=9.349E-01 s=[ 0 0 0 0 1 0 1 1 1 1 1 1 ]
d13=4.446074872823 eijMax=1.164E-04 rmsd=9.351E-01 s=[ 0 0 0 0 1 1 1 1 1 1 1 1 ]
d13=4.446074872823 eijMax=1.164E-04 rmsd=9.351E-01 s=[ 0 0 0 1 0 0 0 0 0 0 0 0 ]
d13=4.446074872823 eijMax=3.402E-04 rmsd=9.349E-01 s=[ 0 0 0 1 0 1 0 0 0 0 0 0 ]
d13=4.447395680350 eijMax=7.348E-04 rmsd=9.356E-01 s=[ 0 0 0 0 1 0 1 1 1 1 1 1 ]
d13=4.447395680350 eijMax=5.111E-04 rmsd=9.358E-01 s=[ 0 0 0 0 1 1 1 1 1 1 1 1 ]
d13=4.447395680350 eijMax=5.111E-04 rmsd=9.358E-01 s=[ 0 0 0 1 0 0 0 0 0 0 0 0 ]
d13=4.447395680350 eijMax=7.348E-04 rmsd=9.356E-01 s=[ 0 0 0 1 0 1 0 0 0 0 0 0 ]
d13=4.448716487878 eijMax=1.126E-03 rmsd=9.363E-01 s=[ 0 0 0 0 1 0 1 1 1 1 1 1 ]
d13=4.448716487878 eijMax=9.022E-04 rmsd=9.365E-01 s=[ 0 0 0 0 1 1 1 1 1 1 1 1 ]
d13=4.448716487878 eijMax=9.022E-04 rmsd=9.365E-01 s=[ 0 0 0 1 0 0 0 0 0 0 0 0 ]
d13=4.448716487878 eijMax=1.126E-03 rmsd=9.363E-01 s=[ 0 0 0 1 0 1 0 0 0 0 0 0 ]
d13=4.450037295405 eijMax=1.513E-03 rmsd=9.370E-01 s=[ 0 0 0 0 1 0 1 1 1 1 1 1 ]
d13=4.450037295405 eijMax=1.290E-03 rmsd=9.372E-01 s=[ 0 0 0 0 1 1 1 1 1 1 1 1 ]
d13=4.450037295405 eijMax=1.290E-03 rmsd=9.372E-01 s=[ 0 0 0 1 0 0 0 0 0 0 0 0 ]
d13=4.450037295405 eijMax=1.513E-03 rmsd=9.370E-01 s=[ 0 0 0 1 0 1 0 0 0 0 0 0 ]
d13=4.451358102933 eijMax=1.896E-03 rmsd=9.377E-01 s=[ 0 0 0 0 1 0 1 1 1 1 1 1 ]
d13=4.451358102933 eijMax=1.673E-03 rmsd=9.380E-01 s=[ 0 0 0 0 1 1 1 1 1 1 1 1 ]
d13=4.451358102933 eijMax=1.673E-03 rmsd=9.380E-01 s=[ 0 0 0 1 0 0 0 0 0 0 0 0 ]
d13=4.451358102933 eijMax=1.896E-03 rmsd=9.377E-01 s=[ 0 0 0 1 0 1 0 0 0 0 0 0 ]
d13=4.452678910460 eijMax=2.276E-03 rmsd=9.384E-01 s=[ 0 0 0 0 1 0 1 1 1 1 1 1 ]
d13=4.452678910460 eijMax=2.053E-03 rmsd=9.387E-01 s=[ 0 0 0 0 1 1 1 1 1 1 1 1 ]
d13=4.452678910460 eijMax=2.053E-03 rmsd=9.387E-01 s=[ 0 0 0 1 0 0 0 0 0 0 0 0 ]
d13=4.452678910460 eijMax=2.276E-03 rmsd=9.384E-01 s=[ 0 0 0 1 0 1 0 0 0 0 0 0 ]
d13=4.453999717988 eijMax=2.652E-03 rmsd=9.391E-01 s=[ 0 0 0 0 1 0 1 1 1 1 1 1 ]
d13=4.453999717988 eijMax=2.430E-03 rmsd=9.394E-01 s=[ 0 0 0 0 1 1 1 1 1 1 1 1 ]
d13=4.453999717988 eijMax=2.430E-03 rmsd=9.394E-01 s=[ 0 0 0 1 0 0 0 0 0 0 0 0 ]
d13=4.453999717988 eijMax=2.652E-03 rmsd=9.391E-01 s=[ 0 0 0 1 0 1 0 0 0 0 0 0 ]
d13=4.455320525516 eijMax=3.024E-03 rmsd=9.398E-01 s=[ 0 0 0 0 1 0 1 1 1 1 1 1 ]
d13=4.455320525516 eijMax=2.802E-03 rmsd=9.401E-01 s=[ 0 0 0 0 1 1 1 1 1 1 1 1 ]
d13=4.455320525516 eijMax=2.802E-03 rmsd=9.401E-01 s=[ 0 0 0 1 0 0 0 0 0 0 0 0 ]
d13=4.455320525516 eijMax=3.024E-03 rmsd=9.398E-01 s=[ 0 0 0 1 0 1 0 0 0 0 0 0 ]
d13=4.456641333043 eijMax=3.393E-03 rmsd=9.405E-01 s=[ 0 0 0 0 1 0 1 1 1 1 1 1 ]
d13=4.456641333043 eijMax=3.171E-03 rmsd=9.408E-01 s=[ 0 0 0 0 1 1 1 1 1 1 1 1 ]
d13=4.456641333043 eijMax=3.171E-03 rmsd=9.408E-01 s=[ 0 0 0 1 0 0 0 0 0 0 0 0 ]
d13=4.456641333043 eijMax=3.393E-03 rmsd=9.405E-01 s=[ 0 0 0 1 0 1 0 0 0 0 0 0 ]
d13=4.457962140571 eijMax=3.758E-03 rmsd=9.411E-01 s=[ 0 0 0 0 1 0 1 1 1 1 1 1 ]
d13=4.457962140571 eijMax=3.536E-03 rmsd=9.415E-01 s=[ 0 0 0 0 1 1 1 1 1 1 1 1 ]
d13=4.457962140571 eijMax=3.536E-03 rmsd=9.415E-01 s=[ 0 0 0 1 0 0 0 0 0 0 0 0 ]
d13=4.457962140571 eijMax=3.758E-03 rmsd=9.411E-01 s=[ 0 0 0 1 0 1 0 0 0 0 0 0 ]
d13=4.459282948098 eijMax=4.119E-03 rmsd=9.418E-01 s=[ 0 0 0 0 1 0 1 1 1 1 1 1 ]
d13=4.459282948098 eijMax=3.898E-03 rmsd=9.423E-01 s=[ 0 0 0 0 1 1 1 1 1 1 1 1 ]
d13=4.459282948098 eijMax=3.898E-03 rmsd=9.423E-01 s=[ 0 0 0 1 0 0 0 0 0 0 0 0 ]
d13=4.459282948098 eijMax=4.119E-03 rmsd=9.418E-01 s=[ 0 0 0 1 0 1 0 0 0 0 0 0 ]
d13=4.460603755626 eijMax=4.476E-03 rmsd=9.425E-01 s=[ 0 0 0 0 1 0 1 1 1 1 1 1 ]
d13=4.460603755626 eijMax=4.256E-03 rmsd=9.430E-01 s=[ 0 0 0 0 1 1 1 1 1 1 1 1 ]
d13=4.460603755626 eijMax=4.256E-03 rmsd=9.430E-01 s=[ 0 0 0 1 0 0 0 0 0 0 0 0 ]
d13=4.460603755626 eijMax=4.476E-03 rmsd=9.425E-01 s=[ 0 0 0 1 0 1 0 0 0 0 0 0 ]
d13=4.461924563153 eijMax=4.830E-03 rmsd=9.432E-01 s=[ 0 0 0 0 1 0 1 1 1 1 1 1 ]
d13=4.461924563153 eijMax=4.610E-03 rmsd=9.437E-01 s=[ 0 0 0 0 1 1 1 1 1 1 1 1 ]
d13=4.461924563153 eijMax=4.610E-03 rmsd=9.437E-01 s=[ 0 0 0 1 0 0 0 0 0 0 0 0 ]
d13=4.461924563153 eijMax=4.830E-03 rmsd=9.432E-01 s=[ 0 0 0 1 0 1 0 0 0 0 0 0 ]
d13=4.463245370681 eijMax=5.180E-03 rmsd=9.439E-01 s=[ 0 0 0 0 1 0 1 1 1 1 1 1 ]
d13=4.463245370681 eijMax=4.961E-03 rmsd=9.444E-01 s=[ 0 0 0 0 1 1 1 1 1 1 1 1 ]
d13=4.463245370681 eijMax=4.961E-03 rmsd=9.444E-01 s=[ 0 0 0 1 0 0 0 0 0 0 0 0 ]
d13=4.463245370681 eijMax=5.180E-03 rmsd=9.439E-01 s=[ 0 0 0 1 0 1 0 0 0 0 0 0 ]
d13=4.464566178208 eijMax=5.526E-03 rmsd=9.446E-01 s=[ 0 0 0 0 1 0 1 1 1 1 1 1 ]
d13=4.464566178208 eijMax=5.308E-03 rmsd=9.451E-01 s=[ 0 0 0 0 1 1 1 1 1 1 1 1 ]
d13=4.464566178208 eijMax=5.308E-03 rmsd=9.451E-01 s=[ 0 0 0 1 0 0 0 0 0 0 0 0 ]
d13=4.464566178208 eijMax=5.526E-03 rmsd=9.446E-01 s=[ 0 0 0 1 0 1 0 0 0 0 0 0 ]
d13=4.465886985736 eijMax=9.958E-03 rmsd=1.114E+00 s=[ 0 0 0 0 1 0 1 0 1 1 1 1 ]
d13=4.465886985736 eijMax=5.869E-03 rmsd=9.453E-01 s=[ 0 0 0 0 1 0 1 1 1 1 1 1 ]
d13=4.465886985736 eijMax=5.651E-03 rmsd=9.458E-01 s=[ 0 0 0 0 1 1 1 1 1 1 1 1 ]
d13=4.465886985736 eijMax=5.651E-03 rmsd=9.458E-01 s=[ 0 0 0 1 0 0 0 0 0 0 0 0 ]
d13=4.465886985736 eijMax=5.869E-03 rmsd=9.453E-01 s=[ 0 0 0 1 0 1 0 0 0 0 0 0 ]
d13=4.465886985736 eijMax=9.958E-03 rmsd=1.114E+00 s=[ 0 0 0 1 0 1 0 1 0 0 0 0 ]
d13=4.467207793263 eijMax=9.493E-03 rmsd=1.115E+00 s=[ 0 0 0 0 1 0 1 0 1 1 1 1 ]
d13=4.467207793263 eijMax=6.208E-03 rmsd=9.460E-01 s=[ 0 0 0 0 1 0 1 1 1 1 1 1 ]
d13=4.467207793263 eijMax=9.678E-03 rmsd=1.115E+00 s=[ 0 0 0 0 1 1 1 0 1 1 1 1 ]
d13=4.467207793263 eijMax=5.991E-03 rmsd=9.465E-01 s=[ 0 0 0 0 1 1 1 1 1 1 1 1 ]
d13=4.467207793263 eijMax=5.991E-03 rmsd=9.465E-01 s=[ 0 0 0 1 0 0 0 0 0 0 0 0 ]
d13=4.467207793263 eijMax=9.678E-03 rmsd=1.115E+00 s=[ 0 0 0 1 0 0 0 1 0 0 0 0 ]
d13=4.467207793263 eijMax=6.208E-03 rmsd=9.460E-01 s=[ 0 0 0 1 0 1 0 0 0 0 0 0 ]
d13=4.467207793263 eijMax=9.493E-03 rmsd=1.115E+00 s=[ 0 0 0 1 0 1 0 1 0 0 0 0 ]
d13=4.468528600791 eijMax=9.032E-03 rmsd=1.115E+00 s=[ 0 0 0 0 1 0 1 0 1 1 1 1 ]
d13=4.468528600791 eijMax=6.543E-03 rmsd=9.467E-01 s=[ 0 0 0 0 1 0 1 1 1 1 1 1 ]
d13=4.468528600791 eijMax=9.217E-03 rmsd=1.115E+00 s=[ 0 0 0 0 1 1 1 0 1 1 1 1 ]
d13=4.468528600791 eijMax=6.326E-03 rmsd=9.472E-01 s=[ 0 0 0 0 1 1 1 1 1 1 1 1 ]
d13=4.468528600791 eijMax=6.326E-03 rmsd=9.472E-01 s=[ 0 0 0 1 0 0 0 0 0 0 0 0 ]
d13=4.468528600791 eijMax=9.217E-03 rmsd=1.115E+00 s=[ 0 0 0 1 0 0 0 1 0 0 0 0 ]
d13=4.468528600791 eijMax=6.543E-03 rmsd=9.467E-01 s=[ 0 0 0 1 0 1 0 0 0 0 0 0 ]
d13=4.468528600791 eijMax=9.032E-03 rmsd=1.115E+00 s=[ 0 0 0 1 0 1 0 1 0 0 0 0 ]
d13=4.469849408318 eijMax=8.575E-03 rmsd=1.116E+00 s=[ 0 0 0 0 1 0 1 0 1 1 1 1 ]
d13=4.469849408318 eijMax=6.874E-03 rmsd=9.474E-01 s=[ 0 0 0 0 1 0 1 1 1 1 1 1 ]
d13=4.469849408318 eijMax=8.759E-03 rmsd=1.116E+00 s=[ 0 0 0 0 1 1 1 0 1 1 1 1 ]
d13=4.469849408318 eijMax=6.659E-03 rmsd=9.480E-01 s=[ 0 0 0 0 1 1 1 1 1 1 1 1 ]
d13=4.469849408318 eijMax=6.659E-03 rmsd=9.480E-01 s=[ 0 0 0 1 0 0 0 0 0 0 0 0 ]
d13=4.469849408318 eijMax=8.759E-03 rmsd=1.116E+00 s=[ 0 0 0 1 0 0 0 1 0 0 0 0 ]
d13=4.469849408318 eijMax=6.874E-03 rmsd=9.474E-01 s=[ 0 0 0 1 0 1 0 0 0 0 0 0 ]
d13=4.469849408318 eijMax=8.575E-03 rmsd=1.116E+00 s=[ 0 0 0 1 0 1 0 1 0 0 0 0 ]
d13=4.471170215846 eijMax=8.120E-03 rmsd=1.116E+00 s=[ 0 0 0 0 1 0 1 0 1 1 1 1 ]
d13=4.471170215846 eijMax=7.202E-03 rmsd=9.481E-01 s=[ 0 0 0 0 1 0 1 1 1 1 1 1 ]
d13=4.471170215846 eijMax=8.305E-03 rmsd=1.116E+00 s=[ 0 0 0 0 1 1 1 0 1 1 1 1 ]
d13=4.471170215846 eijMax=6.987E-03 rmsd=9.487E-01 s=[ 0 0 0 0 1 1 1 1 1 1 1 1 ]
d13=4.471170215846 eijMax=6.987E-03 rmsd=9.487E-01 s=[ 0 0 0 1 0 0 0 0 0 0 0 0 ]
d13=4.471170215846 eijMax=8.305E-03 rmsd=1.116E+00 s=[ 0 0 0 1 0 0 0 1 0 0 0 0 ]
d13=4.471170215846 eijMax=7.202E-03 rmsd=9.481E-01 s=[ 0 0 0 1 0 1 0 0 0 0 0 0 ]
d13=4.471170215846 eijMax=8.120E-03 rmsd=1.116E+00 s=[ 0 0 0 1 0 1 0 1 0 0 0 0 ]
d13=4.472491023373 eijMax=7.670E-03 rmsd=1.117E+00 s=[ 0 0 0 0 1 0 1 0 1 1 1 1 ]
d13=4.472491023373 eijMax=7.526E-03 rmsd=9.488E-01 s=[ 0 0 0 0 1 0 1 1 1 1 1 1 ]
d13=4.472491023373 eijMax=7.855E-03 rmsd=1.117E+00 s=[ 0 0 0 0 1 1 1 0 1 1 1 1 ]
d13=4.472491023373 eijMax=7.312E-03 rmsd=9.494E-01 s=[ 0 0 0 0 1 1 1 1 1 1 1 1 ]
d13=4.472491023373 eijMax=7.312E-03 rmsd=9.494E-01 s=[ 0 0 0 1 0 0 0 0 0 0 0 0 ]
d13=4.472491023373 eijMax=7.855E-03 rmsd=1.117E+00 s=[ 0 0 0 1 0 0 0 1 0 0 0 0 ]
d13=4.472491023373 eijMax=7.526E-03 rmsd=9.488E-01 s=[ 0 0 0 1 0 1 0 0 0 0 0 0 ]
d13=4.472491023373 eijMax=7.670E-03 rmsd=1.117E+00 s=[ 0 0 0 1 0 1 0 1 0 0 0 0 ]
d13=4.473811830901 eijMax=7.223E-03 rmsd=1.117E+00 s=[ 0 0 0 0 1 0 1 0 1 1 1 1 ]
d13=4.473811830901 eijMax=7.846E-03 rmsd=9.495E-01 s=[ 0 0 0 0 1 0 1 1 1 1 1 1 ]
d13=4.473811830901 eijMax=7.407E-03 rmsd=1.117E+00 s=[ 0 0 0 0 1 1 1 0 1 1 1 1 ]
d13=4.473811830901 eijMax=7.633E-03 rmsd=9.501E-01 s=[ 0 0 0 0 1 1 1 1 1 1 1 1 ]
d13=4.473811830901 eijMax=7.633E-03 rmsd=9.501E-01 s=[ 0 0 0 1 0 0 0 0 0 0 0 0 ]
d13=4.473811830901 eijMax=7.407E-03 rmsd=1.117E+00 s=[ 0 0 0 1 0 0 0 1 0 0 0 0 ]
d13=4.473811830901 eijMax=7.846E-03 rmsd=9.495E-01 s=[ 0 0 0 1 0 1 0 0 0 0 0 0 ]
d13=4.473811830901 eijMax=7.223E-03 rmsd=1.117E+00 s=[ 0 0 0 1 0 1 0 1 0 0 0 0 ]
d13=4.475132638428 eijMax=6.779E-03 rmsd=1.118E+00 s=[ 0 0 0 0 1 0 1 0 1 1 1 1 ]
d13=4.475132638428 eijMax=8.163E-03 rmsd=9.502E-01 s=[ 0 0 0 0 1 0 1 1 1 1 1 1 ]
d13=4.475132638428 eijMax=6.964E-03 rmsd=1.118E+00 s=[ 0 0 0 0 1 1 1 0 1 1 1 1 ]
d13=4.475132638428 eijMax=7.951E-03 rmsd=9.508E-01 s=[ 0 0 0 0 1 1 1 1 1 1 1 1 ]
d13=4.475132638428 eijMax=7.951E-03 rmsd=9.508E-01 s=[ 0 0 0 1 0 0 0 0 0 0 0 0 ]
d13=4.475132638428 eijMax=6.964E-03 rmsd=1.118E+00 s=[ 0 0 0 1 0 0 0 1 0 0 0 0 ]
d13=4.475132638428 eijMax=8.163E-03 rmsd=9.502E-01 s=[ 0 0 0 1 0 1 0 0 0 0 0 0 ]
d13=4.475132638428 eijMax=6.779E-03 rmsd=1.118E+00 s=[ 0 0 0 1 0 1 0 1 0 0 0 0 ]
d13=4.476453445956 eijMax=6.339E-03 rmsd=1.118E+00 s=[ 0 0 0 0 1 0 1 0 1 1 1 1 ]
d13=4.476453445956 eijMax=8.476E-03 rmsd=9.509E-01 s=[ 0 0 0 0 1 0 1 1 1 1 1 1 ]
d13=4.476453445956 eijMax=6.523E-03 rmsd=1.118E+00 s=[ 0 0 0 0 1 1 1 0 1 1 1 1 ]
d13=4.476453445956 eijMax=8.265E-03 rmsd=9.515E-01 s=[ 0 0 0 0 1 1 1 1 1 1 1 1 ]
d13=4.476453445956 eijMax=8.265E-03 rmsd=9.515E-01 s=[ 0 0 0 1 0 0 0 0 0 0 0 0 ]
d13=4.476453445956 eijMax=6.523E-03 rmsd=1.118E+00 s=[ 0 0 0 1 0 0 0 1 0 0 0 0 ]
d13=4.476453445956 eijMax=8.476E-03 rmsd=9.509E-01 s=[ 0 0 0 1 0 1 0 0 0 0 0 0 ]
d13=4.476453445956 eijMax=6.339E-03 rmsd=1.118E+00 s=[ 0 0 0 1 0 1 0 1 0 0 0 0 ]
d13=4.477774253483 eijMax=5.902E-03 rmsd=1.119E+00 s=[ 0 0 0 0 1 0 1 0 1 1 1 1 ]
d13=4.477774253483 eijMax=8.785E-03 rmsd=9.516E-01 s=[ 0 0 0 0 1 0 1 1 1 1 1 1 ]
d13=4.477774253483 eijMax=6.087E-03 rmsd=1.119E+00 s=[ 0 0 0 0 1 1 1 0 1 1 1 1 ]
d13=4.477774253483 eijMax=8.575E-03 rmsd=9.522E-01 s=[ 0 0 0 0 1 1 1 1 1 1 1 1 ]
d13=4.477774253483 eijMax=8.575E-03 rmsd=9.522E-01 s=[ 0 0 0 1 0 0 0 0 0 0 0 0 ]
d13=4.477774253483 eijMax=6.087E-03 rmsd=1.119E+00 s=[ 0 0 0 1 0 0 0 1 0 0 0 0 ]
d13=4.477774253483 eijMax=8.785E-03 rmsd=9.516E-01 s=[ 0 0 0 1 0 1 0 0 0 0 0 0 ]
d13=4.477774253483 eijMax=5.902E-03 rmsd=1.119E+00 s=[ 0 0 0 1 0 1 0 1 0 0 0 0 ]
d13=4.479095061011 eijMax=5.469E-03 rmsd=1.119E+00 s=[ 0 0 0 0 1 0 1 0 1 1 1 1 ]
d13=4.479095061011 eijMax=9.090E-03 rmsd=9.523E-01 s=[ 0 0 0 0 1 0 1 1 1 1 1 1 ]
d13=4.479095061011 eijMax=5.653E-03 rmsd=1.120E+00 s=[ 0 0 0 0 1 1 1 0 1 1 1 1 ]
d13=4.479095061011 eijMax=8.882E-03 rmsd=9.530E-01 s=[ 0 0 0 0 1 1 1 1 1 1 1 1 ]
d13=4.479095061011 eijMax=8.882E-03 rmsd=9.530E-01 s=[ 0 0 0 1 0 0 0 0 0 0 0 0 ]
d13=4.479095061011 eijMax=5.653E-03 rmsd=1.120E+00 s=[ 0 0 0 1 0 0 0 1 0 0 0 0 ]
d13=4.479095061011 eijMax=9.090E-03 rmsd=9.523E-01 s=[ 0 0 0 1 0 1 0 0 0 0 0 0 ]
d13=4.479095061011 eijMax=5.469E-03 rmsd=1.119E+00 s=[ 0 0 0 1 0 1 0 1 0 0 0 0 ]
d13=4.480415868539 eijMax=5.039E-03 rmsd=1.120E+00 s=[ 0 0 0 0 1 0 1 0 1 1 1 1 ]
d13=4.480415868539 eijMax=9.392E-03 rmsd=9.531E-01 s=[ 0 0 0 0 1 0 1 1 1 1 1 1 ]
d13=4.480415868539 eijMax=5.223E-03 rmsd=1.120E+00 s=[ 0 0 0 0 1 1 1 0 1 1 1 1 ]
d13=4.480415868539 eijMax=9.185E-03 rmsd=9.537E-01 s=[ 0 0 0 0 1 1 1 1 1 1 1 1 ]
d13=4.480415868539 eijMax=9.185E-03 rmsd=9.537E-01 s=[ 0 0 0 1 0 0 0 0 0 0 0 0 ]
d13=4.480415868539 eijMax=5.223E-03 rmsd=1.120E+00 s=[ 0 0 0 1 0 0 0 1 0 0 0 0 ]
d13=4.480415868539 eijMax=9.392E-03 rmsd=9.531E-01 s=[ 0 0 0 1 0 1 0 0 0 0 0 0 ]
d13=4.480415868539 eijMax=5.039E-03 rmsd=1.120E+00 s=[ 0 0 0 1 0 1 0 1 0 0 0 0 ]
d13=4.481736676066 eijMax=4.612E-03 rmsd=1.120E+00 s=[ 0 0 0 0 1 0 1 0 1 1 1 1 ]
d13=4.481736676066 eijMax=9.690E-03 rmsd=9.538E-01 s=[ 0 0 0 0 1 0 1 1 1 1 1 1 ]
d13=4.481736676066 eijMax=4.797E-03 rmsd=1.121E+00 s=[ 0 0 0 0 1 1 1 0 1 1 1 1 ]
d13=4.481736676066 eijMax=9.484E-03 rmsd=9.544E-01 s=[ 0 0 0 0 1 1 1 1 1 1 1 1 ]
d13=4.481736676066 eijMax=9.484E-03 rmsd=9.544E-01 s=[ 0 0 0 1 0 0 0 0 0 0 0 0 ]
d13=4.481736676066 eijMax=4.797E-03 rmsd=1.121E+00 s=[ 0 0 0 1 0 0 0 1 0 0 0 0 ]
d13=4.481736676066 eijMax=9.690E-03 rmsd=9.538E-01 s=[ 0 0 0 1 0 1 0 0 0 0 0 0 ]
d13=4.481736676066 eijMax=4.612E-03 rmsd=1.120E+00 s=[ 0 0 0 1 0 1 0 1 0 0 0 0 ]
d13=4.483057483594 eijMax=4.190E-03 rmsd=1.121E+00 s=[ 0 0 0 0 1 0 1 0 1 1 1 1 ]
d13=4.483057483594 eijMax=9.985E-03 rmsd=9.545E-01 s=[ 0 0 0 0 1 0 1 1 1 1 1 1 ]
d13=4.483057483594 eijMax=4.374E-03 rmsd=1.121E+00 s=[ 0 0 0 0 1 1 1 0 1 1 1 1 ]
d13=4.483057483594 eijMax=9.780E-03 rmsd=9.551E-01 s=[ 0 0 0 0 1 1 1 1 1 1 1 1 ]
d13=4.483057483594 eijMax=9.780E-03 rmsd=9.551E-01 s=[ 0 0 0 1 0 0 0 0 0 0 0 0 ]
d13=4.483057483594 eijMax=4.374E-03 rmsd=1.121E+00 s=[ 0 0 0 1 0 0 0 1 0 0 0 0 ]
d13=4.483057483594 eijMax=9.985E-03 rmsd=9.545E-01 s=[ 0 0 0 1 0 1 0 0 0 0 0 0 ]
d13=4.483057483594 eijMax=4.190E-03 rmsd=1.121E+00 s=[ 0 0 0 1 0 1 0 1 0 0 0 0 ]
d13=4.484378291121 eijMax=3.770E-03 rmsd=1.121E+00 s=[ 0 0 0 0 1 0 1 0 1 1 1 1 ]
d13=4.484378291121 eijMax=3.955E-03 rmsd=1.122E+00 s=[ 0 0 0 0 1 1 1 0 1 1 1 1 ]
d13=4.484378291121 eijMax=3.955E-03 rmsd=1.122E+00 s=[ 0 0 0 1 0 0 0 1 0 0 0 0 ]
d13=4.484378291121 eijMax=3.770E-03 rmsd=1.121E+00 s=[ 0 0 0 1 0 1 0 1 0 0 0 0 ]
d13=4.485699098649 eijMax=3.354E-03 rmsd=1.122E+00 s=[ 0 0 0 0 1 0 1 0 1 1 1 1 ]
d13=4.485699098649 eijMax=3.538E-03 rmsd=1.122E+00 s=[ 0 0 0 0 1 1 1 0 1 1 1 1 ]
d13=4.485699098649 eijMax=3.538E-03 rmsd=1.122E+00 s=[ 0 0 0 1 0 0 0 1 0 0 0 0 ]
d13=4.485699098649 eijMax=3.354E-03 rmsd=1.122E+00 s=[ 0 0 0 1 0 1 0 1 0 0 0 0 ]
d13=4.487019906176 eijMax=2.942E-03 rmsd=1.122E+00 s=[ 0 0 0 0 1 0 1 0 1 1 1 1 ]
d13=4.487019906176 eijMax=3.126E-03 rmsd=1.123E+00 s=[ 0 0 0 0 1 1 1 0 1 1 1 1 ]
d13=4.487019906176 eijMax=3.126E-03 rmsd=1.123E+00 s=[ 0 0 0 1 0 0 0 1 0 0 0 0 ]
d13=4.487019906176 eijMax=2.942E-03 rmsd=1.122E+00 s=[ 0 0 0 1 0 1 0 1 0 0 0 0 ]
d13=4.488340713704 eijMax=2.533E-03 rmsd=1.123E+00 s=[ 0 0 0 0 1 0 1 0 1 1 1 1 ]
d13=4.488340713704 eijMax=2.717E-03 rmsd=1.123E+00 s=[ 0 0 0 0 1 1 1 0 1 1 1 1 ]
d13=4.488340713704 eijMax=2.717E-03 rmsd=1.123E+00 s=[ 0 0 0 1 0 0 0 1 0 0 0 0 ]
d13=4.488340713704 eijMax=2.533E-03 rmsd=1.123E+00 s=[ 0 0 0 1 0 1 0 1 0 0 0 0 ]
d13=4.489661521231 eijMax=2.127E-03 rmsd=1.123E+00 s=[ 0 0 0 0 1 0 1 0 1 1 1 1 ]
d13=4.489661521231 eijMax=2.311E-03 rmsd=1.124E+00 s=[ 0 0 0 0 1 1 1 0 1 1 1 1 ]
d13=4.489661521231 eijMax=2.311E-03 rmsd=1.124E+00 s=[ 0 0 0 1 0 0 0 1 0 0 0 0 ]
d13=4.489661521231 eijMax=2.127E-03 rmsd=1.123E+00 s=[ 0 0 0 1 0 1 0 1 0 0 0 0 ]
d13=4.490982328759 eijMax=1.725E-03 rmsd=1.124E+00 s=[ 0 0 0 0 1 0 1 0 1 1 1 1 ]
d13=4.490982328759 eijMax=1.908E-03 rmsd=1.124E+00 s=[ 0 0 0 0 1 1 1 0 1 1 1 1 ]
d13=4.490982328759 eijMax=1.908E-03 rmsd=1.124E+00 s=[ 0 0 0 1 0 0 0 1 0 0 0 0 ]
d13=4.490982328759 eijMax=1.725E-03 rmsd=1.124E+00 s=[ 0 0 0 1 0 1 0 1 0 0 0 0 ]
d13=4.492303136286 eijMax=1.327E-03 rmsd=1.125E+00 s=[ 0 0 0 0 1 0 1 0 1 1 1 1 ]
d13=4.492303136286 eijMax=1.510E-03 rmsd=1.125E+00 s=[ 0 0 0 0 1 1 1 0 1 1 1 1 ]
d13=4.492303136286 eijMax=1.510E-03 rmsd=1.125E+00 s=[ 0 0 0 1 0 0 0 1 0 0 0 0 ]
d13=4.492303136286 eijMax=1.327E-03 rmsd=1.125E+00 s=[ 0 0 0 1 0 1 0 1 0 0 0 0 ]
d13=4.493623943814 eijMax=9.313E-04 rmsd=1.125E+00 s=[ 0 0 0 0 1 0 1 0 1 1 1 1 ]
d13=4.493623943814 eijMax=1.114E-03 rmsd=1.125E+00 s=[ 0 0 0 0 1 1 1 0 1 1 1 1 ]
d13=4.493623943814 eijMax=1.114E-03 rmsd=1.125E+00 s=[ 0 0 0 1 0 0 0 1 0 0 0 0 ]
d13=4.493623943814 eijMax=9.313E-04 rmsd=1.125E+00 s=[ 0 0 0 1 0 1 0 1 0 0 0 0 ]
d13=4.494944751341 eijMax=5.396E-04 rmsd=1.126E+00 s=[ 0 0 0 0 1 0 1 0 1 1 1 1 ]
d13=4.494944751341 eijMax=7.220E-04 rmsd=1.126E+00 s=[ 0 0 0 0 1 1 1 0 1 1 1 1 ]
d13=4.494944751341 eijMax=7.220E-04 rmsd=1.126E+00 s=[ 0 0 0 1 0 0 0 1 0 0 0 0 ]
d13=4.494944751341 eijMax=5.396E-04 rmsd=1.126E+00 s=[ 0 0 0 1 0 1 0 1 0 0 0 0 ]
d13=4.496265558869 eijMax=1.513E-04 rmsd=1.126E+00 s=[ 0 0 0 0 1 0 1 0 1 1 1 1 ]
d13=4.496265558869 eijMax=3.334E-04 rmsd=1.126E+00 s=[ 0 0 0 0 1 1 1 0 1 1 1 1 ]
d13=4.496265558869 eijMax=3.334E-04 rmsd=1.126E+00 s=[ 0 0 0 1 0 0 0 1 0 0 0 0 ]
d13=4.496265558869 eijMax=1.513E-04 rmsd=1.126E+00 s=[ 0 0 0 1 0 1 0 1 0 0 0 0 ]
d13=4.497586366396 eijMax=2.335E-04 rmsd=1.127E+00 s=[ 0 0 0 0 1 0 1 0 1 1 1 1 ]
d13=4.497586366396 eijMax=5.181E-05 rmsd=1.127E+00 s=[ 0 0 0 0 1 1 1 0 1 1 1 1 ]
d13=4.497586366396 eijMax=5.181E-05 rmsd=1.127E+00 s=[ 0 0 0 1 0 0 0 1 0 0 0 0 ]
d13=4.497586366396 eijMax=2.335E-04 rmsd=1.127E+00 s=[ 0 0 0 1 0 1 0 1 0 0 0 0 ]
d13=4.498907173924 eijMax=6.149E-04 rmsd=1.127E+00 s=[ 0 0 0 0 1 0 1 0 1 1 1 1 ]
d13=4.498907173924 eijMax=4.336E-04 rmsd=1.127E+00 s=[ 0 0 0 0 1 1 1 0 1 1 1 1 ]
d13=4.498907173924 eijMax=4.336E-04 rmsd=1.127E+00 s=[ 0 0 0 1 0 0 0 1 0 0 0 0 ]
d13=4.498907173924 eijMax=6.149E-04 rmsd=1.127E+00 s=[ 0 0 0 1 0 1 0 1 0 0 0 0 ]
d13=4.500227981451 eijMax=9.928E-04 rmsd=1.128E+00 s=[ 0 0 0 0 1 0 1 0 1 1 1 1 ]
d13=4.500227981451 eijMax=8.119E-04 rmsd=1.128E+00 s=[ 0 0 0 0 1 1 1 0 1 1 1 1 ]
d13=4.500227981451 eijMax=8.119E-04 rmsd=1.128E+00 s=[ 0 0 0 1 0 0 0 1 0 0 0 0 ]
d13=4.500227981451 eijMax=9.928E-04 rmsd=1.128E+00 s=[ 0 0 0 1 0 1 0 1 0 0 0 0 ]
d13=4.501548788979 eijMax=1.367E-03 rmsd=1.128E+00 s=[ 0 0 0 0 1 0 1 0 1 1 1 1 ]
d13=4.501548788979 eijMax=1.187E-03 rmsd=1.129E+00 s=[ 0 0 0 0 1 1 1 0 1 1 1 1 ]
d13=4.501548788979 eijMax=1.187E-03 rmsd=1.129E+00 s=[ 0 0 0 1 0 0 0 1 0 0 0 0 ]
d13=4.501548788979 eijMax=1.367E-03 rmsd=1.128E+00 s=[ 0 0 0 1 0 1 0 1 0 0 0 0 ]
d13=4.502869596507 eijMax=1.738E-03 rmsd=1.129E+00 s=[ 0 0 0 0 1 0 1 0 1 1 1 1 ]
d13=4.502869596507 eijMax=1.558E-03 rmsd=1.129E+00 s=[ 0 0 0 0 1 1 1 0 1 1 1 1 ]
d13=4.502869596507 eijMax=1.558E-03 rmsd=1.129E+00 s=[ 0 0 0 1 0 0 0 1 0 0 0 0 ]
d13=4.502869596507 eijMax=1.738E-03 rmsd=1.129E+00 s=[ 0 0 0 1 0 1 0 1 0 0 0 0 ]
d13=4.504190404034 eijMax=2.106E-03 rmsd=1.129E+00 s=[ 0 0 0 0 1 0 1 0 1 1 1 1 ]
d13=4.504190404034 eijMax=1.927E-03 rmsd=1.130E+00 s=[ 0 0 0 0 1 1 1 0 1 1 1 1 ]
d13=4.504190404034 eijMax=1.927E-03 rmsd=1.130E+00 s=[ 0 0 0 1 0 0 0 1 0 0 0 0 ]
d13=4.504190404034 eijMax=2.106E-03 rmsd=1.129E+00 s=[ 0 0 0 1 0 1 0 1 0 0 0 0 ]
d13=4.505511211562 eijMax=2.470E-03 rmsd=1.130E+00 s=[ 0 0 0 0 1 0 1 0 1 1 1 1 ]
d13=4.505511211562 eijMax=2.291E-03 rmsd=1.130E+00 s=[ 0 0 0 0 1 1 1 0 1 1 1 1 ]
d13=4.505511211562 eijMax=2.291E-03 rmsd=1.130E+00 s=[ 0 0 0 1 0 0 0 1 0 0 0 0 ]
d13=4.505511211562 eijMax=2.470E-03 rmsd=1.130E+00 s=[ 0 0 0 1 0 1 0 1 0 0 0 0 ]
d13=4.506832019089 eijMax=2.831E-03 rmsd=1.130E+00 s=[ 0 0 0 0 1 0 1 0 1 1 1 1 ]
d13=4.506832019089 eijMax=2.653E-03 rmsd=1.131E+00 s=[ 0 0 0 0 1 1 1 0 1 1 1 1 ]
d13=4.506832019089 eijMax=2.653E-03 rmsd=1.131E+00 s=[ 0 0 0 1 0 0 0 1 0 0 0 0 ]
d13=4.506832019089 eijMax=2.831E-03 rmsd=1.130E+00 s=[ 0 0 0 1 0 1 0 1 0 0 0 0 ]
d13=4.508152826617 eijMax=3.188E-03 rmsd=1.131E+00 s=[ 0 0 0 0 1 0 1 0 1 1 1 1 ]
d13=4.508152826617 eijMax=3.010E-03 rmsd=1.131E+00 s=[ 0 0 0 0 1 1 1 0 1 1 1 1 ]
d13=4.508152826617 eijMax=3.010E-03 rmsd=1.131E+00 s=[ 0 0 0 1 0 0 0 1 0 0 0 0 ]
d13=4.508152826617 eijMax=3.188E-03 rmsd=1.131E+00 s=[ 0 0 0 1 0 1 0 1 0 0 0 0 ]
d13=4.509473634144 eijMax=3.542E-03 rmsd=1.131E+00 s=[ 0 0 0 0 1 0 1 0 1 1 1 1 ]
d13=4.509473634144 eijMax=3.365E-03 rmsd=1.132E+00 s=[ 0 0 0 0 1 1 1 0 1 1 1 1 ]
d13=4.509473634144 eijMax=3.365E-03 rmsd=1.132E+00 s=[ 0 0 0 1 0 0 0 1 0 0 0 0 ]
d13=4.509473634144 eijMax=3.542E-03 rmsd=1.131E+00 s=[ 0 0 0 1 0 1 0 1 0 0 0 0 ]
d13=4.510794441672 eijMax=3.893E-03 rmsd=1.132E+00 s=[ 0 0 0 0 1 0 1 0 1 1 1 1 ]
d13=4.510794441672 eijMax=3.716E-03 rmsd=1.132E+00 s=[ 0 0 0 0 1 1 1 0 1 1 1 1 ]
d13=4.510794441672 eijMax=3.716E-03 rmsd=1.132E+00 s=[ 0 0 0 1 0 0 0 1 0 0 0 0 ]
d13=4.510794441672 eijMax=3.893E-03 rmsd=1.132E+00 s=[ 0 0 0 1 0 1 0 1 0 0 0 0 ]
d13=4.512115249199 eijMax=4.240E-03 rmsd=1.132E+00 s=[ 0 0 0 0 1 0 1 0 1 1 1 1 ]
d13=4.512115249199 eijMax=4.064E-03 rmsd=1.133E+00 s=[ 0 0 0 0 1 1 1 0 1 1 1 1 ]
d13=4.512115249199 eijMax=4.064E-03 rmsd=1.133E+00 s=[ 0 0 0 1 0 0 0 1 0 0 0 0 ]
d13=4.512115249199 eijMax=4.240E-03 rmsd=1.132E+00 s=[ 0 0 0 1 0 1 0 1 0 0 0 0 ]
d13=4.513436056727 eijMax=4.583E-03 rmsd=1.133E+00 s=[ 0 0 0 0 1 0 1 0 1 1 1 1 ]
d13=4.513436056727 eijMax=4.408E-03 rmsd=1.133E+00 s=[ 0 0 0 0 1 1 1 0 1 1 1 1 ]
d13=4.513436056727 eijMax=4.408E-03 rmsd=1.133E+00 s=[ 0 0 0 1 0 0 0 1 0 0 0 0 ]
d13=4.513436056727 eijMax=4.583E-03 rmsd=1.133E+00 s=[ 0 0 0 1 0 1 0 1 0 0 0 0 ]
d13=4.514756864254 eijMax=4.924E-03 rmsd=1.133E+00 s=[ 0 0 0 0 1 0 1 0 1 1 1 1 ]
d13=4.514756864254 eijMax=4.749E-03 rmsd=1.134E+00 s=[ 0 0 0 0 1 1 1 0 1 1 1 1 ]
d13=4.514756864254 eijMax=4.749E-03 rmsd=1.134E+00 s=[ 0 0 0 1 0 0 0 1 0 0 0 0 ]
d13=4.514756864254 eijMax=4.924E-03 rmsd=1.133E+00 s=[ 0 0 0 1 0 1 0 1 0 0 0 0 ]
d13=4.516077671782 eijMax=5.260E-03 rmsd=1.134E+00 s=[ 0 0 0 0 1 0 1 0 1 1 1 1 ]
d13=4.516077671782 eijMax=5.086E-03 rmsd=1.135E+00 s=[ 0 0 0 0 1 1 1 0 1 1 1 1 ]
d13=4.516077671782 eijMax=5.086E-03 rmsd=1.135E+00 s=[ 0 0 0 1 0 0 0 1 0 0 0 0 ]
d13=4.516077671782 eijMax=5.260E-03 rmsd=1.134E+00 s=[ 0 0 0 1 0 1 0 1 0 0 0 0 ]
d13=4.517398479309 eijMax=5.594E-03 rmsd=1.135E+00 s=[ 0 0 0 0 1 0 1 0 1 1 1 1 ]
d13=4.517398479309 eijMax=5.420E-03 rmsd=1.135E+00 s=[ 0 0 0 0 1 1 1 0 1 1 1 1 ]
d13=4.517398479309 eijMax=5.420E-03 rmsd=1.135E+00 s=[ 0 0 0 1 0 0 0 1 0 0 0 0 ]
d13=4.517398479309 eijMax=5.594E-03 rmsd=1.135E+00 s=[ 0 0 0 1 0 1 0 1 0 0 0 0 ]
d13=4.518719286837 eijMax=5.924E-03 rmsd=1.135E+00 s=[ 0 0 0 0 1 0 1 0 1 1 1 1 ]
d13=4.518719286837 eijMax=5.751E-03 rmsd=1.136E+00 s=[ 0 0 0 0 1 1 1 0 1 1 1 1 ]
d13=4.518719286837 eijMax=5.751E-03 rmsd=1.136E+00 s=[ 0 0 0 1 0 0 0 1 0 0 0 0 ]
d13=4.518719286837 eijMax=5.924E-03 rmsd=1.135E+00 s=[ 0 0 0 1 0 1 0 1 0 0 0 0 ]
d13=4.520040094364 eijMax=6.250E-03 rmsd=1.136E+00 s=[ 0 0 0 0 1 0 1 0 1 1 1 1 ]
d13=4.520040094364 eijMax=6.078E-03 rmsd=1.136E+00 s=[ 0 0 0 0 1 1 1 0 1 1 1 1 ]
d13=4.520040094364 eijMax=6.078E-03 rmsd=1.136E+00 s=[ 0 0 0 1 0 0 0 1 0 0 0 0 ]
d13=4.520040094364 eijMax=6.250E-03 rmsd=1.136E+00 s=[ 0 0 0 1 0 1 0 1 0 0 0 0 ]
d13=4.521360901892 eijMax=6.573E-03 rmsd=1.136E+00 s=[ 0 0 0 0 1 0 1 0 1 1 1 1 ]
d13=4.521360901892 eijMax=6.402E-03 rmsd=1.137E+00 s=[ 0 0 0 0 1 1 1 0 1 1 1 1 ]
d13=4.521360901892 eijMax=6.402E-03 rmsd=1.137E+00 s=[ 0 0 0 1 0 0 0 1 0 0 0 0 ]
d13=4.521360901892 eijMax=6.573E-03 rmsd=1.136E+00 s=[ 0 0 0 1 0 1 0 1 0 0 0 0 ]
d13=4.522681709419 eijMax=6.893E-03 rmsd=1.137E+00 s=[ 0 0 0 0 1 0 1 0 1 1 1 1 ]
d13=4.522681709419 eijMax=6.723E-03 rmsd=1.137E+00 s=[ 0 0 0 0 1 1 1 0 1 1 1 1 ]
d13=4.522681709419 eijMax=6.723E-03 rmsd=1.137E+00 s=[ 0 0 0 1 0 0 0 1 0 0 0 0 ]
d13=4.522681709419 eijMax=6.893E-03 rmsd=1.137E+00 s=[ 0 0 0 1 0 1 0 1 0 0 0 0 ]
d13=4.524002516947 eijMax=7.209E-03 rmsd=1.137E+00 s=[ 0 0 0 0 1 0 1 0 1 1 1 1 ]
d13=4.524002516947 eijMax=7.040E-03 rmsd=1.138E+00 s=[ 0 0 0 0 1 1 1 0 1 1 1 1 ]
d13=4.524002516947 eijMax=7.040E-03 rmsd=1.138E+00 s=[ 0 0 0 1 0 0 0 1 0 0 0 0 ]
d13=4.524002516947 eijMax=7.209E-03 rmsd=1.137E+00 s=[ 0 0 0 1 0 1 0 1 0 0 0 0 ]
d13=4.525323324474 eijMax=7.522E-03 rmsd=1.138E+00 s=[ 0 0 0 0 1 0 1 0 1 1 1 1 ]
d13=4.525323324474 eijMax=7.353E-03 rmsd=1.138E+00 s=[ 0 0 0 0 1 1 1 0 1 1 1 1 ]
d13=4.525323324474 eijMax=7.353E-03 rmsd=1.138E+00 s=[ 0 0 0 1 0 0 0 1 0 0 0 0 ]
d13=4.525323324474 eijMax=7.522E-03 rmsd=1.138E+00 s=[ 0 0 0 1 0 1 0 1 0 0 0 0 ]
d13=4.526644132002 eijMax=7.832E-03 rmsd=1.138E+00 s=[ 0 0 0 0 1 0 1 0 1 1 1 1 ]
d13=4.526644132002 eijMax=7.664E-03 rmsd=1.139E+00 s=[ 0 0 0 0 1 1 1 0 1 1 1 1 ]
d13=4.526644132002 eijMax=7.664E-03 rmsd=1.139E+00 s=[ 0 0 0 1 0 0 0 1 0 0 0 0 ]
d13=4.526644132002 eijMax=7.832E-03 rmsd=1.138E+00 s=[ 0 0 0 1 0 1 0 1 0 0 0 0 ]
d13=4.527964939530 eijMax=8.138E-03 rmsd=1.139E+00 s=[ 0 0 0 0 1 0 1 0 1 1 1 1 ]
d13=4.527964939530 eijMax=7.971E-03 rmsd=1.139E+00 s=[ 0 0 0 0 1 1 1 0 1 1 1 1 ]
d13=4.527964939530 eijMax=7.971E-03 rmsd=1.139E+00 s=[ 0 0 0 1 0 0 0 1 0 0 0 0 ]
d13=4.527964939530 eijMax=8.138E-03 rmsd=1.139E+00 s=[ 0 0 0 1 0 1 0 1 0 0 0 0 ]
d13=4.529285747057 eijMax=8.440E-03 rmsd=1.139E+00 s=[ 0 0 0 0 1 0 1 0 1 1 1 1 ]
d13=4.529285747057 eijMax=8.274E-03 rmsd=1.140E+00 s=[ 0 0 0 0 1 1 1 0 1 1 1 1 ]
d13=4.529285747057 eijMax=8.274E-03 rmsd=1.140E+00 s=[ 0 0 0 1 0 0 0 1 0 0 0 0 ]
d13=4.529285747057 eijMax=8.440E-03 rmsd=1.139E+00 s=[ 0 0 0 1 0 1 0 1 0 0 0 0 ]
d13=4.530606554585 eijMax=8.740E-03 rmsd=1.140E+00 s=[ 0 0 0 0 1 0 1 0 1 1 1 1 ]
d13=4.530606554585 eijMax=8.574E-03 rmsd=1.141E+00 s=[ 0 0 0 0 1 1 1 0 1 1 1 1 ]
d13=4.530606554585 eijMax=8.574E-03 rmsd=1.141E+00 s=[ 0 0 0 1 0 0 0 1 0 0 0 0 ]
d13=4.530606554585 eijMax=8.740E-03 rmsd=1.140E+00 s=[ 0 0 0 1 0 1 0 1 0 0 0 0 ]
d13=4.531927362112 eijMax=9.035E-03 rmsd=1.141E+00 s=[ 0 0 0 0 1 0 1 0 1 1 1 1 ]
d13=4.531927362112 eijMax=8.871E-03 rmsd=1.141E+00 s=[ 0 0 0 0 1 1 1 0 1 1 1 1 ]
d13=4.531927362112 eijMax=8.871E-03 rmsd=1.141E+00 s=[ 0 0 0 1 0 0 0 1 0 0 0 0 ]
d13=4.531927362112 eijMax=9.035E-03 rmsd=1.141E+00 s=[ 0 0 0 1 0 1 0 1 0 0 0 0 ]
d13=4.533248169640 eijMax=9.328E-03 rmsd=1.141E+00 s=[ 0 0 0 0 1 0 1 0 1 1 1 1 ]
d13=4.533248169640 eijMax=9.164E-03 rmsd=1.142E+00 s=[ 0 0 0 0 1 1 1 0 1 1 1 1 ]
d13=4.533248169640 eijMax=9.164E-03 rmsd=1.142E+00 s=[ 0 0 0 1 0 0 0 1 0 0 0 0 ]
d13=4.533248169640 eijMax=9.328E-03 rmsd=1.141E+00 s=[ 0 0 0 1 0 1 0 1 0 0 0 0 ]
d13=4.534568977167 eijMax=9.617E-03 rmsd=1.142E+00 s=[ 0 0 0 0 1 0 1 0 1 1 1 1 ]
d13=4.534568977167 eijMax=9.454E-03 rmsd=1.142E+00 s=[ 0 0 0 0 1 1 1 0 1 1 1 1 ]
d13=4.534568977167 eijMax=9.454E-03 rmsd=1.142E+00 s=[ 0 0 0 1 0 0 0 1 0 0 0 0 ]
d13=4.534568977167 eijMax=9.617E-03 rmsd=1.142E+00 s=[ 0 0 0 1 0 1 0 1 0 0 0 0 ]
d13=4.535889784695 eijMax=9.902E-03 rmsd=1.142E+00 s=[ 0 0 0 0 1 0 1 0 1 1 1 1 ]
d13=4.535889784695 eijMax=9.741E-03 rmsd=1.143E+00 s=[ 0 0 0 0 1 1 1 0 1 1 1 1 ]
d13=4.535889784695 eijMax=9.741E-03 rmsd=1.143E+00 s=[ 0 0 0 1 0 0 0 1 0 0 0 0 ]
d13=4.535889784695 eijMax=9.902E-03 rmsd=1.142E+00 s=[ 0 0 0 1 0 1 0 1 0 0 0 0 ]
num ..... 1000
nnodes .. 12
nedges .. 36
nsols ... 544
tsecs ... 6.613862
