d13=4.435234596276 eijMax=9.280E-03 rmsd=2.564E+00 s=[ 0 0 0 0 1 0 0 0 0 1 1 1 ]
d13=4.435234596276 eijMax=9.280E-03 rmsd=2.564E+00 s=[ 0 0 0 0 1 0 0 1 0 1 1 1 ]
d13=4.435234596276 eijMax=9.280E-03 rmsd=2.564E+00 s=[ 0 0 0 1 0 1 1 0 1 0 0 0 ]
d13=4.435234596276 eijMax=9.280E-03 rmsd=2.564E+00 s=[ 0 0 0 1 0 1 1 1 1 0 0 0 ]
d13=4.436843522352 eijMax=8.094E-03 rmsd=2.562E+00 s=[ 0 0 0 0 1 0 0 0 0 1 1 1 ]
d13=4.436843522352 eijMax=8.094E-03 rmsd=2.562E+00 s=[ 0 0 0 0 1 0 0 1 0 1 1 1 ]
d13=4.436843522352 eijMax=8.094E-03 rmsd=2.562E+00 s=[ 0 0 0 1 0 1 1 0 1 0 0 0 ]
d13=4.436843522352 eijMax=8.094E-03 rmsd=2.562E+00 s=[ 0 0 0 1 0 1 1 1 1 0 0 0 ]
d13=4.438452448428 eijMax=6.914E-03 rmsd=2.561E+00 s=[ 0 0 0 0 1 0 0 0 0 1 1 1 ]
d13=4.438452448428 eijMax=6.914E-03 rmsd=2.561E+00 s=[ 0 0 0 0 1 0 0 1 0 1 1 1 ]
d13=4.438452448428 eijMax=6.914E-03 rmsd=2.561E+00 s=[ 0 0 0 1 0 1 1 0 1 0 0 0 ]
d13=4.438452448428 eijMax=6.914E-03 rmsd=2.561E+00 s=[ 0 0 0 1 0 1 1 1 1 0 0 0 ]
d13=4.440061374505 eijMax=5.739E-03 rmsd=2.560E+00 s=[ 0 0 0 0 1 0 0 0 0 1 1 1 ]
d13=4.440061374505 eijMax=5.739E-03 rmsd=2.560E+00 s=[ 0 0 0 0 1 0 0 1 0 1 1 1 ]
d13=4.440061374505 eijMax=5.739E-03 rmsd=2.560E+00 s=[ 0 0 0 1 0 1 1 0 1 0 0 0 ]
d13=4.440061374505 eijMax=5.739E-03 rmsd=2.560E+00 s=[ 0 0 0 1 0 1 1 1 1 0 0 0 ]
d13=4.441670300581 eijMax=4.571E-03 rmsd=2.558E+00 s=[ 0 0 0 0 1 0 0 0 0 1 1 1 ]
d13=4.441670300581 eijMax=4.571E-03 rmsd=2.558E+00 s=[ 0 0 0 0 1 0 0 1 0 1 1 1 ]
d13=4.441670300581 eijMax=4.571E-03 rmsd=2.558E+00 s=[ 0 0 0 1 0 1 1 0 1 0 0 0 ]
d13=4.441670300581 eijMax=4.571E-03 rmsd=2.558E+00 s=[ 0 0 0 1 0 1 1 1 1 0 0 0 ]
d13=4.443279226657 eijMax=3.408E-03 rmsd=2.557E+00 s=[ 0 0 0 0 1 0 0 0 0 1 1 1 ]
d13=4.443279226657 eijMax=3.408E-03 rmsd=2.557E+00 s=[ 0 0 0 0 1 0 0 1 0 1 1 1 ]
d13=4.443279226657 eijMax=3.408E-03 rmsd=2.557E+00 s=[ 0 0 0 1 0 1 1 0 1 0 0 0 ]
d13=4.443279226657 eijMax=3.408E-03 rmsd=2.557E+00 s=[ 0 0 0 1 0 1 1 1 1 0 0 0 ]
d13=4.444888152733 eijMax=2.252E-03 rmsd=2.556E+00 s=[ 0 0 0 0 1 0 0 0 0 1 1 1 ]
d13=4.444888152733 eijMax=2.252E-03 rmsd=2.556E+00 s=[ 0 0 0 0 1 0 0 1 0 1 1 1 ]
d13=4.444888152733 eijMax=2.252E-03 rmsd=2.556E+00 s=[ 0 0 0 1 0 1 1 0 1 0 0 0 ]
d13=4.444888152733 eijMax=2.252E-03 rmsd=2.556E+00 s=[ 0 0 0 1 0 1 1 1 1 0 0 0 ]
d13=4.446497078809 eijMax=1.101E-03 rmsd=2.554E+00 s=[ 0 0 0 0 1 0 0 0 0 1 1 1 ]
d13=4.446497078809 eijMax=1.101E-03 rmsd=2.554E+00 s=[ 0 0 0 0 1 0 0 1 0 1 1 1 ]
d13=4.446497078809 eijMax=1.101E-03 rmsd=2.554E+00 s=[ 0 0 0 1 0 1 1 0 1 0 0 0 ]
d13=4.446497078809 eijMax=1.101E-03 rmsd=2.554E+00 s=[ 0 0 0 1 0 1 1 1 1 0 0 0 ]
d13=4.448106004885 eijMax=4.484E-05 rmsd=2.553E+00 s=[ 0 0 0 0 1 0 0 0 0 1 1 1 ]
d13=4.448106004885 eijMax=4.484E-05 rmsd=2.553E+00 s=[ 0 0 0 0 1 0 0 1 0 1 1 1 ]
d13=4.448106004885 eijMax=4.484E-05 rmsd=2.553E+00 s=[ 0 0 0 1 0 1 1 0 1 0 0 0 ]
d13=4.448106004885 eijMax=4.484E-05 rmsd=2.553E+00 s=[ 0 0 0 1 0 1 1 1 1 0 0 0 ]
d13=4.449714930961 eijMax=1.185E-03 rmsd=2.552E+00 s=[ 0 0 0 0 1 0 0 0 0 1 1 1 ]
d13=4.449714930961 eijMax=1.185E-03 rmsd=2.552E+00 s=[ 0 0 0 0 1 0 0 1 0 1 1 1 ]
d13=4.449714930961 eijMax=1.185E-03 rmsd=2.552E+00 s=[ 0 0 0 1 0 1 1 0 1 0 0 0 ]
d13=4.449714930961 eijMax=1.185E-03 rmsd=2.552E+00 s=[ 0 0 0 1 0 1 1 1 1 0 0 0 ]
d13=4.451323857037 eijMax=2.319E-03 rmsd=2.551E+00 s=[ 0 0 0 0 1 0 0 0 0 1 1 1 ]
d13=4.451323857037 eijMax=2.319E-03 rmsd=2.551E+00 s=[ 0 0 0 0 1 0 0 1 0 1 1 1 ]
d13=4.451323857037 eijMax=2.319E-03 rmsd=2.551E+00 s=[ 0 0 0 1 0 1 1 0 1 0 0 0 ]
d13=4.451323857037 eijMax=2.319E-03 rmsd=2.551E+00 s=[ 0 0 0 1 0 1 1 1 1 0 0 0 ]
d13=4.452932783113 eijMax=3.447E-03 rmsd=2.549E+00 s=[ 0 0 0 0 1 0 0 0 0 1 1 1 ]
d13=4.452932783113 eijMax=3.447E-03 rmsd=2.549E+00 s=[ 0 0 0 0 1 0 0 1 0 1 1 1 ]
d13=4.452932783113 eijMax=3.447E-03 rmsd=2.549E+00 s=[ 0 0 0 1 0 1 1 0 1 0 0 0 ]
d13=4.452932783113 eijMax=3.447E-03 rmsd=2.549E+00 s=[ 0 0 0 1 0 1 1 1 1 0 0 0 ]
d13=4.454541709189 eijMax=4.570E-03 rmsd=2.548E+00 s=[ 0 0 0 0 1 0 0 0 0 1 1 1 ]
d13=4.454541709189 eijMax=4.570E-03 rmsd=2.548E+00 s=[ 0 0 0 0 1 0 0 1 0 1 1 1 ]
d13=4.454541709189 eijMax=4.570E-03 rmsd=2.548E+00 s=[ 0 0 0 1 0 1 1 0 1 0 0 0 ]
d13=4.454541709189 eijMax=4.570E-03 rmsd=2.548E+00 s=[ 0 0 0 1 0 1 1 1 1 0 0 0 ]
d13=4.456150635265 eijMax=5.687E-03 rmsd=2.547E+00 s=[ 0 0 0 0 1 0 0 0 0 1 1 1 ]
d13=4.456150635265 eijMax=5.687E-03 rmsd=2.547E+00 s=[ 0 0 0 0 1 0 0 1 0 1 1 1 ]
d13=4.456150635265 eijMax=5.687E-03 rmsd=2.547E+00 s=[ 0 0 0 1 0 1 1 0 1 0 0 0 ]
d13=4.456150635265 eijMax=5.687E-03 rmsd=2.547E+00 s=[ 0 0 0 1 0 1 1 1 1 0 0 0 ]
d13=4.457759561341 eijMax=6.799E-03 rmsd=2.545E+00 s=[ 0 0 0 0 1 0 0 0 0 1 1 1 ]
d13=4.457759561341 eijMax=6.799E-03 rmsd=2.545E+00 s=[ 0 0 0 0 1 0 0 1 0 1 1 1 ]
d13=4.457759561341 eijMax=6.799E-03 rmsd=2.545E+00 s=[ 0 0 0 1 0 1 1 0 1 0 0 0 ]
d13=4.457759561341 eijMax=6.799E-03 rmsd=2.545E+00 s=[ 0 0 0 1 0 1 1 1 1 0 0 0 ]
d13=4.459368487417 eijMax=7.905E-03 rmsd=2.544E+00 s=[ 0 0 0 0 1 0 0 0 0 1 1 1 ]
d13=4.459368487417 eijMax=7.905E-03 rmsd=2.544E+00 s=[ 0 0 0 0 1 0 0 1 0 1 1 1 ]
d13=4.459368487417 eijMax=8.987E-03 rmsd=2.569E+00 s=[ 0 0 0 0 1 1 0 0 0 1 1 1 ]
d13=4.459368487417 eijMax=8.987E-03 rmsd=2.569E+00 s=[ 0 0 0 0 1 1 0 1 0 1 1 1 ]
d13=4.459368487417 eijMax=8.987E-03 rmsd=2.569E+00 s=[ 0 0 0 1 0 0 1 0 1 0 0 0 ]
d13=4.459368487417 eijMax=8.987E-03 rmsd=2.569E+00 s=[ 0 0 0 1 0 0 1 1 1 0 0 0 ]
d13=4.459368487417 eijMax=7.905E-03 rmsd=2.544E+00 s=[ 0 0 0 1 0 1 1 0 1 0 0 0 ]
d13=4.459368487417 eijMax=7.905E-03 rmsd=2.544E+00 s=[ 0 0 0 1 0 1 1 1 1 0 0 0 ]
d13=4.460977413493 eijMax=9.006E-03 rmsd=2.543E+00 s=[ 0 0 0 0 1 0 0 0 0 1 1 1 ]
d13=4.460977413493 eijMax=9.006E-03 rmsd=2.543E+00 s=[ 0 0 0 0 1 0 0 1 0 1 1 1 ]
d13=4.460977413493 eijMax=7.684E-03 rmsd=2.568E+00 s=[ 0 0 0 0 1 1 0 0 0 1 1 1 ]
d13=4.460977413493 eijMax=7.684E-03 rmsd=2.568E+00 s=[ 0 0 0 0 1 1 0 1 0 1 1 1 ]
d13=4.460977413493 eijMax=7.684E-03 rmsd=2.568E+00 s=[ 0 0 0 1 0 0 1 0 1 0 0 0 ]
d13=4.460977413493 eijMax=7.684E-03 rmsd=2.568E+00 s=[ 0 0 0 1 0 0 1 1 1 0 0 0 ]
d13=4.460977413493 eijMax=9.006E-03 rmsd=2.543E+00 s=[ 0 0 0 1 0 1 1 0 1 0 0 0 ]
d13=4.460977413493 eijMax=9.006E-03 rmsd=2.543E+00 s=[ 0 0 0 1 0 1 1 1 1 0 0 0 ]
d13=4.462586339570 eijMax=6.389E-03 rmsd=2.566E+00 s=[ 0 0 0 0 1 1 0 0 0 1 1 1 ]
d13=4.462586339570 eijMax=6.389E-03 rmsd=2.566E+00 s=[ 0 0 0 0 1 1 0 1 0 1 1 1 ]
d13=4.462586339570 eijMax=6.389E-03 rmsd=2.566E+00 s=[ 0 0 0 1 0 0 1 0 1 0 0 0 ]
d13=4.462586339570 eijMax=6.389E-03 rmsd=2.566E+00 s=[ 0 0 0 1 0 0 1 1 1 0 0 0 ]
d13=4.464195265646 eijMax=5.101E-03 rmsd=2.565E+00 s=[ 0 0 0 0 1 1 0 0 0 1 1 1 ]
d13=4.464195265646 eijMax=5.101E-03 rmsd=2.565E+00 s=[ 0 0 0 0 1 1 0 1 0 1 1 1 ]
d13=4.464195265646 eijMax=5.101E-03 rmsd=2.565E+00 s=[ 0 0 0 1 0 0 1 0 1 0 0 0 ]
d13=4.464195265646 eijMax=5.101E-03 rmsd=2.565E+00 s=[ 0 0 0 1 0 0 1 1 1 0 0 0 ]
d13=4.465804191722 eijMax=3.820E-03 rmsd=2.563E+00 s=[ 0 0 0 0 1 1 0 0 0 1 1 1 ]
d13=4.465804191722 eijMax=3.820E-03 rmsd=2.563E+00 s=[ 0 0 0 0 1 1 0 1 0 1 1 1 ]
d13=4.465804191722 eijMax=3.820E-03 rmsd=2.563E+00 s=[ 0 0 0 1 0 0 1 0 1 0 0 0 ]
d13=4.465804191722 eijMax=3.820E-03 rmsd=2.563E+00 s=[ 0 0 0 1 0 0 1 1 1 0 0 0 ]
d13=4.467413117798 eijMax=2.547E-03 rmsd=2.562E+00 s=[ 0 0 0 0 1 1 0 0 0 1 1 1 ]
d13=4.467413117798 eijMax=2.547E-03 rmsd=2.562E+00 s=[ 0 0 0 0 1 1 0 1 0 1 1 1 ]
d13=4.467413117798 eijMax=2.547E-03 rmsd=2.562E+00 s=[ 0 0 0 1 0 0 1 0 1 0 0 0 ]
d13=4.467413117798 eijMax=2.547E-03 rmsd=2.562E+00 s=[ 0 0 0 1 0 0 1 1 1 0 0 0 ]
d13=4.469022043874 eijMax=1.281E-03 rmsd=2.560E+00 s=[ 0 0 0 0 1 1 0 0 0 1 1 1 ]
d13=4.469022043874 eijMax=1.281E-03 rmsd=2.560E+00 s=[ 0 0 0 0 1 1 0 1 0 1 1 1 ]
d13=4.469022043874 eijMax=1.281E-03 rmsd=2.560E+00 s=[ 0 0 0 1 0 0 1 0 1 0 0 0 ]
d13=4.469022043874 eijMax=1.281E-03 rmsd=2.560E+00 s=[ 0 0 0 1 0 0 1 1 1 0 0 0 ]
d13=4.470630969950 eijMax=2.166E-05 rmsd=2.559E+00 s=[ 0 0 0 0 1 1 0 0 0 1 1 1 ]
d13=4.470630969950 eijMax=2.166E-05 rmsd=2.559E+00 s=[ 0 0 0 0 1 1 0 1 0 1 1 1 ]
d13=4.470630969950 eijMax=2.166E-05 rmsd=2.559E+00 s=[ 0 0 0 1 0 0 1 0 1 0 0 0 ]
d13=4.470630969950 eijMax=2.166E-05 rmsd=2.559E+00 s=[ 0 0 0 1 0 0 1 1 1 0 0 0 ]
d13=4.472239896026 eijMax=1.230E-03 rmsd=2.558E+00 s=[ 0 0 0 0 1 1 0 0 0 1 1 1 ]
d13=4.472239896026 eijMax=1.230E-03 rmsd=2.558E+00 s=[ 0 0 0 0 1 1 0 1 0 1 1 1 ]
d13=4.472239896026 eijMax=1.230E-03 rmsd=2.558E+00 s=[ 0 0 0 1 0 0 1 0 1 0 0 0 ]
d13=4.472239896026 eijMax=1.230E-03 rmsd=2.558E+00 s=[ 0 0 0 1 0 0 1 1 1 0 0 0 ]
d13=4.473848822102 eijMax=2.475E-03 rmsd=2.556E+00 s=[ 0 0 0 0 1 1 0 0 0 1 1 1 ]
d13=4.473848822102 eijMax=2.475E-03 rmsd=2.556E+00 s=[ 0 0 0 0 1 1 0 1 0 1 1 1 ]
d13=4.473848822102 eijMax=2.475E-03 rmsd=2.556E+00 s=[ 0 0 0 1 0 0 1 0 1 0 0 0 ]
d13=4.473848822102 eijMax=2.475E-03 rmsd=2.556E+00 s=[ 0 0 0 1 0 0 1 1 1 0 0 0 ]
d13=4.475457748178 eijMax=3.712E-03 rmsd=2.555E+00 s=[ 0 0 0 0 1 1 0 0 0 1 1 1 ]
d13=4.475457748178 eijMax=3.712E-03 rmsd=2.555E+00 s=[ 0 0 0 0 1 1 0 1 0 1 1 1 ]
d13=4.475457748178 eijMax=3.712E-03 rmsd=2.555E+00 s=[ 0 0 0 1 0 0 1 0 1 0 0 0 ]
d13=4.475457748178 eijMax=3.712E-03 rmsd=2.555E+00 s=[ 0 0 0 1 0 0 1 1 1 0 0 0 ]
d13=4.477066674254 eijMax=4.943E-03 rmsd=2.553E+00 s=[ 0 0 0 0 1 1 0 0 0 1 1 1 ]
d13=4.477066674254 eijMax=4.943E-03 rmsd=2.553E+00 s=[ 0 0 0 0 1 1 0 1 0 1 1 1 ]
d13=4.477066674254 eijMax=4.943E-03 rmsd=2.553E+00 s=[ 0 0 0 1 0 0 1 0 1 0 0 0 ]
d13=4.477066674254 eijMax=4.943E-03 rmsd=2.553E+00 s=[ 0 0 0 1 0 0 1 1 1 0 0 0 ]
d13=4.478675600330 eijMax=6.166E-03 rmsd=2.552E+00 s=[ 0 0 0 0 1 1 0 0 0 1 1 1 ]
d13=4.478675600330 eijMax=6.166E-03 rmsd=2.552E+00 s=[ 0 0 0 0 1 1 0 1 0 1 1 1 ]
d13=4.478675600330 eijMax=6.166E-03 rmsd=2.552E+00 s=[ 0 0 0 1 0 0 1 0 1 0 0 0 ]
d13=4.478675600330 eijMax=6.166E-03 rmsd=2.552E+00 s=[ 0 0 0 1 0 0 1 1 1 0 0 0 ]
d13=4.480284526406 eijMax=7.383E-03 rmsd=2.550E+00 s=[ 0 0 0 0 1 1 0 0 0 1 1 1 ]
d13=4.480284526406 eijMax=7.383E-03 rmsd=2.550E+00 s=[ 0 0 0 0 1 1 0 1 0 1 1 1 ]
d13=4.480284526406 eijMax=7.383E-03 rmsd=2.550E+00 s=[ 0 0 0 1 0 0 1 0 1 0 0 0 ]
d13=4.480284526406 eijMax=7.383E-03 rmsd=2.550E+00 s=[ 0 0 0 1 0 0 1 1 1 0 0 0 ]
d13=4.481893452482 eijMax=8.593E-03 rmsd=2.549E+00 s=[ 0 0 0 0 1 1 0 0 0 1 1 1 ]
d13=4.481893452482 eijMax=8.593E-03 rmsd=2.549E+00 s=[ 0 0 0 0 1 1 0 1 0 1 1 1 ]
d13=4.481893452482 eijMax=8.593E-03 rmsd=2.549E+00 s=[ 0 0 0 1 0 0 1 0 1 0 0 0 ]
d13=4.481893452482 eijMax=8.593E-03 rmsd=2.549E+00 s=[ 0 0 0 1 0 0 1 1 1 0 0 0 ]
d13=4.483502378559 eijMax=9.796E-03 rmsd=2.547E+00 s=[ 0 0 0 0 1 1 0 0 0 1 1 1 ]
d13=4.483502378559 eijMax=9.796E-03 rmsd=2.547E+00 s=[ 0 0 0 0 1 1 0 1 0 1 1 1 ]
d13=4.483502378559 eijMax=9.796E-03 rmsd=2.547E+00 s=[ 0 0 0 1 0 0 1 0 1 0 0 0 ]
d13=4.483502378559 eijMax=9.796E-03 rmsd=2.547E+00 s=[ 0 0 0 1 0 0 1 1 1 0 0 0 ]
d13=4.613825390721 eijMax=9.965E-03 rmsd=1.476E+00 s=[ 0 0 0 0 1 0 0 0 0 0 0 0 ]
d13=4.613825390721 eijMax=9.965E-03 rmsd=1.476E+00 s=[ 0 0 0 0 1 0 0 1 0 0 0 0 ]
d13=4.613825390721 eijMax=9.965E-03 rmsd=1.476E+00 s=[ 0 0 0 1 0 1 1 0 1 1 1 1 ]
d13=4.613825390721 eijMax=9.965E-03 rmsd=1.476E+00 s=[ 0 0 0 1 0 1 1 1 1 1 1 1 ]
d13=4.615434316797 eijMax=8.944E-03 rmsd=1.475E+00 s=[ 0 0 0 0 1 0 0 0 0 0 0 0 ]
d13=4.615434316797 eijMax=8.944E-03 rmsd=1.475E+00 s=[ 0 0 0 0 1 0 0 1 0 0 0 0 ]
d13=4.615434316797 eijMax=8.944E-03 rmsd=1.475E+00 s=[ 0 0 0 1 0 1 1 0 1 1 1 1 ]
d13=4.615434316797 eijMax=8.944E-03 rmsd=1.475E+00 s=[ 0 0 0 1 0 1 1 1 1 1 1 1 ]
d13=4.617043242873 eijMax=7.920E-03 rmsd=1.473E+00 s=[ 0 0 0 0 1 0 0 0 0 0 0 0 ]
d13=4.617043242873 eijMax=7.920E-03 rmsd=1.473E+00 s=[ 0 0 0 0 1 0 0 1 0 0 0 0 ]
d13=4.617043242873 eijMax=7.920E-03 rmsd=1.473E+00 s=[ 0 0 0 1 0 1 1 0 1 1 1 1 ]
d13=4.617043242873 eijMax=7.920E-03 rmsd=1.473E+00 s=[ 0 0 0 1 0 1 1 1 1 1 1 1 ]
d13=4.618652168949 eijMax=6.893E-03 rmsd=1.472E+00 s=[ 0 0 0 0 1 0 0 0 0 0 0 0 ]
d13=4.618652168949 eijMax=6.893E-03 rmsd=1.472E+00 s=[ 0 0 0 0 1 0 0 1 0 0 0 0 ]
d13=4.618652168949 eijMax=6.893E-03 rmsd=1.472E+00 s=[ 0 0 0 1 0 1 1 0 1 1 1 1 ]
d13=4.618652168949 eijMax=6.893E-03 rmsd=1.472E+00 s=[ 0 0 0 1 0 1 1 1 1 1 1 1 ]
d13=4.620261095025 eijMax=5.863E-03 rmsd=1.471E+00 s=[ 0 0 0 0 1 0 0 0 0 0 0 0 ]
d13=4.620261095025 eijMax=5.863E-03 rmsd=1.471E+00 s=[ 0 0 0 0 1 0 0 1 0 0 0 0 ]
d13=4.620261095025 eijMax=5.863E-03 rmsd=1.471E+00 s=[ 0 0 0 1 0 1 1 0 1 1 1 1 ]
d13=4.620261095025 eijMax=5.863E-03 rmsd=1.471E+00 s=[ 0 0 0 1 0 1 1 1 1 1 1 1 ]
d13=4.621870021101 eijMax=4.829E-03 rmsd=1.470E+00 s=[ 0 0 0 0 1 0 0 0 0 0 0 0 ]
d13=4.621870021101 eijMax=4.829E-03 rmsd=1.470E+00 s=[ 0 0 0 0 1 0 0 1 0 0 0 0 ]
d13=4.621870021101 eijMax=4.829E-03 rmsd=1.470E+00 s=[ 0 0 0 1 0 1 1 0 1 1 1 1 ]
d13=4.621870021101 eijMax=4.829E-03 rmsd=1.470E+00 s=[ 0 0 0 1 0 1 1 1 1 1 1 1 ]
d13=4.623478947177 eijMax=3.793E-03 rmsd=1.468E+00 s=[ 0 0 0 0 1 0 0 0 0 0 0 0 ]
d13=4.623478947177 eijMax=3.793E-03 rmsd=1.468E+00 s=[ 0 0 0 0 1 0 0 1 0 0 0 0 ]
d13=4.623478947177 eijMax=9.565E-03 rmsd=1.474E+00 s=[ 0 0 0 0 1 1 0 0 0 0 0 0 ]
d13=4.623478947177 eijMax=9.565E-03 rmsd=1.474E+00 s=[ 0 0 0 0 1 1 0 1 0 0 0 0 ]
d13=4.623478947177 eijMax=9.565E-03 rmsd=1.474E+00 s=[ 0 0 0 1 0 0 1 0 1 1 1 1 ]
d13=4.623478947177 eijMax=9.565E-03 rmsd=1.474E+00 s=[ 0 0 0 1 0 0 1 1 1 1 1 1 ]
d13=4.623478947177 eijMax=3.793E-03 rmsd=1.468E+00 s=[ 0 0 0 1 0 1 1 0 1 1 1 1 ]
d13=4.623478947177 eijMax=3.793E-03 rmsd=1.468E+00 s=[ 0 0 0 1 0 1 1 1 1 1 1 1 ]
d13=4.625087873253 eijMax=2.753E-03 rmsd=1.467E+00 s=[ 0 0 0 0 1 0 0 0 0 0 0 0 ]
d13=4.625087873253 eijMax=2.753E-03 rmsd=1.467E+00 s=[ 0 0 0 0 1 0 0 1 0 0 0 0 ]
d13=4.625087873253 eijMax=8.457E-03 rmsd=1.473E+00 s=[ 0 0 0 0 1 1 0 0 0 0 0 0 ]
d13=4.625087873253 eijMax=8.457E-03 rmsd=1.473E+00 s=[ 0 0 0 0 1 1 0 1 0 0 0 0 ]
d13=4.625087873253 eijMax=8.457E-03 rmsd=1.473E+00 s=[ 0 0 0 1 0 0 1 0 1 1 1 1 ]
d13=4.625087873253 eijMax=8.457E-03 rmsd=1.473E+00 s=[ 0 0 0 1 0 0 1 1 1 1 1 1 ]
d13=4.625087873253 eijMax=2.753E-03 rmsd=1.467E+00 s=[ 0 0 0 1 0 1 1 0 1 1 1 1 ]
d13=4.625087873253 eijMax=2.753E-03 rmsd=1.467E+00 s=[ 0 0 0 1 0 1 1 1 1 1 1 1 ]
d13=4.626696799329 eijMax=1.711E-03 rmsd=1.466E+00 s=[ 0 0 0 0 1 0 0 0 0 0 0 0 ]
d13=4.626696799329 eijMax=1.711E-03 rmsd=1.466E+00 s=[ 0 0 0 0 1 0 0 1 0 0 0 0 ]
d13=4.626696799329 eijMax=7.345E-03 rmsd=1.472E+00 s=[ 0 0 0 0 1 1 0 0 0 0 0 0 ]
d13=4.626696799329 eijMax=7.345E-03 rmsd=1.472E+00 s=[ 0 0 0 0 1 1 0 1 0 0 0 0 ]
d13=4.626696799329 eijMax=7.345E-03 rmsd=1.472E+00 s=[ 0 0 0 1 0 0 1 0 1 1 1 1 ]
d13=4.626696799329 eijMax=7.345E-03 rmsd=1.472E+00 s=[ 0 0 0 1 0 0 1 1 1 1 1 1 ]
d13=4.626696799329 eijMax=1.711E-03 rmsd=1.466E+00 s=[ 0 0 0 1 0 1 1 0 1 1 1 1 ]
d13=4.626696799329 eijMax=1.711E-03 rmsd=1.466E+00 s=[ 0 0 0 1 0 1 1 1 1 1 1 1 ]
d13=4.628305725405 eijMax=6.653E-04 rmsd=1.465E+00 s=[ 0 0 0 0 1 0 0 0 0 0 0 0 ]
d13=4.628305725405 eijMax=6.653E-04 rmsd=1.465E+00 s=[ 0 0 0 0 1 0 0 1 0 0 0 0 ]
d13=4.628305725405 eijMax=6.229E-03 rmsd=1.471E+00 s=[ 0 0 0 0 1 1 0 0 0 0 0 0 ]
d13=4.628305725405 eijMax=6.229E-03 rmsd=1.471E+00 s=[ 0 0 0 0 1 1 0 1 0 0 0 0 ]
d13=4.628305725405 eijMax=6.229E-03 rmsd=1.471E+00 s=[ 0 0 0 1 0 0 1 0 1 1 1 1 ]
d13=4.628305725405 eijMax=6.229E-03 rmsd=1.471E+00 s=[ 0 0 0 1 0 0 1 1 1 1 1 1 ]
d13=4.628305725405 eijMax=6.653E-04 rmsd=1.465E+00 s=[ 0 0 0 1 0 1 1 0 1 1 1 1 ]
d13=4.628305725405 eijMax=6.653E-04 rmsd=1.465E+00 s=[ 0 0 0 1 0 1 1 1 1 1 1 1 ]
d13=4.629914651481 eijMax=3.834E-04 rmsd=1.463E+00 s=[ 0 0 0 0 1 0 0 0 0 0 0 0 ]
d13=4.629914651481 eijMax=3.834E-04 rmsd=1.463E+00 s=[ 0 0 0 0 1 0 0 1 0 0 0 0 ]
d13=4.629914651481 eijMax=5.110E-03 rmsd=1.470E+00 s=[ 0 0 0 0 1 1 0 0 0 0 0 0 ]
d13=4.629914651481 eijMax=5.110E-03 rmsd=1.470E+00 s=[ 0 0 0 0 1 1 0 1 0 0 0 0 ]
d13=4.629914651481 eijMax=5.110E-03 rmsd=1.470E+00 s=[ 0 0 0 1 0 0 1 0 1 1 1 1 ]
d13=4.629914651481 eijMax=5.110E-03 rmsd=1.470E+00 s=[ 0 0 0 1 0 0 1 1 1 1 1 1 ]
d13=4.629914651481 eijMax=3.834E-04 rmsd=1.463E+00 s=[ 0 0 0 1 0 1 1 0 1 1 1 1 ]
d13=4.629914651481 eijMax=3.834E-04 rmsd=1.463E+00 s=[ 0 0 0 1 0 1 1 1 1 1 1 1 ]
d13=4.631523577558 eijMax=1.435E-03 rmsd=1.462E+00 s=[ 0 0 0 0 1 0 0 0 0 0 0 0 ]
d13=4.631523577558 eijMax=1.435E-03 rmsd=1.462E+00 s=[ 0 0 0 0 1 0 0 1 0 0 0 0 ]
d13=4.631523577558 eijMax=3.987E-03 rmsd=1.470E+00 s=[ 0 0 0 0 1 1 0 0 0 0 0 0 ]
d13=4.631523577558 eijMax=3.987E-03 rmsd=1.470E+00 s=[ 0 0 0 0 1 1 0 1 0 0 0 0 ]
d13=4.631523577558 eijMax=3.987E-03 rmsd=1.470E+00 s=[ 0 0 0 1 0 0 1 0 1 1 1 1 ]
d13=4.631523577558 eijMax=3.987E-03 rmsd=1.470E+00 s=[ 0 0 0 1 0 0 1 1 1 1 1 1 ]
d13=4.631523577558 eijMax=1.435E-03 rmsd=1.462E+00 s=[ 0 0 0 1 0 1 1 0 1 1 1 1 ]
d13=4.631523577558 eijMax=1.435E-03 rmsd=1.462E+00 s=[ 0 0 0 1 0 1 1 1 1 1 1 1 ]
d13=4.633132503634 eijMax=2.490E-03 rmsd=1.461E+00 s=[ 0 0 0 0 1 0 0 0 0 0 0 0 ]
d13=4.633132503634 eijMax=2.490E-03 rmsd=1.461E+00 s=[ 0 0 0 0 1 0 0 1 0 0 0 0 ]
d13=4.633132503634 eijMax=2.860E-03 rmsd=1.469E+00 s=[ 0 0 0 0 1 1 0 0 0 0 0 0 ]
d13=4.633132503634 eijMax=2.860E-03 rmsd=1.469E+00 s=[ 0 0 0 0 1 1 0 1 0 0 0 0 ]
d13=4.633132503634 eijMax=2.860E-03 rmsd=1.469E+00 s=[ 0 0 0 1 0 0 1 0 1 1 1 1 ]
d13=4.633132503634 eijMax=2.860E-03 rmsd=1.469E+00 s=[ 0 0 0 1 0 0 1 1 1 1 1 1 ]
d13=4.633132503634 eijMax=2.490E-03 rmsd=1.461E+00 s=[ 0 0 0 1 0 1 1 0 1 1 1 1 ]
d13=4.633132503634 eijMax=2.490E-03 rmsd=1.461E+00 s=[ 0 0 0 1 0 1 1 1 1 1 1 1 ]
d13=4.634741429710 eijMax=3.548E-03 rmsd=1.460E+00 s=[ 0 0 0 0 1 0 0 0 0 0 0 0 ]
d13=4.634741429710 eijMax=3.548E-03 rmsd=1.460E+00 s=[ 0 0 0 0 1 0 0 1 0 0 0 0 ]
d13=4.634741429710 eijMax=1.730E-03 rmsd=1.468E+00 s=[ 0 0 0 0 1 1 0 0 0 0 0 0 ]
d13=4.634741429710 eijMax=1.730E-03 rmsd=1.468E+00 s=[ 0 0 0 0 1 1 0 1 0 0 0 0 ]
d13=4.634741429710 eijMax=1.730E-03 rmsd=1.468E+00 s=[ 0 0 0 1 0 0 1 0 1 1 1 1 ]
d13=4.634741429710 eijMax=1.730E-03 rmsd=1.468E+00 s=[ 0 0 0 1 0 0 1 1 1 1 1 1 ]
d13=4.634741429710 eijMax=3.548E-03 rmsd=1.460E+00 s=[ 0 0 0 1 0 1 1 0 1 1 1 1 ]
d13=4.634741429710 eijMax=3.548E-03 rmsd=1.460E+00 s=[ 0 0 0 1 0 1 1 1 1 1 1 1 ]
d13=4.636350355786 eijMax=4.609E-03 rmsd=1.458E+00 s=[ 0 0 0 0 1 0 0 0 0 0 0 0 ]
d13=4.636350355786 eijMax=4.609E-03 rmsd=1.458E+00 s=[ 0 0 0 0 1 0 0 1 0 0 0 0 ]
d13=4.636350355786 eijMax=5.957E-04 rmsd=1.467E+00 s=[ 0 0 0 0 1 1 0 0 0 0 0 0 ]
d13=4.636350355786 eijMax=5.957E-04 rmsd=1.467E+00 s=[ 0 0 0 0 1 1 0 1 0 0 0 0 ]
d13=4.636350355786 eijMax=5.957E-04 rmsd=1.467E+00 s=[ 0 0 0 1 0 0 1 0 1 1 1 1 ]
d13=4.636350355786 eijMax=5.957E-04 rmsd=1.467E+00 s=[ 0 0 0 1 0 0 1 1 1 1 1 1 ]
d13=4.636350355786 eijMax=4.609E-03 rmsd=1.458E+00 s=[ 0 0 0 1 0 1 1 0 1 1 1 1 ]
d13=4.636350355786 eijMax=4.609E-03 rmsd=1.458E+00 s=[ 0 0 0 1 0 1 1 1 1 1 1 1 ]
d13=4.637959281862 eijMax=5.672E-03 rmsd=1.457E+00 s=[ 0 0 0 0 1 0 0 0 0 0 0 0 ]
d13=4.637959281862 eijMax=5.672E-03 rmsd=1.457E+00 s=[ 0 0 0 0 1 0 0 1 0 0 0 0 ]
d13=4.637959281862 eijMax=5.420E-04 rmsd=1.466E+00 s=[ 0 0 0 0 1 1 0 0 0 0 0 0 ]
d13=4.637959281862 eijMax=5.420E-04 rmsd=1.466E+00 s=[ 0 0 0 0 1 1 0 1 0 0 0 0 ]
d13=4.637959281862 eijMax=5.420E-04 rmsd=1.466E+00 s=[ 0 0 0 1 0 0 1 0 1 1 1 1 ]
d13=4.637959281862 eijMax=5.420E-04 rmsd=1.466E+00 s=[ 0 0 0 1 0 0 1 1 1 1 1 1 ]
d13=4.637959281862 eijMax=5.672E-03 rmsd=1.457E+00 s=[ 0 0 0 1 0 1 1 0 1 1 1 1 ]
d13=4.637959281862 eijMax=5.672E-03 rmsd=1.457E+00 s=[ 0 0 0 1 0 1 1 1 1 1 1 1 ]
d13=4.639568207938 eijMax=6.739E-03 rmsd=1.456E+00 s=[ 0 0 0 0 1 0 0 0 0 0 0 0 ]
d13=4.639568207938 eijMax=6.739E-03 rmsd=1.456E+00 s=[ 0 0 0 0 1 0 0 1 0 0 0 0 ]
d13=4.639568207938 eijMax=1.683E-03 rmsd=1.466E+00 s=[ 0 0 0 0 1 1 0 0 0 0 0 0 ]
d13=4.639568207938 eijMax=1.683E-03 rmsd=1.466E+00 s=[ 0 0 0 0 1 1 0 1 0 0 0 0 ]
d13=4.639568207938 eijMax=1.683E-03 rmsd=1.466E+00 s=[ 0 0 0 1 0 0 1 0 1 1 1 1 ]
d13=4.639568207938 eijMax=1.683E-03 rmsd=1.466E+00 s=[ 0 0 0 1 0 0 1 1 1 1 1 1 ]
d13=4.639568207938 eijMax=6.739E-03 rmsd=1.456E+00 s=[ 0 0 0 1 0 1 1 0 1 1 1 1 ]
d13=4.639568207938 eijMax=6.739E-03 rmsd=1.456E+00 s=[ 0 0 0 1 0 1 1 1 1 1 1 1 ]
d13=4.641177134014 eijMax=7.809E-03 rmsd=1.454E+00 s=[ 0 0 0 0 1 0 0 0 0 0 0 0 ]
d13=4.641177134014 eijMax=7.809E-03 rmsd=1.454E+00 s=[ 0 0 0 0 1 0 0 1 0 0 0 0 ]
d13=4.641177134014 eijMax=2.828E-03 rmsd=1.465E+00 s=[ 0 0 0 0 1 1 0 0 0 0 0 0 ]
d13=4.641177134014 eijMax=2.828E-03 rmsd=1.465E+00 s=[ 0 0 0 0 1 1 0 1 0 0 0 0 ]
d13=4.641177134014 eijMax=2.828E-03 rmsd=1.465E+00 s=[ 0 0 0 1 0 0 1 0 1 1 1 1 ]
d13=4.641177134014 eijMax=2.828E-03 rmsd=1.465E+00 s=[ 0 0 0 1 0 0 1 1 1 1 1 1 ]
d13=4.641177134014 eijMax=7.809E-03 rmsd=1.454E+00 s=[ 0 0 0 1 0 1 1 0 1 1 1 1 ]
d13=4.641177134014 eijMax=7.809E-03 rmsd=1.454E+00 s=[ 0 0 0 1 0 1 1 1 1 1 1 1 ]
d13=4.642786060090 eijMax=8.882E-03 rmsd=1.453E+00 s=[ 0 0 0 0 1 0 0 0 0 0 0 0 ]
d13=4.642786060090 eijMax=8.882E-03 rmsd=1.453E+00 s=[ 0 0 0 0 1 0 0 1 0 0 0 0 ]
d13=4.642786060090 eijMax=3.977E-03 rmsd=1.464E+00 s=[ 0 0 0 0 1 1 0 0 0 0 0 0 ]
d13=4.642786060090 eijMax=3.977E-03 rmsd=1.464E+00 s=[ 0 0 0 0 1 1 0 1 0 0 0 0 ]
d13=4.642786060090 eijMax=3.977E-03 rmsd=1.464E+00 s=[ 0 0 0 1 0 0 1 0 1 1 1 1 ]
d13=4.642786060090 eijMax=3.977E-03 rmsd=1.464E+00 s=[ 0 0 0 1 0 0 1 1 1 1 1 1 ]
d13=4.642786060090 eijMax=8.882E-03 rmsd=1.453E+00 s=[ 0 0 0 1 0 1 1 0 1 1 1 1 ]
d13=4.642786060090 eijMax=8.882E-03 rmsd=1.453E+00 s=[ 0 0 0 1 0 1 1 1 1 1 1 1 ]
d13=4.644394986166 eijMax=9.958E-03 rmsd=1.452E+00 s=[ 0 0 0 0 1 0 0 0 0 0 0 0 ]
d13=4.644394986166 eijMax=9.958E-03 rmsd=1.452E+00 s=[ 0 0 0 0 1 0 0 1 0 0 0 0 ]
d13=4.644394986166 eijMax=5.130E-03 rmsd=1.463E+00 s=[ 0 0 0 0 1 1 0 0 0 0 0 0 ]
d13=4.644394986166 eijMax=5.130E-03 rmsd=1.463E+00 s=[ 0 0 0 0 1 1 0 1 0 0 0 0 ]
d13=4.644394986166 eijMax=5.130E-03 rmsd=1.463E+00 s=[ 0 0 0 1 0 0 1 0 1 1 1 1 ]
d13=4.644394986166 eijMax=5.130E-03 rmsd=1.463E+00 s=[ 0 0 0 1 0 0 1 1 1 1 1 1 ]
d13=4.644394986166 eijMax=9.958E-03 rmsd=1.452E+00 s=[ 0 0 0 1 0 1 1 0 1 1 1 1 ]
d13=4.644394986166 eijMax=9.958E-03 rmsd=1.452E+00 s=[ 0 0 0 1 0 1 1 1 1 1 1 1 ]
d13=4.646003912242 eijMax=6.286E-03 rmsd=1.462E+00 s=[ 0 0 0 0 1 1 0 0 0 0 0 0 ]
d13=4.646003912242 eijMax=6.286E-03 rmsd=1.462E+00 s=[ 0 0 0 0 1 1 0 1 0 0 0 0 ]
d13=4.646003912242 eijMax=6.286E-03 rmsd=1.462E+00 s=[ 0 0 0 1 0 0 1 0 1 1 1 1 ]
d13=4.646003912242 eijMax=6.286E-03 rmsd=1.462E+00 s=[ 0 0 0 1 0 0 1 1 1 1 1 1 ]
d13=4.647612838318 eijMax=7.446E-03 rmsd=1.461E+00 s=[ 0 0 0 0 1 1 0 0 0 0 0 0 ]
d13=4.647612838318 eijMax=7.446E-03 rmsd=1.461E+00 s=[ 0 0 0 0 1 1 0 1 0 0 0 0 ]
d13=4.647612838318 eijMax=7.446E-03 rmsd=1.461E+00 s=[ 0 0 0 1 0 0 1 0 1 1 1 1 ]
d13=4.647612838318 eijMax=7.446E-03 rmsd=1.461E+00 s=[ 0 0 0 1 0 0 1 1 1 1 1 1 ]
d13=4.649221764394 eijMax=8.609E-03 rmsd=1.461E+00 s=[ 0 0 0 0 1 1 0 0 0 0 0 0 ]
d13=4.649221764394 eijMax=8.609E-03 rmsd=1.461E+00 s=[ 0 0 0 0 1 1 0 1 0 0 0 0 ]
d13=4.649221764394 eijMax=8.609E-03 rmsd=1.461E+00 s=[ 0 0 0 1 0 0 1 0 1 1 1 1 ]
d13=4.649221764394 eijMax=8.609E-03 rmsd=1.461E+00 s=[ 0 0 0 1 0 0 1 1 1 1 1 1 ]
d13=4.650830690470 eijMax=9.776E-03 rmsd=1.460E+00 s=[ 0 0 0 0 1 1 0 0 0 0 0 0 ]
d13=4.650830690470 eijMax=9.776E-03 rmsd=1.460E+00 s=[ 0 0 0 0 1 1 0 1 0 0 0 0 ]
d13=4.650830690470 eijMax=9.776E-03 rmsd=1.460E+00 s=[ 0 0 0 1 0 0 1 0 1 1 1 1 ]
d13=4.650830690470 eijMax=9.776E-03 rmsd=1.460E+00 s=[ 0 0 0 1 0 0 1 1 1 1 1 1 ]
d13=4.887342823654 eijMax=9.610E-03 rmsd=1.328E-01 s=[ 0 0 0 0 0 1 0 0 0 0 0 0 ]
d13=4.887342823654 eijMax=9.610E-03 rmsd=1.328E-01 s=[ 0 0 0 0 0 1 0 1 0 0 0 0 ]
d13=4.887342823654 eijMax=9.610E-03 rmsd=1.328E-01 s=[ 0 0 0 1 1 0 1 0 1 1 1 1 ]
d13=4.887342823654 eijMax=9.610E-03 rmsd=1.328E-01 s=[ 0 0 0 1 1 0 1 1 1 1 1 1 ]
num ..... 1000
nnodes .. 12
nedges .. 36
nsols ... 288
tsecs ... 5.357784
