d13=4.440500172525 eijMax=5.420E-03 rmsd=2.559E+00 s=[ 0 0 0 0 1 0 0 0 0 1 1 1 ]
d13=4.440500172525 eijMax=5.420E-03 rmsd=2.559E+00 s=[ 0 0 0 0 1 0 0 1 0 1 1 1 ]
d13=4.440500172525 eijMax=5.420E-03 rmsd=2.559E+00 s=[ 0 0 0 1 0 1 1 0 1 0 0 0 ]
d13=4.440500172525 eijMax=5.420E-03 rmsd=2.559E+00 s=[ 0 0 0 1 0 1 1 1 1 0 0 0 ]
d13=4.456735699293 eijMax=6.092E-03 rmsd=2.546E+00 s=[ 0 0 0 0 1 0 0 0 0 1 1 1 ]
d13=4.456735699293 eijMax=6.092E-03 rmsd=2.546E+00 s=[ 0 0 0 0 1 0 0 1 0 1 1 1 ]
d13=4.456735699293 eijMax=6.092E-03 rmsd=2.546E+00 s=[ 0 0 0 1 0 1 1 0 1 0 0 0 ]
d13=4.456735699293 eijMax=6.092E-03 rmsd=2.546E+00 s=[ 0 0 0 1 0 1 1 1 1 0 0 0 ]
d13=4.472971226061 eijMax=1.797E-03 rmsd=2.557E+00 s=[ 0 0 0 0 1 1 0 0 0 1 1 1 ]
d13=4.472971226061 eijMax=1.797E-03 rmsd=2.557E+00 s=[ 0 0 0 0 1 1 0 1 0 1 1 1 ]
d13=4.472971226061 eijMax=1.797E-03 rmsd=2.557E+00 s=[ 0 0 0 1 0 0 1 0 1 0 0 0 ]
d13=4.472971226061 eijMax=1.797E-03 rmsd=2.557E+00 s=[ 0 0 0 1 0 0 1 1 1 0 0 0 ]
d13=4.619090966970 eijMax=6.612E-03 rmsd=1.472E+00 s=[ 0 0 0 0 1 0 0 0 0 0 0 0 ]
d13=4.619090966970 eijMax=6.612E-03 rmsd=1.472E+00 s=[ 0 0 0 0 1 0 0 1 0 0 0 0 ]
d13=4.619090966970 eijMax=6.612E-03 rmsd=1.472E+00 s=[ 0 0 0 1 0 1 1 0 1 1 1 1 ]
d13=4.619090966970 eijMax=6.612E-03 rmsd=1.472E+00 s=[ 0 0 0 1 0 1 1 1 1 1 1 1 ]
d13=4.635326493737 eijMax=3.933E-03 rmsd=1.459E+00 s=[ 0 0 0 0 1 0 0 0 0 0 0 0 ]
d13=4.635326493737 eijMax=3.933E-03 rmsd=1.459E+00 s=[ 0 0 0 0 1 0 0 1 0 0 0 0 ]
d13=4.635326493737 eijMax=1.318E-03 rmsd=1.468E+00 s=[ 0 0 0 0 1 1 0 0 0 0 0 0 ]
d13=4.635326493737 eijMax=1.318E-03 rmsd=1.468E+00 s=[ 0 0 0 0 1 1 0 1 0 0 0 0 ]
d13=4.635326493737 eijMax=1.318E-03 rmsd=1.468E+00 s=[ 0 0 0 1 0 0 1 0 1 1 1 1 ]
d13=4.635326493737 eijMax=1.318E-03 rmsd=1.468E+00 s=[ 0 0 0 1 0 0 1 1 1 1 1 1 ]
d13=4.635326493737 eijMax=3.933E-03 rmsd=1.459E+00 s=[ 0 0 0 1 0 1 1 0 1 1 1 1 ]
d13=4.635326493737 eijMax=3.933E-03 rmsd=1.459E+00 s=[ 0 0 0 1 0 1 1 1 1 1 1 1 ]
num ..... 100
nnodes .. 12
nedges .. 36
nsols ... 24
tsecs ... 0.522125
