d13=4.268588203030 eijMax=3.719E-03 rmsd=1.873E+00 s=[ 0 0 0 0 0 0 0 1 0 1 1 0 ]
d13=4.268588203030 eijMax=1.359E-03 rmsd=1.610E+00 s=[ 0 0 0 0 1 1 0 0 0 1 1 0 ]
d13=4.268588203030 eijMax=1.359E-03 rmsd=1.610E+00 s=[ 0 0 0 1 0 0 1 1 1 0 0 1 ]
d13=4.268588203030 eijMax=3.719E-03 rmsd=1.873E+00 s=[ 0 0 0 1 1 1 1 0 1 0 0 1 ]
d13=4.278339644040 eijMax=6.294E-03 rmsd=1.518E+00 s=[ 0 0 0 0 1 0 0 1 0 1 1 0 ]
d13=4.278339644040 eijMax=6.294E-03 rmsd=1.518E+00 s=[ 0 0 0 1 0 1 1 0 1 0 0 1 ]
d13=4.307593967071 eijMax=7.007E-03 rmsd=1.263E+00 s=[ 0 0 0 0 1 1 0 1 0 1 1 0 ]
d13=4.307593967071 eijMax=8.282E-03 rmsd=1.009E+00 s=[ 0 0 0 0 1 1 1 0 0 1 1 0 ]
d13=4.307593967071 eijMax=8.282E-03 rmsd=1.009E+00 s=[ 0 0 0 1 0 0 0 1 1 0 0 1 ]
d13=4.307593967071 eijMax=7.007E-03 rmsd=1.263E+00 s=[ 0 0 0 1 0 0 1 0 1 0 0 1 ]
d13=4.327096849091 eijMax=6.299E-03 rmsd=1.404E+00 s=[ 0 0 0 0 1 0 0 0 1 1 1 0 ]
d13=4.327096849091 eijMax=6.299E-03 rmsd=1.404E+00 s=[ 0 0 0 1 0 1 1 1 0 0 0 1 ]
d13=4.375854054141 eijMax=3.645E-03 rmsd=1.390E+00 s=[ 0 0 0 0 0 0 1 0 0 1 1 0 ]
d13=4.375854054141 eijMax=3.645E-03 rmsd=1.390E+00 s=[ 0 0 0 1 1 1 0 1 1 0 0 1 ]
d13=4.385605495152 eijMax=3.066E-03 rmsd=1.386E+00 s=[ 0 0 0 0 0 0 1 0 0 1 1 0 ]
d13=4.385605495152 eijMax=3.066E-03 rmsd=1.386E+00 s=[ 0 0 0 1 1 1 0 1 1 0 0 1 ]
d13=4.395356936162 eijMax=9.441E-03 rmsd=1.382E+00 s=[ 0 0 0 0 0 0 1 0 0 1 1 0 ]
d13=4.395356936162 eijMax=9.441E-03 rmsd=1.382E+00 s=[ 0 0 0 1 1 1 0 1 1 0 0 1 ]
d13=4.414859818182 eijMax=6.913E-03 rmsd=1.236E+00 s=[ 0 0 0 0 1 0 0 0 1 1 1 0 ]
d13=4.414859818182 eijMax=6.913E-03 rmsd=1.236E+00 s=[ 0 0 0 1 0 1 1 1 0 0 0 1 ]
d13=4.424611259192 eijMax=1.936E-03 rmsd=1.231E+00 s=[ 0 0 0 0 1 0 0 0 1 1 1 0 ]
d13=4.424611259192 eijMax=1.936E-03 rmsd=1.231E+00 s=[ 0 0 0 1 0 1 1 1 0 0 0 1 ]
d13=4.434362700202 eijMax=5.344E-03 rmsd=1.842E+00 s=[ 0 0 0 0 0 0 0 1 1 1 1 0 ]
d13=4.434362700202 eijMax=3.353E-03 rmsd=1.226E+00 s=[ 0 0 0 0 1 0 0 0 1 1 1 0 ]
d13=4.434362700202 eijMax=3.353E-03 rmsd=1.226E+00 s=[ 0 0 0 1 0 1 1 1 0 0 0 1 ]
d13=4.434362700202 eijMax=5.344E-03 rmsd=1.842E+00 s=[ 0 0 0 1 1 1 1 0 0 0 0 1 ]
d13=4.444114141212 eijMax=9.228E-03 rmsd=1.853E+00 s=[ 0 0 0 0 0 0 0 1 1 1 1 0 ]
d13=4.444114141212 eijMax=8.924E-03 rmsd=1.222E+00 s=[ 0 0 0 0 1 0 0 0 1 1 1 0 ]
d13=4.444114141212 eijMax=8.924E-03 rmsd=1.222E+00 s=[ 0 0 0 1 0 1 1 1 0 0 0 1 ]
d13=4.444114141212 eijMax=9.228E-03 rmsd=1.853E+00 s=[ 0 0 0 1 1 1 1 0 0 0 0 1 ]
d13=4.463617023232 eijMax=3.014E-03 rmsd=6.861E-03 s=[ 0 0 0 0 1 0 1 0 0 1 1 0 ]
d13=4.463617023232 eijMax=3.014E-03 rmsd=6.861E-03 s=[ 0 0 0 1 0 1 0 1 1 0 0 1 ]
d13=4.561131433333 eijMax=1.779E-03 rmsd=5.650E-01 s=[ 0 0 0 0 1 1 1 1 0 1 1 0 ]
d13=4.561131433333 eijMax=1.779E-03 rmsd=5.650E-01 s=[ 0 0 0 1 0 0 0 0 1 0 0 1 ]
d13=4.570882874343 eijMax=9.504E-03 rmsd=5.604E-01 s=[ 0 0 0 0 1 1 1 1 0 1 1 0 ]
d13=4.570882874343 eijMax=9.504E-03 rmsd=5.604E-01 s=[ 0 0 0 1 0 0 0 0 1 0 0 1 ]
d13=4.619640079394 eijMax=8.780E-03 rmsd=1.198E+00 s=[ 0 0 0 0 1 1 0 0 1 1 1 0 ]
d13=4.619640079394 eijMax=8.780E-03 rmsd=1.198E+00 s=[ 0 0 0 1 0 0 1 1 0 0 0 1 ]
d13=4.629391520404 eijMax=1.395E-03 rmsd=1.203E+00 s=[ 0 0 0 0 1 1 0 0 1 1 1 0 ]
d13=4.629391520404 eijMax=1.395E-03 rmsd=1.203E+00 s=[ 0 0 0 1 0 0 1 1 0 0 0 1 ]
d13=4.639142961414 eijMax=6.202E-03 rmsd=1.209E+00 s=[ 0 0 0 0 1 1 0 0 1 1 1 0 ]
d13=4.639142961414 eijMax=6.202E-03 rmsd=1.209E+00 s=[ 0 0 0 1 0 0 1 1 0 0 0 1 ]
d13=4.697651607475 eijMax=2.266E-03 rmsd=9.488E-01 s=[ 0 0 0 0 1 1 1 1 1 1 1 0 ]
d13=4.697651607475 eijMax=2.266E-03 rmsd=9.488E-01 s=[ 0 0 0 1 0 0 0 0 0 0 0 1 ]
d13=4.736657371515 eijMax=4.525E-03 rmsd=1.491E+00 s=[ 0 0 0 0 1 0 0 1 1 1 1 0 ]
d13=4.736657371515 eijMax=4.525E-03 rmsd=1.491E+00 s=[ 0 0 0 1 0 1 1 0 0 0 0 1 ]
d13=4.746408812525 eijMax=4.949E-03 rmsd=1.496E+00 s=[ 0 0 0 0 1 0 0 1 1 1 1 0 ]
d13=4.746408812525 eijMax=4.949E-03 rmsd=1.496E+00 s=[ 0 0 0 1 0 1 1 0 0 0 0 1 ]
d13=4.814668899596 eijMax=5.708E-03 rmsd=1.458E+00 s=[ 0 0 0 0 1 0 1 0 1 1 1 0 ]
d13=4.814668899596 eijMax=5.708E-03 rmsd=1.458E+00 s=[ 0 0 0 1 0 1 0 1 0 0 0 1 ]
d13=4.824420340606 eijMax=8.485E-03 rmsd=1.451E+00 s=[ 0 0 0 0 1 0 1 0 1 1 1 0 ]
d13=4.824420340606 eijMax=7.374E-04 rmsd=1.665E+00 s=[ 0 0 0 0 1 1 0 1 1 1 1 0 ]
d13=4.824420340606 eijMax=7.374E-04 rmsd=1.665E+00 s=[ 0 0 0 1 0 0 1 0 0 0 0 1 ]
d13=4.824420340606 eijMax=8.485E-03 rmsd=1.451E+00 s=[ 0 0 0 1 0 1 0 1 0 0 0 1 ]
d13=4.863426104646 eijMax=2.399E-03 rmsd=1.744E+00 s=[ 0 0 0 0 0 1 1 0 1 1 1 0 ]
d13=4.863426104646 eijMax=2.399E-03 rmsd=1.744E+00 s=[ 0 0 0 1 1 0 0 1 0 0 0 1 ]
num ..... 100
nnodes .. 12
nedges .. 36
nsols ... 56
tsecs ... 0.970323
