d13=4.265425573514 eijMax=8.263E-03 rmsd=1.863E+00 s=[ 0 0 0 0 0 0 0 1 0 1 1 0 ]
d13=4.265425573514 eijMax=8.263E-03 rmsd=1.863E+00 s=[ 0 0 0 1 1 1 1 0 1 0 0 1 ]
d13=4.266391932533 eijMax=4.572E-03 rmsd=1.866E+00 s=[ 0 0 0 0 0 0 0 1 0 1 1 0 ]
d13=4.266391932533 eijMax=7.200E-03 rmsd=1.605E+00 s=[ 0 0 0 0 1 1 0 0 0 1 1 0 ]
d13=4.266391932533 eijMax=7.200E-03 rmsd=1.605E+00 s=[ 0 0 0 1 0 0 1 1 1 0 0 1 ]
d13=4.266391932533 eijMax=4.572E-03 rmsd=1.866E+00 s=[ 0 0 0 1 1 1 1 0 1 0 0 1 ]
d13=4.267358291552 eijMax=9.076E-04 rmsd=1.869E+00 s=[ 0 0 0 0 0 0 0 1 0 1 1 0 ]
d13=4.267358291552 eijMax=3.414E-03 rmsd=1.607E+00 s=[ 0 0 0 0 1 1 0 0 0 1 1 0 ]
d13=4.267358291552 eijMax=3.414E-03 rmsd=1.607E+00 s=[ 0 0 0 1 0 0 1 1 1 0 0 1 ]
d13=4.267358291552 eijMax=9.076E-04 rmsd=1.869E+00 s=[ 0 0 0 1 1 1 1 0 1 0 0 1 ]
d13=4.268324650571 eijMax=2.731E-03 rmsd=1.873E+00 s=[ 0 0 0 0 0 0 0 1 0 1 1 0 ]
d13=4.268324650571 eijMax=3.409E-04 rmsd=1.609E+00 s=[ 0 0 0 0 1 1 0 0 0 1 1 0 ]
d13=4.268324650571 eijMax=3.409E-04 rmsd=1.609E+00 s=[ 0 0 0 1 0 0 1 1 1 0 0 1 ]
d13=4.268324650571 eijMax=2.731E-03 rmsd=1.873E+00 s=[ 0 0 0 1 1 1 1 0 1 0 0 1 ]
d13=4.269291009590 eijMax=6.344E-03 rmsd=1.876E+00 s=[ 0 0 0 0 0 0 0 1 0 1 1 0 ]
d13=4.269291009590 eijMax=4.065E-03 rmsd=1.611E+00 s=[ 0 0 0 0 1 1 0 0 0 1 1 0 ]
d13=4.269291009590 eijMax=4.065E-03 rmsd=1.611E+00 s=[ 0 0 0 1 0 0 1 1 1 0 0 1 ]
d13=4.269291009590 eijMax=6.344E-03 rmsd=1.876E+00 s=[ 0 0 0 1 1 1 1 0 1 0 0 1 ]
d13=4.270257368609 eijMax=9.933E-03 rmsd=1.879E+00 s=[ 0 0 0 0 0 0 0 1 0 1 1 0 ]
d13=4.270257368609 eijMax=7.758E-03 rmsd=1.613E+00 s=[ 0 0 0 0 1 1 0 0 0 1 1 0 ]
d13=4.270257368609 eijMax=7.758E-03 rmsd=1.613E+00 s=[ 0 0 0 1 0 0 1 1 1 0 0 1 ]
d13=4.270257368609 eijMax=9.933E-03 rmsd=1.879E+00 s=[ 0 0 0 1 1 1 1 0 1 0 0 1 ]
d13=4.273156445666 eijMax=8.281E-03 rmsd=1.518E+00 s=[ 0 0 0 0 1 0 0 1 0 1 1 0 ]
d13=4.273156445666 eijMax=8.281E-03 rmsd=1.518E+00 s=[ 0 0 0 1 0 1 1 0 1 0 0 1 ]
d13=4.274122804685 eijMax=5.538E-03 rmsd=1.518E+00 s=[ 0 0 0 0 1 0 0 1 0 1 1 0 ]
d13=4.274122804685 eijMax=5.538E-03 rmsd=1.518E+00 s=[ 0 0 0 1 0 1 1 0 1 0 0 1 ]
d13=4.275089163704 eijMax=2.807E-03 rmsd=1.518E+00 s=[ 0 0 0 0 1 0 0 1 0 1 1 0 ]
d13=4.275089163704 eijMax=2.807E-03 rmsd=1.518E+00 s=[ 0 0 0 1 0 1 1 0 1 0 0 1 ]
d13=4.276055522723 eijMax=8.753E-05 rmsd=1.518E+00 s=[ 0 0 0 0 1 0 0 1 0 1 1 0 ]
d13=4.276055522723 eijMax=8.753E-05 rmsd=1.518E+00 s=[ 0 0 0 1 0 1 1 0 1 0 0 1 ]
d13=4.277021881742 eijMax=2.620E-03 rmsd=1.518E+00 s=[ 0 0 0 0 1 0 0 1 0 1 1 0 ]
d13=4.277021881742 eijMax=2.620E-03 rmsd=1.518E+00 s=[ 0 0 0 1 0 1 1 0 1 0 0 1 ]
d13=4.277988240761 eijMax=5.316E-03 rmsd=1.518E+00 s=[ 0 0 0 0 1 0 0 1 0 1 1 0 ]
d13=4.277988240761 eijMax=5.316E-03 rmsd=1.518E+00 s=[ 0 0 0 1 0 1 1 0 1 0 0 1 ]
d13=4.278954599780 eijMax=8.002E-03 rmsd=1.518E+00 s=[ 0 0 0 0 1 0 0 1 0 1 1 0 ]
d13=4.278954599780 eijMax=8.002E-03 rmsd=1.518E+00 s=[ 0 0 0 1 0 1 1 0 1 0 0 1 ]
d13=4.306979011331 eijMax=8.292E-03 rmsd=1.263E+00 s=[ 0 0 0 0 1 1 0 1 0 1 1 0 ]
d13=4.306979011331 eijMax=9.677E-03 rmsd=1.008E+00 s=[ 0 0 0 0 1 1 1 0 0 1 1 0 ]
d13=4.306979011331 eijMax=9.677E-03 rmsd=1.008E+00 s=[ 0 0 0 1 0 0 0 1 1 0 0 1 ]
d13=4.306979011331 eijMax=8.292E-03 rmsd=1.263E+00 s=[ 0 0 0 1 0 0 1 0 1 0 0 1 ]
d13=4.307945370350 eijMax=6.273E-03 rmsd=1.263E+00 s=[ 0 0 0 0 1 1 0 1 0 1 1 0 ]
d13=4.307945370350 eijMax=7.485E-03 rmsd=1.009E+00 s=[ 0 0 0 0 1 1 1 0 0 1 1 0 ]
d13=4.307945370350 eijMax=7.485E-03 rmsd=1.009E+00 s=[ 0 0 0 1 0 0 0 1 1 0 0 1 ]
d13=4.307945370350 eijMax=6.273E-03 rmsd=1.263E+00 s=[ 0 0 0 1 0 0 1 0 1 0 0 1 ]
d13=4.308911729369 eijMax=4.254E-03 rmsd=1.263E+00 s=[ 0 0 0 0 1 1 0 1 0 1 1 0 ]
d13=4.308911729369 eijMax=5.296E-03 rmsd=1.010E+00 s=[ 0 0 0 0 1 1 1 0 0 1 1 0 ]
d13=4.308911729369 eijMax=5.296E-03 rmsd=1.010E+00 s=[ 0 0 0 1 0 0 0 1 1 0 0 1 ]
d13=4.308911729369 eijMax=4.254E-03 rmsd=1.263E+00 s=[ 0 0 0 1 0 0 1 0 1 0 0 1 ]
d13=4.309878088388 eijMax=2.235E-03 rmsd=1.264E+00 s=[ 0 0 0 0 1 1 0 1 0 1 1 0 ]
d13=4.309878088388 eijMax=3.109E-03 rmsd=1.011E+00 s=[ 0 0 0 0 1 1 1 0 0 1 1 0 ]
d13=4.309878088388 eijMax=3.109E-03 rmsd=1.011E+00 s=[ 0 0 0 1 0 0 0 1 1 0 0 1 ]
d13=4.309878088388 eijMax=2.235E-03 rmsd=1.264E+00 s=[ 0 0 0 1 0 0 1 0 1 0 0 1 ]
d13=4.310844447407 eijMax=2.154E-04 rmsd=1.264E+00 s=[ 0 0 0 0 1 1 0 1 0 1 1 0 ]
d13=4.310844447407 eijMax=9.260E-04 rmsd=1.012E+00 s=[ 0 0 0 0 1 1 1 0 0 1 1 0 ]
d13=4.310844447407 eijMax=9.260E-04 rmsd=1.012E+00 s=[ 0 0 0 1 0 0 0 1 1 0 0 1 ]
d13=4.310844447407 eijMax=2.154E-04 rmsd=1.264E+00 s=[ 0 0 0 1 0 0 1 0 1 0 0 1 ]
d13=4.311810806426 eijMax=1.804E-03 rmsd=1.264E+00 s=[ 0 0 0 0 1 1 0 1 0 1 1 0 ]
d13=4.311810806426 eijMax=1.255E-03 rmsd=1.013E+00 s=[ 0 0 0 0 1 1 1 0 0 1 1 0 ]
d13=4.311810806426 eijMax=1.255E-03 rmsd=1.013E+00 s=[ 0 0 0 1 0 0 0 1 1 0 0 1 ]
d13=4.311810806426 eijMax=1.804E-03 rmsd=1.264E+00 s=[ 0 0 0 1 0 0 1 0 1 0 0 1 ]
d13=4.312777165445 eijMax=3.824E-03 rmsd=1.264E+00 s=[ 0 0 0 0 1 1 0 1 0 1 1 0 ]
d13=4.312777165445 eijMax=3.432E-03 rmsd=1.014E+00 s=[ 0 0 0 0 1 1 1 0 0 1 1 0 ]
d13=4.312777165445 eijMax=3.432E-03 rmsd=1.014E+00 s=[ 0 0 0 1 0 0 0 1 1 0 0 1 ]
d13=4.312777165445 eijMax=3.824E-03 rmsd=1.264E+00 s=[ 0 0 0 1 0 0 1 0 1 0 0 1 ]
d13=4.313743524464 eijMax=5.843E-03 rmsd=1.265E+00 s=[ 0 0 0 0 1 1 0 1 0 1 1 0 ]
d13=4.313743524464 eijMax=5.607E-03 rmsd=1.016E+00 s=[ 0 0 0 0 1 1 1 0 0 1 1 0 ]
d13=4.313743524464 eijMax=5.607E-03 rmsd=1.016E+00 s=[ 0 0 0 1 0 0 0 1 1 0 0 1 ]
d13=4.313743524464 eijMax=5.843E-03 rmsd=1.265E+00 s=[ 0 0 0 1 0 0 1 0 1 0 0 1 ]
d13=4.314709883483 eijMax=7.863E-03 rmsd=1.265E+00 s=[ 0 0 0 0 1 1 0 1 0 1 1 0 ]
d13=4.314709883483 eijMax=7.779E-03 rmsd=1.017E+00 s=[ 0 0 0 0 1 1 1 0 0 1 1 0 ]
d13=4.314709883483 eijMax=7.779E-03 rmsd=1.017E+00 s=[ 0 0 0 1 0 0 0 1 1 0 0 1 ]
d13=4.314709883483 eijMax=7.863E-03 rmsd=1.265E+00 s=[ 0 0 0 1 0 0 1 0 1 0 0 1 ]
d13=4.315676242503 eijMax=9.883E-03 rmsd=1.265E+00 s=[ 0 0 0 0 1 1 0 1 0 1 1 0 ]
d13=4.315676242503 eijMax=9.947E-03 rmsd=1.018E+00 s=[ 0 0 0 0 1 1 1 0 0 1 1 0 ]
d13=4.315676242503 eijMax=9.947E-03 rmsd=1.018E+00 s=[ 0 0 0 1 0 0 0 1 1 0 0 1 ]
d13=4.315676242503 eijMax=9.883E-03 rmsd=1.265E+00 s=[ 0 0 0 1 0 0 1 0 1 0 0 1 ]
d13=4.324373473674 eijMax=4.267E-03 rmsd=1.430E+00 s=[ 0 0 0 0 1 0 0 0 1 1 1 0 ]
d13=4.324373473674 eijMax=4.267E-03 rmsd=1.430E+00 s=[ 0 0 0 1 0 1 1 1 0 0 0 1 ]
d13=4.325339832693 eijMax=4.312E-04 rmsd=1.419E+00 s=[ 0 0 0 0 1 0 0 0 1 1 1 0 ]
d13=4.325339832693 eijMax=4.312E-04 rmsd=1.419E+00 s=[ 0 0 0 1 0 1 1 1 0 0 0 1 ]
d13=4.326306191712 eijMax=3.952E-03 rmsd=1.410E+00 s=[ 0 0 0 0 1 0 0 0 1 1 1 0 ]
d13=4.326306191712 eijMax=3.952E-03 rmsd=1.410E+00 s=[ 0 0 0 1 0 1 1 1 0 0 0 1 ]
d13=4.327272550731 eijMax=6.772E-03 rmsd=1.403E+00 s=[ 0 0 0 0 1 0 0 0 1 1 1 0 ]
d13=4.327272550731 eijMax=6.772E-03 rmsd=1.403E+00 s=[ 0 0 0 1 0 1 1 1 0 0 0 1 ]
d13=4.328238909750 eijMax=9.116E-03 rmsd=1.396E+00 s=[ 0 0 0 0 1 0 0 0 1 1 1 0 ]
d13=4.328238909750 eijMax=9.116E-03 rmsd=1.396E+00 s=[ 0 0 0 1 0 1 1 1 0 0 0 1 ]
d13=4.367859629530 eijMax=9.403E-03 rmsd=1.393E+00 s=[ 0 0 0 0 0 0 1 0 0 1 1 0 ]
d13=4.367859629530 eijMax=9.403E-03 rmsd=1.393E+00 s=[ 0 0 0 1 1 1 0 1 1 0 0 1 ]
d13=4.368825988549 eijMax=8.695E-03 rmsd=1.393E+00 s=[ 0 0 0 0 0 0 1 0 0 1 1 0 ]
d13=4.368825988549 eijMax=8.695E-03 rmsd=1.393E+00 s=[ 0 0 0 1 1 1 0 1 1 0 0 1 ]
d13=4.369792347568 eijMax=7.990E-03 rmsd=1.392E+00 s=[ 0 0 0 0 0 0 1 0 0 1 1 0 ]
d13=4.369792347568 eijMax=7.990E-03 rmsd=1.392E+00 s=[ 0 0 0 1 1 1 0 1 1 0 0 1 ]
d13=4.370758706587 eijMax=7.288E-03 rmsd=1.392E+00 s=[ 0 0 0 0 0 0 1 0 0 1 1 0 ]
d13=4.370758706587 eijMax=7.288E-03 rmsd=1.392E+00 s=[ 0 0 0 1 1 1 0 1 1 0 0 1 ]
d13=4.371725065606 eijMax=6.590E-03 rmsd=1.391E+00 s=[ 0 0 0 0 0 0 1 0 0 1 1 0 ]
d13=4.371725065606 eijMax=6.590E-03 rmsd=1.391E+00 s=[ 0 0 0 1 1 1 0 1 1 0 0 1 ]
d13=4.372691424625 eijMax=5.895E-03 rmsd=1.391E+00 s=[ 0 0 0 0 0 0 1 0 0 1 1 0 ]
d13=4.372691424625 eijMax=5.895E-03 rmsd=1.391E+00 s=[ 0 0 0 1 1 1 0 1 1 0 0 1 ]
d13=4.373657783644 eijMax=5.204E-03 rmsd=1.390E+00 s=[ 0 0 0 0 0 0 1 0 0 1 1 0 ]
d13=4.373657783644 eijMax=5.204E-03 rmsd=1.390E+00 s=[ 0 0 0 1 1 1 0 1 1 0 0 1 ]
d13=4.374624142663 eijMax=4.516E-03 rmsd=1.390E+00 s=[ 0 0 0 0 0 0 1 0 0 1 1 0 ]
d13=4.374624142663 eijMax=4.516E-03 rmsd=1.390E+00 s=[ 0 0 0 1 1 1 0 1 1 0 0 1 ]
d13=4.375590501682 eijMax=3.831E-03 rmsd=1.390E+00 s=[ 0 0 0 0 0 0 1 0 0 1 1 0 ]
d13=4.375590501682 eijMax=3.831E-03 rmsd=1.390E+00 s=[ 0 0 0 1 1 1 0 1 1 0 0 1 ]
d13=4.376556860701 eijMax=3.150E-03 rmsd=1.389E+00 s=[ 0 0 0 0 0 0 1 0 0 1 1 0 ]
d13=4.376556860701 eijMax=3.150E-03 rmsd=1.389E+00 s=[ 0 0 0 1 1 1 0 1 1 0 0 1 ]
d13=4.377523219720 eijMax=2.472E-03 rmsd=1.389E+00 s=[ 0 0 0 0 0 0 1 0 0 1 1 0 ]
d13=4.377523219720 eijMax=2.472E-03 rmsd=1.389E+00 s=[ 0 0 0 1 1 1 0 1 1 0 0 1 ]
d13=4.378489578739 eijMax=1.798E-03 rmsd=1.388E+00 s=[ 0 0 0 0 0 0 1 0 0 1 1 0 ]
d13=4.378489578739 eijMax=1.798E-03 rmsd=1.388E+00 s=[ 0 0 0 1 1 1 0 1 1 0 0 1 ]
d13=4.379455937758 eijMax=1.127E-03 rmsd=1.388E+00 s=[ 0 0 0 0 0 0 1 0 0 1 1 0 ]
d13=4.379455937758 eijMax=1.127E-03 rmsd=1.388E+00 s=[ 0 0 0 1 1 1 0 1 1 0 0 1 ]
d13=4.380422296777 eijMax=4.589E-04 rmsd=1.388E+00 s=[ 0 0 0 0 0 0 1 0 0 1 1 0 ]
d13=4.380422296777 eijMax=4.589E-04 rmsd=1.388E+00 s=[ 0 0 0 1 1 1 0 1 1 0 0 1 ]
d13=4.381388655796 eijMax=2.055E-04 rmsd=1.387E+00 s=[ 0 0 0 0 0 0 1 0 0 1 1 0 ]
d13=4.381388655796 eijMax=2.055E-04 rmsd=1.387E+00 s=[ 0 0 0 1 1 1 0 1 1 0 0 1 ]
d13=4.382355014815 eijMax=8.666E-04 rmsd=1.387E+00 s=[ 0 0 0 0 0 0 1 0 0 1 1 0 ]
d13=4.382355014815 eijMax=8.666E-04 rmsd=1.387E+00 s=[ 0 0 0 1 1 1 0 1 1 0 0 1 ]
d13=4.383321373834 eijMax=1.524E-03 rmsd=1.386E+00 s=[ 0 0 0 0 0 0 1 0 0 1 1 0 ]
d13=4.383321373834 eijMax=1.524E-03 rmsd=1.386E+00 s=[ 0 0 0 1 1 1 0 1 1 0 0 1 ]
d13=4.384287732853 eijMax=2.179E-03 rmsd=1.386E+00 s=[ 0 0 0 0 0 0 1 0 0 1 1 0 ]
d13=4.384287732853 eijMax=2.179E-03 rmsd=1.386E+00 s=[ 0 0 0 1 1 1 0 1 1 0 0 1 ]
d13=4.385254091872 eijMax=2.830E-03 rmsd=1.386E+00 s=[ 0 0 0 0 0 0 1 0 0 1 1 0 ]
d13=4.385254091872 eijMax=2.830E-03 rmsd=1.386E+00 s=[ 0 0 0 1 1 1 0 1 1 0 0 1 ]
d13=4.386220450891 eijMax=3.478E-03 rmsd=1.385E+00 s=[ 0 0 0 0 0 0 1 0 0 1 1 0 ]
d13=4.386220450891 eijMax=3.478E-03 rmsd=1.385E+00 s=[ 0 0 0 1 1 1 0 1 1 0 0 1 ]
d13=4.387186809910 eijMax=4.122E-03 rmsd=1.385E+00 s=[ 0 0 0 0 0 0 1 0 0 1 1 0 ]
d13=4.387186809910 eijMax=4.122E-03 rmsd=1.385E+00 s=[ 0 0 0 1 1 1 0 1 1 0 0 1 ]
d13=4.388153168929 eijMax=4.764E-03 rmsd=1.385E+00 s=[ 0 0 0 0 0 0 1 0 0 1 1 0 ]
d13=4.388153168929 eijMax=4.764E-03 rmsd=1.385E+00 s=[ 0 0 0 1 1 1 0 1 1 0 0 1 ]
d13=4.389119527948 eijMax=5.402E-03 rmsd=1.384E+00 s=[ 0 0 0 0 0 0 1 0 0 1 1 0 ]
d13=4.389119527948 eijMax=5.402E-03 rmsd=1.384E+00 s=[ 0 0 0 1 1 1 0 1 1 0 0 1 ]
d13=4.390085886967 eijMax=6.036E-03 rmsd=1.384E+00 s=[ 0 0 0 0 0 0 1 0 0 1 1 0 ]
d13=4.390085886967 eijMax=6.036E-03 rmsd=1.384E+00 s=[ 0 0 0 1 1 1 0 1 1 0 0 1 ]
d13=4.391052245986 eijMax=6.668E-03 rmsd=1.383E+00 s=[ 0 0 0 0 0 0 1 0 0 1 1 0 ]
d13=4.391052245986 eijMax=6.668E-03 rmsd=1.383E+00 s=[ 0 0 0 1 1 1 0 1 1 0 0 1 ]
d13=4.392018605005 eijMax=7.296E-03 rmsd=1.383E+00 s=[ 0 0 0 0 0 0 1 0 0 1 1 0 ]
d13=4.392018605005 eijMax=7.296E-03 rmsd=1.383E+00 s=[ 0 0 0 1 1 1 0 1 1 0 0 1 ]
d13=4.392984964024 eijMax=7.921E-03 rmsd=1.383E+00 s=[ 0 0 0 0 0 0 1 0 0 1 1 0 ]
d13=4.392984964024 eijMax=7.921E-03 rmsd=1.383E+00 s=[ 0 0 0 1 1 1 0 1 1 0 0 1 ]
d13=4.393951323043 eijMax=8.542E-03 rmsd=1.382E+00 s=[ 0 0 0 0 0 0 1 0 0 1 1 0 ]
d13=4.393951323043 eijMax=8.542E-03 rmsd=1.382E+00 s=[ 0 0 0 1 1 1 0 1 1 0 0 1 ]
d13=4.394917682062 eijMax=9.161E-03 rmsd=1.382E+00 s=[ 0 0 0 0 0 0 1 0 0 1 1 0 ]
d13=4.394917682062 eijMax=9.161E-03 rmsd=1.382E+00 s=[ 0 0 0 1 1 1 0 1 1 0 0 1 ]
d13=4.395884041081 eijMax=9.776E-03 rmsd=1.382E+00 s=[ 0 0 0 0 0 0 1 0 0 1 1 0 ]
d13=4.395884041081 eijMax=9.776E-03 rmsd=1.382E+00 s=[ 0 0 0 1 1 1 0 1 1 0 0 1 ]
d13=4.408446708328 eijMax=9.995E-03 rmsd=1.240E+00 s=[ 0 0 0 0 1 0 0 0 1 1 1 0 ]
d13=4.408446708328 eijMax=9.995E-03 rmsd=1.240E+00 s=[ 0 0 0 1 0 1 1 1 0 0 0 1 ]
d13=4.409413067347 eijMax=9.541E-03 rmsd=1.240E+00 s=[ 0 0 0 0 1 0 0 0 1 1 1 0 ]
d13=4.409413067347 eijMax=9.541E-03 rmsd=1.240E+00 s=[ 0 0 0 1 0 1 1 1 0 0 0 1 ]
d13=4.410379426366 eijMax=9.083E-03 rmsd=1.239E+00 s=[ 0 0 0 0 1 0 0 0 1 1 1 0 ]
d13=4.410379426366 eijMax=9.083E-03 rmsd=1.239E+00 s=[ 0 0 0 1 0 1 1 1 0 0 0 1 ]
d13=4.411345785385 eijMax=8.621E-03 rmsd=1.238E+00 s=[ 0 0 0 0 1 0 0 0 1 1 1 0 ]
d13=4.411345785385 eijMax=8.621E-03 rmsd=1.238E+00 s=[ 0 0 0 1 0 1 1 1 0 0 0 1 ]
d13=4.412312144404 eijMax=8.156E-03 rmsd=1.238E+00 s=[ 0 0 0 0 1 0 0 0 1 1 1 0 ]
d13=4.412312144404 eijMax=8.156E-03 rmsd=1.238E+00 s=[ 0 0 0 1 0 1 1 1 0 0 0 1 ]
d13=4.413278503423 eijMax=7.688E-03 rmsd=1.237E+00 s=[ 0 0 0 0 1 0 0 0 1 1 1 0 ]
d13=4.413278503423 eijMax=7.688E-03 rmsd=1.237E+00 s=[ 0 0 0 1 0 1 1 1 0 0 0 1 ]
d13=4.414244862442 eijMax=7.215E-03 rmsd=1.237E+00 s=[ 0 0 0 0 1 0 0 0 1 1 1 0 ]
d13=4.414244862442 eijMax=7.215E-03 rmsd=1.237E+00 s=[ 0 0 0 1 0 1 1 1 0 0 0 1 ]
d13=4.415211221461 eijMax=6.739E-03 rmsd=1.236E+00 s=[ 0 0 0 0 1 0 0 0 1 1 1 0 ]
d13=4.415211221461 eijMax=6.739E-03 rmsd=1.236E+00 s=[ 0 0 0 1 0 1 1 1 0 0 0 1 ]
d13=4.416177580480 eijMax=6.260E-03 rmsd=1.235E+00 s=[ 0 0 0 0 1 0 0 0 1 1 1 0 ]
d13=4.416177580480 eijMax=6.260E-03 rmsd=1.235E+00 s=[ 0 0 0 1 0 1 1 1 0 0 0 1 ]
d13=4.417143939500 eijMax=5.777E-03 rmsd=1.235E+00 s=[ 0 0 0 0 1 0 0 0 1 1 1 0 ]
d13=4.417143939499 eijMax=5.777E-03 rmsd=1.235E+00 s=[ 0 0 0 1 0 1 1 1 0 0 0 1 ]
d13=4.418110298519 eijMax=5.291E-03 rmsd=1.234E+00 s=[ 0 0 0 0 1 0 0 0 1 1 1 0 ]
d13=4.418110298519 eijMax=5.291E-03 rmsd=1.234E+00 s=[ 0 0 0 1 0 1 1 1 0 0 0 1 ]
d13=4.419076657538 eijMax=4.802E-03 rmsd=1.234E+00 s=[ 0 0 0 0 1 0 0 0 1 1 1 0 ]
d13=4.419076657538 eijMax=4.802E-03 rmsd=1.234E+00 s=[ 0 0 0 1 0 1 1 1 0 0 0 1 ]
d13=4.420043016557 eijMax=4.309E-03 rmsd=1.233E+00 s=[ 0 0 0 0 1 0 0 0 1 1 1 0 ]
d13=4.420043016557 eijMax=4.309E-03 rmsd=1.233E+00 s=[ 0 0 0 1 0 1 1 1 0 0 0 1 ]
d13=4.421009375576 eijMax=3.813E-03 rmsd=1.233E+00 s=[ 0 0 0 0 1 0 0 0 1 1 1 0 ]
d13=4.421009375576 eijMax=3.813E-03 rmsd=1.233E+00 s=[ 0 0 0 1 0 1 1 1 0 0 0 1 ]
d13=4.421975734595 eijMax=3.314E-03 rmsd=1.232E+00 s=[ 0 0 0 0 1 0 0 0 1 1 1 0 ]
d13=4.421975734595 eijMax=3.314E-03 rmsd=1.232E+00 s=[ 0 0 0 1 0 1 1 1 0 0 0 1 ]
d13=4.422942093614 eijMax=2.811E-03 rmsd=1.231E+00 s=[ 0 0 0 0 1 0 0 0 1 1 1 0 ]
d13=4.422942093614 eijMax=2.811E-03 rmsd=1.231E+00 s=[ 0 0 0 1 0 1 1 1 0 0 0 1 ]
d13=4.423908452633 eijMax=2.306E-03 rmsd=1.231E+00 s=[ 0 0 0 0 1 0 0 0 1 1 1 0 ]
d13=4.423908452633 eijMax=2.306E-03 rmsd=1.231E+00 s=[ 0 0 0 1 0 1 1 1 0 0 0 1 ]
d13=4.424874811652 eijMax=1.797E-03 rmsd=1.230E+00 s=[ 0 0 0 0 1 0 0 0 1 1 1 0 ]
d13=4.424874811652 eijMax=1.797E-03 rmsd=1.230E+00 s=[ 0 0 0 1 0 1 1 1 0 0 0 1 ]
d13=4.425841170671 eijMax=1.285E-03 rmsd=1.230E+00 s=[ 0 0 0 0 1 0 0 0 1 1 1 0 ]
d13=4.425841170671 eijMax=1.285E-03 rmsd=1.230E+00 s=[ 0 0 0 1 0 1 1 1 0 0 0 1 ]
d13=4.426807529690 eijMax=7.707E-04 rmsd=1.229E+00 s=[ 0 0 0 0 1 0 0 0 1 1 1 0 ]
d13=4.426807529690 eijMax=7.707E-04 rmsd=1.229E+00 s=[ 0 0 0 1 0 1 1 1 0 0 0 1 ]
d13=4.427773888709 eijMax=2.531E-04 rmsd=1.229E+00 s=[ 0 0 0 0 1 0 0 0 1 1 1 0 ]
d13=4.427773888709 eijMax=2.531E-04 rmsd=1.229E+00 s=[ 0 0 0 1 0 1 1 1 0 0 0 1 ]
d13=4.428740247728 eijMax=2.675E-04 rmsd=1.229E+00 s=[ 0 0 0 0 1 0 0 0 1 1 1 0 ]
d13=4.428740247728 eijMax=2.675E-04 rmsd=1.229E+00 s=[ 0 0 0 1 0 1 1 1 0 0 0 1 ]
d13=4.429706606747 eijMax=7.911E-04 rmsd=1.228E+00 s=[ 0 0 0 0 1 0 0 0 1 1 1 0 ]
d13=4.429706606747 eijMax=7.911E-04 rmsd=1.228E+00 s=[ 0 0 0 1 0 1 1 1 0 0 0 1 ]
d13=4.430672965766 eijMax=1.317E-03 rmsd=1.228E+00 s=[ 0 0 0 0 1 0 0 0 1 1 1 0 ]
d13=4.430672965766 eijMax=1.317E-03 rmsd=1.228E+00 s=[ 0 0 0 1 0 1 1 1 0 0 0 1 ]
d13=4.431639324785 eijMax=9.393E-03 rmsd=1.839E+00 s=[ 0 0 0 0 0 0 0 1 1 1 1 0 ]
d13=4.431639324785 eijMax=1.847E-03 rmsd=1.227E+00 s=[ 0 0 0 0 1 0 0 0 1 1 1 0 ]
d13=4.431639324785 eijMax=1.847E-03 rmsd=1.227E+00 s=[ 0 0 0 1 0 1 1 1 0 0 0 1 ]
d13=4.431639324785 eijMax=9.393E-03 rmsd=1.839E+00 s=[ 0 0 0 1 1 1 1 0 0 0 0 1 ]
d13=4.432605683804 eijMax=7.958E-03 rmsd=1.840E+00 s=[ 0 0 0 0 0 0 0 1 1 1 1 0 ]
d13=4.432605683804 eijMax=2.379E-03 rmsd=1.227E+00 s=[ 0 0 0 0 1 0 0 0 1 1 1 0 ]
d13=4.432605683804 eijMax=2.379E-03 rmsd=1.227E+00 s=[ 0 0 0 1 0 1 1 1 0 0 0 1 ]
d13=4.432605683804 eijMax=7.958E-03 rmsd=1.840E+00 s=[ 0 0 0 1 1 1 1 0 0 0 0 1 ]
d13=4.433572042823 eijMax=6.521E-03 rmsd=1.841E+00 s=[ 0 0 0 0 0 0 0 1 1 1 1 0 ]
d13=4.433572042823 eijMax=2.914E-03 rmsd=1.226E+00 s=[ 0 0 0 0 1 0 0 0 1 1 1 0 ]
d13=4.433572042823 eijMax=2.914E-03 rmsd=1.226E+00 s=[ 0 0 0 1 0 1 1 1 0 0 0 1 ]
d13=4.433572042823 eijMax=6.521E-03 rmsd=1.841E+00 s=[ 0 0 0 1 1 1 1 0 0 0 0 1 ]
d13=4.434538401842 eijMax=5.082E-03 rmsd=1.843E+00 s=[ 0 0 0 0 0 0 0 1 1 1 1 0 ]
d13=4.434538401842 eijMax=3.451E-03 rmsd=1.226E+00 s=[ 0 0 0 0 1 0 0 0 1 1 1 0 ]
d13=4.434538401842 eijMax=3.451E-03 rmsd=1.226E+00 s=[ 0 0 0 1 0 1 1 1 0 0 0 1 ]
d13=4.434538401842 eijMax=5.082E-03 rmsd=1.843E+00 s=[ 0 0 0 1 1 1 1 0 0 0 0 1 ]
d13=4.435504760861 eijMax=3.643E-03 rmsd=1.844E+00 s=[ 0 0 0 0 0 0 0 1 1 1 1 0 ]
d13=4.435504760861 eijMax=3.992E-03 rmsd=1.226E+00 s=[ 0 0 0 0 1 0 0 0 1 1 1 0 ]
d13=4.435504760861 eijMax=3.992E-03 rmsd=1.226E+00 s=[ 0 0 0 1 0 1 1 1 0 0 0 1 ]
d13=4.435504760861 eijMax=3.643E-03 rmsd=1.844E+00 s=[ 0 0 0 1 1 1 1 0 0 0 0 1 ]
d13=4.436471119880 eijMax=2.202E-03 rmsd=1.845E+00 s=[ 0 0 0 0 0 0 0 1 1 1 1 0 ]
d13=4.436471119880 eijMax=4.535E-03 rmsd=1.225E+00 s=[ 0 0 0 0 1 0 0 0 1 1 1 0 ]
d13=4.436471119880 eijMax=4.535E-03 rmsd=1.225E+00 s=[ 0 0 0 1 0 1 1 1 0 0 0 1 ]
d13=4.436471119880 eijMax=2.202E-03 rmsd=1.845E+00 s=[ 0 0 0 1 1 1 1 0 0 0 0 1 ]
d13=4.437437478899 eijMax=7.604E-04 rmsd=1.846E+00 s=[ 0 0 0 0 0 0 0 1 1 1 1 0 ]
d13=4.437437478899 eijMax=5.081E-03 rmsd=1.225E+00 s=[ 0 0 0 0 1 0 0 0 1 1 1 0 ]
d13=4.437437478899 eijMax=5.081E-03 rmsd=1.225E+00 s=[ 0 0 0 1 0 1 1 1 0 0 0 1 ]
d13=4.437437478899 eijMax=7.604E-04 rmsd=1.846E+00 s=[ 0 0 0 1 1 1 1 0 0 0 0 1 ]
d13=4.438403837918 eijMax=6.824E-04 rmsd=1.847E+00 s=[ 0 0 0 0 0 0 0 1 1 1 1 0 ]
d13=4.438403837918 eijMax=5.629E-03 rmsd=1.224E+00 s=[ 0 0 0 0 1 0 0 0 1 1 1 0 ]
d13=4.438403837918 eijMax=5.629E-03 rmsd=1.224E+00 s=[ 0 0 0 1 0 1 1 1 0 0 0 1 ]
d13=4.438403837918 eijMax=6.824E-04 rmsd=1.847E+00 s=[ 0 0 0 1 1 1 1 0 0 0 0 1 ]
d13=4.439370196937 eijMax=2.126E-03 rmsd=1.848E+00 s=[ 0 0 0 0 0 0 0 1 1 1 1 0 ]
d13=4.439370196937 eijMax=6.180E-03 rmsd=1.224E+00 s=[ 0 0 0 0 1 0 0 0 1 1 1 0 ]
d13=4.439370196937 eijMax=6.180E-03 rmsd=1.224E+00 s=[ 0 0 0 1 0 1 1 1 0 0 0 1 ]
d13=4.439370196937 eijMax=2.126E-03 rmsd=1.848E+00 s=[ 0 0 0 1 1 1 1 0 0 0 0 1 ]
d13=4.440336555956 eijMax=3.571E-03 rmsd=1.849E+00 s=[ 0 0 0 0 0 0 0 1 1 1 1 0 ]
d13=4.440336555956 eijMax=6.734E-03 rmsd=1.224E+00 s=[ 0 0 0 0 1 0 0 0 1 1 1 0 ]
d13=4.440336555956 eijMax=6.734E-03 rmsd=1.224E+00 s=[ 0 0 0 1 0 1 1 1 0 0 0 1 ]
d13=4.440336555956 eijMax=3.571E-03 rmsd=1.849E+00 s=[ 0 0 0 1 1 1 1 0 0 0 0 1 ]
d13=4.441302914975 eijMax=5.017E-03 rmsd=1.850E+00 s=[ 0 0 0 0 0 0 0 1 1 1 1 0 ]
d13=4.441302914975 eijMax=7.291E-03 rmsd=1.223E+00 s=[ 0 0 0 0 1 0 0 0 1 1 1 0 ]
d13=4.441302914975 eijMax=7.291E-03 rmsd=1.223E+00 s=[ 0 0 0 1 0 1 1 1 0 0 0 1 ]
d13=4.441302914975 eijMax=5.017E-03 rmsd=1.850E+00 s=[ 0 0 0 1 1 1 1 0 0 0 0 1 ]
d13=4.442269273994 eijMax=6.463E-03 rmsd=1.851E+00 s=[ 0 0 0 0 0 0 0 1 1 1 1 0 ]
d13=4.442269273994 eijMax=7.850E-03 rmsd=1.223E+00 s=[ 0 0 0 0 1 0 0 0 1 1 1 0 ]
d13=4.442269273994 eijMax=7.850E-03 rmsd=1.223E+00 s=[ 0 0 0 1 0 1 1 1 0 0 0 1 ]
d13=4.442269273994 eijMax=6.463E-03 rmsd=1.851E+00 s=[ 0 0 0 1 1 1 1 0 0 0 0 1 ]
d13=4.443235633013 eijMax=7.911E-03 rmsd=1.852E+00 s=[ 0 0 0 0 0 0 0 1 1 1 1 0 ]
d13=4.443235633013 eijMax=8.411E-03 rmsd=1.223E+00 s=[ 0 0 0 0 1 0 0 0 1 1 1 0 ]
d13=4.443235633013 eijMax=8.411E-03 rmsd=1.223E+00 s=[ 0 0 0 1 0 1 1 1 0 0 0 1 ]
d13=4.443235633013 eijMax=7.911E-03 rmsd=1.852E+00 s=[ 0 0 0 1 1 1 1 0 0 0 0 1 ]
d13=4.444201992032 eijMax=9.359E-03 rmsd=1.853E+00 s=[ 0 0 0 0 0 0 0 1 1 1 1 0 ]
d13=4.444201992032 eijMax=8.975E-03 rmsd=1.222E+00 s=[ 0 0 0 0 1 0 0 0 1 1 1 0 ]
d13=4.444201992032 eijMax=8.975E-03 rmsd=1.222E+00 s=[ 0 0 0 1 0 1 1 1 0 0 0 1 ]
d13=4.444201992032 eijMax=9.359E-03 rmsd=1.853E+00 s=[ 0 0 0 1 1 1 1 0 0 0 0 1 ]
d13=4.445168351051 eijMax=9.542E-03 rmsd=1.222E+00 s=[ 0 0 0 0 1 0 0 0 1 1 1 0 ]
d13=4.445168351051 eijMax=9.542E-03 rmsd=1.222E+00 s=[ 0 0 0 1 0 1 1 1 0 0 0 1 ]
d13=4.458697377317 eijMax=9.880E-03 rmsd=2.270E-02 s=[ 0 0 0 0 1 0 1 0 0 1 1 0 ]
d13=4.458697377317 eijMax=9.880E-03 rmsd=2.270E-02 s=[ 0 0 0 1 0 1 0 1 1 0 0 1 ]
d13=4.459663736336 eijMax=8.534E-03 rmsd=1.957E-02 s=[ 0 0 0 0 1 0 1 0 0 1 1 0 ]
d13=4.459663736336 eijMax=8.534E-03 rmsd=1.957E-02 s=[ 0 0 0 1 0 1 0 1 1 0 0 1 ]
d13=4.460630095355 eijMax=7.187E-03 rmsd=1.645E-02 s=[ 0 0 0 0 1 0 1 0 0 1 1 0 ]
d13=4.460630095355 eijMax=7.187E-03 rmsd=1.645E-02 s=[ 0 0 0 1 0 1 0 1 1 0 0 1 ]
d13=4.461596454374 eijMax=5.838E-03 rmsd=1.334E-02 s=[ 0 0 0 0 1 0 1 0 0 1 1 0 ]
d13=4.461596454374 eijMax=5.838E-03 rmsd=1.334E-02 s=[ 0 0 0 1 0 1 0 1 1 0 0 1 ]
d13=4.462562813393 eijMax=4.488E-03 rmsd=1.024E-02 s=[ 0 0 0 0 1 0 1 0 0 1 1 0 ]
d13=4.462562813393 eijMax=4.488E-03 rmsd=1.024E-02 s=[ 0 0 0 1 0 1 0 1 1 0 0 1 ]
d13=4.463529172412 eijMax=3.137E-03 rmsd=7.142E-03 s=[ 0 0 0 0 1 0 1 0 0 1 1 0 ]
d13=4.463529172412 eijMax=3.137E-03 rmsd=7.142E-03 s=[ 0 0 0 1 0 1 0 1 1 0 0 1 ]
d13=4.464495531431 eijMax=1.784E-03 rmsd=4.055E-03 s=[ 0 0 0 0 1 0 1 0 0 1 1 0 ]
d13=4.464495531431 eijMax=1.784E-03 rmsd=4.055E-03 s=[ 0 0 0 1 0 1 0 1 1 0 0 1 ]
d13=4.465461890450 eijMax=4.308E-04 rmsd=9.774E-04 s=[ 0 0 0 0 1 0 1 0 0 1 1 0 ]
d13=4.465461890450 eijMax=4.308E-04 rmsd=9.774E-04 s=[ 0 0 0 1 0 1 0 1 1 0 0 1 ]
d13=4.466428249469 eijMax=9.239E-04 rmsd=2.093E-03 s=[ 0 0 0 0 1 0 1 0 0 1 1 0 ]
d13=4.466428249469 eijMax=9.239E-04 rmsd=2.093E-03 s=[ 0 0 0 1 0 1 0 1 1 0 0 1 ]
d13=4.467394608488 eijMax=2.280E-03 rmsd=5.155E-03 s=[ 0 0 0 0 1 0 1 0 0 1 1 0 ]
d13=4.467394608488 eijMax=2.280E-03 rmsd=5.155E-03 s=[ 0 0 0 1 0 1 0 1 1 0 0 1 ]
d13=4.468360967508 eijMax=3.637E-03 rmsd=8.209E-03 s=[ 0 0 0 0 1 0 1 0 0 1 1 0 ]
d13=4.468360967508 eijMax=3.637E-03 rmsd=8.209E-03 s=[ 0 0 0 1 0 1 0 1 1 0 0 1 ]
d13=4.469327326527 eijMax=4.994E-03 rmsd=1.125E-02 s=[ 0 0 0 0 1 0 1 0 0 1 1 0 ]
d13=4.469327326527 eijMax=4.994E-03 rmsd=1.125E-02 s=[ 0 0 0 1 0 1 0 1 1 0 0 1 ]
d13=4.470293685546 eijMax=6.353E-03 rmsd=1.429E-02 s=[ 0 0 0 0 1 0 1 0 0 1 1 0 ]
d13=4.470293685546 eijMax=6.353E-03 rmsd=1.429E-02 s=[ 0 0 0 1 0 1 0 1 1 0 0 1 ]
d13=4.471260044565 eijMax=7.713E-03 rmsd=1.732E-02 s=[ 0 0 0 0 1 0 1 0 0 1 1 0 ]
d13=4.471260044565 eijMax=7.713E-03 rmsd=1.732E-02 s=[ 0 0 0 1 0 1 0 1 1 0 0 1 ]
d13=4.472226403584 eijMax=9.074E-03 rmsd=2.034E-02 s=[ 0 0 0 0 1 0 1 0 0 1 1 0 ]
d13=4.472226403584 eijMax=9.074E-03 rmsd=2.034E-02 s=[ 0 0 0 1 0 1 0 1 1 0 0 1 ]
d13=4.554366920200 eijMax=9.755E-03 rmsd=5.695E-01 s=[ 0 0 0 0 1 1 1 1 0 1 1 0 ]
d13=4.554366920200 eijMax=9.755E-03 rmsd=5.695E-01 s=[ 0 0 0 1 0 0 0 0 1 0 0 1 ]
d13=4.555333279219 eijMax=8.608E-03 rmsd=5.688E-01 s=[ 0 0 0 0 1 1 1 1 0 1 1 0 ]
d13=4.555333279219 eijMax=8.608E-03 rmsd=5.688E-01 s=[ 0 0 0 1 0 0 0 0 1 0 0 1 ]
d13=4.556299638238 eijMax=7.464E-03 rmsd=5.681E-01 s=[ 0 0 0 0 1 1 1 1 0 1 1 0 ]
d13=4.556299638238 eijMax=7.464E-03 rmsd=5.681E-01 s=[ 0 0 0 1 0 0 0 0 1 0 0 1 ]
d13=4.557265997257 eijMax=6.322E-03 rmsd=5.674E-01 s=[ 0 0 0 0 1 1 1 1 0 1 1 0 ]
d13=4.557265997257 eijMax=6.322E-03 rmsd=5.674E-01 s=[ 0 0 0 1 0 0 0 0 1 0 0 1 ]
d13=4.558232356276 eijMax=5.183E-03 rmsd=5.668E-01 s=[ 0 0 0 0 1 1 1 1 0 1 1 0 ]
d13=4.558232356276 eijMax=5.183E-03 rmsd=5.668E-01 s=[ 0 0 0 1 0 0 0 0 1 0 0 1 ]
d13=4.559198715295 eijMax=4.046E-03 rmsd=5.662E-01 s=[ 0 0 0 0 1 1 1 1 0 1 1 0 ]
d13=4.559198715295 eijMax=4.046E-03 rmsd=5.662E-01 s=[ 0 0 0 1 0 0 0 0 1 0 0 1 ]
d13=4.560165074314 eijMax=2.911E-03 rmsd=5.656E-01 s=[ 0 0 0 0 1 1 1 1 0 1 1 0 ]
d13=4.560165074314 eijMax=2.911E-03 rmsd=5.656E-01 s=[ 0 0 0 1 0 0 0 0 1 0 0 1 ]
d13=4.561131433333 eijMax=1.779E-03 rmsd=5.650E-01 s=[ 0 0 0 0 1 1 1 1 0 1 1 0 ]
d13=4.561131433333 eijMax=1.779E-03 rmsd=5.650E-01 s=[ 0 0 0 1 0 0 0 0 1 0 0 1 ]
d13=4.562097792352 eijMax=6.488E-04 rmsd=5.644E-01 s=[ 0 0 0 0 1 1 1 1 0 1 1 0 ]
d13=4.562097792352 eijMax=6.488E-04 rmsd=5.644E-01 s=[ 0 0 0 1 0 0 0 0 1 0 0 1 ]
d13=4.563064151371 eijMax=4.785E-04 rmsd=5.639E-01 s=[ 0 0 0 0 1 1 1 1 0 1 1 0 ]
d13=4.563064151371 eijMax=4.785E-04 rmsd=5.639E-01 s=[ 0 0 0 1 0 0 0 0 1 0 0 1 ]
d13=4.564030510390 eijMax=1.603E-03 rmsd=5.634E-01 s=[ 0 0 0 0 1 1 1 1 0 1 1 0 ]
d13=4.564030510390 eijMax=1.603E-03 rmsd=5.634E-01 s=[ 0 0 0 1 0 0 0 0 1 0 0 1 ]
d13=4.564996869409 eijMax=2.726E-03 rmsd=5.629E-01 s=[ 0 0 0 0 1 1 1 1 0 1 1 0 ]
d13=4.564996869409 eijMax=2.726E-03 rmsd=5.629E-01 s=[ 0 0 0 1 0 0 0 0 1 0 0 1 ]
d13=4.565963228428 eijMax=3.845E-03 rmsd=5.624E-01 s=[ 0 0 0 0 1 1 1 1 0 1 1 0 ]
d13=4.565963228428 eijMax=3.845E-03 rmsd=5.624E-01 s=[ 0 0 0 1 0 0 0 0 1 0 0 1 ]
d13=4.566929587447 eijMax=4.962E-03 rmsd=5.620E-01 s=[ 0 0 0 0 1 1 1 1 0 1 1 0 ]
d13=4.566929587447 eijMax=4.962E-03 rmsd=5.620E-01 s=[ 0 0 0 1 0 0 0 0 1 0 0 1 ]
d13=4.567895946466 eijMax=6.077E-03 rmsd=5.616E-01 s=[ 0 0 0 0 1 1 1 1 0 1 1 0 ]
d13=4.567895946466 eijMax=6.077E-03 rmsd=5.616E-01 s=[ 0 0 0 1 0 0 0 0 1 0 0 1 ]
d13=4.568862305485 eijMax=7.188E-03 rmsd=5.612E-01 s=[ 0 0 0 0 1 1 1 1 0 1 1 0 ]
d13=4.568862305485 eijMax=7.188E-03 rmsd=5.612E-01 s=[ 0 0 0 1 0 0 0 0 1 0 0 1 ]
d13=4.569828664505 eijMax=8.297E-03 rmsd=5.608E-01 s=[ 0 0 0 0 1 1 1 1 0 1 1 0 ]
d13=4.569828664505 eijMax=8.297E-03 rmsd=5.608E-01 s=[ 0 0 0 1 0 0 0 0 1 0 0 1 ]
d13=4.570795023524 eijMax=9.403E-03 rmsd=5.604E-01 s=[ 0 0 0 0 1 1 1 1 0 1 1 0 ]
d13=4.570795023524 eijMax=9.403E-03 rmsd=5.604E-01 s=[ 0 0 0 1 0 0 0 0 1 0 0 1 ]
d13=4.618146615455 eijMax=9.893E-03 rmsd=1.197E+00 s=[ 0 0 0 0 1 1 0 0 1 1 1 0 ]
d13=4.618146615455 eijMax=9.893E-03 rmsd=1.197E+00 s=[ 0 0 0 1 0 0 1 1 0 0 0 1 ]
d13=4.619112974474 eijMax=9.173E-03 rmsd=1.198E+00 s=[ 0 0 0 0 1 1 0 0 1 1 1 0 ]
d13=4.619112974474 eijMax=9.173E-03 rmsd=1.198E+00 s=[ 0 0 0 1 0 0 1 1 0 0 0 1 ]
d13=4.620079333493 eijMax=8.452E-03 rmsd=1.198E+00 s=[ 0 0 0 0 1 1 0 0 1 1 1 0 ]
d13=4.620079333493 eijMax=8.452E-03 rmsd=1.198E+00 s=[ 0 0 0 1 0 0 1 1 0 0 0 1 ]
d13=4.621045692513 eijMax=7.728E-03 rmsd=1.199E+00 s=[ 0 0 0 0 1 1 0 0 1 1 1 0 ]
d13=4.621045692513 eijMax=7.728E-03 rmsd=1.199E+00 s=[ 0 0 0 1 0 0 1 1 0 0 0 1 ]
d13=4.622012051532 eijMax=7.003E-03 rmsd=1.199E+00 s=[ 0 0 0 0 1 1 0 0 1 1 1 0 ]
d13=4.622012051532 eijMax=7.003E-03 rmsd=1.199E+00 s=[ 0 0 0 1 0 0 1 1 0 0 0 1 ]
d13=4.622978410551 eijMax=6.275E-03 rmsd=1.200E+00 s=[ 0 0 0 0 1 1 0 0 1 1 1 0 ]
d13=4.622978410551 eijMax=6.275E-03 rmsd=1.200E+00 s=[ 0 0 0 1 0 0 1 1 0 0 0 1 ]
d13=4.623944769570 eijMax=5.545E-03 rmsd=1.200E+00 s=[ 0 0 0 0 1 1 0 0 1 1 1 0 ]
d13=4.623944769570 eijMax=5.545E-03 rmsd=1.200E+00 s=[ 0 0 0 1 0 0 1 1 0 0 0 1 ]
d13=4.624911128589 eijMax=4.814E-03 rmsd=1.201E+00 s=[ 0 0 0 0 1 1 0 0 1 1 1 0 ]
d13=4.624911128589 eijMax=4.814E-03 rmsd=1.201E+00 s=[ 0 0 0 1 0 0 1 1 0 0 0 1 ]
d13=4.625877487608 eijMax=4.080E-03 rmsd=1.201E+00 s=[ 0 0 0 0 1 1 0 0 1 1 1 0 ]
d13=4.625877487608 eijMax=4.080E-03 rmsd=1.201E+00 s=[ 0 0 0 1 0 0 1 1 0 0 0 1 ]
d13=4.626843846627 eijMax=6.191E-03 rmsd=1.392E+00 s=[ 0 0 0 0 0 0 1 0 0 1 1 0 ]
d13=4.626843846627 eijMax=3.344E-03 rmsd=1.202E+00 s=[ 0 0 0 0 1 1 0 0 1 1 1 0 ]
d13=4.626843846627 eijMax=3.344E-03 rmsd=1.202E+00 s=[ 0 0 0 1 0 0 1 1 0 0 0 1 ]
d13=4.626843846627 eijMax=6.191E-03 rmsd=1.392E+00 s=[ 0 0 0 1 1 1 0 1 1 0 0 1 ]
d13=4.627810205646 eijMax=9.003E-04 rmsd=1.398E+00 s=[ 0 0 0 0 0 0 1 0 0 1 1 0 ]
d13=4.627810205646 eijMax=2.607E-03 rmsd=1.202E+00 s=[ 0 0 0 0 1 1 0 0 1 1 1 0 ]
d13=4.627810205646 eijMax=2.607E-03 rmsd=1.202E+00 s=[ 0 0 0 1 0 0 1 1 0 0 0 1 ]
d13=4.627810205646 eijMax=9.003E-04 rmsd=1.398E+00 s=[ 0 0 0 1 1 1 0 1 1 0 0 1 ]
d13=4.628776564665 eijMax=8.703E-03 rmsd=1.409E+00 s=[ 0 0 0 0 0 0 1 0 0 1 1 0 ]
d13=4.628776564665 eijMax=1.867E-03 rmsd=1.203E+00 s=[ 0 0 0 0 1 1 0 0 1 1 1 0 ]
d13=4.628776564665 eijMax=1.867E-03 rmsd=1.203E+00 s=[ 0 0 0 1 0 0 1 1 0 0 0 1 ]
d13=4.628776564665 eijMax=8.703E-03 rmsd=1.409E+00 s=[ 0 0 0 1 1 1 0 1 1 0 0 1 ]
d13=4.629742923684 eijMax=1.125E-03 rmsd=1.204E+00 s=[ 0 0 0 0 1 1 0 0 1 1 1 0 ]
d13=4.629742923684 eijMax=1.125E-03 rmsd=1.204E+00 s=[ 0 0 0 1 0 0 1 1 0 0 0 1 ]
d13=4.630709282703 eijMax=3.810E-04 rmsd=1.204E+00 s=[ 0 0 0 0 1 1 0 0 1 1 1 0 ]
d13=4.630709282703 eijMax=3.810E-04 rmsd=1.204E+00 s=[ 0 0 0 1 0 0 1 1 0 0 0 1 ]
d13=4.631675641722 eijMax=3.651E-04 rmsd=1.205E+00 s=[ 0 0 0 0 1 1 0 0 1 1 1 0 ]
d13=4.631675641722 eijMax=3.651E-04 rmsd=1.205E+00 s=[ 0 0 0 1 0 0 1 1 0 0 0 1 ]
d13=4.632642000741 eijMax=1.113E-03 rmsd=1.205E+00 s=[ 0 0 0 0 1 1 0 0 1 1 1 0 ]
d13=4.632642000741 eijMax=1.113E-03 rmsd=1.205E+00 s=[ 0 0 0 1 0 0 1 1 0 0 0 1 ]
d13=4.633608359760 eijMax=1.864E-03 rmsd=1.206E+00 s=[ 0 0 0 0 1 1 0 0 1 1 1 0 ]
d13=4.633608359760 eijMax=1.864E-03 rmsd=1.206E+00 s=[ 0 0 0 1 0 0 1 1 0 0 0 1 ]
d13=4.634574718779 eijMax=2.616E-03 rmsd=1.206E+00 s=[ 0 0 0 0 1 1 0 0 1 1 1 0 ]
d13=4.634574718779 eijMax=2.616E-03 rmsd=1.206E+00 s=[ 0 0 0 1 0 0 1 1 0 0 0 1 ]
d13=4.635541077798 eijMax=3.371E-03 rmsd=1.207E+00 s=[ 0 0 0 0 1 1 0 0 1 1 1 0 ]
d13=4.635541077798 eijMax=3.371E-03 rmsd=1.207E+00 s=[ 0 0 0 1 0 0 1 1 0 0 0 1 ]
d13=4.636507436817 eijMax=4.127E-03 rmsd=1.208E+00 s=[ 0 0 0 0 1 1 0 0 1 1 1 0 ]
d13=4.636507436817 eijMax=4.127E-03 rmsd=1.208E+00 s=[ 0 0 0 1 0 0 1 1 0 0 0 1 ]
d13=4.637473795836 eijMax=4.886E-03 rmsd=1.208E+00 s=[ 0 0 0 0 1 1 0 0 1 1 1 0 ]
d13=4.637473795836 eijMax=4.886E-03 rmsd=1.208E+00 s=[ 0 0 0 1 0 0 1 1 0 0 0 1 ]
d13=4.638440154855 eijMax=5.647E-03 rmsd=1.209E+00 s=[ 0 0 0 0 1 1 0 0 1 1 1 0 ]
d13=4.638440154855 eijMax=5.647E-03 rmsd=1.209E+00 s=[ 0 0 0 1 0 0 1 1 0 0 0 1 ]
d13=4.639406513874 eijMax=6.410E-03 rmsd=1.209E+00 s=[ 0 0 0 0 1 1 0 0 1 1 1 0 ]
d13=4.639406513874 eijMax=6.410E-03 rmsd=1.209E+00 s=[ 0 0 0 1 0 0 1 1 0 0 0 1 ]
d13=4.640372872893 eijMax=7.176E-03 rmsd=1.210E+00 s=[ 0 0 0 0 1 1 0 0 1 1 1 0 ]
d13=4.640372872893 eijMax=7.176E-03 rmsd=1.210E+00 s=[ 0 0 0 1 0 0 1 1 0 0 0 1 ]
d13=4.641339231912 eijMax=7.943E-03 rmsd=1.210E+00 s=[ 0 0 0 0 1 1 0 0 1 1 1 0 ]
d13=4.641339231912 eijMax=7.943E-03 rmsd=1.210E+00 s=[ 0 0 0 1 0 0 1 1 0 0 0 1 ]
d13=4.642305590931 eijMax=8.713E-03 rmsd=1.211E+00 s=[ 0 0 0 0 1 1 0 0 1 1 1 0 ]
d13=4.642305590931 eijMax=8.713E-03 rmsd=1.211E+00 s=[ 0 0 0 1 0 0 1 1 0 0 0 1 ]
d13=4.643271949950 eijMax=9.485E-03 rmsd=1.212E+00 s=[ 0 0 0 0 1 1 0 0 1 1 1 0 ]
d13=4.643271949950 eijMax=9.485E-03 rmsd=1.212E+00 s=[ 0 0 0 1 0 0 1 1 0 0 0 1 ]
d13=4.691589900901 eijMax=8.814E-03 rmsd=9.674E-01 s=[ 0 0 0 0 1 1 1 1 1 1 1 0 ]
d13=4.691589900901 eijMax=8.814E-03 rmsd=9.674E-01 s=[ 0 0 0 1 0 0 0 0 0 0 0 1 ]
d13=4.692556259920 eijMax=7.159E-03 rmsd=9.647E-01 s=[ 0 0 0 0 1 1 1 1 1 1 1 0 ]
d13=4.692556259920 eijMax=7.159E-03 rmsd=9.647E-01 s=[ 0 0 0 1 0 0 0 0 0 0 0 1 ]
d13=4.693522618939 eijMax=5.465E-03 rmsd=9.619E-01 s=[ 0 0 0 0 1 1 1 1 1 1 1 0 ]
d13=4.693522618939 eijMax=5.465E-03 rmsd=9.619E-01 s=[ 0 0 0 1 0 0 0 0 0 0 0 1 ]
d13=4.694488977958 eijMax=3.730E-03 rmsd=9.590E-01 s=[ 0 0 0 0 1 1 1 1 1 1 1 0 ]
d13=4.694488977958 eijMax=3.730E-03 rmsd=9.590E-01 s=[ 0 0 0 1 0 0 0 0 0 0 0 1 ]
d13=4.695455336977 eijMax=1.953E-03 rmsd=9.561E-01 s=[ 0 0 0 0 1 1 1 1 1 1 1 0 ]
d13=4.695455336977 eijMax=1.953E-03 rmsd=9.561E-01 s=[ 0 0 0 1 0 0 0 0 0 0 0 1 ]
d13=4.696421695996 eijMax=1.284E-04 rmsd=9.529E-01 s=[ 0 0 0 0 1 1 1 1 1 1 1 0 ]
d13=4.696421695996 eijMax=1.284E-04 rmsd=9.529E-01 s=[ 0 0 0 1 0 0 0 0 0 0 0 1 ]
d13=4.697388055015 eijMax=1.746E-03 rmsd=9.497E-01 s=[ 0 0 0 0 1 1 1 1 1 1 1 0 ]
d13=4.697388055015 eijMax=1.746E-03 rmsd=9.497E-01 s=[ 0 0 0 1 0 0 0 0 0 0 0 1 ]
d13=4.698354414034 eijMax=3.673E-03 rmsd=9.463E-01 s=[ 0 0 0 0 1 1 1 1 1 1 1 0 ]
d13=4.698354414034 eijMax=3.673E-03 rmsd=9.463E-01 s=[ 0 0 0 1 0 0 0 0 0 0 0 1 ]
d13=4.699320773053 eijMax=5.658E-03 rmsd=9.428E-01 s=[ 0 0 0 0 1 1 1 1 1 1 1 0 ]
d13=4.699320773053 eijMax=5.658E-03 rmsd=9.428E-01 s=[ 0 0 0 1 0 0 0 0 0 0 0 1 ]
d13=4.700287132072 eijMax=7.707E-03 rmsd=9.392E-01 s=[ 0 0 0 0 1 1 1 1 1 1 1 0 ]
d13=4.700287132072 eijMax=7.707E-03 rmsd=9.392E-01 s=[ 0 0 0 1 0 0 0 0 0 0 0 1 ]
d13=4.701253491091 eijMax=9.824E-03 rmsd=9.354E-01 s=[ 0 0 0 0 1 1 1 1 1 1 1 0 ]
d13=4.701253491091 eijMax=9.824E-03 rmsd=9.354E-01 s=[ 0 0 0 1 0 0 0 0 0 0 0 1 ]
d13=4.731210620681 eijMax=9.626E-03 rmsd=1.489E+00 s=[ 0 0 0 0 1 0 0 1 1 1 1 0 ]
d13=4.731210620681 eijMax=9.626E-03 rmsd=1.489E+00 s=[ 0 0 0 1 0 1 1 0 0 0 0 1 ]
d13=4.732176979700 eijMax=8.731E-03 rmsd=1.489E+00 s=[ 0 0 0 0 1 0 0 1 1 1 1 0 ]
d13=4.732176979700 eijMax=8.731E-03 rmsd=1.489E+00 s=[ 0 0 0 1 0 1 1 0 0 0 0 1 ]
d13=4.733143338719 eijMax=7.831E-03 rmsd=1.490E+00 s=[ 0 0 0 0 1 0 0 1 1 1 1 0 ]
d13=4.733143338719 eijMax=7.831E-03 rmsd=1.490E+00 s=[ 0 0 0 1 0 1 1 0 0 0 0 1 ]
d13=4.734109697738 eijMax=6.928E-03 rmsd=1.490E+00 s=[ 0 0 0 0 1 0 0 1 1 1 1 0 ]
d13=4.734109697738 eijMax=6.928E-03 rmsd=1.490E+00 s=[ 0 0 0 1 0 1 1 0 0 0 0 1 ]
d13=4.735076056757 eijMax=6.020E-03 rmsd=1.491E+00 s=[ 0 0 0 0 1 0 0 1 1 1 1 0 ]
d13=4.735076056757 eijMax=6.020E-03 rmsd=1.491E+00 s=[ 0 0 0 1 0 1 1 0 0 0 0 1 ]
d13=4.736042415776 eijMax=5.108E-03 rmsd=1.491E+00 s=[ 0 0 0 0 1 0 0 1 1 1 1 0 ]
d13=4.736042415776 eijMax=5.108E-03 rmsd=1.491E+00 s=[ 0 0 0 1 0 1 1 0 0 0 0 1 ]
d13=4.737008774795 eijMax=4.192E-03 rmsd=1.492E+00 s=[ 0 0 0 0 1 0 0 1 1 1 1 0 ]
d13=4.737008774795 eijMax=4.192E-03 rmsd=1.492E+00 s=[ 0 0 0 1 0 1 1 0 0 0 0 1 ]
d13=4.737975133814 eijMax=3.271E-03 rmsd=1.492E+00 s=[ 0 0 0 0 1 0 0 1 1 1 1 0 ]
d13=4.737975133814 eijMax=3.271E-03 rmsd=1.492E+00 s=[ 0 0 0 1 0 1 1 0 0 0 0 1 ]
d13=4.738941492833 eijMax=2.347E-03 rmsd=1.493E+00 s=[ 0 0 0 0 1 0 0 1 1 1 1 0 ]
d13=4.738941492833 eijMax=2.347E-03 rmsd=1.493E+00 s=[ 0 0 0 1 0 1 1 0 0 0 0 1 ]
d13=4.739907851852 eijMax=1.417E-03 rmsd=1.493E+00 s=[ 0 0 0 0 1 0 0 1 1 1 1 0 ]
d13=4.739907851852 eijMax=1.417E-03 rmsd=1.493E+00 s=[ 0 0 0 1 0 1 1 0 0 0 0 1 ]
d13=4.740874210871 eijMax=4.839E-04 rmsd=1.494E+00 s=[ 0 0 0 0 1 0 0 1 1 1 1 0 ]
d13=4.740874210871 eijMax=4.839E-04 rmsd=1.494E+00 s=[ 0 0 0 1 0 1 1 0 0 0 0 1 ]
d13=4.741840569890 eijMax=4.541E-04 rmsd=1.494E+00 s=[ 0 0 0 0 1 0 0 1 1 1 1 0 ]
d13=4.741840569890 eijMax=4.541E-04 rmsd=1.494E+00 s=[ 0 0 0 1 0 1 1 0 0 0 0 1 ]
d13=4.742806928909 eijMax=1.397E-03 rmsd=1.495E+00 s=[ 0 0 0 0 1 0 0 1 1 1 1 0 ]
d13=4.742806928909 eijMax=1.397E-03 rmsd=1.495E+00 s=[ 0 0 0 1 0 1 1 0 0 0 0 1 ]
d13=4.743773287928 eijMax=2.343E-03 rmsd=1.495E+00 s=[ 0 0 0 0 1 0 0 1 1 1 1 0 ]
d13=4.743773287928 eijMax=2.343E-03 rmsd=1.495E+00 s=[ 0 0 0 1 0 1 1 0 0 0 0 1 ]
d13=4.744739646947 eijMax=3.295E-03 rmsd=1.496E+00 s=[ 0 0 0 0 1 0 0 1 1 1 1 0 ]
d13=4.744739646947 eijMax=3.295E-03 rmsd=1.496E+00 s=[ 0 0 0 1 0 1 1 0 0 0 0 1 ]
d13=4.745706005966 eijMax=4.251E-03 rmsd=1.496E+00 s=[ 0 0 0 0 1 0 0 1 1 1 1 0 ]
d13=4.745706005966 eijMax=4.251E-03 rmsd=1.496E+00 s=[ 0 0 0 1 0 1 1 0 0 0 0 1 ]
d13=4.746672364985 eijMax=5.212E-03 rmsd=1.497E+00 s=[ 0 0 0 0 1 0 0 1 1 1 1 0 ]
d13=4.746672364985 eijMax=5.212E-03 rmsd=1.497E+00 s=[ 0 0 0 1 0 1 1 0 0 0 0 1 ]
d13=4.747638724004 eijMax=6.177E-03 rmsd=1.497E+00 s=[ 0 0 0 0 1 0 0 1 1 1 1 0 ]
d13=4.747638724004 eijMax=6.177E-03 rmsd=1.497E+00 s=[ 0 0 0 1 0 1 1 0 0 0 0 1 ]
d13=4.748605083023 eijMax=7.147E-03 rmsd=1.498E+00 s=[ 0 0 0 0 1 0 0 1 1 1 1 0 ]
d13=4.748605083023 eijMax=7.147E-03 rmsd=1.498E+00 s=[ 0 0 0 1 0 1 1 0 0 0 0 1 ]
d13=4.749571442042 eijMax=8.122E-03 rmsd=1.498E+00 s=[ 0 0 0 0 1 0 0 1 1 1 1 0 ]
d13=4.749571442042 eijMax=8.122E-03 rmsd=1.498E+00 s=[ 0 0 0 1 0 1 1 0 0 0 0 1 ]
d13=4.750537801061 eijMax=9.102E-03 rmsd=1.499E+00 s=[ 0 0 0 0 1 0 0 1 1 1 1 0 ]
d13=4.750537801061 eijMax=9.102E-03 rmsd=1.499E+00 s=[ 0 0 0 1 0 1 1 0 0 0 0 1 ]
d13=4.811418419259 eijMax=9.986E-03 rmsd=1.460E+00 s=[ 0 0 0 0 1 0 1 0 1 1 1 0 ]
d13=4.811418419259 eijMax=9.986E-03 rmsd=1.460E+00 s=[ 0 0 0 1 0 1 0 1 0 0 0 1 ]
d13=4.812384778278 eijMax=8.735E-03 rmsd=1.460E+00 s=[ 0 0 0 0 1 0 1 0 1 1 1 0 ]
d13=4.812384778278 eijMax=8.735E-03 rmsd=1.460E+00 s=[ 0 0 0 1 0 1 0 1 0 0 0 1 ]
d13=4.813351137297 eijMax=7.466E-03 rmsd=1.459E+00 s=[ 0 0 0 0 1 0 1 0 1 1 1 0 ]
d13=4.813351137297 eijMax=7.466E-03 rmsd=1.459E+00 s=[ 0 0 0 1 0 1 0 1 0 0 0 1 ]
d13=4.814317496316 eijMax=6.180E-03 rmsd=1.459E+00 s=[ 0 0 0 0 1 0 1 0 1 1 1 0 ]
d13=4.814317496316 eijMax=6.180E-03 rmsd=1.459E+00 s=[ 0 0 0 1 0 1 0 1 0 0 0 1 ]
d13=4.815283855335 eijMax=4.876E-03 rmsd=1.458E+00 s=[ 0 0 0 0 1 0 1 0 1 1 1 0 ]
d13=4.815283855335 eijMax=4.876E-03 rmsd=1.458E+00 s=[ 0 0 0 1 0 1 0 1 0 0 0 1 ]
d13=4.816250214354 eijMax=3.553E-03 rmsd=1.457E+00 s=[ 0 0 0 0 1 0 1 0 1 1 1 0 ]
d13=4.816250214354 eijMax=3.553E-03 rmsd=1.457E+00 s=[ 0 0 0 1 0 1 0 1 0 0 0 1 ]
d13=4.817216573373 eijMax=2.210E-03 rmsd=1.457E+00 s=[ 0 0 0 0 1 0 1 0 1 1 1 0 ]
d13=4.817216573373 eijMax=9.059E-03 rmsd=1.659E+00 s=[ 0 0 0 0 1 1 0 1 1 1 1 0 ]
d13=4.817216573373 eijMax=9.059E-03 rmsd=1.659E+00 s=[ 0 0 0 1 0 0 1 0 0 0 0 1 ]
d13=4.817216573373 eijMax=2.210E-03 rmsd=1.457E+00 s=[ 0 0 0 1 0 1 0 1 0 0 0 1 ]
d13=4.818182932392 eijMax=8.479E-04 rmsd=1.456E+00 s=[ 0 0 0 0 1 0 1 0 1 1 1 0 ]
d13=4.818182932392 eijMax=7.979E-03 rmsd=1.659E+00 s=[ 0 0 0 0 1 1 0 1 1 1 1 0 ]
d13=4.818182932392 eijMax=7.979E-03 rmsd=1.659E+00 s=[ 0 0 0 1 0 0 1 0 0 0 0 1 ]
d13=4.818182932392 eijMax=8.479E-04 rmsd=1.456E+00 s=[ 0 0 0 1 0 1 0 1 0 0 0 1 ]
d13=4.819149291411 eijMax=5.356E-04 rmsd=1.455E+00 s=[ 0 0 0 0 1 0 1 0 1 1 1 0 ]
d13=4.819149291411 eijMax=6.888E-03 rmsd=1.660E+00 s=[ 0 0 0 0 1 1 0 1 1 1 1 0 ]
d13=4.819149291411 eijMax=6.888E-03 rmsd=1.660E+00 s=[ 0 0 0 1 0 0 1 0 0 0 0 1 ]
d13=4.819149291411 eijMax=5.356E-04 rmsd=1.455E+00 s=[ 0 0 0 1 0 1 0 1 0 0 0 1 ]
d13=4.820115650430 eijMax=1.941E-03 rmsd=1.455E+00 s=[ 0 0 0 0 1 0 1 0 1 1 1 0 ]
d13=4.820115650430 eijMax=5.786E-03 rmsd=1.661E+00 s=[ 0 0 0 0 1 1 0 1 1 1 1 0 ]
d13=4.820115650430 eijMax=5.786E-03 rmsd=1.661E+00 s=[ 0 0 0 1 0 0 1 0 0 0 0 1 ]
d13=4.820115650430 eijMax=1.941E-03 rmsd=1.455E+00 s=[ 0 0 0 1 0 1 0 1 0 0 0 1 ]
d13=4.821082009449 eijMax=3.368E-03 rmsd=1.454E+00 s=[ 0 0 0 0 1 0 1 0 1 1 1 0 ]
d13=4.821082009449 eijMax=4.673E-03 rmsd=1.662E+00 s=[ 0 0 0 0 1 1 0 1 1 1 1 0 ]
d13=4.821082009449 eijMax=4.673E-03 rmsd=1.662E+00 s=[ 0 0 0 1 0 0 1 0 0 0 0 1 ]
d13=4.821082009449 eijMax=3.368E-03 rmsd=1.454E+00 s=[ 0 0 0 1 0 1 0 1 0 0 0 1 ]
d13=4.822048368468 eijMax=4.819E-03 rmsd=1.453E+00 s=[ 0 0 0 0 1 0 1 0 1 1 1 0 ]
d13=4.822048368468 eijMax=3.549E-03 rmsd=1.663E+00 s=[ 0 0 0 0 1 1 0 1 1 1 1 0 ]
d13=4.822048368468 eijMax=3.549E-03 rmsd=1.663E+00 s=[ 0 0 0 1 0 0 1 0 0 0 0 1 ]
d13=4.822048368468 eijMax=4.819E-03 rmsd=1.453E+00 s=[ 0 0 0 1 0 1 0 1 0 0 0 1 ]
d13=4.823014727487 eijMax=6.294E-03 rmsd=1.452E+00 s=[ 0 0 0 0 1 0 1 0 1 1 1 0 ]
d13=4.823014727487 eijMax=2.413E-03 rmsd=1.663E+00 s=[ 0 0 0 0 1 1 0 1 1 1 1 0 ]
d13=4.823014727487 eijMax=2.413E-03 rmsd=1.663E+00 s=[ 0 0 0 1 0 0 1 0 0 0 0 1 ]
d13=4.823014727487 eijMax=6.294E-03 rmsd=1.452E+00 s=[ 0 0 0 1 0 1 0 1 0 0 0 1 ]
d13=4.823981086507 eijMax=7.794E-03 rmsd=1.451E+00 s=[ 0 0 0 0 1 0 1 0 1 1 1 0 ]
d13=4.823981086507 eijMax=1.264E-03 rmsd=1.664E+00 s=[ 0 0 0 0 1 1 0 1 1 1 1 0 ]
d13=4.823981086507 eijMax=1.264E-03 rmsd=1.664E+00 s=[ 0 0 0 1 0 0 1 0 0 0 0 1 ]
d13=4.823981086507 eijMax=7.794E-03 rmsd=1.451E+00 s=[ 0 0 0 1 0 1 0 1 0 0 0 1 ]
d13=4.824947445526 eijMax=9.320E-03 rmsd=1.450E+00 s=[ 0 0 0 0 1 0 1 0 1 1 1 0 ]
d13=4.824947445526 eijMax=1.023E-04 rmsd=1.665E+00 s=[ 0 0 0 0 1 1 0 1 1 1 1 0 ]
d13=4.824947445526 eijMax=1.023E-04 rmsd=1.665E+00 s=[ 0 0 0 1 0 0 1 0 0 0 0 1 ]
d13=4.824947445526 eijMax=9.320E-03 rmsd=1.450E+00 s=[ 0 0 0 1 0 1 0 1 0 0 0 1 ]
d13=4.825913804545 eijMax=1.072E-03 rmsd=1.666E+00 s=[ 0 0 0 0 1 1 0 1 1 1 1 0 ]
d13=4.825913804545 eijMax=1.072E-03 rmsd=1.666E+00 s=[ 0 0 0 1 0 0 1 0 0 0 0 1 ]
d13=4.826880163564 eijMax=2.260E-03 rmsd=1.667E+00 s=[ 0 0 0 0 1 1 0 1 1 1 1 0 ]
d13=4.826880163564 eijMax=2.260E-03 rmsd=1.667E+00 s=[ 0 0 0 1 0 0 1 0 0 0 0 1 ]
d13=4.827846522583 eijMax=3.463E-03 rmsd=1.668E+00 s=[ 0 0 0 0 1 1 0 1 1 1 1 0 ]
d13=4.827846522583 eijMax=3.463E-03 rmsd=1.668E+00 s=[ 0 0 0 1 0 0 1 0 0 0 0 1 ]
d13=4.828812881602 eijMax=4.679E-03 rmsd=1.668E+00 s=[ 0 0 0 0 1 1 0 1 1 1 1 0 ]
d13=4.828812881602 eijMax=4.679E-03 rmsd=1.668E+00 s=[ 0 0 0 1 0 0 1 0 0 0 0 1 ]
d13=4.829779240621 eijMax=5.911E-03 rmsd=1.669E+00 s=[ 0 0 0 0 1 1 0 1 1 1 1 0 ]
d13=4.829779240621 eijMax=5.911E-03 rmsd=1.669E+00 s=[ 0 0 0 1 0 0 1 0 0 0 0 1 ]
d13=4.830745599640 eijMax=7.158E-03 rmsd=1.670E+00 s=[ 0 0 0 0 1 1 0 1 1 1 1 0 ]
d13=4.830745599640 eijMax=7.158E-03 rmsd=1.670E+00 s=[ 0 0 0 1 0 0 1 0 0 0 0 1 ]
d13=4.831711958659 eijMax=8.421E-03 rmsd=1.671E+00 s=[ 0 0 0 0 1 1 0 1 1 1 1 0 ]
d13=4.831711958659 eijMax=8.421E-03 rmsd=1.671E+00 s=[ 0 0 0 1 0 0 1 0 0 0 0 1 ]
d13=4.832678317678 eijMax=9.702E-03 rmsd=1.672E+00 s=[ 0 0 0 0 1 1 0 1 1 1 1 0 ]
d13=4.832678317678 eijMax=9.702E-03 rmsd=1.672E+00 s=[ 0 0 0 1 0 0 1 0 0 0 0 1 ]
d13=4.860702729229 eijMax=7.171E-03 rmsd=1.714E+00 s=[ 0 0 0 0 0 1 1 0 1 1 1 0 ]
d13=4.860702729229 eijMax=7.171E-03 rmsd=1.714E+00 s=[ 0 0 0 1 1 0 0 1 0 0 0 1 ]
d13=4.861669088248 eijMax=3.987E-03 rmsd=1.724E+00 s=[ 0 0 0 0 0 1 1 0 1 1 1 0 ]
d13=4.861669088248 eijMax=3.987E-03 rmsd=1.724E+00 s=[ 0 0 0 1 1 0 0 1 0 0 0 1 ]
d13=4.862635447267 eijMax=6.012E-04 rmsd=1.735E+00 s=[ 0 0 0 0 0 1 1 0 1 1 1 0 ]
d13=4.862635447267 eijMax=6.012E-04 rmsd=1.735E+00 s=[ 0 0 0 1 1 0 0 1 0 0 0 1 ]
d13=4.863601806286 eijMax=3.105E-03 rmsd=1.746E+00 s=[ 0 0 0 0 0 1 1 0 1 1 1 0 ]
d13=4.863601806286 eijMax=3.105E-03 rmsd=1.746E+00 s=[ 0 0 0 1 1 0 0 1 0 0 0 1 ]
d13=4.864568165305 eijMax=7.384E-03 rmsd=1.759E+00 s=[ 0 0 0 0 0 1 1 0 1 1 1 0 ]
d13=4.864568165305 eijMax=7.384E-03 rmsd=1.759E+00 s=[ 0 0 0 1 1 0 0 1 0 0 0 1 ]
num ..... 1000
nnodes .. 12
nedges .. 36
nsols ... 516
tsecs ... 9.144476
