d13=4.115540129269 eijMax=8.159E-03 rmsd=2.145E+00 s=[ 0 0 0 0 1 0 0 1 0 1 1 0 ]
d13=4.115540129269 eijMax=8.159E-03 rmsd=2.145E+00 s=[ 0 0 0 1 0 1 1 0 1 0 0 1 ]
d13=4.117348409770 eijMax=5.748E-03 rmsd=2.148E+00 s=[ 0 0 0 0 1 0 0 1 0 1 1 0 ]
d13=4.117348409770 eijMax=5.748E-03 rmsd=2.148E+00 s=[ 0 0 0 1 0 1 1 0 1 0 0 1 ]
d13=4.119156690270 eijMax=3.379E-03 rmsd=2.151E+00 s=[ 0 0 0 0 1 0 0 1 0 1 1 0 ]
d13=4.119156690270 eijMax=3.379E-03 rmsd=2.151E+00 s=[ 0 0 0 1 0 1 1 0 1 0 0 1 ]
d13=4.120964970771 eijMax=1.052E-03 rmsd=2.153E+00 s=[ 0 0 0 0 1 0 0 1 0 1 1 0 ]
d13=4.120964970771 eijMax=1.052E-03 rmsd=2.153E+00 s=[ 0 0 0 1 0 1 1 0 1 0 0 1 ]
d13=4.122773251271 eijMax=1.235E-03 rmsd=2.156E+00 s=[ 0 0 0 0 1 0 0 1 0 1 1 0 ]
d13=4.122773251271 eijMax=1.235E-03 rmsd=2.156E+00 s=[ 0 0 0 1 0 1 1 0 1 0 0 1 ]
d13=4.124581531772 eijMax=3.484E-03 rmsd=2.159E+00 s=[ 0 0 0 0 1 0 0 1 0 1 1 0 ]
d13=4.124581531772 eijMax=3.484E-03 rmsd=2.159E+00 s=[ 0 0 0 1 0 1 1 0 1 0 0 1 ]
d13=4.126389812272 eijMax=5.695E-03 rmsd=2.161E+00 s=[ 0 0 0 0 1 0 0 1 0 1 1 0 ]
d13=4.126389812272 eijMax=5.695E-03 rmsd=2.161E+00 s=[ 0 0 0 1 0 1 1 0 1 0 0 1 ]
d13=4.128198092773 eijMax=7.869E-03 rmsd=2.163E+00 s=[ 0 0 0 0 1 0 0 1 0 1 1 0 ]
d13=4.128198092773 eijMax=9.709E-03 rmsd=2.113E+00 s=[ 0 0 0 0 1 1 0 1 0 1 1 0 ]
d13=4.128198092773 eijMax=9.709E-03 rmsd=2.113E+00 s=[ 0 0 0 1 0 0 1 0 1 0 0 1 ]
d13=4.128198092773 eijMax=7.869E-03 rmsd=2.163E+00 s=[ 0 0 0 1 0 1 1 0 1 0 0 1 ]
d13=4.130006373273 eijMax=7.158E-03 rmsd=2.116E+00 s=[ 0 0 0 0 1 1 0 1 0 1 1 0 ]
d13=4.130006373273 eijMax=7.158E-03 rmsd=2.116E+00 s=[ 0 0 0 1 0 0 1 0 1 0 0 1 ]
d13=4.131814653774 eijMax=4.655E-03 rmsd=2.119E+00 s=[ 0 0 0 0 1 1 0 1 0 1 1 0 ]
d13=4.131814653774 eijMax=4.655E-03 rmsd=2.119E+00 s=[ 0 0 0 1 0 0 1 0 1 0 0 1 ]
d13=4.133622934274 eijMax=2.199E-03 rmsd=2.122E+00 s=[ 0 0 0 0 1 1 0 1 0 1 1 0 ]
d13=4.133622934274 eijMax=2.199E-03 rmsd=2.122E+00 s=[ 0 0 0 1 0 0 1 0 1 0 0 1 ]
d13=4.135431214775 eijMax=2.132E-04 rmsd=2.125E+00 s=[ 0 0 0 0 1 1 0 1 0 1 1 0 ]
d13=4.135431214775 eijMax=2.132E-04 rmsd=2.125E+00 s=[ 0 0 0 1 0 0 1 0 1 0 0 1 ]
d13=4.137239495275 eijMax=2.582E-03 rmsd=2.128E+00 s=[ 0 0 0 0 1 1 0 1 0 1 1 0 ]
d13=4.137239495275 eijMax=2.582E-03 rmsd=2.128E+00 s=[ 0 0 0 1 0 0 1 0 1 0 0 1 ]
d13=4.139047775776 eijMax=4.909E-03 rmsd=2.131E+00 s=[ 0 0 0 0 1 1 0 1 0 1 1 0 ]
d13=4.139047775776 eijMax=4.909E-03 rmsd=2.131E+00 s=[ 0 0 0 1 0 0 1 0 1 0 0 1 ]
d13=4.140856056276 eijMax=7.195E-03 rmsd=2.134E+00 s=[ 0 0 0 0 1 1 0 1 0 1 1 0 ]
d13=4.140856056276 eijMax=7.195E-03 rmsd=2.134E+00 s=[ 0 0 0 1 0 0 1 0 1 0 0 1 ]
d13=4.142664336777 eijMax=9.443E-03 rmsd=2.136E+00 s=[ 0 0 0 0 1 1 0 1 0 1 1 0 ]
d13=4.142664336777 eijMax=9.443E-03 rmsd=2.136E+00 s=[ 0 0 0 1 0 0 1 0 1 0 0 1 ]
d13=4.218612117798 eijMax=8.932E-03 rmsd=1.894E+00 s=[ 0 0 0 0 1 0 0 0 0 1 1 0 ]
d13=4.218612117798 eijMax=8.932E-03 rmsd=1.894E+00 s=[ 0 0 0 1 0 1 1 1 1 0 0 1 ]
d13=4.220420398298 eijMax=5.986E-03 rmsd=1.898E+00 s=[ 0 0 0 0 1 0 0 0 0 1 1 0 ]
d13=4.220420398298 eijMax=5.986E-03 rmsd=1.898E+00 s=[ 0 0 0 1 0 1 1 1 1 0 0 1 ]
d13=4.222228678799 eijMax=3.109E-03 rmsd=1.902E+00 s=[ 0 0 0 0 1 0 0 0 0 1 1 0 ]
d13=4.222228678799 eijMax=3.109E-03 rmsd=1.902E+00 s=[ 0 0 0 1 0 1 1 1 1 0 0 1 ]
d13=4.224036959299 eijMax=2.976E-04 rmsd=1.905E+00 s=[ 0 0 0 0 1 0 0 0 0 1 1 0 ]
d13=4.224036959299 eijMax=2.976E-04 rmsd=1.905E+00 s=[ 0 0 0 1 0 1 1 1 1 0 0 1 ]
d13=4.225845239800 eijMax=2.451E-03 rmsd=1.909E+00 s=[ 0 0 0 0 1 0 0 0 0 1 1 0 ]
d13=4.225845239800 eijMax=2.451E-03 rmsd=1.909E+00 s=[ 0 0 0 1 0 1 1 1 1 0 0 1 ]
d13=4.227653520300 eijMax=5.141E-03 rmsd=1.913E+00 s=[ 0 0 0 0 1 0 0 0 0 1 1 0 ]
d13=4.227653520300 eijMax=5.141E-03 rmsd=1.913E+00 s=[ 0 0 0 1 0 1 1 1 1 0 0 1 ]
d13=4.229461800801 eijMax=7.773E-03 rmsd=1.916E+00 s=[ 0 0 0 0 1 0 0 0 0 1 1 0 ]
d13=4.229461800801 eijMax=7.773E-03 rmsd=1.916E+00 s=[ 0 0 0 1 0 1 1 1 1 0 0 1 ]
d13=4.236694922803 eijMax=7.932E-03 rmsd=1.857E+00 s=[ 0 0 0 0 1 1 0 0 0 1 1 0 ]
d13=4.236694922803 eijMax=7.932E-03 rmsd=1.857E+00 s=[ 0 0 0 1 0 0 1 1 1 0 0 1 ]
d13=4.238503203303 eijMax=4.799E-03 rmsd=1.862E+00 s=[ 0 0 0 0 1 1 0 0 0 1 1 0 ]
d13=4.238503203303 eijMax=4.799E-03 rmsd=1.862E+00 s=[ 0 0 0 1 0 0 1 1 1 0 0 1 ]
d13=4.240311483804 eijMax=1.747E-03 rmsd=1.866E+00 s=[ 0 0 0 0 1 1 0 0 0 1 1 0 ]
d13=4.240311483804 eijMax=1.747E-03 rmsd=1.866E+00 s=[ 0 0 0 1 0 0 1 1 1 0 0 1 ]
d13=4.242119764304 eijMax=1.228E-03 rmsd=1.870E+00 s=[ 0 0 0 0 1 1 0 0 0 1 1 0 ]
d13=4.242119764304 eijMax=1.228E-03 rmsd=1.870E+00 s=[ 0 0 0 1 0 0 1 1 1 0 0 1 ]
d13=4.243928044805 eijMax=4.130E-03 rmsd=1.874E+00 s=[ 0 0 0 0 1 1 0 0 0 1 1 0 ]
d13=4.243928044805 eijMax=4.130E-03 rmsd=1.874E+00 s=[ 0 0 0 1 0 0 1 1 1 0 0 1 ]
d13=4.245736325305 eijMax=6.963E-03 rmsd=1.878E+00 s=[ 0 0 0 0 1 1 0 0 0 1 1 0 ]
d13=4.245736325305 eijMax=6.963E-03 rmsd=1.878E+00 s=[ 0 0 0 1 0 0 1 1 1 0 0 1 ]
d13=4.247544605806 eijMax=9.731E-03 rmsd=1.882E+00 s=[ 0 0 0 0 1 1 0 0 0 1 1 0 ]
d13=4.247544605806 eijMax=9.731E-03 rmsd=1.882E+00 s=[ 0 0 0 1 0 0 1 1 1 0 0 1 ]
d13=4.705039572432 eijMax=9.745E-03 rmsd=1.888E-01 s=[ 0 0 0 0 0 1 0 1 1 1 1 0 ]
d13=4.705039572432 eijMax=9.745E-03 rmsd=1.888E-01 s=[ 0 0 0 1 1 0 1 0 0 0 0 1 ]
d13=4.712272694434 eijMax=9.006E-03 rmsd=1.721E-01 s=[ 0 0 0 0 0 0 0 1 1 1 1 0 ]
d13=4.712272694434 eijMax=9.006E-03 rmsd=1.721E-01 s=[ 0 0 0 1 1 1 1 0 0 0 0 1 ]
d13=4.723122377437 eijMax=2.570E-04 rmsd=3.523E-02 s=[ 0 0 0 0 0 1 0 0 1 1 1 0 ]
d13=4.723122377437 eijMax=2.570E-04 rmsd=3.523E-02 s=[ 0 0 0 1 1 0 1 1 0 0 0 1 ]
d13=4.728547218939 eijMax=2.723E-03 rmsd=1.111E-02 s=[ 0 0 0 0 0 0 0 0 1 1 1 0 ]
d13=4.728547218939 eijMax=2.723E-03 rmsd=1.111E-02 s=[ 0 0 0 1 1 1 1 1 0 0 0 1 ]
num ..... 1000
nnodes .. 12
nedges .. 36
nsols ... 70
tsecs ... 3.872324
