d13=4.660024234354 eijMax=3.891E-03 rmsd=6.778E-02 s=[ 0 0 0 0 1 1 1 0 0 1 1 0 ]
d13=4.660024234354 eijMax=3.891E-03 rmsd=6.778E-02 s=[ 0 0 0 1 0 0 0 1 1 0 0 1 ]
d13=4.660641791952 eijMax=6.569E-04 rmsd=1.821E-02 s=[ 0 0 0 0 1 1 1 0 0 1 1 0 ]
d13=4.660641791952 eijMax=6.569E-04 rmsd=1.821E-02 s=[ 0 0 0 1 0 0 0 1 1 0 0 1 ]
d13=4.661259349550 eijMax=2.739E-04 rmsd=1.036E-02 s=[ 0 0 0 0 1 1 1 0 0 1 1 0 ]
d13=4.661259349550 eijMax=2.739E-04 rmsd=1.036E-02 s=[ 0 0 0 1 0 0 0 1 1 0 0 1 ]
d13=4.661876907147 eijMax=4.209E-04 rmsd=3.157E-02 s=[ 0 0 0 0 1 1 1 0 0 1 1 0 ]
d13=4.661876907147 eijMax=4.209E-04 rmsd=3.157E-02 s=[ 0 0 0 1 0 0 0 1 1 0 0 1 ]
d13=4.662494464745 eijMax=1.361E-04 rmsd=4.857E-02 s=[ 0 0 0 0 1 1 1 0 0 1 1 0 ]
d13=4.662494464745 eijMax=1.361E-04 rmsd=4.857E-02 s=[ 0 0 0 1 0 0 0 1 1 0 0 1 ]
d13=4.663112022342 eijMax=4.284E-04 rmsd=6.274E-02 s=[ 0 0 0 0 1 1 1 0 0 1 1 0 ]
d13=4.663112022342 eijMax=4.284E-04 rmsd=6.274E-02 s=[ 0 0 0 1 0 0 0 1 1 0 0 1 ]
d13=4.663729579940 eijMax=1.190E-03 rmsd=7.483E-02 s=[ 0 0 0 0 1 1 1 0 0 1 1 0 ]
d13=4.663729579940 eijMax=1.190E-03 rmsd=7.483E-02 s=[ 0 0 0 1 0 0 0 1 1 0 0 1 ]
d13=4.664347137538 eijMax=2.099E-03 rmsd=8.531E-02 s=[ 0 0 0 0 1 1 1 0 0 1 1 0 ]
d13=4.664347137538 eijMax=2.099E-03 rmsd=8.531E-02 s=[ 0 0 0 1 0 0 0 1 1 0 0 1 ]
d13=4.664964695135 eijMax=3.122E-03 rmsd=9.449E-02 s=[ 0 0 0 0 1 1 1 0 0 1 1 0 ]
d13=4.664964695135 eijMax=3.122E-03 rmsd=9.449E-02 s=[ 0 0 0 1 0 0 0 1 1 0 0 1 ]
d13=4.665582252733 eijMax=4.234E-03 rmsd=1.026E-01 s=[ 0 0 0 0 1 1 1 0 0 1 1 0 ]
d13=4.665582252733 eijMax=4.234E-03 rmsd=1.026E-01 s=[ 0 0 0 1 0 0 0 1 1 0 0 1 ]
d13=4.666199810330 eijMax=5.420E-03 rmsd=1.098E-01 s=[ 0 0 0 0 1 1 1 0 0 1 1 0 ]
d13=4.666199810330 eijMax=5.420E-03 rmsd=1.098E-01 s=[ 0 0 0 1 0 0 0 1 1 0 0 1 ]
d13=4.666817367928 eijMax=6.665E-03 rmsd=1.162E-01 s=[ 0 0 0 0 1 1 1 0 0 1 1 0 ]
d13=4.666817367928 eijMax=6.665E-03 rmsd=1.162E-01 s=[ 0 0 0 1 0 0 0 1 1 0 0 1 ]
d13=4.667434925526 eijMax=7.960E-03 rmsd=1.219E-01 s=[ 0 0 0 0 1 1 1 0 0 1 1 0 ]
d13=4.667434925526 eijMax=7.960E-03 rmsd=1.219E-01 s=[ 0 0 0 1 0 0 0 1 1 0 0 1 ]
d13=4.668052483123 eijMax=9.296E-03 rmsd=1.270E-01 s=[ 0 0 0 0 1 1 1 0 0 1 1 0 ]
d13=4.668052483123 eijMax=9.296E-03 rmsd=1.270E-01 s=[ 0 0 0 1 0 0 0 1 1 0 0 1 ]
num ..... 1000
nnodes .. 12
nedges .. 36
nsols ... 28
tsecs ... 1.585593
