d13=4.335821674949 eijMax=7.854E-03 rmsd=8.860E-02 s=[ 0 0 0 0 0 0 0 0 0 0 0 1 ]
d13=4.335821674949 eijMax=6.252E-03 rmsd=1.051E-01 s=[ 0 0 0 0 0 1 0 1 0 0 0 1 ]
d13=4.335821674949 eijMax=6.252E-03 rmsd=1.051E-01 s=[ 0 0 0 1 1 0 1 0 1 1 1 0 ]
d13=4.335821674949 eijMax=7.854E-03 rmsd=8.860E-02 s=[ 0 0 0 1 1 1 1 1 1 1 1 0 ]
d13=4.346481728384 eijMax=3.950E-03 rmsd=2.461E+00 s=[ 0 0 0 0 0 0 0 0 0 1 1 0 ]
d13=4.346481728384 eijMax=5.125E-03 rmsd=2.392E+00 s=[ 0 0 0 0 0 1 0 0 0 1 1 0 ]
d13=4.346481728384 eijMax=5.125E-03 rmsd=2.392E+00 s=[ 0 0 0 1 1 0 1 1 1 0 0 1 ]
d13=4.346481728384 eijMax=3.950E-03 rmsd=2.461E+00 s=[ 0 0 0 1 1 1 1 1 1 0 0 1 ]
d13=4.357141781818 eijMax=9.526E-03 rmsd=2.546E+00 s=[ 0 0 0 0 0 0 0 1 0 1 1 0 ]
d13=4.357141781818 eijMax=5.022E-04 rmsd=2.482E+00 s=[ 0 0 0 0 0 1 0 1 0 1 1 0 ]
d13=4.357141781818 eijMax=5.022E-04 rmsd=2.482E+00 s=[ 0 0 0 1 1 0 1 0 1 0 0 1 ]
d13=4.357141781818 eijMax=9.526E-03 rmsd=2.546E+00 s=[ 0 0 0 1 1 1 1 0 1 0 0 1 ]
d13=4.367801835253 eijMax=6.246E-03 rmsd=2.471E+00 s=[ 0 0 0 0 0 0 0 1 0 1 1 0 ]
d13=4.367801835253 eijMax=6.246E-03 rmsd=2.471E+00 s=[ 0 0 0 1 1 1 1 0 1 0 0 1 ]
d13=4.453082262727 eijMax=8.617E-03 rmsd=9.808E-01 s=[ 0 0 0 0 1 1 0 0 0 0 0 1 ]
d13=4.453082262727 eijMax=8.617E-03 rmsd=9.808E-01 s=[ 0 0 0 1 0 0 1 1 1 1 1 0 ]
d13=4.463742316162 eijMax=7.230E-03 rmsd=1.042E+00 s=[ 0 0 0 0 1 0 0 0 0 0 0 1 ]
d13=4.463742316162 eijMax=5.358E-03 rmsd=1.006E+00 s=[ 0 0 0 0 1 1 0 0 0 0 0 1 ]
d13=4.463742316162 eijMax=5.358E-03 rmsd=1.006E+00 s=[ 0 0 0 1 0 0 1 1 1 1 1 0 ]
d13=4.463742316162 eijMax=7.230E-03 rmsd=1.042E+00 s=[ 0 0 0 1 0 1 1 1 1 1 1 0 ]
d13=4.474402369596 eijMax=3.440E-03 rmsd=1.062E+00 s=[ 0 0 0 0 1 0 0 0 0 0 0 1 ]
d13=4.474402369596 eijMax=1.889E-03 rmsd=1.030E+00 s=[ 0 0 0 0 1 1 0 0 0 0 0 1 ]
d13=4.474402369596 eijMax=1.889E-03 rmsd=1.030E+00 s=[ 0 0 0 1 0 0 1 1 1 1 1 0 ]
d13=4.474402369596 eijMax=3.440E-03 rmsd=1.062E+00 s=[ 0 0 0 1 0 1 1 1 1 1 1 0 ]
d13=4.485062423030 eijMax=5.558E-04 rmsd=1.080E+00 s=[ 0 0 0 0 1 0 0 0 0 0 0 1 ]
d13=4.485062423030 eijMax=1.783E-03 rmsd=1.052E+00 s=[ 0 0 0 0 1 1 0 0 0 0 0 1 ]
d13=4.485062423030 eijMax=1.783E-03 rmsd=1.052E+00 s=[ 0 0 0 1 0 0 1 1 1 1 1 0 ]
d13=4.485062423030 eijMax=5.558E-04 rmsd=1.080E+00 s=[ 0 0 0 1 0 1 1 1 1 1 1 0 ]
d13=4.495722476465 eijMax=4.751E-03 rmsd=1.097E+00 s=[ 0 0 0 0 1 0 0 0 0 0 0 1 ]
d13=4.495722476465 eijMax=5.653E-03 rmsd=1.072E+00 s=[ 0 0 0 0 1 1 0 0 0 0 0 1 ]
d13=4.495722476465 eijMax=5.653E-03 rmsd=1.072E+00 s=[ 0 0 0 1 0 0 1 1 1 1 1 0 ]
d13=4.495722476465 eijMax=4.751E-03 rmsd=1.097E+00 s=[ 0 0 0 1 0 1 1 1 1 1 1 0 ]
d13=4.506382529899 eijMax=9.140E-03 rmsd=1.113E+00 s=[ 0 0 0 0 1 0 0 0 0 0 0 1 ]
d13=4.506382529899 eijMax=9.342E-03 rmsd=1.266E+00 s=[ 0 0 0 0 1 0 0 1 0 0 0 1 ]
d13=4.506382529899 eijMax=9.716E-03 rmsd=1.092E+00 s=[ 0 0 0 0 1 1 0 0 0 0 0 1 ]
d13=4.506382529899 eijMax=8.884E-03 rmsd=1.245E+00 s=[ 0 0 0 0 1 1 0 1 0 0 0 1 ]
d13=4.506382529899 eijMax=8.884E-03 rmsd=1.245E+00 s=[ 0 0 0 1 0 0 1 0 1 1 1 0 ]
d13=4.506382529899 eijMax=9.716E-03 rmsd=1.092E+00 s=[ 0 0 0 1 0 0 1 1 1 1 1 0 ]
d13=4.506382529899 eijMax=9.342E-03 rmsd=1.266E+00 s=[ 0 0 0 1 0 1 1 0 1 1 1 0 ]
d13=4.506382529899 eijMax=9.140E-03 rmsd=1.113E+00 s=[ 0 0 0 1 0 1 1 1 1 1 1 0 ]
d13=4.517042583333 eijMax=5.377E-03 rmsd=1.279E+00 s=[ 0 0 0 0 1 0 0 1 0 0 0 1 ]
d13=4.517042583333 eijMax=5.177E-03 rmsd=1.262E+00 s=[ 0 0 0 0 1 1 0 1 0 0 0 1 ]
d13=4.517042583333 eijMax=5.177E-03 rmsd=1.262E+00 s=[ 0 0 0 1 0 0 1 0 1 1 1 0 ]
d13=4.517042583333 eijMax=5.377E-03 rmsd=1.279E+00 s=[ 0 0 0 1 0 1 1 0 1 1 1 0 ]
d13=4.527702636768 eijMax=1.226E-03 rmsd=1.293E+00 s=[ 0 0 0 0 1 0 0 1 0 0 0 1 ]
d13=4.527702636768 eijMax=1.288E-03 rmsd=1.278E+00 s=[ 0 0 0 0 1 1 0 1 0 0 0 1 ]
d13=4.527702636768 eijMax=1.288E-03 rmsd=1.278E+00 s=[ 0 0 0 1 0 0 1 0 1 1 1 0 ]
d13=4.527702636768 eijMax=1.226E-03 rmsd=1.293E+00 s=[ 0 0 0 1 0 1 1 0 1 1 1 0 ]
d13=4.538362690202 eijMax=3.108E-03 rmsd=1.305E+00 s=[ 0 0 0 0 1 0 0 1 0 0 0 1 ]
d13=4.538362690202 eijMax=2.780E-03 rmsd=1.294E+00 s=[ 0 0 0 0 1 1 0 1 0 0 0 1 ]
d13=4.538362690202 eijMax=2.780E-03 rmsd=1.294E+00 s=[ 0 0 0 1 0 0 1 0 1 1 1 0 ]
d13=4.538362690202 eijMax=3.108E-03 rmsd=1.305E+00 s=[ 0 0 0 1 0 1 1 0 1 1 1 0 ]
d13=4.549022743636 eijMax=7.624E-03 rmsd=1.318E+00 s=[ 0 0 0 0 1 0 0 1 0 0 0 1 ]
d13=4.549022743636 eijMax=7.029E-03 rmsd=1.308E+00 s=[ 0 0 0 0 1 1 0 1 0 0 0 1 ]
d13=4.549022743636 eijMax=7.029E-03 rmsd=1.308E+00 s=[ 0 0 0 1 0 0 1 0 1 1 1 0 ]
d13=4.549022743636 eijMax=7.624E-03 rmsd=1.318E+00 s=[ 0 0 0 1 0 1 1 0 1 1 1 0 ]
d13=4.559682797071 eijMax=3.356E-03 rmsd=1.920E+00 s=[ 0 0 0 0 0 1 1 1 0 0 0 1 ]
d13=4.559682797071 eijMax=7.202E-03 rmsd=3.447E+00 s=[ 0 0 0 0 1 0 0 0 0 1 1 0 ]
d13=4.559682797071 eijMax=8.099E-03 rmsd=3.444E+00 s=[ 0 0 0 0 1 1 0 0 0 1 1 0 ]
d13=4.559682797071 eijMax=8.099E-03 rmsd=3.444E+00 s=[ 0 0 0 1 0 0 1 1 1 0 0 1 ]
d13=4.559682797071 eijMax=7.202E-03 rmsd=3.447E+00 s=[ 0 0 0 1 0 1 1 1 1 0 0 1 ]
d13=4.559682797071 eijMax=3.356E-03 rmsd=1.920E+00 s=[ 0 0 0 1 1 0 0 0 1 1 1 0 ]
d13=4.570342850505 eijMax=3.082E-03 rmsd=1.944E+00 s=[ 0 0 0 0 0 0 1 1 0 0 0 1 ]
d13=4.570342850505 eijMax=9.076E-03 rmsd=1.899E+00 s=[ 0 0 0 0 0 1 1 1 0 0 0 1 ]
d13=4.570342850505 eijMax=2.684E-03 rmsd=3.453E+00 s=[ 0 0 0 0 1 0 0 0 0 1 1 0 ]
d13=4.570342850505 eijMax=3.788E-03 rmsd=3.452E+00 s=[ 0 0 0 0 1 1 0 0 0 1 1 0 ]
d13=4.570342850505 eijMax=3.788E-03 rmsd=3.452E+00 s=[ 0 0 0 1 0 0 1 1 1 0 0 1 ]
d13=4.570342850505 eijMax=2.684E-03 rmsd=3.453E+00 s=[ 0 0 0 1 0 1 1 1 1 0 0 1 ]
d13=4.570342850505 eijMax=9.076E-03 rmsd=1.899E+00 s=[ 0 0 0 1 1 0 0 0 1 1 1 0 ]
d13=4.570342850505 eijMax=3.082E-03 rmsd=1.944E+00 s=[ 0 0 0 1 1 1 0 0 1 1 1 0 ]
d13=4.581002903939 eijMax=8.822E-03 rmsd=1.926E+00 s=[ 0 0 0 0 0 0 1 1 0 0 0 1 ]
d13=4.581002903939 eijMax=1.697E-03 rmsd=3.459E+00 s=[ 0 0 0 0 1 0 0 0 0 1 1 0 ]
d13=4.581002903939 eijMax=4.175E-04 rmsd=3.460E+00 s=[ 0 0 0 0 1 1 0 0 0 1 1 0 ]
d13=4.581002903939 eijMax=4.175E-04 rmsd=3.460E+00 s=[ 0 0 0 1 0 0 1 1 1 0 0 1 ]
d13=4.581002903939 eijMax=1.697E-03 rmsd=3.459E+00 s=[ 0 0 0 1 0 1 1 1 1 0 0 1 ]
d13=4.581002903939 eijMax=8.822E-03 rmsd=1.926E+00 s=[ 0 0 0 1 1 1 0 0 1 1 1 0 ]
d13=4.591662957374 eijMax=9.188E-03 rmsd=2.054E+00 s=[ 0 0 0 0 0 0 1 0 0 0 0 1 ]
d13=4.591662957374 eijMax=1.516E-04 rmsd=2.015E+00 s=[ 0 0 0 0 0 1 1 0 0 0 0 1 ]
d13=4.591662957374 eijMax=2.417E-03 rmsd=3.592E+00 s=[ 0 0 0 0 0 1 1 1 0 1 1 0 ]
d13=4.591662957374 eijMax=5.938E-03 rmsd=3.465E+00 s=[ 0 0 0 0 1 0 0 0 0 1 1 0 ]
d13=4.591662957374 eijMax=4.510E-03 rmsd=3.467E+00 s=[ 0 0 0 0 1 1 0 0 0 1 1 0 ]
d13=4.591662957374 eijMax=4.510E-03 rmsd=3.467E+00 s=[ 0 0 0 1 0 0 1 1 1 0 0 1 ]
d13=4.591662957374 eijMax=5.938E-03 rmsd=3.465E+00 s=[ 0 0 0 1 0 1 1 1 1 0 0 1 ]
d13=4.591662957374 eijMax=2.417E-03 rmsd=3.592E+00 s=[ 0 0 0 1 1 0 0 0 1 0 0 1 ]
d13=4.591662957374 eijMax=1.516E-04 rmsd=2.015E+00 s=[ 0 0 0 1 1 0 0 1 1 1 1 0 ]
d13=4.591662957374 eijMax=9.188E-03 rmsd=2.054E+00 s=[ 0 0 0 1 1 1 0 1 1 1 1 0 ]
d13=4.602323010808 eijMax=6.745E-04 rmsd=2.040E+00 s=[ 0 0 0 0 0 0 1 0 0 0 0 1 ]
d13=4.602323010808 eijMax=3.762E-03 rmsd=3.627E+00 s=[ 0 0 0 0 0 0 1 1 0 1 1 0 ]
d13=4.602323010808 eijMax=8.017E-03 rmsd=3.597E+00 s=[ 0 0 0 0 1 0 0 1 0 1 1 0 ]
d13=4.602323010808 eijMax=8.485E-03 rmsd=3.474E+00 s=[ 0 0 0 0 1 1 0 0 0 1 1 0 ]
d13=4.602323010808 eijMax=9.711E-03 rmsd=3.600E+00 s=[ 0 0 0 0 1 1 0 1 0 1 1 0 ]
d13=4.602323010808 eijMax=9.711E-03 rmsd=3.600E+00 s=[ 0 0 0 1 0 0 1 0 1 0 0 1 ]
d13=4.602323010808 eijMax=8.485E-03 rmsd=3.474E+00 s=[ 0 0 0 1 0 0 1 1 1 0 0 1 ]
d13=4.602323010808 eijMax=8.017E-03 rmsd=3.597E+00 s=[ 0 0 0 1 0 1 1 0 1 0 0 1 ]
d13=4.602323010808 eijMax=3.762E-03 rmsd=3.627E+00 s=[ 0 0 0 1 1 1 0 0 1 0 0 1 ]
d13=4.602323010808 eijMax=6.745E-04 rmsd=2.040E+00 s=[ 0 0 0 1 1 1 0 1 1 1 1 0 ]
d13=4.612983064242 eijMax=9.148E-03 rmsd=3.582E+00 s=[ 0 0 0 0 0 0 1 1 0 1 1 0 ]
d13=4.612983064242 eijMax=3.357E-03 rmsd=3.602E+00 s=[ 0 0 0 0 1 0 0 1 0 1 1 0 ]
d13=4.612983064242 eijMax=5.172E-03 rmsd=3.606E+00 s=[ 0 0 0 0 1 1 0 1 0 1 1 0 ]
d13=4.612983064242 eijMax=5.172E-03 rmsd=3.606E+00 s=[ 0 0 0 1 0 0 1 0 1 0 0 1 ]
d13=4.612983064242 eijMax=3.357E-03 rmsd=3.602E+00 s=[ 0 0 0 1 0 1 1 0 1 0 0 1 ]
d13=4.612983064242 eijMax=9.148E-03 rmsd=3.582E+00 s=[ 0 0 0 1 1 1 0 0 1 0 0 1 ]
d13=4.623643117677 eijMax=1.710E-03 rmsd=3.696E+00 s=[ 0 0 0 0 0 1 1 0 0 1 1 0 ]
d13=4.623643117677 eijMax=1.157E-03 rmsd=3.607E+00 s=[ 0 0 0 0 1 0 0 1 0 1 1 0 ]
d13=4.623643117677 eijMax=7.559E-04 rmsd=3.612E+00 s=[ 0 0 0 0 1 1 0 1 0 1 1 0 ]
d13=4.623643117677 eijMax=7.559E-04 rmsd=3.612E+00 s=[ 0 0 0 1 0 0 1 0 1 0 0 1 ]
d13=4.623643117677 eijMax=1.157E-03 rmsd=3.607E+00 s=[ 0 0 0 1 0 1 1 0 1 0 0 1 ]
d13=4.623643117677 eijMax=1.710E-03 rmsd=3.696E+00 s=[ 0 0 0 1 1 0 0 1 1 0 0 1 ]
d13=4.634303171111 eijMax=2.563E-03 rmsd=3.728E+00 s=[ 0 0 0 0 0 0 1 0 0 1 1 0 ]
d13=4.634303171111 eijMax=5.523E-03 rmsd=3.611E+00 s=[ 0 0 0 0 1 0 0 1 0 1 1 0 ]
d13=4.634303171111 eijMax=3.533E-03 rmsd=3.618E+00 s=[ 0 0 0 0 1 1 0 1 0 1 1 0 ]
d13=4.634303171111 eijMax=3.533E-03 rmsd=3.618E+00 s=[ 0 0 0 1 0 0 1 0 1 0 0 1 ]
d13=4.634303171111 eijMax=5.523E-03 rmsd=3.611E+00 s=[ 0 0 0 1 0 1 1 0 1 0 0 1 ]
d13=4.634303171111 eijMax=2.563E-03 rmsd=3.728E+00 s=[ 0 0 0 1 1 1 0 1 1 0 0 1 ]
d13=4.644963224545 eijMax=9.434E-03 rmsd=3.688E+00 s=[ 0 0 0 0 0 0 1 0 0 1 1 0 ]
d13=4.644963224545 eijMax=9.739E-03 rmsd=3.615E+00 s=[ 0 0 0 0 1 0 0 1 0 1 1 0 ]
d13=4.644963224545 eijMax=7.692E-03 rmsd=3.623E+00 s=[ 0 0 0 0 1 1 0 1 0 1 1 0 ]
d13=4.644963224545 eijMax=7.692E-03 rmsd=3.623E+00 s=[ 0 0 0 1 0 0 1 0 1 0 0 1 ]
d13=4.644963224545 eijMax=9.739E-03 rmsd=3.615E+00 s=[ 0 0 0 1 0 1 1 0 1 0 0 1 ]
d13=4.644963224545 eijMax=9.434E-03 rmsd=3.688E+00 s=[ 0 0 0 1 1 1 0 1 1 0 0 1 ]
d13=4.687603438283 eijMax=8.944E-03 rmsd=2.327E+00 s=[ 0 0 0 0 1 0 1 0 0 0 0 1 ]
d13=4.687603438283 eijMax=7.102E-03 rmsd=2.284E+00 s=[ 0 0 0 0 1 1 1 0 0 0 0 1 ]
d13=4.687603438283 eijMax=7.102E-03 rmsd=2.284E+00 s=[ 0 0 0 1 0 0 0 1 1 1 1 0 ]
d13=4.687603438283 eijMax=8.944E-03 rmsd=2.327E+00 s=[ 0 0 0 1 0 1 0 1 1 1 1 0 ]
d13=4.698263491717 eijMax=5.623E-03 rmsd=2.347E+00 s=[ 0 0 0 0 1 0 1 0 0 0 0 1 ]
d13=4.698263491717 eijMax=7.919E-03 rmsd=2.368E+00 s=[ 0 0 0 0 1 0 1 1 0 0 0 1 ]
d13=4.698263491717 eijMax=3.844E-03 rmsd=2.305E+00 s=[ 0 0 0 0 1 1 1 0 0 0 0 1 ]
d13=4.698263491717 eijMax=7.420E-03 rmsd=2.336E+00 s=[ 0 0 0 0 1 1 1 1 0 0 0 1 ]
d13=4.698263491717 eijMax=7.420E-03 rmsd=2.336E+00 s=[ 0 0 0 1 0 0 0 0 1 1 1 0 ]
d13=4.698263491717 eijMax=3.844E-03 rmsd=2.305E+00 s=[ 0 0 0 1 0 0 0 1 1 1 1 0 ]
d13=4.698263491717 eijMax=7.919E-03 rmsd=2.368E+00 s=[ 0 0 0 1 0 1 0 0 1 1 1 0 ]
d13=4.698263491717 eijMax=5.623E-03 rmsd=2.347E+00 s=[ 0 0 0 1 0 1 0 1 1 1 1 0 ]
d13=4.708923545152 eijMax=2.168E-03 rmsd=2.366E+00 s=[ 0 0 0 0 1 0 1 0 0 0 0 1 ]
d13=4.708923545152 eijMax=4.131E-03 rmsd=2.384E+00 s=[ 0 0 0 0 1 0 1 1 0 0 0 1 ]
d13=4.708923545152 eijMax=4.684E-04 rmsd=2.326E+00 s=[ 0 0 0 0 1 1 1 0 0 0 0 1 ]
d13=4.708923545152 eijMax=3.777E-03 rmsd=2.353E+00 s=[ 0 0 0 0 1 1 1 1 0 0 0 1 ]
d13=4.708923545152 eijMax=3.777E-03 rmsd=2.353E+00 s=[ 0 0 0 1 0 0 0 0 1 1 1 0 ]
d13=4.708923545152 eijMax=4.684E-04 rmsd=2.326E+00 s=[ 0 0 0 1 0 0 0 1 1 1 1 0 ]
d13=4.708923545152 eijMax=4.131E-03 rmsd=2.384E+00 s=[ 0 0 0 1 0 1 0 0 1 1 1 0 ]
d13=4.708923545152 eijMax=2.168E-03 rmsd=2.366E+00 s=[ 0 0 0 1 0 1 0 1 1 1 1 0 ]
d13=4.719583598586 eijMax=1.427E-03 rmsd=2.385E+00 s=[ 0 0 0 0 1 0 1 0 0 0 0 1 ]
d13=4.719583598586 eijMax=1.598E-04 rmsd=2.400E+00 s=[ 0 0 0 0 1 0 1 1 0 0 0 1 ]
d13=4.719583598586 eijMax=3.029E-03 rmsd=2.346E+00 s=[ 0 0 0 0 1 1 1 0 0 0 0 1 ]
d13=4.719583598586 eijMax=2.968E-05 rmsd=2.371E+00 s=[ 0 0 0 0 1 1 1 1 0 0 0 1 ]
d13=4.719583598586 eijMax=2.968E-05 rmsd=2.371E+00 s=[ 0 0 0 1 0 0 0 0 1 1 1 0 ]
d13=4.719583598586 eijMax=3.029E-03 rmsd=2.346E+00 s=[ 0 0 0 1 0 0 0 1 1 1 1 0 ]
d13=4.719583598586 eijMax=1.598E-04 rmsd=2.400E+00 s=[ 0 0 0 1 0 1 0 0 1 1 1 0 ]
d13=4.719583598586 eijMax=1.427E-03 rmsd=2.385E+00 s=[ 0 0 0 1 0 1 0 1 1 1 1 0 ]
d13=4.730243652020 eijMax=5.170E-03 rmsd=2.405E+00 s=[ 0 0 0 0 1 0 1 0 0 0 0 1 ]
d13=4.730243652020 eijMax=4.006E-03 rmsd=2.417E+00 s=[ 0 0 0 0 1 0 1 1 0 0 0 1 ]
d13=4.730243652020 eijMax=6.655E-03 rmsd=2.367E+00 s=[ 0 0 0 0 1 1 1 0 0 0 0 1 ]
d13=4.730243652020 eijMax=4.008E-03 rmsd=2.389E+00 s=[ 0 0 0 0 1 1 1 1 0 0 0 1 ]
d13=4.730243652020 eijMax=4.008E-03 rmsd=2.389E+00 s=[ 0 0 0 1 0 0 0 0 1 1 1 0 ]
d13=4.730243652020 eijMax=6.655E-03 rmsd=2.367E+00 s=[ 0 0 0 1 0 0 0 1 1 1 1 0 ]
d13=4.730243652020 eijMax=4.006E-03 rmsd=2.417E+00 s=[ 0 0 0 1 0 1 0 0 1 1 1 0 ]
d13=4.730243652020 eijMax=5.170E-03 rmsd=2.405E+00 s=[ 0 0 0 1 0 1 0 1 1 1 1 0 ]
d13=4.740903705455 eijMax=9.069E-03 rmsd=2.424E+00 s=[ 0 0 0 0 1 0 1 0 0 0 0 1 ]
d13=4.740903705455 eijMax=8.377E-03 rmsd=2.433E+00 s=[ 0 0 0 0 1 0 1 1 0 0 0 1 ]
d13=4.740903705455 eijMax=8.170E-03 rmsd=2.407E+00 s=[ 0 0 0 0 1 1 1 1 0 0 0 1 ]
d13=4.740903705455 eijMax=8.170E-03 rmsd=2.407E+00 s=[ 0 0 0 1 0 0 0 0 1 1 1 0 ]
d13=4.740903705455 eijMax=8.377E-03 rmsd=2.433E+00 s=[ 0 0 0 1 0 1 0 0 1 1 1 0 ]
d13=4.740903705455 eijMax=9.069E-03 rmsd=2.424E+00 s=[ 0 0 0 1 0 1 0 1 1 1 1 0 ]
d13=4.794203972626 eijMax=9.412E-03 rmsd=4.347E+00 s=[ 0 0 0 0 1 0 1 0 0 1 1 0 ]
d13=4.794203972626 eijMax=7.177E-03 rmsd=4.333E+00 s=[ 0 0 0 0 1 0 1 1 0 1 1 0 ]
d13=4.794203972626 eijMax=9.129E-03 rmsd=4.330E+00 s=[ 0 0 0 0 1 1 1 0 0 1 1 0 ]
d13=4.794203972626 eijMax=8.597E-03 rmsd=4.325E+00 s=[ 0 0 0 0 1 1 1 1 0 1 1 0 ]
d13=4.794203972626 eijMax=8.597E-03 rmsd=4.325E+00 s=[ 0 0 0 1 0 0 0 0 1 0 0 1 ]
d13=4.794203972626 eijMax=9.129E-03 rmsd=4.330E+00 s=[ 0 0 0 1 0 0 0 1 1 0 0 1 ]
d13=4.794203972626 eijMax=7.177E-03 rmsd=4.333E+00 s=[ 0 0 0 1 0 1 0 0 1 0 0 1 ]
d13=4.794203972626 eijMax=9.412E-03 rmsd=4.347E+00 s=[ 0 0 0 1 0 1 0 1 1 0 0 1 ]
d13=4.804864026061 eijMax=5.072E-03 rmsd=4.357E+00 s=[ 0 0 0 0 1 0 1 0 0 1 1 0 ]
d13=4.804864026061 eijMax=2.255E-03 rmsd=4.340E+00 s=[ 0 0 0 0 1 0 1 1 0 1 1 0 ]
d13=4.804864026061 eijMax=5.040E-03 rmsd=4.342E+00 s=[ 0 0 0 0 1 1 1 0 0 1 1 0 ]
d13=4.804864026061 eijMax=3.892E-03 rmsd=4.334E+00 s=[ 0 0 0 0 1 1 1 1 0 1 1 0 ]
d13=4.804864026061 eijMax=3.892E-03 rmsd=4.334E+00 s=[ 0 0 0 1 0 0 0 0 1 0 0 1 ]
d13=4.804864026061 eijMax=5.040E-03 rmsd=4.342E+00 s=[ 0 0 0 1 0 0 0 1 1 0 0 1 ]
d13=4.804864026061 eijMax=2.255E-03 rmsd=4.340E+00 s=[ 0 0 0 1 0 1 0 0 1 0 0 1 ]
d13=4.804864026061 eijMax=5.072E-03 rmsd=4.357E+00 s=[ 0 0 0 1 0 1 0 1 1 0 0 1 ]
d13=4.815524079495 eijMax=7.641E-04 rmsd=4.367E+00 s=[ 0 0 0 0 1 0 1 0 0 1 1 0 ]
d13=4.815524079495 eijMax=2.624E-03 rmsd=4.347E+00 s=[ 0 0 0 0 1 0 1 1 0 1 1 0 ]
d13=4.815524079495 eijMax=9.797E-04 rmsd=4.354E+00 s=[ 0 0 0 0 1 1 1 0 0 1 1 0 ]
d13=4.815524079495 eijMax=7.787E-04 rmsd=4.342E+00 s=[ 0 0 0 0 1 1 1 1 0 1 1 0 ]
d13=4.815524079495 eijMax=7.787E-04 rmsd=4.342E+00 s=[ 0 0 0 1 0 0 0 0 1 0 0 1 ]
d13=4.815524079495 eijMax=9.797E-04 rmsd=4.354E+00 s=[ 0 0 0 1 0 0 0 1 1 0 0 1 ]
d13=4.815524079495 eijMax=2.624E-03 rmsd=4.347E+00 s=[ 0 0 0 1 0 1 0 0 1 0 0 1 ]
d13=4.815524079495 eijMax=7.641E-04 rmsd=4.367E+00 s=[ 0 0 0 1 0 1 0 1 1 0 0 1 ]
d13=4.826184132929 eijMax=3.517E-03 rmsd=4.377E+00 s=[ 0 0 0 0 1 0 1 0 0 1 1 0 ]
d13=4.826184132929 eijMax=7.462E-03 rmsd=4.352E+00 s=[ 0 0 0 0 1 0 1 1 0 1 1 0 ]
d13=4.826184132929 eijMax=3.058E-03 rmsd=4.366E+00 s=[ 0 0 0 0 1 1 1 0 0 1 1 0 ]
d13=4.826184132929 eijMax=5.421E-03 rmsd=4.350E+00 s=[ 0 0 0 0 1 1 1 1 0 1 1 0 ]
d13=4.826184132929 eijMax=5.421E-03 rmsd=4.350E+00 s=[ 0 0 0 1 0 0 0 0 1 0 0 1 ]
d13=4.826184132929 eijMax=3.058E-03 rmsd=4.366E+00 s=[ 0 0 0 1 0 0 0 1 1 0 0 1 ]
d13=4.826184132929 eijMax=7.462E-03 rmsd=4.352E+00 s=[ 0 0 0 1 0 1 0 0 1 0 0 1 ]
d13=4.826184132929 eijMax=3.517E-03 rmsd=4.377E+00 s=[ 0 0 0 1 0 1 0 1 1 0 0 1 ]
d13=4.836844186364 eijMax=7.778E-03 rmsd=4.386E+00 s=[ 0 0 0 0 1 0 1 0 0 1 1 0 ]
d13=4.836844186364 eijMax=7.080E-03 rmsd=4.376E+00 s=[ 0 0 0 0 1 1 1 0 0 1 1 0 ]
d13=4.836844186364 eijMax=7.080E-03 rmsd=4.376E+00 s=[ 0 0 0 1 0 0 0 1 1 0 0 1 ]
d13=4.836844186364 eijMax=7.778E-03 rmsd=4.386E+00 s=[ 0 0 0 1 0 1 0 1 1 0 0 1 ]
num ..... 100
nnodes .. 12
nedges .. 36
nsols ... 198
tsecs ... 1.309471
