d13=4.157620392012 eijMax=3.028E-03 rmsd=3.905E-01 s=[ 0 0 0 0 1 0 1 0 0 1 0 0 ]
d13=4.157620392012 eijMax=3.028E-03 rmsd=3.905E-01 s=[ 0 0 0 1 0 1 0 1 1 0 1 1 ]
d13=4.159563236837 eijMax=1.093E-04 rmsd=3.127E-01 s=[ 0 0 0 0 1 0 1 0 0 1 0 0 ]
d13=4.159563236837 eijMax=1.093E-04 rmsd=3.127E-01 s=[ 0 0 0 1 0 1 0 1 1 0 1 1 ]
d13=4.161506081662 eijMax=1.703E-03 rmsd=2.687E-01 s=[ 0 0 0 0 1 0 1 0 0 1 0 0 ]
d13=4.161506081662 eijMax=9.718E-03 rmsd=4.150E-01 s=[ 0 0 0 0 1 0 1 1 0 1 0 0 ]
d13=4.161506081662 eijMax=8.127E-03 rmsd=4.614E-01 s=[ 0 0 0 0 1 1 1 0 0 1 0 0 ]
d13=4.161506081662 eijMax=8.127E-03 rmsd=4.614E-01 s=[ 0 0 0 1 0 0 0 1 1 0 1 1 ]
d13=4.161506081662 eijMax=9.718E-03 rmsd=4.150E-01 s=[ 0 0 0 1 0 1 0 0 1 0 1 1 ]
d13=4.161506081662 eijMax=1.703E-03 rmsd=2.687E-01 s=[ 0 0 0 1 0 1 0 1 1 0 1 1 ]
d13=4.163448926486 eijMax=2.770E-03 rmsd=2.371E-01 s=[ 0 0 0 0 1 0 1 0 0 1 0 0 ]
d13=4.163448926486 eijMax=8.111E-03 rmsd=3.744E-01 s=[ 0 0 0 0 1 0 1 1 0 1 0 0 ]
d13=4.163448926486 eijMax=5.842E-03 rmsd=4.090E-01 s=[ 0 0 0 0 1 1 1 0 0 1 0 0 ]
d13=4.163448926486 eijMax=5.842E-03 rmsd=4.090E-01 s=[ 0 0 0 1 0 0 0 1 1 0 1 1 ]
d13=4.163448926486 eijMax=8.111E-03 rmsd=3.744E-01 s=[ 0 0 0 1 0 1 0 0 1 0 1 1 ]
d13=4.163448926486 eijMax=2.770E-03 rmsd=2.371E-01 s=[ 0 0 0 1 0 1 0 1 1 0 1 1 ]
d13=4.165391771311 eijMax=3.559E-03 rmsd=2.126E-01 s=[ 0 0 0 0 1 0 1 0 0 1 0 0 ]
d13=4.165391771311 eijMax=6.893E-03 rmsd=3.413E-01 s=[ 0 0 0 0 1 0 1 1 0 1 0 0 ]
d13=4.165391771311 eijMax=4.201E-03 rmsd=3.682E-01 s=[ 0 0 0 0 1 1 1 0 0 1 0 0 ]
d13=4.165391771311 eijMax=4.201E-03 rmsd=3.682E-01 s=[ 0 0 0 1 0 0 0 1 1 0 1 1 ]
d13=4.165391771311 eijMax=6.893E-03 rmsd=3.413E-01 s=[ 0 0 0 1 0 1 0 0 1 0 1 1 ]
d13=4.165391771311 eijMax=3.559E-03 rmsd=2.126E-01 s=[ 0 0 0 1 0 1 0 1 1 0 1 1 ]
d13=4.167334616136 eijMax=4.175E-03 rmsd=1.929E-01 s=[ 0 0 0 0 1 0 1 0 0 1 0 0 ]
d13=4.167334616136 eijMax=5.922E-03 rmsd=3.129E-01 s=[ 0 0 0 0 1 0 1 1 0 1 0 0 ]
d13=4.167334616136 eijMax=2.941E-03 rmsd=3.347E-01 s=[ 0 0 0 0 1 1 1 0 0 1 0 0 ]
d13=4.167334616136 eijMax=2.941E-03 rmsd=3.347E-01 s=[ 0 0 0 1 0 0 0 1 1 0 1 1 ]
d13=4.167334616136 eijMax=5.922E-03 rmsd=3.129E-01 s=[ 0 0 0 1 0 1 0 0 1 0 1 1 ]
d13=4.167334616136 eijMax=4.175E-03 rmsd=1.929E-01 s=[ 0 0 0 1 0 1 0 1 1 0 1 1 ]
d13=4.169277460961 eijMax=4.671E-03 rmsd=1.769E-01 s=[ 0 0 0 0 1 0 1 0 0 1 0 0 ]
d13=4.169277460961 eijMax=5.124E-03 rmsd=2.879E-01 s=[ 0 0 0 0 1 0 1 1 0 1 0 0 ]
d13=4.169277460961 eijMax=1.935E-03 rmsd=3.062E-01 s=[ 0 0 0 0 1 1 1 0 0 1 0 0 ]
d13=4.169277460961 eijMax=1.935E-03 rmsd=3.062E-01 s=[ 0 0 0 1 0 0 0 1 1 0 1 1 ]
d13=4.169277460961 eijMax=5.124E-03 rmsd=2.879E-01 s=[ 0 0 0 1 0 1 0 0 1 0 1 1 ]
d13=4.169277460961 eijMax=4.671E-03 rmsd=1.769E-01 s=[ 0 0 0 1 0 1 0 1 1 0 1 1 ]
d13=4.171220305786 eijMax=5.080E-03 rmsd=1.638E-01 s=[ 0 0 0 0 1 0 1 0 0 1 0 0 ]
d13=4.171220305786 eijMax=4.453E-03 rmsd=2.656E-01 s=[ 0 0 0 0 1 0 1 1 0 1 0 0 ]
d13=4.171220305786 eijMax=1.107E-03 rmsd=2.814E-01 s=[ 0 0 0 0 1 1 1 0 0 1 0 0 ]
d13=4.171220305786 eijMax=1.107E-03 rmsd=2.814E-01 s=[ 0 0 0 1 0 0 0 1 1 0 1 1 ]
d13=4.171220305786 eijMax=4.453E-03 rmsd=2.656E-01 s=[ 0 0 0 1 0 1 0 0 1 0 1 1 ]
d13=4.171220305786 eijMax=5.080E-03 rmsd=1.638E-01 s=[ 0 0 0 1 0 1 0 1 1 0 1 1 ]
d13=4.173163150611 eijMax=5.422E-03 rmsd=1.531E-01 s=[ 0 0 0 0 1 0 1 0 0 1 0 0 ]
d13=4.173163150611 eijMax=3.880E-03 rmsd=2.453E-01 s=[ 0 0 0 0 1 0 1 1 0 1 0 0 ]
d13=4.173163150611 eijMax=4.127E-04 rmsd=2.594E-01 s=[ 0 0 0 0 1 1 1 0 0 1 0 0 ]
d13=4.173163150611 eijMax=4.127E-04 rmsd=2.594E-01 s=[ 0 0 0 1 0 0 0 1 1 0 1 1 ]
d13=4.173163150611 eijMax=3.880E-03 rmsd=2.453E-01 s=[ 0 0 0 1 0 1 0 0 1 0 1 1 ]
d13=4.173163150611 eijMax=5.422E-03 rmsd=1.531E-01 s=[ 0 0 0 1 0 1 0 1 1 0 1 1 ]
d13=4.175105995435 eijMax=5.712E-03 rmsd=1.447E-01 s=[ 0 0 0 0 1 0 1 0 0 1 0 0 ]
d13=4.175105995435 eijMax=3.386E-03 rmsd=2.266E-01 s=[ 0 0 0 0 1 0 1 1 0 1 0 0 ]
d13=4.175105995435 eijMax=1.780E-04 rmsd=2.398E-01 s=[ 0 0 0 0 1 1 1 0 0 1 0 0 ]
d13=4.175105995435 eijMax=1.780E-04 rmsd=2.398E-01 s=[ 0 0 0 1 0 0 0 1 1 0 1 1 ]
d13=4.175105995435 eijMax=3.386E-03 rmsd=2.266E-01 s=[ 0 0 0 1 0 1 0 0 1 0 1 1 ]
d13=4.175105995435 eijMax=5.712E-03 rmsd=1.447E-01 s=[ 0 0 0 1 0 1 0 1 1 0 1 1 ]
d13=4.177048840260 eijMax=5.959E-03 rmsd=1.381E-01 s=[ 0 0 0 0 1 0 1 0 0 1 0 0 ]
d13=4.177048840260 eijMax=2.955E-03 rmsd=2.094E-01 s=[ 0 0 0 0 1 0 1 1 0 1 0 0 ]
d13=4.177048840260 eijMax=6.867E-04 rmsd=2.221E-01 s=[ 0 0 0 0 1 1 1 0 0 1 0 0 ]
d13=4.177048840260 eijMax=6.867E-04 rmsd=2.221E-01 s=[ 0 0 0 1 0 0 0 1 1 0 1 1 ]
d13=4.177048840260 eijMax=2.955E-03 rmsd=2.094E-01 s=[ 0 0 0 1 0 1 0 0 1 0 1 1 ]
d13=4.177048840260 eijMax=5.959E-03 rmsd=1.381E-01 s=[ 0 0 0 1 0 1 0 1 1 0 1 1 ]
d13=4.178991685085 eijMax=6.171E-03 rmsd=1.333E-01 s=[ 0 0 0 0 1 0 1 0 0 1 0 0 ]
d13=4.178991685085 eijMax=2.576E-03 rmsd=1.932E-01 s=[ 0 0 0 0 1 0 1 1 0 1 0 0 ]
d13=4.178991685085 eijMax=1.128E-03 rmsd=2.062E-01 s=[ 0 0 0 0 1 1 1 0 0 1 0 0 ]
d13=4.178991685085 eijMax=1.128E-03 rmsd=2.062E-01 s=[ 0 0 0 1 0 0 0 1 1 0 1 1 ]
d13=4.178991685085 eijMax=2.576E-03 rmsd=1.932E-01 s=[ 0 0 0 1 0 1 0 0 1 0 1 1 ]
d13=4.178991685085 eijMax=6.171E-03 rmsd=1.333E-01 s=[ 0 0 0 1 0 1 0 1 1 0 1 1 ]
d13=4.180934529910 eijMax=6.354E-03 rmsd=1.300E-01 s=[ 0 0 0 0 1 0 1 0 0 1 0 0 ]
d13=4.180934529910 eijMax=2.243E-03 rmsd=1.781E-01 s=[ 0 0 0 0 1 0 1 1 0 1 0 0 ]
d13=4.180934529910 eijMax=1.515E-03 rmsd=1.916E-01 s=[ 0 0 0 0 1 1 1 0 0 1 0 0 ]
d13=4.180934529910 eijMax=9.628E-03 rmsd=3.364E-01 s=[ 0 0 0 0 1 1 1 1 0 1 0 0 ]
d13=4.180934529910 eijMax=9.628E-03 rmsd=3.364E-01 s=[ 0 0 0 1 0 0 0 0 1 0 1 1 ]
d13=4.180934529910 eijMax=1.515E-03 rmsd=1.916E-01 s=[ 0 0 0 1 0 0 0 1 1 0 1 1 ]
d13=4.180934529910 eijMax=2.243E-03 rmsd=1.781E-01 s=[ 0 0 0 1 0 1 0 0 1 0 1 1 ]
d13=4.180934529910 eijMax=6.354E-03 rmsd=1.300E-01 s=[ 0 0 0 1 0 1 0 1 1 0 1 1 ]
d13=4.182877374735 eijMax=6.511E-03 rmsd=1.281E-01 s=[ 0 0 0 0 1 0 1 0 0 1 0 0 ]
d13=4.182877374735 eijMax=1.948E-03 rmsd=1.638E-01 s=[ 0 0 0 0 1 0 1 1 0 1 0 0 ]
d13=4.182877374735 eijMax=1.855E-03 rmsd=1.784E-01 s=[ 0 0 0 0 1 1 1 0 0 1 0 0 ]
d13=4.182877374735 eijMax=9.089E-03 rmsd=3.190E-01 s=[ 0 0 0 0 1 1 1 1 0 1 0 0 ]
d13=4.182877374735 eijMax=9.089E-03 rmsd=3.190E-01 s=[ 0 0 0 1 0 0 0 0 1 0 1 1 ]
d13=4.182877374735 eijMax=1.855E-03 rmsd=1.784E-01 s=[ 0 0 0 1 0 0 0 1 1 0 1 1 ]
d13=4.182877374735 eijMax=1.948E-03 rmsd=1.638E-01 s=[ 0 0 0 1 0 1 0 0 1 0 1 1 ]
d13=4.182877374735 eijMax=6.511E-03 rmsd=1.281E-01 s=[ 0 0 0 1 0 1 0 1 1 0 1 1 ]
d13=4.184820219560 eijMax=6.648E-03 rmsd=1.274E-01 s=[ 0 0 0 0 1 0 1 0 0 1 0 0 ]
d13=4.184820219560 eijMax=1.686E-03 rmsd=1.503E-01 s=[ 0 0 0 0 1 0 1 1 0 1 0 0 ]
d13=4.184820219560 eijMax=2.155E-03 rmsd=1.664E-01 s=[ 0 0 0 0 1 1 1 0 0 1 0 0 ]
d13=4.184820219560 eijMax=8.604E-03 rmsd=3.026E-01 s=[ 0 0 0 0 1 1 1 1 0 1 0 0 ]
d13=4.184820219560 eijMax=8.604E-03 rmsd=3.026E-01 s=[ 0 0 0 1 0 0 0 0 1 0 1 1 ]
d13=4.184820219560 eijMax=2.155E-03 rmsd=1.664E-01 s=[ 0 0 0 1 0 0 0 1 1 0 1 1 ]
d13=4.184820219560 eijMax=1.686E-03 rmsd=1.503E-01 s=[ 0 0 0 1 0 1 0 0 1 0 1 1 ]
d13=4.184820219560 eijMax=6.648E-03 rmsd=1.274E-01 s=[ 0 0 0 1 0 1 0 1 1 0 1 1 ]
d13=4.186763064384 eijMax=6.765E-03 rmsd=1.277E-01 s=[ 0 0 0 0 1 0 1 0 0 1 0 0 ]
d13=4.186763064384 eijMax=1.453E-03 rmsd=1.375E-01 s=[ 0 0 0 0 1 0 1 1 0 1 0 0 ]
d13=4.186763064384 eijMax=2.421E-03 rmsd=1.556E-01 s=[ 0 0 0 0 1 1 1 0 0 1 0 0 ]
d13=4.186763064384 eijMax=8.168E-03 rmsd=2.872E-01 s=[ 0 0 0 0 1 1 1 1 0 1 0 0 ]
d13=4.186763064384 eijMax=8.168E-03 rmsd=2.872E-01 s=[ 0 0 0 1 0 0 0 0 1 0 1 1 ]
d13=4.186763064384 eijMax=2.421E-03 rmsd=1.556E-01 s=[ 0 0 0 1 0 0 0 1 1 0 1 1 ]
d13=4.186763064384 eijMax=1.453E-03 rmsd=1.375E-01 s=[ 0 0 0 1 0 1 0 0 1 0 1 1 ]
d13=4.186763064384 eijMax=6.765E-03 rmsd=1.277E-01 s=[ 0 0 0 1 0 1 0 1 1 0 1 1 ]
d13=4.188705909209 eijMax=6.866E-03 rmsd=1.289E-01 s=[ 0 0 0 0 1 0 1 0 0 1 0 0 ]
d13=4.188705909209 eijMax=1.245E-03 rmsd=1.253E-01 s=[ 0 0 0 0 1 0 1 1 0 1 0 0 ]
d13=4.188705909209 eijMax=2.658E-03 rmsd=1.458E-01 s=[ 0 0 0 0 1 1 1 0 0 1 0 0 ]
d13=4.188705909209 eijMax=7.773E-03 rmsd=2.725E-01 s=[ 0 0 0 0 1 1 1 1 0 1 0 0 ]
d13=4.188705909209 eijMax=7.773E-03 rmsd=2.725E-01 s=[ 0 0 0 1 0 0 0 0 1 0 1 1 ]
d13=4.188705909209 eijMax=2.658E-03 rmsd=1.458E-01 s=[ 0 0 0 1 0 0 0 1 1 0 1 1 ]
d13=4.188705909209 eijMax=1.245E-03 rmsd=1.253E-01 s=[ 0 0 0 1 0 1 0 0 1 0 1 1 ]
d13=4.188705909209 eijMax=6.866E-03 rmsd=1.289E-01 s=[ 0 0 0 1 0 1 0 1 1 0 1 1 ]
d13=4.190648754034 eijMax=6.952E-03 rmsd=1.308E-01 s=[ 0 0 0 0 1 0 1 0 0 1 0 0 ]
d13=4.190648754034 eijMax=1.060E-03 rmsd=1.136E-01 s=[ 0 0 0 0 1 0 1 1 0 1 0 0 ]
d13=4.190648754034 eijMax=2.868E-03 rmsd=1.370E-01 s=[ 0 0 0 0 1 1 1 0 0 1 0 0 ]
d13=4.190648754034 eijMax=7.416E-03 rmsd=2.586E-01 s=[ 0 0 0 0 1 1 1 1 0 1 0 0 ]
d13=4.190648754034 eijMax=7.416E-03 rmsd=2.586E-01 s=[ 0 0 0 1 0 0 0 0 1 0 1 1 ]
d13=4.190648754034 eijMax=2.868E-03 rmsd=1.370E-01 s=[ 0 0 0 1 0 0 0 1 1 0 1 1 ]
d13=4.190648754034 eijMax=1.060E-03 rmsd=1.136E-01 s=[ 0 0 0 1 0 1 0 0 1 0 1 1 ]
d13=4.190648754034 eijMax=6.952E-03 rmsd=1.308E-01 s=[ 0 0 0 1 0 1 0 1 1 0 1 1 ]
d13=4.192591598859 eijMax=7.026E-03 rmsd=1.334E-01 s=[ 0 0 0 0 1 0 1 0 0 1 0 0 ]
d13=4.192591598859 eijMax=8.955E-04 rmsd=1.024E-01 s=[ 0 0 0 0 1 0 1 1 0 1 0 0 ]
d13=4.192591598859 eijMax=3.055E-03 rmsd=1.293E-01 s=[ 0 0 0 0 1 1 1 0 0 1 0 0 ]
d13=4.192591598859 eijMax=7.091E-03 rmsd=2.453E-01 s=[ 0 0 0 0 1 1 1 1 0 1 0 0 ]
d13=4.192591598859 eijMax=7.091E-03 rmsd=2.453E-01 s=[ 0 0 0 1 0 0 0 0 1 0 1 1 ]
d13=4.192591598859 eijMax=3.055E-03 rmsd=1.293E-01 s=[ 0 0 0 1 0 0 0 1 1 0 1 1 ]
d13=4.192591598859 eijMax=8.955E-04 rmsd=1.024E-01 s=[ 0 0 0 1 0 1 0 0 1 0 1 1 ]
d13=4.192591598859 eijMax=7.026E-03 rmsd=1.334E-01 s=[ 0 0 0 1 0 1 0 1 1 0 1 1 ]
d13=4.194534443684 eijMax=7.087E-03 rmsd=1.364E-01 s=[ 0 0 0 0 1 0 1 0 0 1 0 0 ]
d13=4.194534443684 eijMax=7.492E-04 rmsd=9.158E-02 s=[ 0 0 0 0 1 0 1 1 0 1 0 0 ]
d13=4.194534443684 eijMax=3.222E-03 rmsd=1.225E-01 s=[ 0 0 0 0 1 1 1 0 0 1 0 0 ]
d13=4.194534443684 eijMax=6.796E-03 rmsd=2.327E-01 s=[ 0 0 0 0 1 1 1 1 0 1 0 0 ]
d13=4.194534443684 eijMax=6.796E-03 rmsd=2.327E-01 s=[ 0 0 0 1 0 0 0 0 1 0 1 1 ]
d13=4.194534443684 eijMax=3.222E-03 rmsd=1.225E-01 s=[ 0 0 0 1 0 0 0 1 1 0 1 1 ]
d13=4.194534443684 eijMax=7.492E-04 rmsd=9.158E-02 s=[ 0 0 0 1 0 1 0 0 1 0 1 1 ]
d13=4.194534443684 eijMax=7.087E-03 rmsd=1.364E-01 s=[ 0 0 0 1 0 1 0 1 1 0 1 1 ]
d13=4.196477288509 eijMax=7.138E-03 rmsd=1.399E-01 s=[ 0 0 0 0 1 0 1 0 0 1 0 0 ]
d13=4.196477288509 eijMax=6.194E-04 rmsd=8.121E-02 s=[ 0 0 0 0 1 0 1 1 0 1 0 0 ]
d13=4.196477288509 eijMax=3.370E-03 rmsd=1.167E-01 s=[ 0 0 0 0 1 1 1 0 0 1 0 0 ]
d13=4.196477288509 eijMax=6.528E-03 rmsd=2.206E-01 s=[ 0 0 0 0 1 1 1 1 0 1 0 0 ]
d13=4.196477288509 eijMax=6.528E-03 rmsd=2.206E-01 s=[ 0 0 0 1 0 0 0 0 1 0 1 1 ]
d13=4.196477288509 eijMax=3.370E-03 rmsd=1.167E-01 s=[ 0 0 0 1 0 0 0 1 1 0 1 1 ]
d13=4.196477288509 eijMax=6.194E-04 rmsd=8.121E-02 s=[ 0 0 0 1 0 1 0 0 1 0 1 1 ]
d13=4.196477288509 eijMax=7.138E-03 rmsd=1.399E-01 s=[ 0 0 0 1 0 1 0 1 1 0 1 1 ]
d13=4.198420133333 eijMax=7.180E-03 rmsd=1.437E-01 s=[ 0 0 0 0 1 0 1 0 0 1 0 0 ]
d13=4.198420133333 eijMax=5.047E-04 rmsd=7.120E-02 s=[ 0 0 0 0 1 0 1 1 0 1 0 0 ]
d13=4.198420133333 eijMax=3.502E-03 rmsd=1.119E-01 s=[ 0 0 0 0 1 1 1 0 0 1 0 0 ]
d13=4.198420133333 eijMax=6.284E-03 rmsd=2.090E-01 s=[ 0 0 0 0 1 1 1 1 0 1 0 0 ]
d13=4.198420133333 eijMax=6.284E-03 rmsd=2.090E-01 s=[ 0 0 0 1 0 0 0 0 1 0 1 1 ]
d13=4.198420133333 eijMax=3.502E-03 rmsd=1.119E-01 s=[ 0 0 0 1 0 0 0 1 1 0 1 1 ]
d13=4.198420133333 eijMax=5.047E-04 rmsd=7.120E-02 s=[ 0 0 0 1 0 1 0 0 1 0 1 1 ]
d13=4.198420133333 eijMax=7.180E-03 rmsd=1.437E-01 s=[ 0 0 0 1 0 1 0 1 1 0 1 1 ]
d13=4.200362978158 eijMax=7.213E-03 rmsd=1.477E-01 s=[ 0 0 0 0 1 0 1 0 0 1 0 0 ]
d13=4.200362978158 eijMax=4.038E-04 rmsd=6.154E-02 s=[ 0 0 0 0 1 0 1 1 0 1 0 0 ]
d13=4.200362978158 eijMax=3.619E-03 rmsd=1.081E-01 s=[ 0 0 0 0 1 1 1 0 0 1 0 0 ]
d13=4.200362978158 eijMax=6.061E-03 rmsd=1.979E-01 s=[ 0 0 0 0 1 1 1 1 0 1 0 0 ]
d13=4.200362978158 eijMax=6.061E-03 rmsd=1.979E-01 s=[ 0 0 0 1 0 0 0 0 1 0 1 1 ]
d13=4.200362978158 eijMax=3.619E-03 rmsd=1.081E-01 s=[ 0 0 0 1 0 0 0 1 1 0 1 1 ]
d13=4.200362978158 eijMax=4.038E-04 rmsd=6.154E-02 s=[ 0 0 0 1 0 1 0 0 1 0 1 1 ]
d13=4.200362978158 eijMax=7.213E-03 rmsd=1.477E-01 s=[ 0 0 0 1 0 1 0 1 1 0 1 1 ]
d13=4.202305822983 eijMax=7.237E-03 rmsd=1.520E-01 s=[ 0 0 0 0 1 0 1 0 0 1 0 0 ]
d13=4.202305822983 eijMax=3.156E-04 rmsd=5.219E-02 s=[ 0 0 0 0 1 0 1 1 0 1 0 0 ]
d13=4.202305822983 eijMax=3.722E-03 rmsd=1.053E-01 s=[ 0 0 0 0 1 1 1 0 0 1 0 0 ]
d13=4.202305822983 eijMax=5.858E-03 rmsd=1.872E-01 s=[ 0 0 0 0 1 1 1 1 0 1 0 0 ]
d13=4.202305822983 eijMax=5.858E-03 rmsd=1.872E-01 s=[ 0 0 0 1 0 0 0 0 1 0 1 1 ]
d13=4.202305822983 eijMax=3.722E-03 rmsd=1.053E-01 s=[ 0 0 0 1 0 0 0 1 1 0 1 1 ]
d13=4.202305822983 eijMax=3.156E-04 rmsd=5.219E-02 s=[ 0 0 0 1 0 1 0 0 1 0 1 1 ]
d13=4.202305822983 eijMax=7.237E-03 rmsd=1.520E-01 s=[ 0 0 0 1 0 1 0 1 1 0 1 1 ]
d13=4.204248667808 eijMax=7.255E-03 rmsd=1.564E-01 s=[ 0 0 0 0 1 0 1 0 0 1 0 0 ]
d13=4.204248667808 eijMax=2.389E-04 rmsd=4.313E-02 s=[ 0 0 0 0 1 0 1 1 0 1 0 0 ]
d13=4.204248667808 eijMax=3.812E-03 rmsd=1.033E-01 s=[ 0 0 0 0 1 1 1 0 0 1 0 0 ]
d13=4.204248667808 eijMax=5.674E-03 rmsd=1.770E-01 s=[ 0 0 0 0 1 1 1 1 0 1 0 0 ]
d13=4.204248667808 eijMax=5.674E-03 rmsd=1.770E-01 s=[ 0 0 0 1 0 0 0 0 1 0 1 1 ]
d13=4.204248667808 eijMax=3.812E-03 rmsd=1.033E-01 s=[ 0 0 0 1 0 0 0 1 1 0 1 1 ]
d13=4.204248667808 eijMax=2.389E-04 rmsd=4.313E-02 s=[ 0 0 0 1 0 1 0 0 1 0 1 1 ]
d13=4.204248667808 eijMax=7.255E-03 rmsd=1.564E-01 s=[ 0 0 0 1 0 1 0 1 1 0 1 1 ]
d13=4.206191512633 eijMax=7.265E-03 rmsd=1.609E-01 s=[ 0 0 0 0 1 0 1 0 0 1 0 0 ]
d13=4.206191512633 eijMax=1.731E-04 rmsd=3.434E-02 s=[ 0 0 0 0 1 0 1 1 0 1 0 0 ]
d13=4.206191512633 eijMax=3.892E-03 rmsd=1.023E-01 s=[ 0 0 0 0 1 1 1 0 0 1 0 0 ]
d13=4.206191512633 eijMax=5.506E-03 rmsd=1.672E-01 s=[ 0 0 0 0 1 1 1 1 0 1 0 0 ]
d13=4.206191512633 eijMax=5.506E-03 rmsd=1.672E-01 s=[ 0 0 0 1 0 0 0 0 1 0 1 1 ]
d13=4.206191512633 eijMax=3.892E-03 rmsd=1.023E-01 s=[ 0 0 0 1 0 0 0 1 1 0 1 1 ]
d13=4.206191512633 eijMax=1.731E-04 rmsd=3.434E-02 s=[ 0 0 0 1 0 1 0 0 1 0 1 1 ]
d13=4.206191512633 eijMax=7.265E-03 rmsd=1.609E-01 s=[ 0 0 0 1 0 1 0 1 1 0 1 1 ]
d13=4.208134357457 eijMax=7.269E-03 rmsd=1.655E-01 s=[ 0 0 0 0 1 0 1 0 0 1 0 0 ]
d13=4.208134357457 eijMax=1.172E-04 rmsd=2.580E-02 s=[ 0 0 0 0 1 0 1 1 0 1 0 0 ]
d13=4.208134357457 eijMax=3.960E-03 rmsd=1.020E-01 s=[ 0 0 0 0 1 1 1 0 0 1 0 0 ]
d13=4.208134357457 eijMax=5.354E-03 rmsd=1.577E-01 s=[ 0 0 0 0 1 1 1 1 0 1 0 0 ]
d13=4.208134357457 eijMax=5.354E-03 rmsd=1.577E-01 s=[ 0 0 0 1 0 0 0 0 1 0 1 1 ]
d13=4.208134357457 eijMax=3.960E-03 rmsd=1.020E-01 s=[ 0 0 0 1 0 0 0 1 1 0 1 1 ]
d13=4.208134357457 eijMax=1.172E-04 rmsd=2.580E-02 s=[ 0 0 0 1 0 1 0 0 1 0 1 1 ]
d13=4.208134357457 eijMax=7.269E-03 rmsd=1.655E-01 s=[ 0 0 0 1 0 1 0 1 1 0 1 1 ]
d13=4.210077202282 eijMax=7.267E-03 rmsd=1.701E-01 s=[ 0 0 0 0 1 0 1 0 0 1 0 0 ]
d13=4.210077202282 eijMax=7.071E-05 rmsd=1.750E-02 s=[ 0 0 0 0 1 0 1 1 0 1 0 0 ]
d13=4.210077202282 eijMax=4.019E-03 rmsd=1.025E-01 s=[ 0 0 0 0 1 1 1 0 0 1 0 0 ]
d13=4.210077202282 eijMax=5.217E-03 rmsd=1.486E-01 s=[ 0 0 0 0 1 1 1 1 0 1 0 0 ]
d13=4.210077202282 eijMax=5.217E-03 rmsd=1.486E-01 s=[ 0 0 0 1 0 0 0 0 1 0 1 1 ]
d13=4.210077202282 eijMax=4.019E-03 rmsd=1.025E-01 s=[ 0 0 0 1 0 0 0 1 1 0 1 1 ]
d13=4.210077202282 eijMax=7.071E-05 rmsd=1.750E-02 s=[ 0 0 0 1 0 1 0 0 1 0 1 1 ]
d13=4.210077202282 eijMax=7.267E-03 rmsd=1.701E-01 s=[ 0 0 0 1 0 1 0 1 1 0 1 1 ]
d13=4.212020047107 eijMax=7.259E-03 rmsd=1.748E-01 s=[ 0 0 0 0 1 0 1 0 0 1 0 0 ]
d13=4.212020047107 eijMax=3.289E-05 rmsd=9.413E-03 s=[ 0 0 0 0 1 0 1 1 0 1 0 0 ]
d13=4.212020047107 eijMax=4.069E-03 rmsd=1.037E-01 s=[ 0 0 0 0 1 1 1 0 0 1 0 0 ]
d13=4.212020047107 eijMax=5.092E-03 rmsd=1.399E-01 s=[ 0 0 0 0 1 1 1 1 0 1 0 0 ]
d13=4.212020047107 eijMax=5.092E-03 rmsd=1.399E-01 s=[ 0 0 0 1 0 0 0 0 1 0 1 1 ]
d13=4.212020047107 eijMax=4.069E-03 rmsd=1.037E-01 s=[ 0 0 0 1 0 0 0 1 1 0 1 1 ]
d13=4.212020047107 eijMax=3.289E-05 rmsd=9.413E-03 s=[ 0 0 0 1 0 1 0 0 1 0 1 1 ]
d13=4.212020047107 eijMax=7.259E-03 rmsd=1.748E-01 s=[ 0 0 0 1 0 1 0 1 1 0 1 1 ]
d13=4.213962891932 eijMax=7.246E-03 rmsd=1.795E-01 s=[ 0 0 0 0 1 0 1 0 0 1 0 0 ]
d13=4.213962891932 eijMax=3.207E-06 rmsd=1.535E-03 s=[ 0 0 0 0 1 0 1 1 0 1 0 0 ]
d13=4.213962891932 eijMax=4.110E-03 rmsd=1.055E-01 s=[ 0 0 0 0 1 1 1 0 0 1 0 0 ]
d13=4.213962891932 eijMax=4.980E-03 rmsd=1.316E-01 s=[ 0 0 0 0 1 1 1 1 0 1 0 0 ]
d13=4.213962891932 eijMax=4.980E-03 rmsd=1.316E-01 s=[ 0 0 0 1 0 0 0 0 1 0 1 1 ]
d13=4.213962891932 eijMax=4.110E-03 rmsd=1.055E-01 s=[ 0 0 0 1 0 0 0 1 1 0 1 1 ]
d13=4.213962891932 eijMax=3.207E-06 rmsd=1.535E-03 s=[ 0 0 0 1 0 1 0 0 1 0 1 1 ]
d13=4.213962891932 eijMax=7.246E-03 rmsd=1.795E-01 s=[ 0 0 0 1 0 1 0 1 1 0 1 1 ]
d13=4.215905736757 eijMax=7.229E-03 rmsd=1.843E-01 s=[ 0 0 0 0 1 0 1 0 0 1 0 0 ]
d13=4.215905736757 eijMax=1.882E-05 rmsd=6.151E-03 s=[ 0 0 0 0 1 0 1 1 0 1 0 0 ]
d13=4.215905736757 eijMax=4.144E-03 rmsd=1.078E-01 s=[ 0 0 0 0 1 1 1 0 0 1 0 0 ]
d13=4.215905736757 eijMax=4.880E-03 rmsd=1.236E-01 s=[ 0 0 0 0 1 1 1 1 0 1 0 0 ]
d13=4.215905736757 eijMax=4.880E-03 rmsd=1.236E-01 s=[ 0 0 0 1 0 0 0 0 1 0 1 1 ]
d13=4.215905736757 eijMax=4.144E-03 rmsd=1.078E-01 s=[ 0 0 0 1 0 0 0 1 1 0 1 1 ]
d13=4.215905736757 eijMax=1.882E-05 rmsd=6.151E-03 s=[ 0 0 0 1 0 1 0 0 1 0 1 1 ]
d13=4.215905736757 eijMax=7.229E-03 rmsd=1.843E-01 s=[ 0 0 0 1 0 1 0 1 1 0 1 1 ]
d13=4.217848581582 eijMax=7.206E-03 rmsd=1.890E-01 s=[ 0 0 0 0 1 0 1 0 0 1 0 0 ]
d13=4.217848581582 eijMax=3.364E-05 rmsd=1.365E-02 s=[ 0 0 0 0 1 0 1 1 0 1 0 0 ]
d13=4.217848581582 eijMax=4.170E-03 rmsd=1.105E-01 s=[ 0 0 0 0 1 1 1 0 0 1 0 0 ]
d13=4.217848581582 eijMax=4.791E-03 rmsd=1.160E-01 s=[ 0 0 0 0 1 1 1 1 0 1 0 0 ]
d13=4.217848581582 eijMax=4.791E-03 rmsd=1.160E-01 s=[ 0 0 0 1 0 0 0 0 1 0 1 1 ]
d13=4.217848581582 eijMax=4.170E-03 rmsd=1.105E-01 s=[ 0 0 0 1 0 0 0 1 1 0 1 1 ]
d13=4.217848581582 eijMax=3.364E-05 rmsd=1.365E-02 s=[ 0 0 0 1 0 1 0 0 1 0 1 1 ]
d13=4.217848581582 eijMax=7.206E-03 rmsd=1.890E-01 s=[ 0 0 0 1 0 1 0 1 1 0 1 1 ]
d13=4.219791426406 eijMax=7.179E-03 rmsd=1.937E-01 s=[ 0 0 0 0 1 0 1 0 0 1 0 0 ]
d13=4.219791426406 eijMax=4.166E-05 rmsd=2.099E-02 s=[ 0 0 0 0 1 0 1 1 0 1 0 0 ]
d13=4.219791426406 eijMax=4.189E-03 rmsd=1.136E-01 s=[ 0 0 0 0 1 1 1 0 0 1 0 0 ]
d13=4.219791426406 eijMax=4.712E-03 rmsd=1.088E-01 s=[ 0 0 0 0 1 1 1 1 0 1 0 0 ]
d13=4.219791426406 eijMax=4.712E-03 rmsd=1.088E-01 s=[ 0 0 0 1 0 0 0 0 1 0 1 1 ]
d13=4.219791426406 eijMax=4.189E-03 rmsd=1.136E-01 s=[ 0 0 0 1 0 0 0 1 1 0 1 1 ]
d13=4.219791426406 eijMax=4.166E-05 rmsd=2.099E-02 s=[ 0 0 0 1 0 1 0 0 1 0 1 1 ]
d13=4.219791426406 eijMax=7.179E-03 rmsd=1.937E-01 s=[ 0 0 0 1 0 1 0 1 1 0 1 1 ]
d13=4.221734271231 eijMax=7.148E-03 rmsd=1.984E-01 s=[ 0 0 0 0 1 0 1 0 0 1 0 0 ]
d13=4.221734271231 eijMax=4.325E-05 rmsd=2.815E-02 s=[ 0 0 0 0 1 0 1 1 0 1 0 0 ]
d13=4.221734271231 eijMax=4.202E-03 rmsd=1.171E-01 s=[ 0 0 0 0 1 1 1 0 0 1 0 0 ]
d13=4.221734271231 eijMax=4.642E-03 rmsd=1.019E-01 s=[ 0 0 0 0 1 1 1 1 0 1 0 0 ]
d13=4.221734271231 eijMax=4.642E-03 rmsd=1.019E-01 s=[ 0 0 0 1 0 0 0 0 1 0 1 1 ]
d13=4.221734271231 eijMax=4.202E-03 rmsd=1.171E-01 s=[ 0 0 0 1 0 0 0 1 1 0 1 1 ]
d13=4.221734271231 eijMax=4.325E-05 rmsd=2.815E-02 s=[ 0 0 0 1 0 1 0 0 1 0 1 1 ]
d13=4.221734271231 eijMax=7.148E-03 rmsd=1.984E-01 s=[ 0 0 0 1 0 1 0 1 1 0 1 1 ]
d13=4.223677116056 eijMax=7.113E-03 rmsd=2.030E-01 s=[ 0 0 0 0 1 0 1 0 0 1 0 0 ]
d13=4.223677116056 eijMax=3.874E-05 rmsd=3.517E-02 s=[ 0 0 0 0 1 0 1 1 0 1 0 0 ]
d13=4.223677116056 eijMax=4.209E-03 rmsd=1.208E-01 s=[ 0 0 0 0 1 1 1 0 0 1 0 0 ]
d13=4.223677116056 eijMax=4.582E-03 rmsd=9.551E-02 s=[ 0 0 0 0 1 1 1 1 0 1 0 0 ]
d13=4.223677116056 eijMax=4.582E-03 rmsd=9.551E-02 s=[ 0 0 0 1 0 0 0 0 1 0 1 1 ]
d13=4.223677116056 eijMax=4.209E-03 rmsd=1.208E-01 s=[ 0 0 0 1 0 0 0 1 1 0 1 1 ]
d13=4.223677116056 eijMax=3.874E-05 rmsd=3.517E-02 s=[ 0 0 0 1 0 1 0 0 1 0 1 1 ]
d13=4.223677116056 eijMax=7.113E-03 rmsd=2.030E-01 s=[ 0 0 0 1 0 1 0 1 1 0 1 1 ]
d13=4.225619960881 eijMax=7.075E-03 rmsd=2.076E-01 s=[ 0 0 0 0 1 0 1 0 0 1 0 0 ]
d13=4.225619960881 eijMax=2.844E-05 rmsd=4.204E-02 s=[ 0 0 0 0 1 0 1 1 0 1 0 0 ]
d13=4.225619960881 eijMax=4.210E-03 rmsd=1.247E-01 s=[ 0 0 0 0 1 1 1 0 0 1 0 0 ]
d13=4.225619960881 eijMax=4.530E-03 rmsd=8.951E-02 s=[ 0 0 0 0 1 1 1 1 0 1 0 0 ]
d13=4.225619960881 eijMax=4.530E-03 rmsd=8.951E-02 s=[ 0 0 0 1 0 0 0 0 1 0 1 1 ]
d13=4.225619960881 eijMax=4.210E-03 rmsd=1.247E-01 s=[ 0 0 0 1 0 0 0 1 1 0 1 1 ]
d13=4.225619960881 eijMax=2.844E-05 rmsd=4.204E-02 s=[ 0 0 0 1 0 1 0 0 1 0 1 1 ]
d13=4.225619960881 eijMax=7.075E-03 rmsd=2.076E-01 s=[ 0 0 0 1 0 1 0 1 1 0 1 1 ]
d13=4.227562805706 eijMax=7.032E-03 rmsd=2.122E-01 s=[ 0 0 0 0 1 0 1 0 0 1 0 0 ]
d13=4.227562805706 eijMax=1.262E-05 rmsd=4.877E-02 s=[ 0 0 0 0 1 0 1 1 0 1 0 0 ]
d13=4.227562805706 eijMax=4.205E-03 rmsd=1.287E-01 s=[ 0 0 0 0 1 1 1 0 0 1 0 0 ]
d13=4.227562805706 eijMax=4.487E-03 rmsd=8.399E-02 s=[ 0 0 0 0 1 1 1 1 0 1 0 0 ]
d13=4.227562805706 eijMax=4.487E-03 rmsd=8.399E-02 s=[ 0 0 0 1 0 0 0 0 1 0 1 1 ]
d13=4.227562805706 eijMax=4.205E-03 rmsd=1.287E-01 s=[ 0 0 0 1 0 0 0 1 1 0 1 1 ]
d13=4.227562805706 eijMax=1.262E-05 rmsd=4.877E-02 s=[ 0 0 0 1 0 1 0 0 1 0 1 1 ]
d13=4.227562805706 eijMax=7.032E-03 rmsd=2.122E-01 s=[ 0 0 0 1 0 1 0 1 1 0 1 1 ]
d13=4.229505650531 eijMax=6.986E-03 rmsd=2.168E-01 s=[ 0 0 0 0 1 0 1 0 0 1 0 0 ]
d13=4.229505650531 eijMax=8.453E-06 rmsd=5.537E-02 s=[ 0 0 0 0 1 0 1 1 0 1 0 0 ]
d13=4.229505650531 eijMax=4.195E-03 rmsd=1.330E-01 s=[ 0 0 0 0 1 1 1 0 0 1 0 0 ]
d13=4.229505650531 eijMax=4.451E-03 rmsd=7.899E-02 s=[ 0 0 0 0 1 1 1 1 0 1 0 0 ]
d13=4.229505650531 eijMax=4.451E-03 rmsd=7.899E-02 s=[ 0 0 0 1 0 0 0 0 1 0 1 1 ]
d13=4.229505650531 eijMax=4.195E-03 rmsd=1.330E-01 s=[ 0 0 0 1 0 0 0 1 1 0 1 1 ]
d13=4.229505650531 eijMax=8.453E-06 rmsd=5.537E-02 s=[ 0 0 0 1 0 1 0 0 1 0 1 1 ]
d13=4.229505650531 eijMax=6.986E-03 rmsd=2.168E-01 s=[ 0 0 0 1 0 1 0 1 1 0 1 1 ]
d13=4.231448495355 eijMax=6.937E-03 rmsd=2.213E-01 s=[ 0 0 0 0 1 0 1 0 0 1 0 0 ]
d13=4.231448495355 eijMax=3.455E-05 rmsd=6.185E-02 s=[ 0 0 0 0 1 0 1 1 0 1 0 0 ]
d13=4.231448495355 eijMax=4.181E-03 rmsd=1.373E-01 s=[ 0 0 0 0 1 1 1 0 0 1 0 0 ]
d13=4.231448495355 eijMax=4.422E-03 rmsd=7.454E-02 s=[ 0 0 0 0 1 1 1 1 0 1 0 0 ]
d13=4.231448495355 eijMax=4.422E-03 rmsd=7.454E-02 s=[ 0 0 0 1 0 0 0 0 1 0 1 1 ]
d13=4.231448495355 eijMax=4.181E-03 rmsd=1.373E-01 s=[ 0 0 0 1 0 0 0 1 1 0 1 1 ]
d13=4.231448495355 eijMax=3.455E-05 rmsd=6.185E-02 s=[ 0 0 0 1 0 1 0 0 1 0 1 1 ]
d13=4.231448495355 eijMax=6.937E-03 rmsd=2.213E-01 s=[ 0 0 0 1 0 1 0 1 1 0 1 1 ]
d13=4.233391340180 eijMax=6.884E-03 rmsd=2.258E-01 s=[ 0 0 0 0 1 0 1 0 0 1 0 0 ]
d13=4.233391340180 eijMax=6.546E-05 rmsd=6.821E-02 s=[ 0 0 0 0 1 0 1 1 0 1 0 0 ]
d13=4.233391340180 eijMax=4.161E-03 rmsd=1.417E-01 s=[ 0 0 0 0 1 1 1 0 0 1 0 0 ]
d13=4.233391340180 eijMax=4.400E-03 rmsd=7.071E-02 s=[ 0 0 0 0 1 1 1 1 0 1 0 0 ]
d13=4.233391340180 eijMax=4.400E-03 rmsd=7.071E-02 s=[ 0 0 0 1 0 0 0 0 1 0 1 1 ]
d13=4.233391340180 eijMax=4.161E-03 rmsd=1.417E-01 s=[ 0 0 0 1 0 0 0 1 1 0 1 1 ]
d13=4.233391340180 eijMax=6.546E-05 rmsd=6.821E-02 s=[ 0 0 0 1 0 1 0 0 1 0 1 1 ]
d13=4.233391340180 eijMax=6.884E-03 rmsd=2.258E-01 s=[ 0 0 0 1 0 1 0 1 1 0 1 1 ]
d13=4.235334185005 eijMax=6.829E-03 rmsd=2.303E-01 s=[ 0 0 0 0 1 0 1 0 0 1 0 0 ]
d13=4.235334185005 eijMax=1.010E-04 rmsd=7.445E-02 s=[ 0 0 0 0 1 0 1 1 0 1 0 0 ]
d13=4.235334185005 eijMax=4.137E-03 rmsd=1.461E-01 s=[ 0 0 0 0 1 1 1 0 0 1 0 0 ]
d13=4.235334185005 eijMax=4.385E-03 rmsd=6.754E-02 s=[ 0 0 0 0 1 1 1 1 0 1 0 0 ]
d13=4.235334185005 eijMax=4.385E-03 rmsd=6.754E-02 s=[ 0 0 0 1 0 0 0 0 1 0 1 1 ]
d13=4.235334185005 eijMax=4.137E-03 rmsd=1.461E-01 s=[ 0 0 0 1 0 0 0 1 1 0 1 1 ]
d13=4.235334185005 eijMax=1.010E-04 rmsd=7.445E-02 s=[ 0 0 0 1 0 1 0 0 1 0 1 1 ]
d13=4.235334185005 eijMax=6.829E-03 rmsd=2.303E-01 s=[ 0 0 0 1 0 1 0 1 1 0 1 1 ]
d13=4.237277029830 eijMax=6.770E-03 rmsd=2.347E-01 s=[ 0 0 0 0 1 0 1 0 0 1 0 0 ]
d13=4.237277029830 eijMax=1.409E-04 rmsd=8.059E-02 s=[ 0 0 0 0 1 0 1 1 0 1 0 0 ]
d13=4.237277029830 eijMax=4.109E-03 rmsd=1.507E-01 s=[ 0 0 0 0 1 1 1 0 0 1 0 0 ]
d13=4.237277029830 eijMax=4.376E-03 rmsd=6.508E-02 s=[ 0 0 0 0 1 1 1 1 0 1 0 0 ]
d13=4.237277029830 eijMax=4.376E-03 rmsd=6.508E-02 s=[ 0 0 0 1 0 0 0 0 1 0 1 1 ]
d13=4.237277029830 eijMax=4.109E-03 rmsd=1.507E-01 s=[ 0 0 0 1 0 0 0 1 1 0 1 1 ]
d13=4.237277029830 eijMax=1.409E-04 rmsd=8.059E-02 s=[ 0 0 0 1 0 1 0 0 1 0 1 1 ]
d13=4.237277029830 eijMax=6.770E-03 rmsd=2.347E-01 s=[ 0 0 0 1 0 1 0 1 1 0 1 1 ]
d13=4.239219874655 eijMax=6.709E-03 rmsd=2.390E-01 s=[ 0 0 0 0 1 0 1 0 0 1 0 0 ]
d13=4.239219874655 eijMax=1.851E-04 rmsd=8.662E-02 s=[ 0 0 0 0 1 0 1 1 0 1 0 0 ]
d13=4.239219874655 eijMax=4.076E-03 rmsd=1.552E-01 s=[ 0 0 0 0 1 1 1 0 0 1 0 0 ]
d13=4.239219874655 eijMax=4.374E-03 rmsd=6.338E-02 s=[ 0 0 0 0 1 1 1 1 0 1 0 0 ]
d13=4.239219874655 eijMax=4.374E-03 rmsd=6.338E-02 s=[ 0 0 0 1 0 0 0 0 1 0 1 1 ]
d13=4.239219874655 eijMax=4.076E-03 rmsd=1.552E-01 s=[ 0 0 0 1 0 0 0 1 1 0 1 1 ]
d13=4.239219874655 eijMax=1.851E-04 rmsd=8.662E-02 s=[ 0 0 0 1 0 1 0 0 1 0 1 1 ]
d13=4.239219874655 eijMax=6.709E-03 rmsd=2.390E-01 s=[ 0 0 0 1 0 1 0 1 1 0 1 1 ]
d13=4.241162719479 eijMax=6.644E-03 rmsd=2.434E-01 s=[ 0 0 0 0 1 0 1 0 0 1 0 0 ]
d13=4.241162719479 eijMax=2.335E-04 rmsd=9.256E-02 s=[ 0 0 0 0 1 0 1 1 0 1 0 0 ]
d13=4.241162719479 eijMax=4.040E-03 rmsd=1.598E-01 s=[ 0 0 0 0 1 1 1 0 0 1 0 0 ]
d13=4.241162719479 eijMax=4.377E-03 rmsd=6.243E-02 s=[ 0 0 0 0 1 1 1 1 0 1 0 0 ]
d13=4.241162719479 eijMax=4.377E-03 rmsd=6.243E-02 s=[ 0 0 0 1 0 0 0 0 1 0 1 1 ]
d13=4.241162719479 eijMax=4.040E-03 rmsd=1.598E-01 s=[ 0 0 0 1 0 0 0 1 1 0 1 1 ]
d13=4.241162719479 eijMax=2.335E-04 rmsd=9.256E-02 s=[ 0 0 0 1 0 1 0 0 1 0 1 1 ]
d13=4.241162719479 eijMax=6.644E-03 rmsd=2.434E-01 s=[ 0 0 0 1 0 1 0 1 1 0 1 1 ]
d13=4.243105564304 eijMax=6.577E-03 rmsd=2.476E-01 s=[ 0 0 0 0 1 0 1 0 0 1 0 0 ]
d13=4.243105564304 eijMax=2.857E-04 rmsd=9.840E-02 s=[ 0 0 0 0 1 0 1 1 0 1 0 0 ]
d13=4.243105564304 eijMax=4.000E-03 rmsd=1.643E-01 s=[ 0 0 0 0 1 1 1 0 0 1 0 0 ]
d13=4.243105564304 eijMax=4.385E-03 rmsd=6.225E-02 s=[ 0 0 0 0 1 1 1 1 0 1 0 0 ]
d13=4.243105564304 eijMax=4.385E-03 rmsd=6.225E-02 s=[ 0 0 0 1 0 0 0 0 1 0 1 1 ]
d13=4.243105564304 eijMax=4.000E-03 rmsd=1.643E-01 s=[ 0 0 0 1 0 0 0 1 1 0 1 1 ]
d13=4.243105564304 eijMax=2.857E-04 rmsd=9.840E-02 s=[ 0 0 0 1 0 1 0 0 1 0 1 1 ]
d13=4.243105564304 eijMax=6.577E-03 rmsd=2.476E-01 s=[ 0 0 0 1 0 1 0 1 1 0 1 1 ]
d13=4.245048409129 eijMax=6.508E-03 rmsd=2.519E-01 s=[ 0 0 0 0 1 0 1 0 0 1 0 0 ]
d13=4.245048409129 eijMax=3.418E-04 rmsd=1.042E-01 s=[ 0 0 0 0 1 0 1 1 0 1 0 0 ]
d13=4.245048409129 eijMax=3.955E-03 rmsd=1.689E-01 s=[ 0 0 0 0 1 1 1 0 0 1 0 0 ]
d13=4.245048409129 eijMax=4.399E-03 rmsd=6.279E-02 s=[ 0 0 0 0 1 1 1 1 0 1 0 0 ]
d13=4.245048409129 eijMax=4.399E-03 rmsd=6.279E-02 s=[ 0 0 0 1 0 0 0 0 1 0 1 1 ]
d13=4.245048409129 eijMax=3.955E-03 rmsd=1.689E-01 s=[ 0 0 0 1 0 0 0 1 1 0 1 1 ]
d13=4.245048409129 eijMax=3.418E-04 rmsd=1.042E-01 s=[ 0 0 0 1 0 1 0 0 1 0 1 1 ]
d13=4.245048409129 eijMax=6.508E-03 rmsd=2.519E-01 s=[ 0 0 0 1 0 1 0 1 1 0 1 1 ]
d13=4.246991253954 eijMax=6.435E-03 rmsd=2.561E-01 s=[ 0 0 0 0 1 0 1 0 0 1 0 0 ]
d13=4.246991253954 eijMax=4.016E-04 rmsd=1.098E-01 s=[ 0 0 0 0 1 0 1 1 0 1 0 0 ]
d13=4.246991253954 eijMax=3.908E-03 rmsd=1.735E-01 s=[ 0 0 0 0 1 1 1 0 0 1 0 0 ]
d13=4.246991253954 eijMax=4.419E-03 rmsd=6.400E-02 s=[ 0 0 0 0 1 1 1 1 0 1 0 0 ]
d13=4.246991253954 eijMax=4.419E-03 rmsd=6.400E-02 s=[ 0 0 0 1 0 0 0 0 1 0 1 1 ]
d13=4.246991253954 eijMax=3.908E-03 rmsd=1.735E-01 s=[ 0 0 0 1 0 0 0 1 1 0 1 1 ]
d13=4.246991253954 eijMax=4.016E-04 rmsd=1.098E-01 s=[ 0 0 0 1 0 1 0 0 1 0 1 1 ]
d13=4.246991253954 eijMax=6.435E-03 rmsd=2.561E-01 s=[ 0 0 0 1 0 1 0 1 1 0 1 1 ]
d13=4.248934098779 eijMax=6.360E-03 rmsd=2.603E-01 s=[ 0 0 0 0 1 0 1 0 0 1 0 0 ]
d13=4.248934098779 eijMax=4.650E-04 rmsd=1.154E-01 s=[ 0 0 0 0 1 0 1 1 0 1 0 0 ]
d13=4.248934098779 eijMax=3.857E-03 rmsd=1.781E-01 s=[ 0 0 0 0 1 1 1 0 0 1 0 0 ]
d13=4.248934098779 eijMax=4.443E-03 rmsd=6.582E-02 s=[ 0 0 0 0 1 1 1 1 0 1 0 0 ]
d13=4.248934098779 eijMax=4.443E-03 rmsd=6.582E-02 s=[ 0 0 0 1 0 0 0 0 1 0 1 1 ]
d13=4.248934098779 eijMax=3.857E-03 rmsd=1.781E-01 s=[ 0 0 0 1 0 0 0 1 1 0 1 1 ]
d13=4.248934098779 eijMax=4.650E-04 rmsd=1.154E-01 s=[ 0 0 0 1 0 1 0 0 1 0 1 1 ]
d13=4.248934098779 eijMax=6.360E-03 rmsd=2.603E-01 s=[ 0 0 0 1 0 1 0 1 1 0 1 1 ]
d13=4.250876943604 eijMax=6.283E-03 rmsd=2.644E-01 s=[ 0 0 0 0 1 0 1 0 0 1 0 0 ]
d13=4.250876943604 eijMax=5.318E-04 rmsd=1.209E-01 s=[ 0 0 0 0 1 0 1 1 0 1 0 0 ]
d13=4.250876943604 eijMax=3.802E-03 rmsd=1.826E-01 s=[ 0 0 0 0 1 1 1 0 0 1 0 0 ]
d13=4.250876943604 eijMax=4.472E-03 rmsd=6.818E-02 s=[ 0 0 0 0 1 1 1 1 0 1 0 0 ]
d13=4.250876943604 eijMax=4.472E-03 rmsd=6.818E-02 s=[ 0 0 0 1 0 0 0 0 1 0 1 1 ]
d13=4.250876943604 eijMax=3.802E-03 rmsd=1.826E-01 s=[ 0 0 0 1 0 0 0 1 1 0 1 1 ]
d13=4.250876943604 eijMax=5.318E-04 rmsd=1.209E-01 s=[ 0 0 0 1 0 1 0 0 1 0 1 1 ]
d13=4.250876943604 eijMax=6.283E-03 rmsd=2.644E-01 s=[ 0 0 0 1 0 1 0 1 1 0 1 1 ]
d13=4.252819788428 eijMax=6.203E-03 rmsd=2.685E-01 s=[ 0 0 0 0 1 0 1 0 0 1 0 0 ]
d13=4.252819788428 eijMax=6.020E-04 rmsd=1.263E-01 s=[ 0 0 0 0 1 0 1 1 0 1 0 0 ]
d13=4.252819788428 eijMax=3.745E-03 rmsd=1.872E-01 s=[ 0 0 0 0 1 1 1 0 0 1 0 0 ]
d13=4.252819788428 eijMax=4.505E-03 rmsd=7.098E-02 s=[ 0 0 0 0 1 1 1 1 0 1 0 0 ]
d13=4.252819788428 eijMax=4.505E-03 rmsd=7.098E-02 s=[ 0 0 0 1 0 0 0 0 1 0 1 1 ]
d13=4.252819788428 eijMax=3.745E-03 rmsd=1.872E-01 s=[ 0 0 0 1 0 0 0 1 1 0 1 1 ]
d13=4.252819788428 eijMax=6.020E-04 rmsd=1.263E-01 s=[ 0 0 0 1 0 1 0 0 1 0 1 1 ]
d13=4.252819788428 eijMax=6.203E-03 rmsd=2.685E-01 s=[ 0 0 0 1 0 1 0 1 1 0 1 1 ]
d13=4.254762633253 eijMax=6.121E-03 rmsd=2.726E-01 s=[ 0 0 0 0 1 0 1 0 0 1 0 0 ]
d13=4.254762633253 eijMax=6.755E-04 rmsd=1.317E-01 s=[ 0 0 0 0 1 0 1 1 0 1 0 0 ]
d13=4.254762633253 eijMax=3.684E-03 rmsd=1.917E-01 s=[ 0 0 0 0 1 1 1 0 0 1 0 0 ]
d13=4.254762633253 eijMax=4.543E-03 rmsd=7.416E-02 s=[ 0 0 0 0 1 1 1 1 0 1 0 0 ]
d13=4.254762633253 eijMax=4.543E-03 rmsd=7.416E-02 s=[ 0 0 0 1 0 0 0 0 1 0 1 1 ]
d13=4.254762633253 eijMax=3.684E-03 rmsd=1.917E-01 s=[ 0 0 0 1 0 0 0 1 1 0 1 1 ]
d13=4.254762633253 eijMax=6.755E-04 rmsd=1.317E-01 s=[ 0 0 0 1 0 1 0 0 1 0 1 1 ]
d13=4.254762633253 eijMax=6.121E-03 rmsd=2.726E-01 s=[ 0 0 0 1 0 1 0 1 1 0 1 1 ]
d13=4.256705478078 eijMax=6.037E-03 rmsd=2.766E-01 s=[ 0 0 0 0 1 0 1 0 0 1 0 0 ]
d13=4.256705478078 eijMax=7.522E-04 rmsd=1.370E-01 s=[ 0 0 0 0 1 0 1 1 0 1 0 0 ]
d13=4.256705478078 eijMax=3.620E-03 rmsd=1.962E-01 s=[ 0 0 0 0 1 1 1 0 0 1 0 0 ]
d13=4.256705478078 eijMax=4.585E-03 rmsd=7.765E-02 s=[ 0 0 0 0 1 1 1 1 0 1 0 0 ]
d13=4.256705478078 eijMax=4.585E-03 rmsd=7.765E-02 s=[ 0 0 0 1 0 0 0 0 1 0 1 1 ]
d13=4.256705478078 eijMax=3.620E-03 rmsd=1.962E-01 s=[ 0 0 0 1 0 0 0 1 1 0 1 1 ]
d13=4.256705478078 eijMax=7.522E-04 rmsd=1.370E-01 s=[ 0 0 0 1 0 1 0 0 1 0 1 1 ]
d13=4.256705478078 eijMax=6.037E-03 rmsd=2.766E-01 s=[ 0 0 0 1 0 1 0 1 1 0 1 1 ]
d13=4.258648322903 eijMax=5.950E-03 rmsd=2.806E-01 s=[ 0 0 0 0 1 0 1 0 0 1 0 0 ]
d13=4.258648322903 eijMax=8.319E-04 rmsd=1.422E-01 s=[ 0 0 0 0 1 0 1 1 0 1 0 0 ]
d13=4.258648322903 eijMax=3.554E-03 rmsd=2.006E-01 s=[ 0 0 0 0 1 1 1 0 0 1 0 0 ]
d13=4.258648322903 eijMax=4.632E-03 rmsd=8.140E-02 s=[ 0 0 0 0 1 1 1 1 0 1 0 0 ]
d13=4.258648322903 eijMax=4.632E-03 rmsd=8.140E-02 s=[ 0 0 0 1 0 0 0 0 1 0 1 1 ]
d13=4.258648322903 eijMax=3.554E-03 rmsd=2.006E-01 s=[ 0 0 0 1 0 0 0 1 1 0 1 1 ]
d13=4.258648322903 eijMax=8.319E-04 rmsd=1.422E-01 s=[ 0 0 0 1 0 1 0 0 1 0 1 1 ]
d13=4.258648322903 eijMax=5.950E-03 rmsd=2.806E-01 s=[ 0 0 0 1 0 1 0 1 1 0 1 1 ]
d13=4.260591167728 eijMax=5.862E-03 rmsd=2.845E-01 s=[ 0 0 0 0 1 0 1 0 0 1 0 0 ]
d13=4.260591167728 eijMax=9.148E-04 rmsd=1.473E-01 s=[ 0 0 0 0 1 0 1 1 0 1 0 0 ]
d13=4.260591167728 eijMax=3.484E-03 rmsd=2.051E-01 s=[ 0 0 0 0 1 1 1 0 0 1 0 0 ]
d13=4.260591167728 eijMax=4.682E-03 rmsd=8.536E-02 s=[ 0 0 0 0 1 1 1 1 0 1 0 0 ]
d13=4.260591167728 eijMax=4.682E-03 rmsd=8.536E-02 s=[ 0 0 0 1 0 0 0 0 1 0 1 1 ]
d13=4.260591167728 eijMax=3.484E-03 rmsd=2.051E-01 s=[ 0 0 0 1 0 0 0 1 1 0 1 1 ]
d13=4.260591167728 eijMax=9.148E-04 rmsd=1.473E-01 s=[ 0 0 0 1 0 1 0 0 1 0 1 1 ]
d13=4.260591167728 eijMax=5.862E-03 rmsd=2.845E-01 s=[ 0 0 0 1 0 1 0 1 1 0 1 1 ]
d13=4.262534012553 eijMax=5.770E-03 rmsd=2.885E-01 s=[ 0 0 0 0 1 0 1 0 0 1 0 0 ]
d13=4.262534012553 eijMax=1.001E-03 rmsd=1.524E-01 s=[ 0 0 0 0 1 0 1 1 0 1 0 0 ]
d13=4.262534012553 eijMax=3.412E-03 rmsd=2.095E-01 s=[ 0 0 0 0 1 1 1 0 0 1 0 0 ]
d13=4.262534012553 eijMax=4.736E-03 rmsd=8.947E-02 s=[ 0 0 0 0 1 1 1 1 0 1 0 0 ]
d13=4.262534012553 eijMax=4.736E-03 rmsd=8.947E-02 s=[ 0 0 0 1 0 0 0 0 1 0 1 1 ]
d13=4.262534012553 eijMax=3.412E-03 rmsd=2.095E-01 s=[ 0 0 0 1 0 0 0 1 1 0 1 1 ]
d13=4.262534012553 eijMax=1.001E-03 rmsd=1.524E-01 s=[ 0 0 0 1 0 1 0 0 1 0 1 1 ]
d13=4.262534012553 eijMax=5.770E-03 rmsd=2.885E-01 s=[ 0 0 0 1 0 1 0 1 1 0 1 1 ]
d13=4.264476857377 eijMax=5.677E-03 rmsd=2.924E-01 s=[ 0 0 0 0 1 0 1 0 0 1 0 0 ]
d13=4.264476857377 eijMax=1.089E-03 rmsd=1.574E-01 s=[ 0 0 0 0 1 0 1 1 0 1 0 0 ]
d13=4.264476857377 eijMax=3.336E-03 rmsd=2.139E-01 s=[ 0 0 0 0 1 1 1 0 0 1 0 0 ]
d13=4.264476857377 eijMax=4.794E-03 rmsd=9.372E-02 s=[ 0 0 0 0 1 1 1 1 0 1 0 0 ]
d13=4.264476857377 eijMax=4.794E-03 rmsd=9.372E-02 s=[ 0 0 0 1 0 0 0 0 1 0 1 1 ]
d13=4.264476857377 eijMax=3.336E-03 rmsd=2.139E-01 s=[ 0 0 0 1 0 0 0 1 1 0 1 1 ]
d13=4.264476857377 eijMax=1.089E-03 rmsd=1.574E-01 s=[ 0 0 0 1 0 1 0 0 1 0 1 1 ]
d13=4.264476857377 eijMax=5.677E-03 rmsd=2.924E-01 s=[ 0 0 0 1 0 1 0 1 1 0 1 1 ]
d13=4.266419702202 eijMax=5.582E-03 rmsd=2.962E-01 s=[ 0 0 0 0 1 0 1 0 0 1 0 0 ]
d13=4.266419702202 eijMax=1.181E-03 rmsd=1.624E-01 s=[ 0 0 0 0 1 0 1 1 0 1 0 0 ]
d13=4.266419702202 eijMax=3.258E-03 rmsd=2.182E-01 s=[ 0 0 0 0 1 1 1 0 0 1 0 0 ]
d13=4.266419702202 eijMax=4.856E-03 rmsd=9.807E-02 s=[ 0 0 0 0 1 1 1 1 0 1 0 0 ]
d13=4.266419702202 eijMax=4.856E-03 rmsd=9.807E-02 s=[ 0 0 0 1 0 0 0 0 1 0 1 1 ]
d13=4.266419702202 eijMax=3.258E-03 rmsd=2.182E-01 s=[ 0 0 0 1 0 0 0 1 1 0 1 1 ]
d13=4.266419702202 eijMax=1.181E-03 rmsd=1.624E-01 s=[ 0 0 0 1 0 1 0 0 1 0 1 1 ]
d13=4.266419702202 eijMax=5.582E-03 rmsd=2.962E-01 s=[ 0 0 0 1 0 1 0 1 1 0 1 1 ]
d13=4.268362547027 eijMax=5.485E-03 rmsd=3.000E-01 s=[ 0 0 0 0 1 0 1 0 0 1 0 0 ]
d13=4.268362547027 eijMax=1.275E-03 rmsd=1.673E-01 s=[ 0 0 0 0 1 0 1 1 0 1 0 0 ]
d13=4.268362547027 eijMax=3.178E-03 rmsd=2.226E-01 s=[ 0 0 0 0 1 1 1 0 0 1 0 0 ]
d13=4.268362547027 eijMax=4.922E-03 rmsd=1.025E-01 s=[ 0 0 0 0 1 1 1 1 0 1 0 0 ]
d13=4.268362547027 eijMax=4.922E-03 rmsd=1.025E-01 s=[ 0 0 0 1 0 0 0 0 1 0 1 1 ]
d13=4.268362547027 eijMax=3.178E-03 rmsd=2.226E-01 s=[ 0 0 0 1 0 0 0 1 1 0 1 1 ]
d13=4.268362547027 eijMax=1.275E-03 rmsd=1.673E-01 s=[ 0 0 0 1 0 1 0 0 1 0 1 1 ]
d13=4.268362547027 eijMax=5.485E-03 rmsd=3.000E-01 s=[ 0 0 0 1 0 1 0 1 1 0 1 1 ]
d13=4.270305391852 eijMax=5.385E-03 rmsd=3.038E-01 s=[ 0 0 0 0 1 0 1 0 0 1 0 0 ]
d13=4.270305391852 eijMax=1.372E-03 rmsd=1.722E-01 s=[ 0 0 0 0 1 0 1 1 0 1 0 0 ]
d13=4.270305391852 eijMax=3.095E-03 rmsd=2.269E-01 s=[ 0 0 0 0 1 1 1 0 0 1 0 0 ]
d13=4.270305391852 eijMax=4.991E-03 rmsd=1.070E-01 s=[ 0 0 0 0 1 1 1 1 0 1 0 0 ]
d13=4.270305391852 eijMax=4.991E-03 rmsd=1.070E-01 s=[ 0 0 0 1 0 0 0 0 1 0 1 1 ]
d13=4.270305391852 eijMax=3.095E-03 rmsd=2.269E-01 s=[ 0 0 0 1 0 0 0 1 1 0 1 1 ]
d13=4.270305391852 eijMax=1.372E-03 rmsd=1.722E-01 s=[ 0 0 0 1 0 1 0 0 1 0 1 1 ]
d13=4.270305391852 eijMax=5.385E-03 rmsd=3.038E-01 s=[ 0 0 0 1 0 1 0 1 1 0 1 1 ]
d13=4.272248236677 eijMax=5.284E-03 rmsd=3.076E-01 s=[ 0 0 0 0 1 0 1 0 0 1 0 0 ]
d13=4.272248236677 eijMax=1.471E-03 rmsd=1.770E-01 s=[ 0 0 0 0 1 0 1 1 0 1 0 0 ]
d13=4.272248236677 eijMax=3.009E-03 rmsd=2.311E-01 s=[ 0 0 0 0 1 1 1 0 0 1 0 0 ]
d13=4.272248236677 eijMax=5.063E-03 rmsd=1.115E-01 s=[ 0 0 0 0 1 1 1 1 0 1 0 0 ]
d13=4.272248236677 eijMax=5.063E-03 rmsd=1.115E-01 s=[ 0 0 0 1 0 0 0 0 1 0 1 1 ]
d13=4.272248236677 eijMax=3.009E-03 rmsd=2.311E-01 s=[ 0 0 0 1 0 0 0 1 1 0 1 1 ]
d13=4.272248236677 eijMax=1.471E-03 rmsd=1.770E-01 s=[ 0 0 0 1 0 1 0 0 1 0 1 1 ]
d13=4.272248236677 eijMax=5.284E-03 rmsd=3.076E-01 s=[ 0 0 0 1 0 1 0 1 1 0 1 1 ]
d13=4.274191081502 eijMax=5.180E-03 rmsd=3.113E-01 s=[ 0 0 0 0 1 0 1 0 0 1 0 0 ]
d13=4.274191081502 eijMax=1.574E-03 rmsd=1.817E-01 s=[ 0 0 0 0 1 0 1 1 0 1 0 0 ]
d13=4.274191081502 eijMax=2.921E-03 rmsd=2.354E-01 s=[ 0 0 0 0 1 1 1 0 0 1 0 0 ]
d13=4.274191081502 eijMax=5.139E-03 rmsd=1.161E-01 s=[ 0 0 0 0 1 1 1 1 0 1 0 0 ]
d13=4.274191081502 eijMax=5.139E-03 rmsd=1.161E-01 s=[ 0 0 0 1 0 0 0 0 1 0 1 1 ]
d13=4.274191081502 eijMax=2.921E-03 rmsd=2.354E-01 s=[ 0 0 0 1 0 0 0 1 1 0 1 1 ]
d13=4.274191081502 eijMax=1.574E-03 rmsd=1.817E-01 s=[ 0 0 0 1 0 1 0 0 1 0 1 1 ]
d13=4.274191081502 eijMax=5.180E-03 rmsd=3.113E-01 s=[ 0 0 0 1 0 1 0 1 1 0 1 1 ]
d13=4.276133926326 eijMax=5.075E-03 rmsd=3.150E-01 s=[ 0 0 0 0 1 0 1 0 0 1 0 0 ]
d13=4.276133926326 eijMax=1.678E-03 rmsd=1.864E-01 s=[ 0 0 0 0 1 0 1 1 0 1 0 0 ]
d13=4.276133926326 eijMax=2.831E-03 rmsd=2.396E-01 s=[ 0 0 0 0 1 1 1 0 0 1 0 0 ]
d13=4.276133926326 eijMax=5.218E-03 rmsd=1.207E-01 s=[ 0 0 0 0 1 1 1 1 0 1 0 0 ]
d13=4.276133926326 eijMax=5.218E-03 rmsd=1.207E-01 s=[ 0 0 0 1 0 0 0 0 1 0 1 1 ]
d13=4.276133926326 eijMax=2.831E-03 rmsd=2.396E-01 s=[ 0 0 0 1 0 0 0 1 1 0 1 1 ]
d13=4.276133926326 eijMax=1.678E-03 rmsd=1.864E-01 s=[ 0 0 0 1 0 1 0 0 1 0 1 1 ]
d13=4.276133926326 eijMax=5.075E-03 rmsd=3.150E-01 s=[ 0 0 0 1 0 1 0 1 1 0 1 1 ]
d13=4.278076771151 eijMax=4.968E-03 rmsd=3.187E-01 s=[ 0 0 0 0 1 0 1 0 0 1 0 0 ]
d13=4.278076771151 eijMax=1.786E-03 rmsd=1.911E-01 s=[ 0 0 0 0 1 0 1 1 0 1 0 0 ]
d13=4.278076771151 eijMax=2.738E-03 rmsd=2.438E-01 s=[ 0 0 0 0 1 1 1 0 0 1 0 0 ]
d13=4.278076771151 eijMax=5.300E-03 rmsd=1.253E-01 s=[ 0 0 0 0 1 1 1 1 0 1 0 0 ]
d13=4.278076771151 eijMax=5.300E-03 rmsd=1.253E-01 s=[ 0 0 0 1 0 0 0 0 1 0 1 1 ]
d13=4.278076771151 eijMax=2.738E-03 rmsd=2.438E-01 s=[ 0 0 0 1 0 0 0 1 1 0 1 1 ]
d13=4.278076771151 eijMax=1.786E-03 rmsd=1.911E-01 s=[ 0 0 0 1 0 1 0 0 1 0 1 1 ]
d13=4.278076771151 eijMax=4.968E-03 rmsd=3.187E-01 s=[ 0 0 0 1 0 1 0 1 1 0 1 1 ]
d13=4.280019615976 eijMax=4.858E-03 rmsd=3.224E-01 s=[ 0 0 0 0 1 0 1 0 0 1 0 0 ]
d13=4.280019615976 eijMax=1.895E-03 rmsd=1.957E-01 s=[ 0 0 0 0 1 0 1 1 0 1 0 0 ]
d13=4.280019615976 eijMax=2.642E-03 rmsd=2.479E-01 s=[ 0 0 0 0 1 1 1 0 0 1 0 0 ]
d13=4.280019615976 eijMax=5.386E-03 rmsd=1.299E-01 s=[ 0 0 0 0 1 1 1 1 0 1 0 0 ]
d13=4.280019615976 eijMax=5.386E-03 rmsd=1.299E-01 s=[ 0 0 0 1 0 0 0 0 1 0 1 1 ]
d13=4.280019615976 eijMax=2.642E-03 rmsd=2.479E-01 s=[ 0 0 0 1 0 0 0 1 1 0 1 1 ]
d13=4.280019615976 eijMax=1.895E-03 rmsd=1.957E-01 s=[ 0 0 0 1 0 1 0 0 1 0 1 1 ]
d13=4.280019615976 eijMax=4.858E-03 rmsd=3.224E-01 s=[ 0 0 0 1 0 1 0 1 1 0 1 1 ]
d13=4.281962460801 eijMax=4.747E-03 rmsd=3.260E-01 s=[ 0 0 0 0 1 0 1 0 0 1 0 0 ]
d13=4.281962460801 eijMax=2.008E-03 rmsd=2.003E-01 s=[ 0 0 0 0 1 0 1 1 0 1 0 0 ]
d13=4.281962460801 eijMax=2.545E-03 rmsd=2.520E-01 s=[ 0 0 0 0 1 1 1 0 0 1 0 0 ]
d13=4.281962460801 eijMax=5.474E-03 rmsd=1.345E-01 s=[ 0 0 0 0 1 1 1 1 0 1 0 0 ]
d13=4.281962460801 eijMax=5.474E-03 rmsd=1.345E-01 s=[ 0 0 0 1 0 0 0 0 1 0 1 1 ]
d13=4.281962460801 eijMax=2.545E-03 rmsd=2.520E-01 s=[ 0 0 0 1 0 0 0 1 1 0 1 1 ]
d13=4.281962460801 eijMax=2.008E-03 rmsd=2.003E-01 s=[ 0 0 0 1 0 1 0 0 1 0 1 1 ]
d13=4.281962460801 eijMax=4.747E-03 rmsd=3.260E-01 s=[ 0 0 0 1 0 1 0 1 1 0 1 1 ]
d13=4.283905305626 eijMax=4.634E-03 rmsd=3.296E-01 s=[ 0 0 0 0 1 0 1 0 0 1 0 0 ]
d13=4.283905305626 eijMax=2.122E-03 rmsd=2.048E-01 s=[ 0 0 0 0 1 0 1 1 0 1 0 0 ]
d13=4.283905305626 eijMax=2.445E-03 rmsd=2.561E-01 s=[ 0 0 0 0 1 1 1 0 0 1 0 0 ]
d13=4.283905305626 eijMax=5.565E-03 rmsd=1.391E-01 s=[ 0 0 0 0 1 1 1 1 0 1 0 0 ]
d13=4.283905305626 eijMax=5.565E-03 rmsd=1.391E-01 s=[ 0 0 0 1 0 0 0 0 1 0 1 1 ]
d13=4.283905305626 eijMax=2.445E-03 rmsd=2.561E-01 s=[ 0 0 0 1 0 0 0 1 1 0 1 1 ]
d13=4.283905305626 eijMax=2.122E-03 rmsd=2.048E-01 s=[ 0 0 0 1 0 1 0 0 1 0 1 1 ]
d13=4.283905305626 eijMax=4.634E-03 rmsd=3.296E-01 s=[ 0 0 0 1 0 1 0 1 1 0 1 1 ]
d13=4.285848150450 eijMax=4.519E-03 rmsd=3.332E-01 s=[ 0 0 0 0 1 0 1 0 0 1 0 0 ]
d13=4.285848150450 eijMax=2.239E-03 rmsd=2.093E-01 s=[ 0 0 0 0 1 0 1 1 0 1 0 0 ]
d13=4.285848150450 eijMax=2.343E-03 rmsd=2.602E-01 s=[ 0 0 0 0 1 1 1 0 0 1 0 0 ]
d13=4.285848150450 eijMax=5.660E-03 rmsd=1.436E-01 s=[ 0 0 0 0 1 1 1 1 0 1 0 0 ]
d13=4.285848150450 eijMax=5.660E-03 rmsd=1.436E-01 s=[ 0 0 0 1 0 0 0 0 1 0 1 1 ]
d13=4.285848150450 eijMax=2.343E-03 rmsd=2.602E-01 s=[ 0 0 0 1 0 0 0 1 1 0 1 1 ]
d13=4.285848150450 eijMax=2.239E-03 rmsd=2.093E-01 s=[ 0 0 0 1 0 1 0 0 1 0 1 1 ]
d13=4.285848150450 eijMax=4.519E-03 rmsd=3.332E-01 s=[ 0 0 0 1 0 1 0 1 1 0 1 1 ]
d13=4.287790995275 eijMax=4.402E-03 rmsd=3.367E-01 s=[ 0 0 0 0 1 0 1 0 0 1 0 0 ]
d13=4.287790995275 eijMax=2.359E-03 rmsd=2.137E-01 s=[ 0 0 0 0 1 0 1 1 0 1 0 0 ]
d13=4.287790995275 eijMax=2.239E-03 rmsd=2.642E-01 s=[ 0 0 0 0 1 1 1 0 0 1 0 0 ]
d13=4.287790995275 eijMax=5.757E-03 rmsd=1.482E-01 s=[ 0 0 0 0 1 1 1 1 0 1 0 0 ]
d13=4.287790995275 eijMax=5.757E-03 rmsd=1.482E-01 s=[ 0 0 0 1 0 0 0 0 1 0 1 1 ]
d13=4.287790995275 eijMax=2.239E-03 rmsd=2.642E-01 s=[ 0 0 0 1 0 0 0 1 1 0 1 1 ]
d13=4.287790995275 eijMax=2.359E-03 rmsd=2.137E-01 s=[ 0 0 0 1 0 1 0 0 1 0 1 1 ]
d13=4.287790995275 eijMax=4.402E-03 rmsd=3.367E-01 s=[ 0 0 0 1 0 1 0 1 1 0 1 1 ]
d13=4.289733840100 eijMax=4.283E-03 rmsd=3.403E-01 s=[ 0 0 0 0 1 0 1 0 0 1 0 0 ]
d13=4.289733840100 eijMax=2.480E-03 rmsd=2.181E-01 s=[ 0 0 0 0 1 0 1 1 0 1 0 0 ]
d13=4.289733840100 eijMax=2.132E-03 rmsd=2.682E-01 s=[ 0 0 0 0 1 1 1 0 0 1 0 0 ]
d13=4.289733840100 eijMax=5.857E-03 rmsd=1.528E-01 s=[ 0 0 0 0 1 1 1 1 0 1 0 0 ]
d13=4.289733840100 eijMax=5.857E-03 rmsd=1.528E-01 s=[ 0 0 0 1 0 0 0 0 1 0 1 1 ]
d13=4.289733840100 eijMax=2.132E-03 rmsd=2.682E-01 s=[ 0 0 0 1 0 0 0 1 1 0 1 1 ]
d13=4.289733840100 eijMax=2.480E-03 rmsd=2.181E-01 s=[ 0 0 0 1 0 1 0 0 1 0 1 1 ]
d13=4.289733840100 eijMax=4.283E-03 rmsd=3.403E-01 s=[ 0 0 0 1 0 1 0 1 1 0 1 1 ]
d13=4.291676684925 eijMax=4.163E-03 rmsd=3.438E-01 s=[ 0 0 0 0 1 0 1 0 0 1 0 0 ]
d13=4.291676684925 eijMax=2.604E-03 rmsd=2.225E-01 s=[ 0 0 0 0 1 0 1 1 0 1 0 0 ]
d13=4.291676684925 eijMax=2.023E-03 rmsd=2.722E-01 s=[ 0 0 0 0 1 1 1 0 0 1 0 0 ]
d13=4.291676684925 eijMax=5.960E-03 rmsd=1.573E-01 s=[ 0 0 0 0 1 1 1 1 0 1 0 0 ]
d13=4.291676684925 eijMax=5.960E-03 rmsd=1.573E-01 s=[ 0 0 0 1 0 0 0 0 1 0 1 1 ]
d13=4.291676684925 eijMax=2.023E-03 rmsd=2.722E-01 s=[ 0 0 0 1 0 0 0 1 1 0 1 1 ]
d13=4.291676684925 eijMax=2.604E-03 rmsd=2.225E-01 s=[ 0 0 0 1 0 1 0 0 1 0 1 1 ]
d13=4.291676684925 eijMax=4.163E-03 rmsd=3.438E-01 s=[ 0 0 0 1 0 1 0 1 1 0 1 1 ]
d13=4.293619529750 eijMax=4.040E-03 rmsd=3.473E-01 s=[ 0 0 0 0 1 0 1 0 0 1 0 0 ]
d13=4.293619529750 eijMax=2.730E-03 rmsd=2.268E-01 s=[ 0 0 0 0 1 0 1 1 0 1 0 0 ]
d13=4.293619529750 eijMax=1.913E-03 rmsd=2.762E-01 s=[ 0 0 0 0 1 1 1 0 0 1 0 0 ]
d13=4.293619529750 eijMax=6.065E-03 rmsd=1.619E-01 s=[ 0 0 0 0 1 1 1 1 0 1 0 0 ]
d13=4.293619529750 eijMax=6.065E-03 rmsd=1.619E-01 s=[ 0 0 0 1 0 0 0 0 1 0 1 1 ]
d13=4.293619529750 eijMax=1.913E-03 rmsd=2.762E-01 s=[ 0 0 0 1 0 0 0 1 1 0 1 1 ]
d13=4.293619529750 eijMax=2.730E-03 rmsd=2.268E-01 s=[ 0 0 0 1 0 1 0 0 1 0 1 1 ]
d13=4.293619529750 eijMax=4.040E-03 rmsd=3.473E-01 s=[ 0 0 0 1 0 1 0 1 1 0 1 1 ]
d13=4.295562374575 eijMax=3.916E-03 rmsd=3.507E-01 s=[ 0 0 0 0 1 0 1 0 0 1 0 0 ]
d13=4.295562374575 eijMax=2.858E-03 rmsd=2.311E-01 s=[ 0 0 0 0 1 0 1 1 0 1 0 0 ]
d13=4.295562374575 eijMax=1.800E-03 rmsd=2.801E-01 s=[ 0 0 0 0 1 1 1 0 0 1 0 0 ]
d13=4.295562374575 eijMax=6.174E-03 rmsd=1.664E-01 s=[ 0 0 0 0 1 1 1 1 0 1 0 0 ]
d13=4.295562374575 eijMax=6.174E-03 rmsd=1.664E-01 s=[ 0 0 0 1 0 0 0 0 1 0 1 1 ]
d13=4.295562374575 eijMax=1.800E-03 rmsd=2.801E-01 s=[ 0 0 0 1 0 0 0 1 1 0 1 1 ]
d13=4.295562374575 eijMax=2.858E-03 rmsd=2.311E-01 s=[ 0 0 0 1 0 1 0 0 1 0 1 1 ]
d13=4.295562374575 eijMax=3.916E-03 rmsd=3.507E-01 s=[ 0 0 0 1 0 1 0 1 1 0 1 1 ]
d13=4.297505219399 eijMax=3.790E-03 rmsd=3.542E-01 s=[ 0 0 0 0 1 0 1 0 0 1 0 0 ]
d13=4.297505219399 eijMax=2.989E-03 rmsd=2.354E-01 s=[ 0 0 0 0 1 0 1 1 0 1 0 0 ]
d13=4.297505219399 eijMax=1.685E-03 rmsd=2.840E-01 s=[ 0 0 0 0 1 1 1 0 0 1 0 0 ]
d13=4.297505219399 eijMax=6.285E-03 rmsd=1.709E-01 s=[ 0 0 0 0 1 1 1 1 0 1 0 0 ]
d13=4.297505219399 eijMax=6.285E-03 rmsd=1.709E-01 s=[ 0 0 0 1 0 0 0 0 1 0 1 1 ]
d13=4.297505219399 eijMax=1.685E-03 rmsd=2.840E-01 s=[ 0 0 0 1 0 0 0 1 1 0 1 1 ]
d13=4.297505219399 eijMax=2.989E-03 rmsd=2.354E-01 s=[ 0 0 0 1 0 1 0 0 1 0 1 1 ]
d13=4.297505219399 eijMax=3.790E-03 rmsd=3.542E-01 s=[ 0 0 0 1 0 1 0 1 1 0 1 1 ]
d13=4.299448064224 eijMax=3.662E-03 rmsd=3.576E-01 s=[ 0 0 0 0 1 0 1 0 0 1 0 0 ]
d13=4.299448064224 eijMax=3.122E-03 rmsd=2.396E-01 s=[ 0 0 0 0 1 0 1 1 0 1 0 0 ]
d13=4.299448064224 eijMax=1.568E-03 rmsd=2.879E-01 s=[ 0 0 0 0 1 1 1 0 0 1 0 0 ]
d13=4.299448064224 eijMax=6.398E-03 rmsd=1.753E-01 s=[ 0 0 0 0 1 1 1 1 0 1 0 0 ]
d13=4.299448064224 eijMax=6.398E-03 rmsd=1.753E-01 s=[ 0 0 0 1 0 0 0 0 1 0 1 1 ]
d13=4.299448064224 eijMax=1.568E-03 rmsd=2.879E-01 s=[ 0 0 0 1 0 0 0 1 1 0 1 1 ]
d13=4.299448064224 eijMax=3.122E-03 rmsd=2.396E-01 s=[ 0 0 0 1 0 1 0 0 1 0 1 1 ]
d13=4.299448064224 eijMax=3.662E-03 rmsd=3.576E-01 s=[ 0 0 0 1 0 1 0 1 1 0 1 1 ]
d13=4.301390909049 eijMax=3.532E-03 rmsd=3.610E-01 s=[ 0 0 0 0 1 0 1 0 0 1 0 0 ]
d13=4.301390909049 eijMax=3.257E-03 rmsd=2.438E-01 s=[ 0 0 0 0 1 0 1 1 0 1 0 0 ]
d13=4.301390909049 eijMax=1.449E-03 rmsd=2.918E-01 s=[ 0 0 0 0 1 1 1 0 0 1 0 0 ]
d13=4.301390909049 eijMax=6.514E-03 rmsd=1.798E-01 s=[ 0 0 0 0 1 1 1 1 0 1 0 0 ]
d13=4.301390909049 eijMax=6.514E-03 rmsd=1.798E-01 s=[ 0 0 0 1 0 0 0 0 1 0 1 1 ]
d13=4.301390909049 eijMax=1.449E-03 rmsd=2.918E-01 s=[ 0 0 0 1 0 0 0 1 1 0 1 1 ]
d13=4.301390909049 eijMax=3.257E-03 rmsd=2.438E-01 s=[ 0 0 0 1 0 1 0 0 1 0 1 1 ]
d13=4.301390909049 eijMax=3.532E-03 rmsd=3.610E-01 s=[ 0 0 0 1 0 1 0 1 1 0 1 1 ]
d13=4.303333753874 eijMax=3.401E-03 rmsd=3.644E-01 s=[ 0 0 0 0 1 0 1 0 0 1 0 0 ]
d13=4.303333753874 eijMax=3.394E-03 rmsd=2.480E-01 s=[ 0 0 0 0 1 0 1 1 0 1 0 0 ]
d13=4.303333753874 eijMax=1.327E-03 rmsd=2.956E-01 s=[ 0 0 0 0 1 1 1 0 0 1 0 0 ]
d13=4.303333753874 eijMax=6.633E-03 rmsd=1.842E-01 s=[ 0 0 0 0 1 1 1 1 0 1 0 0 ]
d13=4.303333753874 eijMax=6.633E-03 rmsd=1.842E-01 s=[ 0 0 0 1 0 0 0 0 1 0 1 1 ]
d13=4.303333753874 eijMax=1.327E-03 rmsd=2.956E-01 s=[ 0 0 0 1 0 0 0 1 1 0 1 1 ]
d13=4.303333753874 eijMax=3.394E-03 rmsd=2.480E-01 s=[ 0 0 0 1 0 1 0 0 1 0 1 1 ]
d13=4.303333753874 eijMax=3.401E-03 rmsd=3.644E-01 s=[ 0 0 0 1 0 1 0 1 1 0 1 1 ]
d13=4.305276598699 eijMax=3.268E-03 rmsd=3.678E-01 s=[ 0 0 0 0 1 0 1 0 0 1 0 0 ]
d13=4.305276598699 eijMax=3.533E-03 rmsd=2.521E-01 s=[ 0 0 0 0 1 0 1 1 0 1 0 0 ]
d13=4.305276598699 eijMax=1.204E-03 rmsd=2.994E-01 s=[ 0 0 0 0 1 1 1 0 0 1 0 0 ]
d13=4.305276598699 eijMax=6.754E-03 rmsd=1.886E-01 s=[ 0 0 0 0 1 1 1 1 0 1 0 0 ]
d13=4.305276598699 eijMax=6.754E-03 rmsd=1.886E-01 s=[ 0 0 0 1 0 0 0 0 1 0 1 1 ]
d13=4.305276598699 eijMax=1.204E-03 rmsd=2.994E-01 s=[ 0 0 0 1 0 0 0 1 1 0 1 1 ]
d13=4.305276598699 eijMax=3.533E-03 rmsd=2.521E-01 s=[ 0 0 0 1 0 1 0 0 1 0 1 1 ]
d13=4.305276598699 eijMax=3.268E-03 rmsd=3.678E-01 s=[ 0 0 0 1 0 1 0 1 1 0 1 1 ]
d13=4.307219443524 eijMax=3.133E-03 rmsd=3.711E-01 s=[ 0 0 0 0 1 0 1 0 0 1 0 0 ]
d13=4.307219443524 eijMax=3.674E-03 rmsd=2.562E-01 s=[ 0 0 0 0 1 0 1 1 0 1 0 0 ]
d13=4.307219443524 eijMax=1.079E-03 rmsd=3.032E-01 s=[ 0 0 0 0 1 1 1 0 0 1 0 0 ]
d13=4.307219443524 eijMax=6.878E-03 rmsd=1.930E-01 s=[ 0 0 0 0 1 1 1 1 0 1 0 0 ]
d13=4.307219443524 eijMax=6.878E-03 rmsd=1.930E-01 s=[ 0 0 0 1 0 0 0 0 1 0 1 1 ]
d13=4.307219443524 eijMax=1.079E-03 rmsd=3.032E-01 s=[ 0 0 0 1 0 0 0 1 1 0 1 1 ]
d13=4.307219443524 eijMax=3.674E-03 rmsd=2.562E-01 s=[ 0 0 0 1 0 1 0 0 1 0 1 1 ]
d13=4.307219443524 eijMax=3.133E-03 rmsd=3.711E-01 s=[ 0 0 0 1 0 1 0 1 1 0 1 1 ]
d13=4.309162288348 eijMax=2.996E-03 rmsd=3.744E-01 s=[ 0 0 0 0 1 0 1 0 0 1 0 0 ]
d13=4.309162288348 eijMax=3.817E-03 rmsd=2.603E-01 s=[ 0 0 0 0 1 0 1 1 0 1 0 0 ]
d13=4.309162288348 eijMax=9.521E-04 rmsd=3.070E-01 s=[ 0 0 0 0 1 1 1 0 0 1 0 0 ]
d13=4.309162288348 eijMax=7.004E-03 rmsd=1.974E-01 s=[ 0 0 0 0 1 1 1 1 0 1 0 0 ]
d13=4.309162288348 eijMax=7.004E-03 rmsd=1.974E-01 s=[ 0 0 0 1 0 0 0 0 1 0 1 1 ]
d13=4.309162288348 eijMax=9.521E-04 rmsd=3.070E-01 s=[ 0 0 0 1 0 0 0 1 1 0 1 1 ]
d13=4.309162288348 eijMax=3.817E-03 rmsd=2.603E-01 s=[ 0 0 0 1 0 1 0 0 1 0 1 1 ]
d13=4.309162288348 eijMax=2.996E-03 rmsd=3.744E-01 s=[ 0 0 0 1 0 1 0 1 1 0 1 1 ]
d13=4.311105133173 eijMax=2.858E-03 rmsd=3.778E-01 s=[ 0 0 0 0 1 0 1 0 0 1 0 0 ]
d13=4.311105133173 eijMax=3.963E-03 rmsd=2.644E-01 s=[ 0 0 0 0 1 0 1 1 0 1 0 0 ]
d13=4.311105133173 eijMax=8.230E-04 rmsd=3.108E-01 s=[ 0 0 0 0 1 1 1 0 0 1 0 0 ]
d13=4.311105133173 eijMax=7.132E-03 rmsd=2.017E-01 s=[ 0 0 0 0 1 1 1 1 0 1 0 0 ]
d13=4.311105133173 eijMax=7.132E-03 rmsd=2.017E-01 s=[ 0 0 0 1 0 0 0 0 1 0 1 1 ]
d13=4.311105133173 eijMax=8.230E-04 rmsd=3.108E-01 s=[ 0 0 0 1 0 0 0 1 1 0 1 1 ]
d13=4.311105133173 eijMax=3.963E-03 rmsd=2.644E-01 s=[ 0 0 0 1 0 1 0 0 1 0 1 1 ]
d13=4.311105133173 eijMax=2.858E-03 rmsd=3.778E-01 s=[ 0 0 0 1 0 1 0 1 1 0 1 1 ]
d13=4.313047977998 eijMax=2.717E-03 rmsd=3.811E-01 s=[ 0 0 0 0 1 0 1 0 0 1 0 0 ]
d13=4.313047977998 eijMax=4.110E-03 rmsd=2.684E-01 s=[ 0 0 0 0 1 0 1 1 0 1 0 0 ]
d13=4.313047977998 eijMax=6.919E-04 rmsd=3.145E-01 s=[ 0 0 0 0 1 1 1 0 0 1 0 0 ]
d13=4.313047977998 eijMax=7.263E-03 rmsd=2.060E-01 s=[ 0 0 0 0 1 1 1 1 0 1 0 0 ]
d13=4.313047977998 eijMax=7.263E-03 rmsd=2.060E-01 s=[ 0 0 0 1 0 0 0 0 1 0 1 1 ]
d13=4.313047977998 eijMax=6.919E-04 rmsd=3.145E-01 s=[ 0 0 0 1 0 0 0 1 1 0 1 1 ]
d13=4.313047977998 eijMax=4.110E-03 rmsd=2.684E-01 s=[ 0 0 0 1 0 1 0 0 1 0 1 1 ]
d13=4.313047977998 eijMax=2.717E-03 rmsd=3.811E-01 s=[ 0 0 0 1 0 1 0 1 1 0 1 1 ]
d13=4.314990822823 eijMax=2.575E-03 rmsd=3.843E-01 s=[ 0 0 0 0 1 0 1 0 0 1 0 0 ]
d13=4.314990822823 eijMax=4.259E-03 rmsd=2.724E-01 s=[ 0 0 0 0 1 0 1 1 0 1 0 0 ]
d13=4.314990822823 eijMax=5.589E-04 rmsd=3.182E-01 s=[ 0 0 0 0 1 1 1 0 0 1 0 0 ]
d13=4.314990822823 eijMax=7.396E-03 rmsd=2.103E-01 s=[ 0 0 0 0 1 1 1 1 0 1 0 0 ]
d13=4.314990822823 eijMax=7.396E-03 rmsd=2.103E-01 s=[ 0 0 0 1 0 0 0 0 1 0 1 1 ]
d13=4.314990822823 eijMax=5.589E-04 rmsd=3.182E-01 s=[ 0 0 0 1 0 0 0 1 1 0 1 1 ]
d13=4.314990822823 eijMax=4.259E-03 rmsd=2.724E-01 s=[ 0 0 0 1 0 1 0 0 1 0 1 1 ]
d13=4.314990822823 eijMax=2.575E-03 rmsd=3.843E-01 s=[ 0 0 0 1 0 1 0 1 1 0 1 1 ]
d13=4.316933667648 eijMax=2.432E-03 rmsd=3.876E-01 s=[ 0 0 0 0 1 0 1 0 0 1 0 0 ]
d13=4.316933667648 eijMax=4.411E-03 rmsd=2.764E-01 s=[ 0 0 0 0 1 0 1 1 0 1 0 0 ]
d13=4.316933667648 eijMax=4.240E-04 rmsd=3.219E-01 s=[ 0 0 0 0 1 1 1 0 0 1 0 0 ]
d13=4.316933667648 eijMax=7.532E-03 rmsd=2.146E-01 s=[ 0 0 0 0 1 1 1 1 0 1 0 0 ]
d13=4.316933667648 eijMax=7.532E-03 rmsd=2.146E-01 s=[ 0 0 0 1 0 0 0 0 1 0 1 1 ]
d13=4.316933667648 eijMax=4.240E-04 rmsd=3.219E-01 s=[ 0 0 0 1 0 0 0 1 1 0 1 1 ]
d13=4.316933667648 eijMax=4.411E-03 rmsd=2.764E-01 s=[ 0 0 0 1 0 1 0 0 1 0 1 1 ]
d13=4.316933667648 eijMax=2.432E-03 rmsd=3.876E-01 s=[ 0 0 0 1 0 1 0 1 1 0 1 1 ]
d13=4.318876512472 eijMax=2.286E-03 rmsd=3.909E-01 s=[ 0 0 0 0 1 0 1 0 0 1 0 0 ]
d13=4.318876512472 eijMax=4.564E-03 rmsd=2.803E-01 s=[ 0 0 0 0 1 0 1 1 0 1 0 0 ]
d13=4.318876512472 eijMax=2.872E-04 rmsd=3.256E-01 s=[ 0 0 0 0 1 1 1 0 0 1 0 0 ]
d13=4.318876512472 eijMax=7.670E-03 rmsd=2.188E-01 s=[ 0 0 0 0 1 1 1 1 0 1 0 0 ]
d13=4.318876512472 eijMax=7.670E-03 rmsd=2.188E-01 s=[ 0 0 0 1 0 0 0 0 1 0 1 1 ]
d13=4.318876512472 eijMax=2.872E-04 rmsd=3.256E-01 s=[ 0 0 0 1 0 0 0 1 1 0 1 1 ]
d13=4.318876512472 eijMax=4.564E-03 rmsd=2.803E-01 s=[ 0 0 0 1 0 1 0 0 1 0 1 1 ]
d13=4.318876512472 eijMax=2.286E-03 rmsd=3.909E-01 s=[ 0 0 0 1 0 1 0 1 1 0 1 1 ]
d13=4.320819357297 eijMax=2.139E-03 rmsd=3.941E-01 s=[ 0 0 0 0 1 0 1 0 0 1 0 0 ]
d13=4.320819357297 eijMax=4.720E-03 rmsd=2.842E-01 s=[ 0 0 0 0 1 0 1 1 0 1 0 0 ]
d13=4.320819357297 eijMax=1.484E-04 rmsd=3.292E-01 s=[ 0 0 0 0 1 1 1 0 0 1 0 0 ]
d13=4.320819357297 eijMax=7.810E-03 rmsd=2.230E-01 s=[ 0 0 0 0 1 1 1 1 0 1 0 0 ]
d13=4.320819357297 eijMax=7.810E-03 rmsd=2.230E-01 s=[ 0 0 0 1 0 0 0 0 1 0 1 1 ]
d13=4.320819357297 eijMax=1.484E-04 rmsd=3.292E-01 s=[ 0 0 0 1 0 0 0 1 1 0 1 1 ]
d13=4.320819357297 eijMax=4.720E-03 rmsd=2.842E-01 s=[ 0 0 0 1 0 1 0 0 1 0 1 1 ]
d13=4.320819357297 eijMax=2.139E-03 rmsd=3.941E-01 s=[ 0 0 0 1 0 1 0 1 1 0 1 1 ]
d13=4.322762202122 eijMax=1.990E-03 rmsd=3.973E-01 s=[ 0 0 0 0 1 0 1 0 0 1 0 0 ]
d13=4.322762202122 eijMax=4.877E-03 rmsd=2.881E-01 s=[ 0 0 0 0 1 0 1 1 0 1 0 0 ]
d13=4.322762202122 eijMax=7.743E-06 rmsd=3.328E-01 s=[ 0 0 0 0 1 1 1 0 0 1 0 0 ]
d13=4.322762202122 eijMax=7.953E-03 rmsd=2.272E-01 s=[ 0 0 0 0 1 1 1 1 0 1 0 0 ]
d13=4.322762202122 eijMax=7.953E-03 rmsd=2.272E-01 s=[ 0 0 0 1 0 0 0 0 1 0 1 1 ]
d13=4.322762202122 eijMax=7.743E-06 rmsd=3.328E-01 s=[ 0 0 0 1 0 0 0 1 1 0 1 1 ]
d13=4.322762202122 eijMax=4.877E-03 rmsd=2.881E-01 s=[ 0 0 0 1 0 1 0 0 1 0 1 1 ]
d13=4.322762202122 eijMax=1.990E-03 rmsd=3.973E-01 s=[ 0 0 0 1 0 1 0 1 1 0 1 1 ]
d13=4.324705046947 eijMax=1.839E-03 rmsd=4.005E-01 s=[ 0 0 0 0 1 0 1 0 0 1 0 0 ]
d13=4.324705046947 eijMax=5.037E-03 rmsd=2.920E-01 s=[ 0 0 0 0 1 0 1 1 0 1 0 0 ]
d13=4.324705046947 eijMax=1.348E-04 rmsd=3.364E-01 s=[ 0 0 0 0 1 1 1 0 0 1 0 0 ]
d13=4.324705046947 eijMax=8.097E-03 rmsd=2.314E-01 s=[ 0 0 0 0 1 1 1 1 0 1 0 0 ]
d13=4.324705046947 eijMax=8.097E-03 rmsd=2.314E-01 s=[ 0 0 0 1 0 0 0 0 1 0 1 1 ]
d13=4.324705046947 eijMax=1.348E-04 rmsd=3.364E-01 s=[ 0 0 0 1 0 0 0 1 1 0 1 1 ]
d13=4.324705046947 eijMax=5.037E-03 rmsd=2.920E-01 s=[ 0 0 0 1 0 1 0 0 1 0 1 1 ]
d13=4.324705046947 eijMax=1.839E-03 rmsd=4.005E-01 s=[ 0 0 0 1 0 1 0 1 1 0 1 1 ]
d13=4.326647891772 eijMax=1.687E-03 rmsd=4.037E-01 s=[ 0 0 0 0 1 0 1 0 0 1 0 0 ]
d13=4.326647891772 eijMax=5.198E-03 rmsd=2.959E-01 s=[ 0 0 0 0 1 0 1 1 0 1 0 0 ]
d13=4.326647891772 eijMax=2.793E-04 rmsd=3.400E-01 s=[ 0 0 0 0 1 1 1 0 0 1 0 0 ]
d13=4.326647891772 eijMax=8.244E-03 rmsd=2.356E-01 s=[ 0 0 0 0 1 1 1 1 0 1 0 0 ]
d13=4.326647891772 eijMax=8.244E-03 rmsd=2.356E-01 s=[ 0 0 0 1 0 0 0 0 1 0 1 1 ]
d13=4.326647891772 eijMax=2.793E-04 rmsd=3.400E-01 s=[ 0 0 0 1 0 0 0 1 1 0 1 1 ]
d13=4.326647891772 eijMax=5.198E-03 rmsd=2.959E-01 s=[ 0 0 0 1 0 1 0 0 1 0 1 1 ]
d13=4.326647891772 eijMax=1.687E-03 rmsd=4.037E-01 s=[ 0 0 0 1 0 1 0 1 1 0 1 1 ]
d13=4.328590736597 eijMax=1.533E-03 rmsd=4.069E-01 s=[ 0 0 0 0 1 0 1 0 0 1 0 0 ]
d13=4.328590736597 eijMax=5.362E-03 rmsd=2.997E-01 s=[ 0 0 0 0 1 0 1 1 0 1 0 0 ]
d13=4.328590736597 eijMax=4.256E-04 rmsd=3.436E-01 s=[ 0 0 0 0 1 1 1 0 0 1 0 0 ]
d13=4.328590736597 eijMax=8.394E-03 rmsd=2.397E-01 s=[ 0 0 0 0 1 1 1 1 0 1 0 0 ]
d13=4.328590736597 eijMax=8.394E-03 rmsd=2.397E-01 s=[ 0 0 0 1 0 0 0 0 1 0 1 1 ]
d13=4.328590736597 eijMax=4.256E-04 rmsd=3.436E-01 s=[ 0 0 0 1 0 0 0 1 1 0 1 1 ]
d13=4.328590736597 eijMax=5.362E-03 rmsd=2.997E-01 s=[ 0 0 0 1 0 1 0 0 1 0 1 1 ]
d13=4.328590736597 eijMax=1.533E-03 rmsd=4.069E-01 s=[ 0 0 0 1 0 1 0 1 1 0 1 1 ]
d13=4.330533581421 eijMax=1.377E-03 rmsd=4.101E-01 s=[ 0 0 0 0 1 0 1 0 0 1 0 0 ]
d13=4.330533581421 eijMax=5.527E-03 rmsd=3.035E-01 s=[ 0 0 0 0 1 0 1 1 0 1 0 0 ]
d13=4.330533581421 eijMax=5.738E-04 rmsd=3.472E-01 s=[ 0 0 0 0 1 1 1 0 0 1 0 0 ]
d13=4.330533581421 eijMax=8.545E-03 rmsd=2.439E-01 s=[ 0 0 0 0 1 1 1 1 0 1 0 0 ]
d13=4.330533581421 eijMax=8.545E-03 rmsd=2.439E-01 s=[ 0 0 0 1 0 0 0 0 1 0 1 1 ]
d13=4.330533581421 eijMax=5.738E-04 rmsd=3.472E-01 s=[ 0 0 0 1 0 0 0 1 1 0 1 1 ]
d13=4.330533581421 eijMax=5.527E-03 rmsd=3.035E-01 s=[ 0 0 0 1 0 1 0 0 1 0 1 1 ]
d13=4.330533581421 eijMax=1.377E-03 rmsd=4.101E-01 s=[ 0 0 0 1 0 1 0 1 1 0 1 1 ]
d13=4.332476426246 eijMax=1.219E-03 rmsd=4.132E-01 s=[ 0 0 0 0 1 0 1 0 0 1 0 0 ]
d13=4.332476426246 eijMax=5.694E-03 rmsd=3.073E-01 s=[ 0 0 0 0 1 0 1 1 0 1 0 0 ]
d13=4.332476426246 eijMax=7.239E-04 rmsd=3.507E-01 s=[ 0 0 0 0 1 1 1 0 0 1 0 0 ]
d13=4.332476426246 eijMax=8.699E-03 rmsd=2.480E-01 s=[ 0 0 0 0 1 1 1 1 0 1 0 0 ]
d13=4.332476426246 eijMax=8.699E-03 rmsd=2.480E-01 s=[ 0 0 0 1 0 0 0 0 1 0 1 1 ]
d13=4.332476426246 eijMax=7.239E-04 rmsd=3.507E-01 s=[ 0 0 0 1 0 0 0 1 1 0 1 1 ]
d13=4.332476426246 eijMax=5.694E-03 rmsd=3.073E-01 s=[ 0 0 0 1 0 1 0 0 1 0 1 1 ]
d13=4.332476426246 eijMax=1.219E-03 rmsd=4.132E-01 s=[ 0 0 0 1 0 1 0 1 1 0 1 1 ]
d13=4.334419271071 eijMax=1.060E-03 rmsd=4.164E-01 s=[ 0 0 0 0 1 0 1 0 0 1 0 0 ]
d13=4.334419271071 eijMax=5.863E-03 rmsd=3.111E-01 s=[ 0 0 0 0 1 0 1 1 0 1 0 0 ]
d13=4.334419271071 eijMax=8.758E-04 rmsd=3.543E-01 s=[ 0 0 0 0 1 1 1 0 0 1 0 0 ]
d13=4.334419271071 eijMax=8.854E-03 rmsd=2.520E-01 s=[ 0 0 0 0 1 1 1 1 0 1 0 0 ]
d13=4.334419271071 eijMax=8.854E-03 rmsd=2.520E-01 s=[ 0 0 0 1 0 0 0 0 1 0 1 1 ]
d13=4.334419271071 eijMax=8.758E-04 rmsd=3.543E-01 s=[ 0 0 0 1 0 0 0 1 1 0 1 1 ]
d13=4.334419271071 eijMax=5.863E-03 rmsd=3.111E-01 s=[ 0 0 0 1 0 1 0 0 1 0 1 1 ]
d13=4.334419271071 eijMax=1.060E-03 rmsd=4.164E-01 s=[ 0 0 0 1 0 1 0 1 1 0 1 1 ]
d13=4.336362115896 eijMax=8.988E-04 rmsd=4.195E-01 s=[ 0 0 0 0 1 0 1 0 0 1 0 0 ]
d13=4.336362115896 eijMax=6.034E-03 rmsd=3.149E-01 s=[ 0 0 0 0 1 0 1 1 0 1 0 0 ]
d13=4.336362115896 eijMax=1.030E-03 rmsd=3.578E-01 s=[ 0 0 0 0 1 1 1 0 0 1 0 0 ]
d13=4.336362115896 eijMax=9.012E-03 rmsd=2.561E-01 s=[ 0 0 0 0 1 1 1 1 0 1 0 0 ]
d13=4.336362115896 eijMax=9.012E-03 rmsd=2.561E-01 s=[ 0 0 0 1 0 0 0 0 1 0 1 1 ]
d13=4.336362115896 eijMax=1.030E-03 rmsd=3.578E-01 s=[ 0 0 0 1 0 0 0 1 1 0 1 1 ]
d13=4.336362115896 eijMax=6.034E-03 rmsd=3.149E-01 s=[ 0 0 0 1 0 1 0 0 1 0 1 1 ]
d13=4.336362115896 eijMax=8.988E-04 rmsd=4.195E-01 s=[ 0 0 0 1 0 1 0 1 1 0 1 1 ]
d13=4.338304960721 eijMax=7.360E-04 rmsd=4.226E-01 s=[ 0 0 0 0 1 0 1 0 0 1 0 0 ]
d13=4.338304960721 eijMax=6.208E-03 rmsd=3.186E-01 s=[ 0 0 0 0 1 0 1 1 0 1 0 0 ]
d13=4.338304960721 eijMax=1.185E-03 rmsd=3.613E-01 s=[ 0 0 0 0 1 1 1 0 0 1 0 0 ]
d13=4.338304960721 eijMax=9.172E-03 rmsd=2.601E-01 s=[ 0 0 0 0 1 1 1 1 0 1 0 0 ]
d13=4.338304960721 eijMax=9.172E-03 rmsd=2.601E-01 s=[ 0 0 0 1 0 0 0 0 1 0 1 1 ]
d13=4.338304960721 eijMax=1.185E-03 rmsd=3.613E-01 s=[ 0 0 0 1 0 0 0 1 1 0 1 1 ]
d13=4.338304960721 eijMax=6.208E-03 rmsd=3.186E-01 s=[ 0 0 0 1 0 1 0 0 1 0 1 1 ]
d13=4.338304960721 eijMax=7.360E-04 rmsd=4.226E-01 s=[ 0 0 0 1 0 1 0 1 1 0 1 1 ]
d13=4.340247805546 eijMax=5.715E-04 rmsd=4.258E-01 s=[ 0 0 0 0 1 0 1 0 0 1 0 0 ]
d13=4.340247805546 eijMax=6.383E-03 rmsd=3.223E-01 s=[ 0 0 0 0 1 0 1 1 0 1 0 0 ]
d13=4.340247805546 eijMax=1.343E-03 rmsd=3.648E-01 s=[ 0 0 0 0 1 1 1 0 0 1 0 0 ]
d13=4.340247805546 eijMax=9.334E-03 rmsd=2.642E-01 s=[ 0 0 0 0 1 1 1 1 0 1 0 0 ]
d13=4.340247805546 eijMax=9.334E-03 rmsd=2.642E-01 s=[ 0 0 0 1 0 0 0 0 1 0 1 1 ]
d13=4.340247805546 eijMax=1.343E-03 rmsd=3.648E-01 s=[ 0 0 0 1 0 0 0 1 1 0 1 1 ]
d13=4.340247805546 eijMax=6.383E-03 rmsd=3.223E-01 s=[ 0 0 0 1 0 1 0 0 1 0 1 1 ]
d13=4.340247805546 eijMax=5.715E-04 rmsd=4.258E-01 s=[ 0 0 0 1 0 1 0 1 1 0 1 1 ]
d13=4.342190650370 eijMax=4.052E-04 rmsd=4.289E-01 s=[ 0 0 0 0 1 0 1 0 0 1 0 0 ]
d13=4.342190650370 eijMax=6.559E-03 rmsd=3.260E-01 s=[ 0 0 0 0 1 0 1 1 0 1 0 0 ]
d13=4.342190650370 eijMax=1.502E-03 rmsd=3.682E-01 s=[ 0 0 0 0 1 1 1 0 0 1 0 0 ]
d13=4.342190650370 eijMax=9.499E-03 rmsd=2.682E-01 s=[ 0 0 0 0 1 1 1 1 0 1 0 0 ]
d13=4.342190650370 eijMax=9.499E-03 rmsd=2.682E-01 s=[ 0 0 0 1 0 0 0 0 1 0 1 1 ]
d13=4.342190650370 eijMax=1.502E-03 rmsd=3.682E-01 s=[ 0 0 0 1 0 0 0 1 1 0 1 1 ]
d13=4.342190650370 eijMax=6.559E-03 rmsd=3.260E-01 s=[ 0 0 0 1 0 1 0 0 1 0 1 1 ]
d13=4.342190650370 eijMax=4.052E-04 rmsd=4.289E-01 s=[ 0 0 0 1 0 1 0 1 1 0 1 1 ]
d13=4.344133495195 eijMax=2.372E-04 rmsd=4.320E-01 s=[ 0 0 0 0 1 0 1 0 0 1 0 0 ]
d13=4.344133495195 eijMax=6.738E-03 rmsd=3.297E-01 s=[ 0 0 0 0 1 0 1 1 0 1 0 0 ]
d13=4.344133495195 eijMax=1.663E-03 rmsd=3.717E-01 s=[ 0 0 0 0 1 1 1 0 0 1 0 0 ]
d13=4.344133495195 eijMax=9.665E-03 rmsd=2.722E-01 s=[ 0 0 0 0 1 1 1 1 0 1 0 0 ]
d13=4.344133495195 eijMax=9.665E-03 rmsd=2.722E-01 s=[ 0 0 0 1 0 0 0 0 1 0 1 1 ]
d13=4.344133495195 eijMax=1.663E-03 rmsd=3.717E-01 s=[ 0 0 0 1 0 0 0 1 1 0 1 1 ]
d13=4.344133495195 eijMax=6.738E-03 rmsd=3.297E-01 s=[ 0 0 0 1 0 1 0 0 1 0 1 1 ]
d13=4.344133495195 eijMax=2.372E-04 rmsd=4.320E-01 s=[ 0 0 0 1 0 1 0 1 1 0 1 1 ]
d13=4.346076340020 eijMax=6.746E-05 rmsd=4.350E-01 s=[ 0 0 0 0 1 0 1 0 0 1 0 0 ]
d13=4.346076340020 eijMax=6.919E-03 rmsd=3.334E-01 s=[ 0 0 0 0 1 0 1 1 0 1 0 0 ]
d13=4.346076340020 eijMax=1.826E-03 rmsd=3.751E-01 s=[ 0 0 0 0 1 1 1 0 0 1 0 0 ]
d13=4.346076340020 eijMax=9.834E-03 rmsd=2.761E-01 s=[ 0 0 0 0 1 1 1 1 0 1 0 0 ]
d13=4.346076340020 eijMax=9.834E-03 rmsd=2.761E-01 s=[ 0 0 0 1 0 0 0 0 1 0 1 1 ]
d13=4.346076340020 eijMax=1.826E-03 rmsd=3.751E-01 s=[ 0 0 0 1 0 0 0 1 1 0 1 1 ]
d13=4.346076340020 eijMax=6.919E-03 rmsd=3.334E-01 s=[ 0 0 0 1 0 1 0 0 1 0 1 1 ]
d13=4.346076340020 eijMax=6.746E-05 rmsd=4.350E-01 s=[ 0 0 0 1 0 1 0 1 1 0 1 1 ]
d13=4.348019184845 eijMax=1.040E-04 rmsd=4.381E-01 s=[ 0 0 0 0 1 0 1 0 0 1 0 0 ]
d13=4.348019184845 eijMax=7.102E-03 rmsd=3.370E-01 s=[ 0 0 0 0 1 0 1 1 0 1 0 0 ]
d13=4.348019184845 eijMax=1.991E-03 rmsd=3.786E-01 s=[ 0 0 0 0 1 1 1 0 0 1 0 0 ]
d13=4.348019184845 eijMax=1.991E-03 rmsd=3.786E-01 s=[ 0 0 0 1 0 0 0 1 1 0 1 1 ]
d13=4.348019184845 eijMax=7.102E-03 rmsd=3.370E-01 s=[ 0 0 0 1 0 1 0 0 1 0 1 1 ]
d13=4.348019184845 eijMax=1.040E-04 rmsd=4.381E-01 s=[ 0 0 0 1 0 1 0 1 1 0 1 1 ]
d13=4.349962029670 eijMax=2.772E-04 rmsd=4.412E-01 s=[ 0 0 0 0 1 0 1 0 0 1 0 0 ]
d13=4.349962029670 eijMax=7.286E-03 rmsd=3.407E-01 s=[ 0 0 0 0 1 0 1 1 0 1 0 0 ]
d13=4.349962029670 eijMax=2.158E-03 rmsd=3.820E-01 s=[ 0 0 0 0 1 1 1 0 0 1 0 0 ]
d13=4.349962029670 eijMax=2.158E-03 rmsd=3.820E-01 s=[ 0 0 0 1 0 0 0 1 1 0 1 1 ]
d13=4.349962029670 eijMax=7.286E-03 rmsd=3.407E-01 s=[ 0 0 0 1 0 1 0 0 1 0 1 1 ]
d13=4.349962029670 eijMax=2.772E-04 rmsd=4.412E-01 s=[ 0 0 0 1 0 1 0 1 1 0 1 1 ]
d13=4.351904874494 eijMax=4.522E-04 rmsd=4.442E-01 s=[ 0 0 0 0 1 0 1 0 0 1 0 0 ]
d13=4.351904874494 eijMax=7.473E-03 rmsd=3.443E-01 s=[ 0 0 0 0 1 0 1 1 0 1 0 0 ]
d13=4.351904874494 eijMax=2.327E-03 rmsd=3.854E-01 s=[ 0 0 0 0 1 1 1 0 0 1 0 0 ]
d13=4.351904874494 eijMax=2.327E-03 rmsd=3.854E-01 s=[ 0 0 0 1 0 0 0 1 1 0 1 1 ]
d13=4.351904874494 eijMax=7.473E-03 rmsd=3.443E-01 s=[ 0 0 0 1 0 1 0 0 1 0 1 1 ]
d13=4.351904874494 eijMax=4.522E-04 rmsd=4.442E-01 s=[ 0 0 0 1 0 1 0 1 1 0 1 1 ]
d13=4.353847719319 eijMax=6.289E-04 rmsd=4.473E-01 s=[ 0 0 0 0 1 0 1 0 0 1 0 0 ]
d13=4.353847719319 eijMax=7.661E-03 rmsd=3.479E-01 s=[ 0 0 0 0 1 0 1 1 0 1 0 0 ]
d13=4.353847719319 eijMax=2.497E-03 rmsd=3.888E-01 s=[ 0 0 0 0 1 1 1 0 0 1 0 0 ]
d13=4.353847719319 eijMax=2.497E-03 rmsd=3.888E-01 s=[ 0 0 0 1 0 0 0 1 1 0 1 1 ]
d13=4.353847719319 eijMax=7.661E-03 rmsd=3.479E-01 s=[ 0 0 0 1 0 1 0 0 1 0 1 1 ]
d13=4.353847719319 eijMax=6.289E-04 rmsd=4.473E-01 s=[ 0 0 0 1 0 1 0 1 1 0 1 1 ]
d13=4.355790564144 eijMax=8.073E-04 rmsd=4.503E-01 s=[ 0 0 0 0 1 0 1 0 0 1 0 0 ]
d13=4.355790564144 eijMax=7.851E-03 rmsd=3.515E-01 s=[ 0 0 0 0 1 0 1 1 0 1 0 0 ]
d13=4.355790564144 eijMax=2.669E-03 rmsd=3.921E-01 s=[ 0 0 0 0 1 1 1 0 0 1 0 0 ]
d13=4.355790564144 eijMax=2.669E-03 rmsd=3.921E-01 s=[ 0 0 0 1 0 0 0 1 1 0 1 1 ]
d13=4.355790564144 eijMax=7.851E-03 rmsd=3.515E-01 s=[ 0 0 0 1 0 1 0 0 1 0 1 1 ]
d13=4.355790564144 eijMax=8.073E-04 rmsd=4.503E-01 s=[ 0 0 0 1 0 1 0 1 1 0 1 1 ]
d13=4.357733408969 eijMax=9.876E-04 rmsd=4.533E-01 s=[ 0 0 0 0 1 0 1 0 0 1 0 0 ]
d13=4.357733408969 eijMax=8.043E-03 rmsd=3.551E-01 s=[ 0 0 0 0 1 0 1 1 0 1 0 0 ]
d13=4.357733408969 eijMax=2.843E-03 rmsd=3.955E-01 s=[ 0 0 0 0 1 1 1 0 0 1 0 0 ]
d13=4.357733408969 eijMax=2.843E-03 rmsd=3.955E-01 s=[ 0 0 0 1 0 0 0 1 1 0 1 1 ]
d13=4.357733408969 eijMax=8.043E-03 rmsd=3.551E-01 s=[ 0 0 0 1 0 1 0 0 1 0 1 1 ]
d13=4.357733408969 eijMax=9.876E-04 rmsd=4.533E-01 s=[ 0 0 0 1 0 1 0 1 1 0 1 1 ]
d13=4.359676253794 eijMax=1.170E-03 rmsd=4.563E-01 s=[ 0 0 0 0 1 0 1 0 0 1 0 0 ]
d13=4.359676253794 eijMax=8.237E-03 rmsd=3.586E-01 s=[ 0 0 0 0 1 0 1 1 0 1 0 0 ]
d13=4.359676253794 eijMax=3.019E-03 rmsd=3.989E-01 s=[ 0 0 0 0 1 1 1 0 0 1 0 0 ]
d13=4.359676253794 eijMax=3.019E-03 rmsd=3.989E-01 s=[ 0 0 0 1 0 0 0 1 1 0 1 1 ]
d13=4.359676253794 eijMax=8.237E-03 rmsd=3.586E-01 s=[ 0 0 0 1 0 1 0 0 1 0 1 1 ]
d13=4.359676253794 eijMax=1.170E-03 rmsd=4.563E-01 s=[ 0 0 0 1 0 1 0 1 1 0 1 1 ]
d13=4.361619098619 eijMax=1.353E-03 rmsd=4.594E-01 s=[ 0 0 0 0 1 0 1 0 0 1 0 0 ]
d13=4.361619098619 eijMax=8.433E-03 rmsd=3.622E-01 s=[ 0 0 0 0 1 0 1 1 0 1 0 0 ]
d13=4.361619098619 eijMax=3.197E-03 rmsd=4.022E-01 s=[ 0 0 0 0 1 1 1 0 0 1 0 0 ]
d13=4.361619098619 eijMax=3.197E-03 rmsd=4.022E-01 s=[ 0 0 0 1 0 0 0 1 1 0 1 1 ]
d13=4.361619098619 eijMax=8.433E-03 rmsd=3.622E-01 s=[ 0 0 0 1 0 1 0 0 1 0 1 1 ]
d13=4.361619098619 eijMax=1.353E-03 rmsd=4.594E-01 s=[ 0 0 0 1 0 1 0 1 1 0 1 1 ]
d13=4.363561943443 eijMax=1.539E-03 rmsd=4.624E-01 s=[ 0 0 0 0 1 0 1 0 0 1 0 0 ]
d13=4.363561943443 eijMax=8.631E-03 rmsd=3.657E-01 s=[ 0 0 0 0 1 0 1 1 0 1 0 0 ]
d13=4.363561943443 eijMax=3.377E-03 rmsd=4.056E-01 s=[ 0 0 0 0 1 1 1 0 0 1 0 0 ]
d13=4.363561943443 eijMax=3.377E-03 rmsd=4.056E-01 s=[ 0 0 0 1 0 0 0 1 1 0 1 1 ]
d13=4.363561943443 eijMax=8.631E-03 rmsd=3.657E-01 s=[ 0 0 0 1 0 1 0 0 1 0 1 1 ]
d13=4.363561943443 eijMax=1.539E-03 rmsd=4.624E-01 s=[ 0 0 0 1 0 1 0 1 1 0 1 1 ]
d13=4.365504788268 eijMax=1.726E-03 rmsd=4.654E-01 s=[ 0 0 0 0 1 0 1 0 0 1 0 0 ]
d13=4.365504788268 eijMax=8.831E-03 rmsd=3.692E-01 s=[ 0 0 0 0 1 0 1 1 0 1 0 0 ]
d13=4.365504788268 eijMax=3.558E-03 rmsd=4.089E-01 s=[ 0 0 0 0 1 1 1 0 0 1 0 0 ]
d13=4.365504788268 eijMax=3.558E-03 rmsd=4.089E-01 s=[ 0 0 0 1 0 0 0 1 1 0 1 1 ]
d13=4.365504788268 eijMax=8.831E-03 rmsd=3.692E-01 s=[ 0 0 0 1 0 1 0 0 1 0 1 1 ]
d13=4.365504788268 eijMax=1.726E-03 rmsd=4.654E-01 s=[ 0 0 0 1 0 1 0 1 1 0 1 1 ]
d13=4.367447633093 eijMax=1.915E-03 rmsd=4.684E-01 s=[ 0 0 0 0 1 0 1 0 0 1 0 0 ]
d13=4.367447633093 eijMax=9.033E-03 rmsd=3.728E-01 s=[ 0 0 0 0 1 0 1 1 0 1 0 0 ]
d13=4.367447633093 eijMax=3.741E-03 rmsd=4.122E-01 s=[ 0 0 0 0 1 1 1 0 0 1 0 0 ]
d13=4.367447633093 eijMax=3.741E-03 rmsd=4.122E-01 s=[ 0 0 0 1 0 0 0 1 1 0 1 1 ]
d13=4.367447633093 eijMax=9.033E-03 rmsd=3.728E-01 s=[ 0 0 0 1 0 1 0 0 1 0 1 1 ]
d13=4.367447633093 eijMax=1.915E-03 rmsd=4.684E-01 s=[ 0 0 0 1 0 1 0 1 1 0 1 1 ]
d13=4.369390477918 eijMax=2.106E-03 rmsd=4.713E-01 s=[ 0 0 0 0 1 0 1 0 0 1 0 0 ]
d13=4.369390477918 eijMax=9.236E-03 rmsd=3.763E-01 s=[ 0 0 0 0 1 0 1 1 0 1 0 0 ]
d13=4.369390477918 eijMax=3.927E-03 rmsd=4.155E-01 s=[ 0 0 0 0 1 1 1 0 0 1 0 0 ]
d13=4.369390477918 eijMax=3.927E-03 rmsd=4.155E-01 s=[ 0 0 0 1 0 0 0 1 1 0 1 1 ]
d13=4.369390477918 eijMax=9.236E-03 rmsd=3.763E-01 s=[ 0 0 0 1 0 1 0 0 1 0 1 1 ]
d13=4.369390477918 eijMax=2.106E-03 rmsd=4.713E-01 s=[ 0 0 0 1 0 1 0 1 1 0 1 1 ]
d13=4.371333322743 eijMax=2.298E-03 rmsd=4.743E-01 s=[ 0 0 0 0 1 0 1 0 0 1 0 0 ]
d13=4.371333322743 eijMax=9.441E-03 rmsd=3.797E-01 s=[ 0 0 0 0 1 0 1 1 0 1 0 0 ]
d13=4.371333322743 eijMax=4.114E-03 rmsd=4.188E-01 s=[ 0 0 0 0 1 1 1 0 0 1 0 0 ]
d13=4.371333322743 eijMax=4.114E-03 rmsd=4.188E-01 s=[ 0 0 0 1 0 0 0 1 1 0 1 1 ]
d13=4.371333322743 eijMax=9.441E-03 rmsd=3.797E-01 s=[ 0 0 0 1 0 1 0 0 1 0 1 1 ]
d13=4.371333322743 eijMax=2.298E-03 rmsd=4.743E-01 s=[ 0 0 0 1 0 1 0 1 1 0 1 1 ]
d13=4.373276167568 eijMax=2.493E-03 rmsd=4.773E-01 s=[ 0 0 0 0 1 0 1 0 0 1 0 0 ]
d13=4.373276167568 eijMax=9.649E-03 rmsd=3.832E-01 s=[ 0 0 0 0 1 0 1 1 0 1 0 0 ]
d13=4.373276167568 eijMax=4.302E-03 rmsd=4.221E-01 s=[ 0 0 0 0 1 1 1 0 0 1 0 0 ]
d13=4.373276167568 eijMax=4.302E-03 rmsd=4.221E-01 s=[ 0 0 0 1 0 0 0 1 1 0 1 1 ]
d13=4.373276167568 eijMax=9.649E-03 rmsd=3.832E-01 s=[ 0 0 0 1 0 1 0 0 1 0 1 1 ]
d13=4.373276167568 eijMax=2.493E-03 rmsd=4.773E-01 s=[ 0 0 0 1 0 1 0 1 1 0 1 1 ]
d13=4.375219012392 eijMax=2.689E-03 rmsd=4.802E-01 s=[ 0 0 0 0 1 0 1 0 0 1 0 0 ]
d13=4.375219012392 eijMax=9.858E-03 rmsd=3.867E-01 s=[ 0 0 0 0 1 0 1 1 0 1 0 0 ]
d13=4.375219012392 eijMax=4.493E-03 rmsd=4.254E-01 s=[ 0 0 0 0 1 1 1 0 0 1 0 0 ]
d13=4.375219012392 eijMax=4.493E-03 rmsd=4.254E-01 s=[ 0 0 0 1 0 0 0 1 1 0 1 1 ]
d13=4.375219012392 eijMax=9.858E-03 rmsd=3.867E-01 s=[ 0 0 0 1 0 1 0 0 1 0 1 1 ]
d13=4.375219012392 eijMax=2.689E-03 rmsd=4.802E-01 s=[ 0 0 0 1 0 1 0 1 1 0 1 1 ]
d13=4.377161857217 eijMax=2.887E-03 rmsd=4.832E-01 s=[ 0 0 0 0 1 0 1 0 0 1 0 0 ]
d13=4.377161857217 eijMax=4.686E-03 rmsd=4.286E-01 s=[ 0 0 0 0 1 1 1 0 0 1 0 0 ]
d13=4.377161857217 eijMax=4.686E-03 rmsd=4.286E-01 s=[ 0 0 0 1 0 0 0 1 1 0 1 1 ]
d13=4.377161857217 eijMax=2.887E-03 rmsd=4.832E-01 s=[ 0 0 0 1 0 1 0 1 1 0 1 1 ]
d13=4.379104702042 eijMax=3.086E-03 rmsd=4.862E-01 s=[ 0 0 0 0 1 0 1 0 0 1 0 0 ]
d13=4.379104702042 eijMax=4.880E-03 rmsd=4.319E-01 s=[ 0 0 0 0 1 1 1 0 0 1 0 0 ]
d13=4.379104702042 eijMax=4.880E-03 rmsd=4.319E-01 s=[ 0 0 0 1 0 0 0 1 1 0 1 1 ]
d13=4.379104702042 eijMax=3.086E-03 rmsd=4.862E-01 s=[ 0 0 0 1 0 1 0 1 1 0 1 1 ]
d13=4.381047546867 eijMax=3.288E-03 rmsd=4.891E-01 s=[ 0 0 0 0 1 0 1 0 0 1 0 0 ]
d13=4.381047546867 eijMax=5.076E-03 rmsd=4.351E-01 s=[ 0 0 0 0 1 1 1 0 0 1 0 0 ]
d13=4.381047546867 eijMax=5.076E-03 rmsd=4.351E-01 s=[ 0 0 0 1 0 0 0 1 1 0 1 1 ]
d13=4.381047546867 eijMax=3.288E-03 rmsd=4.891E-01 s=[ 0 0 0 1 0 1 0 1 1 0 1 1 ]
d13=4.382990391692 eijMax=3.491E-03 rmsd=4.920E-01 s=[ 0 0 0 0 1 0 1 0 0 1 0 0 ]
d13=4.382990391692 eijMax=5.274E-03 rmsd=4.384E-01 s=[ 0 0 0 0 1 1 1 0 0 1 0 0 ]
d13=4.382990391692 eijMax=5.274E-03 rmsd=4.384E-01 s=[ 0 0 0 1 0 0 0 1 1 0 1 1 ]
d13=4.382990391692 eijMax=3.491E-03 rmsd=4.920E-01 s=[ 0 0 0 1 0 1 0 1 1 0 1 1 ]
d13=4.384933236517 eijMax=3.696E-03 rmsd=4.950E-01 s=[ 0 0 0 0 1 0 1 0 0 1 0 0 ]
d13=4.384933236517 eijMax=5.475E-03 rmsd=4.416E-01 s=[ 0 0 0 0 1 1 1 0 0 1 0 0 ]
d13=4.384933236517 eijMax=5.475E-03 rmsd=4.416E-01 s=[ 0 0 0 1 0 0 0 1 1 0 1 1 ]
d13=4.384933236517 eijMax=3.696E-03 rmsd=4.950E-01 s=[ 0 0 0 1 0 1 0 1 1 0 1 1 ]
d13=4.386876081341 eijMax=3.903E-03 rmsd=4.979E-01 s=[ 0 0 0 0 1 0 1 0 0 1 0 0 ]
d13=4.386876081341 eijMax=5.676E-03 rmsd=4.448E-01 s=[ 0 0 0 0 1 1 1 0 0 1 0 0 ]
d13=4.386876081341 eijMax=5.676E-03 rmsd=4.448E-01 s=[ 0 0 0 1 0 0 0 1 1 0 1 1 ]
d13=4.386876081341 eijMax=3.903E-03 rmsd=4.979E-01 s=[ 0 0 0 1 0 1 0 1 1 0 1 1 ]
d13=4.388818926166 eijMax=4.112E-03 rmsd=5.008E-01 s=[ 0 0 0 0 1 0 1 0 0 1 0 0 ]
d13=4.388818926166 eijMax=5.880E-03 rmsd=4.481E-01 s=[ 0 0 0 0 1 1 1 0 0 1 0 0 ]
d13=4.388818926166 eijMax=5.880E-03 rmsd=4.481E-01 s=[ 0 0 0 1 0 0 0 1 1 0 1 1 ]
d13=4.388818926166 eijMax=4.112E-03 rmsd=5.008E-01 s=[ 0 0 0 1 0 1 0 1 1 0 1 1 ]
d13=4.390761770991 eijMax=4.323E-03 rmsd=5.038E-01 s=[ 0 0 0 0 1 0 1 0 0 1 0 0 ]
d13=4.390761770991 eijMax=6.086E-03 rmsd=4.513E-01 s=[ 0 0 0 0 1 1 1 0 0 1 0 0 ]
d13=4.390761770991 eijMax=6.086E-03 rmsd=4.513E-01 s=[ 0 0 0 1 0 0 0 1 1 0 1 1 ]
d13=4.390761770991 eijMax=4.323E-03 rmsd=5.038E-01 s=[ 0 0 0 1 0 1 0 1 1 0 1 1 ]
d13=4.392704615816 eijMax=4.535E-03 rmsd=5.067E-01 s=[ 0 0 0 0 1 0 1 0 0 1 0 0 ]
d13=4.392704615816 eijMax=6.293E-03 rmsd=4.545E-01 s=[ 0 0 0 0 1 1 1 0 0 1 0 0 ]
d13=4.392704615816 eijMax=6.293E-03 rmsd=4.545E-01 s=[ 0 0 0 1 0 0 0 1 1 0 1 1 ]
d13=4.392704615816 eijMax=4.535E-03 rmsd=5.067E-01 s=[ 0 0 0 1 0 1 0 1 1 0 1 1 ]
d13=4.394647460641 eijMax=4.750E-03 rmsd=5.096E-01 s=[ 0 0 0 0 1 0 1 0 0 1 0 0 ]
d13=4.394647460641 eijMax=6.503E-03 rmsd=4.577E-01 s=[ 0 0 0 0 1 1 1 0 0 1 0 0 ]
d13=4.394647460641 eijMax=6.503E-03 rmsd=4.577E-01 s=[ 0 0 0 1 0 0 0 1 1 0 1 1 ]
d13=4.394647460641 eijMax=4.750E-03 rmsd=5.096E-01 s=[ 0 0 0 1 0 1 0 1 1 0 1 1 ]
d13=4.396590305465 eijMax=4.966E-03 rmsd=5.125E-01 s=[ 0 0 0 0 1 0 1 0 0 1 0 0 ]
d13=4.396590305465 eijMax=6.714E-03 rmsd=4.609E-01 s=[ 0 0 0 0 1 1 1 0 0 1 0 0 ]
d13=4.396590305465 eijMax=6.714E-03 rmsd=4.609E-01 s=[ 0 0 0 1 0 0 0 1 1 0 1 1 ]
d13=4.396590305465 eijMax=4.966E-03 rmsd=5.125E-01 s=[ 0 0 0 1 0 1 0 1 1 0 1 1 ]
d13=4.398533150290 eijMax=5.184E-03 rmsd=5.154E-01 s=[ 0 0 0 0 1 0 1 0 0 1 0 0 ]
d13=4.398533150290 eijMax=6.927E-03 rmsd=4.641E-01 s=[ 0 0 0 0 1 1 1 0 0 1 0 0 ]
d13=4.398533150290 eijMax=6.927E-03 rmsd=4.641E-01 s=[ 0 0 0 1 0 0 0 1 1 0 1 1 ]
d13=4.398533150290 eijMax=5.184E-03 rmsd=5.154E-01 s=[ 0 0 0 1 0 1 0 1 1 0 1 1 ]
d13=4.400475995115 eijMax=5.404E-03 rmsd=5.183E-01 s=[ 0 0 0 0 1 0 1 0 0 1 0 0 ]
d13=4.400475995115 eijMax=7.143E-03 rmsd=4.672E-01 s=[ 0 0 0 0 1 1 1 0 0 1 0 0 ]
d13=4.400475995115 eijMax=7.143E-03 rmsd=4.672E-01 s=[ 0 0 0 1 0 0 0 1 1 0 1 1 ]
d13=4.400475995115 eijMax=5.404E-03 rmsd=5.183E-01 s=[ 0 0 0 1 0 1 0 1 1 0 1 1 ]
d13=4.402418839940 eijMax=5.626E-03 rmsd=5.212E-01 s=[ 0 0 0 0 1 0 1 0 0 1 0 0 ]
d13=4.402418839940 eijMax=7.360E-03 rmsd=4.704E-01 s=[ 0 0 0 0 1 1 1 0 0 1 0 0 ]
d13=4.402418839940 eijMax=7.360E-03 rmsd=4.704E-01 s=[ 0 0 0 1 0 0 0 1 1 0 1 1 ]
d13=4.402418839940 eijMax=5.626E-03 rmsd=5.212E-01 s=[ 0 0 0 1 0 1 0 1 1 0 1 1 ]
d13=4.404361684765 eijMax=5.849E-03 rmsd=5.241E-01 s=[ 0 0 0 0 1 0 1 0 0 1 0 0 ]
d13=4.404361684765 eijMax=7.579E-03 rmsd=4.736E-01 s=[ 0 0 0 0 1 1 1 0 0 1 0 0 ]
d13=4.404361684765 eijMax=7.579E-03 rmsd=4.736E-01 s=[ 0 0 0 1 0 0 0 1 1 0 1 1 ]
d13=4.404361684765 eijMax=5.849E-03 rmsd=5.241E-01 s=[ 0 0 0 1 0 1 0 1 1 0 1 1 ]
d13=4.406304529590 eijMax=6.075E-03 rmsd=5.270E-01 s=[ 0 0 0 0 1 0 1 0 0 1 0 0 ]
d13=4.406304529590 eijMax=7.800E-03 rmsd=4.768E-01 s=[ 0 0 0 0 1 1 1 0 0 1 0 0 ]
d13=4.406304529590 eijMax=7.800E-03 rmsd=4.768E-01 s=[ 0 0 0 1 0 0 0 1 1 0 1 1 ]
d13=4.406304529590 eijMax=6.075E-03 rmsd=5.270E-01 s=[ 0 0 0 1 0 1 0 1 1 0 1 1 ]
d13=4.408247374414 eijMax=6.302E-03 rmsd=5.299E-01 s=[ 0 0 0 0 1 0 1 0 0 1 0 0 ]
d13=4.408247374414 eijMax=8.023E-03 rmsd=4.799E-01 s=[ 0 0 0 0 1 1 1 0 0 1 0 0 ]
d13=4.408247374414 eijMax=8.023E-03 rmsd=4.799E-01 s=[ 0 0 0 1 0 0 0 1 1 0 1 1 ]
d13=4.408247374414 eijMax=6.302E-03 rmsd=5.299E-01 s=[ 0 0 0 1 0 1 0 1 1 0 1 1 ]
d13=4.410190219239 eijMax=6.532E-03 rmsd=5.328E-01 s=[ 0 0 0 0 1 0 1 0 0 1 0 0 ]
d13=4.410190219239 eijMax=8.247E-03 rmsd=4.831E-01 s=[ 0 0 0 0 1 1 1 0 0 1 0 0 ]
d13=4.410190219239 eijMax=8.247E-03 rmsd=4.831E-01 s=[ 0 0 0 1 0 0 0 1 1 0 1 1 ]
d13=4.410190219239 eijMax=6.532E-03 rmsd=5.328E-01 s=[ 0 0 0 1 0 1 0 1 1 0 1 1 ]
d13=4.412133064064 eijMax=6.763E-03 rmsd=5.357E-01 s=[ 0 0 0 0 1 0 1 0 0 1 0 0 ]
d13=4.412133064064 eijMax=8.474E-03 rmsd=4.862E-01 s=[ 0 0 0 0 1 1 1 0 0 1 0 0 ]
d13=4.412133064064 eijMax=8.474E-03 rmsd=4.862E-01 s=[ 0 0 0 1 0 0 0 1 1 0 1 1 ]
d13=4.412133064064 eijMax=6.763E-03 rmsd=5.357E-01 s=[ 0 0 0 1 0 1 0 1 1 0 1 1 ]
d13=4.414075908889 eijMax=6.996E-03 rmsd=5.386E-01 s=[ 0 0 0 0 1 0 1 0 0 1 0 0 ]
d13=4.414075908889 eijMax=8.703E-03 rmsd=4.894E-01 s=[ 0 0 0 0 1 1 1 0 0 1 0 0 ]
d13=4.414075908889 eijMax=8.703E-03 rmsd=4.894E-01 s=[ 0 0 0 1 0 0 0 1 1 0 1 1 ]
d13=4.414075908889 eijMax=6.996E-03 rmsd=5.386E-01 s=[ 0 0 0 1 0 1 0 1 1 0 1 1 ]
d13=4.416018753714 eijMax=7.231E-03 rmsd=5.414E-01 s=[ 0 0 0 0 1 0 1 0 0 1 0 0 ]
d13=4.416018753714 eijMax=8.934E-03 rmsd=4.925E-01 s=[ 0 0 0 0 1 1 1 0 0 1 0 0 ]
d13=4.416018753714 eijMax=8.934E-03 rmsd=4.925E-01 s=[ 0 0 0 1 0 0 0 1 1 0 1 1 ]
d13=4.416018753714 eijMax=7.231E-03 rmsd=5.414E-01 s=[ 0 0 0 1 0 1 0 1 1 0 1 1 ]
d13=4.417961598539 eijMax=7.469E-03 rmsd=5.443E-01 s=[ 0 0 0 0 1 0 1 0 0 1 0 0 ]
d13=4.417961598539 eijMax=9.166E-03 rmsd=4.956E-01 s=[ 0 0 0 0 1 1 1 0 0 1 0 0 ]
d13=4.417961598539 eijMax=9.166E-03 rmsd=4.956E-01 s=[ 0 0 0 1 0 0 0 1 1 0 1 1 ]
d13=4.417961598539 eijMax=7.469E-03 rmsd=5.443E-01 s=[ 0 0 0 1 0 1 0 1 1 0 1 1 ]
d13=4.419904443363 eijMax=7.708E-03 rmsd=5.472E-01 s=[ 0 0 0 0 1 0 1 0 0 1 0 0 ]
d13=4.419904443363 eijMax=9.401E-03 rmsd=4.988E-01 s=[ 0 0 0 0 1 1 1 0 0 1 0 0 ]
d13=4.419904443363 eijMax=9.401E-03 rmsd=4.988E-01 s=[ 0 0 0 1 0 0 0 1 1 0 1 1 ]
d13=4.419904443363 eijMax=7.708E-03 rmsd=5.472E-01 s=[ 0 0 0 1 0 1 0 1 1 0 1 1 ]
d13=4.421847288188 eijMax=7.949E-03 rmsd=5.501E-01 s=[ 0 0 0 0 1 0 1 0 0 1 0 0 ]
d13=4.421847288188 eijMax=9.638E-03 rmsd=5.019E-01 s=[ 0 0 0 0 1 1 1 0 0 1 0 0 ]
d13=4.421847288188 eijMax=9.638E-03 rmsd=5.019E-01 s=[ 0 0 0 1 0 0 0 1 1 0 1 1 ]
d13=4.421847288188 eijMax=7.949E-03 rmsd=5.501E-01 s=[ 0 0 0 1 0 1 0 1 1 0 1 1 ]
d13=4.423790133013 eijMax=8.192E-03 rmsd=5.530E-01 s=[ 0 0 0 0 1 0 1 0 0 1 0 0 ]
d13=4.423790133013 eijMax=9.876E-03 rmsd=5.050E-01 s=[ 0 0 0 0 1 1 1 0 0 1 0 0 ]
d13=4.423790133013 eijMax=9.876E-03 rmsd=5.050E-01 s=[ 0 0 0 1 0 0 0 1 1 0 1 1 ]
d13=4.423790133013 eijMax=8.192E-03 rmsd=5.530E-01 s=[ 0 0 0 1 0 1 0 1 1 0 1 1 ]
d13=4.425732977838 eijMax=8.437E-03 rmsd=5.558E-01 s=[ 0 0 0 0 1 0 1 0 0 1 0 0 ]
d13=4.425732977838 eijMax=8.437E-03 rmsd=5.558E-01 s=[ 0 0 0 1 0 1 0 1 1 0 1 1 ]
d13=4.427675822663 eijMax=8.683E-03 rmsd=5.587E-01 s=[ 0 0 0 0 1 0 1 0 0 1 0 0 ]
d13=4.427675822663 eijMax=8.683E-03 rmsd=5.587E-01 s=[ 0 0 0 1 0 1 0 1 1 0 1 1 ]
d13=4.429618667487 eijMax=8.932E-03 rmsd=5.616E-01 s=[ 0 0 0 0 1 0 1 0 0 1 0 0 ]
d13=4.429618667487 eijMax=8.932E-03 rmsd=5.616E-01 s=[ 0 0 0 1 0 1 0 1 1 0 1 1 ]
d13=4.431561512312 eijMax=9.183E-03 rmsd=5.644E-01 s=[ 0 0 0 0 1 0 1 0 0 1 0 0 ]
d13=4.431561512312 eijMax=9.183E-03 rmsd=5.644E-01 s=[ 0 0 0 1 0 1 0 1 1 0 1 1 ]
d13=4.433504357137 eijMax=9.436E-03 rmsd=5.673E-01 s=[ 0 0 0 0 1 0 1 0 0 1 0 0 ]
d13=4.433504357137 eijMax=9.436E-03 rmsd=5.673E-01 s=[ 0 0 0 1 0 1 0 1 1 0 1 1 ]
d13=4.435447201962 eijMax=9.691E-03 rmsd=5.702E-01 s=[ 0 0 0 0 1 0 1 0 0 1 0 0 ]
d13=4.435447201962 eijMax=9.691E-03 rmsd=5.702E-01 s=[ 0 0 0 1 0 1 0 1 1 0 1 1 ]
d13=4.437390046787 eijMax=9.948E-03 rmsd=5.730E-01 s=[ 0 0 0 0 1 0 1 0 0 1 0 0 ]
d13=4.437390046787 eijMax=9.948E-03 rmsd=5.730E-01 s=[ 0 0 0 1 0 1 0 1 1 0 1 1 ]
num ..... 1000
nnodes .. 12
nedges .. 36
nsols ... 956
tsecs ... 5.486302
