d13=4.159209992323 eijMax=2.827E-04 rmsd=3.230E-01 s=[ 0 0 0 0 1 0 1 0 0 1 0 0 ]
d13=4.159209992323 eijMax=2.827E-04 rmsd=3.230E-01 s=[ 0 0 0 1 0 1 0 1 1 0 1 1 ]
d13=4.178815062828 eijMax=6.153E-03 rmsd=1.337E-01 s=[ 0 0 0 0 1 0 1 0 0 1 0 0 ]
d13=4.178815062828 eijMax=2.609E-03 rmsd=1.947E-01 s=[ 0 0 0 0 1 0 1 1 0 1 0 0 ]
d13=4.178815062828 eijMax=1.091E-03 rmsd=2.075E-01 s=[ 0 0 0 0 1 1 1 0 0 1 0 0 ]
d13=4.178815062828 eijMax=1.091E-03 rmsd=2.075E-01 s=[ 0 0 0 1 0 0 0 1 1 0 1 1 ]
d13=4.178815062828 eijMax=2.609E-03 rmsd=1.947E-01 s=[ 0 0 0 1 0 1 0 0 1 0 1 1 ]
d13=4.178815062828 eijMax=6.153E-03 rmsd=1.337E-01 s=[ 0 0 0 1 0 1 0 1 1 0 1 1 ]
d13=4.198420133333 eijMax=7.180E-03 rmsd=1.437E-01 s=[ 0 0 0 0 1 0 1 0 0 1 0 0 ]
d13=4.198420133333 eijMax=5.047E-04 rmsd=7.120E-02 s=[ 0 0 0 0 1 0 1 1 0 1 0 0 ]
d13=4.198420133333 eijMax=3.502E-03 rmsd=1.119E-01 s=[ 0 0 0 0 1 1 1 0 0 1 0 0 ]
d13=4.198420133333 eijMax=6.284E-03 rmsd=2.090E-01 s=[ 0 0 0 0 1 1 1 1 0 1 0 0 ]
d13=4.198420133333 eijMax=6.284E-03 rmsd=2.090E-01 s=[ 0 0 0 1 0 0 0 0 1 0 1 1 ]
d13=4.198420133333 eijMax=3.502E-03 rmsd=1.119E-01 s=[ 0 0 0 1 0 0 0 1 1 0 1 1 ]
d13=4.198420133333 eijMax=5.047E-04 rmsd=7.120E-02 s=[ 0 0 0 1 0 1 0 0 1 0 1 1 ]
d13=4.198420133333 eijMax=7.180E-03 rmsd=1.437E-01 s=[ 0 0 0 1 0 1 0 1 1 0 1 1 ]
d13=4.218025203838 eijMax=7.204E-03 rmsd=1.894E-01 s=[ 0 0 0 0 1 0 1 0 0 1 0 0 ]
d13=4.218025203838 eijMax=3.465E-05 rmsd=1.433E-02 s=[ 0 0 0 0 1 0 1 1 0 1 0 0 ]
d13=4.218025203838 eijMax=4.172E-03 rmsd=1.108E-01 s=[ 0 0 0 0 1 1 1 0 0 1 0 0 ]
d13=4.218025203838 eijMax=4.783E-03 rmsd=1.153E-01 s=[ 0 0 0 0 1 1 1 1 0 1 0 0 ]
d13=4.218025203838 eijMax=4.783E-03 rmsd=1.153E-01 s=[ 0 0 0 1 0 0 0 0 1 0 1 1 ]
d13=4.218025203838 eijMax=4.172E-03 rmsd=1.108E-01 s=[ 0 0 0 1 0 0 0 1 1 0 1 1 ]
d13=4.218025203838 eijMax=3.465E-05 rmsd=1.433E-02 s=[ 0 0 0 1 0 1 0 0 1 0 1 1 ]
d13=4.218025203838 eijMax=7.204E-03 rmsd=1.894E-01 s=[ 0 0 0 1 0 1 0 1 1 0 1 1 ]
d13=4.237630274343 eijMax=6.759E-03 rmsd=2.355E-01 s=[ 0 0 0 0 1 0 1 0 0 1 0 0 ]
d13=4.237630274343 eijMax=1.487E-04 rmsd=8.169E-02 s=[ 0 0 0 0 1 0 1 1 0 1 0 0 ]
d13=4.237630274343 eijMax=4.103E-03 rmsd=1.515E-01 s=[ 0 0 0 0 1 1 1 0 0 1 0 0 ]
d13=4.237630274343 eijMax=4.375E-03 rmsd=6.472E-02 s=[ 0 0 0 0 1 1 1 1 0 1 0 0 ]
d13=4.237630274343 eijMax=4.375E-03 rmsd=6.472E-02 s=[ 0 0 0 1 0 0 0 0 1 0 1 1 ]
d13=4.237630274343 eijMax=4.103E-03 rmsd=1.515E-01 s=[ 0 0 0 1 0 0 0 1 1 0 1 1 ]
d13=4.237630274343 eijMax=1.487E-04 rmsd=8.169E-02 s=[ 0 0 0 1 0 1 0 0 1 0 1 1 ]
d13=4.237630274343 eijMax=6.759E-03 rmsd=2.355E-01 s=[ 0 0 0 1 0 1 0 1 1 0 1 1 ]
d13=4.257235344848 eijMax=6.014E-03 rmsd=2.777E-01 s=[ 0 0 0 0 1 0 1 0 0 1 0 0 ]
d13=4.257235344848 eijMax=7.736E-04 rmsd=1.384E-01 s=[ 0 0 0 0 1 0 1 1 0 1 0 0 ]
d13=4.257235344848 eijMax=3.602E-03 rmsd=1.974E-01 s=[ 0 0 0 0 1 1 1 0 0 1 0 0 ]
d13=4.257235344848 eijMax=4.597E-03 rmsd=7.865E-02 s=[ 0 0 0 0 1 1 1 1 0 1 0 0 ]
d13=4.257235344848 eijMax=4.597E-03 rmsd=7.865E-02 s=[ 0 0 0 1 0 0 0 0 1 0 1 1 ]
d13=4.257235344848 eijMax=3.602E-03 rmsd=1.974E-01 s=[ 0 0 0 1 0 0 0 1 1 0 1 1 ]
d13=4.257235344848 eijMax=7.736E-04 rmsd=1.384E-01 s=[ 0 0 0 1 0 1 0 0 1 0 1 1 ]
d13=4.257235344848 eijMax=6.014E-03 rmsd=2.777E-01 s=[ 0 0 0 1 0 1 0 1 1 0 1 1 ]
d13=4.276840415354 eijMax=5.036E-03 rmsd=3.164E-01 s=[ 0 0 0 0 1 0 1 0 0 1 0 0 ]
d13=4.276840415354 eijMax=1.717E-03 rmsd=1.881E-01 s=[ 0 0 0 0 1 0 1 1 0 1 0 0 ]
d13=4.276840415354 eijMax=2.797E-03 rmsd=2.411E-01 s=[ 0 0 0 0 1 1 1 0 0 1 0 0 ]
d13=4.276840415354 eijMax=5.248E-03 rmsd=1.223E-01 s=[ 0 0 0 0 1 1 1 1 0 1 0 0 ]
d13=4.276840415354 eijMax=5.248E-03 rmsd=1.223E-01 s=[ 0 0 0 1 0 0 0 0 1 0 1 1 ]
d13=4.276840415354 eijMax=2.797E-03 rmsd=2.411E-01 s=[ 0 0 0 1 0 0 0 1 1 0 1 1 ]
d13=4.276840415354 eijMax=1.717E-03 rmsd=1.881E-01 s=[ 0 0 0 1 0 1 0 0 1 0 1 1 ]
d13=4.276840415354 eijMax=5.036E-03 rmsd=3.164E-01 s=[ 0 0 0 1 0 1 0 1 1 0 1 1 ]
d13=4.296445485859 eijMax=3.859E-03 rmsd=3.523E-01 s=[ 0 0 0 0 1 0 1 0 0 1 0 0 ]
d13=4.296445485859 eijMax=2.918E-03 rmsd=2.331E-01 s=[ 0 0 0 0 1 0 1 1 0 1 0 0 ]
d13=4.296445485859 eijMax=1.748E-03 rmsd=2.819E-01 s=[ 0 0 0 0 1 1 1 0 0 1 0 0 ]
d13=4.296445485859 eijMax=6.224E-03 rmsd=1.684E-01 s=[ 0 0 0 0 1 1 1 1 0 1 0 0 ]
d13=4.296445485859 eijMax=6.224E-03 rmsd=1.684E-01 s=[ 0 0 0 1 0 0 0 0 1 0 1 1 ]
d13=4.296445485859 eijMax=1.748E-03 rmsd=2.819E-01 s=[ 0 0 0 1 0 0 0 1 1 0 1 1 ]
d13=4.296445485859 eijMax=2.918E-03 rmsd=2.331E-01 s=[ 0 0 0 1 0 1 0 0 1 0 1 1 ]
d13=4.296445485859 eijMax=3.859E-03 rmsd=3.523E-01 s=[ 0 0 0 1 0 1 0 1 1 0 1 1 ]
d13=4.316050556364 eijMax=2.497E-03 rmsd=3.861E-01 s=[ 0 0 0 0 1 0 1 0 0 1 0 0 ]
d13=4.316050556364 eijMax=4.342E-03 rmsd=2.746E-01 s=[ 0 0 0 0 1 0 1 1 0 1 0 0 ]
d13=4.316050556364 eijMax=4.856E-04 rmsd=3.202E-01 s=[ 0 0 0 0 1 1 1 0 0 1 0 0 ]
d13=4.316050556364 eijMax=7.470E-03 rmsd=2.126E-01 s=[ 0 0 0 0 1 1 1 1 0 1 0 0 ]
d13=4.316050556364 eijMax=7.470E-03 rmsd=2.126E-01 s=[ 0 0 0 1 0 0 0 0 1 0 1 1 ]
d13=4.316050556364 eijMax=4.856E-04 rmsd=3.202E-01 s=[ 0 0 0 1 0 0 0 1 1 0 1 1 ]
d13=4.316050556364 eijMax=4.342E-03 rmsd=2.746E-01 s=[ 0 0 0 1 0 1 0 0 1 0 1 1 ]
d13=4.316050556364 eijMax=2.497E-03 rmsd=3.861E-01 s=[ 0 0 0 1 0 1 0 1 1 0 1 1 ]
d13=4.335655626869 eijMax=9.576E-04 rmsd=4.184E-01 s=[ 0 0 0 0 1 0 1 0 0 1 0 0 ]
d13=4.335655626869 eijMax=5.972E-03 rmsd=3.135E-01 s=[ 0 0 0 0 1 0 1 1 0 1 0 0 ]
d13=4.335655626869 eijMax=9.735E-04 rmsd=3.565E-01 s=[ 0 0 0 0 1 1 1 0 0 1 0 0 ]
d13=4.335655626869 eijMax=8.955E-03 rmsd=2.546E-01 s=[ 0 0 0 0 1 1 1 1 0 1 0 0 ]
d13=4.335655626869 eijMax=8.955E-03 rmsd=2.546E-01 s=[ 0 0 0 1 0 0 0 0 1 0 1 1 ]
d13=4.335655626869 eijMax=9.735E-04 rmsd=3.565E-01 s=[ 0 0 0 1 0 0 0 1 1 0 1 1 ]
d13=4.335655626869 eijMax=5.972E-03 rmsd=3.135E-01 s=[ 0 0 0 1 0 1 0 0 1 0 1 1 ]
d13=4.335655626869 eijMax=9.576E-04 rmsd=4.184E-01 s=[ 0 0 0 1 0 1 0 1 1 0 1 1 ]
d13=4.355260697374 eijMax=7.585E-04 rmsd=4.495E-01 s=[ 0 0 0 0 1 0 1 0 0 1 0 0 ]
d13=4.355260697374 eijMax=7.799E-03 rmsd=3.505E-01 s=[ 0 0 0 0 1 0 1 1 0 1 0 0 ]
d13=4.355260697374 eijMax=2.622E-03 rmsd=3.912E-01 s=[ 0 0 0 0 1 1 1 0 0 1 0 0 ]
d13=4.355260697374 eijMax=2.622E-03 rmsd=3.912E-01 s=[ 0 0 0 1 0 0 0 1 1 0 1 1 ]
d13=4.355260697374 eijMax=7.799E-03 rmsd=3.505E-01 s=[ 0 0 0 1 0 1 0 0 1 0 1 1 ]
d13=4.355260697374 eijMax=7.585E-04 rmsd=4.495E-01 s=[ 0 0 0 1 0 1 0 1 1 0 1 1 ]
d13=4.374865767879 eijMax=2.653E-03 rmsd=4.797E-01 s=[ 0 0 0 0 1 0 1 0 0 1 0 0 ]
d13=4.374865767879 eijMax=9.820E-03 rmsd=3.861E-01 s=[ 0 0 0 0 1 0 1 1 0 1 0 0 ]
d13=4.374865767879 eijMax=4.458E-03 rmsd=4.248E-01 s=[ 0 0 0 0 1 1 1 0 0 1 0 0 ]
d13=4.374865767879 eijMax=4.458E-03 rmsd=4.248E-01 s=[ 0 0 0 1 0 0 0 1 1 0 1 1 ]
d13=4.374865767879 eijMax=9.820E-03 rmsd=3.861E-01 s=[ 0 0 0 1 0 1 0 0 1 0 1 1 ]
d13=4.374865767879 eijMax=2.653E-03 rmsd=4.797E-01 s=[ 0 0 0 1 0 1 0 1 1 0 1 1 ]
d13=4.394470838384 eijMax=4.730E-03 rmsd=5.093E-01 s=[ 0 0 0 0 1 0 1 0 0 1 0 0 ]
d13=4.394470838384 eijMax=6.484E-03 rmsd=4.574E-01 s=[ 0 0 0 0 1 1 1 0 0 1 0 0 ]
d13=4.394470838384 eijMax=6.484E-03 rmsd=4.574E-01 s=[ 0 0 0 1 0 0 0 1 1 0 1 1 ]
d13=4.394470838384 eijMax=4.730E-03 rmsd=5.093E-01 s=[ 0 0 0 1 0 1 0 1 1 0 1 1 ]
d13=4.414075908889 eijMax=6.996E-03 rmsd=5.386E-01 s=[ 0 0 0 0 1 0 1 0 0 1 0 0 ]
d13=4.414075908889 eijMax=8.703E-03 rmsd=4.894E-01 s=[ 0 0 0 0 1 1 1 0 0 1 0 0 ]
d13=4.414075908889 eijMax=8.703E-03 rmsd=4.894E-01 s=[ 0 0 0 1 0 0 0 1 1 0 1 1 ]
d13=4.414075908889 eijMax=6.996E-03 rmsd=5.386E-01 s=[ 0 0 0 1 0 1 0 1 1 0 1 1 ]
d13=4.433680979394 eijMax=9.459E-03 rmsd=5.676E-01 s=[ 0 0 0 0 1 0 1 0 0 1 0 0 ]
d13=4.433680979394 eijMax=9.459E-03 rmsd=5.676E-01 s=[ 0 0 0 1 0 1 0 1 1 0 1 1 ]
num ..... 100
nnodes .. 12
nedges .. 36
nsols ... 94
tsecs ... 0.628548
