d13=4.655794593824 eijMax=9.937E-03 rmsd=6.681E-01 s=[ 0 0 0 0 1 1 0 1 0 0 0 0 ]
d13=4.655794593824 eijMax=9.937E-03 rmsd=6.681E-01 s=[ 0 0 0 1 0 0 1 0 1 1 1 1 ]
d13=4.657159316847 eijMax=9.895E-03 rmsd=6.591E-01 s=[ 0 0 0 0 1 0 0 1 0 0 0 0 ]
d13=4.657159316847 eijMax=9.646E-03 rmsd=6.657E-01 s=[ 0 0 0 0 1 1 0 1 0 0 0 0 ]
d13=4.657159316847 eijMax=9.646E-03 rmsd=6.657E-01 s=[ 0 0 0 1 0 0 1 0 1 1 1 1 ]
d13=4.657159316847 eijMax=9.895E-03 rmsd=6.591E-01 s=[ 0 0 0 1 0 1 1 0 1 1 1 1 ]
d13=4.658524039870 eijMax=9.607E-03 rmsd=6.567E-01 s=[ 0 0 0 0 1 0 0 1 0 0 0 0 ]
d13=4.658524039870 eijMax=9.354E-03 rmsd=6.633E-01 s=[ 0 0 0 0 1 1 0 1 0 0 0 0 ]
d13=4.658524039870 eijMax=9.354E-03 rmsd=6.633E-01 s=[ 0 0 0 1 0 0 1 0 1 1 1 1 ]
d13=4.658524039870 eijMax=9.607E-03 rmsd=6.567E-01 s=[ 0 0 0 1 0 1 1 0 1 1 1 1 ]
d13=4.659888762893 eijMax=9.318E-03 rmsd=6.542E-01 s=[ 0 0 0 0 1 0 0 1 0 0 0 0 ]
d13=4.659888762893 eijMax=9.061E-03 rmsd=6.609E-01 s=[ 0 0 0 0 1 1 0 1 0 0 0 0 ]
d13=4.659888762893 eijMax=9.061E-03 rmsd=6.609E-01 s=[ 0 0 0 1 0 0 1 0 1 1 1 1 ]
d13=4.659888762893 eijMax=9.318E-03 rmsd=6.542E-01 s=[ 0 0 0 1 0 1 1 0 1 1 1 1 ]
d13=4.661253485916 eijMax=9.028E-03 rmsd=6.517E-01 s=[ 0 0 0 0 1 0 0 1 0 0 0 0 ]
d13=4.661253485916 eijMax=8.766E-03 rmsd=6.584E-01 s=[ 0 0 0 0 1 1 0 1 0 0 0 0 ]
d13=4.661253485916 eijMax=8.766E-03 rmsd=6.584E-01 s=[ 0 0 0 1 0 0 1 0 1 1 1 1 ]
d13=4.661253485916 eijMax=9.028E-03 rmsd=6.517E-01 s=[ 0 0 0 1 0 1 1 0 1 1 1 1 ]
d13=4.662618208939 eijMax=8.737E-03 rmsd=6.492E-01 s=[ 0 0 0 0 1 0 0 1 0 0 0 0 ]
d13=4.662618208939 eijMax=8.470E-03 rmsd=6.560E-01 s=[ 0 0 0 0 1 1 0 1 0 0 0 0 ]
d13=4.662618208939 eijMax=8.470E-03 rmsd=6.560E-01 s=[ 0 0 0 1 0 0 1 0 1 1 1 1 ]
d13=4.662618208939 eijMax=8.737E-03 rmsd=6.492E-01 s=[ 0 0 0 1 0 1 1 0 1 1 1 1 ]
d13=4.663982931962 eijMax=8.444E-03 rmsd=6.467E-01 s=[ 0 0 0 0 1 0 0 1 0 0 0 0 ]
d13=4.663982931962 eijMax=8.173E-03 rmsd=6.535E-01 s=[ 0 0 0 0 1 1 0 1 0 0 0 0 ]
d13=4.663982931962 eijMax=8.173E-03 rmsd=6.535E-01 s=[ 0 0 0 1 0 0 1 0 1 1 1 1 ]
d13=4.663982931962 eijMax=8.444E-03 rmsd=6.467E-01 s=[ 0 0 0 1 0 1 1 0 1 1 1 1 ]
d13=4.665347654985 eijMax=8.150E-03 rmsd=6.442E-01 s=[ 0 0 0 0 1 0 0 1 0 0 0 0 ]
d13=4.665347654985 eijMax=7.875E-03 rmsd=6.510E-01 s=[ 0 0 0 0 1 1 0 1 0 0 0 0 ]
d13=4.665347654985 eijMax=7.875E-03 rmsd=6.510E-01 s=[ 0 0 0 1 0 0 1 0 1 1 1 1 ]
d13=4.665347654985 eijMax=8.150E-03 rmsd=6.442E-01 s=[ 0 0 0 1 0 1 1 0 1 1 1 1 ]
d13=4.666712378008 eijMax=7.855E-03 rmsd=6.416E-01 s=[ 0 0 0 0 1 0 0 1 0 0 0 0 ]
d13=4.666712378008 eijMax=7.576E-03 rmsd=6.485E-01 s=[ 0 0 0 0 1 1 0 1 0 0 0 0 ]
d13=4.666712378008 eijMax=7.576E-03 rmsd=6.485E-01 s=[ 0 0 0 1 0 0 1 0 1 1 1 1 ]
d13=4.666712378008 eijMax=7.855E-03 rmsd=6.416E-01 s=[ 0 0 0 1 0 1 1 0 1 1 1 1 ]
d13=4.668077101031 eijMax=7.560E-03 rmsd=6.390E-01 s=[ 0 0 0 0 1 0 0 1 0 0 0 0 ]
d13=4.668077101031 eijMax=7.275E-03 rmsd=6.460E-01 s=[ 0 0 0 0 1 1 0 1 0 0 0 0 ]
d13=4.668077101031 eijMax=7.275E-03 rmsd=6.460E-01 s=[ 0 0 0 1 0 0 1 0 1 1 1 1 ]
d13=4.668077101031 eijMax=7.560E-03 rmsd=6.390E-01 s=[ 0 0 0 1 0 1 1 0 1 1 1 1 ]
d13=4.669441824054 eijMax=7.263E-03 rmsd=6.365E-01 s=[ 0 0 0 0 1 0 0 1 0 0 0 0 ]
d13=4.669441824054 eijMax=6.974E-03 rmsd=6.435E-01 s=[ 0 0 0 0 1 1 0 1 0 0 0 0 ]
d13=4.669441824054 eijMax=6.974E-03 rmsd=6.435E-01 s=[ 0 0 0 1 0 0 1 0 1 1 1 1 ]
d13=4.669441824054 eijMax=7.263E-03 rmsd=6.365E-01 s=[ 0 0 0 1 0 1 1 0 1 1 1 1 ]
d13=4.670806547077 eijMax=6.965E-03 rmsd=6.339E-01 s=[ 0 0 0 0 1 0 0 1 0 0 0 0 ]
d13=4.670806547077 eijMax=6.671E-03 rmsd=6.409E-01 s=[ 0 0 0 0 1 1 0 1 0 0 0 0 ]
d13=4.670806547077 eijMax=6.671E-03 rmsd=6.409E-01 s=[ 0 0 0 1 0 0 1 0 1 1 1 1 ]
d13=4.670806547077 eijMax=6.965E-03 rmsd=6.339E-01 s=[ 0 0 0 1 0 1 1 0 1 1 1 1 ]
d13=4.672171270100 eijMax=6.666E-03 rmsd=6.312E-01 s=[ 0 0 0 0 1 0 0 1 0 0 0 0 ]
d13=4.672171270100 eijMax=6.367E-03 rmsd=6.384E-01 s=[ 0 0 0 0 1 1 0 1 0 0 0 0 ]
d13=4.672171270100 eijMax=6.367E-03 rmsd=6.384E-01 s=[ 0 0 0 1 0 0 1 0 1 1 1 1 ]
d13=4.672171270100 eijMax=6.666E-03 rmsd=6.312E-01 s=[ 0 0 0 1 0 1 1 0 1 1 1 1 ]
d13=4.673535993123 eijMax=6.366E-03 rmsd=6.286E-01 s=[ 0 0 0 0 1 0 0 1 0 0 0 0 ]
d13=4.673535993123 eijMax=6.063E-03 rmsd=6.358E-01 s=[ 0 0 0 0 1 1 0 1 0 0 0 0 ]
d13=4.673535993123 eijMax=6.063E-03 rmsd=6.358E-01 s=[ 0 0 0 1 0 0 1 0 1 1 1 1 ]
d13=4.673535993123 eijMax=6.366E-03 rmsd=6.286E-01 s=[ 0 0 0 1 0 1 1 0 1 1 1 1 ]
d13=4.674900716146 eijMax=6.066E-03 rmsd=6.260E-01 s=[ 0 0 0 0 1 0 0 1 0 0 0 0 ]
d13=4.674900716146 eijMax=5.757E-03 rmsd=6.332E-01 s=[ 0 0 0 0 1 1 0 1 0 0 0 0 ]
d13=4.674900716146 eijMax=5.757E-03 rmsd=6.332E-01 s=[ 0 0 0 1 0 0 1 0 1 1 1 1 ]
d13=4.674900716146 eijMax=6.066E-03 rmsd=6.260E-01 s=[ 0 0 0 1 0 1 1 0 1 1 1 1 ]
d13=4.676265439169 eijMax=5.764E-03 rmsd=6.233E-01 s=[ 0 0 0 0 1 0 0 1 0 0 0 0 ]
d13=4.676265439169 eijMax=5.451E-03 rmsd=6.306E-01 s=[ 0 0 0 0 1 1 0 1 0 0 0 0 ]
d13=4.676265439169 eijMax=5.451E-03 rmsd=6.306E-01 s=[ 0 0 0 1 0 0 1 0 1 1 1 1 ]
d13=4.676265439169 eijMax=5.764E-03 rmsd=6.233E-01 s=[ 0 0 0 1 0 1 1 0 1 1 1 1 ]
d13=4.677630162192 eijMax=5.462E-03 rmsd=6.206E-01 s=[ 0 0 0 0 1 0 0 1 0 0 0 0 ]
d13=4.677630162192 eijMax=5.143E-03 rmsd=6.279E-01 s=[ 0 0 0 0 1 1 0 1 0 0 0 0 ]
d13=4.677630162192 eijMax=5.143E-03 rmsd=6.279E-01 s=[ 0 0 0 1 0 0 1 0 1 1 1 1 ]
d13=4.677630162192 eijMax=5.462E-03 rmsd=6.206E-01 s=[ 0 0 0 1 0 1 1 0 1 1 1 1 ]
d13=4.678994885215 eijMax=5.159E-03 rmsd=6.179E-01 s=[ 0 0 0 0 1 0 0 1 0 0 0 0 ]
d13=4.678994885215 eijMax=4.835E-03 rmsd=6.253E-01 s=[ 0 0 0 0 1 1 0 1 0 0 0 0 ]
d13=4.678994885215 eijMax=4.835E-03 rmsd=6.253E-01 s=[ 0 0 0 1 0 0 1 0 1 1 1 1 ]
d13=4.678994885215 eijMax=5.159E-03 rmsd=6.179E-01 s=[ 0 0 0 1 0 1 1 0 1 1 1 1 ]
d13=4.680359608238 eijMax=4.855E-03 rmsd=6.151E-01 s=[ 0 0 0 0 1 0 0 1 0 0 0 0 ]
d13=4.680359608238 eijMax=9.913E-03 rmsd=5.519E-01 s=[ 0 0 0 0 1 1 0 0 0 0 0 0 ]
d13=4.680359608238 eijMax=4.526E-03 rmsd=6.226E-01 s=[ 0 0 0 0 1 1 0 1 0 0 0 0 ]
d13=4.680359608238 eijMax=4.526E-03 rmsd=6.226E-01 s=[ 0 0 0 1 0 0 1 0 1 1 1 1 ]
d13=4.680359608238 eijMax=9.913E-03 rmsd=5.519E-01 s=[ 0 0 0 1 0 0 1 1 1 1 1 1 ]
d13=4.680359608238 eijMax=4.855E-03 rmsd=6.151E-01 s=[ 0 0 0 1 0 1 1 0 1 1 1 1 ]
d13=4.681724331261 eijMax=4.551E-03 rmsd=6.124E-01 s=[ 0 0 0 0 1 0 0 1 0 0 0 0 ]
d13=4.681724331261 eijMax=9.653E-03 rmsd=5.489E-01 s=[ 0 0 0 0 1 1 0 0 0 0 0 0 ]
d13=4.681724331261 eijMax=4.217E-03 rmsd=6.199E-01 s=[ 0 0 0 0 1 1 0 1 0 0 0 0 ]
d13=4.681724331261 eijMax=4.217E-03 rmsd=6.199E-01 s=[ 0 0 0 1 0 0 1 0 1 1 1 1 ]
d13=4.681724331261 eijMax=9.653E-03 rmsd=5.489E-01 s=[ 0 0 0 1 0 0 1 1 1 1 1 1 ]
d13=4.681724331261 eijMax=4.551E-03 rmsd=6.124E-01 s=[ 0 0 0 1 0 1 1 0 1 1 1 1 ]
d13=4.683089054284 eijMax=9.779E-03 rmsd=5.375E-01 s=[ 0 0 0 0 1 0 0 0 0 0 0 0 ]
d13=4.683089054284 eijMax=4.246E-03 rmsd=6.096E-01 s=[ 0 0 0 0 1 0 0 1 0 0 0 0 ]
d13=4.683089054284 eijMax=9.392E-03 rmsd=5.459E-01 s=[ 0 0 0 0 1 1 0 0 0 0 0 0 ]
d13=4.683089054284 eijMax=3.906E-03 rmsd=6.172E-01 s=[ 0 0 0 0 1 1 0 1 0 0 0 0 ]
d13=4.683089054284 eijMax=3.906E-03 rmsd=6.172E-01 s=[ 0 0 0 1 0 0 1 0 1 1 1 1 ]
d13=4.683089054284 eijMax=9.392E-03 rmsd=5.459E-01 s=[ 0 0 0 1 0 0 1 1 1 1 1 1 ]
d13=4.683089054284 eijMax=4.246E-03 rmsd=6.096E-01 s=[ 0 0 0 1 0 1 1 0 1 1 1 1 ]
d13=4.683089054284 eijMax=9.779E-03 rmsd=5.375E-01 s=[ 0 0 0 1 0 1 1 1 1 1 1 1 ]
d13=4.684453777307 eijMax=9.523E-03 rmsd=5.343E-01 s=[ 0 0 0 0 1 0 0 0 0 0 0 0 ]
d13=4.684453777307 eijMax=3.940E-03 rmsd=6.068E-01 s=[ 0 0 0 0 1 0 0 1 0 0 0 0 ]
d13=4.684453777307 eijMax=9.130E-03 rmsd=5.428E-01 s=[ 0 0 0 0 1 1 0 0 0 0 0 0 ]
d13=4.684453777307 eijMax=3.595E-03 rmsd=6.145E-01 s=[ 0 0 0 0 1 1 0 1 0 0 0 0 ]
d13=4.684453777307 eijMax=3.595E-03 rmsd=6.145E-01 s=[ 0 0 0 1 0 0 1 0 1 1 1 1 ]
d13=4.684453777307 eijMax=9.130E-03 rmsd=5.428E-01 s=[ 0 0 0 1 0 0 1 1 1 1 1 1 ]
d13=4.684453777307 eijMax=3.940E-03 rmsd=6.068E-01 s=[ 0 0 0 1 0 1 1 0 1 1 1 1 ]
d13=4.684453777307 eijMax=9.523E-03 rmsd=5.343E-01 s=[ 0 0 0 1 0 1 1 1 1 1 1 1 ]
d13=4.685818500330 eijMax=9.268E-03 rmsd=5.312E-01 s=[ 0 0 0 0 1 0 0 0 0 0 0 0 ]
d13=4.685818500330 eijMax=3.634E-03 rmsd=6.040E-01 s=[ 0 0 0 0 1 0 0 1 0 0 0 0 ]
d13=4.685818500330 eijMax=8.869E-03 rmsd=5.397E-01 s=[ 0 0 0 0 1 1 0 0 0 0 0 0 ]
d13=4.685818500330 eijMax=3.283E-03 rmsd=6.117E-01 s=[ 0 0 0 0 1 1 0 1 0 0 0 0 ]
d13=4.685818500330 eijMax=3.283E-03 rmsd=6.117E-01 s=[ 0 0 0 1 0 0 1 0 1 1 1 1 ]
d13=4.685818500330 eijMax=8.869E-03 rmsd=5.397E-01 s=[ 0 0 0 1 0 0 1 1 1 1 1 1 ]
d13=4.685818500330 eijMax=3.634E-03 rmsd=6.040E-01 s=[ 0 0 0 1 0 1 1 0 1 1 1 1 ]
d13=4.685818500330 eijMax=9.268E-03 rmsd=5.312E-01 s=[ 0 0 0 1 0 1 1 1 1 1 1 1 ]
d13=4.687183223353 eijMax=9.013E-03 rmsd=5.280E-01 s=[ 0 0 0 0 1 0 0 0 0 0 0 0 ]
d13=4.687183223353 eijMax=3.328E-03 rmsd=6.012E-01 s=[ 0 0 0 0 1 0 0 1 0 0 0 0 ]
d13=4.687183223353 eijMax=8.607E-03 rmsd=5.366E-01 s=[ 0 0 0 0 1 1 0 0 0 0 0 0 ]
d13=4.687183223353 eijMax=2.971E-03 rmsd=6.090E-01 s=[ 0 0 0 0 1 1 0 1 0 0 0 0 ]
d13=4.687183223353 eijMax=2.971E-03 rmsd=6.090E-01 s=[ 0 0 0 1 0 0 1 0 1 1 1 1 ]
d13=4.687183223353 eijMax=8.607E-03 rmsd=5.366E-01 s=[ 0 0 0 1 0 0 1 1 1 1 1 1 ]
d13=4.687183223353 eijMax=3.328E-03 rmsd=6.012E-01 s=[ 0 0 0 1 0 1 1 0 1 1 1 1 ]
d13=4.687183223353 eijMax=9.013E-03 rmsd=5.280E-01 s=[ 0 0 0 1 0 1 1 1 1 1 1 1 ]
d13=4.688547946376 eijMax=8.757E-03 rmsd=5.248E-01 s=[ 0 0 0 0 1 0 0 0 0 0 0 0 ]
d13=4.688547946376 eijMax=3.021E-03 rmsd=5.983E-01 s=[ 0 0 0 0 1 0 0 1 0 0 0 0 ]
d13=4.688547946376 eijMax=8.345E-03 rmsd=5.335E-01 s=[ 0 0 0 0 1 1 0 0 0 0 0 0 ]
d13=4.688547946376 eijMax=2.658E-03 rmsd=6.062E-01 s=[ 0 0 0 0 1 1 0 1 0 0 0 0 ]
d13=4.688547946376 eijMax=2.658E-03 rmsd=6.062E-01 s=[ 0 0 0 1 0 0 1 0 1 1 1 1 ]
d13=4.688547946376 eijMax=8.345E-03 rmsd=5.335E-01 s=[ 0 0 0 1 0 0 1 1 1 1 1 1 ]
d13=4.688547946376 eijMax=3.021E-03 rmsd=5.983E-01 s=[ 0 0 0 1 0 1 1 0 1 1 1 1 ]
d13=4.688547946376 eijMax=8.757E-03 rmsd=5.248E-01 s=[ 0 0 0 1 0 1 1 1 1 1 1 1 ]
d13=4.689912669399 eijMax=8.501E-03 rmsd=5.216E-01 s=[ 0 0 0 0 1 0 0 0 0 0 0 0 ]
d13=4.689912669399 eijMax=2.713E-03 rmsd=5.955E-01 s=[ 0 0 0 0 1 0 0 1 0 0 0 0 ]
d13=4.689912669399 eijMax=8.083E-03 rmsd=5.303E-01 s=[ 0 0 0 0 1 1 0 0 0 0 0 0 ]
d13=4.689912669399 eijMax=2.345E-03 rmsd=6.033E-01 s=[ 0 0 0 0 1 1 0 1 0 0 0 0 ]
d13=4.689912669399 eijMax=2.345E-03 rmsd=6.033E-01 s=[ 0 0 0 1 0 0 1 0 1 1 1 1 ]
d13=4.689912669399 eijMax=8.083E-03 rmsd=5.303E-01 s=[ 0 0 0 1 0 0 1 1 1 1 1 1 ]
d13=4.689912669399 eijMax=2.713E-03 rmsd=5.955E-01 s=[ 0 0 0 1 0 1 1 0 1 1 1 1 ]
d13=4.689912669399 eijMax=8.501E-03 rmsd=5.216E-01 s=[ 0 0 0 1 0 1 1 1 1 1 1 1 ]
d13=4.691277392422 eijMax=8.246E-03 rmsd=5.183E-01 s=[ 0 0 0 0 1 0 0 0 0 0 0 0 ]
d13=4.691277392422 eijMax=2.406E-03 rmsd=5.926E-01 s=[ 0 0 0 0 1 0 0 1 0 0 0 0 ]
d13=4.691277392422 eijMax=7.820E-03 rmsd=5.271E-01 s=[ 0 0 0 0 1 1 0 0 0 0 0 0 ]
d13=4.691277392422 eijMax=2.031E-03 rmsd=6.005E-01 s=[ 0 0 0 0 1 1 0 1 0 0 0 0 ]
d13=4.691277392422 eijMax=2.031E-03 rmsd=6.005E-01 s=[ 0 0 0 1 0 0 1 0 1 1 1 1 ]
d13=4.691277392422 eijMax=7.820E-03 rmsd=5.271E-01 s=[ 0 0 0 1 0 0 1 1 1 1 1 1 ]
d13=4.691277392422 eijMax=2.406E-03 rmsd=5.926E-01 s=[ 0 0 0 1 0 1 1 0 1 1 1 1 ]
d13=4.691277392422 eijMax=8.246E-03 rmsd=5.183E-01 s=[ 0 0 0 1 0 1 1 1 1 1 1 1 ]
d13=4.692642115445 eijMax=7.990E-03 rmsd=5.150E-01 s=[ 0 0 0 0 1 0 0 0 0 0 0 0 ]
d13=4.692642115445 eijMax=2.098E-03 rmsd=5.896E-01 s=[ 0 0 0 0 1 0 0 1 0 0 0 0 ]
d13=4.692642115445 eijMax=7.558E-03 rmsd=5.239E-01 s=[ 0 0 0 0 1 1 0 0 0 0 0 0 ]
d13=4.692642115445 eijMax=1.717E-03 rmsd=5.976E-01 s=[ 0 0 0 0 1 1 0 1 0 0 0 0 ]
d13=4.692642115445 eijMax=1.717E-03 rmsd=5.976E-01 s=[ 0 0 0 1 0 0 1 0 1 1 1 1 ]
d13=4.692642115445 eijMax=7.558E-03 rmsd=5.239E-01 s=[ 0 0 0 1 0 0 1 1 1 1 1 1 ]
d13=4.692642115445 eijMax=2.098E-03 rmsd=5.896E-01 s=[ 0 0 0 1 0 1 1 0 1 1 1 1 ]
d13=4.692642115445 eijMax=7.990E-03 rmsd=5.150E-01 s=[ 0 0 0 1 0 1 1 1 1 1 1 1 ]
d13=4.694006838468 eijMax=7.734E-03 rmsd=5.117E-01 s=[ 0 0 0 0 1 0 0 0 0 0 0 0 ]
d13=4.694006838468 eijMax=1.789E-03 rmsd=5.867E-01 s=[ 0 0 0 0 1 0 0 1 0 0 0 0 ]
d13=4.694006838468 eijMax=7.295E-03 rmsd=5.207E-01 s=[ 0 0 0 0 1 1 0 0 0 0 0 0 ]
d13=4.694006838468 eijMax=1.403E-03 rmsd=5.948E-01 s=[ 0 0 0 0 1 1 0 1 0 0 0 0 ]
d13=4.694006838468 eijMax=1.403E-03 rmsd=5.948E-01 s=[ 0 0 0 1 0 0 1 0 1 1 1 1 ]
d13=4.694006838468 eijMax=7.295E-03 rmsd=5.207E-01 s=[ 0 0 0 1 0 0 1 1 1 1 1 1 ]
d13=4.694006838468 eijMax=1.789E-03 rmsd=5.867E-01 s=[ 0 0 0 1 0 1 1 0 1 1 1 1 ]
d13=4.694006838468 eijMax=7.734E-03 rmsd=5.117E-01 s=[ 0 0 0 1 0 1 1 1 1 1 1 1 ]
d13=4.695371561491 eijMax=7.479E-03 rmsd=5.084E-01 s=[ 0 0 0 0 1 0 0 0 0 0 0 0 ]
d13=4.695371561491 eijMax=1.481E-03 rmsd=5.837E-01 s=[ 0 0 0 0 1 0 0 1 0 0 0 0 ]
d13=4.695371561491 eijMax=7.033E-03 rmsd=5.174E-01 s=[ 0 0 0 0 1 1 0 0 0 0 0 0 ]
d13=4.695371561491 eijMax=1.088E-03 rmsd=5.919E-01 s=[ 0 0 0 0 1 1 0 1 0 0 0 0 ]
d13=4.695371561491 eijMax=1.088E-03 rmsd=5.919E-01 s=[ 0 0 0 1 0 0 1 0 1 1 1 1 ]
d13=4.695371561491 eijMax=7.033E-03 rmsd=5.174E-01 s=[ 0 0 0 1 0 0 1 1 1 1 1 1 ]
d13=4.695371561491 eijMax=1.481E-03 rmsd=5.837E-01 s=[ 0 0 0 1 0 1 1 0 1 1 1 1 ]
d13=4.695371561491 eijMax=7.479E-03 rmsd=5.084E-01 s=[ 0 0 0 1 0 1 1 1 1 1 1 1 ]
d13=4.696736284515 eijMax=7.224E-03 rmsd=5.050E-01 s=[ 0 0 0 0 1 0 0 0 0 0 0 0 ]
d13=4.696736284515 eijMax=1.172E-03 rmsd=5.807E-01 s=[ 0 0 0 0 1 0 0 1 0 0 0 0 ]
d13=4.696736284515 eijMax=6.771E-03 rmsd=5.141E-01 s=[ 0 0 0 0 1 1 0 0 0 0 0 0 ]
d13=4.696736284515 eijMax=7.731E-04 rmsd=5.889E-01 s=[ 0 0 0 0 1 1 0 1 0 0 0 0 ]
d13=4.696736284515 eijMax=7.731E-04 rmsd=5.889E-01 s=[ 0 0 0 1 0 0 1 0 1 1 1 1 ]
d13=4.696736284515 eijMax=6.771E-03 rmsd=5.141E-01 s=[ 0 0 0 1 0 0 1 1 1 1 1 1 ]
d13=4.696736284515 eijMax=1.172E-03 rmsd=5.807E-01 s=[ 0 0 0 1 0 1 1 0 1 1 1 1 ]
d13=4.696736284515 eijMax=7.224E-03 rmsd=5.050E-01 s=[ 0 0 0 1 0 1 1 1 1 1 1 1 ]
d13=4.698101007538 eijMax=6.969E-03 rmsd=5.016E-01 s=[ 0 0 0 0 1 0 0 0 0 0 0 0 ]
d13=4.698101007538 eijMax=8.638E-04 rmsd=5.777E-01 s=[ 0 0 0 0 1 0 0 1 0 0 0 0 ]
d13=4.698101007538 eijMax=6.509E-03 rmsd=5.108E-01 s=[ 0 0 0 0 1 1 0 0 0 0 0 0 ]
d13=4.698101007538 eijMax=4.581E-04 rmsd=5.860E-01 s=[ 0 0 0 0 1 1 0 1 0 0 0 0 ]
d13=4.698101007538 eijMax=4.581E-04 rmsd=5.860E-01 s=[ 0 0 0 1 0 0 1 0 1 1 1 1 ]
d13=4.698101007538 eijMax=6.509E-03 rmsd=5.108E-01 s=[ 0 0 0 1 0 0 1 1 1 1 1 1 ]
d13=4.698101007538 eijMax=8.638E-04 rmsd=5.777E-01 s=[ 0 0 0 1 0 1 1 0 1 1 1 1 ]
d13=4.698101007538 eijMax=6.969E-03 rmsd=5.016E-01 s=[ 0 0 0 1 0 1 1 1 1 1 1 1 ]
d13=4.699465730561 eijMax=6.714E-03 rmsd=4.982E-01 s=[ 0 0 0 0 1 0 0 0 0 0 0 0 ]
d13=4.699465730561 eijMax=5.552E-04 rmsd=5.746E-01 s=[ 0 0 0 0 1 0 0 1 0 0 0 0 ]
d13=4.699465730561 eijMax=6.247E-03 rmsd=5.074E-01 s=[ 0 0 0 0 1 1 0 0 0 0 0 0 ]
d13=4.699465730561 eijMax=1.429E-04 rmsd=5.830E-01 s=[ 0 0 0 0 1 1 0 1 0 0 0 0 ]
d13=4.699465730561 eijMax=1.429E-04 rmsd=5.830E-01 s=[ 0 0 0 1 0 0 1 0 1 1 1 1 ]
d13=4.699465730561 eijMax=6.247E-03 rmsd=5.074E-01 s=[ 0 0 0 1 0 0 1 1 1 1 1 1 ]
d13=4.699465730561 eijMax=5.552E-04 rmsd=5.746E-01 s=[ 0 0 0 1 0 1 1 0 1 1 1 1 ]
d13=4.699465730561 eijMax=6.714E-03 rmsd=4.982E-01 s=[ 0 0 0 1 0 1 1 1 1 1 1 1 ]
d13=4.700830453584 eijMax=6.460E-03 rmsd=4.947E-01 s=[ 0 0 0 0 1 0 0 0 0 0 0 0 ]
d13=4.700830453584 eijMax=2.467E-04 rmsd=5.716E-01 s=[ 0 0 0 0 1 0 0 1 0 0 0 0 ]
d13=4.700830453584 eijMax=5.985E-03 rmsd=5.040E-01 s=[ 0 0 0 0 1 1 0 0 0 0 0 0 ]
d13=4.700830453584 eijMax=1.724E-04 rmsd=5.800E-01 s=[ 0 0 0 0 1 1 0 1 0 0 0 0 ]
d13=4.700830453584 eijMax=1.724E-04 rmsd=5.800E-01 s=[ 0 0 0 1 0 0 1 0 1 1 1 1 ]
d13=4.700830453584 eijMax=5.985E-03 rmsd=5.040E-01 s=[ 0 0 0 1 0 0 1 1 1 1 1 1 ]
d13=4.700830453584 eijMax=2.467E-04 rmsd=5.716E-01 s=[ 0 0 0 1 0 1 1 0 1 1 1 1 ]
d13=4.700830453584 eijMax=6.460E-03 rmsd=4.947E-01 s=[ 0 0 0 1 0 1 1 1 1 1 1 1 ]
d13=4.702195176607 eijMax=6.207E-03 rmsd=4.912E-01 s=[ 0 0 0 0 1 0 0 0 0 0 0 0 ]
d13=4.702195176607 eijMax=6.167E-05 rmsd=5.685E-01 s=[ 0 0 0 0 1 0 0 1 0 0 0 0 ]
d13=4.702195176607 eijMax=5.724E-03 rmsd=5.006E-01 s=[ 0 0 0 0 1 1 0 0 0 0 0 0 ]
d13=4.702195176607 eijMax=4.876E-04 rmsd=5.770E-01 s=[ 0 0 0 0 1 1 0 1 0 0 0 0 ]
d13=4.702195176607 eijMax=4.876E-04 rmsd=5.770E-01 s=[ 0 0 0 1 0 0 1 0 1 1 1 1 ]
d13=4.702195176607 eijMax=5.724E-03 rmsd=5.006E-01 s=[ 0 0 0 1 0 0 1 1 1 1 1 1 ]
d13=4.702195176607 eijMax=6.167E-05 rmsd=5.685E-01 s=[ 0 0 0 1 0 1 1 0 1 1 1 1 ]
d13=4.702195176607 eijMax=6.207E-03 rmsd=4.912E-01 s=[ 0 0 0 1 0 1 1 1 1 1 1 1 ]
d13=4.703559899630 eijMax=5.954E-03 rmsd=4.877E-01 s=[ 0 0 0 0 1 0 0 0 0 0 0 0 ]
d13=4.703559899630 eijMax=3.699E-04 rmsd=5.653E-01 s=[ 0 0 0 0 1 0 0 1 0 0 0 0 ]
d13=4.703559899630 eijMax=5.464E-03 rmsd=4.972E-01 s=[ 0 0 0 0 1 1 0 0 0 0 0 0 ]
d13=4.703559899630 eijMax=8.028E-04 rmsd=5.739E-01 s=[ 0 0 0 0 1 1 0 1 0 0 0 0 ]
d13=4.703559899630 eijMax=8.028E-04 rmsd=5.739E-01 s=[ 0 0 0 1 0 0 1 0 1 1 1 1 ]
d13=4.703559899630 eijMax=5.464E-03 rmsd=4.972E-01 s=[ 0 0 0 1 0 0 1 1 1 1 1 1 ]
d13=4.703559899630 eijMax=3.699E-04 rmsd=5.653E-01 s=[ 0 0 0 1 0 1 1 0 1 1 1 1 ]
d13=4.703559899630 eijMax=5.954E-03 rmsd=4.877E-01 s=[ 0 0 0 1 0 1 1 1 1 1 1 1 ]
d13=4.704924622653 eijMax=5.701E-03 rmsd=4.841E-01 s=[ 0 0 0 0 1 0 0 0 0 0 0 0 ]
d13=4.704924622653 eijMax=6.778E-04 rmsd=5.622E-01 s=[ 0 0 0 0 1 0 0 1 0 0 0 0 ]
d13=4.704924622653 eijMax=5.204E-03 rmsd=4.937E-01 s=[ 0 0 0 0 1 1 0 0 0 0 0 0 ]
d13=4.704924622653 eijMax=1.118E-03 rmsd=5.708E-01 s=[ 0 0 0 0 1 1 0 1 0 0 0 0 ]
d13=4.704924622653 eijMax=1.118E-03 rmsd=5.708E-01 s=[ 0 0 0 1 0 0 1 0 1 1 1 1 ]
d13=4.704924622653 eijMax=5.204E-03 rmsd=4.937E-01 s=[ 0 0 0 1 0 0 1 1 1 1 1 1 ]
d13=4.704924622653 eijMax=6.778E-04 rmsd=5.622E-01 s=[ 0 0 0 1 0 1 1 0 1 1 1 1 ]
d13=4.704924622653 eijMax=5.701E-03 rmsd=4.841E-01 s=[ 0 0 0 1 0 1 1 1 1 1 1 1 ]
d13=4.706289345676 eijMax=5.450E-03 rmsd=4.805E-01 s=[ 0 0 0 0 1 0 0 0 0 0 0 0 ]
d13=4.706289345676 eijMax=9.854E-04 rmsd=5.590E-01 s=[ 0 0 0 0 1 0 0 1 0 0 0 0 ]
d13=4.706289345676 eijMax=4.944E-03 rmsd=4.902E-01 s=[ 0 0 0 0 1 1 0 0 0 0 0 0 ]
d13=4.706289345676 eijMax=1.433E-03 rmsd=5.677E-01 s=[ 0 0 0 0 1 1 0 1 0 0 0 0 ]
d13=4.706289345676 eijMax=1.433E-03 rmsd=5.677E-01 s=[ 0 0 0 1 0 0 1 0 1 1 1 1 ]
d13=4.706289345676 eijMax=4.944E-03 rmsd=4.902E-01 s=[ 0 0 0 1 0 0 1 1 1 1 1 1 ]
d13=4.706289345676 eijMax=9.854E-04 rmsd=5.590E-01 s=[ 0 0 0 1 0 1 1 0 1 1 1 1 ]
d13=4.706289345676 eijMax=5.450E-03 rmsd=4.805E-01 s=[ 0 0 0 1 0 1 1 1 1 1 1 1 ]
d13=4.707654068699 eijMax=5.199E-03 rmsd=4.769E-01 s=[ 0 0 0 0 1 0 0 0 0 0 0 0 ]
d13=4.707654068699 eijMax=1.293E-03 rmsd=5.558E-01 s=[ 0 0 0 0 1 0 0 1 0 0 0 0 ]
d13=4.707654068699 eijMax=4.685E-03 rmsd=4.866E-01 s=[ 0 0 0 0 1 1 0 0 0 0 0 0 ]
d13=4.707654068699 eijMax=1.747E-03 rmsd=5.645E-01 s=[ 0 0 0 0 1 1 0 1 0 0 0 0 ]
d13=4.707654068699 eijMax=1.747E-03 rmsd=5.645E-01 s=[ 0 0 0 1 0 0 1 0 1 1 1 1 ]
d13=4.707654068699 eijMax=4.685E-03 rmsd=4.866E-01 s=[ 0 0 0 1 0 0 1 1 1 1 1 1 ]
d13=4.707654068699 eijMax=1.293E-03 rmsd=5.558E-01 s=[ 0 0 0 1 0 1 1 0 1 1 1 1 ]
d13=4.707654068699 eijMax=5.199E-03 rmsd=4.769E-01 s=[ 0 0 0 1 0 1 1 1 1 1 1 1 ]
d13=4.709018791722 eijMax=4.949E-03 rmsd=4.732E-01 s=[ 0 0 0 0 1 0 0 0 0 0 0 0 ]
d13=4.709018791722 eijMax=1.599E-03 rmsd=5.525E-01 s=[ 0 0 0 0 1 0 0 1 0 0 0 0 ]
d13=4.709018791722 eijMax=4.427E-03 rmsd=4.830E-01 s=[ 0 0 0 0 1 1 0 0 0 0 0 0 ]
d13=4.709018791722 eijMax=2.061E-03 rmsd=5.614E-01 s=[ 0 0 0 0 1 1 0 1 0 0 0 0 ]
d13=4.709018791722 eijMax=2.061E-03 rmsd=5.614E-01 s=[ 0 0 0 1 0 0 1 0 1 1 1 1 ]
d13=4.709018791722 eijMax=4.427E-03 rmsd=4.830E-01 s=[ 0 0 0 1 0 0 1 1 1 1 1 1 ]
d13=4.709018791722 eijMax=1.599E-03 rmsd=5.525E-01 s=[ 0 0 0 1 0 1 1 0 1 1 1 1 ]
d13=4.709018791722 eijMax=4.949E-03 rmsd=4.732E-01 s=[ 0 0 0 1 0 1 1 1 1 1 1 1 ]
d13=4.710383514745 eijMax=4.700E-03 rmsd=4.695E-01 s=[ 0 0 0 0 1 0 0 0 0 0 0 0 ]
d13=4.710383514745 eijMax=1.905E-03 rmsd=5.492E-01 s=[ 0 0 0 0 1 0 0 1 0 0 0 0 ]
d13=4.710383514745 eijMax=4.170E-03 rmsd=4.794E-01 s=[ 0 0 0 0 1 1 0 0 0 0 0 0 ]
d13=4.710383514745 eijMax=2.375E-03 rmsd=5.582E-01 s=[ 0 0 0 0 1 1 0 1 0 0 0 0 ]
d13=4.710383514745 eijMax=2.375E-03 rmsd=5.582E-01 s=[ 0 0 0 1 0 0 1 0 1 1 1 1 ]
d13=4.710383514745 eijMax=4.170E-03 rmsd=4.794E-01 s=[ 0 0 0 1 0 0 1 1 1 1 1 1 ]
d13=4.710383514745 eijMax=1.905E-03 rmsd=5.492E-01 s=[ 0 0 0 1 0 1 1 0 1 1 1 1 ]
d13=4.710383514745 eijMax=4.700E-03 rmsd=4.695E-01 s=[ 0 0 0 1 0 1 1 1 1 1 1 1 ]
d13=4.711748237768 eijMax=4.452E-03 rmsd=4.657E-01 s=[ 0 0 0 0 1 0 0 0 0 0 0 0 ]
d13=4.711748237768 eijMax=2.211E-03 rmsd=5.459E-01 s=[ 0 0 0 0 1 0 0 1 0 0 0 0 ]
d13=4.711748237768 eijMax=3.913E-03 rmsd=4.757E-01 s=[ 0 0 0 0 1 1 0 0 0 0 0 0 ]
d13=4.711748237768 eijMax=2.688E-03 rmsd=5.549E-01 s=[ 0 0 0 0 1 1 0 1 0 0 0 0 ]
d13=4.711748237768 eijMax=2.688E-03 rmsd=5.549E-01 s=[ 0 0 0 1 0 0 1 0 1 1 1 1 ]
d13=4.711748237768 eijMax=3.913E-03 rmsd=4.757E-01 s=[ 0 0 0 1 0 0 1 1 1 1 1 1 ]
d13=4.711748237768 eijMax=2.211E-03 rmsd=5.459E-01 s=[ 0 0 0 1 0 1 1 0 1 1 1 1 ]
d13=4.711748237768 eijMax=4.452E-03 rmsd=4.657E-01 s=[ 0 0 0 1 0 1 1 1 1 1 1 1 ]
d13=4.713112960791 eijMax=4.205E-03 rmsd=4.619E-01 s=[ 0 0 0 0 1 0 0 0 0 0 0 0 ]
d13=4.713112960791 eijMax=2.516E-03 rmsd=5.426E-01 s=[ 0 0 0 0 1 0 0 1 0 0 0 0 ]
d13=4.713112960791 eijMax=3.658E-03 rmsd=4.720E-01 s=[ 0 0 0 0 1 1 0 0 0 0 0 0 ]
d13=4.713112960791 eijMax=3.001E-03 rmsd=5.517E-01 s=[ 0 0 0 0 1 1 0 1 0 0 0 0 ]
d13=4.713112960791 eijMax=3.001E-03 rmsd=5.517E-01 s=[ 0 0 0 1 0 0 1 0 1 1 1 1 ]
d13=4.713112960791 eijMax=3.658E-03 rmsd=4.720E-01 s=[ 0 0 0 1 0 0 1 1 1 1 1 1 ]
d13=4.713112960791 eijMax=2.516E-03 rmsd=5.426E-01 s=[ 0 0 0 1 0 1 1 0 1 1 1 1 ]
d13=4.713112960791 eijMax=4.205E-03 rmsd=4.619E-01 s=[ 0 0 0 1 0 1 1 1 1 1 1 1 ]
d13=4.714477683814 eijMax=3.960E-03 rmsd=4.581E-01 s=[ 0 0 0 0 1 0 0 0 0 0 0 0 ]
d13=4.714477683814 eijMax=2.820E-03 rmsd=5.392E-01 s=[ 0 0 0 0 1 0 0 1 0 0 0 0 ]
d13=4.714477683814 eijMax=3.404E-03 rmsd=4.683E-01 s=[ 0 0 0 0 1 1 0 0 0 0 0 0 ]
d13=4.714477683814 eijMax=3.313E-03 rmsd=5.484E-01 s=[ 0 0 0 0 1 1 0 1 0 0 0 0 ]
d13=4.714477683814 eijMax=3.313E-03 rmsd=5.484E-01 s=[ 0 0 0 1 0 0 1 0 1 1 1 1 ]
d13=4.714477683814 eijMax=3.404E-03 rmsd=4.683E-01 s=[ 0 0 0 1 0 0 1 1 1 1 1 1 ]
d13=4.714477683814 eijMax=2.820E-03 rmsd=5.392E-01 s=[ 0 0 0 1 0 1 1 0 1 1 1 1 ]
d13=4.714477683814 eijMax=3.960E-03 rmsd=4.581E-01 s=[ 0 0 0 1 0 1 1 1 1 1 1 1 ]
d13=4.715842406837 eijMax=3.715E-03 rmsd=4.542E-01 s=[ 0 0 0 0 1 0 0 0 0 0 0 0 ]
d13=4.715842406837 eijMax=3.123E-03 rmsd=5.358E-01 s=[ 0 0 0 0 1 0 0 1 0 0 0 0 ]
d13=4.715842406837 eijMax=3.151E-03 rmsd=4.645E-01 s=[ 0 0 0 0 1 1 0 0 0 0 0 0 ]
d13=4.715842406837 eijMax=3.624E-03 rmsd=5.450E-01 s=[ 0 0 0 0 1 1 0 1 0 0 0 0 ]
d13=4.715842406837 eijMax=3.624E-03 rmsd=5.450E-01 s=[ 0 0 0 1 0 0 1 0 1 1 1 1 ]
d13=4.715842406837 eijMax=3.151E-03 rmsd=4.645E-01 s=[ 0 0 0 1 0 0 1 1 1 1 1 1 ]
d13=4.715842406837 eijMax=3.123E-03 rmsd=5.358E-01 s=[ 0 0 0 1 0 1 1 0 1 1 1 1 ]
d13=4.715842406837 eijMax=3.715E-03 rmsd=4.542E-01 s=[ 0 0 0 1 0 1 1 1 1 1 1 1 ]
d13=4.717207129860 eijMax=3.473E-03 rmsd=4.503E-01 s=[ 0 0 0 0 1 0 0 0 0 0 0 0 ]
d13=4.717207129860 eijMax=3.425E-03 rmsd=5.323E-01 s=[ 0 0 0 0 1 0 0 1 0 0 0 0 ]
d13=4.717207129860 eijMax=2.899E-03 rmsd=4.607E-01 s=[ 0 0 0 0 1 1 0 0 0 0 0 0 ]
d13=4.717207129860 eijMax=3.934E-03 rmsd=5.417E-01 s=[ 0 0 0 0 1 1 0 1 0 0 0 0 ]
d13=4.717207129860 eijMax=3.934E-03 rmsd=5.417E-01 s=[ 0 0 0 1 0 0 1 0 1 1 1 1 ]
d13=4.717207129860 eijMax=2.899E-03 rmsd=4.607E-01 s=[ 0 0 0 1 0 0 1 1 1 1 1 1 ]
d13=4.717207129860 eijMax=3.425E-03 rmsd=5.323E-01 s=[ 0 0 0 1 0 1 1 0 1 1 1 1 ]
d13=4.717207129860 eijMax=3.473E-03 rmsd=4.503E-01 s=[ 0 0 0 1 0 1 1 1 1 1 1 1 ]
d13=4.718571852883 eijMax=3.231E-03 rmsd=4.464E-01 s=[ 0 0 0 0 1 0 0 0 0 0 0 0 ]
d13=4.718571852883 eijMax=3.726E-03 rmsd=5.288E-01 s=[ 0 0 0 0 1 0 0 1 0 0 0 0 ]
d13=4.718571852883 eijMax=2.648E-03 rmsd=4.569E-01 s=[ 0 0 0 0 1 1 0 0 0 0 0 0 ]
d13=4.718571852883 eijMax=4.244E-03 rmsd=5.383E-01 s=[ 0 0 0 0 1 1 0 1 0 0 0 0 ]
d13=4.718571852883 eijMax=4.244E-03 rmsd=5.383E-01 s=[ 0 0 0 1 0 0 1 0 1 1 1 1 ]
d13=4.718571852883 eijMax=2.648E-03 rmsd=4.569E-01 s=[ 0 0 0 1 0 0 1 1 1 1 1 1 ]
d13=4.718571852883 eijMax=3.726E-03 rmsd=5.288E-01 s=[ 0 0 0 1 0 1 1 0 1 1 1 1 ]
d13=4.718571852883 eijMax=3.231E-03 rmsd=4.464E-01 s=[ 0 0 0 1 0 1 1 1 1 1 1 1 ]
d13=4.719936575906 eijMax=2.991E-03 rmsd=4.424E-01 s=[ 0 0 0 0 1 0 0 0 0 0 0 0 ]
d13=4.719936575906 eijMax=4.026E-03 rmsd=5.253E-01 s=[ 0 0 0 0 1 0 0 1 0 0 0 0 ]
d13=4.719936575906 eijMax=2.399E-03 rmsd=4.530E-01 s=[ 0 0 0 0 1 1 0 0 0 0 0 0 ]
d13=4.719936575906 eijMax=4.552E-03 rmsd=5.348E-01 s=[ 0 0 0 0 1 1 0 1 0 0 0 0 ]
d13=4.719936575906 eijMax=4.552E-03 rmsd=5.348E-01 s=[ 0 0 0 1 0 0 1 0 1 1 1 1 ]
d13=4.719936575906 eijMax=2.399E-03 rmsd=4.530E-01 s=[ 0 0 0 1 0 0 1 1 1 1 1 1 ]
d13=4.719936575906 eijMax=4.026E-03 rmsd=5.253E-01 s=[ 0 0 0 1 0 1 1 0 1 1 1 1 ]
d13=4.719936575906 eijMax=2.991E-03 rmsd=4.424E-01 s=[ 0 0 0 1 0 1 1 1 1 1 1 1 ]
d13=4.721301298929 eijMax=2.753E-03 rmsd=4.383E-01 s=[ 0 0 0 0 1 0 0 0 0 0 0 0 ]
d13=4.721301298929 eijMax=4.324E-03 rmsd=5.217E-01 s=[ 0 0 0 0 1 0 0 1 0 0 0 0 ]
d13=4.721301298929 eijMax=2.152E-03 rmsd=4.490E-01 s=[ 0 0 0 0 1 1 0 0 0 0 0 0 ]
d13=4.721301298929 eijMax=4.860E-03 rmsd=5.314E-01 s=[ 0 0 0 0 1 1 0 1 0 0 0 0 ]
d13=4.721301298929 eijMax=4.860E-03 rmsd=5.314E-01 s=[ 0 0 0 1 0 0 1 0 1 1 1 1 ]
d13=4.721301298929 eijMax=2.152E-03 rmsd=4.490E-01 s=[ 0 0 0 1 0 0 1 1 1 1 1 1 ]
d13=4.721301298929 eijMax=4.324E-03 rmsd=5.217E-01 s=[ 0 0 0 1 0 1 1 0 1 1 1 1 ]
d13=4.721301298929 eijMax=2.753E-03 rmsd=4.383E-01 s=[ 0 0 0 1 0 1 1 1 1 1 1 1 ]
d13=4.722666021952 eijMax=2.517E-03 rmsd=4.342E-01 s=[ 0 0 0 0 1 0 0 0 0 0 0 0 ]
d13=4.722666021952 eijMax=4.622E-03 rmsd=5.181E-01 s=[ 0 0 0 0 1 0 0 1 0 0 0 0 ]
d13=4.722666021952 eijMax=1.906E-03 rmsd=4.450E-01 s=[ 0 0 0 0 1 1 0 0 0 0 0 0 ]
d13=4.722666021952 eijMax=5.166E-03 rmsd=5.279E-01 s=[ 0 0 0 0 1 1 0 1 0 0 0 0 ]
d13=4.722666021952 eijMax=5.166E-03 rmsd=5.279E-01 s=[ 0 0 0 1 0 0 1 0 1 1 1 1 ]
d13=4.722666021952 eijMax=1.906E-03 rmsd=4.450E-01 s=[ 0 0 0 1 0 0 1 1 1 1 1 1 ]
d13=4.722666021952 eijMax=4.622E-03 rmsd=5.181E-01 s=[ 0 0 0 1 0 1 1 0 1 1 1 1 ]
d13=4.722666021952 eijMax=2.517E-03 rmsd=4.342E-01 s=[ 0 0 0 1 0 1 1 1 1 1 1 1 ]
d13=4.724030744975 eijMax=2.283E-03 rmsd=4.301E-01 s=[ 0 0 0 0 1 0 0 0 0 0 0 0 ]
d13=4.724030744975 eijMax=4.917E-03 rmsd=5.145E-01 s=[ 0 0 0 0 1 0 0 1 0 0 0 0 ]
d13=4.724030744975 eijMax=1.662E-03 rmsd=4.410E-01 s=[ 0 0 0 0 1 1 0 0 0 0 0 0 ]
d13=4.724030744975 eijMax=5.471E-03 rmsd=5.243E-01 s=[ 0 0 0 0 1 1 0 1 0 0 0 0 ]
d13=4.724030744975 eijMax=5.471E-03 rmsd=5.243E-01 s=[ 0 0 0 1 0 0 1 0 1 1 1 1 ]
d13=4.724030744975 eijMax=1.662E-03 rmsd=4.410E-01 s=[ 0 0 0 1 0 0 1 1 1 1 1 1 ]
d13=4.724030744975 eijMax=4.917E-03 rmsd=5.145E-01 s=[ 0 0 0 1 0 1 1 0 1 1 1 1 ]
d13=4.724030744975 eijMax=2.283E-03 rmsd=4.301E-01 s=[ 0 0 0 1 0 1 1 1 1 1 1 1 ]
d13=4.725395467998 eijMax=2.051E-03 rmsd=4.259E-01 s=[ 0 0 0 0 1 0 0 0 0 0 0 0 ]
d13=4.725395467998 eijMax=5.211E-03 rmsd=5.108E-01 s=[ 0 0 0 0 1 0 0 1 0 0 0 0 ]
d13=4.725395467998 eijMax=1.420E-03 rmsd=4.369E-01 s=[ 0 0 0 0 1 1 0 0 0 0 0 0 ]
d13=4.725395467998 eijMax=5.774E-03 rmsd=5.207E-01 s=[ 0 0 0 0 1 1 0 1 0 0 0 0 ]
d13=4.725395467998 eijMax=5.774E-03 rmsd=5.207E-01 s=[ 0 0 0 1 0 0 1 0 1 1 1 1 ]
d13=4.725395467998 eijMax=1.420E-03 rmsd=4.369E-01 s=[ 0 0 0 1 0 0 1 1 1 1 1 1 ]
d13=4.725395467998 eijMax=5.211E-03 rmsd=5.108E-01 s=[ 0 0 0 1 0 1 1 0 1 1 1 1 ]
d13=4.725395467998 eijMax=2.051E-03 rmsd=4.259E-01 s=[ 0 0 0 1 0 1 1 1 1 1 1 1 ]
d13=4.726760191021 eijMax=1.821E-03 rmsd=4.216E-01 s=[ 0 0 0 0 1 0 0 0 0 0 0 0 ]
d13=4.726760191021 eijMax=5.504E-03 rmsd=5.071E-01 s=[ 0 0 0 0 1 0 0 1 0 0 0 0 ]
d13=4.726760191021 eijMax=1.180E-03 rmsd=4.328E-01 s=[ 0 0 0 0 1 1 0 0 0 0 0 0 ]
d13=4.726760191021 eijMax=6.076E-03 rmsd=5.171E-01 s=[ 0 0 0 0 1 1 0 1 0 0 0 0 ]
d13=4.726760191021 eijMax=6.076E-03 rmsd=5.171E-01 s=[ 0 0 0 1 0 0 1 0 1 1 1 1 ]
d13=4.726760191021 eijMax=1.180E-03 rmsd=4.328E-01 s=[ 0 0 0 1 0 0 1 1 1 1 1 1 ]
d13=4.726760191021 eijMax=5.504E-03 rmsd=5.071E-01 s=[ 0 0 0 1 0 1 1 0 1 1 1 1 ]
d13=4.726760191021 eijMax=1.821E-03 rmsd=4.216E-01 s=[ 0 0 0 1 0 1 1 1 1 1 1 1 ]
d13=4.728124914044 eijMax=1.593E-03 rmsd=4.173E-01 s=[ 0 0 0 0 1 0 0 0 0 0 0 0 ]
d13=4.728124914044 eijMax=5.794E-03 rmsd=5.033E-01 s=[ 0 0 0 0 1 0 0 1 0 0 0 0 ]
d13=4.728124914044 eijMax=9.416E-04 rmsd=4.286E-01 s=[ 0 0 0 0 1 1 0 0 0 0 0 0 ]
d13=4.728124914044 eijMax=6.376E-03 rmsd=5.134E-01 s=[ 0 0 0 0 1 1 0 1 0 0 0 0 ]
d13=4.728124914044 eijMax=6.376E-03 rmsd=5.134E-01 s=[ 0 0 0 1 0 0 1 0 1 1 1 1 ]
d13=4.728124914044 eijMax=9.416E-04 rmsd=4.286E-01 s=[ 0 0 0 1 0 0 1 1 1 1 1 1 ]
d13=4.728124914044 eijMax=5.794E-03 rmsd=5.033E-01 s=[ 0 0 0 1 0 1 1 0 1 1 1 1 ]
d13=4.728124914044 eijMax=1.593E-03 rmsd=4.173E-01 s=[ 0 0 0 1 0 1 1 1 1 1 1 1 ]
d13=4.729489637067 eijMax=1.368E-03 rmsd=4.130E-01 s=[ 0 0 0 0 1 0 0 0 0 0 0 0 ]
d13=4.729489637067 eijMax=6.083E-03 rmsd=4.995E-01 s=[ 0 0 0 0 1 0 0 1 0 0 0 0 ]
d13=4.729489637067 eijMax=7.057E-04 rmsd=4.244E-01 s=[ 0 0 0 0 1 1 0 0 0 0 0 0 ]
d13=4.729489637067 eijMax=6.675E-03 rmsd=5.097E-01 s=[ 0 0 0 0 1 1 0 1 0 0 0 0 ]
d13=4.729489637067 eijMax=6.675E-03 rmsd=5.097E-01 s=[ 0 0 0 1 0 0 1 0 1 1 1 1 ]
d13=4.729489637067 eijMax=7.057E-04 rmsd=4.244E-01 s=[ 0 0 0 1 0 0 1 1 1 1 1 1 ]
d13=4.729489637067 eijMax=6.083E-03 rmsd=4.995E-01 s=[ 0 0 0 1 0 1 1 0 1 1 1 1 ]
d13=4.729489637067 eijMax=1.368E-03 rmsd=4.130E-01 s=[ 0 0 0 1 0 1 1 1 1 1 1 1 ]
d13=4.730854360090 eijMax=1.145E-03 rmsd=4.086E-01 s=[ 0 0 0 0 1 0 0 0 0 0 0 0 ]
d13=4.730854360090 eijMax=6.370E-03 rmsd=4.956E-01 s=[ 0 0 0 0 1 0 0 1 0 0 0 0 ]
d13=4.730854360090 eijMax=4.723E-04 rmsd=4.201E-01 s=[ 0 0 0 0 1 1 0 0 0 0 0 0 ]
d13=4.730854360090 eijMax=6.972E-03 rmsd=5.060E-01 s=[ 0 0 0 0 1 1 0 1 0 0 0 0 ]
d13=4.730854360090 eijMax=6.972E-03 rmsd=5.060E-01 s=[ 0 0 0 1 0 0 1 0 1 1 1 1 ]
d13=4.730854360090 eijMax=4.723E-04 rmsd=4.201E-01 s=[ 0 0 0 1 0 0 1 1 1 1 1 1 ]
d13=4.730854360090 eijMax=6.370E-03 rmsd=4.956E-01 s=[ 0 0 0 1 0 1 1 0 1 1 1 1 ]
d13=4.730854360090 eijMax=1.145E-03 rmsd=4.086E-01 s=[ 0 0 0 1 0 1 1 1 1 1 1 1 ]
d13=4.732219083113 eijMax=9.246E-04 rmsd=4.041E-01 s=[ 0 0 0 0 1 0 0 0 0 0 0 0 ]
d13=4.732219083113 eijMax=6.654E-03 rmsd=4.917E-01 s=[ 0 0 0 0 1 0 0 1 0 0 0 0 ]
d13=4.732219083113 eijMax=2.413E-04 rmsd=4.158E-01 s=[ 0 0 0 0 1 1 0 0 0 0 0 0 ]
d13=4.732219083113 eijMax=7.266E-03 rmsd=5.022E-01 s=[ 0 0 0 0 1 1 0 1 0 0 0 0 ]
d13=4.732219083113 eijMax=7.266E-03 rmsd=5.022E-01 s=[ 0 0 0 1 0 0 1 0 1 1 1 1 ]
d13=4.732219083113 eijMax=2.413E-04 rmsd=4.158E-01 s=[ 0 0 0 1 0 0 1 1 1 1 1 1 ]
d13=4.732219083113 eijMax=6.654E-03 rmsd=4.917E-01 s=[ 0 0 0 1 0 1 1 0 1 1 1 1 ]
d13=4.732219083113 eijMax=9.246E-04 rmsd=4.041E-01 s=[ 0 0 0 1 0 1 1 1 1 1 1 1 ]
d13=4.733583806136 eijMax=7.074E-04 rmsd=3.996E-01 s=[ 0 0 0 0 1 0 0 0 0 0 0 0 ]
d13=4.733583806136 eijMax=6.936E-03 rmsd=4.877E-01 s=[ 0 0 0 0 1 0 0 1 0 0 0 0 ]
d13=4.733583806136 eijMax=1.300E-05 rmsd=4.114E-01 s=[ 0 0 0 0 1 1 0 0 0 0 0 0 ]
d13=4.733583806136 eijMax=7.559E-03 rmsd=4.983E-01 s=[ 0 0 0 0 1 1 0 1 0 0 0 0 ]
d13=4.733583806136 eijMax=7.559E-03 rmsd=4.983E-01 s=[ 0 0 0 1 0 0 1 0 1 1 1 1 ]
d13=4.733583806136 eijMax=1.300E-05 rmsd=4.114E-01 s=[ 0 0 0 1 0 0 1 1 1 1 1 1 ]
d13=4.733583806136 eijMax=6.936E-03 rmsd=4.877E-01 s=[ 0 0 0 1 0 1 1 0 1 1 1 1 ]
d13=4.733583806136 eijMax=7.074E-04 rmsd=3.996E-01 s=[ 0 0 0 1 0 1 1 1 1 1 1 1 ]
d13=4.734948529159 eijMax=4.931E-04 rmsd=3.951E-01 s=[ 0 0 0 0 1 0 0 0 0 0 0 0 ]
d13=4.734948529159 eijMax=7.216E-03 rmsd=4.837E-01 s=[ 0 0 0 0 1 0 0 1 0 0 0 0 ]
d13=4.734948529159 eijMax=2.126E-04 rmsd=4.069E-01 s=[ 0 0 0 0 1 1 0 0 0 0 0 0 ]
d13=4.734948529159 eijMax=7.849E-03 rmsd=4.944E-01 s=[ 0 0 0 0 1 1 0 1 0 0 0 0 ]
d13=4.734948529159 eijMax=7.849E-03 rmsd=4.944E-01 s=[ 0 0 0 1 0 0 1 0 1 1 1 1 ]
d13=4.734948529159 eijMax=2.126E-04 rmsd=4.069E-01 s=[ 0 0 0 1 0 0 1 1 1 1 1 1 ]
d13=4.734948529159 eijMax=7.216E-03 rmsd=4.837E-01 s=[ 0 0 0 1 0 1 1 0 1 1 1 1 ]
d13=4.734948529159 eijMax=4.931E-04 rmsd=3.951E-01 s=[ 0 0 0 1 0 1 1 1 1 1 1 1 ]
d13=4.736313252182 eijMax=2.819E-04 rmsd=3.904E-01 s=[ 0 0 0 0 1 0 0 0 0 0 0 0 ]
d13=4.736313252182 eijMax=7.493E-03 rmsd=4.797E-01 s=[ 0 0 0 0 1 0 0 1 0 0 0 0 ]
d13=4.736313252182 eijMax=4.352E-04 rmsd=4.024E-01 s=[ 0 0 0 0 1 1 0 0 0 0 0 0 ]
d13=4.736313252182 eijMax=8.137E-03 rmsd=4.905E-01 s=[ 0 0 0 0 1 1 0 1 0 0 0 0 ]
d13=4.736313252182 eijMax=8.137E-03 rmsd=4.905E-01 s=[ 0 0 0 1 0 0 1 0 1 1 1 1 ]
d13=4.736313252182 eijMax=4.352E-04 rmsd=4.024E-01 s=[ 0 0 0 1 0 0 1 1 1 1 1 1 ]
d13=4.736313252182 eijMax=7.493E-03 rmsd=4.797E-01 s=[ 0 0 0 1 0 1 1 0 1 1 1 1 ]
d13=4.736313252182 eijMax=2.819E-04 rmsd=3.904E-01 s=[ 0 0 0 1 0 1 1 1 1 1 1 1 ]
d13=4.737677975205 eijMax=7.405E-05 rmsd=3.857E-01 s=[ 0 0 0 0 1 0 0 0 0 0 0 0 ]
d13=4.737677975205 eijMax=7.767E-03 rmsd=4.756E-01 s=[ 0 0 0 0 1 0 0 1 0 0 0 0 ]
d13=4.737677975205 eijMax=6.548E-04 rmsd=3.979E-01 s=[ 0 0 0 0 1 1 0 0 0 0 0 0 ]
d13=4.737677975205 eijMax=8.423E-03 rmsd=4.865E-01 s=[ 0 0 0 0 1 1 0 1 0 0 0 0 ]
d13=4.737677975205 eijMax=8.423E-03 rmsd=4.865E-01 s=[ 0 0 0 1 0 0 1 0 1 1 1 1 ]
d13=4.737677975205 eijMax=6.548E-04 rmsd=3.979E-01 s=[ 0 0 0 1 0 0 1 1 1 1 1 1 ]
d13=4.737677975205 eijMax=7.767E-03 rmsd=4.756E-01 s=[ 0 0 0 1 0 1 1 0 1 1 1 1 ]
d13=4.737677975205 eijMax=7.405E-05 rmsd=3.857E-01 s=[ 0 0 0 1 0 1 1 1 1 1 1 1 ]
d13=4.739042698228 eijMax=1.304E-04 rmsd=3.810E-01 s=[ 0 0 0 0 1 0 0 0 0 0 0 0 ]
d13=4.739042698228 eijMax=8.038E-03 rmsd=4.714E-01 s=[ 0 0 0 0 1 0 0 1 0 0 0 0 ]
d13=4.739042698228 eijMax=8.711E-04 rmsd=3.932E-01 s=[ 0 0 0 0 1 1 0 0 0 0 0 0 ]
d13=4.739042698228 eijMax=8.705E-03 rmsd=4.824E-01 s=[ 0 0 0 0 1 1 0 1 0 0 0 0 ]
d13=4.739042698228 eijMax=8.705E-03 rmsd=4.824E-01 s=[ 0 0 0 1 0 0 1 0 1 1 1 1 ]
d13=4.739042698228 eijMax=8.711E-04 rmsd=3.932E-01 s=[ 0 0 0 1 0 0 1 1 1 1 1 1 ]
d13=4.739042698228 eijMax=8.038E-03 rmsd=4.714E-01 s=[ 0 0 0 1 0 1 1 0 1 1 1 1 ]
d13=4.739042698228 eijMax=1.304E-04 rmsd=3.810E-01 s=[ 0 0 0 1 0 1 1 1 1 1 1 1 ]
d13=4.740407421251 eijMax=3.312E-04 rmsd=3.761E-01 s=[ 0 0 0 0 1 0 0 0 0 0 0 0 ]
d13=4.740407421251 eijMax=8.307E-03 rmsd=4.672E-01 s=[ 0 0 0 0 1 0 0 1 0 0 0 0 ]
d13=4.740407421251 eijMax=1.084E-03 rmsd=3.885E-01 s=[ 0 0 0 0 1 1 0 0 0 0 0 0 ]
d13=4.740407421251 eijMax=8.985E-03 rmsd=4.783E-01 s=[ 0 0 0 0 1 1 0 1 0 0 0 0 ]
d13=4.740407421251 eijMax=8.985E-03 rmsd=4.783E-01 s=[ 0 0 0 1 0 0 1 0 1 1 1 1 ]
d13=4.740407421251 eijMax=1.084E-03 rmsd=3.885E-01 s=[ 0 0 0 1 0 0 1 1 1 1 1 1 ]
d13=4.740407421251 eijMax=8.307E-03 rmsd=4.672E-01 s=[ 0 0 0 1 0 1 1 0 1 1 1 1 ]
d13=4.740407421251 eijMax=3.312E-04 rmsd=3.761E-01 s=[ 0 0 0 1 0 1 1 1 1 1 1 1 ]
d13=4.741772144274 eijMax=5.283E-04 rmsd=3.713E-01 s=[ 0 0 0 0 1 0 0 0 0 0 0 0 ]
d13=4.741772144274 eijMax=8.572E-03 rmsd=4.629E-01 s=[ 0 0 0 0 1 0 0 1 0 0 0 0 ]
d13=4.741772144274 eijMax=1.294E-03 rmsd=3.838E-01 s=[ 0 0 0 0 1 1 0 0 0 0 0 0 ]
d13=4.741772144274 eijMax=9.262E-03 rmsd=4.742E-01 s=[ 0 0 0 0 1 1 0 1 0 0 0 0 ]
d13=4.741772144274 eijMax=9.262E-03 rmsd=4.742E-01 s=[ 0 0 0 1 0 0 1 0 1 1 1 1 ]
d13=4.741772144274 eijMax=1.294E-03 rmsd=3.838E-01 s=[ 0 0 0 1 0 0 1 1 1 1 1 1 ]
d13=4.741772144274 eijMax=8.572E-03 rmsd=4.629E-01 s=[ 0 0 0 1 0 1 1 0 1 1 1 1 ]
d13=4.741772144274 eijMax=5.283E-04 rmsd=3.713E-01 s=[ 0 0 0 1 0 1 1 1 1 1 1 1 ]
d13=4.743136867297 eijMax=7.213E-04 rmsd=3.663E-01 s=[ 0 0 0 0 1 0 0 0 0 0 0 0 ]
d13=4.743136867297 eijMax=8.833E-03 rmsd=4.585E-01 s=[ 0 0 0 0 1 0 0 1 0 0 0 0 ]
d13=4.743136867297 eijMax=1.499E-03 rmsd=3.790E-01 s=[ 0 0 0 0 1 1 0 0 0 0 0 0 ]
d13=4.743136867297 eijMax=9.535E-03 rmsd=4.700E-01 s=[ 0 0 0 0 1 1 0 1 0 0 0 0 ]
d13=4.743136867297 eijMax=9.535E-03 rmsd=4.700E-01 s=[ 0 0 0 1 0 0 1 0 1 1 1 1 ]
d13=4.743136867297 eijMax=1.499E-03 rmsd=3.790E-01 s=[ 0 0 0 1 0 0 1 1 1 1 1 1 ]
d13=4.743136867297 eijMax=8.833E-03 rmsd=4.585E-01 s=[ 0 0 0 1 0 1 1 0 1 1 1 1 ]
d13=4.743136867297 eijMax=7.213E-04 rmsd=3.663E-01 s=[ 0 0 0 1 0 1 1 1 1 1 1 1 ]
d13=4.744501590320 eijMax=9.103E-04 rmsd=3.613E-01 s=[ 0 0 0 0 1 0 0 0 0 0 0 0 ]
d13=4.744501590320 eijMax=9.091E-03 rmsd=4.541E-01 s=[ 0 0 0 0 1 0 0 1 0 0 0 0 ]
d13=4.744501590320 eijMax=1.701E-03 rmsd=3.741E-01 s=[ 0 0 0 0 1 1 0 0 0 0 0 0 ]
d13=4.744501590320 eijMax=9.806E-03 rmsd=4.657E-01 s=[ 0 0 0 0 1 1 0 1 0 0 0 0 ]
d13=4.744501590320 eijMax=9.806E-03 rmsd=4.657E-01 s=[ 0 0 0 1 0 0 1 0 1 1 1 1 ]
d13=4.744501590320 eijMax=1.701E-03 rmsd=3.741E-01 s=[ 0 0 0 1 0 0 1 1 1 1 1 1 ]
d13=4.744501590320 eijMax=9.091E-03 rmsd=4.541E-01 s=[ 0 0 0 1 0 1 1 0 1 1 1 1 ]
d13=4.744501590320 eijMax=9.103E-04 rmsd=3.613E-01 s=[ 0 0 0 1 0 1 1 1 1 1 1 1 ]
d13=4.745866313343 eijMax=1.095E-03 rmsd=3.561E-01 s=[ 0 0 0 0 1 0 0 0 0 0 0 0 ]
d13=4.745866313343 eijMax=9.345E-03 rmsd=4.497E-01 s=[ 0 0 0 0 1 0 0 1 0 0 0 0 ]
d13=4.745866313343 eijMax=1.899E-03 rmsd=3.691E-01 s=[ 0 0 0 0 1 1 0 0 0 0 0 0 ]
d13=4.745866313343 eijMax=1.899E-03 rmsd=3.691E-01 s=[ 0 0 0 1 0 0 1 1 1 1 1 1 ]
d13=4.745866313343 eijMax=9.345E-03 rmsd=4.497E-01 s=[ 0 0 0 1 0 1 1 0 1 1 1 1 ]
d13=4.745866313343 eijMax=1.095E-03 rmsd=3.561E-01 s=[ 0 0 0 1 0 1 1 1 1 1 1 1 ]
d13=4.747231036366 eijMax=1.275E-03 rmsd=3.510E-01 s=[ 0 0 0 0 1 0 0 0 0 0 0 0 ]
d13=4.747231036366 eijMax=9.595E-03 rmsd=4.451E-01 s=[ 0 0 0 0 1 0 0 1 0 0 0 0 ]
d13=4.747231036366 eijMax=2.092E-03 rmsd=3.641E-01 s=[ 0 0 0 0 1 1 0 0 0 0 0 0 ]
d13=4.747231036366 eijMax=2.092E-03 rmsd=3.641E-01 s=[ 0 0 0 1 0 0 1 1 1 1 1 1 ]
d13=4.747231036366 eijMax=9.595E-03 rmsd=4.451E-01 s=[ 0 0 0 1 0 1 1 0 1 1 1 1 ]
d13=4.747231036366 eijMax=1.275E-03 rmsd=3.510E-01 s=[ 0 0 0 1 0 1 1 1 1 1 1 1 ]
d13=4.748595759389 eijMax=1.450E-03 rmsd=3.457E-01 s=[ 0 0 0 0 1 0 0 0 0 0 0 0 ]
d13=4.748595759389 eijMax=9.841E-03 rmsd=4.405E-01 s=[ 0 0 0 0 1 0 0 1 0 0 0 0 ]
d13=4.748595759389 eijMax=2.281E-03 rmsd=3.590E-01 s=[ 0 0 0 0 1 1 0 0 0 0 0 0 ]
d13=4.748595759389 eijMax=2.281E-03 rmsd=3.590E-01 s=[ 0 0 0 1 0 0 1 1 1 1 1 1 ]
d13=4.748595759389 eijMax=9.841E-03 rmsd=4.405E-01 s=[ 0 0 0 1 0 1 1 0 1 1 1 1 ]
d13=4.748595759389 eijMax=1.450E-03 rmsd=3.457E-01 s=[ 0 0 0 1 0 1 1 1 1 1 1 1 ]
d13=4.749960482412 eijMax=1.621E-03 rmsd=3.404E-01 s=[ 0 0 0 0 1 0 0 0 0 0 0 0 ]
d13=4.749960482412 eijMax=2.465E-03 rmsd=3.538E-01 s=[ 0 0 0 0 1 1 0 0 0 0 0 0 ]
d13=4.749960482412 eijMax=2.465E-03 rmsd=3.538E-01 s=[ 0 0 0 1 0 0 1 1 1 1 1 1 ]
d13=4.749960482412 eijMax=1.621E-03 rmsd=3.404E-01 s=[ 0 0 0 1 0 1 1 1 1 1 1 1 ]
d13=4.751325205435 eijMax=1.786E-03 rmsd=3.349E-01 s=[ 0 0 0 0 1 0 0 0 0 0 0 0 ]
d13=4.751325205435 eijMax=2.645E-03 rmsd=3.485E-01 s=[ 0 0 0 0 1 1 0 0 0 0 0 0 ]
d13=4.751325205435 eijMax=2.645E-03 rmsd=3.485E-01 s=[ 0 0 0 1 0 0 1 1 1 1 1 1 ]
d13=4.751325205435 eijMax=1.786E-03 rmsd=3.349E-01 s=[ 0 0 0 1 0 1 1 1 1 1 1 1 ]
d13=4.752689928458 eijMax=1.945E-03 rmsd=3.294E-01 s=[ 0 0 0 0 1 0 0 0 0 0 0 0 ]
d13=4.752689928458 eijMax=2.819E-03 rmsd=3.432E-01 s=[ 0 0 0 0 1 1 0 0 0 0 0 0 ]
d13=4.752689928458 eijMax=2.819E-03 rmsd=3.432E-01 s=[ 0 0 0 1 0 0 1 1 1 1 1 1 ]
d13=4.752689928458 eijMax=1.945E-03 rmsd=3.294E-01 s=[ 0 0 0 1 0 1 1 1 1 1 1 1 ]
d13=4.754054651481 eijMax=2.099E-03 rmsd=3.238E-01 s=[ 0 0 0 0 1 0 0 0 0 0 0 0 ]
d13=4.754054651481 eijMax=2.988E-03 rmsd=3.378E-01 s=[ 0 0 0 0 1 1 0 0 0 0 0 0 ]
d13=4.754054651481 eijMax=2.988E-03 rmsd=3.378E-01 s=[ 0 0 0 1 0 0 1 1 1 1 1 1 ]
d13=4.754054651481 eijMax=2.099E-03 rmsd=3.238E-01 s=[ 0 0 0 1 0 1 1 1 1 1 1 1 ]
d13=4.755419374505 eijMax=2.248E-03 rmsd=3.181E-01 s=[ 0 0 0 0 1 0 0 0 0 0 0 0 ]
d13=4.755419374505 eijMax=3.151E-03 rmsd=3.322E-01 s=[ 0 0 0 0 1 1 0 0 0 0 0 0 ]
d13=4.755419374505 eijMax=3.151E-03 rmsd=3.322E-01 s=[ 0 0 0 1 0 0 1 1 1 1 1 1 ]
d13=4.755419374505 eijMax=2.248E-03 rmsd=3.181E-01 s=[ 0 0 0 1 0 1 1 1 1 1 1 1 ]
d13=4.756784097528 eijMax=2.389E-03 rmsd=3.123E-01 s=[ 0 0 0 0 1 0 0 0 0 0 0 0 ]
d13=4.756784097528 eijMax=3.308E-03 rmsd=3.266E-01 s=[ 0 0 0 0 1 1 0 0 0 0 0 0 ]
d13=4.756784097528 eijMax=3.308E-03 rmsd=3.266E-01 s=[ 0 0 0 1 0 0 1 1 1 1 1 1 ]
d13=4.756784097528 eijMax=2.389E-03 rmsd=3.123E-01 s=[ 0 0 0 1 0 1 1 1 1 1 1 1 ]
d13=4.758148820551 eijMax=2.525E-03 rmsd=3.064E-01 s=[ 0 0 0 0 1 0 0 0 0 0 0 0 ]
d13=4.758148820551 eijMax=3.460E-03 rmsd=3.209E-01 s=[ 0 0 0 0 1 1 0 0 0 0 0 0 ]
d13=4.758148820551 eijMax=3.460E-03 rmsd=3.209E-01 s=[ 0 0 0 1 0 0 1 1 1 1 1 1 ]
d13=4.758148820551 eijMax=2.525E-03 rmsd=3.064E-01 s=[ 0 0 0 1 0 1 1 1 1 1 1 1 ]
d13=4.759513543574 eijMax=2.654E-03 rmsd=3.004E-01 s=[ 0 0 0 0 1 0 0 0 0 0 0 0 ]
d13=4.759513543574 eijMax=3.605E-03 rmsd=3.151E-01 s=[ 0 0 0 0 1 1 0 0 0 0 0 0 ]
d13=4.759513543574 eijMax=3.605E-03 rmsd=3.151E-01 s=[ 0 0 0 1 0 0 1 1 1 1 1 1 ]
d13=4.759513543574 eijMax=2.654E-03 rmsd=3.004E-01 s=[ 0 0 0 1 0 1 1 1 1 1 1 1 ]
d13=4.760878266597 eijMax=2.775E-03 rmsd=2.943E-01 s=[ 0 0 0 0 1 0 0 0 0 0 0 0 ]
d13=4.760878266597 eijMax=3.743E-03 rmsd=3.092E-01 s=[ 0 0 0 0 1 1 0 0 0 0 0 0 ]
d13=4.760878266597 eijMax=3.743E-03 rmsd=3.092E-01 s=[ 0 0 0 1 0 0 1 1 1 1 1 1 ]
d13=4.760878266597 eijMax=2.775E-03 rmsd=2.943E-01 s=[ 0 0 0 1 0 1 1 1 1 1 1 1 ]
d13=4.762242989620 eijMax=2.890E-03 rmsd=2.881E-01 s=[ 0 0 0 0 1 0 0 0 0 0 0 0 ]
d13=4.762242989620 eijMax=3.874E-03 rmsd=3.032E-01 s=[ 0 0 0 0 1 1 0 0 0 0 0 0 ]
d13=4.762242989620 eijMax=3.874E-03 rmsd=3.032E-01 s=[ 0 0 0 1 0 0 1 1 1 1 1 1 ]
d13=4.762242989620 eijMax=2.890E-03 rmsd=2.881E-01 s=[ 0 0 0 1 0 1 1 1 1 1 1 1 ]
d13=4.763607712643 eijMax=2.996E-03 rmsd=2.818E-01 s=[ 0 0 0 0 1 0 0 0 0 0 0 0 ]
d13=4.763607712643 eijMax=3.998E-03 rmsd=2.971E-01 s=[ 0 0 0 0 1 1 0 0 0 0 0 0 ]
d13=4.763607712643 eijMax=3.998E-03 rmsd=2.971E-01 s=[ 0 0 0 1 0 0 1 1 1 1 1 1 ]
d13=4.763607712643 eijMax=2.996E-03 rmsd=2.818E-01 s=[ 0 0 0 1 0 1 1 1 1 1 1 1 ]
d13=4.764972435666 eijMax=3.095E-03 rmsd=2.753E-01 s=[ 0 0 0 0 1 0 0 0 0 0 0 0 ]
d13=4.764972435666 eijMax=4.114E-03 rmsd=2.909E-01 s=[ 0 0 0 0 1 1 0 0 0 0 0 0 ]
d13=4.764972435666 eijMax=4.114E-03 rmsd=2.909E-01 s=[ 0 0 0 1 0 0 1 1 1 1 1 1 ]
d13=4.764972435666 eijMax=3.095E-03 rmsd=2.753E-01 s=[ 0 0 0 1 0 1 1 1 1 1 1 1 ]
d13=4.766337158689 eijMax=3.185E-03 rmsd=2.688E-01 s=[ 0 0 0 0 1 0 0 0 0 0 0 0 ]
d13=4.766337158689 eijMax=4.222E-03 rmsd=2.845E-01 s=[ 0 0 0 0 1 1 0 0 0 0 0 0 ]
d13=4.766337158689 eijMax=4.222E-03 rmsd=2.845E-01 s=[ 0 0 0 1 0 0 1 1 1 1 1 1 ]
d13=4.766337158689 eijMax=3.185E-03 rmsd=2.688E-01 s=[ 0 0 0 1 0 1 1 1 1 1 1 1 ]
d13=4.767701881712 eijMax=3.267E-03 rmsd=2.621E-01 s=[ 0 0 0 0 1 0 0 0 0 0 0 0 ]
d13=4.767701881712 eijMax=4.322E-03 rmsd=2.781E-01 s=[ 0 0 0 0 1 1 0 0 0 0 0 0 ]
d13=4.767701881712 eijMax=4.322E-03 rmsd=2.781E-01 s=[ 0 0 0 1 0 0 1 1 1 1 1 1 ]
d13=4.767701881712 eijMax=3.267E-03 rmsd=2.621E-01 s=[ 0 0 0 1 0 1 1 1 1 1 1 1 ]
d13=4.769066604735 eijMax=3.339E-03 rmsd=2.552E-01 s=[ 0 0 0 0 1 0 0 0 0 0 0 0 ]
d13=4.769066604735 eijMax=4.414E-03 rmsd=2.715E-01 s=[ 0 0 0 0 1 1 0 0 0 0 0 0 ]
d13=4.769066604735 eijMax=4.414E-03 rmsd=2.715E-01 s=[ 0 0 0 1 0 0 1 1 1 1 1 1 ]
d13=4.769066604735 eijMax=3.339E-03 rmsd=2.552E-01 s=[ 0 0 0 1 0 1 1 1 1 1 1 1 ]
d13=4.770431327758 eijMax=3.402E-03 rmsd=2.483E-01 s=[ 0 0 0 0 1 0 0 0 0 0 0 0 ]
d13=4.770431327758 eijMax=4.496E-03 rmsd=2.648E-01 s=[ 0 0 0 0 1 1 0 0 0 0 0 0 ]
d13=4.770431327758 eijMax=4.496E-03 rmsd=2.648E-01 s=[ 0 0 0 1 0 0 1 1 1 1 1 1 ]
d13=4.770431327758 eijMax=3.402E-03 rmsd=2.483E-01 s=[ 0 0 0 1 0 1 1 1 1 1 1 1 ]
d13=4.771796050781 eijMax=3.455E-03 rmsd=2.412E-01 s=[ 0 0 0 0 1 0 0 0 0 0 0 0 ]
d13=4.771796050781 eijMax=4.569E-03 rmsd=2.579E-01 s=[ 0 0 0 0 1 1 0 0 0 0 0 0 ]
d13=4.771796050781 eijMax=4.569E-03 rmsd=2.579E-01 s=[ 0 0 0 1 0 0 1 1 1 1 1 1 ]
d13=4.771796050781 eijMax=3.455E-03 rmsd=2.412E-01 s=[ 0 0 0 1 0 1 1 1 1 1 1 1 ]
d13=4.773160773804 eijMax=3.497E-03 rmsd=2.339E-01 s=[ 0 0 0 0 1 0 0 0 0 0 0 0 ]
d13=4.773160773804 eijMax=4.632E-03 rmsd=2.509E-01 s=[ 0 0 0 0 1 1 0 0 0 0 0 0 ]
d13=4.773160773804 eijMax=4.632E-03 rmsd=2.509E-01 s=[ 0 0 0 1 0 0 1 1 1 1 1 1 ]
d13=4.773160773804 eijMax=3.497E-03 rmsd=2.339E-01 s=[ 0 0 0 1 0 1 1 1 1 1 1 1 ]
d13=4.774525496827 eijMax=3.529E-03 rmsd=2.265E-01 s=[ 0 0 0 0 1 0 0 0 0 0 0 0 ]
d13=4.774525496827 eijMax=4.684E-03 rmsd=2.438E-01 s=[ 0 0 0 0 1 1 0 0 0 0 0 0 ]
d13=4.774525496827 eijMax=4.684E-03 rmsd=2.438E-01 s=[ 0 0 0 1 0 0 1 1 1 1 1 1 ]
d13=4.774525496827 eijMax=3.529E-03 rmsd=2.265E-01 s=[ 0 0 0 1 0 1 1 1 1 1 1 1 ]
d13=4.775890219850 eijMax=3.549E-03 rmsd=2.190E-01 s=[ 0 0 0 0 1 0 0 0 0 0 0 0 ]
d13=4.775890219850 eijMax=4.726E-03 rmsd=2.365E-01 s=[ 0 0 0 0 1 1 0 0 0 0 0 0 ]
d13=4.775890219850 eijMax=4.726E-03 rmsd=2.365E-01 s=[ 0 0 0 1 0 0 1 1 1 1 1 1 ]
d13=4.775890219850 eijMax=3.549E-03 rmsd=2.190E-01 s=[ 0 0 0 1 0 1 1 1 1 1 1 1 ]
d13=4.777254942873 eijMax=3.558E-03 rmsd=2.112E-01 s=[ 0 0 0 0 1 0 0 0 0 0 0 0 ]
d13=4.777254942873 eijMax=4.756E-03 rmsd=2.291E-01 s=[ 0 0 0 0 1 1 0 0 0 0 0 0 ]
d13=4.777254942873 eijMax=4.756E-03 rmsd=2.291E-01 s=[ 0 0 0 1 0 0 1 1 1 1 1 1 ]
d13=4.777254942873 eijMax=3.558E-03 rmsd=2.112E-01 s=[ 0 0 0 1 0 1 1 1 1 1 1 1 ]
d13=4.778619665896 eijMax=3.554E-03 rmsd=2.033E-01 s=[ 0 0 0 0 1 0 0 0 0 0 0 0 ]
d13=4.778619665896 eijMax=4.775E-03 rmsd=2.214E-01 s=[ 0 0 0 0 1 1 0 0 0 0 0 0 ]
d13=4.778619665896 eijMax=4.775E-03 rmsd=2.214E-01 s=[ 0 0 0 1 0 0 1 1 1 1 1 1 ]
d13=4.778619665896 eijMax=3.554E-03 rmsd=2.033E-01 s=[ 0 0 0 1 0 1 1 1 1 1 1 1 ]
d13=4.779984388919 eijMax=3.537E-03 rmsd=1.952E-01 s=[ 0 0 0 0 1 0 0 0 0 0 0 0 ]
d13=4.779984388919 eijMax=4.781E-03 rmsd=2.137E-01 s=[ 0 0 0 0 1 1 0 0 0 0 0 0 ]
d13=4.779984388919 eijMax=4.781E-03 rmsd=2.137E-01 s=[ 0 0 0 1 0 0 1 1 1 1 1 1 ]
d13=4.779984388919 eijMax=3.537E-03 rmsd=1.952E-01 s=[ 0 0 0 1 0 1 1 1 1 1 1 1 ]
d13=4.781349111942 eijMax=3.507E-03 rmsd=1.870E-01 s=[ 0 0 0 0 1 0 0 0 0 0 0 0 ]
d13=4.781349111942 eijMax=4.774E-03 rmsd=2.057E-01 s=[ 0 0 0 0 1 1 0 0 0 0 0 0 ]
d13=4.781349111942 eijMax=4.774E-03 rmsd=2.057E-01 s=[ 0 0 0 1 0 0 1 1 1 1 1 1 ]
d13=4.781349111942 eijMax=3.507E-03 rmsd=1.870E-01 s=[ 0 0 0 1 0 1 1 1 1 1 1 1 ]
d13=4.782713834965 eijMax=3.462E-03 rmsd=1.785E-01 s=[ 0 0 0 0 1 0 0 0 0 0 0 0 ]
d13=4.782713834965 eijMax=4.754E-03 rmsd=1.976E-01 s=[ 0 0 0 0 1 1 0 0 0 0 0 0 ]
d13=4.782713834965 eijMax=4.754E-03 rmsd=1.976E-01 s=[ 0 0 0 1 0 0 1 1 1 1 1 1 ]
d13=4.782713834965 eijMax=3.462E-03 rmsd=1.785E-01 s=[ 0 0 0 1 0 1 1 1 1 1 1 1 ]
d13=4.784078557988 eijMax=3.402E-03 rmsd=1.698E-01 s=[ 0 0 0 0 1 0 0 0 0 0 0 0 ]
d13=4.784078557988 eijMax=4.719E-03 rmsd=1.892E-01 s=[ 0 0 0 0 1 1 0 0 0 0 0 0 ]
d13=4.784078557988 eijMax=4.719E-03 rmsd=1.892E-01 s=[ 0 0 0 1 0 0 1 1 1 1 1 1 ]
d13=4.784078557988 eijMax=3.402E-03 rmsd=1.698E-01 s=[ 0 0 0 1 0 1 1 1 1 1 1 1 ]
d13=4.785443281011 eijMax=3.328E-03 rmsd=1.609E-01 s=[ 0 0 0 0 1 0 0 0 0 0 0 0 ]
d13=4.785443281011 eijMax=4.670E-03 rmsd=1.807E-01 s=[ 0 0 0 0 1 1 0 0 0 0 0 0 ]
d13=4.785443281011 eijMax=4.670E-03 rmsd=1.807E-01 s=[ 0 0 0 1 0 0 1 1 1 1 1 1 ]
d13=4.785443281011 eijMax=3.328E-03 rmsd=1.609E-01 s=[ 0 0 0 1 0 1 1 1 1 1 1 1 ]
d13=4.786808004034 eijMax=3.236E-03 rmsd=1.518E-01 s=[ 0 0 0 0 1 0 0 0 0 0 0 0 ]
d13=4.786808004034 eijMax=4.605E-03 rmsd=1.719E-01 s=[ 0 0 0 0 1 1 0 0 0 0 0 0 ]
d13=4.786808004034 eijMax=4.605E-03 rmsd=1.719E-01 s=[ 0 0 0 1 0 0 1 1 1 1 1 1 ]
d13=4.786808004034 eijMax=3.236E-03 rmsd=1.518E-01 s=[ 0 0 0 1 0 1 1 1 1 1 1 1 ]
d13=4.788172727057 eijMax=3.128E-03 rmsd=1.424E-01 s=[ 0 0 0 0 1 0 0 0 0 0 0 0 ]
d13=4.788172727057 eijMax=4.524E-03 rmsd=1.630E-01 s=[ 0 0 0 0 1 1 0 0 0 0 0 0 ]
d13=4.788172727057 eijMax=4.524E-03 rmsd=1.630E-01 s=[ 0 0 0 1 0 0 1 1 1 1 1 1 ]
d13=4.788172727057 eijMax=3.128E-03 rmsd=1.424E-01 s=[ 0 0 0 1 0 1 1 1 1 1 1 1 ]
d13=4.789537450080 eijMax=3.002E-03 rmsd=1.328E-01 s=[ 0 0 0 0 1 0 0 0 0 0 0 0 ]
d13=4.789537450080 eijMax=4.426E-03 rmsd=1.537E-01 s=[ 0 0 0 0 1 1 0 0 0 0 0 0 ]
d13=4.789537450080 eijMax=4.426E-03 rmsd=1.537E-01 s=[ 0 0 0 1 0 0 1 1 1 1 1 1 ]
d13=4.789537450080 eijMax=3.002E-03 rmsd=1.328E-01 s=[ 0 0 0 1 0 1 1 1 1 1 1 1 ]
d13=4.790902173103 eijMax=2.857E-03 rmsd=1.229E-01 s=[ 0 0 0 0 1 0 0 0 0 0 0 0 ]
d13=4.790902173103 eijMax=4.309E-03 rmsd=1.443E-01 s=[ 0 0 0 0 1 1 0 0 0 0 0 0 ]
d13=4.790902173103 eijMax=4.309E-03 rmsd=1.443E-01 s=[ 0 0 0 1 0 0 1 1 1 1 1 1 ]
d13=4.790902173103 eijMax=2.857E-03 rmsd=1.229E-01 s=[ 0 0 0 1 0 1 1 1 1 1 1 1 ]
d13=4.792266896126 eijMax=2.693E-03 rmsd=1.128E-01 s=[ 0 0 0 0 1 0 0 0 0 0 0 0 ]
d13=4.792266896126 eijMax=4.175E-03 rmsd=1.346E-01 s=[ 0 0 0 0 1 1 0 0 0 0 0 0 ]
d13=4.792266896126 eijMax=4.175E-03 rmsd=1.346E-01 s=[ 0 0 0 1 0 0 1 1 1 1 1 1 ]
d13=4.792266896126 eijMax=2.693E-03 rmsd=1.128E-01 s=[ 0 0 0 1 0 1 1 1 1 1 1 1 ]
d13=4.793631619149 eijMax=2.508E-03 rmsd=1.023E-01 s=[ 0 0 0 0 1 0 0 0 0 0 0 0 ]
d13=4.793631619149 eijMax=4.020E-03 rmsd=1.246E-01 s=[ 0 0 0 0 1 1 0 0 0 0 0 0 ]
d13=4.793631619149 eijMax=4.020E-03 rmsd=1.246E-01 s=[ 0 0 0 1 0 0 1 1 1 1 1 1 ]
d13=4.793631619149 eijMax=2.508E-03 rmsd=1.023E-01 s=[ 0 0 0 1 0 1 1 1 1 1 1 1 ]
d13=4.794996342172 eijMax=2.301E-03 rmsd=9.154E-02 s=[ 0 0 0 0 1 0 0 0 0 0 0 0 ]
d13=4.794996342172 eijMax=3.845E-03 rmsd=1.143E-01 s=[ 0 0 0 0 1 1 0 0 0 0 0 0 ]
d13=4.794996342172 eijMax=3.845E-03 rmsd=1.143E-01 s=[ 0 0 0 1 0 0 1 1 1 1 1 1 ]
d13=4.794996342172 eijMax=2.301E-03 rmsd=9.154E-02 s=[ 0 0 0 1 0 1 1 1 1 1 1 1 ]
d13=4.796361065195 eijMax=2.071E-03 rmsd=8.045E-02 s=[ 0 0 0 0 1 0 0 0 0 0 0 0 ]
d13=4.796361065195 eijMax=3.648E-03 rmsd=1.037E-01 s=[ 0 0 0 0 1 1 0 0 0 0 0 0 ]
d13=4.796361065195 eijMax=3.648E-03 rmsd=1.037E-01 s=[ 0 0 0 1 0 0 1 1 1 1 1 1 ]
d13=4.796361065195 eijMax=2.071E-03 rmsd=8.045E-02 s=[ 0 0 0 1 0 1 1 1 1 1 1 1 ]
d13=4.797725788218 eijMax=1.818E-03 rmsd=6.902E-02 s=[ 0 0 0 0 1 0 0 0 0 0 0 0 ]
d13=4.797725788218 eijMax=3.428E-03 rmsd=9.287E-02 s=[ 0 0 0 0 1 1 0 0 0 0 0 0 ]
d13=4.797725788218 eijMax=3.428E-03 rmsd=9.287E-02 s=[ 0 0 0 1 0 0 1 1 1 1 1 1 ]
d13=4.797725788218 eijMax=1.818E-03 rmsd=6.902E-02 s=[ 0 0 0 1 0 1 1 1 1 1 1 1 ]
d13=4.799090511241 eijMax=1.540E-03 rmsd=5.722E-02 s=[ 0 0 0 0 1 0 0 0 0 0 0 0 ]
d13=4.799090511241 eijMax=3.184E-03 rmsd=8.165E-02 s=[ 0 0 0 0 1 1 0 0 0 0 0 0 ]
d13=4.799090511241 eijMax=3.184E-03 rmsd=8.165E-02 s=[ 0 0 0 1 0 0 1 1 1 1 1 1 ]
d13=4.799090511241 eijMax=1.540E-03 rmsd=5.722E-02 s=[ 0 0 0 1 0 1 1 1 1 1 1 1 ]
d13=4.800455234264 eijMax=1.235E-03 rmsd=4.503E-02 s=[ 0 0 0 0 1 0 0 0 0 0 0 0 ]
d13=4.800455234264 eijMax=2.915E-03 rmsd=7.010E-02 s=[ 0 0 0 0 1 1 0 0 0 0 0 0 ]
d13=4.800455234264 eijMax=2.915E-03 rmsd=7.010E-02 s=[ 0 0 0 1 0 0 1 1 1 1 1 1 ]
d13=4.800455234264 eijMax=1.235E-03 rmsd=4.503E-02 s=[ 0 0 0 1 0 1 1 1 1 1 1 1 ]
d13=4.801819957287 eijMax=9.024E-04 rmsd=3.243E-02 s=[ 0 0 0 0 1 0 0 0 0 0 0 0 ]
d13=4.801819957287 eijMax=2.619E-03 rmsd=5.819E-02 s=[ 0 0 0 0 1 1 0 0 0 0 0 0 ]
d13=4.801819957287 eijMax=2.619E-03 rmsd=5.819E-02 s=[ 0 0 0 1 0 0 1 1 1 1 1 1 ]
d13=4.801819957287 eijMax=9.024E-04 rmsd=3.243E-02 s=[ 0 0 0 1 0 1 1 1 1 1 1 1 ]
d13=4.803184680310 eijMax=5.404E-04 rmsd=1.939E-02 s=[ 0 0 0 0 1 0 0 0 0 0 0 0 ]
d13=4.803184680310 eijMax=2.296E-03 rmsd=4.592E-02 s=[ 0 0 0 0 1 1 0 0 0 0 0 0 ]
d13=4.803184680310 eijMax=2.296E-03 rmsd=4.592E-02 s=[ 0 0 0 1 0 0 1 1 1 1 1 1 ]
d13=4.803184680310 eijMax=5.404E-04 rmsd=1.939E-02 s=[ 0 0 0 1 0 1 1 1 1 1 1 1 ]
d13=4.804549403333 eijMax=1.475E-04 rmsd=5.885E-03 s=[ 0 0 0 0 1 0 0 0 0 0 0 0 ]
d13=4.804549403333 eijMax=1.942E-03 rmsd=3.334E-02 s=[ 0 0 0 0 1 1 0 0 0 0 0 0 ]
d13=4.804549403333 eijMax=1.942E-03 rmsd=3.334E-02 s=[ 0 0 0 1 0 0 1 1 1 1 1 1 ]
d13=4.804549403333 eijMax=1.475E-04 rmsd=5.885E-03 s=[ 0 0 0 1 0 1 1 1 1 1 1 1 ]
d13=4.805914126356 eijMax=2.781E-04 rmsd=8.133E-03 s=[ 0 0 0 0 1 0 0 0 0 0 0 0 ]
d13=4.805914126356 eijMax=1.558E-03 rmsd=2.065E-02 s=[ 0 0 0 0 1 1 0 0 0 0 0 0 ]
d13=4.805914126356 eijMax=1.558E-03 rmsd=2.065E-02 s=[ 0 0 0 1 0 0 1 1 1 1 1 1 ]
d13=4.805914126356 eijMax=2.781E-04 rmsd=8.133E-03 s=[ 0 0 0 1 0 1 1 1 1 1 1 1 ]
d13=4.807278849379 eijMax=7.382E-04 rmsd=2.268E-02 s=[ 0 0 0 0 1 0 0 0 0 0 0 0 ]
d13=4.807278849379 eijMax=1.140E-03 rmsd=9.468E-03 s=[ 0 0 0 0 1 1 0 0 0 0 0 0 ]
d13=4.807278849379 eijMax=1.140E-03 rmsd=9.468E-03 s=[ 0 0 0 1 0 0 1 1 1 1 1 1 ]
d13=4.807278849379 eijMax=7.382E-04 rmsd=2.268E-02 s=[ 0 0 0 1 0 1 1 1 1 1 1 1 ]
d13=4.808643572402 eijMax=1.235E-03 rmsd=3.780E-02 s=[ 0 0 0 0 1 0 0 0 0 0 0 0 ]
d13=4.808643572402 eijMax=6.875E-04 rmsd=1.194E-02 s=[ 0 0 0 0 1 1 0 0 0 0 0 0 ]
d13=4.808643572402 eijMax=6.875E-04 rmsd=1.194E-02 s=[ 0 0 0 1 0 0 1 1 1 1 1 1 ]
d13=4.808643572402 eijMax=1.235E-03 rmsd=3.780E-02 s=[ 0 0 0 1 0 1 1 1 1 1 1 1 ]
d13=4.810008295425 eijMax=1.770E-03 rmsd=5.354E-02 s=[ 0 0 0 0 1 0 0 0 0 0 0 0 ]
d13=4.810008295425 eijMax=1.980E-04 rmsd=2.515E-02 s=[ 0 0 0 0 1 1 0 0 0 0 0 0 ]
d13=4.810008295425 eijMax=1.980E-04 rmsd=2.515E-02 s=[ 0 0 0 1 0 0 1 1 1 1 1 1 ]
d13=4.810008295425 eijMax=1.770E-03 rmsd=5.354E-02 s=[ 0 0 0 1 0 1 1 1 1 1 1 1 ]
d13=4.811373018448 eijMax=2.346E-03 rmsd=6.996E-02 s=[ 0 0 0 0 1 0 0 0 0 0 0 0 ]
d13=4.811373018448 eijMax=9.594E-03 rmsd=9.272E-02 s=[ 0 0 0 0 1 0 0 1 0 0 0 0 ]
d13=4.811373018448 eijMax=3.306E-04 rmsd=4.017E-02 s=[ 0 0 0 0 1 1 0 0 0 0 0 0 ]
d13=4.811373018448 eijMax=3.306E-04 rmsd=4.017E-02 s=[ 0 0 0 1 0 0 1 1 1 1 1 1 ]
d13=4.811373018448 eijMax=9.594E-03 rmsd=9.272E-02 s=[ 0 0 0 1 0 1 1 0 1 1 1 1 ]
d13=4.811373018448 eijMax=2.346E-03 rmsd=6.996E-02 s=[ 0 0 0 1 0 1 1 1 1 1 1 1 ]
d13=4.812737741471 eijMax=2.966E-03 rmsd=8.710E-02 s=[ 0 0 0 0 1 0 0 0 0 0 0 0 ]
d13=4.812737741471 eijMax=9.024E-03 rmsd=8.185E-02 s=[ 0 0 0 0 1 0 0 1 0 0 0 0 ]
d13=4.812737741471 eijMax=9.007E-04 rmsd=5.611E-02 s=[ 0 0 0 0 1 1 0 0 0 0 0 0 ]
d13=4.812737741471 eijMax=9.007E-04 rmsd=5.611E-02 s=[ 0 0 0 1 0 0 1 1 1 1 1 1 ]
d13=4.812737741471 eijMax=9.024E-03 rmsd=8.185E-02 s=[ 0 0 0 1 0 1 1 0 1 1 1 1 ]
d13=4.812737741471 eijMax=2.966E-03 rmsd=8.710E-02 s=[ 0 0 0 1 0 1 1 1 1 1 1 1 ]
d13=4.814102464494 eijMax=3.631E-03 rmsd=1.050E-01 s=[ 0 0 0 0 1 0 0 0 0 0 0 0 ]
d13=4.814102464494 eijMax=8.402E-03 rmsd=7.217E-02 s=[ 0 0 0 0 1 0 0 1 0 0 0 0 ]
d13=4.814102464494 eijMax=1.515E-03 rmsd=7.285E-02 s=[ 0 0 0 0 1 1 0 0 0 0 0 0 ]
d13=4.814102464494 eijMax=1.515E-03 rmsd=7.285E-02 s=[ 0 0 0 1 0 0 1 1 1 1 1 1 ]
d13=4.814102464494 eijMax=8.402E-03 rmsd=7.217E-02 s=[ 0 0 0 1 0 1 1 0 1 1 1 1 ]
d13=4.814102464494 eijMax=3.631E-03 rmsd=1.050E-01 s=[ 0 0 0 1 0 1 1 1 1 1 1 1 ]
d13=4.815467187518 eijMax=4.346E-03 rmsd=1.238E-01 s=[ 0 0 0 0 1 0 0 0 0 0 0 0 ]
d13=4.815467187518 eijMax=7.724E-03 rmsd=6.473E-02 s=[ 0 0 0 0 1 0 0 1 0 0 0 0 ]
d13=4.815467187518 eijMax=2.176E-03 rmsd=9.042E-02 s=[ 0 0 0 0 1 1 0 0 0 0 0 0 ]
d13=4.815467187518 eijMax=9.957E-03 rmsd=8.437E-02 s=[ 0 0 0 0 1 1 0 1 0 0 0 0 ]
d13=4.815467187518 eijMax=9.957E-03 rmsd=8.437E-02 s=[ 0 0 0 1 0 0 1 0 1 1 1 1 ]
d13=4.815467187518 eijMax=2.176E-03 rmsd=9.042E-02 s=[ 0 0 0 1 0 0 1 1 1 1 1 1 ]
d13=4.815467187518 eijMax=7.724E-03 rmsd=6.473E-02 s=[ 0 0 0 1 0 1 1 0 1 1 1 1 ]
d13=4.815467187518 eijMax=4.346E-03 rmsd=1.238E-01 s=[ 0 0 0 1 0 1 1 1 1 1 1 1 ]
d13=4.816831910541 eijMax=5.113E-03 rmsd=1.435E-01 s=[ 0 0 0 0 1 0 0 0 0 0 0 0 ]
d13=4.816831910541 eijMax=6.985E-03 rmsd=6.100E-02 s=[ 0 0 0 0 1 0 0 1 0 0 0 0 ]
d13=4.816831910541 eijMax=2.887E-03 rmsd=1.088E-01 s=[ 0 0 0 0 1 1 0 0 0 0 0 0 ]
d13=4.816831910541 eijMax=9.291E-03 rmsd=7.539E-02 s=[ 0 0 0 0 1 1 0 1 0 0 0 0 ]
d13=4.816831910541 eijMax=9.291E-03 rmsd=7.539E-02 s=[ 0 0 0 1 0 0 1 0 1 1 1 1 ]
d13=4.816831910541 eijMax=2.887E-03 rmsd=1.088E-01 s=[ 0 0 0 1 0 0 1 1 1 1 1 1 ]
d13=4.816831910541 eijMax=6.985E-03 rmsd=6.100E-02 s=[ 0 0 0 1 0 1 1 0 1 1 1 1 ]
d13=4.816831910541 eijMax=5.113E-03 rmsd=1.435E-01 s=[ 0 0 0 1 0 1 1 1 1 1 1 1 ]
d13=4.818196633564 eijMax=5.935E-03 rmsd=1.643E-01 s=[ 0 0 0 0 1 0 0 0 0 0 0 0 ]
d13=4.818196633564 eijMax=6.180E-03 rmsd=6.240E-02 s=[ 0 0 0 0 1 0 0 1 0 0 0 0 ]
d13=4.818196633564 eijMax=3.651E-03 rmsd=1.282E-01 s=[ 0 0 0 0 1 1 0 0 0 0 0 0 ]
d13=4.818196633564 eijMax=8.563E-03 rmsd=6.897E-02 s=[ 0 0 0 0 1 1 0 1 0 0 0 0 ]
d13=4.818196633564 eijMax=8.563E-03 rmsd=6.897E-02 s=[ 0 0 0 1 0 0 1 0 1 1 1 1 ]
d13=4.818196633564 eijMax=3.651E-03 rmsd=1.282E-01 s=[ 0 0 0 1 0 0 1 1 1 1 1 1 ]
d13=4.818196633564 eijMax=6.180E-03 rmsd=6.240E-02 s=[ 0 0 0 1 0 1 1 0 1 1 1 1 ]
d13=4.818196633564 eijMax=5.935E-03 rmsd=1.643E-01 s=[ 0 0 0 1 0 1 1 1 1 1 1 1 ]
d13=4.819561356587 eijMax=6.817E-03 rmsd=1.862E-01 s=[ 0 0 0 0 1 0 0 0 0 0 0 0 ]
d13=4.819561356587 eijMax=5.304E-03 rmsd=6.944E-02 s=[ 0 0 0 0 1 0 0 1 0 0 0 0 ]
d13=4.819561356587 eijMax=4.472E-03 rmsd=1.486E-01 s=[ 0 0 0 0 1 1 0 0 0 0 0 0 ]
d13=4.819561356587 eijMax=7.770E-03 rmsd=6.652E-02 s=[ 0 0 0 0 1 1 0 1 0 0 0 0 ]
d13=4.819561356587 eijMax=7.770E-03 rmsd=6.652E-02 s=[ 0 0 0 1 0 0 1 0 1 1 1 1 ]
d13=4.819561356587 eijMax=4.472E-03 rmsd=1.486E-01 s=[ 0 0 0 1 0 0 1 1 1 1 1 1 ]
d13=4.819561356587 eijMax=5.304E-03 rmsd=6.944E-02 s=[ 0 0 0 1 0 1 1 0 1 1 1 1 ]
d13=4.819561356587 eijMax=6.817E-03 rmsd=1.862E-01 s=[ 0 0 0 1 0 1 1 1 1 1 1 1 ]
d13=4.820926079610 eijMax=7.762E-03 rmsd=2.093E-01 s=[ 0 0 0 0 1 0 0 0 0 0 0 0 ]
d13=4.820926079610 eijMax=4.350E-03 rmsd=8.147E-02 s=[ 0 0 0 0 1 0 0 1 0 0 0 0 ]
d13=4.820926079610 eijMax=5.353E-03 rmsd=1.701E-01 s=[ 0 0 0 0 1 1 0 0 0 0 0 0 ]
d13=4.820926079610 eijMax=6.905E-03 rmsd=6.923E-02 s=[ 0 0 0 0 1 1 0 1 0 0 0 0 ]
d13=4.820926079610 eijMax=6.905E-03 rmsd=6.923E-02 s=[ 0 0 0 1 0 0 1 0 1 1 1 1 ]
d13=4.820926079610 eijMax=5.353E-03 rmsd=1.701E-01 s=[ 0 0 0 1 0 0 1 1 1 1 1 1 ]
d13=4.820926079610 eijMax=4.350E-03 rmsd=8.147E-02 s=[ 0 0 0 1 0 1 1 0 1 1 1 1 ]
d13=4.820926079610 eijMax=7.762E-03 rmsd=2.093E-01 s=[ 0 0 0 1 0 1 1 1 1 1 1 1 ]
d13=4.822290802633 eijMax=8.775E-03 rmsd=2.339E-01 s=[ 0 0 0 0 1 0 0 0 0 0 0 0 ]
d13=4.822290802633 eijMax=3.311E-03 rmsd=9.749E-02 s=[ 0 0 0 0 1 0 0 1 0 0 0 0 ]
d13=4.822290802633 eijMax=6.300E-03 rmsd=1.929E-01 s=[ 0 0 0 0 1 1 0 0 0 0 0 0 ]
d13=4.822290802633 eijMax=5.961E-03 rmsd=7.738E-02 s=[ 0 0 0 0 1 1 0 1 0 0 0 0 ]
d13=4.822290802633 eijMax=5.961E-03 rmsd=7.738E-02 s=[ 0 0 0 1 0 0 1 0 1 1 1 1 ]
d13=4.822290802633 eijMax=6.300E-03 rmsd=1.929E-01 s=[ 0 0 0 1 0 0 1 1 1 1 1 1 ]
d13=4.822290802633 eijMax=3.311E-03 rmsd=9.749E-02 s=[ 0 0 0 1 0 1 1 0 1 1 1 1 ]
d13=4.822290802633 eijMax=8.775E-03 rmsd=2.339E-01 s=[ 0 0 0 1 0 1 1 1 1 1 1 1 ]
d13=4.823655525656 eijMax=9.860E-03 rmsd=2.601E-01 s=[ 0 0 0 0 1 0 0 0 0 0 0 0 ]
d13=4.823655525656 eijMax=2.180E-03 rmsd=1.168E-01 s=[ 0 0 0 0 1 0 0 1 0 0 0 0 ]
d13=4.823655525656 eijMax=7.316E-03 rmsd=2.170E-01 s=[ 0 0 0 0 1 1 0 0 0 0 0 0 ]
d13=4.823655525656 eijMax=4.933E-03 rmsd=9.035E-02 s=[ 0 0 0 0 1 1 0 1 0 0 0 0 ]
d13=4.823655525656 eijMax=4.933E-03 rmsd=9.035E-02 s=[ 0 0 0 1 0 0 1 0 1 1 1 1 ]
d13=4.823655525656 eijMax=7.316E-03 rmsd=2.170E-01 s=[ 0 0 0 1 0 0 1 1 1 1 1 1 ]
d13=4.823655525656 eijMax=2.180E-03 rmsd=1.168E-01 s=[ 0 0 0 1 0 1 1 0 1 1 1 1 ]
d13=4.823655525656 eijMax=9.860E-03 rmsd=2.601E-01 s=[ 0 0 0 1 0 1 1 1 1 1 1 1 ]
d13=4.825020248679 eijMax=9.458E-04 rmsd=1.388E-01 s=[ 0 0 0 0 1 0 0 1 0 0 0 0 ]
d13=4.825020248679 eijMax=8.407E-03 rmsd=2.427E-01 s=[ 0 0 0 0 1 1 0 0 0 0 0 0 ]
d13=4.825020248679 eijMax=3.811E-03 rmsd=1.073E-01 s=[ 0 0 0 0 1 1 0 1 0 0 0 0 ]
d13=4.825020248679 eijMax=3.811E-03 rmsd=1.073E-01 s=[ 0 0 0 1 0 0 1 0 1 1 1 1 ]
d13=4.825020248679 eijMax=8.407E-03 rmsd=2.427E-01 s=[ 0 0 0 1 0 0 1 1 1 1 1 1 ]
d13=4.825020248679 eijMax=9.458E-04 rmsd=1.388E-01 s=[ 0 0 0 1 0 1 1 0 1 1 1 1 ]
d13=4.826384971702 eijMax=4.015E-04 rmsd=1.635E-01 s=[ 0 0 0 0 1 0 0 1 0 0 0 0 ]
d13=4.826384971702 eijMax=9.578E-03 rmsd=2.702E-01 s=[ 0 0 0 0 1 1 0 0 0 0 0 0 ]
d13=4.826384971702 eijMax=2.586E-03 rmsd=1.275E-01 s=[ 0 0 0 0 1 1 0 1 0 0 0 0 ]
d13=4.826384971702 eijMax=2.586E-03 rmsd=1.275E-01 s=[ 0 0 0 1 0 0 1 0 1 1 1 1 ]
d13=4.826384971702 eijMax=9.578E-03 rmsd=2.702E-01 s=[ 0 0 0 1 0 0 1 1 1 1 1 1 ]
d13=4.826384971702 eijMax=4.015E-04 rmsd=1.635E-01 s=[ 0 0 0 1 0 1 1 0 1 1 1 1 ]
d13=4.827749694725 eijMax=1.875E-03 rmsd=1.910E-01 s=[ 0 0 0 0 1 0 0 1 0 0 0 0 ]
d13=4.827749694725 eijMax=1.247E-03 rmsd=1.508E-01 s=[ 0 0 0 0 1 1 0 1 0 0 0 0 ]
d13=4.827749694725 eijMax=1.247E-03 rmsd=1.508E-01 s=[ 0 0 0 1 0 0 1 0 1 1 1 1 ]
d13=4.827749694725 eijMax=1.875E-03 rmsd=1.910E-01 s=[ 0 0 0 1 0 1 1 0 1 1 1 1 ]
d13=4.829114417748 eijMax=3.491E-03 rmsd=2.214E-01 s=[ 0 0 0 0 1 0 0 1 0 0 0 0 ]
d13=4.829114417748 eijMax=2.193E-04 rmsd=1.769E-01 s=[ 0 0 0 0 1 1 0 1 0 0 0 0 ]
d13=4.829114417748 eijMax=2.193E-04 rmsd=1.769E-01 s=[ 0 0 0 1 0 0 1 0 1 1 1 1 ]
d13=4.829114417748 eijMax=3.491E-03 rmsd=2.214E-01 s=[ 0 0 0 1 0 1 1 0 1 1 1 1 ]
d13=4.830479140771 eijMax=5.269E-03 rmsd=2.553E-01 s=[ 0 0 0 0 1 0 0 1 0 0 0 0 ]
d13=4.830479140771 eijMax=1.829E-03 rmsd=2.061E-01 s=[ 0 0 0 0 1 1 0 1 0 0 0 0 ]
d13=4.830479140771 eijMax=1.829E-03 rmsd=2.061E-01 s=[ 0 0 0 1 0 0 1 0 1 1 1 1 ]
d13=4.830479140771 eijMax=5.269E-03 rmsd=2.553E-01 s=[ 0 0 0 1 0 1 1 0 1 1 1 1 ]
d13=4.831843863794 eijMax=7.232E-03 rmsd=2.931E-01 s=[ 0 0 0 0 1 0 0 1 0 0 0 0 ]
d13=4.831843863794 eijMax=3.600E-03 rmsd=2.387E-01 s=[ 0 0 0 0 1 1 0 1 0 0 0 0 ]
d13=4.831843863794 eijMax=3.600E-03 rmsd=2.387E-01 s=[ 0 0 0 1 0 0 1 0 1 1 1 1 ]
d13=4.831843863794 eijMax=7.232E-03 rmsd=2.931E-01 s=[ 0 0 0 1 0 1 1 0 1 1 1 1 ]
d13=4.833208586817 eijMax=9.413E-03 rmsd=3.359E-01 s=[ 0 0 0 0 1 0 0 1 0 0 0 0 ]
d13=4.833208586817 eijMax=5.558E-03 rmsd=2.753E-01 s=[ 0 0 0 0 1 1 0 1 0 0 0 0 ]
d13=4.833208586817 eijMax=5.558E-03 rmsd=2.753E-01 s=[ 0 0 0 1 0 0 1 0 1 1 1 1 ]
d13=4.833208586817 eijMax=9.413E-03 rmsd=3.359E-01 s=[ 0 0 0 1 0 1 1 0 1 1 1 1 ]
d13=4.834573309840 eijMax=7.733E-03 rmsd=3.166E-01 s=[ 0 0 0 0 1 1 0 1 0 0 0 0 ]
d13=4.834573309840 eijMax=7.733E-03 rmsd=3.166E-01 s=[ 0 0 0 1 0 0 1 0 1 1 1 1 ]
num ..... 1000
nnodes .. 12
nedges .. 36
nsols ... 756
tsecs ... 7.710862
