d13=4.666836443737 eijMax=7.829E-03 rmsd=6.414E-01 s=[ 0 0 0 0 1 0 0 1 0 0 0 0 ]
d13=4.666836443737 eijMax=7.548E-03 rmsd=6.483E-01 s=[ 0 0 0 0 1 1 0 1 0 0 0 0 ]
d13=4.666836443737 eijMax=7.548E-03 rmsd=6.483E-01 s=[ 0 0 0 1 0 0 1 0 1 1 1 1 ]
d13=4.666836443737 eijMax=7.829E-03 rmsd=6.414E-01 s=[ 0 0 0 1 0 1 1 0 1 1 1 1 ]
d13=4.680607739697 eijMax=4.800E-03 rmsd=6.147E-01 s=[ 0 0 0 0 1 0 0 1 0 0 0 0 ]
d13=4.680607739697 eijMax=9.866E-03 rmsd=5.514E-01 s=[ 0 0 0 0 1 1 0 0 0 0 0 0 ]
d13=4.680607739697 eijMax=4.470E-03 rmsd=6.221E-01 s=[ 0 0 0 0 1 1 0 1 0 0 0 0 ]
d13=4.680607739697 eijMax=4.470E-03 rmsd=6.221E-01 s=[ 0 0 0 1 0 0 1 0 1 1 1 1 ]
d13=4.680607739697 eijMax=9.866E-03 rmsd=5.514E-01 s=[ 0 0 0 1 0 0 1 1 1 1 1 1 ]
d13=4.680607739697 eijMax=4.800E-03 rmsd=6.147E-01 s=[ 0 0 0 1 0 1 1 0 1 1 1 1 ]
d13=4.694379035657 eijMax=7.665E-03 rmsd=5.108E-01 s=[ 0 0 0 0 1 0 0 0 0 0 0 0 ]
d13=4.694379035657 eijMax=1.705E-03 rmsd=5.859E-01 s=[ 0 0 0 0 1 0 0 1 0 0 0 0 ]
d13=4.694379035657 eijMax=7.224E-03 rmsd=5.198E-01 s=[ 0 0 0 0 1 1 0 0 0 0 0 0 ]
d13=4.694379035657 eijMax=1.317E-03 rmsd=5.940E-01 s=[ 0 0 0 0 1 1 0 1 0 0 0 0 ]
d13=4.694379035657 eijMax=1.317E-03 rmsd=5.940E-01 s=[ 0 0 0 1 0 0 1 0 1 1 1 1 ]
d13=4.694379035657 eijMax=7.224E-03 rmsd=5.198E-01 s=[ 0 0 0 1 0 0 1 1 1 1 1 1 ]
d13=4.694379035657 eijMax=1.705E-03 rmsd=5.859E-01 s=[ 0 0 0 1 0 1 1 0 1 1 1 1 ]
d13=4.694379035657 eijMax=7.665E-03 rmsd=5.108E-01 s=[ 0 0 0 1 0 1 1 1 1 1 1 1 ]
d13=4.708150331616 eijMax=5.108E-03 rmsd=4.755E-01 s=[ 0 0 0 0 1 0 0 0 0 0 0 0 ]
d13=4.708150331616 eijMax=1.404E-03 rmsd=5.546E-01 s=[ 0 0 0 0 1 0 0 1 0 0 0 0 ]
d13=4.708150331616 eijMax=4.591E-03 rmsd=4.853E-01 s=[ 0 0 0 0 1 1 0 0 0 0 0 0 ]
d13=4.708150331616 eijMax=1.861E-03 rmsd=5.634E-01 s=[ 0 0 0 0 1 1 0 1 0 0 0 0 ]
d13=4.708150331616 eijMax=1.861E-03 rmsd=5.634E-01 s=[ 0 0 0 1 0 0 1 0 1 1 1 1 ]
d13=4.708150331616 eijMax=4.591E-03 rmsd=4.853E-01 s=[ 0 0 0 1 0 0 1 1 1 1 1 1 ]
d13=4.708150331616 eijMax=1.404E-03 rmsd=5.546E-01 s=[ 0 0 0 1 0 1 1 0 1 1 1 1 ]
d13=4.708150331616 eijMax=5.108E-03 rmsd=4.755E-01 s=[ 0 0 0 1 0 1 1 1 1 1 1 1 ]
d13=4.721921627576 eijMax=2.646E-03 rmsd=4.365E-01 s=[ 0 0 0 0 1 0 0 0 0 0 0 0 ]
d13=4.721921627576 eijMax=4.460E-03 rmsd=5.201E-01 s=[ 0 0 0 0 1 0 0 1 0 0 0 0 ]
d13=4.721921627576 eijMax=2.040E-03 rmsd=4.472E-01 s=[ 0 0 0 0 1 1 0 0 0 0 0 0 ]
d13=4.721921627576 eijMax=4.999E-03 rmsd=5.298E-01 s=[ 0 0 0 0 1 1 0 1 0 0 0 0 ]
d13=4.721921627576 eijMax=4.999E-03 rmsd=5.298E-01 s=[ 0 0 0 1 0 0 1 0 1 1 1 1 ]
d13=4.721921627576 eijMax=2.040E-03 rmsd=4.472E-01 s=[ 0 0 0 1 0 0 1 1 1 1 1 1 ]
d13=4.721921627576 eijMax=4.460E-03 rmsd=5.201E-01 s=[ 0 0 0 1 0 1 1 0 1 1 1 1 ]
d13=4.721921627576 eijMax=2.646E-03 rmsd=4.365E-01 s=[ 0 0 0 1 0 1 1 1 1 1 1 1 ]
d13=4.735692923535 eijMax=3.775E-04 rmsd=3.925E-01 s=[ 0 0 0 0 1 0 0 0 0 0 0 0 ]
d13=4.735692923535 eijMax=7.367E-03 rmsd=4.815E-01 s=[ 0 0 0 0 1 0 0 1 0 0 0 0 ]
d13=4.735692923535 eijMax=3.344E-04 rmsd=4.045E-01 s=[ 0 0 0 0 1 1 0 0 0 0 0 0 ]
d13=4.735692923535 eijMax=8.007E-03 rmsd=4.923E-01 s=[ 0 0 0 0 1 1 0 1 0 0 0 0 ]
d13=4.735692923535 eijMax=8.007E-03 rmsd=4.923E-01 s=[ 0 0 0 1 0 0 1 0 1 1 1 1 ]
d13=4.735692923535 eijMax=3.344E-04 rmsd=4.045E-01 s=[ 0 0 0 1 0 0 1 1 1 1 1 1 ]
d13=4.735692923535 eijMax=7.367E-03 rmsd=4.815E-01 s=[ 0 0 0 1 0 1 1 0 1 1 1 1 ]
d13=4.735692923535 eijMax=3.775E-04 rmsd=3.925E-01 s=[ 0 0 0 1 0 1 1 1 1 1 1 1 ]
d13=4.749464219495 eijMax=1.559E-03 rmsd=3.423E-01 s=[ 0 0 0 0 1 0 0 0 0 0 0 0 ]
d13=4.749464219495 eijMax=9.996E-03 rmsd=4.376E-01 s=[ 0 0 0 0 1 0 0 1 0 0 0 0 ]
d13=4.749464219495 eijMax=2.399E-03 rmsd=3.557E-01 s=[ 0 0 0 0 1 1 0 0 0 0 0 0 ]
d13=4.749464219495 eijMax=2.399E-03 rmsd=3.557E-01 s=[ 0 0 0 1 0 0 1 1 1 1 1 1 ]
d13=4.749464219495 eijMax=9.996E-03 rmsd=4.376E-01 s=[ 0 0 0 1 0 1 1 0 1 1 1 1 ]
d13=4.749464219495 eijMax=1.559E-03 rmsd=3.423E-01 s=[ 0 0 0 1 0 1 1 1 1 1 1 1 ]
d13=4.763235515455 eijMax=2.968E-03 rmsd=2.835E-01 s=[ 0 0 0 0 1 0 0 0 0 0 0 0 ]
d13=4.763235515455 eijMax=3.965E-03 rmsd=2.988E-01 s=[ 0 0 0 0 1 1 0 0 0 0 0 0 ]
d13=4.763235515455 eijMax=3.965E-03 rmsd=2.988E-01 s=[ 0 0 0 1 0 0 1 1 1 1 1 1 ]
d13=4.763235515455 eijMax=2.968E-03 rmsd=2.835E-01 s=[ 0 0 0 1 0 1 1 1 1 1 1 1 ]
d13=4.777006811414 eijMax=3.557E-03 rmsd=2.127E-01 s=[ 0 0 0 0 1 0 0 0 0 0 0 0 ]
d13=4.777006811414 eijMax=4.751E-03 rmsd=2.304E-01 s=[ 0 0 0 0 1 1 0 0 0 0 0 0 ]
d13=4.777006811414 eijMax=4.751E-03 rmsd=2.304E-01 s=[ 0 0 0 1 0 0 1 1 1 1 1 1 ]
d13=4.777006811414 eijMax=3.557E-03 rmsd=2.127E-01 s=[ 0 0 0 1 0 1 1 1 1 1 1 1 ]
d13=4.790778107374 eijMax=2.871E-03 rmsd=1.238E-01 s=[ 0 0 0 0 1 0 0 0 0 0 0 0 ]
d13=4.790778107374 eijMax=4.321E-03 rmsd=1.452E-01 s=[ 0 0 0 0 1 1 0 0 0 0 0 0 ]
d13=4.790778107374 eijMax=4.321E-03 rmsd=1.452E-01 s=[ 0 0 0 1 0 0 1 1 1 1 1 1 ]
d13=4.790778107374 eijMax=2.871E-03 rmsd=1.238E-01 s=[ 0 0 0 1 0 1 1 1 1 1 1 1 ]
d13=4.804549403333 eijMax=1.475E-04 rmsd=5.885E-03 s=[ 0 0 0 0 1 0 0 0 0 0 0 0 ]
d13=4.804549403333 eijMax=1.942E-03 rmsd=3.334E-02 s=[ 0 0 0 0 1 1 0 0 0 0 0 0 ]
d13=4.804549403333 eijMax=1.942E-03 rmsd=3.334E-02 s=[ 0 0 0 1 0 0 1 1 1 1 1 1 ]
d13=4.804549403333 eijMax=1.475E-04 rmsd=5.885E-03 s=[ 0 0 0 1 0 1 1 1 1 1 1 1 ]
d13=4.818320699293 eijMax=6.013E-03 rmsd=1.662E-01 s=[ 0 0 0 0 1 0 0 0 0 0 0 0 ]
d13=4.818320699293 eijMax=6.103E-03 rmsd=6.281E-02 s=[ 0 0 0 0 1 0 0 1 0 0 0 0 ]
d13=4.818320699293 eijMax=3.723E-03 rmsd=1.300E-01 s=[ 0 0 0 0 1 1 0 0 0 0 0 0 ]
d13=4.818320699293 eijMax=8.494E-03 rmsd=6.856E-02 s=[ 0 0 0 0 1 1 0 1 0 0 0 0 ]
d13=4.818320699293 eijMax=8.494E-03 rmsd=6.856E-02 s=[ 0 0 0 1 0 0 1 0 1 1 1 1 ]
d13=4.818320699293 eijMax=3.723E-03 rmsd=1.300E-01 s=[ 0 0 0 1 0 0 1 1 1 1 1 1 ]
d13=4.818320699293 eijMax=6.103E-03 rmsd=6.281E-02 s=[ 0 0 0 1 0 1 1 0 1 1 1 1 ]
d13=4.818320699293 eijMax=6.013E-03 rmsd=1.662E-01 s=[ 0 0 0 1 0 1 1 1 1 1 1 1 ]
d13=4.832091995253 eijMax=7.611E-03 rmsd=3.005E-01 s=[ 0 0 0 0 1 0 0 1 0 0 0 0 ]
d13=4.832091995253 eijMax=3.941E-03 rmsd=2.451E-01 s=[ 0 0 0 0 1 1 0 1 0 0 0 0 ]
d13=4.832091995253 eijMax=3.941E-03 rmsd=2.451E-01 s=[ 0 0 0 1 0 0 1 0 1 1 1 1 ]
d13=4.832091995253 eijMax=7.611E-03 rmsd=3.005E-01 s=[ 0 0 0 1 0 1 1 0 1 1 1 1 ]
num ..... 100
nnodes .. 12
nedges .. 36
nsols ... 76
tsecs ... 0.732460
