d13=5.210355515051 eijMax=8.490E-03 rmsd=1.109E+01 s=[ 0 0 0 0 1 1 1 0 0 0 0 0 1 1 1 0 1 1 1 1 1 1 1 1 ]
d13=5.210355515051 eijMax=8.490E-03 rmsd=1.109E+01 s=[ 0 0 0 1 0 0 0 1 1 1 1 1 0 0 0 1 0 0 0 0 0 0 0 0 ]
d13=5.419457636263 eijMax=5.630E-03 rmsd=1.229E+01 s=[ 0 0 0 0 0 0 0 1 1 0 1 1 0 0 1 0 1 1 1 1 1 1 1 1 ]
d13=5.419457636263 eijMax=5.630E-03 rmsd=1.229E+01 s=[ 0 0 0 1 1 1 1 0 0 1 0 0 1 1 0 1 0 0 0 0 0 0 0 0 ]
d13=5.506583520101 eijMax=1.580E-03 rmsd=1.040E+01 s=[ 0 0 0 0 1 1 1 0 0 1 1 1 0 0 1 1 0 0 0 0 0 0 0 0 ]
d13=5.506583520101 eijMax=1.580E-03 rmsd=1.040E+01 s=[ 0 0 0 1 0 0 0 1 1 0 0 0 1 1 0 0 1 1 1 1 1 1 1 1 ]
d13=5.541433873636 eijMax=7.849E-03 rmsd=7.867E+00 s=[ 0 0 0 0 0 1 1 0 0 1 1 1 0 0 1 1 0 0 0 0 0 0 0 0 ]
d13=5.541433873636 eijMax=7.849E-03 rmsd=7.867E+00 s=[ 0 0 0 1 1 0 0 1 1 0 0 0 1 1 0 0 1 1 1 1 1 1 1 1 ]
d13=5.628559757475 eijMax=3.235E-03 rmsd=9.125E+00 s=[ 0 0 0 0 1 0 0 1 1 1 1 1 0 0 1 1 0 0 0 0 0 0 0 0 ]
d13=5.628559757475 eijMax=3.235E-03 rmsd=9.125E+00 s=[ 0 0 0 1 0 1 1 0 0 0 0 0 1 1 0 0 1 1 1 1 1 1 1 1 ]
d13=5.872512232222 eijMax=1.176E-03 rmsd=1.016E+01 s=[ 0 0 0 0 1 1 1 0 0 0 1 1 0 0 1 1 0 0 0 0 0 0 0 0 ]
d13=5.872512232222 eijMax=1.176E-03 rmsd=1.016E+01 s=[ 0 0 0 1 0 0 0 1 1 1 0 0 1 1 0 0 1 1 1 1 1 1 1 1 ]
d13=6.430117888788 eijMax=9.450E-03 rmsd=9.272E+00 s=[ 0 0 0 0 1 1 1 0 0 1 0 0 1 1 1 1 0 0 0 0 0 0 0 0 ]
d13=6.430117888788 eijMax=9.450E-03 rmsd=9.272E+00 s=[ 0 0 0 1 0 0 0 1 1 0 1 1 0 0 0 0 1 1 1 1 1 1 1 1 ]
d13=6.447543065556 eijMax=7.120E-03 rmsd=8.995E+00 s=[ 0 0 0 0 1 0 0 1 1 0 1 1 0 0 1 1 0 0 0 0 0 0 0 0 ]
d13=6.447543065556 eijMax=7.120E-03 rmsd=8.995E+00 s=[ 0 0 0 1 0 1 1 0 0 1 0 0 1 1 0 0 1 1 1 1 1 1 1 1 ]
d13=6.621794833232 eijMax=7.614E-03 rmsd=4.382E+00 s=[ 0 0 0 0 0 1 1 0 0 0 0 0 1 1 1 1 0 0 0 0 0 0 0 0 ]
d13=6.621794833232 eijMax=7.614E-03 rmsd=4.382E+00 s=[ 0 0 0 1 1 0 0 1 1 1 1 1 0 0 0 0 1 1 1 1 1 1 1 1 ]
num ..... 100
nnodes .. 24
nedges .. 123
nsols ... 18
tsecs ... 4.065435
