d13=5.145521298789 eijMax=7.419E-03 rmsd=1.245E+01 s=[ 0 0 0 0 1 0 0 1 1 0 1 1 0 0 1 0 1 1 1 1 1 1 1 1 ]
d13=5.145521298789 eijMax=7.419E-03 rmsd=1.245E+01 s=[ 0 0 0 1 0 1 1 0 0 1 0 0 1 1 0 1 0 0 0 0 0 0 0 0 ]
d13=5.147248118108 eijMax=7.562E-04 rmsd=1.245E+01 s=[ 0 0 0 0 1 0 0 1 1 0 1 1 0 0 1 0 1 1 1 1 1 1 1 1 ]
d13=5.147248118108 eijMax=7.562E-04 rmsd=1.245E+01 s=[ 0 0 0 1 0 1 1 0 0 1 0 0 1 1 0 1 0 0 0 0 0 0 0 0 ]
d13=5.148974937427 eijMax=5.728E-03 rmsd=1.246E+01 s=[ 0 0 0 0 1 0 0 1 1 0 1 1 0 0 1 0 1 1 1 1 1 1 1 1 ]
d13=5.148974937427 eijMax=5.728E-03 rmsd=1.246E+01 s=[ 0 0 0 1 0 1 1 0 0 1 0 0 1 1 0 1 0 0 0 0 0 0 0 0 ]
d13=5.202506336326 eijMax=9.355E-03 rmsd=1.111E+01 s=[ 0 0 0 0 1 1 1 0 0 0 0 0 1 1 1 0 1 1 1 1 1 1 1 1 ]
d13=5.202506336326 eijMax=9.355E-03 rmsd=1.111E+01 s=[ 0 0 0 1 0 0 0 1 1 1 1 1 0 0 0 1 0 0 0 0 0 0 0 0 ]
d13=5.204233155646 eijMax=8.699E-03 rmsd=1.110E+01 s=[ 0 0 0 0 1 1 1 0 0 0 0 0 1 1 1 0 1 1 1 1 1 1 1 1 ]
d13=5.204233155646 eijMax=8.699E-03 rmsd=1.110E+01 s=[ 0 0 0 1 0 0 0 1 1 1 1 1 0 0 0 1 0 0 0 0 0 0 0 0 ]
d13=5.205959974965 eijMax=8.348E-03 rmsd=1.110E+01 s=[ 0 0 0 0 1 1 1 0 0 0 0 0 1 1 1 0 1 1 1 1 1 1 1 1 ]
d13=5.205959974965 eijMax=8.348E-03 rmsd=1.110E+01 s=[ 0 0 0 1 0 0 0 1 1 1 1 1 0 0 0 1 0 0 0 0 0 0 0 0 ]
d13=5.207686794284 eijMax=8.247E-03 rmsd=1.110E+01 s=[ 0 0 0 0 1 1 1 0 0 0 0 0 1 1 1 0 1 1 1 1 1 1 1 1 ]
d13=5.207686794284 eijMax=8.247E-03 rmsd=1.110E+01 s=[ 0 0 0 1 0 0 0 1 1 1 1 1 0 0 0 1 0 0 0 0 0 0 0 0 ]
d13=5.209413613604 eijMax=8.355E-03 rmsd=1.109E+01 s=[ 0 0 0 0 1 1 1 0 0 0 0 0 1 1 1 0 1 1 1 1 1 1 1 1 ]
d13=5.209413613604 eijMax=8.355E-03 rmsd=1.109E+01 s=[ 0 0 0 1 0 0 0 1 1 1 1 1 0 0 0 1 0 0 0 0 0 0 0 0 ]
d13=5.211140432923 eijMax=8.633E-03 rmsd=7.806E+00 s=[ 0 0 0 0 0 0 0 1 1 1 1 1 0 0 1 1 0 0 0 0 0 0 0 0 ]
d13=5.211140432923 eijMax=8.640E-03 rmsd=1.109E+01 s=[ 0 0 0 0 1 1 1 0 0 0 0 0 1 1 1 0 1 1 1 1 1 1 1 1 ]
d13=5.211140432923 eijMax=8.640E-03 rmsd=1.109E+01 s=[ 0 0 0 1 0 0 0 1 1 1 1 1 0 0 0 1 0 0 0 0 0 0 0 0 ]
d13=5.211140432923 eijMax=8.633E-03 rmsd=7.806E+00 s=[ 0 0 0 1 1 1 1 0 0 0 0 0 1 1 0 0 1 1 1 1 1 1 1 1 ]
d13=5.212867252242 eijMax=1.439E-03 rmsd=7.806E+00 s=[ 0 0 0 0 0 0 0 1 1 1 1 1 0 0 1 1 0 0 0 0 0 0 0 0 ]
d13=5.212867252242 eijMax=9.079E-03 rmsd=1.109E+01 s=[ 0 0 0 0 1 1 1 0 0 0 0 0 1 1 1 0 1 1 1 1 1 1 1 1 ]
d13=5.212867252242 eijMax=9.079E-03 rmsd=1.109E+01 s=[ 0 0 0 1 0 0 0 1 1 1 1 1 0 0 0 1 0 0 0 0 0 0 0 0 ]
d13=5.212867252242 eijMax=1.439E-03 rmsd=7.806E+00 s=[ 0 0 0 1 1 1 1 0 0 0 0 0 1 1 0 0 1 1 1 1 1 1 1 1 ]
d13=5.214594071562 eijMax=5.726E-03 rmsd=7.806E+00 s=[ 0 0 0 0 0 0 0 1 1 1 1 1 0 0 1 1 0 0 0 0 0 0 0 0 ]
d13=5.214594071562 eijMax=9.652E-03 rmsd=1.109E+01 s=[ 0 0 0 0 1 1 1 0 0 0 0 0 1 1 1 0 1 1 1 1 1 1 1 1 ]
d13=5.214594071562 eijMax=9.652E-03 rmsd=1.109E+01 s=[ 0 0 0 1 0 0 0 1 1 1 1 1 0 0 0 1 0 0 0 0 0 0 0 0 ]
d13=5.214594071562 eijMax=5.726E-03 rmsd=7.806E+00 s=[ 0 0 0 1 1 1 1 0 0 0 0 0 1 1 0 0 1 1 1 1 1 1 1 1 ]
d13=5.218047710200 eijMax=5.966E-03 rmsd=1.220E+01 s=[ 0 0 0 0 0 1 1 0 0 1 0 0 1 1 1 0 1 1 1 1 1 1 1 1 ]
d13=5.218047710200 eijMax=5.966E-03 rmsd=1.220E+01 s=[ 0 0 0 1 1 0 0 1 1 0 1 1 0 0 0 1 0 0 0 0 0 0 0 0 ]
d13=5.219774529520 eijMax=3.078E-05 rmsd=1.221E+01 s=[ 0 0 0 0 0 1 1 0 0 1 0 0 1 1 1 0 1 1 1 1 1 1 1 1 ]
d13=5.219774529520 eijMax=3.078E-05 rmsd=1.221E+01 s=[ 0 0 0 1 1 0 0 1 1 0 1 1 0 0 0 1 0 0 0 0 0 0 0 0 ]
d13=5.221501348839 eijMax=5.939E-03 rmsd=1.223E+01 s=[ 0 0 0 0 0 1 1 0 0 1 0 0 1 1 1 0 1 1 1 1 1 1 1 1 ]
d13=5.221501348839 eijMax=5.939E-03 rmsd=1.223E+01 s=[ 0 0 0 1 1 0 0 1 1 0 1 1 0 0 0 1 0 0 0 0 0 0 0 0 ]
d13=5.321656869359 eijMax=8.591E-03 rmsd=7.189E+00 s=[ 0 0 0 0 0 1 1 0 0 0 0 0 1 1 0 1 0 0 0 0 0 0 0 0 ]
d13=5.321656869359 eijMax=8.591E-03 rmsd=7.189E+00 s=[ 0 0 0 1 1 0 0 1 1 1 1 1 0 0 1 0 1 1 1 1 1 1 1 1 ]
d13=5.323383688679 eijMax=4.670E-03 rmsd=7.174E+00 s=[ 0 0 0 0 0 1 1 0 0 0 0 0 1 1 0 1 0 0 0 0 0 0 0 0 ]
d13=5.323383688679 eijMax=4.670E-03 rmsd=7.174E+00 s=[ 0 0 0 1 1 0 0 1 1 1 1 1 0 0 1 0 1 1 1 1 1 1 1 1 ]
d13=5.325110507998 eijMax=7.089E-04 rmsd=7.158E+00 s=[ 0 0 0 0 0 1 1 0 0 0 0 0 1 1 0 1 0 0 0 0 0 0 0 0 ]
d13=5.325110507998 eijMax=7.089E-04 rmsd=7.158E+00 s=[ 0 0 0 1 1 0 0 1 1 1 1 1 0 0 1 0 1 1 1 1 1 1 1 1 ]
d13=5.326837327317 eijMax=3.296E-03 rmsd=7.142E+00 s=[ 0 0 0 0 0 1 1 0 0 0 0 0 1 1 0 1 0 0 0 0 0 0 0 0 ]
d13=5.326837327317 eijMax=3.296E-03 rmsd=7.142E+00 s=[ 0 0 0 1 1 0 0 1 1 1 1 1 0 0 1 0 1 1 1 1 1 1 1 1 ]
d13=5.328564146637 eijMax=7.345E-03 rmsd=7.126E+00 s=[ 0 0 0 0 0 1 1 0 0 0 0 0 1 1 0 1 0 0 0 0 0 0 0 0 ]
d13=5.328564146637 eijMax=7.345E-03 rmsd=7.126E+00 s=[ 0 0 0 1 1 0 0 1 1 1 1 1 0 0 1 0 1 1 1 1 1 1 1 1 ]
d13=5.380368726216 eijMax=4.131E-03 rmsd=1.189E+01 s=[ 0 0 0 0 0 1 1 0 0 0 0 0 1 1 1 0 1 1 1 1 1 1 1 1 ]
d13=5.380368726216 eijMax=4.131E-03 rmsd=1.189E+01 s=[ 0 0 0 1 1 0 0 1 1 1 1 1 0 0 0 1 0 0 0 0 0 0 0 0 ]
d13=5.382095545536 eijMax=4.798E-03 rmsd=1.192E+01 s=[ 0 0 0 0 0 1 1 0 0 0 0 0 1 1 1 0 1 1 1 1 1 1 1 1 ]
d13=5.382095545536 eijMax=4.798E-03 rmsd=1.192E+01 s=[ 0 0 0 1 1 0 0 1 1 1 1 1 0 0 0 1 0 0 0 0 0 0 0 0 ]
d13=5.416631931922 eijMax=9.124E-03 rmsd=1.228E+01 s=[ 0 0 0 0 0 0 0 1 1 0 1 1 0 0 1 0 1 1 1 1 1 1 1 1 ]
d13=5.416631931922 eijMax=9.124E-03 rmsd=1.228E+01 s=[ 0 0 0 1 1 1 1 0 0 1 0 0 1 1 0 1 0 0 0 0 0 0 0 0 ]
d13=5.418358751241 eijMax=6.991E-03 rmsd=1.229E+01 s=[ 0 0 0 0 0 0 0 1 1 0 1 1 0 0 1 0 1 1 1 1 1 1 1 1 ]
d13=5.418358751241 eijMax=6.991E-03 rmsd=1.229E+01 s=[ 0 0 0 1 1 1 1 0 0 1 0 0 1 1 0 1 0 0 0 0 0 0 0 0 ]
d13=5.420085570561 eijMax=4.850E-03 rmsd=1.229E+01 s=[ 0 0 0 0 0 0 0 1 1 0 1 1 0 0 1 0 1 1 1 1 1 1 1 1 ]
d13=5.420085570561 eijMax=4.850E-03 rmsd=1.229E+01 s=[ 0 0 0 1 1 1 1 0 0 1 0 0 1 1 0 1 0 0 0 0 0 0 0 0 ]
d13=5.421812389880 eijMax=2.701E-03 rmsd=1.229E+01 s=[ 0 0 0 0 0 0 0 1 1 0 1 1 0 0 1 0 1 1 1 1 1 1 1 1 ]
d13=5.421812389880 eijMax=2.701E-03 rmsd=1.229E+01 s=[ 0 0 0 1 1 1 1 0 0 1 0 0 1 1 0 1 0 0 0 0 0 0 0 0 ]
d13=5.423539209199 eijMax=5.439E-04 rmsd=1.230E+01 s=[ 0 0 0 0 0 0 0 1 1 0 1 1 0 0 1 0 1 1 1 1 1 1 1 1 ]
d13=5.423539209199 eijMax=5.439E-04 rmsd=1.230E+01 s=[ 0 0 0 1 1 1 1 0 0 1 0 0 1 1 0 1 0 0 0 0 0 0 0 0 ]
d13=5.425266028519 eijMax=1.621E-03 rmsd=1.230E+01 s=[ 0 0 0 0 0 0 0 1 1 0 1 1 0 0 1 0 1 1 1 1 1 1 1 1 ]
d13=5.425266028519 eijMax=1.621E-03 rmsd=1.230E+01 s=[ 0 0 0 1 1 1 1 0 0 1 0 0 1 1 0 1 0 0 0 0 0 0 0 0 ]
d13=5.426992847838 eijMax=3.794E-03 rmsd=1.230E+01 s=[ 0 0 0 0 0 0 0 1 1 0 1 1 0 0 1 0 1 1 1 1 1 1 1 1 ]
d13=5.426992847838 eijMax=3.794E-03 rmsd=1.230E+01 s=[ 0 0 0 1 1 1 1 0 0 1 0 0 1 1 0 1 0 0 0 0 0 0 0 0 ]
d13=5.428719667157 eijMax=5.975E-03 rmsd=1.230E+01 s=[ 0 0 0 0 0 0 0 1 1 0 1 1 0 0 1 0 1 1 1 1 1 1 1 1 ]
d13=5.428719667157 eijMax=5.975E-03 rmsd=1.230E+01 s=[ 0 0 0 1 1 1 1 0 0 1 0 0 1 1 0 1 0 0 0 0 0 0 0 0 ]
d13=5.430446486476 eijMax=8.164E-03 rmsd=1.231E+01 s=[ 0 0 0 0 0 0 0 1 1 0 1 1 0 0 1 0 1 1 1 1 1 1 1 1 ]
d13=5.430446486476 eijMax=8.164E-03 rmsd=1.231E+01 s=[ 0 0 0 1 1 1 1 0 0 1 0 0 1 1 0 1 0 0 0 0 0 0 0 0 ]
d13=5.497792439930 eijMax=9.489E-03 rmsd=1.040E+01 s=[ 0 0 0 0 1 1 1 0 0 1 1 1 0 0 1 1 0 0 0 0 0 0 0 0 ]
d13=5.497792439930 eijMax=9.489E-03 rmsd=1.040E+01 s=[ 0 0 0 1 0 0 0 1 1 0 0 0 1 1 0 0 1 1 1 1 1 1 1 1 ]
d13=5.499519259249 eijMax=7.301E-03 rmsd=1.040E+01 s=[ 0 0 0 0 1 1 1 0 0 1 1 1 0 0 1 1 0 0 0 0 0 0 0 0 ]
d13=5.499519259249 eijMax=7.301E-03 rmsd=1.040E+01 s=[ 0 0 0 1 0 0 0 1 1 0 0 0 1 1 0 0 1 1 1 1 1 1 1 1 ]
d13=5.501246078569 eijMax=5.119E-03 rmsd=1.040E+01 s=[ 0 0 0 0 1 1 1 0 0 1 1 1 0 0 1 1 0 0 0 0 0 0 0 0 ]
d13=5.501246078569 eijMax=5.119E-03 rmsd=1.040E+01 s=[ 0 0 0 1 0 0 0 1 1 0 0 0 1 1 0 0 1 1 1 1 1 1 1 1 ]
d13=5.502972897888 eijMax=2.945E-03 rmsd=1.040E+01 s=[ 0 0 0 0 1 1 1 0 0 1 1 1 0 0 1 1 0 0 0 0 0 0 0 0 ]
d13=5.502972897888 eijMax=2.945E-03 rmsd=1.040E+01 s=[ 0 0 0 1 0 0 0 1 1 0 0 0 1 1 0 0 1 1 1 1 1 1 1 1 ]
d13=5.504699717207 eijMax=7.769E-04 rmsd=1.040E+01 s=[ 0 0 0 0 1 1 1 0 0 1 1 1 0 0 1 1 0 0 0 0 0 0 0 0 ]
d13=5.504699717207 eijMax=7.769E-04 rmsd=1.040E+01 s=[ 0 0 0 1 0 0 0 1 1 0 0 0 1 1 0 0 1 1 1 1 1 1 1 1 ]
d13=5.506426536527 eijMax=1.384E-03 rmsd=1.040E+01 s=[ 0 0 0 0 1 1 1 0 0 1 1 1 0 0 1 1 0 0 0 0 0 0 0 0 ]
d13=5.506426536527 eijMax=1.384E-03 rmsd=1.040E+01 s=[ 0 0 0 1 0 0 0 1 1 0 0 0 1 1 0 0 1 1 1 1 1 1 1 1 ]
d13=5.508153355846 eijMax=3.539E-03 rmsd=1.040E+01 s=[ 0 0 0 0 1 1 1 0 0 1 1 1 0 0 1 1 0 0 0 0 0 0 0 0 ]
d13=5.508153355846 eijMax=3.539E-03 rmsd=1.040E+01 s=[ 0 0 0 1 0 0 0 1 1 0 0 0 1 1 0 0 1 1 1 1 1 1 1 1 ]
d13=5.509880175165 eijMax=5.687E-03 rmsd=1.040E+01 s=[ 0 0 0 0 1 1 1 0 0 1 1 1 0 0 1 1 0 0 0 0 0 0 0 0 ]
d13=5.509880175165 eijMax=5.687E-03 rmsd=1.040E+01 s=[ 0 0 0 1 0 0 0 1 1 0 0 0 1 1 0 0 1 1 1 1 1 1 1 1 ]
d13=5.511606994484 eijMax=7.828E-03 rmsd=1.040E+01 s=[ 0 0 0 0 1 1 1 0 0 1 1 1 0 0 1 1 0 0 0 0 0 0 0 0 ]
d13=5.511606994484 eijMax=7.828E-03 rmsd=1.040E+01 s=[ 0 0 0 1 0 0 0 1 1 0 0 0 1 1 0 0 1 1 1 1 1 1 1 1 ]
d13=5.513333813804 eijMax=9.963E-03 rmsd=1.039E+01 s=[ 0 0 0 0 1 1 1 0 0 1 1 1 0 0 1 1 0 0 0 0 0 0 0 0 ]
d13=5.513333813804 eijMax=9.963E-03 rmsd=1.039E+01 s=[ 0 0 0 1 0 0 0 1 1 0 0 0 1 1 0 0 1 1 1 1 1 1 1 1 ]
d13=5.540962922913 eijMax=8.685E-03 rmsd=7.868E+00 s=[ 0 0 0 0 0 1 1 0 0 1 1 1 0 0 1 1 0 0 0 0 0 0 0 0 ]
d13=5.540962922913 eijMax=8.685E-03 rmsd=7.868E+00 s=[ 0 0 0 1 1 0 0 1 1 0 0 0 1 1 0 0 1 1 1 1 1 1 1 1 ]
d13=5.542689742232 eijMax=5.622E-03 rmsd=7.864E+00 s=[ 0 0 0 0 0 1 1 0 0 1 1 1 0 0 1 1 0 0 0 0 0 0 0 0 ]
d13=5.542689742232 eijMax=5.622E-03 rmsd=7.864E+00 s=[ 0 0 0 1 1 0 0 1 1 0 0 0 1 1 0 0 1 1 1 1 1 1 1 1 ]
d13=5.544416561552 eijMax=2.565E-03 rmsd=7.860E+00 s=[ 0 0 0 0 0 1 1 0 0 1 1 1 0 0 1 1 0 0 0 0 0 0 0 0 ]
d13=5.544416561552 eijMax=2.565E-03 rmsd=7.860E+00 s=[ 0 0 0 1 1 0 0 1 1 0 0 0 1 1 0 0 1 1 1 1 1 1 1 1 ]
d13=5.546143380871 eijMax=4.840E-04 rmsd=7.856E+00 s=[ 0 0 0 0 0 1 1 0 0 1 1 1 0 0 1 1 0 0 0 0 0 0 0 0 ]
d13=5.546143380871 eijMax=4.840E-04 rmsd=7.856E+00 s=[ 0 0 0 1 1 0 0 1 1 0 0 0 1 1 0 0 1 1 1 1 1 1 1 1 ]
d13=5.547870200190 eijMax=3.526E-03 rmsd=7.851E+00 s=[ 0 0 0 0 0 1 1 0 0 1 1 1 0 0 1 1 0 0 0 0 0 0 0 0 ]
d13=5.547870200190 eijMax=3.526E-03 rmsd=7.851E+00 s=[ 0 0 0 1 1 0 0 1 1 0 0 0 1 1 0 0 1 1 1 1 1 1 1 1 ]
d13=5.549597019510 eijMax=6.561E-03 rmsd=7.847E+00 s=[ 0 0 0 0 0 1 1 0 0 1 1 1 0 0 1 1 0 0 0 0 0 0 0 0 ]
d13=5.549597019510 eijMax=6.561E-03 rmsd=7.847E+00 s=[ 0 0 0 1 1 0 0 1 1 0 0 0 1 1 0 0 1 1 1 1 1 1 1 1 ]
d13=5.551323838829 eijMax=9.589E-03 rmsd=7.843E+00 s=[ 0 0 0 0 0 1 1 0 0 1 1 1 0 0 1 1 0 0 0 0 0 0 0 0 ]
d13=5.551323838829 eijMax=9.589E-03 rmsd=7.843E+00 s=[ 0 0 0 1 1 0 0 1 1 0 0 0 1 1 0 0 1 1 1 1 1 1 1 1 ]
d13=5.566865212703 eijMax=8.271E-03 rmsd=6.749E+00 s=[ 0 0 0 0 0 0 0 1 1 1 0 0 1 1 1 1 0 0 0 0 0 0 0 0 ]
d13=5.566865212703 eijMax=8.271E-03 rmsd=6.749E+00 s=[ 0 0 0 1 1 1 1 0 0 0 1 1 0 0 0 0 1 1 1 1 1 1 1 1 ]
d13=5.568592032022 eijMax=4.103E-03 rmsd=6.752E+00 s=[ 0 0 0 0 0 0 0 1 1 1 0 0 1 1 1 1 0 0 0 0 0 0 0 0 ]
d13=5.568592032022 eijMax=4.103E-03 rmsd=6.752E+00 s=[ 0 0 0 1 1 1 1 0 0 0 1 1 0 0 0 0 1 1 1 1 1 1 1 1 ]
d13=5.570318851341 eijMax=2.821E-05 rmsd=6.755E+00 s=[ 0 0 0 0 0 0 0 1 1 1 0 0 1 1 1 1 0 0 0 0 0 0 0 0 ]
d13=5.570318851341 eijMax=2.821E-05 rmsd=6.755E+00 s=[ 0 0 0 1 1 1 1 0 0 0 1 1 0 0 0 0 1 1 1 1 1 1 1 1 ]
d13=5.572045670661 eijMax=4.121E-03 rmsd=6.758E+00 s=[ 0 0 0 0 0 0 0 1 1 1 0 0 1 1 1 1 0 0 0 0 0 0 0 0 ]
d13=5.572045670661 eijMax=4.121E-03 rmsd=6.758E+00 s=[ 0 0 0 1 1 1 1 0 0 0 1 1 0 0 0 0 1 1 1 1 1 1 1 1 ]
d13=5.573772489980 eijMax=8.176E-03 rmsd=6.761E+00 s=[ 0 0 0 0 0 0 0 1 1 1 0 0 1 1 1 1 0 0 0 0 0 0 0 0 ]
d13=5.573772489980 eijMax=8.176E-03 rmsd=6.761E+00 s=[ 0 0 0 1 1 1 1 0 0 0 1 1 0 0 0 0 1 1 1 1 1 1 1 1 ]
d13=5.599674779770 eijMax=7.731E-03 rmsd=7.210E+00 s=[ 0 0 0 0 1 0 0 1 1 0 0 0 1 1 0 1 0 0 0 0 0 0 0 0 ]
d13=5.599674779770 eijMax=7.731E-03 rmsd=7.210E+00 s=[ 0 0 0 1 0 1 1 0 0 1 1 1 0 0 1 0 1 1 1 1 1 1 1 1 ]
d13=5.601401599089 eijMax=3.066E-03 rmsd=7.209E+00 s=[ 0 0 0 0 1 0 0 1 1 0 0 0 1 1 0 1 0 0 0 0 0 0 0 0 ]
d13=5.601401599089 eijMax=3.066E-03 rmsd=7.209E+00 s=[ 0 0 0 1 0 1 1 0 0 1 1 1 0 0 1 0 1 1 1 1 1 1 1 1 ]
d13=5.603128418408 eijMax=1.577E-03 rmsd=7.208E+00 s=[ 0 0 0 0 1 0 0 1 1 0 0 0 1 1 0 1 0 0 0 0 0 0 0 0 ]
d13=5.603128418408 eijMax=1.577E-03 rmsd=7.208E+00 s=[ 0 0 0 1 0 1 1 0 0 1 1 1 0 0 1 0 1 1 1 1 1 1 1 1 ]
d13=5.604855237728 eijMax=6.198E-03 rmsd=7.207E+00 s=[ 0 0 0 0 1 0 0 1 1 0 0 0 1 1 0 1 0 0 0 0 0 0 0 0 ]
d13=5.604855237728 eijMax=6.198E-03 rmsd=7.207E+00 s=[ 0 0 0 1 0 1 1 0 0 1 1 1 0 0 1 0 1 1 1 1 1 1 1 1 ]
d13=5.616942972963 eijMax=8.903E-03 rmsd=9.126E+00 s=[ 0 0 0 0 1 0 0 1 1 1 1 1 0 0 1 1 0 0 0 0 0 0 0 0 ]
d13=5.616942972963 eijMax=8.903E-03 rmsd=9.126E+00 s=[ 0 0 0 1 0 1 1 0 0 0 0 0 1 1 0 0 1 1 1 1 1 1 1 1 ]
d13=5.618669792282 eijMax=7.093E-03 rmsd=9.126E+00 s=[ 0 0 0 0 1 0 0 1 1 1 1 1 0 0 1 1 0 0 0 0 0 0 0 0 ]
d13=5.618669792282 eijMax=7.093E-03 rmsd=9.126E+00 s=[ 0 0 0 1 0 1 1 0 0 0 0 0 1 1 0 0 1 1 1 1 1 1 1 1 ]
d13=5.620396611602 eijMax=5.286E-03 rmsd=9.126E+00 s=[ 0 0 0 0 1 0 0 1 1 1 1 1 0 0 1 1 0 0 0 0 0 0 0 0 ]
d13=5.620396611602 eijMax=5.286E-03 rmsd=9.126E+00 s=[ 0 0 0 1 0 1 1 0 0 0 0 0 1 1 0 0 1 1 1 1 1 1 1 1 ]
d13=5.622123430921 eijMax=3.480E-03 rmsd=9.126E+00 s=[ 0 0 0 0 1 0 0 1 1 1 1 1 0 0 1 1 0 0 0 0 0 0 0 0 ]
d13=5.622123430921 eijMax=3.480E-03 rmsd=9.126E+00 s=[ 0 0 0 1 0 1 1 0 0 0 0 0 1 1 0 0 1 1 1 1 1 1 1 1 ]
d13=5.623850250240 eijMax=1.676E-03 rmsd=9.126E+00 s=[ 0 0 0 0 1 0 0 1 1 1 1 1 0 0 1 1 0 0 0 0 0 0 0 0 ]
d13=5.623850250240 eijMax=1.676E-03 rmsd=9.126E+00 s=[ 0 0 0 1 0 1 1 0 0 0 0 0 1 1 0 0 1 1 1 1 1 1 1 1 ]
d13=5.625577069560 eijMax=1.262E-04 rmsd=9.125E+00 s=[ 0 0 0 0 1 0 0 1 1 1 1 1 0 0 1 1 0 0 0 0 0 0 0 0 ]
d13=5.625577069560 eijMax=1.262E-04 rmsd=9.125E+00 s=[ 0 0 0 1 0 1 1 0 0 0 0 0 1 1 0 0 1 1 1 1 1 1 1 1 ]
d13=5.627303888879 eijMax=1.927E-03 rmsd=9.125E+00 s=[ 0 0 0 0 1 0 0 1 1 1 1 1 0 0 1 1 0 0 0 0 0 0 0 0 ]
d13=5.627303888879 eijMax=1.927E-03 rmsd=9.125E+00 s=[ 0 0 0 1 0 1 1 0 0 0 0 0 1 1 0 0 1 1 1 1 1 1 1 1 ]
d13=5.629030708198 eijMax=3.725E-03 rmsd=9.125E+00 s=[ 0 0 0 0 1 0 0 1 1 1 1 1 0 0 1 1 0 0 0 0 0 0 0 0 ]
d13=5.629030708198 eijMax=3.725E-03 rmsd=9.125E+00 s=[ 0 0 0 1 0 1 1 0 0 0 0 0 1 1 0 0 1 1 1 1 1 1 1 1 ]
d13=5.630757527518 eijMax=5.522E-03 rmsd=9.125E+00 s=[ 0 0 0 0 1 0 0 1 1 1 1 1 0 0 1 1 0 0 0 0 0 0 0 0 ]
d13=5.630757527518 eijMax=5.522E-03 rmsd=9.125E+00 s=[ 0 0 0 1 0 1 1 0 0 0 0 0 1 1 0 0 1 1 1 1 1 1 1 1 ]
d13=5.632484346837 eijMax=7.317E-03 rmsd=9.125E+00 s=[ 0 0 0 0 1 0 0 1 1 1 1 1 0 0 1 1 0 0 0 0 0 0 0 0 ]
d13=5.632484346837 eijMax=7.317E-03 rmsd=9.125E+00 s=[ 0 0 0 1 0 1 1 0 0 0 0 0 1 1 0 0 1 1 1 1 1 1 1 1 ]
d13=5.634211166156 eijMax=9.111E-03 rmsd=9.124E+00 s=[ 0 0 0 0 1 0 0 1 1 1 1 1 0 0 1 1 0 0 0 0 0 0 0 0 ]
d13=5.634211166156 eijMax=9.111E-03 rmsd=9.124E+00 s=[ 0 0 0 1 0 1 1 0 0 0 0 0 1 1 0 0 1 1 1 1 1 1 1 1 ]
d13=5.677381649139 eijMax=5.936E-03 rmsd=4.638E+00 s=[ 0 0 0 0 0 0 0 1 1 1 1 1 0 0 0 1 0 0 0 0 0 0 0 0 ]
d13=5.677381649139 eijMax=5.936E-03 rmsd=4.638E+00 s=[ 0 0 0 1 1 1 1 0 0 0 0 0 1 1 1 0 1 1 1 1 1 1 1 1 ]
d13=5.679108468458 eijMax=4.090E-03 rmsd=4.667E+00 s=[ 0 0 0 0 0 0 0 1 1 1 1 1 0 0 0 1 0 0 0 0 0 0 0 0 ]
d13=5.679108468458 eijMax=4.090E-03 rmsd=4.667E+00 s=[ 0 0 0 1 1 1 1 0 0 0 0 0 1 1 1 0 1 1 1 1 1 1 1 1 ]
d13=5.865604954945 eijMax=8.970E-03 rmsd=1.016E+01 s=[ 0 0 0 0 1 1 1 0 0 0 1 1 0 0 1 1 0 0 0 0 0 0 0 0 ]
d13=5.865604954945 eijMax=8.970E-03 rmsd=1.016E+01 s=[ 0 0 0 1 0 0 0 1 1 1 0 0 1 1 0 0 1 1 1 1 1 1 1 1 ]
d13=5.867331774264 eijMax=7.020E-03 rmsd=1.016E+01 s=[ 0 0 0 0 1 1 1 0 0 0 1 1 0 0 1 1 0 0 0 0 0 0 0 0 ]
d13=5.867331774264 eijMax=7.020E-03 rmsd=1.016E+01 s=[ 0 0 0 1 0 0 0 1 1 1 0 0 1 1 0 0 1 1 1 1 1 1 1 1 ]
d13=5.869058593584 eijMax=5.071E-03 rmsd=1.016E+01 s=[ 0 0 0 0 1 1 1 0 0 0 1 1 0 0 1 1 0 0 0 0 0 0 0 0 ]
d13=5.869058593584 eijMax=5.071E-03 rmsd=1.016E+01 s=[ 0 0 0 1 0 0 0 1 1 1 0 0 1 1 0 0 1 1 1 1 1 1 1 1 ]
d13=5.870785412903 eijMax=3.123E-03 rmsd=1.016E+01 s=[ 0 0 0 0 1 1 1 0 0 0 1 1 0 0 1 1 0 0 0 0 0 0 0 0 ]
d13=5.870785412903 eijMax=3.123E-03 rmsd=1.016E+01 s=[ 0 0 0 1 0 0 0 1 1 1 0 0 1 1 0 0 1 1 1 1 1 1 1 1 ]
d13=5.872512232222 eijMax=1.176E-03 rmsd=1.016E+01 s=[ 0 0 0 0 1 1 1 0 0 0 1 1 0 0 1 1 0 0 0 0 0 0 0 0 ]
d13=5.872512232222 eijMax=1.176E-03 rmsd=1.016E+01 s=[ 0 0 0 1 0 0 0 1 1 1 0 0 1 1 0 0 1 1 1 1 1 1 1 1 ]
d13=5.874239051542 eijMax=7.704E-04 rmsd=1.016E+01 s=[ 0 0 0 0 1 1 1 0 0 0 1 1 0 0 1 1 0 0 0 0 0 0 0 0 ]
d13=5.874239051542 eijMax=7.704E-04 rmsd=1.016E+01 s=[ 0 0 0 1 0 0 0 1 1 1 0 0 1 1 0 0 1 1 1 1 1 1 1 1 ]
d13=5.875965870861 eijMax=2.716E-03 rmsd=1.016E+01 s=[ 0 0 0 0 1 1 1 0 0 0 1 1 0 0 1 1 0 0 0 0 0 0 0 0 ]
d13=5.875965870861 eijMax=2.716E-03 rmsd=1.016E+01 s=[ 0 0 0 1 0 0 0 1 1 1 0 0 1 1 0 0 1 1 1 1 1 1 1 1 ]
d13=5.877692690180 eijMax=4.660E-03 rmsd=1.016E+01 s=[ 0 0 0 0 1 1 1 0 0 0 1 1 0 0 1 1 0 0 0 0 0 0 0 0 ]
d13=5.877692690180 eijMax=4.660E-03 rmsd=1.016E+01 s=[ 0 0 0 1 0 0 0 1 1 1 0 0 1 1 0 0 1 1 1 1 1 1 1 1 ]
d13=5.879419509499 eijMax=6.603E-03 rmsd=1.016E+01 s=[ 0 0 0 0 1 1 1 0 0 0 1 1 0 0 1 1 0 0 0 0 0 0 0 0 ]
d13=5.879419509499 eijMax=6.603E-03 rmsd=1.016E+01 s=[ 0 0 0 1 0 0 0 1 1 1 0 0 1 1 0 0 1 1 1 1 1 1 1 1 ]
d13=5.881146328819 eijMax=8.545E-03 rmsd=1.016E+01 s=[ 0 0 0 0 1 1 1 0 0 0 1 1 0 0 1 1 0 0 0 0 0 0 0 0 ]
d13=5.881146328819 eijMax=8.545E-03 rmsd=1.016E+01 s=[ 0 0 0 1 0 0 0 1 1 1 0 0 1 1 0 0 1 1 1 1 1 1 1 1 ]
d13=5.946765462953 eijMax=6.190E-03 rmsd=3.935E+00 s=[ 0 0 0 0 0 0 0 1 1 1 1 1 0 0 1 1 0 0 0 0 0 0 0 0 ]
d13=5.946765462953 eijMax=6.190E-03 rmsd=3.935E+00 s=[ 0 0 0 1 1 1 1 0 0 0 0 0 1 1 0 0 1 1 1 1 1 1 1 1 ]
d13=6.065915995986 eijMax=6.354E-03 rmsd=6.669E+00 s=[ 0 0 0 0 0 1 1 0 0 1 0 0 1 1 1 1 0 0 0 0 0 0 0 0 ]
d13=6.065915995986 eijMax=6.354E-03 rmsd=6.669E+00 s=[ 0 0 0 1 1 0 0 1 1 0 1 1 0 0 0 0 1 1 1 1 1 1 1 1 ]
d13=6.067642815305 eijMax=1.777E-03 rmsd=6.668E+00 s=[ 0 0 0 0 0 1 1 0 0 1 0 0 1 1 1 1 0 0 0 0 0 0 0 0 ]
d13=6.067642815305 eijMax=1.777E-03 rmsd=6.668E+00 s=[ 0 0 0 1 1 0 0 1 1 0 1 1 0 0 0 0 1 1 1 1 1 1 1 1 ]
d13=6.069369634625 eijMax=2.798E-03 rmsd=6.668E+00 s=[ 0 0 0 0 0 1 1 0 0 1 0 0 1 1 1 1 0 0 0 0 0 0 0 0 ]
d13=6.069369634625 eijMax=2.798E-03 rmsd=6.668E+00 s=[ 0 0 0 1 1 0 0 1 1 0 1 1 0 0 0 0 1 1 1 1 1 1 1 1 ]
d13=6.071096453944 eijMax=7.370E-03 rmsd=6.667E+00 s=[ 0 0 0 0 0 1 1 0 0 1 0 0 1 1 1 1 0 0 0 0 0 0 0 0 ]
d13=6.071096453944 eijMax=7.370E-03 rmsd=6.667E+00 s=[ 0 0 0 1 1 0 0 1 1 0 1 1 0 0 0 0 1 1 1 1 1 1 1 1 ]
d13=6.261046579069 eijMax=9.399E-03 rmsd=7.005E+00 s=[ 0 0 0 0 0 0 0 1 1 0 1 1 0 0 1 1 0 0 0 0 0 0 0 0 ]
d13=6.261046579069 eijMax=9.399E-03 rmsd=7.005E+00 s=[ 0 0 0 1 1 1 1 0 0 1 0 0 1 1 0 0 1 1 1 1 1 1 1 1 ]
d13=6.262773398388 eijMax=4.836E-03 rmsd=7.016E+00 s=[ 0 0 0 0 0 0 0 1 1 0 1 1 0 0 1 1 0 0 0 0 0 0 0 0 ]
d13=6.262773398388 eijMax=4.836E-03 rmsd=7.016E+00 s=[ 0 0 0 1 1 1 1 0 0 1 0 0 1 1 0 0 1 1 1 1 1 1 1 1 ]
d13=6.264500217708 eijMax=2.809E-04 rmsd=7.026E+00 s=[ 0 0 0 0 0 0 0 1 1 0 1 1 0 0 1 1 0 0 0 0 0 0 0 0 ]
d13=6.264500217708 eijMax=2.809E-04 rmsd=7.026E+00 s=[ 0 0 0 1 1 1 1 0 0 1 0 0 1 1 0 0 1 1 1 1 1 1 1 1 ]
d13=6.266227037027 eijMax=4.266E-03 rmsd=7.037E+00 s=[ 0 0 0 0 0 0 0 1 1 0 1 1 0 0 1 1 0 0 0 0 0 0 0 0 ]
d13=6.266227037027 eijMax=4.266E-03 rmsd=7.037E+00 s=[ 0 0 0 1 1 1 1 0 0 1 0 0 1 1 0 0 1 1 1 1 1 1 1 1 ]
d13=6.267953856346 eijMax=8.804E-03 rmsd=7.047E+00 s=[ 0 0 0 0 0 0 0 1 1 0 1 1 0 0 1 1 0 0 0 0 0 0 0 0 ]
d13=6.267953856346 eijMax=8.804E-03 rmsd=7.047E+00 s=[ 0 0 0 1 1 1 1 0 0 1 0 0 1 1 0 0 1 1 1 1 1 1 1 1 ]
d13=6.387104389379 eijMax=2.645E-03 rmsd=1.393E+00 s=[ 0 0 0 0 0 1 1 0 0 1 1 1 0 0 1 1 0 0 0 0 0 0 0 0 ]
d13=6.387104389379 eijMax=2.645E-03 rmsd=1.393E+00 s=[ 0 0 0 1 1 0 0 1 1 0 0 0 1 1 0 0 1 1 1 1 1 1 1 1 ]
d13=6.416460317808 eijMax=8.041E-03 rmsd=9.279E+00 s=[ 0 0 0 0 1 1 1 0 0 1 0 0 1 1 1 1 0 0 0 0 0 0 0 0 ]
d13=6.416460317808 eijMax=8.041E-03 rmsd=9.279E+00 s=[ 0 0 0 1 0 0 0 1 1 0 1 1 0 0 0 0 1 1 1 1 1 1 1 1 ]
d13=6.418187137127 eijMax=5.818E-03 rmsd=9.279E+00 s=[ 0 0 0 0 1 1 1 0 0 1 0 0 1 1 1 1 0 0 0 0 0 0 0 0 ]
d13=6.418187137127 eijMax=5.818E-03 rmsd=9.279E+00 s=[ 0 0 0 1 0 0 0 1 1 0 1 1 0 0 0 0 1 1 1 1 1 1 1 1 ]
d13=6.419913956446 eijMax=3.599E-03 rmsd=9.278E+00 s=[ 0 0 0 0 1 1 1 0 0 1 0 0 1 1 1 1 0 0 0 0 0 0 0 0 ]
d13=6.419913956446 eijMax=3.599E-03 rmsd=9.278E+00 s=[ 0 0 0 1 0 0 0 1 1 0 1 1 0 0 0 0 1 1 1 1 1 1 1 1 ]
d13=6.421640775766 eijMax=1.382E-03 rmsd=9.277E+00 s=[ 0 0 0 0 1 1 1 0 0 1 0 0 1 1 1 1 0 0 0 0 0 0 0 0 ]
d13=6.421640775766 eijMax=1.382E-03 rmsd=9.277E+00 s=[ 0 0 0 1 0 0 0 1 1 0 1 1 0 0 0 0 1 1 1 1 1 1 1 1 ]
d13=6.423367595085 eijMax=8.311E-04 rmsd=9.276E+00 s=[ 0 0 0 0 1 1 1 0 0 1 0 0 1 1 1 1 0 0 0 0 0 0 0 0 ]
d13=6.423367595085 eijMax=8.311E-04 rmsd=9.276E+00 s=[ 0 0 0 1 0 0 0 1 1 0 1 1 0 0 0 0 1 1 1 1 1 1 1 1 ]
d13=6.425094414404 eijMax=3.041E-03 rmsd=9.275E+00 s=[ 0 0 0 0 1 1 1 0 0 1 0 0 1 1 1 1 0 0 0 0 0 0 0 0 ]
d13=6.425094414404 eijMax=3.041E-03 rmsd=9.275E+00 s=[ 0 0 0 1 0 0 0 1 1 0 1 1 0 0 0 0 1 1 1 1 1 1 1 1 ]
d13=6.426821233724 eijMax=5.248E-03 rmsd=9.274E+00 s=[ 0 0 0 0 1 1 1 0 0 1 0 0 1 1 1 1 0 0 0 0 0 0 0 0 ]
d13=6.426821233724 eijMax=5.248E-03 rmsd=9.274E+00 s=[ 0 0 0 1 0 0 0 1 1 0 1 1 0 0 0 0 1 1 1 1 1 1 1 1 ]
d13=6.428548053043 eijMax=7.451E-03 rmsd=9.273E+00 s=[ 0 0 0 0 1 1 1 0 0 1 0 0 1 1 1 1 0 0 0 0 0 0 0 0 ]
d13=6.428548053043 eijMax=7.451E-03 rmsd=9.273E+00 s=[ 0 0 0 1 0 0 0 1 1 0 1 1 0 0 0 0 1 1 1 1 1 1 1 1 ]
d13=6.430274872362 eijMax=9.650E-03 rmsd=9.272E+00 s=[ 0 0 0 0 1 1 1 0 0 1 0 0 1 1 1 1 0 0 0 0 0 0 0 0 ]
d13=6.430274872362 eijMax=9.650E-03 rmsd=9.272E+00 s=[ 0 0 0 1 0 0 0 1 1 0 1 1 0 0 0 0 1 1 1 1 1 1 1 1 ]
d13=6.445816246236 eijMax=9.825E-03 rmsd=8.997E+00 s=[ 0 0 0 0 1 0 0 1 1 0 1 1 0 0 1 1 0 0 0 0 0 0 0 0 ]
d13=6.445816246236 eijMax=9.825E-03 rmsd=8.997E+00 s=[ 0 0 0 1 0 1 1 0 0 1 0 0 1 1 0 0 1 1 1 1 1 1 1 1 ]
d13=6.447543065556 eijMax=7.120E-03 rmsd=8.995E+00 s=[ 0 0 0 0 1 0 0 1 1 0 1 1 0 0 1 1 0 0 0 0 0 0 0 0 ]
d13=6.447543065556 eijMax=7.120E-03 rmsd=8.995E+00 s=[ 0 0 0 1 0 1 1 0 0 1 0 0 1 1 0 0 1 1 1 1 1 1 1 1 ]
d13=6.449269884875 eijMax=4.413E-03 rmsd=8.992E+00 s=[ 0 0 0 0 1 0 0 1 1 0 1 1 0 0 1 1 0 0 0 0 0 0 0 0 ]
d13=6.449269884875 eijMax=6.464E-03 rmsd=9.278E+00 s=[ 0 0 0 0 1 0 0 1 1 1 0 0 1 1 1 1 0 0 0 0 0 0 0 0 ]
d13=6.449269884875 eijMax=6.464E-03 rmsd=9.278E+00 s=[ 0 0 0 1 0 1 1 0 0 0 1 1 0 0 0 0 1 1 1 1 1 1 1 1 ]
d13=6.449269884875 eijMax=4.413E-03 rmsd=8.992E+00 s=[ 0 0 0 1 0 1 1 0 0 1 0 0 1 1 0 0 1 1 1 1 1 1 1 1 ]
d13=6.450996704194 eijMax=1.702E-03 rmsd=8.990E+00 s=[ 0 0 0 0 1 0 0 1 1 0 1 1 0 0 1 1 0 0 0 0 0 0 0 0 ]
d13=6.450996704194 eijMax=2.858E-03 rmsd=9.275E+00 s=[ 0 0 0 0 1 0 0 1 1 1 0 0 1 1 1 1 0 0 0 0 0 0 0 0 ]
d13=6.450996704194 eijMax=2.858E-03 rmsd=9.275E+00 s=[ 0 0 0 1 0 1 1 0 0 0 1 1 0 0 0 0 1 1 1 1 1 1 1 1 ]
d13=6.450996704194 eijMax=1.702E-03 rmsd=8.990E+00 s=[ 0 0 0 1 0 1 1 0 0 1 0 0 1 1 0 0 1 1 1 1 1 1 1 1 ]
d13=6.452723523514 eijMax=1.011E-03 rmsd=8.987E+00 s=[ 0 0 0 0 1 0 0 1 1 0 1 1 0 0 1 1 0 0 0 0 0 0 0 0 ]
d13=6.452723523514 eijMax=7.587E-04 rmsd=9.272E+00 s=[ 0 0 0 0 1 0 0 1 1 1 0 0 1 1 1 1 0 0 0 0 0 0 0 0 ]
d13=6.452723523514 eijMax=7.587E-04 rmsd=9.272E+00 s=[ 0 0 0 1 0 1 1 0 0 0 1 1 0 0 0 0 1 1 1 1 1 1 1 1 ]
d13=6.452723523514 eijMax=1.011E-03 rmsd=8.987E+00 s=[ 0 0 0 1 0 1 1 0 0 1 0 0 1 1 0 0 1 1 1 1 1 1 1 1 ]
d13=6.454450342833 eijMax=3.726E-03 rmsd=8.985E+00 s=[ 0 0 0 0 1 0 0 1 1 0 1 1 0 0 1 1 0 0 0 0 0 0 0 0 ]
d13=6.454450342833 eijMax=4.386E-03 rmsd=9.269E+00 s=[ 0 0 0 0 1 0 0 1 1 1 0 0 1 1 1 1 0 0 0 0 0 0 0 0 ]
d13=6.454450342833 eijMax=4.386E-03 rmsd=9.269E+00 s=[ 0 0 0 1 0 1 1 0 0 0 1 1 0 0 0 0 1 1 1 1 1 1 1 1 ]
d13=6.454450342833 eijMax=3.726E-03 rmsd=8.985E+00 s=[ 0 0 0 1 0 1 1 0 0 1 0 0 1 1 0 0 1 1 1 1 1 1 1 1 ]
d13=6.456177162152 eijMax=6.445E-03 rmsd=8.983E+00 s=[ 0 0 0 0 1 0 0 1 1 0 1 1 0 0 1 1 0 0 0 0 0 0 0 0 ]
d13=6.456177162152 eijMax=8.024E-03 rmsd=9.266E+00 s=[ 0 0 0 0 1 0 0 1 1 1 0 0 1 1 1 1 0 0 0 0 0 0 0 0 ]
d13=6.456177162152 eijMax=8.024E-03 rmsd=9.266E+00 s=[ 0 0 0 1 0 1 1 0 0 0 1 1 0 0 0 0 1 1 1 1 1 1 1 1 ]
d13=6.456177162152 eijMax=6.445E-03 rmsd=8.983E+00 s=[ 0 0 0 1 0 1 1 0 0 1 0 0 1 1 0 0 1 1 1 1 1 1 1 1 ]
d13=6.457903981471 eijMax=9.167E-03 rmsd=8.980E+00 s=[ 0 0 0 0 1 0 0 1 1 0 1 1 0 0 1 1 0 0 0 0 0 0 0 0 ]
d13=6.457903981471 eijMax=9.167E-03 rmsd=8.980E+00 s=[ 0 0 0 1 0 1 1 0 0 1 0 0 1 1 0 0 1 1 1 1 1 1 1 1 ]
d13=6.487259909900 eijMax=6.274E-03 rmsd=7.621E+00 s=[ 0 0 0 0 1 0 0 1 1 0 0 0 1 1 1 1 0 0 0 0 0 0 0 0 ]
d13=6.487259909900 eijMax=6.274E-03 rmsd=7.621E+00 s=[ 0 0 0 1 0 1 1 0 0 1 1 1 0 0 0 0 1 1 1 1 1 1 1 1 ]
d13=6.488986729219 eijMax=1.683E-03 rmsd=7.614E+00 s=[ 0 0 0 0 1 0 0 1 1 0 0 0 1 1 1 1 0 0 0 0 0 0 0 0 ]
d13=6.488986729219 eijMax=1.683E-03 rmsd=7.614E+00 s=[ 0 0 0 1 0 1 1 0 0 1 1 1 0 0 0 0 1 1 1 1 1 1 1 1 ]
d13=6.490713548539 eijMax=2.938E-03 rmsd=7.608E+00 s=[ 0 0 0 0 1 0 0 1 1 0 0 0 1 1 1 1 0 0 0 0 0 0 0 0 ]
d13=6.490713548539 eijMax=2.938E-03 rmsd=7.608E+00 s=[ 0 0 0 1 0 1 1 0 0 1 1 1 0 0 0 0 1 1 1 1 1 1 1 1 ]
d13=6.492440367858 eijMax=7.590E-03 rmsd=7.601E+00 s=[ 0 0 0 0 1 0 0 1 1 0 0 0 1 1 1 1 0 0 0 0 0 0 0 0 ]
d13=6.492440367858 eijMax=7.590E-03 rmsd=7.601E+00 s=[ 0 0 0 1 0 1 1 0 0 1 1 1 0 0 0 0 1 1 1 1 1 1 1 1 ]
d13=6.525249934925 eijMax=4.041E-03 rmsd=2.112E-02 s=[ 0 0 0 0 0 1 1 0 0 1 1 1 0 0 1 1 0 0 0 0 0 0 0 0 ]
d13=6.525249934925 eijMax=4.041E-03 rmsd=2.112E-02 s=[ 0 0 0 1 1 0 0 1 1 0 0 0 1 1 0 0 1 1 1 1 1 1 1 1 ]
d13=6.526976754244 eijMax=3.086E-03 rmsd=1.617E-02 s=[ 0 0 0 0 0 1 1 0 0 1 1 1 0 0 1 1 0 0 0 0 0 0 0 0 ]
d13=6.526976754244 eijMax=3.086E-03 rmsd=1.617E-02 s=[ 0 0 0 1 1 0 0 1 1 0 0 0 1 1 0 0 1 1 1 1 1 1 1 1 ]
d13=6.537337670160 eijMax=1.361E-04 rmsd=4.874E+00 s=[ 0 0 0 0 0 1 1 0 0 0 1 1 0 0 1 1 0 0 0 0 0 0 0 0 ]
d13=6.537337670160 eijMax=9.742E-03 rmsd=9.128E+00 s=[ 0 0 0 0 1 1 1 0 0 0 0 0 1 1 1 1 0 0 0 0 0 0 0 0 ]
d13=6.537337670160 eijMax=9.742E-03 rmsd=9.128E+00 s=[ 0 0 0 1 0 0 0 1 1 1 1 1 0 0 0 0 1 1 1 1 1 1 1 1 ]
d13=6.537337670160 eijMax=1.361E-04 rmsd=4.874E+00 s=[ 0 0 0 1 1 0 0 1 1 1 0 0 1 1 0 0 1 1 1 1 1 1 1 1 ]
d13=6.539064489479 eijMax=3.272E-03 rmsd=9.131E+00 s=[ 0 0 0 0 1 1 1 0 0 0 0 0 1 1 1 1 0 0 0 0 0 0 0 0 ]
d13=6.539064489479 eijMax=3.272E-03 rmsd=9.131E+00 s=[ 0 0 0 1 0 0 0 1 1 1 1 1 0 0 0 0 1 1 1 1 1 1 1 1 ]
d13=6.540791308799 eijMax=3.360E-03 rmsd=9.133E+00 s=[ 0 0 0 0 1 1 1 0 0 0 0 0 1 1 1 1 0 0 0 0 0 0 0 0 ]
d13=6.540791308799 eijMax=3.360E-03 rmsd=9.133E+00 s=[ 0 0 0 1 0 0 0 1 1 1 1 1 0 0 0 0 1 1 1 1 1 1 1 1 ]
d13=6.583961791782 eijMax=4.174E-03 rmsd=7.166E+00 s=[ 0 0 0 0 0 0 0 1 1 0 0 0 1 1 1 1 0 0 0 0 0 0 0 0 ]
d13=6.583961791782 eijMax=4.174E-03 rmsd=7.166E+00 s=[ 0 0 0 1 1 1 1 0 0 1 1 1 0 0 0 0 1 1 1 1 1 1 1 1 ]
d13=6.585688611101 eijMax=4.325E-03 rmsd=7.194E+00 s=[ 0 0 0 0 0 0 0 1 1 0 0 0 1 1 1 1 0 0 0 0 0 0 0 0 ]
d13=6.585688611101 eijMax=4.325E-03 rmsd=7.194E+00 s=[ 0 0 0 1 1 1 1 0 0 1 1 1 0 0 0 0 1 1 1 1 1 1 1 1 ]
d13=6.597776346336 eijMax=5.930E-03 rmsd=3.560E+00 s=[ 0 0 0 0 0 1 1 0 0 0 0 0 1 1 1 1 0 0 0 0 0 0 0 0 ]
d13=6.597776346336 eijMax=5.930E-03 rmsd=3.560E+00 s=[ 0 0 0 1 1 0 0 1 1 1 1 1 0 0 0 0 1 1 1 1 1 1 1 1 ]
d13=6.599503165656 eijMax=1.331E-04 rmsd=3.615E+00 s=[ 0 0 0 0 0 1 1 0 0 0 0 0 1 1 1 1 0 0 0 0 0 0 0 0 ]
d13=6.599503165656 eijMax=1.331E-04 rmsd=3.615E+00 s=[ 0 0 0 1 1 0 0 1 1 1 1 1 0 0 0 0 1 1 1 1 1 1 1 1 ]
d13=6.601229984975 eijMax=5.382E-03 rmsd=3.671E+00 s=[ 0 0 0 0 0 1 1 0 0 0 0 0 1 1 1 1 0 0 0 0 0 0 0 0 ]
d13=6.601229984975 eijMax=5.382E-03 rmsd=3.671E+00 s=[ 0 0 0 1 1 0 0 1 1 1 1 1 0 0 0 0 1 1 1 1 1 1 1 1 ]
d13=6.602956804294 eijMax=9.830E-03 rmsd=3.727E+00 s=[ 0 0 0 0 0 1 1 0 0 0 0 0 1 1 1 1 0 0 0 0 0 0 0 0 ]
d13=6.602956804294 eijMax=9.830E-03 rmsd=3.727E+00 s=[ 0 0 0 1 1 0 0 1 1 1 1 1 0 0 0 0 1 1 1 1 1 1 1 1 ]
d13=6.621951816807 eijMax=7.191E-03 rmsd=4.388E+00 s=[ 0 0 0 0 0 1 1 0 0 0 0 0 1 1 1 1 0 0 0 0 0 0 0 0 ]
d13=6.621951816807 eijMax=7.191E-03 rmsd=4.388E+00 s=[ 0 0 0 1 1 0 0 1 1 1 1 1 0 0 0 0 1 1 1 1 1 1 1 1 ]
d13=6.623678636126 eijMax=2.038E-03 rmsd=4.454E+00 s=[ 0 0 0 0 0 1 1 0 0 0 0 0 1 1 1 1 0 0 0 0 0 0 0 0 ]
d13=6.623678636126 eijMax=2.038E-03 rmsd=4.454E+00 s=[ 0 0 0 1 1 0 0 1 1 1 1 1 0 0 0 0 1 1 1 1 1 1 1 1 ]
d13=6.625405455445 eijMax=4.080E-03 rmsd=4.523E+00 s=[ 0 0 0 0 0 1 1 0 0 0 0 0 1 1 1 1 0 0 0 0 0 0 0 0 ]
d13=6.625405455445 eijMax=4.080E-03 rmsd=4.523E+00 s=[ 0 0 0 1 1 0 0 1 1 1 1 1 0 0 0 0 1 1 1 1 1 1 1 1 ]
num ..... 1000
nnodes .. 24
nedges .. 123
nsols ... 268
tsecs ... 39.382318
