d13=6.836940140000 eijMax=8.869E-03 rmsd=7.770E+00 s=[ 0 0 0 0 0 1 0 0 0 0 1 1 0 0 0 1 0 0 0 0 0 0 0 0 ]
d13=6.836940140000 eijMax=8.869E-03 rmsd=7.770E+00 s=[ 0 0 0 1 1 0 1 1 1 1 0 0 1 1 1 0 1 1 1 1 1 1 1 1 ]
d13=6.837981838559 eijMax=8.497E-04 rmsd=8.058E+00 s=[ 0 0 0 0 1 1 0 0 0 1 0 0 1 1 1 0 1 1 1 1 1 1 1 1 ]
d13=6.837981838559 eijMax=8.497E-04 rmsd=8.058E+00 s=[ 0 0 0 1 0 0 1 1 1 0 1 1 0 0 0 1 0 0 0 0 0 0 0 0 ]
d13=6.839023537117 eijMax=2.145E-03 rmsd=7.036E+00 s=[ 0 0 0 0 0 1 0 0 0 1 0 0 1 1 0 1 0 0 0 0 0 0 0 0 ]
d13=6.839023537117 eijMax=7.548E-03 rmsd=8.036E+00 s=[ 0 0 0 0 1 1 0 0 0 1 0 0 1 1 1 0 1 1 1 1 1 1 1 1 ]
d13=6.839023537117 eijMax=7.548E-03 rmsd=8.036E+00 s=[ 0 0 0 1 0 0 1 1 1 0 1 1 0 0 0 1 0 0 0 0 0 0 0 0 ]
d13=6.839023537117 eijMax=2.145E-03 rmsd=7.036E+00 s=[ 0 0 0 1 1 0 1 1 1 0 1 1 0 0 1 0 1 1 1 1 1 1 1 1 ]
d13=6.842148632793 eijMax=3.402E-03 rmsd=7.730E+00 s=[ 0 0 0 0 0 0 1 1 1 1 0 0 1 1 0 1 0 0 0 0 0 0 0 0 ]
d13=6.842148632793 eijMax=3.402E-03 rmsd=7.730E+00 s=[ 0 0 0 1 1 1 0 0 0 0 1 1 0 0 1 0 1 1 1 1 1 1 1 1 ]
d13=6.843190331351 eijMax=7.987E-03 rmsd=7.732E+00 s=[ 0 0 0 0 0 0 1 1 1 1 0 0 1 1 0 1 0 0 0 0 0 0 0 0 ]
d13=6.843190331351 eijMax=7.987E-03 rmsd=7.732E+00 s=[ 0 0 0 1 1 1 0 0 0 0 1 1 0 0 1 0 1 1 1 1 1 1 1 1 ]
d13=6.874441288108 eijMax=8.984E-03 rmsd=8.037E+00 s=[ 0 0 0 0 1 1 0 0 0 1 1 1 0 0 1 1 0 0 0 0 0 0 0 0 ]
d13=6.874441288108 eijMax=8.984E-03 rmsd=8.037E+00 s=[ 0 0 0 1 0 0 1 1 1 0 0 0 1 1 0 0 1 1 1 1 1 1 1 1 ]
d13=6.875482986667 eijMax=8.517E-03 rmsd=7.755E+00 s=[ 0 0 0 0 1 1 0 0 0 0 0 0 1 1 0 1 0 0 0 0 0 0 0 0 ]
d13=6.875482986667 eijMax=7.133E-03 rmsd=8.042E+00 s=[ 0 0 0 0 1 1 0 0 0 1 1 1 0 0 1 1 0 0 0 0 0 0 0 0 ]
d13=6.875482986667 eijMax=7.133E-03 rmsd=8.042E+00 s=[ 0 0 0 1 0 0 1 1 1 0 0 0 1 1 0 0 1 1 1 1 1 1 1 1 ]
d13=6.875482986667 eijMax=8.517E-03 rmsd=7.755E+00 s=[ 0 0 0 1 0 0 1 1 1 1 1 1 0 0 1 0 1 1 1 1 1 1 1 1 ]
d13=6.876524685225 eijMax=3.704E-03 rmsd=7.759E+00 s=[ 0 0 0 0 1 1 0 0 0 0 0 0 1 1 0 1 0 0 0 0 0 0 0 0 ]
d13=6.876524685225 eijMax=5.403E-03 rmsd=8.047E+00 s=[ 0 0 0 0 1 1 0 0 0 1 1 1 0 0 1 1 0 0 0 0 0 0 0 0 ]
d13=6.876524685225 eijMax=5.403E-03 rmsd=8.047E+00 s=[ 0 0 0 1 0 0 1 1 1 0 0 0 1 1 0 0 1 1 1 1 1 1 1 1 ]
d13=6.876524685225 eijMax=3.704E-03 rmsd=7.759E+00 s=[ 0 0 0 1 0 0 1 1 1 1 1 1 0 0 1 0 1 1 1 1 1 1 1 1 ]
d13=6.877566383784 eijMax=1.064E-03 rmsd=7.764E+00 s=[ 0 0 0 0 1 1 0 0 0 0 0 0 1 1 0 1 0 0 0 0 0 0 0 0 ]
d13=6.877566383784 eijMax=3.784E-03 rmsd=8.053E+00 s=[ 0 0 0 0 1 1 0 0 0 1 1 1 0 0 1 1 0 0 0 0 0 0 0 0 ]
d13=6.877566383784 eijMax=3.784E-03 rmsd=8.053E+00 s=[ 0 0 0 1 0 0 1 1 1 0 0 0 1 1 0 0 1 1 1 1 1 1 1 1 ]
d13=6.877566383784 eijMax=1.064E-03 rmsd=7.764E+00 s=[ 0 0 0 1 0 0 1 1 1 1 1 1 0 0 1 0 1 1 1 1 1 1 1 1 ]
d13=6.878608082342 eijMax=5.788E-03 rmsd=7.768E+00 s=[ 0 0 0 0 1 1 0 0 0 0 0 0 1 1 0 1 0 0 0 0 0 0 0 0 ]
d13=6.878608082342 eijMax=2.268E-03 rmsd=8.041E+00 s=[ 0 0 0 0 1 1 0 0 0 1 1 1 0 0 1 1 0 0 0 0 0 0 0 0 ]
d13=6.878608082342 eijMax=2.268E-03 rmsd=8.041E+00 s=[ 0 0 0 1 0 0 1 1 1 0 0 0 1 1 0 0 1 1 1 1 1 1 1 1 ]
d13=6.878608082342 eijMax=5.788E-03 rmsd=7.768E+00 s=[ 0 0 0 1 0 0 1 1 1 1 1 1 0 0 1 0 1 1 1 1 1 1 1 1 ]
d13=6.879649780901 eijMax=8.485E-04 rmsd=8.022E+00 s=[ 0 0 0 0 1 1 0 0 0 1 1 1 0 0 1 1 0 0 0 0 0 0 0 0 ]
d13=6.879649780901 eijMax=8.485E-04 rmsd=8.022E+00 s=[ 0 0 0 1 0 0 1 1 1 0 0 0 1 1 0 0 1 1 1 1 1 1 1 1 ]
d13=6.880691479459 eijMax=4.821E-04 rmsd=8.003E+00 s=[ 0 0 0 0 1 1 0 0 0 1 1 1 0 0 1 1 0 0 0 0 0 0 0 0 ]
d13=6.880691479459 eijMax=4.821E-04 rmsd=8.003E+00 s=[ 0 0 0 1 0 0 1 1 1 0 0 0 1 1 0 0 1 1 1 1 1 1 1 1 ]
d13=6.881733178018 eijMax=1.729E-03 rmsd=7.985E+00 s=[ 0 0 0 0 1 1 0 0 0 1 1 1 0 0 1 1 0 0 0 0 0 0 0 0 ]
d13=6.881733178018 eijMax=1.729E-03 rmsd=7.985E+00 s=[ 0 0 0 1 0 0 1 1 1 0 0 0 1 1 0 0 1 1 1 1 1 1 1 1 ]
d13=6.882774876577 eijMax=2.899E-03 rmsd=7.967E+00 s=[ 0 0 0 0 1 1 0 0 0 1 1 1 0 0 1 1 0 0 0 0 0 0 0 0 ]
d13=6.882774876577 eijMax=2.899E-03 rmsd=7.967E+00 s=[ 0 0 0 1 0 0 1 1 1 0 0 0 1 1 0 0 1 1 1 1 1 1 1 1 ]
d13=6.883816575135 eijMax=3.996E-03 rmsd=7.949E+00 s=[ 0 0 0 0 1 1 0 0 0 1 1 1 0 0 1 1 0 0 0 0 0 0 0 0 ]
d13=6.883816575135 eijMax=3.996E-03 rmsd=7.949E+00 s=[ 0 0 0 1 0 0 1 1 1 0 0 0 1 1 0 0 1 1 1 1 1 1 1 1 ]
d13=6.884858273694 eijMax=5.024E-03 rmsd=7.932E+00 s=[ 0 0 0 0 1 1 0 0 0 1 1 1 0 0 1 1 0 0 0 0 0 0 0 0 ]
d13=6.884858273694 eijMax=5.024E-03 rmsd=7.932E+00 s=[ 0 0 0 1 0 0 1 1 1 0 0 0 1 1 0 0 1 1 1 1 1 1 1 1 ]
d13=6.885899972252 eijMax=5.989E-03 rmsd=7.916E+00 s=[ 0 0 0 0 1 1 0 0 0 1 1 1 0 0 1 1 0 0 0 0 0 0 0 0 ]
d13=6.885899972252 eijMax=5.989E-03 rmsd=7.916E+00 s=[ 0 0 0 1 0 0 1 1 1 0 0 0 1 1 0 0 1 1 1 1 1 1 1 1 ]
d13=6.886941670811 eijMax=6.893E-03 rmsd=7.899E+00 s=[ 0 0 0 0 1 1 0 0 0 1 1 1 0 0 1 1 0 0 0 0 0 0 0 0 ]
d13=6.886941670811 eijMax=6.893E-03 rmsd=7.899E+00 s=[ 0 0 0 1 0 0 1 1 1 0 0 0 1 1 0 0 1 1 1 1 1 1 1 1 ]
d13=6.887983369369 eijMax=7.740E-03 rmsd=7.883E+00 s=[ 0 0 0 0 1 1 0 0 0 1 1 1 0 0 1 1 0 0 0 0 0 0 0 0 ]
d13=6.887983369369 eijMax=7.740E-03 rmsd=7.883E+00 s=[ 0 0 0 1 0 0 1 1 1 0 0 0 1 1 0 0 1 1 1 1 1 1 1 1 ]
d13=6.889025067928 eijMax=9.681E-03 rmsd=7.588E+00 s=[ 0 0 0 0 1 0 1 1 1 0 0 0 1 1 0 1 0 0 0 0 0 0 0 0 ]
d13=6.889025067928 eijMax=8.534E-03 rmsd=7.868E+00 s=[ 0 0 0 0 1 1 0 0 0 1 1 1 0 0 1 1 0 0 0 0 0 0 0 0 ]
d13=6.889025067928 eijMax=8.534E-03 rmsd=7.868E+00 s=[ 0 0 0 1 0 0 1 1 1 0 0 0 1 1 0 0 1 1 1 1 1 1 1 1 ]
d13=6.889025067928 eijMax=9.681E-03 rmsd=7.588E+00 s=[ 0 0 0 1 0 1 0 0 0 1 1 1 0 0 1 0 1 1 1 1 1 1 1 1 ]
d13=6.890066766486 eijMax=5.645E-03 rmsd=7.594E+00 s=[ 0 0 0 0 1 0 1 1 1 0 0 0 1 1 0 1 0 0 0 0 0 0 0 0 ]
d13=6.890066766486 eijMax=9.277E-03 rmsd=7.852E+00 s=[ 0 0 0 0 1 1 0 0 0 1 1 1 0 0 1 1 0 0 0 0 0 0 0 0 ]
d13=6.890066766486 eijMax=9.277E-03 rmsd=7.852E+00 s=[ 0 0 0 1 0 0 1 1 1 0 0 0 1 1 0 0 1 1 1 1 1 1 1 1 ]
d13=6.890066766486 eijMax=5.645E-03 rmsd=7.594E+00 s=[ 0 0 0 1 0 1 0 0 0 1 1 1 0 0 1 0 1 1 1 1 1 1 1 1 ]
d13=6.891108465045 eijMax=1.637E-03 rmsd=7.599E+00 s=[ 0 0 0 0 1 0 1 1 1 0 0 0 1 1 0 1 0 0 0 0 0 0 0 0 ]
d13=6.891108465045 eijMax=9.972E-03 rmsd=7.837E+00 s=[ 0 0 0 0 1 1 0 0 0 1 1 1 0 0 1 1 0 0 0 0 0 0 0 0 ]
d13=6.891108465045 eijMax=9.972E-03 rmsd=7.837E+00 s=[ 0 0 0 1 0 0 1 1 1 0 0 0 1 1 0 0 1 1 1 1 1 1 1 1 ]
d13=6.891108465045 eijMax=1.637E-03 rmsd=7.599E+00 s=[ 0 0 0 1 0 1 0 0 0 1 1 1 0 0 1 0 1 1 1 1 1 1 1 1 ]
d13=6.892150163604 eijMax=6.477E-03 rmsd=7.724E+00 s=[ 0 0 0 0 0 1 0 0 0 1 0 0 1 1 1 0 1 1 1 1 1 1 1 1 ]
d13=6.892150163604 eijMax=2.343E-03 rmsd=7.604E+00 s=[ 0 0 0 0 1 0 1 1 1 0 0 0 1 1 0 1 0 0 0 0 0 0 0 0 ]
d13=6.892150163604 eijMax=2.343E-03 rmsd=7.604E+00 s=[ 0 0 0 1 0 1 0 0 0 1 1 1 0 0 1 0 1 1 1 1 1 1 1 1 ]
d13=6.892150163604 eijMax=6.477E-03 rmsd=7.724E+00 s=[ 0 0 0 1 1 0 1 1 1 0 1 1 0 0 0 1 0 0 0 0 0 0 0 0 ]
d13=6.893191862162 eijMax=2.687E-03 rmsd=7.724E+00 s=[ 0 0 0 0 0 1 0 0 0 1 0 0 1 1 1 0 1 1 1 1 1 1 1 1 ]
d13=6.893191862162 eijMax=6.295E-03 rmsd=7.609E+00 s=[ 0 0 0 0 1 0 1 1 1 0 0 0 1 1 0 1 0 0 0 0 0 0 0 0 ]
d13=6.893191862162 eijMax=6.295E-03 rmsd=7.609E+00 s=[ 0 0 0 1 0 1 0 0 0 1 1 1 0 0 1 0 1 1 1 1 1 1 1 1 ]
d13=6.893191862162 eijMax=2.687E-03 rmsd=7.724E+00 s=[ 0 0 0 1 1 0 1 1 1 0 1 1 0 0 0 1 0 0 0 0 0 0 0 0 ]
d13=6.894233560721 eijMax=1.065E-03 rmsd=7.724E+00 s=[ 0 0 0 0 0 1 0 0 0 1 0 0 1 1 1 0 1 1 1 1 1 1 1 1 ]
d13=6.894233560721 eijMax=1.065E-03 rmsd=7.724E+00 s=[ 0 0 0 1 1 0 1 1 1 0 1 1 0 0 0 1 0 0 0 0 0 0 0 0 ]
d13=6.895275259279 eijMax=4.779E-03 rmsd=7.725E+00 s=[ 0 0 0 0 0 1 0 0 0 1 0 0 1 1 1 0 1 1 1 1 1 1 1 1 ]
d13=6.895275259279 eijMax=4.779E-03 rmsd=7.725E+00 s=[ 0 0 0 1 1 0 1 1 1 0 1 1 0 0 0 1 0 0 0 0 0 0 0 0 ]
d13=6.896316957838 eijMax=8.457E-03 rmsd=7.725E+00 s=[ 0 0 0 0 0 1 0 0 0 1 0 0 1 1 1 0 1 1 1 1 1 1 1 1 ]
d13=6.896316957838 eijMax=8.457E-03 rmsd=7.725E+00 s=[ 0 0 0 1 1 0 1 1 1 0 1 1 0 0 0 1 0 0 0 0 0 0 0 0 ]
d13=6.899442053514 eijMax=9.162E-03 rmsd=8.092E+00 s=[ 0 0 0 0 0 0 1 1 1 1 0 0 1 1 1 0 1 1 1 1 1 1 1 1 ]
d13=6.899442053514 eijMax=9.162E-03 rmsd=8.092E+00 s=[ 0 0 0 1 1 1 0 0 0 0 1 1 0 0 0 1 0 0 0 0 0 0 0 0 ]
d13=6.900483752072 eijMax=5.603E-03 rmsd=8.091E+00 s=[ 0 0 0 0 0 0 1 1 1 1 0 0 1 1 1 0 1 1 1 1 1 1 1 1 ]
d13=6.900483752072 eijMax=5.603E-03 rmsd=8.091E+00 s=[ 0 0 0 1 1 1 0 0 0 0 1 1 0 0 0 1 0 0 0 0 0 0 0 0 ]
d13=6.901525450631 eijMax=2.077E-03 rmsd=8.091E+00 s=[ 0 0 0 0 0 0 1 1 1 1 0 0 1 1 1 0 1 1 1 1 1 1 1 1 ]
d13=6.901525450631 eijMax=2.077E-03 rmsd=8.091E+00 s=[ 0 0 0 1 1 1 0 0 0 0 1 1 0 0 0 1 0 0 0 0 0 0 0 0 ]
d13=6.902567149189 eijMax=1.418E-03 rmsd=8.091E+00 s=[ 0 0 0 0 0 0 1 1 1 1 0 0 1 1 1 0 1 1 1 1 1 1 1 1 ]
d13=6.902567149189 eijMax=1.418E-03 rmsd=8.091E+00 s=[ 0 0 0 1 1 1 0 0 0 0 1 1 0 0 0 1 0 0 0 0 0 0 0 0 ]
d13=6.903608847748 eijMax=4.882E-03 rmsd=8.090E+00 s=[ 0 0 0 0 0 0 1 1 1 1 0 0 1 1 1 0 1 1 1 1 1 1 1 1 ]
d13=6.903608847748 eijMax=4.882E-03 rmsd=8.090E+00 s=[ 0 0 0 1 1 1 0 0 0 0 1 1 0 0 0 1 0 0 0 0 0 0 0 0 ]
d13=6.904650546306 eijMax=8.317E-03 rmsd=8.090E+00 s=[ 0 0 0 0 0 0 1 1 1 1 0 0 1 1 1 0 1 1 1 1 1 1 1 1 ]
d13=6.904650546306 eijMax=8.317E-03 rmsd=8.090E+00 s=[ 0 0 0 1 1 1 0 0 0 0 1 1 0 0 0 1 0 0 0 0 0 0 0 0 ]
d13=6.915067531892 eijMax=9.761E-03 rmsd=8.181E+00 s=[ 0 0 0 0 0 0 1 1 1 0 1 1 0 0 1 0 1 1 1 1 1 1 1 1 ]
d13=6.915067531892 eijMax=9.761E-03 rmsd=8.181E+00 s=[ 0 0 0 1 1 1 0 0 0 1 0 0 1 1 0 1 0 0 0 0 0 0 0 0 ]
d13=6.916109230450 eijMax=7.585E-03 rmsd=8.183E+00 s=[ 0 0 0 0 0 0 1 1 1 0 1 1 0 0 1 0 1 1 1 1 1 1 1 1 ]
d13=6.916109230450 eijMax=7.585E-03 rmsd=8.183E+00 s=[ 0 0 0 1 1 1 0 0 0 1 0 0 1 1 0 1 0 0 0 0 0 0 0 0 ]
d13=6.917150929009 eijMax=5.421E-03 rmsd=8.184E+00 s=[ 0 0 0 0 0 0 1 1 1 0 1 1 0 0 1 0 1 1 1 1 1 1 1 1 ]
d13=6.917150929009 eijMax=5.421E-03 rmsd=8.184E+00 s=[ 0 0 0 1 1 1 0 0 0 1 0 0 1 1 0 1 0 0 0 0 0 0 0 0 ]
d13=6.918192627568 eijMax=3.270E-03 rmsd=8.186E+00 s=[ 0 0 0 0 0 0 1 1 1 0 1 1 0 0 1 0 1 1 1 1 1 1 1 1 ]
d13=6.918192627568 eijMax=3.270E-03 rmsd=8.186E+00 s=[ 0 0 0 1 1 1 0 0 0 1 0 0 1 1 0 1 0 0 0 0 0 0 0 0 ]
d13=6.919234326126 eijMax=1.131E-03 rmsd=8.187E+00 s=[ 0 0 0 0 0 0 1 1 1 0 1 1 0 0 1 0 1 1 1 1 1 1 1 1 ]
d13=6.919234326126 eijMax=1.131E-03 rmsd=8.187E+00 s=[ 0 0 0 1 1 1 0 0 0 1 0 0 1 1 0 1 0 0 0 0 0 0 0 0 ]
d13=6.920276024685 eijMax=9.957E-04 rmsd=8.189E+00 s=[ 0 0 0 0 0 0 1 1 1 0 1 1 0 0 1 0 1 1 1 1 1 1 1 1 ]
d13=6.920276024685 eijMax=9.957E-04 rmsd=8.189E+00 s=[ 0 0 0 1 1 1 0 0 0 1 0 0 1 1 0 1 0 0 0 0 0 0 0 0 ]
d13=6.921317723243 eijMax=3.110E-03 rmsd=8.190E+00 s=[ 0 0 0 0 0 0 1 1 1 0 1 1 0 0 1 0 1 1 1 1 1 1 1 1 ]
d13=6.921317723243 eijMax=3.110E-03 rmsd=8.190E+00 s=[ 0 0 0 1 1 1 0 0 0 1 0 0 1 1 0 1 0 0 0 0 0 0 0 0 ]
d13=6.922359421802 eijMax=5.213E-03 rmsd=8.192E+00 s=[ 0 0 0 0 0 0 1 1 1 0 1 1 0 0 1 0 1 1 1 1 1 1 1 1 ]
d13=6.922359421802 eijMax=5.213E-03 rmsd=8.192E+00 s=[ 0 0 0 1 1 1 0 0 0 1 0 0 1 1 0 1 0 0 0 0 0 0 0 0 ]
d13=6.923401120360 eijMax=7.304E-03 rmsd=8.193E+00 s=[ 0 0 0 0 0 0 1 1 1 0 1 1 0 0 1 0 1 1 1 1 1 1 1 1 ]
d13=6.923401120360 eijMax=7.304E-03 rmsd=8.193E+00 s=[ 0 0 0 1 1 1 0 0 0 1 0 0 1 1 0 1 0 0 0 0 0 0 0 0 ]
d13=6.924442818919 eijMax=9.384E-03 rmsd=8.194E+00 s=[ 0 0 0 0 0 0 1 1 1 0 1 1 0 0 1 0 1 1 1 1 1 1 1 1 ]
d13=6.924442818919 eijMax=9.863E-03 rmsd=7.938E+00 s=[ 0 0 0 0 0 1 0 0 0 0 1 1 0 0 1 0 1 1 1 1 1 1 1 1 ]
d13=6.924442818919 eijMax=9.863E-03 rmsd=7.938E+00 s=[ 0 0 0 1 1 0 1 1 1 1 0 0 1 1 0 1 0 0 0 0 0 0 0 0 ]
d13=6.924442818919 eijMax=9.384E-03 rmsd=8.194E+00 s=[ 0 0 0 1 1 1 0 0 0 1 0 0 1 1 0 1 0 0 0 0 0 0 0 0 ]
d13=6.925484517477 eijMax=7.658E-03 rmsd=7.940E+00 s=[ 0 0 0 0 0 1 0 0 0 0 1 1 0 0 1 0 1 1 1 1 1 1 1 1 ]
d13=6.925484517477 eijMax=7.658E-03 rmsd=7.940E+00 s=[ 0 0 0 1 1 0 1 1 1 1 0 0 1 1 0 1 0 0 0 0 0 0 0 0 ]
d13=6.926526216036 eijMax=5.465E-03 rmsd=7.943E+00 s=[ 0 0 0 0 0 1 0 0 0 0 1 1 0 0 1 0 1 1 1 1 1 1 1 1 ]
d13=6.926526216036 eijMax=5.465E-03 rmsd=7.943E+00 s=[ 0 0 0 1 1 0 1 1 1 1 0 0 1 1 0 1 0 0 0 0 0 0 0 0 ]
d13=6.927567914595 eijMax=3.284E-03 rmsd=7.945E+00 s=[ 0 0 0 0 0 1 0 0 0 0 1 1 0 0 1 0 1 1 1 1 1 1 1 1 ]
d13=6.927567914595 eijMax=3.284E-03 rmsd=7.945E+00 s=[ 0 0 0 1 1 0 1 1 1 1 0 0 1 1 0 1 0 0 0 0 0 0 0 0 ]
d13=6.928609613153 eijMax=1.115E-03 rmsd=7.948E+00 s=[ 0 0 0 0 0 1 0 0 0 0 1 1 0 0 1 0 1 1 1 1 1 1 1 1 ]
d13=6.928609613153 eijMax=1.115E-03 rmsd=7.948E+00 s=[ 0 0 0 1 1 0 1 1 1 1 0 0 1 1 0 1 0 0 0 0 0 0 0 0 ]
d13=6.929651311712 eijMax=1.042E-03 rmsd=7.950E+00 s=[ 0 0 0 0 0 1 0 0 0 0 1 1 0 0 1 0 1 1 1 1 1 1 1 1 ]
d13=6.929651311712 eijMax=1.042E-03 rmsd=7.950E+00 s=[ 0 0 0 1 1 0 1 1 1 1 0 0 1 1 0 1 0 0 0 0 0 0 0 0 ]
d13=6.930693010270 eijMax=3.187E-03 rmsd=7.953E+00 s=[ 0 0 0 0 0 1 0 0 0 0 1 1 0 0 1 0 1 1 1 1 1 1 1 1 ]
d13=6.930693010270 eijMax=3.187E-03 rmsd=7.953E+00 s=[ 0 0 0 1 1 0 1 1 1 1 0 0 1 1 0 1 0 0 0 0 0 0 0 0 ]
d13=6.931734708829 eijMax=5.322E-03 rmsd=7.955E+00 s=[ 0 0 0 0 0 1 0 0 0 0 1 1 0 0 1 0 1 1 1 1 1 1 1 1 ]
d13=6.931734708829 eijMax=5.322E-03 rmsd=7.955E+00 s=[ 0 0 0 1 1 0 1 1 1 1 0 0 1 1 0 1 0 0 0 0 0 0 0 0 ]
d13=6.932776407387 eijMax=7.445E-03 rmsd=7.957E+00 s=[ 0 0 0 0 0 1 0 0 0 0 1 1 0 0 1 0 1 1 1 1 1 1 1 1 ]
d13=6.932776407387 eijMax=7.445E-03 rmsd=7.957E+00 s=[ 0 0 0 1 1 0 1 1 1 1 0 0 1 1 0 1 0 0 0 0 0 0 0 0 ]
d13=6.933818105946 eijMax=9.557E-03 rmsd=7.960E+00 s=[ 0 0 0 0 0 1 0 0 0 0 1 1 0 0 1 0 1 1 1 1 1 1 1 1 ]
d13=6.933818105946 eijMax=9.557E-03 rmsd=7.960E+00 s=[ 0 0 0 1 1 0 1 1 1 1 0 0 1 1 0 1 0 0 0 0 0 0 0 0 ]
d13=6.940068297297 eijMax=9.453E-03 rmsd=7.107E+00 s=[ 0 0 0 0 1 1 0 0 0 0 0 0 1 1 1 0 1 1 1 1 1 1 1 1 ]
d13=6.940068297297 eijMax=9.453E-03 rmsd=7.107E+00 s=[ 0 0 0 1 0 0 1 1 1 1 1 1 0 0 0 1 0 0 0 0 0 0 0 0 ]
d13=6.941109995856 eijMax=6.791E-03 rmsd=7.107E+00 s=[ 0 0 0 0 1 1 0 0 0 0 0 0 1 1 1 0 1 1 1 1 1 1 1 1 ]
d13=6.941109995856 eijMax=6.791E-03 rmsd=7.107E+00 s=[ 0 0 0 1 0 0 1 1 1 1 1 1 0 0 0 1 0 0 0 0 0 0 0 0 ]
d13=6.942151694414 eijMax=4.144E-03 rmsd=7.106E+00 s=[ 0 0 0 0 1 1 0 0 0 0 0 0 1 1 1 0 1 1 1 1 1 1 1 1 ]
d13=6.942151694414 eijMax=4.144E-03 rmsd=7.106E+00 s=[ 0 0 0 1 0 0 1 1 1 1 1 1 0 0 0 1 0 0 0 0 0 0 0 0 ]
d13=6.943193392973 eijMax=1.511E-03 rmsd=7.105E+00 s=[ 0 0 0 0 1 1 0 0 0 0 0 0 1 1 1 0 1 1 1 1 1 1 1 1 ]
d13=6.943193392973 eijMax=1.511E-03 rmsd=7.105E+00 s=[ 0 0 0 1 0 0 1 1 1 1 1 1 0 0 0 1 0 0 0 0 0 0 0 0 ]
d13=6.944235091532 eijMax=1.108E-03 rmsd=7.105E+00 s=[ 0 0 0 0 1 1 0 0 0 0 0 0 1 1 1 0 1 1 1 1 1 1 1 1 ]
d13=6.944235091532 eijMax=1.108E-03 rmsd=7.105E+00 s=[ 0 0 0 1 0 0 1 1 1 1 1 1 0 0 0 1 0 0 0 0 0 0 0 0 ]
d13=6.945276790090 eijMax=3.712E-03 rmsd=7.104E+00 s=[ 0 0 0 0 1 1 0 0 0 0 0 0 1 1 1 0 1 1 1 1 1 1 1 1 ]
d13=6.945276790090 eijMax=3.712E-03 rmsd=7.104E+00 s=[ 0 0 0 1 0 0 1 1 1 1 1 1 0 0 0 1 0 0 0 0 0 0 0 0 ]
d13=6.946318488649 eijMax=6.303E-03 rmsd=7.103E+00 s=[ 0 0 0 0 1 1 0 0 0 0 0 0 1 1 1 0 1 1 1 1 1 1 1 1 ]
d13=6.946318488649 eijMax=6.303E-03 rmsd=7.103E+00 s=[ 0 0 0 1 0 0 1 1 1 1 1 1 0 0 0 1 0 0 0 0 0 0 0 0 ]
d13=6.947360187207 eijMax=8.881E-03 rmsd=7.103E+00 s=[ 0 0 0 0 1 1 0 0 0 0 0 0 1 1 1 0 1 1 1 1 1 1 1 1 ]
d13=6.947360187207 eijMax=8.881E-03 rmsd=7.103E+00 s=[ 0 0 0 1 0 0 1 1 1 1 1 1 0 0 0 1 0 0 0 0 0 0 0 0 ]
d13=6.949443584324 eijMax=8.946E-03 rmsd=6.863E+00 s=[ 0 0 0 0 1 0 1 1 1 0 0 0 1 1 1 0 1 1 1 1 1 1 1 1 ]
d13=6.949443584324 eijMax=8.946E-03 rmsd=6.863E+00 s=[ 0 0 0 1 0 1 0 0 0 1 1 1 0 0 0 1 0 0 0 0 0 0 0 0 ]
d13=6.950485282883 eijMax=6.506E-03 rmsd=6.863E+00 s=[ 0 0 0 0 1 0 1 1 1 0 0 0 1 1 1 0 1 1 1 1 1 1 1 1 ]
d13=6.950485282883 eijMax=6.506E-03 rmsd=6.863E+00 s=[ 0 0 0 1 0 1 0 0 0 1 1 1 0 0 0 1 0 0 0 0 0 0 0 0 ]
d13=6.951526981441 eijMax=4.080E-03 rmsd=6.863E+00 s=[ 0 0 0 0 1 0 1 1 1 0 0 0 1 1 1 0 1 1 1 1 1 1 1 1 ]
d13=6.951526981441 eijMax=4.080E-03 rmsd=6.863E+00 s=[ 0 0 0 1 0 1 0 0 0 1 1 1 0 0 0 1 0 0 0 0 0 0 0 0 ]
d13=6.952568680000 eijMax=1.666E-03 rmsd=6.863E+00 s=[ 0 0 0 0 1 0 1 1 1 0 0 0 1 1 1 0 1 1 1 1 1 1 1 1 ]
d13=6.952568680000 eijMax=1.666E-03 rmsd=6.863E+00 s=[ 0 0 0 1 0 1 0 0 0 1 1 1 0 0 0 1 0 0 0 0 0 0 0 0 ]
d13=6.953610378559 eijMax=7.357E-04 rmsd=6.862E+00 s=[ 0 0 0 0 1 0 1 1 1 0 0 0 1 1 1 0 1 1 1 1 1 1 1 1 ]
d13=6.953610378559 eijMax=7.357E-04 rmsd=6.862E+00 s=[ 0 0 0 1 0 1 0 0 0 1 1 1 0 0 0 1 0 0 0 0 0 0 0 0 ]
d13=6.954652077117 eijMax=3.125E-03 rmsd=6.862E+00 s=[ 0 0 0 0 1 0 1 1 1 0 0 0 1 1 1 0 1 1 1 1 1 1 1 1 ]
d13=6.954652077117 eijMax=3.125E-03 rmsd=6.862E+00 s=[ 0 0 0 1 0 1 0 0 0 1 1 1 0 0 0 1 0 0 0 0 0 0 0 0 ]
d13=6.955693775676 eijMax=5.501E-03 rmsd=6.862E+00 s=[ 0 0 0 0 1 0 1 1 1 0 0 0 1 1 1 0 1 1 1 1 1 1 1 1 ]
d13=6.955693775676 eijMax=9.885E-03 rmsd=7.201E+00 s=[ 0 0 0 0 1 1 0 0 0 1 1 1 0 0 1 1 0 0 0 0 0 0 0 0 ]
d13=6.955693775676 eijMax=9.885E-03 rmsd=7.201E+00 s=[ 0 0 0 1 0 0 1 1 1 0 0 0 1 1 0 0 1 1 1 1 1 1 1 1 ]
d13=6.955693775676 eijMax=5.501E-03 rmsd=6.862E+00 s=[ 0 0 0 1 0 1 0 0 0 1 1 1 0 0 0 1 0 0 0 0 0 0 0 0 ]
d13=6.956735474234 eijMax=7.865E-03 rmsd=6.862E+00 s=[ 0 0 0 0 1 0 1 1 1 0 0 0 1 1 1 0 1 1 1 1 1 1 1 1 ]
d13=6.956735474234 eijMax=9.559E-03 rmsd=7.193E+00 s=[ 0 0 0 0 1 1 0 0 0 1 1 1 0 0 1 1 0 0 0 0 0 0 0 0 ]
d13=6.956735474234 eijMax=9.559E-03 rmsd=7.193E+00 s=[ 0 0 0 1 0 0 1 1 1 0 0 0 1 1 0 0 1 1 1 1 1 1 1 1 ]
d13=6.956735474234 eijMax=7.865E-03 rmsd=6.862E+00 s=[ 0 0 0 1 0 1 0 0 0 1 1 1 0 0 0 1 0 0 0 0 0 0 0 0 ]
d13=6.957777172793 eijMax=9.227E-03 rmsd=7.186E+00 s=[ 0 0 0 0 1 1 0 0 0 1 1 1 0 0 1 1 0 0 0 0 0 0 0 0 ]
d13=6.957777172793 eijMax=9.227E-03 rmsd=7.186E+00 s=[ 0 0 0 1 0 0 1 1 1 0 0 0 1 1 0 0 1 1 1 1 1 1 1 1 ]
d13=6.958818871351 eijMax=8.891E-03 rmsd=7.178E+00 s=[ 0 0 0 0 1 1 0 0 0 1 1 1 0 0 1 1 0 0 0 0 0 0 0 0 ]
d13=6.958818871351 eijMax=8.891E-03 rmsd=7.178E+00 s=[ 0 0 0 1 0 0 1 1 1 0 0 0 1 1 0 0 1 1 1 1 1 1 1 1 ]
d13=6.959860569910 eijMax=8.550E-03 rmsd=7.171E+00 s=[ 0 0 0 0 1 1 0 0 0 1 1 1 0 0 1 1 0 0 0 0 0 0 0 0 ]
d13=6.959860569910 eijMax=8.550E-03 rmsd=7.171E+00 s=[ 0 0 0 1 0 0 1 1 1 0 0 0 1 1 0 0 1 1 1 1 1 1 1 1 ]
d13=6.960902268468 eijMax=8.205E-03 rmsd=7.163E+00 s=[ 0 0 0 0 1 1 0 0 0 1 1 1 0 0 1 1 0 0 0 0 0 0 0 0 ]
d13=6.960902268468 eijMax=8.205E-03 rmsd=7.163E+00 s=[ 0 0 0 1 0 0 1 1 1 0 0 0 1 1 0 0 1 1 1 1 1 1 1 1 ]
d13=6.961943967027 eijMax=7.856E-03 rmsd=7.156E+00 s=[ 0 0 0 0 1 1 0 0 0 1 1 1 0 0 1 1 0 0 0 0 0 0 0 0 ]
d13=6.961943967027 eijMax=7.856E-03 rmsd=7.156E+00 s=[ 0 0 0 1 0 0 1 1 1 0 0 0 1 1 0 0 1 1 1 1 1 1 1 1 ]
d13=6.962985665586 eijMax=7.503E-03 rmsd=7.149E+00 s=[ 0 0 0 0 1 1 0 0 0 1 1 1 0 0 1 1 0 0 0 0 0 0 0 0 ]
d13=6.962985665586 eijMax=7.503E-03 rmsd=7.149E+00 s=[ 0 0 0 1 0 0 1 1 1 0 0 0 1 1 0 0 1 1 1 1 1 1 1 1 ]
d13=6.964027364144 eijMax=7.146E-03 rmsd=7.141E+00 s=[ 0 0 0 0 1 1 0 0 0 1 1 1 0 0 1 1 0 0 0 0 0 0 0 0 ]
d13=6.964027364144 eijMax=7.146E-03 rmsd=7.141E+00 s=[ 0 0 0 1 0 0 1 1 1 0 0 0 1 1 0 0 1 1 1 1 1 1 1 1 ]
d13=6.965069062703 eijMax=6.784E-03 rmsd=7.134E+00 s=[ 0 0 0 0 1 1 0 0 0 1 1 1 0 0 1 1 0 0 0 0 0 0 0 0 ]
d13=6.965069062703 eijMax=6.784E-03 rmsd=7.134E+00 s=[ 0 0 0 1 0 0 1 1 1 0 0 0 1 1 0 0 1 1 1 1 1 1 1 1 ]
d13=6.966110761261 eijMax=6.419E-03 rmsd=7.127E+00 s=[ 0 0 0 0 1 1 0 0 0 1 1 1 0 0 1 1 0 0 0 0 0 0 0 0 ]
d13=6.966110761261 eijMax=6.419E-03 rmsd=7.127E+00 s=[ 0 0 0 1 0 0 1 1 1 0 0 0 1 1 0 0 1 1 1 1 1 1 1 1 ]
d13=6.967152459820 eijMax=6.051E-03 rmsd=7.120E+00 s=[ 0 0 0 0 1 1 0 0 0 1 1 1 0 0 1 1 0 0 0 0 0 0 0 0 ]
d13=6.967152459820 eijMax=6.051E-03 rmsd=7.120E+00 s=[ 0 0 0 1 0 0 1 1 1 0 0 0 1 1 0 0 1 1 1 1 1 1 1 1 ]
d13=6.968194158378 eijMax=5.678E-03 rmsd=7.113E+00 s=[ 0 0 0 0 1 1 0 0 0 1 1 1 0 0 1 1 0 0 0 0 0 0 0 0 ]
d13=6.968194158378 eijMax=5.678E-03 rmsd=7.113E+00 s=[ 0 0 0 1 0 0 1 1 1 0 0 0 1 1 0 0 1 1 1 1 1 1 1 1 ]
d13=6.969235856937 eijMax=5.303E-03 rmsd=7.106E+00 s=[ 0 0 0 0 1 1 0 0 0 1 1 1 0 0 1 1 0 0 0 0 0 0 0 0 ]
d13=6.969235856937 eijMax=5.303E-03 rmsd=7.106E+00 s=[ 0 0 0 1 0 0 1 1 1 0 0 0 1 1 0 0 1 1 1 1 1 1 1 1 ]
d13=6.970277555495 eijMax=4.923E-03 rmsd=7.099E+00 s=[ 0 0 0 0 1 1 0 0 0 1 1 1 0 0 1 1 0 0 0 0 0 0 0 0 ]
d13=6.970277555495 eijMax=4.923E-03 rmsd=7.099E+00 s=[ 0 0 0 1 0 0 1 1 1 0 0 0 1 1 0 0 1 1 1 1 1 1 1 1 ]
d13=6.971319254054 eijMax=4.541E-03 rmsd=7.092E+00 s=[ 0 0 0 0 1 1 0 0 0 1 1 1 0 0 1 1 0 0 0 0 0 0 0 0 ]
d13=6.971319254054 eijMax=4.541E-03 rmsd=7.092E+00 s=[ 0 0 0 1 0 0 1 1 1 0 0 0 1 1 0 0 1 1 1 1 1 1 1 1 ]
d13=6.972360952613 eijMax=4.155E-03 rmsd=7.085E+00 s=[ 0 0 0 0 1 1 0 0 0 1 1 1 0 0 1 1 0 0 0 0 0 0 0 0 ]
d13=6.972360952613 eijMax=4.155E-03 rmsd=7.085E+00 s=[ 0 0 0 1 0 0 1 1 1 0 0 0 1 1 0 0 1 1 1 1 1 1 1 1 ]
d13=6.973402651171 eijMax=3.766E-03 rmsd=7.078E+00 s=[ 0 0 0 0 1 1 0 0 0 1 1 1 0 0 1 1 0 0 0 0 0 0 0 0 ]
d13=6.973402651171 eijMax=3.766E-03 rmsd=7.078E+00 s=[ 0 0 0 1 0 0 1 1 1 0 0 0 1 1 0 0 1 1 1 1 1 1 1 1 ]
d13=6.974444349730 eijMax=3.374E-03 rmsd=7.071E+00 s=[ 0 0 0 0 1 1 0 0 0 1 1 1 0 0 1 1 0 0 0 0 0 0 0 0 ]
d13=6.974444349730 eijMax=3.374E-03 rmsd=7.071E+00 s=[ 0 0 0 1 0 0 1 1 1 0 0 0 1 1 0 0 1 1 1 1 1 1 1 1 ]
d13=6.975486048288 eijMax=2.980E-03 rmsd=7.065E+00 s=[ 0 0 0 0 1 1 0 0 0 1 1 1 0 0 1 1 0 0 0 0 0 0 0 0 ]
d13=6.975486048288 eijMax=2.980E-03 rmsd=7.065E+00 s=[ 0 0 0 1 0 0 1 1 1 0 0 0 1 1 0 0 1 1 1 1 1 1 1 1 ]
d13=6.976527746847 eijMax=2.582E-03 rmsd=7.058E+00 s=[ 0 0 0 0 1 1 0 0 0 1 1 1 0 0 1 1 0 0 0 0 0 0 0 0 ]
d13=6.976527746847 eijMax=2.582E-03 rmsd=7.058E+00 s=[ 0 0 0 1 0 0 1 1 1 0 0 0 1 1 0 0 1 1 1 1 1 1 1 1 ]
d13=6.977569445405 eijMax=2.182E-03 rmsd=7.051E+00 s=[ 0 0 0 0 1 1 0 0 0 1 1 1 0 0 1 1 0 0 0 0 0 0 0 0 ]
d13=6.977569445405 eijMax=2.182E-03 rmsd=7.051E+00 s=[ 0 0 0 1 0 0 1 1 1 0 0 0 1 1 0 0 1 1 1 1 1 1 1 1 ]
d13=6.978611143964 eijMax=1.779E-03 rmsd=7.044E+00 s=[ 0 0 0 0 1 1 0 0 0 1 1 1 0 0 1 1 0 0 0 0 0 0 0 0 ]
d13=6.978611143964 eijMax=1.779E-03 rmsd=7.044E+00 s=[ 0 0 0 1 0 0 1 1 1 0 0 0 1 1 0 0 1 1 1 1 1 1 1 1 ]
d13=6.979652842523 eijMax=1.373E-03 rmsd=7.038E+00 s=[ 0 0 0 0 1 1 0 0 0 1 1 1 0 0 1 1 0 0 0 0 0 0 0 0 ]
d13=6.979652842523 eijMax=1.373E-03 rmsd=7.038E+00 s=[ 0 0 0 1 0 0 1 1 1 0 0 0 1 1 0 0 1 1 1 1 1 1 1 1 ]
d13=6.980694541081 eijMax=9.647E-04 rmsd=7.031E+00 s=[ 0 0 0 0 1 1 0 0 0 1 1 1 0 0 1 1 0 0 0 0 0 0 0 0 ]
d13=6.980694541081 eijMax=9.647E-04 rmsd=7.031E+00 s=[ 0 0 0 1 0 0 1 1 1 0 0 0 1 1 0 0 1 1 1 1 1 1 1 1 ]
d13=6.981736239640 eijMax=5.540E-04 rmsd=7.025E+00 s=[ 0 0 0 0 1 1 0 0 0 1 1 1 0 0 1 1 0 0 0 0 0 0 0 0 ]
d13=6.981736239640 eijMax=5.540E-04 rmsd=7.025E+00 s=[ 0 0 0 1 0 0 1 1 1 0 0 0 1 1 0 0 1 1 1 1 1 1 1 1 ]
d13=6.982777938198 eijMax=1.410E-04 rmsd=7.018E+00 s=[ 0 0 0 0 1 1 0 0 0 1 1 1 0 0 1 1 0 0 0 0 0 0 0 0 ]
d13=6.982777938198 eijMax=1.410E-04 rmsd=7.018E+00 s=[ 0 0 0 1 0 0 1 1 1 0 0 0 1 1 0 0 1 1 1 1 1 1 1 1 ]
d13=6.983819636757 eijMax=2.744E-04 rmsd=7.012E+00 s=[ 0 0 0 0 1 1 0 0 0 1 1 1 0 0 1 1 0 0 0 0 0 0 0 0 ]
d13=6.983819636757 eijMax=2.744E-04 rmsd=7.012E+00 s=[ 0 0 0 1 0 0 1 1 1 0 0 0 1 1 0 0 1 1 1 1 1 1 1 1 ]
d13=6.984861335315 eijMax=6.920E-04 rmsd=7.005E+00 s=[ 0 0 0 0 1 1 0 0 0 1 1 1 0 0 1 1 0 0 0 0 0 0 0 0 ]
d13=6.984861335315 eijMax=6.920E-04 rmsd=7.005E+00 s=[ 0 0 0 1 0 0 1 1 1 0 0 0 1 1 0 0 1 1 1 1 1 1 1 1 ]
d13=6.985903033874 eijMax=1.112E-03 rmsd=6.999E+00 s=[ 0 0 0 0 1 1 0 0 0 1 1 1 0 0 1 1 0 0 0 0 0 0 0 0 ]
d13=6.985903033874 eijMax=1.112E-03 rmsd=6.999E+00 s=[ 0 0 0 1 0 0 1 1 1 0 0 0 1 1 0 0 1 1 1 1 1 1 1 1 ]
d13=6.986944732432 eijMax=1.534E-03 rmsd=6.992E+00 s=[ 0 0 0 0 1 1 0 0 0 1 1 1 0 0 1 1 0 0 0 0 0 0 0 0 ]
d13=6.986944732432 eijMax=1.534E-03 rmsd=6.992E+00 s=[ 0 0 0 1 0 0 1 1 1 0 0 0 1 1 0 0 1 1 1 1 1 1 1 1 ]
d13=6.987986430991 eijMax=1.957E-03 rmsd=6.986E+00 s=[ 0 0 0 0 1 1 0 0 0 1 1 1 0 0 1 1 0 0 0 0 0 0 0 0 ]
d13=6.987986430991 eijMax=1.957E-03 rmsd=6.986E+00 s=[ 0 0 0 1 0 0 1 1 1 0 0 0 1 1 0 0 1 1 1 1 1 1 1 1 ]
d13=6.989028129550 eijMax=2.383E-03 rmsd=6.979E+00 s=[ 0 0 0 0 1 1 0 0 0 1 1 1 0 0 1 1 0 0 0 0 0 0 0 0 ]
d13=6.989028129550 eijMax=2.383E-03 rmsd=6.979E+00 s=[ 0 0 0 1 0 0 1 1 1 0 0 0 1 1 0 0 1 1 1 1 1 1 1 1 ]
d13=6.990069828108 eijMax=2.811E-03 rmsd=6.973E+00 s=[ 0 0 0 0 1 1 0 0 0 1 1 1 0 0 1 1 0 0 0 0 0 0 0 0 ]
d13=6.990069828108 eijMax=2.811E-03 rmsd=6.973E+00 s=[ 0 0 0 1 0 0 1 1 1 0 0 0 1 1 0 0 1 1 1 1 1 1 1 1 ]
d13=6.991111526667 eijMax=3.240E-03 rmsd=6.967E+00 s=[ 0 0 0 0 1 1 0 0 0 1 1 1 0 0 1 1 0 0 0 0 0 0 0 0 ]
d13=6.991111526667 eijMax=3.240E-03 rmsd=6.967E+00 s=[ 0 0 0 1 0 0 1 1 1 0 0 0 1 1 0 0 1 1 1 1 1 1 1 1 ]
d13=6.992153225225 eijMax=3.672E-03 rmsd=6.961E+00 s=[ 0 0 0 0 1 1 0 0 0 1 1 1 0 0 1 1 0 0 0 0 0 0 0 0 ]
d13=6.992153225225 eijMax=3.672E-03 rmsd=6.961E+00 s=[ 0 0 0 1 0 0 1 1 1 0 0 0 1 1 0 0 1 1 1 1 1 1 1 1 ]
d13=6.993194923784 eijMax=4.105E-03 rmsd=6.954E+00 s=[ 0 0 0 0 1 1 0 0 0 1 1 1 0 0 1 1 0 0 0 0 0 0 0 0 ]
d13=6.993194923784 eijMax=4.105E-03 rmsd=6.954E+00 s=[ 0 0 0 1 0 0 1 1 1 0 0 0 1 1 0 0 1 1 1 1 1 1 1 1 ]
d13=6.994236622342 eijMax=4.539E-03 rmsd=6.948E+00 s=[ 0 0 0 0 1 1 0 0 0 1 1 1 0 0 1 1 0 0 0 0 0 0 0 0 ]
d13=6.994236622342 eijMax=4.539E-03 rmsd=6.948E+00 s=[ 0 0 0 1 0 0 1 1 1 0 0 0 1 1 0 0 1 1 1 1 1 1 1 1 ]
d13=6.995278320901 eijMax=4.975E-03 rmsd=6.942E+00 s=[ 0 0 0 0 1 1 0 0 0 1 1 1 0 0 1 1 0 0 0 0 0 0 0 0 ]
d13=6.995278320901 eijMax=4.975E-03 rmsd=6.942E+00 s=[ 0 0 0 1 0 0 1 1 1 0 0 0 1 1 0 0 1 1 1 1 1 1 1 1 ]
d13=6.996320019459 eijMax=5.413E-03 rmsd=6.936E+00 s=[ 0 0 0 0 1 1 0 0 0 1 1 1 0 0 1 1 0 0 0 0 0 0 0 0 ]
d13=6.996320019459 eijMax=5.413E-03 rmsd=6.936E+00 s=[ 0 0 0 1 0 0 1 1 1 0 0 0 1 1 0 0 1 1 1 1 1 1 1 1 ]
d13=6.997361718018 eijMax=5.852E-03 rmsd=6.930E+00 s=[ 0 0 0 0 1 1 0 0 0 1 1 1 0 0 1 1 0 0 0 0 0 0 0 0 ]
d13=6.997361718018 eijMax=5.852E-03 rmsd=6.930E+00 s=[ 0 0 0 1 0 0 1 1 1 0 0 0 1 1 0 0 1 1 1 1 1 1 1 1 ]
d13=6.998403416577 eijMax=6.293E-03 rmsd=6.923E+00 s=[ 0 0 0 0 1 1 0 0 0 1 1 1 0 0 1 1 0 0 0 0 0 0 0 0 ]
d13=6.998403416577 eijMax=6.293E-03 rmsd=6.923E+00 s=[ 0 0 0 1 0 0 1 1 1 0 0 0 1 1 0 0 1 1 1 1 1 1 1 1 ]
d13=6.999445115135 eijMax=9.298E-03 rmsd=7.255E+00 s=[ 0 0 0 0 0 1 0 0 0 1 1 1 0 0 1 1 0 0 0 0 0 0 0 0 ]
d13=6.999445115135 eijMax=6.735E-03 rmsd=6.917E+00 s=[ 0 0 0 0 1 1 0 0 0 1 1 1 0 0 1 1 0 0 0 0 0 0 0 0 ]
d13=6.999445115135 eijMax=6.735E-03 rmsd=6.917E+00 s=[ 0 0 0 1 0 0 1 1 1 0 0 0 1 1 0 0 1 1 1 1 1 1 1 1 ]
d13=6.999445115135 eijMax=9.298E-03 rmsd=7.255E+00 s=[ 0 0 0 1 1 0 1 1 1 0 0 0 1 1 0 0 1 1 1 1 1 1 1 1 ]
d13=7.000486813694 eijMax=6.663E-03 rmsd=7.256E+00 s=[ 0 0 0 0 0 1 0 0 0 1 1 1 0 0 1 1 0 0 0 0 0 0 0 0 ]
d13=7.000486813694 eijMax=7.178E-03 rmsd=6.911E+00 s=[ 0 0 0 0 1 1 0 0 0 1 1 1 0 0 1 1 0 0 0 0 0 0 0 0 ]
d13=7.000486813694 eijMax=7.178E-03 rmsd=6.911E+00 s=[ 0 0 0 1 0 0 1 1 1 0 0 0 1 1 0 0 1 1 1 1 1 1 1 1 ]
d13=7.000486813694 eijMax=6.663E-03 rmsd=7.256E+00 s=[ 0 0 0 1 1 0 1 1 1 0 0 0 1 1 0 0 1 1 1 1 1 1 1 1 ]
d13=7.001528512252 eijMax=4.031E-03 rmsd=7.257E+00 s=[ 0 0 0 0 0 1 0 0 0 1 1 1 0 0 1 1 0 0 0 0 0 0 0 0 ]
d13=7.001528512252 eijMax=7.622E-03 rmsd=6.905E+00 s=[ 0 0 0 0 1 1 0 0 0 1 1 1 0 0 1 1 0 0 0 0 0 0 0 0 ]
d13=7.001528512252 eijMax=7.622E-03 rmsd=6.905E+00 s=[ 0 0 0 1 0 0 1 1 1 0 0 0 1 1 0 0 1 1 1 1 1 1 1 1 ]
d13=7.001528512252 eijMax=4.031E-03 rmsd=7.257E+00 s=[ 0 0 0 1 1 0 1 1 1 0 0 0 1 1 0 0 1 1 1 1 1 1 1 1 ]
d13=7.002570210811 eijMax=1.401E-03 rmsd=7.258E+00 s=[ 0 0 0 0 0 1 0 0 0 1 1 1 0 0 1 1 0 0 0 0 0 0 0 0 ]
d13=7.002570210811 eijMax=8.067E-03 rmsd=6.899E+00 s=[ 0 0 0 0 1 1 0 0 0 1 1 1 0 0 1 1 0 0 0 0 0 0 0 0 ]
d13=7.002570210811 eijMax=8.067E-03 rmsd=6.899E+00 s=[ 0 0 0 1 0 0 1 1 1 0 0 0 1 1 0 0 1 1 1 1 1 1 1 1 ]
d13=7.002570210811 eijMax=1.401E-03 rmsd=7.258E+00 s=[ 0 0 0 1 1 0 1 1 1 0 0 0 1 1 0 0 1 1 1 1 1 1 1 1 ]
d13=7.003611909369 eijMax=1.227E-03 rmsd=7.259E+00 s=[ 0 0 0 0 0 1 0 0 0 1 1 1 0 0 1 1 0 0 0 0 0 0 0 0 ]
d13=7.003611909369 eijMax=8.514E-03 rmsd=6.893E+00 s=[ 0 0 0 0 1 1 0 0 0 1 1 1 0 0 1 1 0 0 0 0 0 0 0 0 ]
d13=7.003611909369 eijMax=8.514E-03 rmsd=6.893E+00 s=[ 0 0 0 1 0 0 1 1 1 0 0 0 1 1 0 0 1 1 1 1 1 1 1 1 ]
d13=7.003611909369 eijMax=1.227E-03 rmsd=7.259E+00 s=[ 0 0 0 1 1 0 1 1 1 0 0 0 1 1 0 0 1 1 1 1 1 1 1 1 ]
d13=7.004653607928 eijMax=3.853E-03 rmsd=7.260E+00 s=[ 0 0 0 0 0 1 0 0 0 1 1 1 0 0 1 1 0 0 0 0 0 0 0 0 ]
d13=7.004653607928 eijMax=8.962E-03 rmsd=6.887E+00 s=[ 0 0 0 0 1 1 0 0 0 1 1 1 0 0 1 1 0 0 0 0 0 0 0 0 ]
d13=7.004653607928 eijMax=8.962E-03 rmsd=6.887E+00 s=[ 0 0 0 1 0 0 1 1 1 0 0 0 1 1 0 0 1 1 1 1 1 1 1 1 ]
d13=7.004653607928 eijMax=3.853E-03 rmsd=7.260E+00 s=[ 0 0 0 1 1 0 1 1 1 0 0 0 1 1 0 0 1 1 1 1 1 1 1 1 ]
d13=7.005695306486 eijMax=6.477E-03 rmsd=7.261E+00 s=[ 0 0 0 0 0 1 0 0 0 1 1 1 0 0 1 1 0 0 0 0 0 0 0 0 ]
d13=7.005695306486 eijMax=9.410E-03 rmsd=6.881E+00 s=[ 0 0 0 0 1 1 0 0 0 1 1 1 0 0 1 1 0 0 0 0 0 0 0 0 ]
d13=7.005695306486 eijMax=9.410E-03 rmsd=6.881E+00 s=[ 0 0 0 1 0 0 1 1 1 0 0 0 1 1 0 0 1 1 1 1 1 1 1 1 ]
d13=7.005695306486 eijMax=6.477E-03 rmsd=7.261E+00 s=[ 0 0 0 1 1 0 1 1 1 0 0 0 1 1 0 0 1 1 1 1 1 1 1 1 ]
d13=7.006737005045 eijMax=9.098E-03 rmsd=7.262E+00 s=[ 0 0 0 0 0 1 0 0 0 1 1 1 0 0 1 1 0 0 0 0 0 0 0 0 ]
d13=7.006737005045 eijMax=9.860E-03 rmsd=6.875E+00 s=[ 0 0 0 0 1 1 0 0 0 1 1 1 0 0 1 1 0 0 0 0 0 0 0 0 ]
d13=7.006737005045 eijMax=9.860E-03 rmsd=6.875E+00 s=[ 0 0 0 1 0 0 1 1 1 0 0 0 1 1 0 0 1 1 1 1 1 1 1 1 ]
d13=7.006737005045 eijMax=9.098E-03 rmsd=7.262E+00 s=[ 0 0 0 1 1 0 1 1 1 0 0 0 1 1 0 0 1 1 1 1 1 1 1 1 ]
d13=7.022362483423 eijMax=9.116E-03 rmsd=7.677E+00 s=[ 0 0 0 0 0 0 1 1 1 1 1 1 0 0 1 1 0 0 0 0 0 0 0 0 ]
d13=7.022362483423 eijMax=9.116E-03 rmsd=7.677E+00 s=[ 0 0 0 1 1 1 0 0 0 0 0 0 1 1 0 0 1 1 1 1 1 1 1 1 ]
d13=7.023404181982 eijMax=6.657E-03 rmsd=7.680E+00 s=[ 0 0 0 0 0 0 1 1 1 1 1 1 0 0 1 1 0 0 0 0 0 0 0 0 ]
d13=7.023404181982 eijMax=6.657E-03 rmsd=7.680E+00 s=[ 0 0 0 1 1 1 0 0 0 0 0 0 1 1 0 0 1 1 1 1 1 1 1 1 ]
d13=7.024445880541 eijMax=4.200E-03 rmsd=7.684E+00 s=[ 0 0 0 0 0 0 1 1 1 1 1 1 0 0 1 1 0 0 0 0 0 0 0 0 ]
d13=7.024445880541 eijMax=4.200E-03 rmsd=7.684E+00 s=[ 0 0 0 1 1 1 0 0 0 0 0 0 1 1 0 0 1 1 1 1 1 1 1 1 ]
d13=7.025487579099 eijMax=1.744E-03 rmsd=7.687E+00 s=[ 0 0 0 0 0 0 1 1 1 1 1 1 0 0 1 1 0 0 0 0 0 0 0 0 ]
d13=7.025487579099 eijMax=1.744E-03 rmsd=7.687E+00 s=[ 0 0 0 1 1 1 0 0 0 0 0 0 1 1 0 0 1 1 1 1 1 1 1 1 ]
d13=7.026529277658 eijMax=7.104E-04 rmsd=7.690E+00 s=[ 0 0 0 0 0 0 1 1 1 1 1 1 0 0 1 1 0 0 0 0 0 0 0 0 ]
d13=7.026529277658 eijMax=7.104E-04 rmsd=7.690E+00 s=[ 0 0 0 1 1 1 0 0 0 0 0 0 1 1 0 0 1 1 1 1 1 1 1 1 ]
d13=7.027570976216 eijMax=3.163E-03 rmsd=7.694E+00 s=[ 0 0 0 0 0 0 1 1 1 1 1 1 0 0 1 1 0 0 0 0 0 0 0 0 ]
d13=7.027570976216 eijMax=3.163E-03 rmsd=7.694E+00 s=[ 0 0 0 1 1 1 0 0 0 0 0 0 1 1 0 0 1 1 1 1 1 1 1 1 ]
d13=7.028612674775 eijMax=5.615E-03 rmsd=7.697E+00 s=[ 0 0 0 0 0 0 1 1 1 1 1 1 0 0 1 1 0 0 0 0 0 0 0 0 ]
d13=7.028612674775 eijMax=5.615E-03 rmsd=7.697E+00 s=[ 0 0 0 1 1 1 0 0 0 0 0 0 1 1 0 0 1 1 1 1 1 1 1 1 ]
d13=7.029654373333 eijMax=8.065E-03 rmsd=7.701E+00 s=[ 0 0 0 0 0 0 1 1 1 1 1 1 0 0 1 1 0 0 0 0 0 0 0 0 ]
d13=7.029654373333 eijMax=8.065E-03 rmsd=7.701E+00 s=[ 0 0 0 1 1 1 0 0 0 0 0 0 1 1 0 0 1 1 1 1 1 1 1 1 ]
d13=7.127574037838 eijMax=6.575E-03 rmsd=5.986E+00 s=[ 0 0 0 0 1 1 0 0 0 0 1 1 0 0 1 1 0 0 0 0 0 0 0 0 ]
d13=7.127574037838 eijMax=6.575E-03 rmsd=5.986E+00 s=[ 0 0 0 1 0 0 1 1 1 1 0 0 1 1 0 0 1 1 1 1 1 1 1 1 ]
d13=7.128615736396 eijMax=2.335E-03 rmsd=5.998E+00 s=[ 0 0 0 0 1 1 0 0 0 0 1 1 0 0 1 1 0 0 0 0 0 0 0 0 ]
d13=7.128615736396 eijMax=2.335E-03 rmsd=5.998E+00 s=[ 0 0 0 1 0 0 1 1 1 1 0 0 1 1 0 0 1 1 1 1 1 1 1 1 ]
d13=7.129657434955 eijMax=2.403E-03 rmsd=6.012E+00 s=[ 0 0 0 0 1 1 0 0 0 0 1 1 0 0 1 1 0 0 0 0 0 0 0 0 ]
d13=7.129657434955 eijMax=2.403E-03 rmsd=6.012E+00 s=[ 0 0 0 1 0 0 1 1 1 1 0 0 1 1 0 0 1 1 1 1 1 1 1 1 ]
d13=7.130699133514 eijMax=8.054E-03 rmsd=6.029E+00 s=[ 0 0 0 0 1 1 0 0 0 0 1 1 0 0 1 1 0 0 0 0 0 0 0 0 ]
d13=7.130699133514 eijMax=8.054E-03 rmsd=6.029E+00 s=[ 0 0 0 1 0 0 1 1 1 1 0 0 1 1 0 0 1 1 1 1 1 1 1 1 ]
d13=7.224452003784 eijMax=8.926E-03 rmsd=4.978E+00 s=[ 0 0 0 0 1 0 1 1 1 0 1 1 0 0 1 1 0 0 0 0 0 0 0 0 ]
d13=7.224452003784 eijMax=8.926E-03 rmsd=4.978E+00 s=[ 0 0 0 1 0 1 0 0 0 1 0 0 1 1 0 0 1 1 1 1 1 1 1 1 ]
d13=7.225493702342 eijMax=7.416E-03 rmsd=4.979E+00 s=[ 0 0 0 0 1 0 1 1 1 0 1 1 0 0 1 1 0 0 0 0 0 0 0 0 ]
d13=7.225493702342 eijMax=7.416E-03 rmsd=4.979E+00 s=[ 0 0 0 1 0 1 0 0 0 1 0 0 1 1 0 0 1 1 1 1 1 1 1 1 ]
d13=7.226535400901 eijMax=5.907E-03 rmsd=4.979E+00 s=[ 0 0 0 0 1 0 1 1 1 0 1 1 0 0 1 1 0 0 0 0 0 0 0 0 ]
d13=7.226535400901 eijMax=5.907E-03 rmsd=4.979E+00 s=[ 0 0 0 1 0 1 0 0 0 1 0 0 1 1 0 0 1 1 1 1 1 1 1 1 ]
d13=7.227577099459 eijMax=4.398E-03 rmsd=4.980E+00 s=[ 0 0 0 0 1 0 1 1 1 0 1 1 0 0 1 1 0 0 0 0 0 0 0 0 ]
d13=7.227577099459 eijMax=4.398E-03 rmsd=4.980E+00 s=[ 0 0 0 1 0 1 0 0 0 1 0 0 1 1 0 0 1 1 1 1 1 1 1 1 ]
d13=7.228618798018 eijMax=2.890E-03 rmsd=4.980E+00 s=[ 0 0 0 0 1 0 1 1 1 0 1 1 0 0 1 1 0 0 0 0 0 0 0 0 ]
d13=7.228618798018 eijMax=2.890E-03 rmsd=4.980E+00 s=[ 0 0 0 1 0 1 0 0 0 1 0 0 1 1 0 0 1 1 1 1 1 1 1 1 ]
d13=7.229660496577 eijMax=1.383E-03 rmsd=4.981E+00 s=[ 0 0 0 0 1 0 1 1 1 0 1 1 0 0 1 1 0 0 0 0 0 0 0 0 ]
d13=7.229660496577 eijMax=1.383E-03 rmsd=4.981E+00 s=[ 0 0 0 1 0 1 0 0 0 1 0 0 1 1 0 0 1 1 1 1 1 1 1 1 ]
d13=7.230702195135 eijMax=1.241E-04 rmsd=4.981E+00 s=[ 0 0 0 0 1 0 1 1 1 0 1 1 0 0 1 1 0 0 0 0 0 0 0 0 ]
d13=7.230702195135 eijMax=1.241E-04 rmsd=4.981E+00 s=[ 0 0 0 1 0 1 0 0 0 1 0 0 1 1 0 0 1 1 1 1 1 1 1 1 ]
d13=7.231743893694 eijMax=1.630E-03 rmsd=4.982E+00 s=[ 0 0 0 0 1 0 1 1 1 0 1 1 0 0 1 1 0 0 0 0 0 0 0 0 ]
d13=7.231743893694 eijMax=1.630E-03 rmsd=4.982E+00 s=[ 0 0 0 1 0 1 0 0 0 1 0 0 1 1 0 0 1 1 1 1 1 1 1 1 ]
d13=7.232785592252 eijMax=3.135E-03 rmsd=4.982E+00 s=[ 0 0 0 0 1 0 1 1 1 0 1 1 0 0 1 1 0 0 0 0 0 0 0 0 ]
d13=7.232785592252 eijMax=3.135E-03 rmsd=4.982E+00 s=[ 0 0 0 1 0 1 0 0 0 1 0 0 1 1 0 0 1 1 1 1 1 1 1 1 ]
d13=7.233827290811 eijMax=4.640E-03 rmsd=4.983E+00 s=[ 0 0 0 0 1 0 1 1 1 0 1 1 0 0 1 1 0 0 0 0 0 0 0 0 ]
d13=7.233827290811 eijMax=4.640E-03 rmsd=4.983E+00 s=[ 0 0 0 1 0 1 0 0 0 1 0 0 1 1 0 0 1 1 1 1 1 1 1 1 ]
d13=7.234868989369 eijMax=6.144E-03 rmsd=4.983E+00 s=[ 0 0 0 0 1 0 1 1 1 0 1 1 0 0 1 1 0 0 0 0 0 0 0 0 ]
d13=7.234868989369 eijMax=6.144E-03 rmsd=4.983E+00 s=[ 0 0 0 1 0 1 0 0 0 1 0 0 1 1 0 0 1 1 1 1 1 1 1 1 ]
d13=7.235910687928 eijMax=7.647E-03 rmsd=4.984E+00 s=[ 0 0 0 0 1 0 1 1 1 0 1 1 0 0 1 1 0 0 0 0 0 0 0 0 ]
d13=7.235910687928 eijMax=7.647E-03 rmsd=4.984E+00 s=[ 0 0 0 1 0 1 0 0 0 1 0 0 1 1 0 0 1 1 1 1 1 1 1 1 ]
d13=7.236952386486 eijMax=9.150E-03 rmsd=4.984E+00 s=[ 0 0 0 0 1 0 1 1 1 0 1 1 0 0 1 1 0 0 0 0 0 0 0 0 ]
d13=7.236952386486 eijMax=9.150E-03 rmsd=4.984E+00 s=[ 0 0 0 1 0 1 0 0 0 1 0 0 1 1 0 0 1 1 1 1 1 1 1 1 ]
d13=7.454667385225 eijMax=8.135E-03 rmsd=5.513E+00 s=[ 0 0 0 0 0 1 0 0 0 1 0 0 1 1 1 1 0 0 0 0 0 0 0 0 ]
d13=7.454667385225 eijMax=8.135E-03 rmsd=5.513E+00 s=[ 0 0 0 1 1 0 1 1 1 0 1 1 0 0 0 0 1 1 1 1 1 1 1 1 ]
d13=7.455709083784 eijMax=6.116E-03 rmsd=5.517E+00 s=[ 0 0 0 0 0 1 0 0 0 1 0 0 1 1 1 1 0 0 0 0 0 0 0 0 ]
d13=7.455709083784 eijMax=6.116E-03 rmsd=5.517E+00 s=[ 0 0 0 1 1 0 1 1 1 0 1 1 0 0 0 0 1 1 1 1 1 1 1 1 ]
d13=7.456750782342 eijMax=4.094E-03 rmsd=5.521E+00 s=[ 0 0 0 0 0 1 0 0 0 1 0 0 1 1 1 1 0 0 0 0 0 0 0 0 ]
d13=7.456750782342 eijMax=4.094E-03 rmsd=5.521E+00 s=[ 0 0 0 1 1 0 1 1 1 0 1 1 0 0 0 0 1 1 1 1 1 1 1 1 ]
d13=7.457792480901 eijMax=2.069E-03 rmsd=5.525E+00 s=[ 0 0 0 0 0 1 0 0 0 1 0 0 1 1 1 1 0 0 0 0 0 0 0 0 ]
d13=7.457792480901 eijMax=2.069E-03 rmsd=5.525E+00 s=[ 0 0 0 1 1 0 1 1 1 0 1 1 0 0 0 0 1 1 1 1 1 1 1 1 ]
d13=7.458834179459 eijMax=4.059E-05 rmsd=5.529E+00 s=[ 0 0 0 0 0 1 0 0 0 1 0 0 1 1 1 1 0 0 0 0 0 0 0 0 ]
d13=7.458834179459 eijMax=4.059E-05 rmsd=5.529E+00 s=[ 0 0 0 1 1 0 1 1 1 0 1 1 0 0 0 0 1 1 1 1 1 1 1 1 ]
d13=7.459875878018 eijMax=1.991E-03 rmsd=5.533E+00 s=[ 0 0 0 0 0 1 0 0 0 1 0 0 1 1 1 1 0 0 0 0 0 0 0 0 ]
d13=7.459875878018 eijMax=1.991E-03 rmsd=5.533E+00 s=[ 0 0 0 1 1 0 1 1 1 0 1 1 0 0 0 0 1 1 1 1 1 1 1 1 ]
d13=7.460917576577 eijMax=4.027E-03 rmsd=5.537E+00 s=[ 0 0 0 0 0 1 0 0 0 1 0 0 1 1 1 1 0 0 0 0 0 0 0 0 ]
d13=7.460917576577 eijMax=4.027E-03 rmsd=5.537E+00 s=[ 0 0 0 1 1 0 1 1 1 0 1 1 0 0 0 0 1 1 1 1 1 1 1 1 ]
d13=7.461959275135 eijMax=6.066E-03 rmsd=5.541E+00 s=[ 0 0 0 0 0 1 0 0 0 1 0 0 1 1 1 1 0 0 0 0 0 0 0 0 ]
d13=7.461959275135 eijMax=6.066E-03 rmsd=5.541E+00 s=[ 0 0 0 1 1 0 1 1 1 0 1 1 0 0 0 0 1 1 1 1 1 1 1 1 ]
d13=7.463000973694 eijMax=8.108E-03 rmsd=5.545E+00 s=[ 0 0 0 0 0 1 0 0 0 1 0 0 1 1 1 1 0 0 0 0 0 0 0 0 ]
d13=7.463000973694 eijMax=8.108E-03 rmsd=5.545E+00 s=[ 0 0 0 1 1 0 1 1 1 0 1 1 0 0 0 0 1 1 1 1 1 1 1 1 ]
d13=7.476543054955 eijMax=9.647E-03 rmsd=5.823E+00 s=[ 0 0 0 0 0 0 1 1 1 1 0 0 1 1 1 1 0 0 0 0 0 0 0 0 ]
d13=7.476543054955 eijMax=9.647E-03 rmsd=5.823E+00 s=[ 0 0 0 1 1 1 0 0 0 0 1 1 0 0 0 0 1 1 1 1 1 1 1 1 ]
d13=7.477584753514 eijMax=7.602E-03 rmsd=5.826E+00 s=[ 0 0 0 0 0 0 1 1 1 1 0 0 1 1 1 1 0 0 0 0 0 0 0 0 ]
d13=7.477584753514 eijMax=7.602E-03 rmsd=5.826E+00 s=[ 0 0 0 1 1 1 0 0 0 0 1 1 0 0 0 0 1 1 1 1 1 1 1 1 ]
d13=7.478626452072 eijMax=5.553E-03 rmsd=5.828E+00 s=[ 0 0 0 0 0 0 1 1 1 1 0 0 1 1 1 1 0 0 0 0 0 0 0 0 ]
d13=7.478626452072 eijMax=5.553E-03 rmsd=5.828E+00 s=[ 0 0 0 1 1 1 0 0 0 0 1 1 0 0 0 0 1 1 1 1 1 1 1 1 ]
d13=7.479668150631 eijMax=3.500E-03 rmsd=5.831E+00 s=[ 0 0 0 0 0 0 1 1 1 1 0 0 1 1 1 1 0 0 0 0 0 0 0 0 ]
d13=7.479668150631 eijMax=3.500E-03 rmsd=5.831E+00 s=[ 0 0 0 1 1 1 0 0 0 0 1 1 0 0 0 0 1 1 1 1 1 1 1 1 ]
d13=7.480709849189 eijMax=1.443E-03 rmsd=5.834E+00 s=[ 0 0 0 0 0 0 1 1 1 1 0 0 1 1 1 1 0 0 0 0 0 0 0 0 ]
d13=7.480709849189 eijMax=1.443E-03 rmsd=5.834E+00 s=[ 0 0 0 1 1 1 0 0 0 0 1 1 0 0 0 0 1 1 1 1 1 1 1 1 ]
d13=7.481751547748 eijMax=6.184E-04 rmsd=5.836E+00 s=[ 0 0 0 0 0 0 1 1 1 1 0 0 1 1 1 1 0 0 0 0 0 0 0 0 ]
d13=7.481751547748 eijMax=6.184E-04 rmsd=5.836E+00 s=[ 0 0 0 1 1 1 0 0 0 0 1 1 0 0 0 0 1 1 1 1 1 1 1 1 ]
d13=7.482793246306 eijMax=2.683E-03 rmsd=5.839E+00 s=[ 0 0 0 0 0 0 1 1 1 1 0 0 1 1 1 1 0 0 0 0 0 0 0 0 ]
d13=7.482793246306 eijMax=2.683E-03 rmsd=5.839E+00 s=[ 0 0 0 1 1 1 0 0 0 0 1 1 0 0 0 0 1 1 1 1 1 1 1 1 ]
d13=7.483834944865 eijMax=4.752E-03 rmsd=5.842E+00 s=[ 0 0 0 0 0 0 1 1 1 1 0 0 1 1 1 1 0 0 0 0 0 0 0 0 ]
d13=7.483834944865 eijMax=4.752E-03 rmsd=5.842E+00 s=[ 0 0 0 1 1 1 0 0 0 0 1 1 0 0 0 0 1 1 1 1 1 1 1 1 ]
d13=7.484876643423 eijMax=6.825E-03 rmsd=5.845E+00 s=[ 0 0 0 0 0 0 1 1 1 1 0 0 1 1 1 1 0 0 0 0 0 0 0 0 ]
d13=7.484876643423 eijMax=6.825E-03 rmsd=5.845E+00 s=[ 0 0 0 1 1 1 0 0 0 0 1 1 0 0 0 0 1 1 1 1 1 1 1 1 ]
d13=7.485918341982 eijMax=8.902E-03 rmsd=5.847E+00 s=[ 0 0 0 0 0 0 1 1 1 1 0 0 1 1 1 1 0 0 0 0 0 0 0 0 ]
d13=7.485918341982 eijMax=8.902E-03 rmsd=5.847E+00 s=[ 0 0 0 1 1 1 0 0 0 0 1 1 0 0 0 0 1 1 1 1 1 1 1 1 ]
d13=7.566129130991 eijMax=9.359E-03 rmsd=2.912E+00 s=[ 0 0 0 0 1 0 1 1 1 1 0 0 1 1 1 1 0 0 0 0 0 0 0 0 ]
d13=7.566129130991 eijMax=9.359E-03 rmsd=2.912E+00 s=[ 0 0 0 1 0 1 0 0 0 0 1 1 0 0 0 0 1 1 1 1 1 1 1 1 ]
d13=7.567170829550 eijMax=7.336E-03 rmsd=2.915E+00 s=[ 0 0 0 0 1 0 1 1 1 1 0 0 1 1 1 1 0 0 0 0 0 0 0 0 ]
d13=7.567170829550 eijMax=7.336E-03 rmsd=2.915E+00 s=[ 0 0 0 1 0 1 0 0 0 0 1 1 0 0 0 0 1 1 1 1 1 1 1 1 ]
d13=7.568212528108 eijMax=5.306E-03 rmsd=2.918E+00 s=[ 0 0 0 0 1 0 1 1 1 1 0 0 1 1 1 1 0 0 0 0 0 0 0 0 ]
d13=7.568212528108 eijMax=5.306E-03 rmsd=2.918E+00 s=[ 0 0 0 1 0 1 0 0 0 0 1 1 0 0 0 0 1 1 1 1 1 1 1 1 ]
d13=7.569254226667 eijMax=3.269E-03 rmsd=2.920E+00 s=[ 0 0 0 0 1 0 1 1 1 1 0 0 1 1 1 1 0 0 0 0 0 0 0 0 ]
d13=7.569254226667 eijMax=3.269E-03 rmsd=2.920E+00 s=[ 0 0 0 1 0 1 0 0 0 0 1 1 0 0 0 0 1 1 1 1 1 1 1 1 ]
d13=7.570295925225 eijMax=1.224E-03 rmsd=2.923E+00 s=[ 0 0 0 0 1 0 1 1 1 1 0 0 1 1 1 1 0 0 0 0 0 0 0 0 ]
d13=7.570295925225 eijMax=1.224E-03 rmsd=2.923E+00 s=[ 0 0 0 1 0 1 0 0 0 0 1 1 0 0 0 0 1 1 1 1 1 1 1 1 ]
d13=7.571337623784 eijMax=8.285E-04 rmsd=2.926E+00 s=[ 0 0 0 0 1 0 1 1 1 1 0 0 1 1 1 1 0 0 0 0 0 0 0 0 ]
d13=7.571337623784 eijMax=8.285E-04 rmsd=2.926E+00 s=[ 0 0 0 1 0 1 0 0 0 0 1 1 0 0 0 0 1 1 1 1 1 1 1 1 ]
d13=7.572379322342 eijMax=2.888E-03 rmsd=2.929E+00 s=[ 0 0 0 0 1 0 1 1 1 1 0 0 1 1 1 1 0 0 0 0 0 0 0 0 ]
d13=7.572379322342 eijMax=2.888E-03 rmsd=2.929E+00 s=[ 0 0 0 1 0 1 0 0 0 0 1 1 0 0 0 0 1 1 1 1 1 1 1 1 ]
d13=7.573421020901 eijMax=4.955E-03 rmsd=2.932E+00 s=[ 0 0 0 0 1 0 1 1 1 1 0 0 1 1 1 1 0 0 0 0 0 0 0 0 ]
d13=7.573421020901 eijMax=4.955E-03 rmsd=2.932E+00 s=[ 0 0 0 1 0 1 0 0 0 0 1 1 0 0 0 0 1 1 1 1 1 1 1 1 ]
d13=7.574462719459 eijMax=7.029E-03 rmsd=2.934E+00 s=[ 0 0 0 0 1 0 1 1 1 1 0 0 1 1 1 1 0 0 0 0 0 0 0 0 ]
d13=7.574462719459 eijMax=7.029E-03 rmsd=2.934E+00 s=[ 0 0 0 1 0 1 0 0 0 0 1 1 0 0 0 0 1 1 1 1 1 1 1 1 ]
d13=7.575504418018 eijMax=9.111E-03 rmsd=2.937E+00 s=[ 0 0 0 0 1 0 1 1 1 1 0 0 1 1 1 1 0 0 0 0 0 0 0 0 ]
d13=7.575504418018 eijMax=9.111E-03 rmsd=2.937E+00 s=[ 0 0 0 1 0 1 0 0 0 0 1 1 0 0 0 0 1 1 1 1 1 1 1 1 ]
d13=7.611963867568 eijMax=8.248E-03 rmsd=3.586E+00 s=[ 0 0 0 0 1 1 0 0 0 1 0 0 1 1 1 1 0 0 0 0 0 0 0 0 ]
d13=7.611963867568 eijMax=8.248E-03 rmsd=3.586E+00 s=[ 0 0 0 1 0 0 1 1 1 0 1 1 0 0 0 0 1 1 1 1 1 1 1 1 ]
d13=7.613005566126 eijMax=5.696E-03 rmsd=3.593E+00 s=[ 0 0 0 0 1 1 0 0 0 1 0 0 1 1 1 1 0 0 0 0 0 0 0 0 ]
d13=7.613005566126 eijMax=5.696E-03 rmsd=3.593E+00 s=[ 0 0 0 1 0 0 1 1 1 0 1 1 0 0 0 0 1 1 1 1 1 1 1 1 ]
d13=7.614047264685 eijMax=3.134E-03 rmsd=3.600E+00 s=[ 0 0 0 0 1 1 0 0 0 1 0 0 1 1 1 1 0 0 0 0 0 0 0 0 ]
d13=7.614047264685 eijMax=3.134E-03 rmsd=3.600E+00 s=[ 0 0 0 1 0 0 1 1 1 0 1 1 0 0 0 0 1 1 1 1 1 1 1 1 ]
d13=7.615088963243 eijMax=5.632E-04 rmsd=3.608E+00 s=[ 0 0 0 0 1 1 0 0 0 1 0 0 1 1 1 1 0 0 0 0 0 0 0 0 ]
d13=7.615088963243 eijMax=5.632E-04 rmsd=3.608E+00 s=[ 0 0 0 1 0 0 1 1 1 0 1 1 0 0 0 0 1 1 1 1 1 1 1 1 ]
d13=7.616130661802 eijMax=2.017E-03 rmsd=3.615E+00 s=[ 0 0 0 0 1 1 0 0 0 1 0 0 1 1 1 1 0 0 0 0 0 0 0 0 ]
d13=7.616130661802 eijMax=2.017E-03 rmsd=3.615E+00 s=[ 0 0 0 1 0 0 1 1 1 0 1 1 0 0 0 0 1 1 1 1 1 1 1 1 ]
d13=7.617172360360 eijMax=4.607E-03 rmsd=3.622E+00 s=[ 0 0 0 0 1 1 0 0 0 1 0 0 1 1 1 1 0 0 0 0 0 0 0 0 ]
d13=7.617172360360 eijMax=4.607E-03 rmsd=3.622E+00 s=[ 0 0 0 1 0 0 1 1 1 0 1 1 0 0 0 0 1 1 1 1 1 1 1 1 ]
d13=7.618214058919 eijMax=7.206E-03 rmsd=3.630E+00 s=[ 0 0 0 0 1 1 0 0 0 1 0 0 1 1 1 1 0 0 0 0 0 0 0 0 ]
d13=7.618214058919 eijMax=7.206E-03 rmsd=3.630E+00 s=[ 0 0 0 1 0 0 1 1 1 0 1 1 0 0 0 0 1 1 1 1 1 1 1 1 ]
d13=7.619255757477 eijMax=9.815E-03 rmsd=3.637E+00 s=[ 0 0 0 0 1 1 0 0 0 1 0 0 1 1 1 1 0 0 0 0 0 0 0 0 ]
d13=7.619255757477 eijMax=9.815E-03 rmsd=3.637E+00 s=[ 0 0 0 1 0 0 1 1 1 0 1 1 0 0 0 0 1 1 1 1 1 1 1 1 ]
d13=7.691132958018 eijMax=8.852E-03 rmsd=5.247E+00 s=[ 0 0 0 0 0 1 0 0 0 0 1 1 0 0 1 1 0 0 0 0 0 0 0 0 ]
d13=7.691132958018 eijMax=8.852E-03 rmsd=5.247E+00 s=[ 0 0 0 1 1 0 1 1 1 1 0 0 1 1 0 0 1 1 1 1 1 1 1 1 ]
d13=7.692174656577 eijMax=6.455E-03 rmsd=5.246E+00 s=[ 0 0 0 0 0 1 0 0 0 0 1 1 0 0 1 1 0 0 0 0 0 0 0 0 ]
d13=7.692174656577 eijMax=6.455E-03 rmsd=5.246E+00 s=[ 0 0 0 1 1 0 1 1 1 1 0 0 1 1 0 0 1 1 1 1 1 1 1 1 ]
d13=7.693216355135 eijMax=4.043E-03 rmsd=5.245E+00 s=[ 0 0 0 0 0 1 0 0 0 0 1 1 0 0 1 1 0 0 0 0 0 0 0 0 ]
d13=7.693216355135 eijMax=4.043E-03 rmsd=5.245E+00 s=[ 0 0 0 1 1 0 1 1 1 1 0 0 1 1 0 0 1 1 1 1 1 1 1 1 ]
d13=7.694258053694 eijMax=1.617E-03 rmsd=5.244E+00 s=[ 0 0 0 0 0 1 0 0 0 0 1 1 0 0 1 1 0 0 0 0 0 0 0 0 ]
d13=7.694258053694 eijMax=1.617E-03 rmsd=5.244E+00 s=[ 0 0 0 1 1 0 1 1 1 1 0 0 1 1 0 0 1 1 1 1 1 1 1 1 ]
d13=7.695299752252 eijMax=8.242E-04 rmsd=5.244E+00 s=[ 0 0 0 0 0 1 0 0 0 0 1 1 0 0 1 1 0 0 0 0 0 0 0 0 ]
d13=7.695299752252 eijMax=8.242E-04 rmsd=5.244E+00 s=[ 0 0 0 1 1 0 1 1 1 1 0 0 1 1 0 0 1 1 1 1 1 1 1 1 ]
d13=7.696341450811 eijMax=3.281E-03 rmsd=5.243E+00 s=[ 0 0 0 0 0 1 0 0 0 0 1 1 0 0 1 1 0 0 0 0 0 0 0 0 ]
d13=7.696341450811 eijMax=3.281E-03 rmsd=5.243E+00 s=[ 0 0 0 1 1 0 1 1 1 1 0 0 1 1 0 0 1 1 1 1 1 1 1 1 ]
d13=7.697383149369 eijMax=5.752E-03 rmsd=5.242E+00 s=[ 0 0 0 0 0 1 0 0 0 0 1 1 0 0 1 1 0 0 0 0 0 0 0 0 ]
d13=7.697383149369 eijMax=5.752E-03 rmsd=5.242E+00 s=[ 0 0 0 1 1 0 1 1 1 1 0 0 1 1 0 0 1 1 1 1 1 1 1 1 ]
d13=7.698424847928 eijMax=8.240E-03 rmsd=5.241E+00 s=[ 0 0 0 0 0 1 0 0 0 0 1 1 0 0 1 1 0 0 0 0 0 0 0 0 ]
d13=7.698424847928 eijMax=8.240E-03 rmsd=5.241E+00 s=[ 0 0 0 1 1 0 1 1 1 1 0 0 1 1 0 0 1 1 1 1 1 1 1 1 ]
d13=7.699466546486 eijMax=9.794E-03 rmsd=4.746E+00 s=[ 0 0 0 0 0 0 1 1 1 0 1 1 0 0 1 1 0 0 0 0 0 0 0 0 ]
d13=7.699466546486 eijMax=9.794E-03 rmsd=4.746E+00 s=[ 0 0 0 1 1 1 0 0 0 1 0 0 1 1 0 0 1 1 1 1 1 1 1 1 ]
d13=7.700508245045 eijMax=7.442E-03 rmsd=4.741E+00 s=[ 0 0 0 0 0 0 1 1 1 0 1 1 0 0 1 1 0 0 0 0 0 0 0 0 ]
d13=7.700508245045 eijMax=7.442E-03 rmsd=4.741E+00 s=[ 0 0 0 1 1 1 0 0 0 1 0 0 1 1 0 0 1 1 1 1 1 1 1 1 ]
d13=7.701549943604 eijMax=5.075E-03 rmsd=4.737E+00 s=[ 0 0 0 0 0 0 1 1 1 0 1 1 0 0 1 1 0 0 0 0 0 0 0 0 ]
d13=7.701549943604 eijMax=5.075E-03 rmsd=4.737E+00 s=[ 0 0 0 1 1 1 0 0 0 1 0 0 1 1 0 0 1 1 1 1 1 1 1 1 ]
d13=7.702591642162 eijMax=2.692E-03 rmsd=4.732E+00 s=[ 0 0 0 0 0 0 1 1 1 0 1 1 0 0 1 1 0 0 0 0 0 0 0 0 ]
d13=7.702591642162 eijMax=2.692E-03 rmsd=4.732E+00 s=[ 0 0 0 1 1 1 0 0 0 1 0 0 1 1 0 0 1 1 1 1 1 1 1 1 ]
d13=7.703633340721 eijMax=2.943E-04 rmsd=4.728E+00 s=[ 0 0 0 0 0 0 1 1 1 0 1 1 0 0 1 1 0 0 0 0 0 0 0 0 ]
d13=7.703633340721 eijMax=2.943E-04 rmsd=4.728E+00 s=[ 0 0 0 1 1 1 0 0 0 1 0 0 1 1 0 0 1 1 1 1 1 1 1 1 ]
d13=7.704675039279 eijMax=2.119E-03 rmsd=4.723E+00 s=[ 0 0 0 0 0 0 1 1 1 0 1 1 0 0 1 1 0 0 0 0 0 0 0 0 ]
d13=7.704675039279 eijMax=2.119E-03 rmsd=4.723E+00 s=[ 0 0 0 1 1 1 0 0 0 1 0 0 1 1 0 0 1 1 1 1 1 1 1 1 ]
d13=7.705716737838 eijMax=4.548E-03 rmsd=4.719E+00 s=[ 0 0 0 0 0 0 1 1 1 0 1 1 0 0 1 1 0 0 0 0 0 0 0 0 ]
d13=7.705716737838 eijMax=4.548E-03 rmsd=4.719E+00 s=[ 0 0 0 1 1 1 0 0 0 1 0 0 1 1 0 0 1 1 1 1 1 1 1 1 ]
d13=7.706758436396 eijMax=6.994E-03 rmsd=4.714E+00 s=[ 0 0 0 0 0 0 1 1 1 0 1 1 0 0 1 1 0 0 0 0 0 0 0 0 ]
d13=7.706758436396 eijMax=6.994E-03 rmsd=4.714E+00 s=[ 0 0 0 1 1 1 0 0 0 1 0 0 1 1 0 0 1 1 1 1 1 1 1 1 ]
d13=7.707800134955 eijMax=9.456E-03 rmsd=4.709E+00 s=[ 0 0 0 0 0 0 1 1 1 0 1 1 0 0 1 1 0 0 0 0 0 0 0 0 ]
d13=7.707800134955 eijMax=9.456E-03 rmsd=4.709E+00 s=[ 0 0 0 1 1 1 0 0 0 1 0 0 1 1 0 0 1 1 1 1 1 1 1 1 ]
d13=7.734884297477 eijMax=9.438E-03 rmsd=2.788E+00 s=[ 0 0 0 0 1 1 0 0 0 0 0 0 1 1 1 1 0 0 0 0 0 0 0 0 ]
d13=7.734884297477 eijMax=9.438E-03 rmsd=2.788E+00 s=[ 0 0 0 1 0 0 1 1 1 1 1 1 0 0 0 0 1 1 1 1 1 1 1 1 ]
d13=7.735925996036 eijMax=7.746E-03 rmsd=2.794E+00 s=[ 0 0 0 0 1 1 0 0 0 0 0 0 1 1 1 1 0 0 0 0 0 0 0 0 ]
d13=7.735925996036 eijMax=7.746E-03 rmsd=2.794E+00 s=[ 0 0 0 1 0 0 1 1 1 1 1 1 0 0 0 0 1 1 1 1 1 1 1 1 ]
d13=7.736967694595 eijMax=6.045E-03 rmsd=2.799E+00 s=[ 0 0 0 0 1 1 0 0 0 0 0 0 1 1 1 1 0 0 0 0 0 0 0 0 ]
d13=7.736967694595 eijMax=6.045E-03 rmsd=2.799E+00 s=[ 0 0 0 1 0 0 1 1 1 1 1 1 0 0 0 0 1 1 1 1 1 1 1 1 ]
d13=7.738009393153 eijMax=4.334E-03 rmsd=2.805E+00 s=[ 0 0 0 0 1 1 0 0 0 0 0 0 1 1 1 1 0 0 0 0 0 0 0 0 ]
d13=7.738009393153 eijMax=4.334E-03 rmsd=2.805E+00 s=[ 0 0 0 1 0 0 1 1 1 1 1 1 0 0 0 0 1 1 1 1 1 1 1 1 ]
d13=7.739051091712 eijMax=8.925E-03 rmsd=7.137E-02 s=[ 0 0 0 0 1 0 1 1 1 0 0 0 1 1 1 1 0 0 0 0 0 0 0 0 ]
d13=7.739051091712 eijMax=2.615E-03 rmsd=2.811E+00 s=[ 0 0 0 0 1 1 0 0 0 0 0 0 1 1 1 1 0 0 0 0 0 0 0 0 ]
d13=7.739051091712 eijMax=2.615E-03 rmsd=2.811E+00 s=[ 0 0 0 1 0 0 1 1 1 1 1 1 0 0 0 0 1 1 1 1 1 1 1 1 ]
d13=7.739051091712 eijMax=8.925E-03 rmsd=7.137E-02 s=[ 0 0 0 1 0 1 0 0 0 1 1 1 0 0 0 0 1 1 1 1 1 1 1 1 ]
d13=7.740092790270 eijMax=7.033E-03 rmsd=5.648E-02 s=[ 0 0 0 0 1 0 1 1 1 0 0 0 1 1 1 1 0 0 0 0 0 0 0 0 ]
d13=7.740092790270 eijMax=8.856E-04 rmsd=2.817E+00 s=[ 0 0 0 0 1 1 0 0 0 0 0 0 1 1 1 1 0 0 0 0 0 0 0 0 ]
d13=7.740092790270 eijMax=8.856E-04 rmsd=2.817E+00 s=[ 0 0 0 1 0 0 1 1 1 1 1 1 0 0 0 0 1 1 1 1 1 1 1 1 ]
d13=7.740092790270 eijMax=7.033E-03 rmsd=5.648E-02 s=[ 0 0 0 1 0 1 0 0 0 1 1 1 0 0 0 0 1 1 1 1 1 1 1 1 ]
d13=7.741134488829 eijMax=5.131E-03 rmsd=4.137E-02 s=[ 0 0 0 0 1 0 1 1 1 0 0 0 1 1 1 1 0 0 0 0 0 0 0 0 ]
d13=7.741134488829 eijMax=8.530E-04 rmsd=2.823E+00 s=[ 0 0 0 0 1 1 0 0 0 0 0 0 1 1 1 1 0 0 0 0 0 0 0 0 ]
d13=7.741134488829 eijMax=8.530E-04 rmsd=2.823E+00 s=[ 0 0 0 1 0 0 1 1 1 1 1 1 0 0 0 0 1 1 1 1 1 1 1 1 ]
d13=7.741134488829 eijMax=5.131E-03 rmsd=4.137E-02 s=[ 0 0 0 1 0 1 0 0 0 1 1 1 0 0 0 0 1 1 1 1 1 1 1 1 ]
d13=7.742176187387 eijMax=3.218E-03 rmsd=2.604E-02 s=[ 0 0 0 0 1 0 1 1 1 0 0 0 1 1 1 1 0 0 0 0 0 0 0 0 ]
d13=7.742176187387 eijMax=2.601E-03 rmsd=2.829E+00 s=[ 0 0 0 0 1 1 0 0 0 0 0 0 1 1 1 1 0 0 0 0 0 0 0 0 ]
d13=7.742176187387 eijMax=2.601E-03 rmsd=2.829E+00 s=[ 0 0 0 1 0 0 1 1 1 1 1 1 0 0 0 0 1 1 1 1 1 1 1 1 ]
d13=7.742176187387 eijMax=3.218E-03 rmsd=2.604E-02 s=[ 0 0 0 1 0 1 0 0 0 1 1 1 0 0 0 0 1 1 1 1 1 1 1 1 ]
d13=7.743217885946 eijMax=1.292E-03 rmsd=1.047E-02 s=[ 0 0 0 0 1 0 1 1 1 0 0 0 1 1 1 1 0 0 0 0 0 0 0 0 ]
d13=7.743217885946 eijMax=4.360E-03 rmsd=2.835E+00 s=[ 0 0 0 0 1 1 0 0 0 0 0 0 1 1 1 1 0 0 0 0 0 0 0 0 ]
d13=7.743217885946 eijMax=4.360E-03 rmsd=2.835E+00 s=[ 0 0 0 1 0 0 1 1 1 1 1 1 0 0 0 0 1 1 1 1 1 1 1 1 ]
d13=7.743217885946 eijMax=1.292E-03 rmsd=1.047E-02 s=[ 0 0 0 1 0 1 0 0 0 1 1 1 0 0 0 0 1 1 1 1 1 1 1 1 ]
d13=7.744259584505 eijMax=6.443E-04 rmsd=5.342E-03 s=[ 0 0 0 0 1 0 1 1 1 0 0 0 1 1 1 1 0 0 0 0 0 0 0 0 ]
d13=7.744259584505 eijMax=6.128E-03 rmsd=2.842E+00 s=[ 0 0 0 0 1 1 0 0 0 0 0 0 1 1 1 1 0 0 0 0 0 0 0 0 ]
d13=7.744259584505 eijMax=6.128E-03 rmsd=2.842E+00 s=[ 0 0 0 1 0 0 1 1 1 1 1 1 0 0 0 0 1 1 1 1 1 1 1 1 ]
d13=7.744259584505 eijMax=6.443E-04 rmsd=5.342E-03 s=[ 0 0 0 1 0 1 0 0 0 1 1 1 0 0 0 0 1 1 1 1 1 1 1 1 ]
d13=7.745301283063 eijMax=2.593E-03 rmsd=2.140E-02 s=[ 0 0 0 0 1 0 1 1 1 0 0 0 1 1 1 1 0 0 0 0 0 0 0 0 ]
d13=7.745301283063 eijMax=7.907E-03 rmsd=2.848E+00 s=[ 0 0 0 0 1 1 0 0 0 0 0 0 1 1 1 1 0 0 0 0 0 0 0 0 ]
d13=7.745301283063 eijMax=7.907E-03 rmsd=2.848E+00 s=[ 0 0 0 1 0 0 1 1 1 1 1 1 0 0 0 0 1 1 1 1 1 1 1 1 ]
d13=7.745301283063 eijMax=2.593E-03 rmsd=2.140E-02 s=[ 0 0 0 1 0 1 0 0 0 1 1 1 0 0 0 0 1 1 1 1 1 1 1 1 ]
d13=7.746342981622 eijMax=4.554E-03 rmsd=3.770E-02 s=[ 0 0 0 0 1 0 1 1 1 0 0 0 1 1 1 1 0 0 0 0 0 0 0 0 ]
d13=7.746342981622 eijMax=9.696E-03 rmsd=2.855E+00 s=[ 0 0 0 0 1 1 0 0 0 0 0 0 1 1 1 1 0 0 0 0 0 0 0 0 ]
d13=7.746342981622 eijMax=9.696E-03 rmsd=2.855E+00 s=[ 0 0 0 1 0 0 1 1 1 1 1 1 0 0 0 0 1 1 1 1 1 1 1 1 ]
d13=7.746342981622 eijMax=4.554E-03 rmsd=3.770E-02 s=[ 0 0 0 1 0 1 0 0 0 1 1 1 0 0 0 0 1 1 1 1 1 1 1 1 ]
d13=7.747384680180 eijMax=6.528E-03 rmsd=5.427E-02 s=[ 0 0 0 0 1 0 1 1 1 0 0 0 1 1 1 1 0 0 0 0 0 0 0 0 ]
d13=7.747384680180 eijMax=6.528E-03 rmsd=5.427E-02 s=[ 0 0 0 1 0 1 0 0 0 1 1 1 0 0 0 0 1 1 1 1 1 1 1 1 ]
d13=7.748426378739 eijMax=8.515E-03 rmsd=7.111E-02 s=[ 0 0 0 0 1 0 1 1 1 0 0 0 1 1 1 1 0 0 0 0 0 0 0 0 ]
d13=7.748426378739 eijMax=8.515E-03 rmsd=7.111E-02 s=[ 0 0 0 1 0 1 0 0 0 1 1 1 0 0 0 0 1 1 1 1 1 1 1 1 ]
num ..... 1000
nnodes .. 24
nedges .. 123
nsols ... 476
tsecs ... 41.424293
