d13=6.836940140000 eijMax=8.869E-03 rmsd=7.770E+00 s=[ 0 0 0 0 0 1 0 0 0 0 1 1 0 0 0 1 0 0 0 0 0 0 0 0 ]
d13=6.836940140000 eijMax=8.869E-03 rmsd=7.770E+00 s=[ 0 0 0 1 1 0 1 1 1 1 0 0 1 1 1 0 1 1 1 1 1 1 1 1 ]
d13=6.878986881818 eijMax=7.495E-03 rmsd=7.770E+00 s=[ 0 0 0 0 1 1 0 0 0 0 0 0 1 1 0 1 0 0 0 0 0 0 0 0 ]
d13=6.878986881818 eijMax=1.741E-03 rmsd=8.034E+00 s=[ 0 0 0 0 1 1 0 0 0 1 1 1 0 0 1 1 0 0 0 0 0 0 0 0 ]
d13=6.878986881818 eijMax=1.741E-03 rmsd=8.034E+00 s=[ 0 0 0 1 0 0 1 1 1 0 0 0 1 1 0 0 1 1 1 1 1 1 1 1 ]
d13=6.878986881818 eijMax=7.495E-03 rmsd=7.770E+00 s=[ 0 0 0 1 0 0 1 1 1 1 1 1 0 0 1 0 1 1 1 1 1 1 1 1 ]
d13=6.889498567273 eijMax=7.843E-03 rmsd=7.591E+00 s=[ 0 0 0 0 1 0 1 1 1 0 0 0 1 1 0 1 0 0 0 0 0 0 0 0 ]
d13=6.889498567273 eijMax=8.878E-03 rmsd=7.861E+00 s=[ 0 0 0 0 1 1 0 0 0 1 1 1 0 0 1 1 0 0 0 0 0 0 0 0 ]
d13=6.889498567273 eijMax=8.878E-03 rmsd=7.861E+00 s=[ 0 0 0 1 0 0 1 1 1 0 0 0 1 1 0 0 1 1 1 1 1 1 1 1 ]
d13=6.889498567273 eijMax=7.843E-03 rmsd=7.591E+00 s=[ 0 0 0 1 0 1 0 0 0 1 1 1 0 0 1 0 1 1 1 1 1 1 1 1 ]
d13=6.900010252727 eijMax=7.217E-03 rmsd=8.091E+00 s=[ 0 0 0 0 0 0 1 1 1 1 0 0 1 1 1 0 1 1 1 1 1 1 1 1 ]
d13=6.900010252727 eijMax=7.217E-03 rmsd=8.091E+00 s=[ 0 0 0 1 1 1 0 0 0 0 1 1 0 0 0 1 0 0 0 0 0 0 0 0 ]
d13=6.921033623636 eijMax=2.535E-03 rmsd=8.190E+00 s=[ 0 0 0 0 0 0 1 1 1 0 1 1 0 0 1 0 1 1 1 1 1 1 1 1 ]
d13=6.921033623636 eijMax=2.535E-03 rmsd=8.190E+00 s=[ 0 0 0 1 1 1 0 0 0 1 0 0 1 1 0 1 0 0 0 0 0 0 0 0 ]
d13=6.931545309091 eijMax=4.935E-03 rmsd=7.955E+00 s=[ 0 0 0 0 0 1 0 0 0 0 1 1 0 0 1 0 1 1 1 1 1 1 1 1 ]
d13=6.931545309091 eijMax=4.935E-03 rmsd=7.955E+00 s=[ 0 0 0 1 1 0 1 1 1 1 0 0 1 1 0 1 0 0 0 0 0 0 0 0 ]
d13=6.942056994545 eijMax=4.384E-03 rmsd=7.106E+00 s=[ 0 0 0 0 1 1 0 0 0 0 0 0 1 1 1 0 1 1 1 1 1 1 1 1 ]
d13=6.942056994545 eijMax=4.384E-03 rmsd=7.106E+00 s=[ 0 0 0 1 0 0 1 1 1 1 1 1 0 0 0 1 0 0 0 0 0 0 0 0 ]
d13=6.952568680000 eijMax=1.666E-03 rmsd=6.863E+00 s=[ 0 0 0 0 1 0 1 1 1 0 0 0 1 1 1 0 1 1 1 1 1 1 1 1 ]
d13=6.952568680000 eijMax=1.666E-03 rmsd=6.863E+00 s=[ 0 0 0 1 0 1 0 0 0 1 1 1 0 0 0 1 0 0 0 0 0 0 0 0 ]
d13=6.963080365455 eijMax=7.471E-03 rmsd=7.148E+00 s=[ 0 0 0 0 1 1 0 0 0 1 1 1 0 0 1 1 0 0 0 0 0 0 0 0 ]
d13=6.963080365455 eijMax=7.471E-03 rmsd=7.148E+00 s=[ 0 0 0 1 0 0 1 1 1 0 0 0 1 1 0 0 1 1 1 1 1 1 1 1 ]
d13=6.973592050909 eijMax=3.695E-03 rmsd=7.077E+00 s=[ 0 0 0 0 1 1 0 0 0 1 1 1 0 0 1 1 0 0 0 0 0 0 0 0 ]
d13=6.973592050909 eijMax=3.695E-03 rmsd=7.077E+00 s=[ 0 0 0 1 0 0 1 1 1 0 0 0 1 1 0 0 1 1 1 1 1 1 1 1 ]
d13=6.984103736364 eijMax=3.881E-04 rmsd=7.010E+00 s=[ 0 0 0 0 1 1 0 0 0 1 1 1 0 0 1 1 0 0 0 0 0 0 0 0 ]
d13=6.984103736364 eijMax=3.881E-04 rmsd=7.010E+00 s=[ 0 0 0 1 0 0 1 1 1 0 0 0 1 1 0 0 1 1 1 1 1 1 1 1 ]
d13=6.994615421818 eijMax=4.698E-03 rmsd=6.946E+00 s=[ 0 0 0 0 1 1 0 0 0 1 1 1 0 0 1 1 0 0 0 0 0 0 0 0 ]
d13=6.994615421818 eijMax=4.698E-03 rmsd=6.946E+00 s=[ 0 0 0 1 0 0 1 1 1 0 0 0 1 1 0 0 1 1 1 1 1 1 1 1 ]
d13=7.005127107273 eijMax=5.046E-03 rmsd=7.261E+00 s=[ 0 0 0 0 0 1 0 0 0 1 1 1 0 0 1 1 0 0 0 0 0 0 0 0 ]
d13=7.005127107273 eijMax=9.165E-03 rmsd=6.884E+00 s=[ 0 0 0 0 1 1 0 0 0 1 1 1 0 0 1 1 0 0 0 0 0 0 0 0 ]
d13=7.005127107273 eijMax=9.165E-03 rmsd=6.884E+00 s=[ 0 0 0 1 0 0 1 1 1 0 0 0 1 1 0 0 1 1 1 1 1 1 1 1 ]
d13=7.005127107273 eijMax=5.046E-03 rmsd=7.261E+00 s=[ 0 0 0 1 1 0 1 1 1 0 0 0 1 1 0 0 1 1 1 1 1 1 1 1 ]
d13=7.026150478182 eijMax=1.820E-04 rmsd=7.689E+00 s=[ 0 0 0 0 0 0 1 1 1 1 1 1 0 0 1 1 0 0 0 0 0 0 0 0 ]
d13=7.026150478182 eijMax=1.820E-04 rmsd=7.689E+00 s=[ 0 0 0 1 1 1 0 0 0 0 0 0 1 1 0 0 1 1 1 1 1 1 1 1 ]
d13=7.225872501818 eijMax=6.867E-03 rmsd=4.979E+00 s=[ 0 0 0 0 1 0 1 1 1 0 1 1 0 0 1 1 0 0 0 0 0 0 0 0 ]
d13=7.225872501818 eijMax=6.867E-03 rmsd=4.979E+00 s=[ 0 0 0 1 0 1 0 0 0 1 0 0 1 1 0 0 1 1 1 1 1 1 1 1 ]
d13=7.236384187273 eijMax=8.330E-03 rmsd=4.984E+00 s=[ 0 0 0 0 1 0 1 1 1 0 1 1 0 0 1 1 0 0 0 0 0 0 0 0 ]
d13=7.236384187273 eijMax=8.330E-03 rmsd=4.984E+00 s=[ 0 0 0 1 0 1 0 0 0 1 0 0 1 1 0 0 1 1 1 1 1 1 1 1 ]
d13=7.457129581818 eijMax=3.358E-03 rmsd=5.523E+00 s=[ 0 0 0 0 0 1 0 0 0 1 0 0 1 1 1 1 0 0 0 0 0 0 0 0 ]
d13=7.457129581818 eijMax=3.358E-03 rmsd=5.523E+00 s=[ 0 0 0 1 1 0 1 1 1 0 1 1 0 0 0 0 1 1 1 1 1 1 1 1 ]
d13=7.478152952727 eijMax=6.484E-03 rmsd=5.827E+00 s=[ 0 0 0 0 0 0 1 1 1 1 0 0 1 1 1 1 0 0 0 0 0 0 0 0 ]
d13=7.478152952727 eijMax=6.484E-03 rmsd=5.827E+00 s=[ 0 0 0 1 1 1 0 0 0 0 1 1 0 0 0 0 1 1 1 1 1 1 1 1 ]
d13=7.572758121818 eijMax=3.639E-03 rmsd=2.930E+00 s=[ 0 0 0 0 1 0 1 1 1 1 0 0 1 1 1 1 0 0 0 0 0 0 0 0 ]
d13=7.572758121818 eijMax=3.639E-03 rmsd=2.930E+00 s=[ 0 0 0 1 0 1 0 0 0 0 1 1 0 0 0 0 1 1 1 1 1 1 1 1 ]
d13=7.614804863636 eijMax=1.265E-03 rmsd=3.606E+00 s=[ 0 0 0 0 1 1 0 0 0 1 0 0 1 1 1 1 0 0 0 0 0 0 0 0 ]
d13=7.614804863636 eijMax=1.265E-03 rmsd=3.606E+00 s=[ 0 0 0 1 0 0 1 1 1 0 1 1 0 0 0 0 1 1 1 1 1 1 1 1 ]
d13=7.698898347273 eijMax=9.376E-03 rmsd=5.241E+00 s=[ 0 0 0 0 0 1 0 0 0 0 1 1 0 0 1 1 0 0 0 0 0 0 0 0 ]
d13=7.698898347273 eijMax=9.376E-03 rmsd=5.241E+00 s=[ 0 0 0 1 1 0 1 1 1 1 0 0 1 1 0 0 1 1 1 1 1 1 1 1 ]
d13=7.740945089091 eijMax=5.478E-03 rmsd=4.414E-02 s=[ 0 0 0 0 1 0 1 1 1 0 0 0 1 1 1 1 0 0 0 0 0 0 0 0 ]
d13=7.740945089091 eijMax=5.362E-04 rmsd=2.822E+00 s=[ 0 0 0 0 1 1 0 0 0 0 0 0 1 1 1 1 0 0 0 0 0 0 0 0 ]
d13=7.740945089091 eijMax=5.362E-04 rmsd=2.822E+00 s=[ 0 0 0 1 0 0 1 1 1 1 1 1 0 0 0 0 1 1 1 1 1 1 1 1 ]
d13=7.740945089091 eijMax=5.478E-03 rmsd=4.414E-02 s=[ 0 0 0 1 0 1 0 0 0 1 1 1 0 0 0 0 1 1 1 1 1 1 1 1 ]
num ..... 100
nnodes .. 24
nedges .. 123
nsols ... 52
tsecs ... 4.344007
