d13=7.283778027980 eijMax=8.966E-03 rmsd=3.404E+00 s=[ 0 0 0 0 0 1 0 0 0 1 1 0 0 0 0 0 0 1 1 1 1 1 1 1 ]
d13=7.283778027980 eijMax=1.292E-03 rmsd=3.406E+00 s=[ 0 0 0 0 0 1 0 0 0 1 1 1 0 0 0 0 0 1 1 1 1 1 1 1 ]
d13=7.283778027980 eijMax=8.966E-03 rmsd=3.406E+00 s=[ 0 0 0 0 0 1 1 0 0 1 1 0 0 0 0 0 0 1 1 1 1 1 1 1 ]
d13=7.283778027980 eijMax=6.405E-03 rmsd=3.408E+00 s=[ 0 0 0 0 0 1 1 0 0 1 1 1 0 0 0 0 0 1 1 1 1 1 1 1 ]
d13=7.283778027980 eijMax=6.405E-03 rmsd=3.408E+00 s=[ 0 0 0 1 1 0 0 1 1 0 0 0 1 1 1 1 1 0 0 0 0 0 0 0 ]
d13=7.283778027980 eijMax=8.966E-03 rmsd=3.406E+00 s=[ 0 0 0 1 1 0 0 1 1 0 0 1 1 1 1 1 1 0 0 0 0 0 0 0 ]
d13=7.283778027980 eijMax=1.292E-03 rmsd=3.406E+00 s=[ 0 0 0 1 1 0 1 1 1 0 0 0 1 1 1 1 1 0 0 0 0 0 0 0 ]
d13=7.283778027980 eijMax=8.966E-03 rmsd=3.404E+00 s=[ 0 0 0 1 1 0 1 1 1 0 0 1 1 1 1 1 1 0 0 0 0 0 0 0 ]
d13=7.286412125960 eijMax=8.966E-03 rmsd=3.417E+00 s=[ 0 0 0 0 0 0 0 1 1 1 1 0 0 0 0 0 0 1 1 1 1 1 1 1 ]
d13=7.286412125960 eijMax=6.405E-03 rmsd=3.419E+00 s=[ 0 0 0 0 0 0 0 1 1 1 1 1 0 0 0 0 0 1 1 1 1 1 1 1 ]
d13=7.286412125960 eijMax=8.966E-03 rmsd=3.417E+00 s=[ 0 0 0 0 0 0 1 1 1 1 1 0 0 0 0 0 0 1 1 1 1 1 1 1 ]
d13=7.286412125960 eijMax=2.859E-06 rmsd=3.419E+00 s=[ 0 0 0 0 0 0 1 1 1 1 1 1 0 0 0 0 0 1 1 1 1 1 1 1 ]
d13=7.286412125960 eijMax=2.859E-06 rmsd=3.419E+00 s=[ 0 0 0 1 1 1 0 0 0 0 0 0 1 1 1 1 1 0 0 0 0 0 0 0 ]
d13=7.286412125960 eijMax=8.966E-03 rmsd=3.417E+00 s=[ 0 0 0 1 1 1 0 0 0 0 0 1 1 1 1 1 1 0 0 0 0 0 0 0 ]
d13=7.286412125960 eijMax=6.405E-03 rmsd=3.419E+00 s=[ 0 0 0 1 1 1 1 0 0 0 0 0 1 1 1 1 1 0 0 0 0 0 0 0 ]
d13=7.286412125960 eijMax=8.966E-03 rmsd=3.417E+00 s=[ 0 0 0 1 1 1 1 0 0 0 0 1 1 1 1 1 1 0 0 0 0 0 0 0 ]
d13=7.307484909798 eijMax=2.848E-03 rmsd=1.986E+00 s=[ 0 0 0 0 0 1 0 0 0 1 0 0 1 1 0 0 0 1 1 1 1 1 1 1 ]
d13=7.307484909798 eijMax=8.966E-03 rmsd=1.986E+00 s=[ 0 0 0 0 0 1 0 0 0 1 0 1 1 1 0 0 0 1 1 1 1 1 1 1 ]
d13=7.307484909798 eijMax=6.405E-03 rmsd=1.991E+00 s=[ 0 0 0 0 0 1 1 0 0 1 0 0 1 1 0 0 0 1 1 1 1 1 1 1 ]
d13=7.307484909798 eijMax=8.966E-03 rmsd=1.990E+00 s=[ 0 0 0 0 0 1 1 0 0 1 0 1 1 1 0 0 0 1 1 1 1 1 1 1 ]
d13=7.307484909798 eijMax=8.966E-03 rmsd=1.990E+00 s=[ 0 0 0 1 1 0 0 1 1 0 1 0 0 0 1 1 1 0 0 0 0 0 0 0 ]
d13=7.307484909798 eijMax=6.405E-03 rmsd=1.991E+00 s=[ 0 0 0 1 1 0 0 1 1 0 1 1 0 0 1 1 1 0 0 0 0 0 0 0 ]
d13=7.307484909798 eijMax=8.966E-03 rmsd=1.986E+00 s=[ 0 0 0 1 1 0 1 1 1 0 1 0 0 0 1 1 1 0 0 0 0 0 0 0 ]
d13=7.307484909798 eijMax=2.848E-03 rmsd=1.986E+00 s=[ 0 0 0 1 1 0 1 1 1 0 1 1 0 0 1 1 1 0 0 0 0 0 0 0 ]
d13=7.310119007778 eijMax=5.747E-03 rmsd=1.967E+00 s=[ 0 0 0 0 0 1 0 0 0 1 0 0 1 1 0 0 0 1 1 1 1 1 1 1 ]
d13=7.310119007778 eijMax=8.966E-03 rmsd=1.966E+00 s=[ 0 0 0 0 0 1 0 0 0 1 0 1 1 1 0 0 0 1 1 1 1 1 1 1 ]
d13=7.310119007778 eijMax=6.405E-03 rmsd=1.972E+00 s=[ 0 0 0 0 0 1 1 0 0 1 0 0 1 1 0 0 0 1 1 1 1 1 1 1 ]
d13=7.310119007778 eijMax=8.966E-03 rmsd=1.971E+00 s=[ 0 0 0 0 0 1 1 0 0 1 0 1 1 1 0 0 0 1 1 1 1 1 1 1 ]
d13=7.310119007778 eijMax=8.966E-03 rmsd=1.971E+00 s=[ 0 0 0 1 1 0 0 1 1 0 1 0 0 0 1 1 1 0 0 0 0 0 0 0 ]
d13=7.310119007778 eijMax=6.405E-03 rmsd=1.972E+00 s=[ 0 0 0 1 1 0 0 1 1 0 1 1 0 0 1 1 1 0 0 0 0 0 0 0 ]
d13=7.310119007778 eijMax=8.966E-03 rmsd=1.966E+00 s=[ 0 0 0 1 1 0 1 1 1 0 1 0 0 0 1 1 1 0 0 0 0 0 0 0 ]
d13=7.310119007778 eijMax=5.747E-03 rmsd=1.967E+00 s=[ 0 0 0 1 1 0 1 1 1 0 1 1 0 0 1 1 1 0 0 0 0 0 0 0 ]
d13=7.354898673434 eijMax=6.405E-03 rmsd=3.076E+00 s=[ 0 0 0 0 1 0 0 1 1 0 0 0 1 1 1 1 1 0 0 0 0 0 0 0 ]
d13=7.354898673434 eijMax=8.966E-03 rmsd=3.075E+00 s=[ 0 0 0 0 1 0 0 1 1 0 0 1 1 1 1 1 1 0 0 0 0 0 0 0 ]
d13=7.354898673434 eijMax=5.299E-03 rmsd=3.073E+00 s=[ 0 0 0 0 1 0 1 1 1 0 0 0 1 1 1 1 1 0 0 0 0 0 0 0 ]
d13=7.354898673434 eijMax=8.966E-03 rmsd=3.073E+00 s=[ 0 0 0 0 1 0 1 1 1 0 0 1 1 1 1 1 1 0 0 0 0 0 0 0 ]
d13=7.354898673434 eijMax=8.966E-03 rmsd=3.073E+00 s=[ 0 0 0 1 0 1 0 0 0 1 1 0 0 0 0 0 0 1 1 1 1 1 1 1 ]
d13=7.354898673434 eijMax=5.299E-03 rmsd=3.073E+00 s=[ 0 0 0 1 0 1 0 0 0 1 1 1 0 0 0 0 0 1 1 1 1 1 1 1 ]
d13=7.354898673434 eijMax=8.966E-03 rmsd=3.075E+00 s=[ 0 0 0 1 0 1 1 0 0 1 1 0 0 0 0 0 0 1 1 1 1 1 1 1 ]
d13=7.354898673434 eijMax=6.405E-03 rmsd=3.076E+00 s=[ 0 0 0 1 0 1 1 0 0 1 1 1 0 0 0 0 0 1 1 1 1 1 1 1 ]
d13=7.357532771414 eijMax=6.405E-03 rmsd=3.050E+00 s=[ 0 0 0 0 1 0 0 1 1 0 0 0 1 1 1 1 1 0 0 0 0 0 0 0 ]
d13=7.357532771414 eijMax=8.966E-03 rmsd=3.050E+00 s=[ 0 0 0 0 1 0 0 1 1 0 0 1 1 1 1 1 1 0 0 0 0 0 0 0 ]
d13=7.357532771414 eijMax=1.082E-03 rmsd=3.048E+00 s=[ 0 0 0 0 1 0 1 1 1 0 0 0 1 1 1 1 1 0 0 0 0 0 0 0 ]
d13=7.357532771414 eijMax=8.966E-03 rmsd=3.048E+00 s=[ 0 0 0 0 1 0 1 1 1 0 0 1 1 1 1 1 1 0 0 0 0 0 0 0 ]
d13=7.357532771414 eijMax=8.966E-03 rmsd=3.048E+00 s=[ 0 0 0 1 0 1 0 0 0 1 1 0 0 0 0 0 0 1 1 1 1 1 1 1 ]
d13=7.357532771414 eijMax=1.082E-03 rmsd=3.048E+00 s=[ 0 0 0 1 0 1 0 0 0 1 1 1 0 0 0 0 0 1 1 1 1 1 1 1 ]
d13=7.357532771414 eijMax=8.966E-03 rmsd=3.050E+00 s=[ 0 0 0 1 0 1 1 0 0 1 1 0 0 0 0 0 0 1 1 1 1 1 1 1 ]
d13=7.357532771414 eijMax=6.405E-03 rmsd=3.050E+00 s=[ 0 0 0 1 0 1 1 0 0 1 1 1 0 0 0 0 0 1 1 1 1 1 1 1 ]
d13=7.360166869394 eijMax=8.411E-03 rmsd=3.021E+00 s=[ 0 0 0 0 1 0 0 1 1 0 0 0 1 1 1 1 1 0 0 0 0 0 0 0 ]
d13=7.360166869394 eijMax=8.966E-03 rmsd=3.021E+00 s=[ 0 0 0 0 1 0 0 1 1 0 0 1 1 1 1 1 1 0 0 0 0 0 0 0 ]
d13=7.360166869394 eijMax=8.411E-03 rmsd=3.019E+00 s=[ 0 0 0 0 1 0 1 1 1 0 0 0 1 1 1 1 1 0 0 0 0 0 0 0 ]
d13=7.360166869394 eijMax=8.966E-03 rmsd=3.019E+00 s=[ 0 0 0 0 1 0 1 1 1 0 0 1 1 1 1 1 1 0 0 0 0 0 0 0 ]
d13=7.360166869394 eijMax=8.966E-03 rmsd=3.019E+00 s=[ 0 0 0 1 0 1 0 0 0 1 1 0 0 0 0 0 0 1 1 1 1 1 1 1 ]
d13=7.360166869394 eijMax=8.411E-03 rmsd=3.019E+00 s=[ 0 0 0 1 0 1 0 0 0 1 1 1 0 0 0 0 0 1 1 1 1 1 1 1 ]
d13=7.360166869394 eijMax=8.966E-03 rmsd=3.021E+00 s=[ 0 0 0 1 0 1 1 0 0 1 1 0 0 0 0 0 0 1 1 1 1 1 1 1 ]
d13=7.360166869394 eijMax=8.411E-03 rmsd=3.021E+00 s=[ 0 0 0 1 0 1 1 0 0 1 1 1 0 0 0 0 0 1 1 1 1 1 1 1 ]
d13=7.362800967374 eijMax=8.966E-03 rmsd=3.597E+00 s=[ 0 0 0 0 1 1 0 0 0 0 1 0 0 0 0 1 1 0 0 0 0 0 0 0 ]
d13=7.362800967374 eijMax=6.482E-03 rmsd=3.600E+00 s=[ 0 0 0 0 1 1 0 0 0 0 1 1 0 0 0 1 1 0 0 0 0 0 0 0 ]
d13=7.362800967374 eijMax=8.966E-03 rmsd=3.597E+00 s=[ 0 0 0 0 1 1 1 0 0 0 1 0 0 0 0 1 1 0 0 0 0 0 0 0 ]
d13=7.362800967374 eijMax=6.482E-03 rmsd=3.600E+00 s=[ 0 0 0 0 1 1 1 0 0 0 1 1 0 0 0 1 1 0 0 0 0 0 0 0 ]
d13=7.362800967374 eijMax=6.482E-03 rmsd=3.600E+00 s=[ 0 0 0 1 0 0 0 1 1 1 0 0 1 1 1 0 0 1 1 1 1 1 1 1 ]
d13=7.362800967374 eijMax=8.966E-03 rmsd=3.597E+00 s=[ 0 0 0 1 0 0 0 1 1 1 0 1 1 1 1 0 0 1 1 1 1 1 1 1 ]
d13=7.362800967374 eijMax=6.482E-03 rmsd=3.600E+00 s=[ 0 0 0 1 0 0 1 1 1 1 0 0 1 1 1 0 0 1 1 1 1 1 1 1 ]
d13=7.362800967374 eijMax=8.966E-03 rmsd=3.597E+00 s=[ 0 0 0 1 0 0 1 1 1 1 0 1 1 1 1 0 0 1 1 1 1 1 1 1 ]
d13=7.365435065354 eijMax=8.966E-03 rmsd=3.579E+00 s=[ 0 0 0 0 1 1 0 0 0 0 1 0 0 0 0 1 1 0 0 0 0 0 0 0 ]
d13=7.365435065354 eijMax=6.781E-04 rmsd=3.582E+00 s=[ 0 0 0 0 1 1 0 0 0 0 1 1 0 0 0 1 1 0 0 0 0 0 0 0 ]
d13=7.365435065354 eijMax=8.966E-03 rmsd=3.579E+00 s=[ 0 0 0 0 1 1 1 0 0 0 1 0 0 0 0 1 1 0 0 0 0 0 0 0 ]
d13=7.365435065354 eijMax=6.405E-03 rmsd=3.582E+00 s=[ 0 0 0 0 1 1 1 0 0 0 1 1 0 0 0 1 1 0 0 0 0 0 0 0 ]
d13=7.365435065354 eijMax=6.405E-03 rmsd=3.582E+00 s=[ 0 0 0 1 0 0 0 1 1 1 0 0 1 1 1 0 0 1 1 1 1 1 1 1 ]
d13=7.365435065354 eijMax=8.966E-03 rmsd=3.579E+00 s=[ 0 0 0 1 0 0 0 1 1 1 0 1 1 1 1 0 0 1 1 1 1 1 1 1 ]
d13=7.365435065354 eijMax=6.781E-04 rmsd=3.582E+00 s=[ 0 0 0 1 0 0 1 1 1 1 0 0 1 1 1 0 0 1 1 1 1 1 1 1 ]
d13=7.365435065354 eijMax=8.966E-03 rmsd=3.579E+00 s=[ 0 0 0 1 0 0 1 1 1 1 0 1 1 1 1 0 0 1 1 1 1 1 1 1 ]
d13=7.368069163333 eijMax=8.966E-03 rmsd=3.561E+00 s=[ 0 0 0 0 1 1 0 0 0 0 1 0 0 0 0 1 1 0 0 0 0 0 0 0 ]
d13=7.368069163333 eijMax=5.331E-03 rmsd=3.564E+00 s=[ 0 0 0 0 1 1 0 0 0 0 1 1 0 0 0 1 1 0 0 0 0 0 0 0 ]
d13=7.368069163333 eijMax=8.966E-03 rmsd=3.561E+00 s=[ 0 0 0 0 1 1 1 0 0 0 1 0 0 0 0 1 1 0 0 0 0 0 0 0 ]
d13=7.368069163333 eijMax=6.405E-03 rmsd=3.564E+00 s=[ 0 0 0 0 1 1 1 0 0 0 1 1 0 0 0 1 1 0 0 0 0 0 0 0 ]
d13=7.368069163333 eijMax=6.405E-03 rmsd=3.564E+00 s=[ 0 0 0 1 0 0 0 1 1 1 0 0 1 1 1 0 0 1 1 1 1 1 1 1 ]
d13=7.368069163333 eijMax=8.966E-03 rmsd=3.561E+00 s=[ 0 0 0 1 0 0 0 1 1 1 0 1 1 1 1 0 0 1 1 1 1 1 1 1 ]
d13=7.368069163333 eijMax=5.331E-03 rmsd=3.564E+00 s=[ 0 0 0 1 0 0 1 1 1 1 0 0 1 1 1 0 0 1 1 1 1 1 1 1 ]
d13=7.368069163333 eijMax=8.966E-03 rmsd=3.561E+00 s=[ 0 0 0 1 0 0 1 1 1 1 0 1 1 1 1 0 0 1 1 1 1 1 1 1 ]
d13=7.375971457273 eijMax=9.400E-03 rmsd=2.680E+00 s=[ 0 0 0 0 1 1 0 0 0 0 0 0 1 1 0 1 1 0 0 0 0 0 0 0 ]
d13=7.375971457273 eijMax=9.400E-03 rmsd=2.680E+00 s=[ 0 0 0 0 1 1 0 0 0 0 0 1 1 1 0 1 1 0 0 0 0 0 0 0 ]
d13=7.375971457273 eijMax=9.400E-03 rmsd=2.680E+00 s=[ 0 0 0 0 1 1 1 0 0 0 0 0 1 1 0 1 1 0 0 0 0 0 0 0 ]
d13=7.375971457273 eijMax=9.400E-03 rmsd=2.680E+00 s=[ 0 0 0 0 1 1 1 0 0 0 0 1 1 1 0 1 1 0 0 0 0 0 0 0 ]
d13=7.375971457273 eijMax=9.400E-03 rmsd=2.680E+00 s=[ 0 0 0 1 0 0 0 1 1 1 1 0 0 0 1 0 0 1 1 1 1 1 1 1 ]
d13=7.375971457273 eijMax=9.400E-03 rmsd=2.680E+00 s=[ 0 0 0 1 0 0 0 1 1 1 1 1 0 0 1 0 0 1 1 1 1 1 1 1 ]
d13=7.375971457273 eijMax=9.400E-03 rmsd=2.680E+00 s=[ 0 0 0 1 0 0 1 1 1 1 1 0 0 0 1 0 0 1 1 1 1 1 1 1 ]
d13=7.375971457273 eijMax=9.400E-03 rmsd=2.680E+00 s=[ 0 0 0 1 0 0 1 1 1 1 1 1 0 0 1 0 0 1 1 1 1 1 1 1 ]
d13=7.378605555253 eijMax=8.966E-03 rmsd=3.383E+00 s=[ 0 0 0 0 1 0 0 1 1 0 1 0 0 0 0 1 1 0 0 0 0 0 0 0 ]
d13=7.378605555253 eijMax=6.405E-03 rmsd=3.385E+00 s=[ 0 0 0 0 1 0 0 1 1 0 1 1 0 0 0 1 1 0 0 0 0 0 0 0 ]
d13=7.378605555253 eijMax=8.966E-03 rmsd=3.380E+00 s=[ 0 0 0 0 1 0 1 1 1 0 1 0 0 0 0 1 1 0 0 0 0 0 0 0 ]
d13=7.378605555253 eijMax=1.099E-04 rmsd=3.382E+00 s=[ 0 0 0 0 1 0 1 1 1 0 1 1 0 0 0 1 1 0 0 0 0 0 0 0 ]
d13=7.378605555253 eijMax=3.715E-04 rmsd=2.686E+00 s=[ 0 0 0 0 1 1 0 0 0 0 0 0 1 1 0 1 1 0 0 0 0 0 0 0 ]
d13=7.378605555253 eijMax=8.966E-03 rmsd=2.686E+00 s=[ 0 0 0 0 1 1 0 0 0 0 0 1 1 1 0 1 1 0 0 0 0 0 0 0 ]
d13=7.378605555253 eijMax=6.405E-03 rmsd=2.686E+00 s=[ 0 0 0 0 1 1 1 0 0 0 0 0 1 1 0 1 1 0 0 0 0 0 0 0 ]
d13=7.378605555253 eijMax=8.966E-03 rmsd=2.686E+00 s=[ 0 0 0 0 1 1 1 0 0 0 0 1 1 1 0 1 1 0 0 0 0 0 0 0 ]
d13=7.378605555253 eijMax=8.966E-03 rmsd=2.686E+00 s=[ 0 0 0 1 0 0 0 1 1 1 1 0 0 0 1 0 0 1 1 1 1 1 1 1 ]
d13=7.378605555253 eijMax=6.405E-03 rmsd=2.686E+00 s=[ 0 0 0 1 0 0 0 1 1 1 1 1 0 0 1 0 0 1 1 1 1 1 1 1 ]
d13=7.378605555253 eijMax=8.966E-03 rmsd=2.686E+00 s=[ 0 0 0 1 0 0 1 1 1 1 1 0 0 0 1 0 0 1 1 1 1 1 1 1 ]
d13=7.378605555253 eijMax=3.715E-04 rmsd=2.686E+00 s=[ 0 0 0 1 0 0 1 1 1 1 1 1 0 0 1 0 0 1 1 1 1 1 1 1 ]
d13=7.378605555253 eijMax=1.099E-04 rmsd=3.382E+00 s=[ 0 0 0 1 0 1 0 0 0 1 0 0 1 1 1 0 0 1 1 1 1 1 1 1 ]
d13=7.378605555253 eijMax=8.966E-03 rmsd=3.380E+00 s=[ 0 0 0 1 0 1 0 0 0 1 0 1 1 1 1 0 0 1 1 1 1 1 1 1 ]
d13=7.378605555253 eijMax=6.405E-03 rmsd=3.385E+00 s=[ 0 0 0 1 0 1 1 0 0 1 0 0 1 1 1 0 0 1 1 1 1 1 1 1 ]
d13=7.378605555253 eijMax=8.966E-03 rmsd=3.383E+00 s=[ 0 0 0 1 0 1 1 0 0 1 0 1 1 1 1 0 0 1 1 1 1 1 1 1 ]
d13=7.512944552222 eijMax=6.405E-03 rmsd=1.117E-02 s=[ 0 0 0 0 0 0 0 1 1 0 0 0 1 1 0 0 0 1 1 1 1 1 1 1 ]
d13=7.512944552222 eijMax=8.966E-03 rmsd=1.507E-02 s=[ 0 0 0 0 0 0 0 1 1 0 0 1 1 1 0 0 0 1 1 1 1 1 1 1 ]
d13=7.512944552222 eijMax=5.679E-04 rmsd=6.335E-03 s=[ 0 0 0 0 0 0 1 1 1 0 0 0 1 1 0 0 0 1 1 1 1 1 1 1 ]
d13=7.512944552222 eijMax=8.966E-03 rmsd=1.149E-02 s=[ 0 0 0 0 0 0 1 1 1 0 0 1 1 1 0 0 0 1 1 1 1 1 1 1 ]
d13=7.512944552222 eijMax=8.966E-03 rmsd=1.149E-02 s=[ 0 0 0 1 1 1 0 0 0 1 1 0 0 0 1 1 1 0 0 0 0 0 0 0 ]
d13=7.512944552222 eijMax=5.679E-04 rmsd=6.335E-03 s=[ 0 0 0 1 1 1 0 0 0 1 1 1 0 0 1 1 1 0 0 0 0 0 0 0 ]
d13=7.512944552222 eijMax=8.966E-03 rmsd=1.507E-02 s=[ 0 0 0 1 1 1 1 0 0 1 1 0 0 0 1 1 1 0 0 0 0 0 0 0 ]
d13=7.512944552222 eijMax=6.405E-03 rmsd=1.117E-02 s=[ 0 0 0 1 1 1 1 0 0 1 1 1 0 0 1 1 1 0 0 0 0 0 0 0 ]
d13=7.515578650202 eijMax=9.671E-03 rmsd=1.101E-01 s=[ 0 0 0 0 0 0 0 1 1 0 0 0 1 1 0 0 0 1 1 1 1 1 1 1 ]
d13=7.515578650202 eijMax=9.671E-03 rmsd=1.111E-01 s=[ 0 0 0 0 0 0 0 1 1 0 0 1 1 1 0 0 0 1 1 1 1 1 1 1 ]
d13=7.515578650202 eijMax=9.671E-03 rmsd=1.065E-01 s=[ 0 0 0 0 0 0 1 1 1 0 0 0 1 1 0 0 0 1 1 1 1 1 1 1 ]
d13=7.515578650202 eijMax=9.671E-03 rmsd=1.075E-01 s=[ 0 0 0 0 0 0 1 1 1 0 0 1 1 1 0 0 0 1 1 1 1 1 1 1 ]
d13=7.515578650202 eijMax=9.671E-03 rmsd=1.075E-01 s=[ 0 0 0 1 1 1 0 0 0 1 1 0 0 0 1 1 1 0 0 0 0 0 0 0 ]
d13=7.515578650202 eijMax=9.671E-03 rmsd=1.065E-01 s=[ 0 0 0 1 1 1 0 0 0 1 1 1 0 0 1 1 1 0 0 0 0 0 0 0 ]
d13=7.515578650202 eijMax=9.671E-03 rmsd=1.111E-01 s=[ 0 0 0 1 1 1 1 0 0 1 1 0 0 0 1 1 1 0 0 0 0 0 0 0 ]
d13=7.515578650202 eijMax=9.671E-03 rmsd=1.101E-01 s=[ 0 0 0 1 1 1 1 0 0 1 1 1 0 0 1 1 1 0 0 0 0 0 0 0 ]
d13=7.518212748182 eijMax=6.405E-03 rmsd=1.757E+00 s=[ 0 0 0 0 0 0 0 1 1 1 0 0 1 1 0 0 0 1 1 1 1 1 1 1 ]
d13=7.518212748182 eijMax=8.966E-03 rmsd=1.755E+00 s=[ 0 0 0 0 0 0 0 1 1 1 0 1 1 1 0 0 0 1 1 1 1 1 1 1 ]
d13=7.518212748182 eijMax=1.526E-03 rmsd=1.757E+00 s=[ 0 0 0 0 0 0 1 1 1 1 0 0 1 1 0 0 0 1 1 1 1 1 1 1 ]
d13=7.518212748182 eijMax=8.966E-03 rmsd=1.755E+00 s=[ 0 0 0 0 0 0 1 1 1 1 0 1 1 1 0 0 0 1 1 1 1 1 1 1 ]
d13=7.518212748182 eijMax=8.966E-03 rmsd=1.755E+00 s=[ 0 0 0 1 1 1 0 0 0 0 1 0 0 0 1 1 1 0 0 0 0 0 0 0 ]
d13=7.518212748182 eijMax=1.526E-03 rmsd=1.757E+00 s=[ 0 0 0 1 1 1 0 0 0 0 1 1 0 0 1 1 1 0 0 0 0 0 0 0 ]
d13=7.518212748182 eijMax=8.966E-03 rmsd=1.755E+00 s=[ 0 0 0 1 1 1 1 0 0 0 1 0 0 0 1 1 1 0 0 0 0 0 0 0 ]
d13=7.518212748182 eijMax=6.405E-03 rmsd=1.757E+00 s=[ 0 0 0 1 1 1 1 0 0 0 1 1 0 0 1 1 1 0 0 0 0 0 0 0 ]
d13=7.523480944141 eijMax=8.966E-03 rmsd=2.402E+00 s=[ 0 0 0 0 0 0 0 1 1 1 1 0 0 0 0 0 0 1 1 1 1 1 1 1 ]
d13=7.523480944141 eijMax=8.456E-03 rmsd=2.402E+00 s=[ 0 0 0 0 0 0 0 1 1 1 1 1 0 0 0 0 0 1 1 1 1 1 1 1 ]
d13=7.523480944141 eijMax=8.966E-03 rmsd=2.401E+00 s=[ 0 0 0 0 0 0 1 1 1 1 1 0 0 0 0 0 0 1 1 1 1 1 1 1 ]
d13=7.523480944141 eijMax=8.456E-03 rmsd=2.402E+00 s=[ 0 0 0 0 0 0 1 1 1 1 1 1 0 0 0 0 0 1 1 1 1 1 1 1 ]
d13=7.523480944141 eijMax=8.456E-03 rmsd=2.402E+00 s=[ 0 0 0 1 1 1 0 0 0 0 0 0 1 1 1 1 1 0 0 0 0 0 0 0 ]
d13=7.523480944141 eijMax=8.966E-03 rmsd=2.401E+00 s=[ 0 0 0 1 1 1 0 0 0 0 0 1 1 1 1 1 1 0 0 0 0 0 0 0 ]
d13=7.523480944141 eijMax=8.456E-03 rmsd=2.402E+00 s=[ 0 0 0 1 1 1 1 0 0 0 0 0 1 1 1 1 1 0 0 0 0 0 0 0 ]
d13=7.523480944141 eijMax=8.966E-03 rmsd=2.402E+00 s=[ 0 0 0 1 1 1 1 0 0 0 0 1 1 1 1 1 1 0 0 0 0 0 0 0 ]
d13=7.526115042121 eijMax=8.966E-03 rmsd=2.268E+00 s=[ 0 0 0 0 0 0 0 1 1 1 1 0 0 0 0 0 0 1 1 1 1 1 1 1 ]
d13=7.526115042121 eijMax=6.965E-03 rmsd=2.269E+00 s=[ 0 0 0 0 0 0 0 1 1 1 1 1 0 0 0 0 0 1 1 1 1 1 1 1 ]
d13=7.526115042121 eijMax=8.966E-03 rmsd=2.268E+00 s=[ 0 0 0 0 0 0 1 1 1 1 1 0 0 0 0 0 0 1 1 1 1 1 1 1 ]
d13=7.526115042121 eijMax=6.965E-03 rmsd=2.268E+00 s=[ 0 0 0 0 0 0 1 1 1 1 1 1 0 0 0 0 0 1 1 1 1 1 1 1 ]
d13=7.526115042121 eijMax=6.965E-03 rmsd=2.268E+00 s=[ 0 0 0 1 1 1 0 0 0 0 0 0 1 1 1 1 1 0 0 0 0 0 0 0 ]
d13=7.526115042121 eijMax=8.966E-03 rmsd=2.268E+00 s=[ 0 0 0 1 1 1 0 0 0 0 0 1 1 1 1 1 1 0 0 0 0 0 0 0 ]
d13=7.526115042121 eijMax=6.965E-03 rmsd=2.269E+00 s=[ 0 0 0 1 1 1 1 0 0 0 0 0 1 1 1 1 1 0 0 0 0 0 0 0 ]
d13=7.526115042121 eijMax=8.966E-03 rmsd=2.268E+00 s=[ 0 0 0 1 1 1 1 0 0 0 0 1 1 1 1 1 1 0 0 0 0 0 0 0 ]
num ..... 100
nnodes .. 24
nedges .. 123
nsols ... 144
tsecs ... 9.898854
