d13=7.310119007778 eijMax=5.747E-03 rmsd=1.967E+00 s=[ 0 0 0 0 0 1 0 0 0 1 0 0 1 1 0 0 0 1 1 1 1 1 1 1 ]
d13=7.310119007778 eijMax=8.966E-03 rmsd=1.966E+00 s=[ 0 0 0 0 0 1 0 0 0 1 0 1 1 1 0 0 0 1 1 1 1 1 1 1 ]
d13=7.310119007778 eijMax=6.405E-03 rmsd=1.972E+00 s=[ 0 0 0 0 0 1 1 0 0 1 0 0 1 1 0 0 0 1 1 1 1 1 1 1 ]
d13=7.310119007778 eijMax=8.966E-03 rmsd=1.971E+00 s=[ 0 0 0 0 0 1 1 0 0 1 0 1 1 1 0 0 0 1 1 1 1 1 1 1 ]
d13=7.310119007778 eijMax=8.966E-03 rmsd=1.971E+00 s=[ 0 0 0 1 1 0 0 1 1 0 1 0 0 0 1 1 1 0 0 0 0 0 0 0 ]
d13=7.310119007778 eijMax=6.405E-03 rmsd=1.972E+00 s=[ 0 0 0 1 1 0 0 1 1 0 1 1 0 0 1 1 1 0 0 0 0 0 0 0 ]
d13=7.310119007778 eijMax=8.966E-03 rmsd=1.966E+00 s=[ 0 0 0 1 1 0 1 1 1 0 1 0 0 0 1 1 1 0 0 0 0 0 0 0 ]
d13=7.310119007778 eijMax=5.747E-03 rmsd=1.967E+00 s=[ 0 0 0 1 1 0 1 1 1 0 1 1 0 0 1 1 1 0 0 0 0 0 0 0 ]
d13=7.368069163333 eijMax=8.966E-03 rmsd=3.561E+00 s=[ 0 0 0 0 1 1 0 0 0 0 1 0 0 0 0 1 1 0 0 0 0 0 0 0 ]
d13=7.368069163333 eijMax=5.331E-03 rmsd=3.564E+00 s=[ 0 0 0 0 1 1 0 0 0 0 1 1 0 0 0 1 1 0 0 0 0 0 0 0 ]
d13=7.368069163333 eijMax=8.966E-03 rmsd=3.561E+00 s=[ 0 0 0 0 1 1 1 0 0 0 1 0 0 0 0 1 1 0 0 0 0 0 0 0 ]
d13=7.368069163333 eijMax=6.405E-03 rmsd=3.564E+00 s=[ 0 0 0 0 1 1 1 0 0 0 1 1 0 0 0 1 1 0 0 0 0 0 0 0 ]
d13=7.368069163333 eijMax=6.405E-03 rmsd=3.564E+00 s=[ 0 0 0 1 0 0 0 1 1 1 0 0 1 1 1 0 0 1 1 1 1 1 1 1 ]
d13=7.368069163333 eijMax=8.966E-03 rmsd=3.561E+00 s=[ 0 0 0 1 0 0 0 1 1 1 0 1 1 1 1 0 0 1 1 1 1 1 1 1 ]
d13=7.368069163333 eijMax=5.331E-03 rmsd=3.564E+00 s=[ 0 0 0 1 0 0 1 1 1 1 0 0 1 1 1 0 0 1 1 1 1 1 1 1 ]
d13=7.368069163333 eijMax=8.966E-03 rmsd=3.561E+00 s=[ 0 0 0 1 0 0 1 1 1 1 0 1 1 1 1 0 0 1 1 1 1 1 1 1 ]
d13=7.512944552222 eijMax=6.405E-03 rmsd=1.117E-02 s=[ 0 0 0 0 0 0 0 1 1 0 0 0 1 1 0 0 0 1 1 1 1 1 1 1 ]
d13=7.512944552222 eijMax=8.966E-03 rmsd=1.507E-02 s=[ 0 0 0 0 0 0 0 1 1 0 0 1 1 1 0 0 0 1 1 1 1 1 1 1 ]
d13=7.512944552222 eijMax=5.679E-04 rmsd=6.335E-03 s=[ 0 0 0 0 0 0 1 1 1 0 0 0 1 1 0 0 0 1 1 1 1 1 1 1 ]
d13=7.512944552222 eijMax=8.966E-03 rmsd=1.149E-02 s=[ 0 0 0 0 0 0 1 1 1 0 0 1 1 1 0 0 0 1 1 1 1 1 1 1 ]
d13=7.512944552222 eijMax=8.966E-03 rmsd=1.149E-02 s=[ 0 0 0 1 1 1 0 0 0 1 1 0 0 0 1 1 1 0 0 0 0 0 0 0 ]
d13=7.512944552222 eijMax=5.679E-04 rmsd=6.335E-03 s=[ 0 0 0 1 1 1 0 0 0 1 1 1 0 0 1 1 1 0 0 0 0 0 0 0 ]
d13=7.512944552222 eijMax=8.966E-03 rmsd=1.507E-02 s=[ 0 0 0 1 1 1 1 0 0 1 1 0 0 0 1 1 1 0 0 0 0 0 0 0 ]
d13=7.512944552222 eijMax=6.405E-03 rmsd=1.117E-02 s=[ 0 0 0 1 1 1 1 0 0 1 1 1 0 0 1 1 1 0 0 0 0 0 0 0 ]
num ..... 10
nnodes .. 24
nedges .. 123
nsols ... 24
tsecs ... 1.067934
