d13=6.926646559394 eijMax=4.536E-03 rmsd=4.445E+00 s=[ 0 0 0 0 0 0 1 1 1 1 0 1 1 1 1 1 1 0 0 0 0 0 0 0 ]
d13=6.926646559394 eijMax=4.536E-03 rmsd=4.445E+00 s=[ 0 0 0 1 1 1 0 0 0 0 1 0 0 0 0 0 0 1 1 1 1 1 1 1 ]
d13=6.933910982525 eijMax=6.216E-03 rmsd=4.509E+00 s=[ 0 0 0 0 0 0 1 1 1 1 0 1 1 1 1 1 1 0 0 0 0 0 0 0 ]
d13=6.933910982525 eijMax=1.365E-03 rmsd=3.595E+00 s=[ 0 0 0 0 0 0 1 1 1 1 1 0 0 0 1 1 1 0 0 0 0 0 0 0 ]
d13=6.933910982525 eijMax=7.604E-03 rmsd=5.981E+00 s=[ 0 0 0 0 1 1 0 0 0 0 0 1 1 1 1 1 1 0 0 0 0 0 0 0 ]
d13=6.933910982525 eijMax=6.298E-03 rmsd=7.601E+00 s=[ 0 0 0 0 1 1 0 0 0 1 1 0 0 0 1 1 1 0 0 0 0 0 0 0 ]
d13=6.933910982525 eijMax=6.298E-03 rmsd=7.601E+00 s=[ 0 0 0 1 0 0 1 1 1 0 0 1 1 1 0 0 0 1 1 1 1 1 1 1 ]
d13=6.933910982525 eijMax=7.604E-03 rmsd=5.981E+00 s=[ 0 0 0 1 0 0 1 1 1 1 1 0 0 0 0 0 0 1 1 1 1 1 1 1 ]
d13=6.933910982525 eijMax=1.365E-03 rmsd=3.595E+00 s=[ 0 0 0 1 1 1 0 0 0 0 0 1 1 1 0 0 0 1 1 1 1 1 1 1 ]
d13=6.933910982525 eijMax=6.216E-03 rmsd=4.509E+00 s=[ 0 0 0 1 1 1 0 0 0 0 1 0 0 0 0 0 0 1 1 1 1 1 1 1 ]
d13=6.941175405657 eijMax=8.152E-04 rmsd=5.979E+00 s=[ 0 0 0 0 1 1 0 0 0 0 0 1 1 1 1 1 1 0 0 0 0 0 0 0 ]
d13=6.941175405657 eijMax=6.607E-03 rmsd=5.633E+00 s=[ 0 0 0 0 1 1 0 0 0 0 1 0 0 0 1 1 1 0 0 0 0 0 0 0 ]
d13=6.941175405657 eijMax=3.301E-03 rmsd=6.392E+00 s=[ 0 0 0 0 1 1 0 0 0 1 0 1 1 1 1 1 1 0 0 0 0 0 0 0 ]
d13=6.941175405657 eijMax=2.184E-03 rmsd=7.578E+00 s=[ 0 0 0 0 1 1 0 0 0 1 1 0 0 0 1 1 1 0 0 0 0 0 0 0 ]
d13=6.941175405657 eijMax=2.184E-03 rmsd=7.578E+00 s=[ 0 0 0 1 0 0 1 1 1 0 0 1 1 1 0 0 0 1 1 1 1 1 1 1 ]
d13=6.941175405657 eijMax=3.301E-03 rmsd=6.392E+00 s=[ 0 0 0 1 0 0 1 1 1 0 1 0 0 0 0 0 0 1 1 1 1 1 1 1 ]
d13=6.941175405657 eijMax=6.607E-03 rmsd=5.633E+00 s=[ 0 0 0 1 0 0 1 1 1 1 0 1 1 1 0 0 0 1 1 1 1 1 1 1 ]
d13=6.941175405657 eijMax=8.152E-04 rmsd=5.979E+00 s=[ 0 0 0 1 0 0 1 1 1 1 1 0 0 0 0 0 0 1 1 1 1 1 1 1 ]
d13=6.948439828788 eijMax=8.098E-03 rmsd=5.978E+00 s=[ 0 0 0 0 1 1 0 0 0 0 0 1 1 1 1 1 1 0 0 0 0 0 0 0 ]
d13=6.948439828788 eijMax=9.439E-04 rmsd=5.627E+00 s=[ 0 0 0 0 1 1 0 0 0 0 1 0 0 0 1 1 1 0 0 0 0 0 0 0 ]
d13=6.948439828788 eijMax=4.272E-03 rmsd=6.378E+00 s=[ 0 0 0 0 1 1 0 0 0 1 0 1 1 1 1 1 1 0 0 0 0 0 0 0 ]
d13=6.948439828788 eijMax=9.507E-03 rmsd=7.561E+00 s=[ 0 0 0 0 1 1 0 0 0 1 1 0 0 0 1 1 1 0 0 0 0 0 0 0 ]
d13=6.948439828788 eijMax=9.507E-03 rmsd=7.561E+00 s=[ 0 0 0 1 0 0 1 1 1 0 0 1 1 1 0 0 0 1 1 1 1 1 1 1 ]
d13=6.948439828788 eijMax=4.272E-03 rmsd=6.378E+00 s=[ 0 0 0 1 0 0 1 1 1 0 1 0 0 0 0 0 0 1 1 1 1 1 1 1 ]
d13=6.948439828788 eijMax=9.439E-04 rmsd=5.627E+00 s=[ 0 0 0 1 0 0 1 1 1 1 0 1 1 1 0 0 0 1 1 1 1 1 1 1 ]
d13=6.948439828788 eijMax=8.098E-03 rmsd=5.978E+00 s=[ 0 0 0 1 0 0 1 1 1 1 1 0 0 0 0 0 0 1 1 1 1 1 1 1 ]
d13=6.955704251919 eijMax=7.594E-03 rmsd=5.621E+00 s=[ 0 0 0 0 1 1 0 0 0 0 1 0 0 0 1 1 1 0 0 0 0 0 0 0 ]
d13=6.955704251919 eijMax=7.594E-03 rmsd=5.621E+00 s=[ 0 0 0 1 0 0 1 1 1 1 0 1 1 1 0 0 0 1 1 1 1 1 1 1 ]
d13=6.970233098182 eijMax=7.747E-03 rmsd=3.299E+00 s=[ 0 0 0 0 0 1 0 0 0 1 0 1 1 1 1 1 1 0 0 0 0 0 0 0 ]
d13=6.970233098182 eijMax=7.747E-03 rmsd=3.299E+00 s=[ 0 0 0 1 1 0 1 1 1 0 1 0 0 0 0 0 0 1 1 1 1 1 1 1 ]
d13=6.977497521313 eijMax=3.083E-03 rmsd=3.301E+00 s=[ 0 0 0 0 0 1 0 0 0 1 0 1 1 1 1 1 1 0 0 0 0 0 0 0 ]
d13=6.977497521313 eijMax=7.743E-03 rmsd=1.475E-01 s=[ 0 0 0 0 0 1 0 0 0 1 1 0 0 0 1 1 1 0 0 0 0 0 0 0 ]
d13=6.977497521313 eijMax=7.743E-03 rmsd=1.475E-01 s=[ 0 0 0 1 1 0 1 1 1 0 0 1 1 1 0 0 0 1 1 1 1 1 1 1 ]
d13=6.977497521313 eijMax=3.083E-03 rmsd=3.301E+00 s=[ 0 0 0 1 1 0 1 1 1 0 1 0 0 0 0 0 0 1 1 1 1 1 1 1 ]
d13=6.984761944444 eijMax=2.666E-03 rmsd=5.190E-02 s=[ 0 0 0 0 0 1 0 0 0 1 1 0 0 0 1 1 1 0 0 0 0 0 0 0 ]
d13=6.984761944444 eijMax=2.666E-03 rmsd=5.190E-02 s=[ 0 0 0 1 1 0 1 1 1 0 0 1 1 1 0 0 0 1 1 1 1 1 1 1 ]
d13=6.992026367576 eijMax=6.373E-03 rmsd=9.152E+00 s=[ 0 0 0 0 0 0 1 1 1 1 0 1 1 1 1 0 0 1 1 1 1 1 1 1 ]
d13=6.992026367576 eijMax=8.925E-03 rmsd=9.541E+00 s=[ 0 0 0 0 0 0 1 1 1 1 1 0 0 0 1 0 0 1 1 1 1 1 1 1 ]
d13=6.992026367576 eijMax=8.925E-03 rmsd=9.541E+00 s=[ 0 0 0 1 1 1 0 0 0 0 0 1 1 1 0 1 1 0 0 0 0 0 0 0 ]
d13=6.992026367576 eijMax=6.373E-03 rmsd=9.152E+00 s=[ 0 0 0 1 1 1 0 0 0 0 1 0 0 0 0 1 1 0 0 0 0 0 0 0 ]
d13=6.999290790707 eijMax=6.603E-04 rmsd=9.156E+00 s=[ 0 0 0 0 0 0 1 1 1 1 0 1 1 1 1 0 0 1 1 1 1 1 1 1 ]
d13=6.999290790707 eijMax=3.051E-03 rmsd=9.593E+00 s=[ 0 0 0 0 0 0 1 1 1 1 1 0 0 0 1 0 0 1 1 1 1 1 1 1 ]
d13=6.999290790707 eijMax=3.051E-03 rmsd=9.593E+00 s=[ 0 0 0 1 1 1 0 0 0 0 0 1 1 1 0 1 1 0 0 0 0 0 0 0 ]
d13=6.999290790707 eijMax=6.603E-04 rmsd=9.156E+00 s=[ 0 0 0 1 1 1 0 0 0 0 1 0 0 0 0 1 1 0 0 0 0 0 0 0 ]
d13=7.006555213838 eijMax=4.982E-03 rmsd=9.160E+00 s=[ 0 0 0 0 0 0 1 1 1 1 0 1 1 1 1 0 0 1 1 1 1 1 1 1 ]
d13=7.006555213838 eijMax=2.766E-03 rmsd=9.643E+00 s=[ 0 0 0 0 0 0 1 1 1 1 1 0 0 0 1 0 0 1 1 1 1 1 1 1 ]
d13=7.006555213838 eijMax=2.766E-03 rmsd=9.643E+00 s=[ 0 0 0 1 1 1 0 0 0 0 0 1 1 1 0 1 1 0 0 0 0 0 0 0 ]
d13=7.006555213838 eijMax=4.982E-03 rmsd=9.160E+00 s=[ 0 0 0 1 1 1 0 0 0 0 1 0 0 0 0 1 1 0 0 0 0 0 0 0 ]
d13=7.013819636970 eijMax=8.519E-03 rmsd=9.692E+00 s=[ 0 0 0 0 0 0 1 1 1 1 1 0 0 0 1 0 0 1 1 1 1 1 1 1 ]
d13=7.013819636970 eijMax=8.519E-03 rmsd=9.692E+00 s=[ 0 0 0 1 1 1 0 0 0 0 0 1 1 1 0 1 1 0 0 0 0 0 0 0 ]
d13=7.021084060101 eijMax=9.521E-03 rmsd=1.004E+01 s=[ 0 0 0 0 1 1 0 0 0 1 1 0 0 0 1 0 0 1 1 1 1 1 1 1 ]
d13=7.021084060101 eijMax=9.521E-03 rmsd=1.004E+01 s=[ 0 0 0 1 0 0 1 1 1 0 0 1 1 1 0 1 1 0 0 0 0 0 0 0 ]
d13=7.028348483232 eijMax=7.850E-03 rmsd=8.292E+00 s=[ 0 0 0 0 1 1 0 0 0 0 0 1 1 1 1 0 0 1 1 1 1 1 1 1 ]
d13=7.028348483232 eijMax=5.555E-03 rmsd=1.005E+01 s=[ 0 0 0 0 1 1 0 0 0 1 1 0 0 0 1 0 0 1 1 1 1 1 1 1 ]
d13=7.028348483232 eijMax=5.555E-03 rmsd=1.005E+01 s=[ 0 0 0 1 0 0 1 1 1 0 0 1 1 1 0 1 1 0 0 0 0 0 0 0 ]
d13=7.028348483232 eijMax=7.850E-03 rmsd=8.292E+00 s=[ 0 0 0 1 0 0 1 1 1 1 1 0 0 0 0 1 1 0 0 0 0 0 0 0 ]
d13=7.035612906364 eijMax=3.542E-03 rmsd=8.612E+00 s=[ 0 0 0 0 0 1 0 0 0 1 0 1 1 1 1 0 0 1 1 1 1 1 1 1 ]
d13=7.035612906364 eijMax=4.081E-03 rmsd=8.301E+00 s=[ 0 0 0 0 1 1 0 0 0 0 0 1 1 1 1 0 0 1 1 1 1 1 1 1 ]
d13=7.035612906364 eijMax=7.228E-03 rmsd=9.566E+00 s=[ 0 0 0 0 1 1 0 0 0 1 0 1 1 1 1 0 0 1 1 1 1 1 1 1 ]
d13=7.035612906364 eijMax=1.637E-03 rmsd=1.006E+01 s=[ 0 0 0 0 1 1 0 0 0 1 1 0 0 0 1 0 0 1 1 1 1 1 1 1 ]
d13=7.035612906364 eijMax=1.637E-03 rmsd=1.006E+01 s=[ 0 0 0 1 0 0 1 1 1 0 0 1 1 1 0 1 1 0 0 0 0 0 0 0 ]
d13=7.035612906364 eijMax=7.228E-03 rmsd=9.566E+00 s=[ 0 0 0 1 0 0 1 1 1 0 1 0 0 0 0 1 1 0 0 0 0 0 0 0 ]
d13=7.035612906364 eijMax=4.081E-03 rmsd=8.301E+00 s=[ 0 0 0 1 0 0 1 1 1 1 1 0 0 0 0 1 1 0 0 0 0 0 0 0 ]
d13=7.035612906364 eijMax=3.542E-03 rmsd=8.612E+00 s=[ 0 0 0 1 1 0 1 1 1 0 1 0 0 0 0 1 1 0 0 0 0 0 0 0 ]
d13=7.042877329495 eijMax=3.215E-03 rmsd=8.621E+00 s=[ 0 0 0 0 0 1 0 0 0 1 0 1 1 1 1 0 0 1 1 1 1 1 1 1 ]
d13=7.042877329495 eijMax=4.531E-03 rmsd=8.097E+00 s=[ 0 0 0 0 0 1 0 0 0 1 1 0 0 0 1 0 0 1 1 1 1 1 1 1 ]
d13=7.042877329495 eijMax=3.689E-04 rmsd=8.312E+00 s=[ 0 0 0 0 1 1 0 0 0 0 0 1 1 1 1 0 0 1 1 1 1 1 1 1 ]
d13=7.042877329495 eijMax=8.462E-03 rmsd=9.199E+00 s=[ 0 0 0 0 1 1 0 0 0 0 1 0 0 0 1 0 0 1 1 1 1 1 1 1 ]
d13=7.042877329495 eijMax=3.527E-03 rmsd=9.581E+00 s=[ 0 0 0 0 1 1 0 0 0 1 0 1 1 1 1 0 0 1 1 1 1 1 1 1 ]
d13=7.042877329495 eijMax=2.234E-03 rmsd=1.007E+01 s=[ 0 0 0 0 1 1 0 0 0 1 1 0 0 0 1 0 0 1 1 1 1 1 1 1 ]
d13=7.042877329495 eijMax=2.234E-03 rmsd=1.007E+01 s=[ 0 0 0 1 0 0 1 1 1 0 0 1 1 1 0 1 1 0 0 0 0 0 0 0 ]
d13=7.042877329495 eijMax=3.527E-03 rmsd=9.581E+00 s=[ 0 0 0 1 0 0 1 1 1 0 1 0 0 0 0 1 1 0 0 0 0 0 0 0 ]
d13=7.042877329495 eijMax=8.462E-03 rmsd=9.199E+00 s=[ 0 0 0 1 0 0 1 1 1 1 0 1 1 1 0 1 1 0 0 0 0 0 0 0 ]
d13=7.042877329495 eijMax=3.689E-04 rmsd=8.312E+00 s=[ 0 0 0 1 0 0 1 1 1 1 1 0 0 0 0 1 1 0 0 0 0 0 0 0 ]
d13=7.042877329495 eijMax=4.531E-03 rmsd=8.097E+00 s=[ 0 0 0 1 1 0 1 1 1 0 0 1 1 1 0 1 1 0 0 0 0 0 0 0 ]
d13=7.042877329495 eijMax=3.215E-03 rmsd=8.621E+00 s=[ 0 0 0 1 1 0 1 1 1 0 1 0 0 0 0 1 1 0 0 0 0 0 0 0 ]
d13=7.050141752626 eijMax=9.952E-03 rmsd=8.604E+00 s=[ 0 0 0 0 0 1 0 0 0 1 0 1 1 1 1 0 0 1 1 1 1 1 1 1 ]
d13=7.050141752626 eijMax=2.281E-03 rmsd=8.154E+00 s=[ 0 0 0 0 0 1 0 0 0 1 1 0 0 0 1 0 0 1 1 1 1 1 1 1 ]
d13=7.050141752626 eijMax=3.285E-03 rmsd=8.324E+00 s=[ 0 0 0 0 1 1 0 0 0 0 0 1 1 1 1 0 0 1 1 1 1 1 1 1 ]
d13=7.050141752626 eijMax=5.072E-03 rmsd=9.209E+00 s=[ 0 0 0 0 1 1 0 0 0 0 1 0 0 0 1 0 0 1 1 1 1 1 1 1 ]
d13=7.050141752626 eijMax=1.266E-04 rmsd=9.597E+00 s=[ 0 0 0 0 1 1 0 0 0 1 0 1 1 1 1 0 0 1 1 1 1 1 1 1 ]
d13=7.050141752626 eijMax=6.058E-03 rmsd=1.008E+01 s=[ 0 0 0 0 1 1 0 0 0 1 1 0 0 0 1 0 0 1 1 1 1 1 1 1 ]
d13=7.050141752626 eijMax=6.058E-03 rmsd=1.008E+01 s=[ 0 0 0 1 0 0 1 1 1 0 0 1 1 1 0 1 1 0 0 0 0 0 0 0 ]
d13=7.050141752626 eijMax=1.266E-04 rmsd=9.597E+00 s=[ 0 0 0 1 0 0 1 1 1 0 1 0 0 0 0 1 1 0 0 0 0 0 0 0 ]
d13=7.050141752626 eijMax=5.072E-03 rmsd=9.209E+00 s=[ 0 0 0 1 0 0 1 1 1 1 0 1 1 1 0 1 1 0 0 0 0 0 0 0 ]
d13=7.050141752626 eijMax=3.285E-03 rmsd=8.324E+00 s=[ 0 0 0 1 0 0 1 1 1 1 1 0 0 0 0 1 1 0 0 0 0 0 0 0 ]
d13=7.050141752626 eijMax=2.281E-03 rmsd=8.154E+00 s=[ 0 0 0 1 1 0 1 1 1 0 0 1 1 1 0 1 1 0 0 0 0 0 0 0 ]
d13=7.050141752626 eijMax=9.952E-03 rmsd=8.604E+00 s=[ 0 0 0 1 1 0 1 1 1 0 1 0 0 0 0 1 1 0 0 0 0 0 0 0 ]
d13=7.057406175758 eijMax=9.099E-03 rmsd=8.210E+00 s=[ 0 0 0 0 0 1 0 0 0 1 1 0 0 0 1 0 0 1 1 1 1 1 1 1 ]
d13=7.057406175758 eijMax=6.881E-03 rmsd=8.338E+00 s=[ 0 0 0 0 1 1 0 0 0 0 0 1 1 1 1 0 0 1 1 1 1 1 1 1 ]
d13=7.057406175758 eijMax=1.741E-03 rmsd=9.220E+00 s=[ 0 0 0 0 1 1 0 0 0 0 1 0 0 0 1 0 0 1 1 1 1 1 1 1 ]
d13=7.057406175758 eijMax=3.734E-03 rmsd=9.615E+00 s=[ 0 0 0 0 1 1 0 0 0 1 0 1 1 1 1 0 0 1 1 1 1 1 1 1 ]
d13=7.057406175758 eijMax=9.835E-03 rmsd=1.010E+01 s=[ 0 0 0 0 1 1 0 0 0 1 1 0 0 0 1 0 0 1 1 1 1 1 1 1 ]
d13=7.057406175758 eijMax=9.835E-03 rmsd=1.010E+01 s=[ 0 0 0 1 0 0 1 1 1 0 0 1 1 1 0 1 1 0 0 0 0 0 0 0 ]
d13=7.057406175758 eijMax=3.734E-03 rmsd=9.615E+00 s=[ 0 0 0 1 0 0 1 1 1 0 1 0 0 0 0 1 1 0 0 0 0 0 0 0 ]
d13=7.057406175758 eijMax=1.741E-03 rmsd=9.220E+00 s=[ 0 0 0 1 0 0 1 1 1 1 0 1 1 1 0 1 1 0 0 0 0 0 0 0 ]
d13=7.057406175758 eijMax=6.881E-03 rmsd=8.338E+00 s=[ 0 0 0 1 0 0 1 1 1 1 1 0 0 0 0 1 1 0 0 0 0 0 0 0 ]
d13=7.057406175758 eijMax=9.099E-03 rmsd=8.210E+00 s=[ 0 0 0 1 1 0 1 1 1 0 0 1 1 1 0 1 1 0 0 0 0 0 0 0 ]
d13=7.064670598889 eijMax=1.530E-03 rmsd=9.232E+00 s=[ 0 0 0 0 1 1 0 0 0 0 1 0 0 0 1 0 0 1 1 1 1 1 1 1 ]
d13=7.064670598889 eijMax=7.296E-03 rmsd=9.634E+00 s=[ 0 0 0 0 1 1 0 0 0 1 0 1 1 1 1 0 0 1 1 1 1 1 1 1 ]
d13=7.064670598889 eijMax=7.296E-03 rmsd=9.634E+00 s=[ 0 0 0 1 0 0 1 1 1 0 1 0 0 0 0 1 1 0 0 0 0 0 0 0 ]
d13=7.064670598889 eijMax=1.530E-03 rmsd=9.232E+00 s=[ 0 0 0 1 0 0 1 1 1 1 0 1 1 1 0 1 1 0 0 0 0 0 0 0 ]
d13=7.071935022020 eijMax=4.740E-03 rmsd=9.245E+00 s=[ 0 0 0 0 1 1 0 0 0 0 1 0 0 0 1 0 0 1 1 1 1 1 1 1 ]
d13=7.071935022020 eijMax=4.740E-03 rmsd=9.245E+00 s=[ 0 0 0 1 0 0 1 1 1 1 0 1 1 1 0 1 1 0 0 0 0 0 0 0 ]
d13=7.079199445152 eijMax=7.888E-03 rmsd=9.259E+00 s=[ 0 0 0 0 1 1 0 0 0 0 1 0 0 0 1 0 0 1 1 1 1 1 1 1 ]
d13=7.079199445152 eijMax=7.888E-03 rmsd=9.259E+00 s=[ 0 0 0 1 0 0 1 1 1 1 0 1 1 1 0 1 1 0 0 0 0 0 0 0 ]
d13=7.362511947273 eijMax=1.463E-03 rmsd=7.281E+00 s=[ 0 0 0 0 0 0 1 1 1 0 0 1 1 1 1 1 1 0 0 0 0 0 0 0 ]
d13=7.362511947273 eijMax=1.463E-03 rmsd=7.281E+00 s=[ 0 0 0 1 1 1 0 0 0 1 1 0 0 0 0 0 0 1 1 1 1 1 1 1 ]
d13=7.369776370404 eijMax=1.779E-03 rmsd=6.829E+00 s=[ 0 0 0 0 0 0 1 1 1 0 1 0 0 0 1 1 1 0 0 0 0 0 0 0 ]
d13=7.369776370404 eijMax=1.779E-03 rmsd=6.829E+00 s=[ 0 0 0 1 1 1 0 0 0 1 0 1 1 1 0 0 0 1 1 1 1 1 1 1 ]
d13=7.391569639798 eijMax=7.221E-03 rmsd=9.145E+00 s=[ 0 0 0 0 0 0 1 1 1 0 0 1 1 1 1 0 0 1 1 1 1 1 1 1 ]
d13=7.391569639798 eijMax=5.460E-04 rmsd=8.387E+00 s=[ 0 0 0 0 1 1 0 0 0 0 1 0 0 0 1 0 0 1 1 1 1 1 1 1 ]
d13=7.391569639798 eijMax=5.460E-04 rmsd=8.387E+00 s=[ 0 0 0 1 0 0 1 1 1 1 0 1 1 1 0 1 1 0 0 0 0 0 0 0 ]
d13=7.391569639798 eijMax=7.221E-03 rmsd=9.145E+00 s=[ 0 0 0 1 1 1 0 0 0 1 1 0 0 0 0 1 1 0 0 0 0 0 0 0 ]
d13=7.398834062929 eijMax=1.931E-03 rmsd=8.410E+00 s=[ 0 0 0 0 0 0 1 1 1 0 1 0 0 0 1 0 0 1 1 1 1 1 1 1 ]
d13=7.398834062929 eijMax=8.384E-04 rmsd=9.104E+00 s=[ 0 0 0 0 1 1 0 0 0 0 0 1 1 1 1 0 0 1 1 1 1 1 1 1 ]
d13=7.398834062929 eijMax=8.384E-04 rmsd=9.104E+00 s=[ 0 0 0 1 0 0 1 1 1 1 1 0 0 0 0 1 1 0 0 0 0 0 0 0 ]
d13=7.398834062929 eijMax=1.931E-03 rmsd=8.410E+00 s=[ 0 0 0 1 1 1 0 0 0 1 0 1 1 1 0 1 1 0 0 0 0 0 0 0 ]
d13=7.406098486061 eijMax=5.390E-03 rmsd=7.501E+00 s=[ 0 0 0 0 0 1 0 0 0 0 0 1 1 1 1 1 1 0 0 0 0 0 0 0 ]
d13=7.406098486061 eijMax=9.519E-03 rmsd=7.340E+00 s=[ 0 0 0 0 0 1 0 0 0 0 1 0 0 0 1 1 1 0 0 0 0 0 0 0 ]
d13=7.406098486061 eijMax=9.519E-03 rmsd=7.340E+00 s=[ 0 0 0 1 1 0 1 1 1 1 0 1 1 1 0 0 0 1 1 1 1 1 1 1 ]
d13=7.406098486061 eijMax=5.390E-03 rmsd=7.501E+00 s=[ 0 0 0 1 1 0 1 1 1 1 1 0 0 0 0 0 0 1 1 1 1 1 1 1 ]
num ..... 100
nnodes .. 24
nedges .. 123
nsols ... 122
tsecs ... 4.204757
