d13=5.894476187576 eijMax=4.070E-03 rmsd=7.970E+00 s=[ 0 0 0 0 0 0 0 1 1 0 1 1 0 0 0 0 1 0 0 0 0 0 0 0 ]
d13=5.894476187576 eijMax=4.070E-03 rmsd=7.970E+00 s=[ 0 0 0 1 1 1 1 0 0 1 0 0 1 1 1 1 0 1 1 1 1 1 1 1 ]
d13=5.911324879697 eijMax=9.796E-03 rmsd=8.174E+00 s=[ 0 0 0 0 0 0 0 1 1 0 1 1 0 0 0 0 1 0 0 0 0 0 0 0 ]
d13=5.911324879697 eijMax=9.796E-03 rmsd=8.174E+00 s=[ 0 0 0 1 1 1 1 0 0 1 0 0 1 1 1 1 0 1 1 1 1 1 1 1 ]
d13=5.945022263939 eijMax=8.013E-03 rmsd=3.540E-02 s=[ 0 0 0 0 1 0 0 1 1 0 0 0 1 1 1 1 0 1 1 1 1 1 1 1 ]
d13=5.945022263939 eijMax=8.013E-03 rmsd=3.540E-02 s=[ 0 0 0 1 0 1 1 0 0 1 1 1 0 0 0 0 1 0 0 0 0 0 0 0 ]
d13=5.995568340303 eijMax=9.808E-03 rmsd=9.425E+00 s=[ 0 0 0 0 0 0 0 1 1 0 0 0 1 1 0 0 1 0 0 0 0 0 0 0 ]
d13=5.995568340303 eijMax=9.808E-03 rmsd=9.425E+00 s=[ 0 0 0 1 1 1 1 0 0 1 1 1 0 0 1 1 0 1 1 1 1 1 1 1 ]
d13=6.012417032424 eijMax=9.666E-03 rmsd=9.505E+00 s=[ 0 0 0 0 0 0 0 1 1 0 0 0 1 1 0 0 1 0 0 0 0 0 0 0 ]
d13=6.012417032424 eijMax=3.223E-03 rmsd=7.341E+00 s=[ 0 0 0 0 1 1 1 0 0 0 0 0 1 1 0 0 1 0 0 0 0 0 0 0 ]
d13=6.012417032424 eijMax=3.223E-03 rmsd=7.341E+00 s=[ 0 0 0 1 0 0 0 1 1 1 1 1 0 0 1 1 0 1 1 1 1 1 1 1 ]
d13=6.012417032424 eijMax=9.666E-03 rmsd=9.505E+00 s=[ 0 0 0 1 1 1 1 0 0 1 1 1 0 0 1 1 0 1 1 1 1 1 1 1 ]
d13=6.029265724545 eijMax=9.559E-03 rmsd=8.469E+00 s=[ 0 0 0 0 0 1 1 0 0 0 0 0 1 1 0 0 1 0 0 0 0 0 0 0 ]
d13=6.029265724545 eijMax=8.969E-03 rmsd=8.240E+00 s=[ 0 0 0 0 1 0 0 1 1 0 0 0 1 1 0 0 1 0 0 0 0 0 0 0 ]
d13=6.029265724545 eijMax=8.969E-03 rmsd=8.240E+00 s=[ 0 0 0 1 0 1 1 0 0 1 1 1 0 0 1 1 0 1 1 1 1 1 1 1 ]
d13=6.029265724545 eijMax=9.559E-03 rmsd=8.469E+00 s=[ 0 0 0 1 1 0 0 1 1 1 1 1 0 0 1 1 0 1 1 1 1 1 1 1 ]
d13=6.046114416667 eijMax=5.628E-03 rmsd=8.555E+00 s=[ 0 0 0 0 0 1 1 0 0 0 0 0 1 1 0 0 1 0 0 0 0 0 0 0 ]
d13=6.046114416667 eijMax=5.942E-03 rmsd=8.242E+00 s=[ 0 0 0 0 1 0 0 1 1 0 0 0 1 1 0 0 1 0 0 0 0 0 0 0 ]
d13=6.046114416667 eijMax=5.942E-03 rmsd=8.242E+00 s=[ 0 0 0 1 0 1 1 0 0 1 1 1 0 0 1 1 0 1 1 1 1 1 1 1 ]
d13=6.046114416667 eijMax=5.628E-03 rmsd=8.555E+00 s=[ 0 0 0 1 1 0 0 1 1 1 1 1 0 0 1 1 0 1 1 1 1 1 1 1 ]
d13=6.062963108788 eijMax=9.709E-03 rmsd=2.541E+00 s=[ 0 0 0 0 0 0 0 1 1 0 0 0 1 1 1 1 0 1 1 1 1 1 1 1 ]
d13=6.062963108788 eijMax=9.709E-03 rmsd=2.541E+00 s=[ 0 0 0 1 1 1 1 0 0 1 1 1 0 0 0 0 1 0 0 0 0 0 0 0 ]
d13=6.079811800909 eijMax=4.774E-03 rmsd=2.632E+00 s=[ 0 0 0 0 0 0 0 1 1 0 0 0 1 1 1 1 0 1 1 1 1 1 1 1 ]
d13=6.079811800909 eijMax=4.774E-03 rmsd=2.632E+00 s=[ 0 0 0 1 1 1 1 0 0 1 1 1 0 0 0 0 1 0 0 0 0 0 0 0 ]
d13=7.006489867576 eijMax=4.911E-04 rmsd=9.631E+00 s=[ 0 0 0 0 0 0 0 1 1 1 1 1 0 0 0 1 0 1 1 1 1 1 1 1 ]
d13=7.006489867576 eijMax=4.911E-04 rmsd=9.631E+00 s=[ 0 0 0 1 1 1 1 0 0 0 0 0 1 1 1 0 1 0 0 0 0 0 0 0 ]
d13=7.057035943939 eijMax=9.993E-03 rmsd=1.009E+01 s=[ 0 0 0 0 0 1 1 0 0 1 1 1 0 0 0 1 0 1 1 1 1 1 1 1 ]
d13=7.057035943939 eijMax=4.770E-03 rmsd=1.294E+01 s=[ 0 0 0 0 0 1 1 0 0 1 1 1 0 0 1 0 1 0 0 0 0 0 0 0 ]
d13=7.057035943939 eijMax=4.770E-03 rmsd=1.294E+01 s=[ 0 0 0 1 1 0 0 1 1 0 0 0 1 1 0 1 0 1 1 1 1 1 1 1 ]
d13=7.057035943939 eijMax=9.993E-03 rmsd=1.009E+01 s=[ 0 0 0 1 1 0 0 1 1 0 0 0 1 1 1 0 1 0 0 0 0 0 0 0 ]
d13=7.073884636061 eijMax=5.991E-03 rmsd=1.007E+01 s=[ 0 0 0 0 0 1 1 0 0 1 1 1 0 0 0 1 0 1 1 1 1 1 1 1 ]
d13=7.073884636061 eijMax=6.775E-03 rmsd=1.298E+01 s=[ 0 0 0 0 0 1 1 0 0 1 1 1 0 0 1 0 1 0 0 0 0 0 0 0 ]
d13=7.073884636061 eijMax=2.245E-03 rmsd=1.131E+01 s=[ 0 0 0 0 1 0 0 1 1 1 1 1 0 0 1 0 1 0 0 0 0 0 0 0 ]
d13=7.073884636061 eijMax=1.729E-03 rmsd=1.115E+01 s=[ 0 0 0 0 1 1 1 0 0 1 1 1 0 0 1 0 1 0 0 0 0 0 0 0 ]
d13=7.073884636061 eijMax=1.729E-03 rmsd=1.115E+01 s=[ 0 0 0 1 0 0 0 1 1 0 0 0 1 1 0 1 0 1 1 1 1 1 1 1 ]
d13=7.073884636061 eijMax=2.245E-03 rmsd=1.131E+01 s=[ 0 0 0 1 0 1 1 0 0 0 0 0 1 1 0 1 0 1 1 1 1 1 1 1 ]
d13=7.073884636061 eijMax=6.775E-03 rmsd=1.298E+01 s=[ 0 0 0 1 1 0 0 1 1 0 0 0 1 1 0 1 0 1 1 1 1 1 1 1 ]
d13=7.073884636061 eijMax=5.991E-03 rmsd=1.007E+01 s=[ 0 0 0 1 1 0 0 1 1 0 0 0 1 1 1 0 1 0 0 0 0 0 0 0 ]
d13=7.090733328182 eijMax=5.115E-04 rmsd=1.251E+01 s=[ 0 0 0 0 0 0 0 1 1 1 1 1 0 0 1 0 1 0 0 0 0 0 0 0 ]
d13=7.090733328182 eijMax=5.115E-04 rmsd=1.251E+01 s=[ 0 0 0 1 1 1 1 0 0 0 0 0 1 1 0 1 0 1 1 1 1 1 1 1 ]
d13=7.141279404545 eijMax=5.110E-03 rmsd=1.273E+01 s=[ 0 0 0 0 0 0 0 1 1 1 0 0 1 1 1 0 1 0 0 0 0 0 0 0 ]
d13=7.141279404545 eijMax=5.110E-03 rmsd=1.273E+01 s=[ 0 0 0 1 1 1 1 0 0 0 1 1 0 0 0 1 0 1 1 1 1 1 1 1 ]
d13=7.158128096667 eijMax=5.536E-03 rmsd=1.298E+01 s=[ 0 0 0 0 0 1 1 0 0 1 0 0 1 1 1 0 1 0 0 0 0 0 0 0 ]
d13=7.158128096667 eijMax=5.536E-03 rmsd=1.298E+01 s=[ 0 0 0 1 1 0 0 1 1 0 1 1 0 0 0 1 0 1 1 1 1 1 1 1 ]
d13=7.225522865152 eijMax=7.275E-03 rmsd=1.036E+01 s=[ 0 0 0 0 1 0 0 1 1 1 1 1 0 0 0 1 0 1 1 1 1 1 1 1 ]
d13=7.225522865152 eijMax=7.275E-03 rmsd=1.036E+01 s=[ 0 0 0 1 0 1 1 0 0 0 0 0 1 1 1 0 1 0 0 0 0 0 0 0 ]
d13=7.259220249394 eijMax=5.201E-03 rmsd=9.982E+00 s=[ 0 0 0 0 1 1 1 0 0 1 1 1 0 0 0 1 0 1 1 1 1 1 1 1 ]
d13=7.259220249394 eijMax=5.201E-03 rmsd=9.982E+00 s=[ 0 0 0 1 0 0 0 1 1 0 0 0 1 1 1 0 1 0 0 0 0 0 0 0 ]
d13=7.276068941515 eijMax=1.669E-03 rmsd=1.168E+01 s=[ 0 0 0 0 1 0 0 1 1 1 0 0 1 1 1 0 1 0 0 0 0 0 0 0 ]
d13=7.276068941515 eijMax=1.669E-03 rmsd=1.168E+01 s=[ 0 0 0 1 0 1 1 0 0 0 1 1 0 0 0 1 0 1 1 1 1 1 1 1 ]
d13=7.309766325758 eijMax=9.623E-03 rmsd=1.242E+01 s=[ 0 0 0 0 0 0 0 1 1 0 1 1 0 0 1 0 1 0 0 0 0 0 0 0 ]
d13=7.309766325758 eijMax=9.623E-03 rmsd=1.242E+01 s=[ 0 0 0 1 1 1 1 0 0 1 0 0 1 1 0 1 0 1 1 1 1 1 1 1 ]
num ..... 100
nnodes .. 24
nedges .. 123
nsols ... 52
tsecs ... 4.214599
