d13=5.889163536907 eijMax=5.333E-03 rmsd=7.853E+00 s=[ 0 0 0 0 0 0 0 1 1 0 1 1 0 0 0 0 1 0 0 0 0 0 0 0 ]
d13=5.889163536907 eijMax=5.333E-03 rmsd=7.853E+00 s=[ 0 0 0 1 1 1 1 0 0 1 0 0 1 1 1 1 0 1 1 1 1 1 1 1 ]
d13=5.890833227117 eijMax=4.329E-03 rmsd=7.900E+00 s=[ 0 0 0 0 0 0 0 1 1 0 1 1 0 0 0 0 1 0 0 0 0 0 0 0 ]
d13=5.890833227117 eijMax=4.329E-03 rmsd=7.900E+00 s=[ 0 0 0 1 1 1 1 0 0 1 0 0 1 1 1 1 0 1 1 1 1 1 1 1 ]
d13=5.892502917327 eijMax=4.029E-03 rmsd=7.936E+00 s=[ 0 0 0 0 0 0 0 1 1 0 1 1 0 0 0 0 1 0 0 0 0 0 0 0 ]
d13=5.892502917327 eijMax=4.029E-03 rmsd=7.936E+00 s=[ 0 0 0 1 1 1 1 0 0 1 0 0 1 1 1 1 0 1 1 1 1 1 1 1 ]
d13=5.894172607538 eijMax=4.045E-03 rmsd=7.965E+00 s=[ 0 0 0 0 0 0 0 1 1 0 1 1 0 0 0 0 1 0 0 0 0 0 0 0 ]
d13=5.894172607538 eijMax=4.045E-03 rmsd=7.965E+00 s=[ 0 0 0 1 1 1 1 0 0 1 0 0 1 1 1 1 0 1 1 1 1 1 1 1 ]
d13=5.895842297748 eijMax=4.251E-03 rmsd=7.992E+00 s=[ 0 0 0 0 0 0 0 1 1 0 1 1 0 0 0 0 1 0 0 0 0 0 0 0 ]
d13=5.895842297748 eijMax=4.251E-03 rmsd=7.992E+00 s=[ 0 0 0 1 1 1 1 0 0 1 0 0 1 1 1 1 0 1 1 1 1 1 1 1 ]
d13=5.897511987958 eijMax=4.589E-03 rmsd=8.016E+00 s=[ 0 0 0 0 0 0 0 1 1 0 1 1 0 0 0 0 1 0 0 0 0 0 0 0 ]
d13=5.897511987958 eijMax=4.589E-03 rmsd=8.016E+00 s=[ 0 0 0 1 1 1 1 0 0 1 0 0 1 1 1 1 0 1 1 1 1 1 1 1 ]
d13=5.899181678168 eijMax=5.024E-03 rmsd=8.039E+00 s=[ 0 0 0 0 0 0 0 1 1 0 1 1 0 0 0 0 1 0 0 0 0 0 0 0 ]
d13=5.899181678168 eijMax=5.024E-03 rmsd=8.039E+00 s=[ 0 0 0 1 1 1 1 0 0 1 0 0 1 1 1 1 0 1 1 1 1 1 1 1 ]
d13=5.900851368378 eijMax=5.534E-03 rmsd=8.060E+00 s=[ 0 0 0 0 0 0 0 1 1 0 1 1 0 0 0 0 1 0 0 0 0 0 0 0 ]
d13=5.900851368378 eijMax=5.534E-03 rmsd=8.060E+00 s=[ 0 0 0 1 1 1 1 0 0 1 0 0 1 1 1 1 0 1 1 1 1 1 1 1 ]
d13=5.902521058589 eijMax=6.106E-03 rmsd=8.080E+00 s=[ 0 0 0 0 0 0 0 1 1 0 1 1 0 0 0 0 1 0 0 0 0 0 0 0 ]
d13=5.902521058589 eijMax=6.106E-03 rmsd=8.080E+00 s=[ 0 0 0 1 1 1 1 0 0 1 0 0 1 1 1 1 0 1 1 1 1 1 1 1 ]
d13=5.904190748799 eijMax=6.728E-03 rmsd=8.099E+00 s=[ 0 0 0 0 0 0 0 1 1 0 1 1 0 0 0 0 1 0 0 0 0 0 0 0 ]
d13=5.904190748799 eijMax=6.728E-03 rmsd=8.099E+00 s=[ 0 0 0 1 1 1 1 0 0 1 0 0 1 1 1 1 0 1 1 1 1 1 1 1 ]
d13=5.905860439009 eijMax=7.393E-03 rmsd=8.118E+00 s=[ 0 0 0 0 0 0 0 1 1 0 1 1 0 0 0 0 1 0 0 0 0 0 0 0 ]
d13=5.905860439009 eijMax=7.393E-03 rmsd=8.118E+00 s=[ 0 0 0 1 1 1 1 0 0 1 0 0 1 1 1 1 0 1 1 1 1 1 1 1 ]
d13=5.907530129219 eijMax=8.093E-03 rmsd=8.136E+00 s=[ 0 0 0 0 0 0 0 1 1 0 1 1 0 0 0 0 1 0 0 0 0 0 0 0 ]
d13=5.907530129219 eijMax=8.093E-03 rmsd=8.136E+00 s=[ 0 0 0 1 1 1 1 0 0 1 0 0 1 1 1 1 0 1 1 1 1 1 1 1 ]
d13=5.909199819429 eijMax=8.825E-03 rmsd=8.153E+00 s=[ 0 0 0 0 0 0 0 1 1 0 1 1 0 0 0 0 1 0 0 0 0 0 0 0 ]
d13=5.909199819429 eijMax=8.825E-03 rmsd=8.153E+00 s=[ 0 0 0 1 1 1 1 0 0 1 0 0 1 1 1 1 0 1 1 1 1 1 1 1 ]
d13=5.910869509640 eijMax=9.585E-03 rmsd=8.170E+00 s=[ 0 0 0 0 0 0 0 1 1 0 1 1 0 0 0 0 1 0 0 0 0 0 0 0 ]
d13=5.910869509640 eijMax=9.585E-03 rmsd=8.170E+00 s=[ 0 0 0 1 1 1 1 0 0 1 0 0 1 1 1 1 0 1 1 1 1 1 1 1 ]
d13=5.944263313844 eijMax=8.918E-03 rmsd=3.951E-02 s=[ 0 0 0 0 1 0 0 1 1 0 0 0 1 1 1 1 0 1 1 1 1 1 1 1 ]
d13=5.944263313844 eijMax=8.918E-03 rmsd=3.951E-02 s=[ 0 0 0 1 0 1 1 0 0 1 1 1 0 0 0 0 1 0 0 0 0 0 0 0 ]
d13=5.945933004054 eijMax=6.929E-03 rmsd=3.051E-02 s=[ 0 0 0 0 1 0 0 1 1 0 0 0 1 1 1 1 0 1 1 1 1 1 1 1 ]
d13=5.945933004054 eijMax=6.929E-03 rmsd=3.051E-02 s=[ 0 0 0 1 0 1 1 0 0 1 1 1 0 0 0 0 1 0 0 0 0 0 0 0 ]
d13=5.947602694264 eijMax=4.947E-03 rmsd=2.165E-02 s=[ 0 0 0 0 1 0 0 1 1 0 0 0 1 1 1 1 0 1 1 1 1 1 1 1 ]
d13=5.947602694264 eijMax=4.947E-03 rmsd=2.165E-02 s=[ 0 0 0 1 0 1 1 0 0 1 1 1 0 0 0 0 1 0 0 0 0 0 0 0 ]
d13=5.949272384474 eijMax=2.972E-03 rmsd=1.293E-02 s=[ 0 0 0 0 1 0 0 1 1 0 0 0 1 1 1 1 0 1 1 1 1 1 1 1 ]
d13=5.949272384474 eijMax=2.972E-03 rmsd=1.293E-02 s=[ 0 0 0 1 0 1 1 0 0 1 1 1 0 0 0 0 1 0 0 0 0 0 0 0 ]
d13=5.950942074685 eijMax=1.004E-03 rmsd=4.321E-03 s=[ 0 0 0 0 1 0 0 1 1 0 0 0 1 1 1 1 0 1 1 1 1 1 1 1 ]
d13=5.950942074685 eijMax=1.004E-03 rmsd=4.321E-03 s=[ 0 0 0 1 0 1 1 0 0 1 1 1 0 0 0 0 1 0 0 0 0 0 0 0 ]
d13=5.952611764895 eijMax=9.573E-04 rmsd=4.166E-03 s=[ 0 0 0 0 1 0 0 1 1 0 0 0 1 1 1 1 0 1 1 1 1 1 1 1 ]
d13=5.952611764895 eijMax=9.573E-04 rmsd=4.166E-03 s=[ 0 0 0 1 0 1 1 0 0 1 1 1 0 0 0 0 1 0 0 0 0 0 0 0 ]
d13=5.954281455105 eijMax=2.912E-03 rmsd=1.254E-02 s=[ 0 0 0 0 1 0 0 1 1 0 0 0 1 1 1 1 0 1 1 1 1 1 1 1 ]
d13=5.954281455105 eijMax=2.912E-03 rmsd=1.254E-02 s=[ 0 0 0 1 0 1 1 0 0 1 1 1 0 0 0 0 1 0 0 0 0 0 0 0 ]
d13=5.955951145315 eijMax=4.861E-03 rmsd=2.081E-02 s=[ 0 0 0 0 1 0 0 1 1 0 0 0 1 1 1 1 0 1 1 1 1 1 1 1 ]
d13=5.955951145315 eijMax=4.861E-03 rmsd=2.081E-02 s=[ 0 0 0 1 0 1 1 0 0 1 1 1 0 0 0 0 1 0 0 0 0 0 0 0 ]
d13=5.957620835526 eijMax=6.805E-03 rmsd=2.897E-02 s=[ 0 0 0 0 1 0 0 1 1 0 0 0 1 1 1 1 0 1 1 1 1 1 1 1 ]
d13=5.957620835526 eijMax=6.805E-03 rmsd=2.897E-02 s=[ 0 0 0 1 0 1 1 0 0 1 1 1 0 0 0 0 1 0 0 0 0 0 0 0 ]
d13=5.959290525736 eijMax=8.742E-03 rmsd=3.704E-02 s=[ 0 0 0 0 1 0 0 1 1 0 0 0 1 1 1 1 0 1 1 1 1 1 1 1 ]
d13=5.959290525736 eijMax=8.742E-03 rmsd=3.704E-02 s=[ 0 0 0 1 0 1 1 0 0 1 1 1 0 0 0 0 1 0 0 0 0 0 0 0 ]
d13=5.996023710360 eijMax=9.267E-03 rmsd=9.427E+00 s=[ 0 0 0 0 0 0 0 1 1 0 0 0 1 1 0 0 1 0 0 0 0 0 0 0 ]
d13=5.996023710360 eijMax=9.267E-03 rmsd=9.427E+00 s=[ 0 0 0 1 1 1 1 0 0 1 1 1 0 0 1 1 0 1 1 1 1 1 1 1 ]
d13=5.997693400571 eijMax=7.293E-03 rmsd=9.436E+00 s=[ 0 0 0 0 0 0 0 1 1 0 0 0 1 1 0 0 1 0 0 0 0 0 0 0 ]
d13=5.997693400571 eijMax=7.293E-03 rmsd=9.436E+00 s=[ 0 0 0 1 1 1 1 0 0 1 1 1 0 0 1 1 0 1 1 1 1 1 1 1 ]
d13=5.999363090781 eijMax=5.329E-03 rmsd=9.444E+00 s=[ 0 0 0 0 0 0 0 1 1 0 0 0 1 1 0 0 1 0 0 0 0 0 0 0 ]
d13=5.999363090781 eijMax=5.329E-03 rmsd=9.444E+00 s=[ 0 0 0 1 1 1 1 0 0 1 1 1 0 0 1 1 0 1 1 1 1 1 1 1 ]
d13=6.001032780991 eijMax=3.376E-03 rmsd=9.452E+00 s=[ 0 0 0 0 0 0 0 1 1 0 0 0 1 1 0 0 1 0 0 0 0 0 0 0 ]
d13=6.001032780991 eijMax=3.376E-03 rmsd=9.452E+00 s=[ 0 0 0 1 1 1 1 0 0 1 1 1 0 0 1 1 0 1 1 1 1 1 1 1 ]
d13=6.002702471201 eijMax=1.433E-03 rmsd=9.460E+00 s=[ 0 0 0 0 0 0 0 1 1 0 0 0 1 1 0 0 1 0 0 0 0 0 0 0 ]
d13=6.002702471201 eijMax=1.433E-03 rmsd=9.460E+00 s=[ 0 0 0 1 1 1 1 0 0 1 1 1 0 0 1 1 0 1 1 1 1 1 1 1 ]
d13=6.004372161411 eijMax=4.999E-04 rmsd=9.468E+00 s=[ 0 0 0 0 0 0 0 1 1 0 0 0 1 1 0 0 1 0 0 0 0 0 0 0 ]
d13=6.004372161411 eijMax=4.999E-04 rmsd=9.468E+00 s=[ 0 0 0 1 1 1 1 0 0 1 1 1 0 0 1 1 0 1 1 1 1 1 1 1 ]
d13=6.006041851622 eijMax=2.422E-03 rmsd=9.476E+00 s=[ 0 0 0 0 0 0 0 1 1 0 0 0 1 1 0 0 1 0 0 0 0 0 0 0 ]
d13=6.006041851622 eijMax=8.710E-03 rmsd=7.341E+00 s=[ 0 0 0 0 1 1 1 0 0 0 0 0 1 1 0 0 1 0 0 0 0 0 0 0 ]
d13=6.006041851622 eijMax=8.710E-03 rmsd=7.341E+00 s=[ 0 0 0 1 0 0 0 1 1 1 1 1 0 0 1 1 0 1 1 1 1 1 1 1 ]
d13=6.006041851622 eijMax=2.422E-03 rmsd=9.476E+00 s=[ 0 0 0 1 1 1 1 0 0 1 1 1 0 0 1 1 0 1 1 1 1 1 1 1 ]
d13=6.007711541832 eijMax=4.334E-03 rmsd=9.484E+00 s=[ 0 0 0 0 0 0 0 1 1 0 0 0 1 1 0 0 1 0 0 0 0 0 0 0 ]
d13=6.007711541832 eijMax=7.264E-03 rmsd=7.341E+00 s=[ 0 0 0 0 1 1 1 0 0 0 0 0 1 1 0 0 1 0 0 0 0 0 0 0 ]
d13=6.007711541832 eijMax=7.264E-03 rmsd=7.341E+00 s=[ 0 0 0 1 0 0 0 1 1 1 1 1 0 0 1 1 0 1 1 1 1 1 1 1 ]
d13=6.007711541832 eijMax=4.334E-03 rmsd=9.484E+00 s=[ 0 0 0 1 1 1 1 0 0 1 1 1 0 0 1 1 0 1 1 1 1 1 1 1 ]
d13=6.009381232042 eijMax=6.236E-03 rmsd=9.491E+00 s=[ 0 0 0 0 0 0 0 1 1 0 0 0 1 1 0 0 1 0 0 0 0 0 0 0 ]
d13=6.009381232042 eijMax=5.824E-03 rmsd=7.341E+00 s=[ 0 0 0 0 1 1 1 0 0 0 0 0 1 1 0 0 1 0 0 0 0 0 0 0 ]
d13=6.009381232042 eijMax=5.824E-03 rmsd=7.341E+00 s=[ 0 0 0 1 0 0 0 1 1 1 1 1 0 0 1 1 0 1 1 1 1 1 1 1 ]
d13=6.009381232042 eijMax=6.236E-03 rmsd=9.491E+00 s=[ 0 0 0 1 1 1 1 0 0 1 1 1 0 0 1 1 0 1 1 1 1 1 1 1 ]
d13=6.011050922252 eijMax=8.127E-03 rmsd=9.499E+00 s=[ 0 0 0 0 0 0 0 1 1 0 0 0 1 1 0 0 1 0 0 0 0 0 0 0 ]
d13=6.011050922252 eijMax=4.391E-03 rmsd=7.341E+00 s=[ 0 0 0 0 1 1 1 0 0 0 0 0 1 1 0 0 1 0 0 0 0 0 0 0 ]
d13=6.011050922252 eijMax=4.391E-03 rmsd=7.341E+00 s=[ 0 0 0 1 0 0 0 1 1 1 1 1 0 0 1 1 0 1 1 1 1 1 1 1 ]
d13=6.011050922252 eijMax=8.127E-03 rmsd=9.499E+00 s=[ 0 0 0 1 1 1 1 0 0 1 1 1 0 0 1 1 0 1 1 1 1 1 1 1 ]
d13=6.012720612462 eijMax=2.964E-03 rmsd=7.341E+00 s=[ 0 0 0 0 1 1 1 0 0 0 0 0 1 1 0 0 1 0 0 0 0 0 0 0 ]
d13=6.012720612462 eijMax=2.964E-03 rmsd=7.341E+00 s=[ 0 0 0 1 0 0 0 1 1 1 1 1 0 0 1 1 0 1 1 1 1 1 1 1 ]
d13=6.014390302673 eijMax=1.543E-03 rmsd=7.341E+00 s=[ 0 0 0 0 1 1 1 0 0 0 0 0 1 1 0 0 1 0 0 0 0 0 0 0 ]
d13=6.014390302673 eijMax=1.543E-03 rmsd=7.341E+00 s=[ 0 0 0 1 0 0 0 1 1 1 1 1 0 0 1 1 0 1 1 1 1 1 1 1 ]
d13=6.016059992883 eijMax=1.284E-04 rmsd=7.341E+00 s=[ 0 0 0 0 1 1 1 0 0 0 0 0 1 1 0 0 1 0 0 0 0 0 0 0 ]
d13=6.016059992883 eijMax=1.284E-04 rmsd=7.341E+00 s=[ 0 0 0 1 0 0 0 1 1 1 1 1 0 0 1 1 0 1 1 1 1 1 1 1 ]
d13=6.017729683093 eijMax=1.280E-03 rmsd=7.341E+00 s=[ 0 0 0 0 1 1 1 0 0 0 0 0 1 1 0 0 1 0 0 0 0 0 0 0 ]
d13=6.017729683093 eijMax=1.280E-03 rmsd=7.341E+00 s=[ 0 0 0 1 0 0 0 1 1 1 1 1 0 0 1 1 0 1 1 1 1 1 1 1 ]
d13=6.019399373303 eijMax=2.682E-03 rmsd=7.341E+00 s=[ 0 0 0 0 1 1 1 0 0 0 0 0 1 1 0 0 1 0 0 0 0 0 0 0 ]
d13=6.019399373303 eijMax=2.682E-03 rmsd=7.341E+00 s=[ 0 0 0 1 0 0 0 1 1 1 1 1 0 0 1 1 0 1 1 1 1 1 1 1 ]
d13=6.021069063514 eijMax=4.077E-03 rmsd=7.341E+00 s=[ 0 0 0 0 1 1 1 0 0 0 0 0 1 1 0 0 1 0 0 0 0 0 0 0 ]
d13=6.021069063514 eijMax=4.077E-03 rmsd=7.341E+00 s=[ 0 0 0 1 0 0 0 1 1 1 1 1 0 0 1 1 0 1 1 1 1 1 1 1 ]
d13=6.022738753724 eijMax=5.467E-03 rmsd=7.341E+00 s=[ 0 0 0 0 1 1 1 0 0 0 0 0 1 1 0 0 1 0 0 0 0 0 0 0 ]
d13=6.022738753724 eijMax=5.467E-03 rmsd=7.341E+00 s=[ 0 0 0 1 0 0 0 1 1 1 1 1 0 0 1 1 0 1 1 1 1 1 1 1 ]
d13=6.024408443934 eijMax=6.850E-03 rmsd=7.342E+00 s=[ 0 0 0 0 1 1 1 0 0 0 0 0 1 1 0 0 1 0 0 0 0 0 0 0 ]
d13=6.024408443934 eijMax=6.850E-03 rmsd=7.342E+00 s=[ 0 0 0 1 0 0 0 1 1 1 1 1 0 0 1 1 0 1 1 1 1 1 1 1 ]
d13=6.026078134144 eijMax=8.228E-03 rmsd=7.342E+00 s=[ 0 0 0 0 1 1 1 0 0 0 0 0 1 1 0 0 1 0 0 0 0 0 0 0 ]
d13=6.026078134144 eijMax=8.228E-03 rmsd=7.342E+00 s=[ 0 0 0 1 0 0 0 1 1 1 1 1 0 0 1 1 0 1 1 1 1 1 1 1 ]
d13=6.027747824354 eijMax=9.599E-03 rmsd=7.342E+00 s=[ 0 0 0 0 1 1 1 0 0 0 0 0 1 1 0 0 1 0 0 0 0 0 0 0 ]
d13=6.027747824354 eijMax=9.599E-03 rmsd=7.342E+00 s=[ 0 0 0 1 0 0 0 1 1 1 1 1 0 0 1 1 0 1 1 1 1 1 1 1 ]
d13=6.029417514565 eijMax=9.421E-03 rmsd=8.469E+00 s=[ 0 0 0 0 0 1 1 0 0 0 0 0 1 1 0 0 1 0 0 0 0 0 0 0 ]
d13=6.029417514565 eijMax=8.831E-03 rmsd=8.240E+00 s=[ 0 0 0 0 1 0 0 1 1 0 0 0 1 1 0 0 1 0 0 0 0 0 0 0 ]
d13=6.029417514565 eijMax=8.831E-03 rmsd=8.240E+00 s=[ 0 0 0 1 0 1 1 0 0 1 1 1 0 0 1 1 0 1 1 1 1 1 1 1 ]
d13=6.029417514565 eijMax=9.421E-03 rmsd=8.469E+00 s=[ 0 0 0 1 1 0 0 1 1 1 1 1 0 0 1 1 0 1 1 1 1 1 1 1 ]
d13=6.031087204775 eijMax=7.904E-03 rmsd=8.478E+00 s=[ 0 0 0 0 0 1 1 0 0 0 0 0 1 1 0 0 1 0 0 0 0 0 0 0 ]
d13=6.031087204775 eijMax=7.327E-03 rmsd=8.240E+00 s=[ 0 0 0 0 1 0 0 1 1 0 0 0 1 1 0 0 1 0 0 0 0 0 0 0 ]
d13=6.031087204775 eijMax=7.327E-03 rmsd=8.240E+00 s=[ 0 0 0 1 0 1 1 0 0 1 1 1 0 0 1 1 0 1 1 1 1 1 1 1 ]
d13=6.031087204775 eijMax=7.904E-03 rmsd=8.478E+00 s=[ 0 0 0 1 1 0 0 1 1 1 1 1 0 0 1 1 0 1 1 1 1 1 1 1 ]
d13=6.032756894985 eijMax=6.389E-03 rmsd=8.487E+00 s=[ 0 0 0 0 0 1 1 0 0 0 0 0 1 1 0 0 1 0 0 0 0 0 0 0 ]
d13=6.032756894985 eijMax=5.828E-03 rmsd=8.240E+00 s=[ 0 0 0 0 1 0 0 1 1 0 0 0 1 1 0 0 1 0 0 0 0 0 0 0 ]
d13=6.032756894985 eijMax=5.828E-03 rmsd=8.240E+00 s=[ 0 0 0 1 0 1 1 0 0 1 1 1 0 0 1 1 0 1 1 1 1 1 1 1 ]
d13=6.032756894985 eijMax=6.389E-03 rmsd=8.487E+00 s=[ 0 0 0 1 1 0 0 1 1 1 1 1 0 0 1 1 0 1 1 1 1 1 1 1 ]
d13=6.034426585195 eijMax=4.877E-03 rmsd=8.495E+00 s=[ 0 0 0 0 0 1 1 0 0 0 0 0 1 1 0 0 1 0 0 0 0 0 0 0 ]
d13=6.034426585195 eijMax=4.336E-03 rmsd=8.240E+00 s=[ 0 0 0 0 1 0 0 1 1 0 0 0 1 1 0 0 1 0 0 0 0 0 0 0 ]
d13=6.034426585195 eijMax=4.336E-03 rmsd=8.240E+00 s=[ 0 0 0 1 0 1 1 0 0 1 1 1 0 0 1 1 0 1 1 1 1 1 1 1 ]
d13=6.034426585195 eijMax=4.877E-03 rmsd=8.495E+00 s=[ 0 0 0 1 1 0 0 1 1 1 1 1 0 0 1 1 0 1 1 1 1 1 1 1 ]
d13=6.036096275405 eijMax=3.368E-03 rmsd=8.504E+00 s=[ 0 0 0 0 0 1 1 0 0 0 0 0 1 1 0 0 1 0 0 0 0 0 0 0 ]
d13=6.036096275405 eijMax=2.849E-03 rmsd=8.240E+00 s=[ 0 0 0 0 1 0 0 1 1 0 0 0 1 1 0 0 1 0 0 0 0 0 0 0 ]
d13=6.036096275405 eijMax=2.849E-03 rmsd=8.240E+00 s=[ 0 0 0 1 0 1 1 0 0 1 1 1 0 0 1 1 0 1 1 1 1 1 1 1 ]
d13=6.036096275405 eijMax=3.368E-03 rmsd=8.504E+00 s=[ 0 0 0 1 1 0 0 1 1 1 1 1 0 0 1 1 0 1 1 1 1 1 1 1 ]
d13=6.037765965616 eijMax=1.862E-03 rmsd=8.512E+00 s=[ 0 0 0 0 0 1 1 0 0 0 0 0 1 1 0 0 1 0 0 0 0 0 0 0 ]
d13=6.037765965616 eijMax=1.369E-03 rmsd=8.241E+00 s=[ 0 0 0 0 1 0 0 1 1 0 0 0 1 1 0 0 1 0 0 0 0 0 0 0 ]
d13=6.037765965616 eijMax=1.369E-03 rmsd=8.241E+00 s=[ 0 0 0 1 0 1 1 0 0 1 1 1 0 0 1 1 0 1 1 1 1 1 1 1 ]
d13=6.037765965616 eijMax=1.862E-03 rmsd=8.512E+00 s=[ 0 0 0 1 1 0 0 1 1 1 1 1 0 0 1 1 0 1 1 1 1 1 1 1 ]
d13=6.039435655826 eijMax=3.579E-04 rmsd=8.521E+00 s=[ 0 0 0 0 0 1 1 0 0 0 0 0 1 1 0 0 1 0 0 0 0 0 0 0 ]
d13=6.039435655826 eijMax=1.052E-04 rmsd=8.241E+00 s=[ 0 0 0 0 1 0 0 1 1 0 0 0 1 1 0 0 1 0 0 0 0 0 0 0 ]
d13=6.039435655826 eijMax=1.052E-04 rmsd=8.241E+00 s=[ 0 0 0 1 0 1 1 0 0 1 1 1 0 0 1 1 0 1 1 1 1 1 1 1 ]
d13=6.039435655826 eijMax=3.579E-04 rmsd=8.521E+00 s=[ 0 0 0 1 1 0 0 1 1 1 1 1 0 0 1 1 0 1 1 1 1 1 1 1 ]
d13=6.041105346036 eijMax=1.143E-03 rmsd=8.530E+00 s=[ 0 0 0 0 0 1 1 0 0 0 0 0 1 1 0 0 1 0 0 0 0 0 0 0 ]
d13=6.041105346036 eijMax=1.573E-03 rmsd=8.241E+00 s=[ 0 0 0 0 1 0 0 1 1 0 0 0 1 1 0 0 1 0 0 0 0 0 0 0 ]
d13=6.041105346036 eijMax=1.573E-03 rmsd=8.241E+00 s=[ 0 0 0 1 0 1 1 0 0 1 1 1 0 0 1 1 0 1 1 1 1 1 1 1 ]
d13=6.041105346036 eijMax=1.143E-03 rmsd=8.530E+00 s=[ 0 0 0 1 1 0 0 1 1 1 1 1 0 0 1 1 0 1 1 1 1 1 1 1 ]
d13=6.042775036246 eijMax=2.641E-03 rmsd=8.538E+00 s=[ 0 0 0 0 0 1 1 0 0 0 0 0 1 1 0 0 1 0 0 0 0 0 0 0 ]
d13=6.042775036246 eijMax=3.036E-03 rmsd=8.241E+00 s=[ 0 0 0 0 1 0 0 1 1 0 0 0 1 1 0 0 1 0 0 0 0 0 0 0 ]
d13=6.042775036246 eijMax=3.036E-03 rmsd=8.241E+00 s=[ 0 0 0 1 0 1 1 0 0 1 1 1 0 0 1 1 0 1 1 1 1 1 1 1 ]
d13=6.042775036246 eijMax=2.641E-03 rmsd=8.538E+00 s=[ 0 0 0 1 1 0 0 1 1 1 1 1 0 0 1 1 0 1 1 1 1 1 1 1 ]
d13=6.044444726456 eijMax=4.136E-03 rmsd=8.547E+00 s=[ 0 0 0 0 0 1 1 0 0 0 0 0 1 1 0 0 1 0 0 0 0 0 0 0 ]
d13=6.044444726456 eijMax=4.492E-03 rmsd=8.241E+00 s=[ 0 0 0 0 1 0 0 1 1 0 0 0 1 1 0 0 1 0 0 0 0 0 0 0 ]
d13=6.044444726456 eijMax=4.492E-03 rmsd=8.241E+00 s=[ 0 0 0 1 0 1 1 0 0 1 1 1 0 0 1 1 0 1 1 1 1 1 1 1 ]
d13=6.044444726456 eijMax=4.136E-03 rmsd=8.547E+00 s=[ 0 0 0 1 1 0 0 1 1 1 1 1 0 0 1 1 0 1 1 1 1 1 1 1 ]
d13=6.046114416667 eijMax=5.628E-03 rmsd=8.555E+00 s=[ 0 0 0 0 0 1 1 0 0 0 0 0 1 1 0 0 1 0 0 0 0 0 0 0 ]
d13=6.046114416667 eijMax=5.942E-03 rmsd=8.242E+00 s=[ 0 0 0 0 1 0 0 1 1 0 0 0 1 1 0 0 1 0 0 0 0 0 0 0 ]
d13=6.046114416667 eijMax=5.942E-03 rmsd=8.242E+00 s=[ 0 0 0 1 0 1 1 0 0 1 1 1 0 0 1 1 0 1 1 1 1 1 1 1 ]
d13=6.046114416667 eijMax=5.628E-03 rmsd=8.555E+00 s=[ 0 0 0 1 1 0 0 1 1 1 1 1 0 0 1 1 0 1 1 1 1 1 1 1 ]
d13=6.047784106877 eijMax=7.118E-03 rmsd=8.563E+00 s=[ 0 0 0 0 0 1 1 0 0 0 0 0 1 1 0 0 1 0 0 0 0 0 0 0 ]
d13=6.047784106877 eijMax=7.386E-03 rmsd=8.242E+00 s=[ 0 0 0 0 1 0 0 1 1 0 0 0 1 1 0 0 1 0 0 0 0 0 0 0 ]
d13=6.047784106877 eijMax=7.386E-03 rmsd=8.242E+00 s=[ 0 0 0 1 0 1 1 0 0 1 1 1 0 0 1 1 0 1 1 1 1 1 1 1 ]
d13=6.047784106877 eijMax=7.118E-03 rmsd=8.563E+00 s=[ 0 0 0 1 1 0 0 1 1 1 1 1 0 0 1 1 0 1 1 1 1 1 1 1 ]
d13=6.049453797087 eijMax=8.604E-03 rmsd=8.572E+00 s=[ 0 0 0 0 0 1 1 0 0 0 0 0 1 1 0 0 1 0 0 0 0 0 0 0 ]
d13=6.049453797087 eijMax=8.825E-03 rmsd=8.242E+00 s=[ 0 0 0 0 1 0 0 1 1 0 0 0 1 1 0 0 1 0 0 0 0 0 0 0 ]
d13=6.049453797087 eijMax=8.825E-03 rmsd=8.242E+00 s=[ 0 0 0 1 0 1 1 0 0 1 1 1 0 0 1 1 0 1 1 1 1 1 1 1 ]
d13=6.049453797087 eijMax=8.604E-03 rmsd=8.572E+00 s=[ 0 0 0 1 1 0 0 1 1 1 1 1 0 0 1 1 0 1 1 1 1 1 1 1 ]
d13=6.062811318769 eijMax=9.837E-03 rmsd=2.540E+00 s=[ 0 0 0 0 0 0 0 1 1 0 0 0 1 1 1 1 0 1 1 1 1 1 1 1 ]
d13=6.062811318769 eijMax=9.837E-03 rmsd=2.540E+00 s=[ 0 0 0 1 1 1 1 0 0 1 1 1 0 0 0 0 1 0 0 0 0 0 0 0 ]
d13=6.064481008979 eijMax=8.429E-03 rmsd=2.549E+00 s=[ 0 0 0 0 0 0 0 1 1 0 0 0 1 1 1 1 0 1 1 1 1 1 1 1 ]
d13=6.064481008979 eijMax=8.429E-03 rmsd=2.549E+00 s=[ 0 0 0 1 1 1 1 0 0 1 1 1 0 0 0 0 1 0 0 0 0 0 0 0 ]
d13=6.066150699189 eijMax=7.015E-03 rmsd=2.558E+00 s=[ 0 0 0 0 0 0 0 1 1 0 0 0 1 1 1 1 0 1 1 1 1 1 1 1 ]
d13=6.066150699189 eijMax=7.015E-03 rmsd=2.558E+00 s=[ 0 0 0 1 1 1 1 0 0 1 1 1 0 0 0 0 1 0 0 0 0 0 0 0 ]
d13=6.067820389399 eijMax=5.595E-03 rmsd=2.567E+00 s=[ 0 0 0 0 0 0 0 1 1 0 0 0 1 1 1 1 0 1 1 1 1 1 1 1 ]
d13=6.067820389399 eijMax=5.595E-03 rmsd=2.567E+00 s=[ 0 0 0 1 1 1 1 0 0 1 1 1 0 0 0 0 1 0 0 0 0 0 0 0 ]
d13=6.069490079610 eijMax=4.170E-03 rmsd=2.577E+00 s=[ 0 0 0 0 0 0 0 1 1 0 0 0 1 1 1 1 0 1 1 1 1 1 1 1 ]
d13=6.069490079610 eijMax=4.170E-03 rmsd=2.577E+00 s=[ 0 0 0 1 1 1 1 0 0 1 1 1 0 0 0 0 1 0 0 0 0 0 0 0 ]
d13=6.071159769820 eijMax=2.738E-03 rmsd=2.586E+00 s=[ 0 0 0 0 0 0 0 1 1 0 0 0 1 1 1 1 0 1 1 1 1 1 1 1 ]
d13=6.071159769820 eijMax=2.738E-03 rmsd=2.586E+00 s=[ 0 0 0 1 1 1 1 0 0 1 1 1 0 0 0 0 1 0 0 0 0 0 0 0 ]
d13=6.072829460030 eijMax=1.300E-03 rmsd=2.595E+00 s=[ 0 0 0 0 0 0 0 1 1 0 0 0 1 1 1 1 0 1 1 1 1 1 1 1 ]
d13=6.072829460030 eijMax=1.300E-03 rmsd=2.595E+00 s=[ 0 0 0 1 1 1 1 0 0 1 1 1 0 0 0 0 1 0 0 0 0 0 0 0 ]
d13=6.074499150240 eijMax=1.430E-04 rmsd=2.604E+00 s=[ 0 0 0 0 0 0 0 1 1 0 0 0 1 1 1 1 0 1 1 1 1 1 1 1 ]
d13=6.074499150240 eijMax=1.430E-04 rmsd=2.604E+00 s=[ 0 0 0 1 1 1 1 0 0 1 1 1 0 0 0 0 1 0 0 0 0 0 0 0 ]
d13=6.076168840450 eijMax=1.592E-03 rmsd=2.613E+00 s=[ 0 0 0 0 0 0 0 1 1 0 0 0 1 1 1 1 0 1 1 1 1 1 1 1 ]
d13=6.076168840450 eijMax=1.592E-03 rmsd=2.613E+00 s=[ 0 0 0 1 1 1 1 0 0 1 1 1 0 0 0 0 1 0 0 0 0 0 0 0 ]
d13=6.077838530661 eijMax=3.047E-03 rmsd=2.622E+00 s=[ 0 0 0 0 0 0 0 1 1 0 0 0 1 1 1 1 0 1 1 1 1 1 1 1 ]
d13=6.077838530661 eijMax=3.047E-03 rmsd=2.622E+00 s=[ 0 0 0 1 1 1 1 0 0 1 1 1 0 0 0 0 1 0 0 0 0 0 0 0 ]
d13=6.079508220871 eijMax=4.508E-03 rmsd=2.631E+00 s=[ 0 0 0 0 0 0 0 1 1 0 0 0 1 1 1 1 0 1 1 1 1 1 1 1 ]
d13=6.079508220871 eijMax=4.508E-03 rmsd=2.631E+00 s=[ 0 0 0 1 1 1 1 0 0 1 1 1 0 0 0 0 1 0 0 0 0 0 0 0 ]
d13=6.081177911081 eijMax=5.975E-03 rmsd=2.640E+00 s=[ 0 0 0 0 0 0 0 1 1 0 0 0 1 1 1 1 0 1 1 1 1 1 1 1 ]
d13=6.081177911081 eijMax=5.975E-03 rmsd=2.640E+00 s=[ 0 0 0 1 1 1 1 0 0 1 1 1 0 0 0 0 1 0 0 0 0 0 0 0 ]
d13=6.082847601291 eijMax=7.447E-03 rmsd=2.649E+00 s=[ 0 0 0 0 0 0 0 1 1 0 0 0 1 1 1 1 0 1 1 1 1 1 1 1 ]
d13=6.082847601291 eijMax=7.447E-03 rmsd=2.649E+00 s=[ 0 0 0 1 1 1 1 0 0 1 1 1 0 0 0 0 1 0 0 0 0 0 0 0 ]
d13=6.084517291502 eijMax=8.925E-03 rmsd=2.658E+00 s=[ 0 0 0 0 0 0 0 1 1 0 0 0 1 1 1 1 0 1 1 1 1 1 1 1 ]
d13=6.084517291502 eijMax=8.925E-03 rmsd=2.658E+00 s=[ 0 0 0 1 1 1 1 0 0 1 1 1 0 0 0 0 1 0 0 0 0 0 0 0 ]
d13=6.991159075646 eijMax=9.483E-03 rmsd=9.622E+00 s=[ 0 0 0 0 0 0 0 1 1 1 1 1 0 0 0 1 0 1 1 1 1 1 1 1 ]
d13=6.991159075646 eijMax=9.483E-03 rmsd=9.622E+00 s=[ 0 0 0 1 1 1 1 0 0 0 0 0 1 1 1 0 1 0 0 0 0 0 0 0 ]
d13=6.992828765856 eijMax=8.409E-03 rmsd=9.623E+00 s=[ 0 0 0 0 0 0 0 1 1 1 1 1 0 0 0 1 0 1 1 1 1 1 1 1 ]
d13=6.992828765856 eijMax=8.409E-03 rmsd=9.623E+00 s=[ 0 0 0 1 1 1 1 0 0 0 0 0 1 1 1 0 1 0 0 0 0 0 0 0 ]
d13=6.994498456066 eijMax=7.332E-03 rmsd=9.624E+00 s=[ 0 0 0 0 0 0 0 1 1 1 1 1 0 0 0 1 0 1 1 1 1 1 1 1 ]
d13=6.994498456066 eijMax=7.332E-03 rmsd=9.624E+00 s=[ 0 0 0 1 1 1 1 0 0 0 0 0 1 1 1 0 1 0 0 0 0 0 0 0 ]
d13=6.996168146276 eijMax=6.252E-03 rmsd=9.625E+00 s=[ 0 0 0 0 0 0 0 1 1 1 1 1 0 0 0 1 0 1 1 1 1 1 1 1 ]
d13=6.996168146276 eijMax=6.252E-03 rmsd=9.625E+00 s=[ 0 0 0 1 1 1 1 0 0 0 0 0 1 1 1 0 1 0 0 0 0 0 0 0 ]
d13=6.997837836486 eijMax=5.169E-03 rmsd=9.626E+00 s=[ 0 0 0 0 0 0 0 1 1 1 1 1 0 0 0 1 0 1 1 1 1 1 1 1 ]
d13=6.997837836486 eijMax=5.169E-03 rmsd=9.626E+00 s=[ 0 0 0 1 1 1 1 0 0 0 0 0 1 1 1 0 1 0 0 0 0 0 0 0 ]
d13=6.999507526697 eijMax=4.083E-03 rmsd=9.627E+00 s=[ 0 0 0 0 0 0 0 1 1 1 1 1 0 0 0 1 0 1 1 1 1 1 1 1 ]
d13=6.999507526697 eijMax=4.083E-03 rmsd=9.627E+00 s=[ 0 0 0 1 1 1 1 0 0 0 0 0 1 1 1 0 1 0 0 0 0 0 0 0 ]
d13=7.001177216907 eijMax=2.994E-03 rmsd=9.628E+00 s=[ 0 0 0 0 0 0 0 1 1 1 1 1 0 0 0 1 0 1 1 1 1 1 1 1 ]
d13=7.001177216907 eijMax=2.994E-03 rmsd=9.628E+00 s=[ 0 0 0 1 1 1 1 0 0 0 0 0 1 1 1 0 1 0 0 0 0 0 0 0 ]
d13=7.002846907117 eijMax=1.902E-03 rmsd=9.629E+00 s=[ 0 0 0 0 0 0 0 1 1 1 1 1 0 0 0 1 0 1 1 1 1 1 1 1 ]
d13=7.002846907117 eijMax=1.902E-03 rmsd=9.629E+00 s=[ 0 0 0 1 1 1 1 0 0 0 0 0 1 1 1 0 1 0 0 0 0 0 0 0 ]
d13=7.004516597327 eijMax=8.070E-04 rmsd=9.630E+00 s=[ 0 0 0 0 0 0 0 1 1 1 1 1 0 0 0 1 0 1 1 1 1 1 1 1 ]
d13=7.004516597327 eijMax=8.070E-04 rmsd=9.630E+00 s=[ 0 0 0 1 1 1 1 0 0 0 0 0 1 1 1 0 1 0 0 0 0 0 0 0 ]
d13=7.006186287538 eijMax=2.911E-04 rmsd=9.631E+00 s=[ 0 0 0 0 0 0 0 1 1 1 1 1 0 0 0 1 0 1 1 1 1 1 1 1 ]
d13=7.006186287538 eijMax=2.911E-04 rmsd=9.631E+00 s=[ 0 0 0 1 1 1 1 0 0 0 0 0 1 1 1 0 1 0 0 0 0 0 0 0 ]
d13=7.007855977748 eijMax=1.392E-03 rmsd=9.632E+00 s=[ 0 0 0 0 0 0 0 1 1 1 1 1 0 0 0 1 0 1 1 1 1 1 1 1 ]
d13=7.007855977748 eijMax=1.392E-03 rmsd=9.632E+00 s=[ 0 0 0 1 1 1 1 0 0 0 0 0 1 1 1 0 1 0 0 0 0 0 0 0 ]
d13=7.009525667958 eijMax=2.497E-03 rmsd=9.633E+00 s=[ 0 0 0 0 0 0 0 1 1 1 1 1 0 0 0 1 0 1 1 1 1 1 1 1 ]
d13=7.009525667958 eijMax=2.497E-03 rmsd=9.633E+00 s=[ 0 0 0 1 1 1 1 0 0 0 0 0 1 1 1 0 1 0 0 0 0 0 0 0 ]
d13=7.011195358168 eijMax=3.604E-03 rmsd=9.634E+00 s=[ 0 0 0 0 0 0 0 1 1 1 1 1 0 0 0 1 0 1 1 1 1 1 1 1 ]
d13=7.011195358168 eijMax=3.604E-03 rmsd=9.634E+00 s=[ 0 0 0 1 1 1 1 0 0 0 0 0 1 1 1 0 1 0 0 0 0 0 0 0 ]
d13=7.012865048378 eijMax=4.715E-03 rmsd=9.635E+00 s=[ 0 0 0 0 0 0 0 1 1 1 1 1 0 0 0 1 0 1 1 1 1 1 1 1 ]
d13=7.012865048378 eijMax=4.715E-03 rmsd=9.635E+00 s=[ 0 0 0 1 1 1 1 0 0 0 0 0 1 1 1 0 1 0 0 0 0 0 0 0 ]
d13=7.014534738589 eijMax=5.828E-03 rmsd=9.636E+00 s=[ 0 0 0 0 0 0 0 1 1 1 1 1 0 0 0 1 0 1 1 1 1 1 1 1 ]
d13=7.014534738589 eijMax=5.828E-03 rmsd=9.636E+00 s=[ 0 0 0 1 1 1 1 0 0 0 0 0 1 1 1 0 1 0 0 0 0 0 0 0 ]
d13=7.016204428799 eijMax=6.945E-03 rmsd=9.637E+00 s=[ 0 0 0 0 0 0 0 1 1 1 1 1 0 0 0 1 0 1 1 1 1 1 1 1 ]
d13=7.016204428799 eijMax=6.945E-03 rmsd=9.637E+00 s=[ 0 0 0 1 1 1 1 0 0 0 0 0 1 1 1 0 1 0 0 0 0 0 0 0 ]
d13=7.017874119009 eijMax=8.065E-03 rmsd=9.638E+00 s=[ 0 0 0 0 0 0 0 1 1 1 1 1 0 0 0 1 0 1 1 1 1 1 1 1 ]
d13=7.017874119009 eijMax=8.065E-03 rmsd=9.638E+00 s=[ 0 0 0 1 1 1 1 0 0 0 0 0 1 1 1 0 1 0 0 0 0 0 0 0 ]
d13=7.019543809219 eijMax=9.189E-03 rmsd=9.639E+00 s=[ 0 0 0 0 0 0 0 1 1 1 1 1 0 0 0 1 0 1 1 1 1 1 1 1 ]
d13=7.019543809219 eijMax=9.189E-03 rmsd=9.639E+00 s=[ 0 0 0 1 1 1 1 0 0 0 0 0 1 1 1 0 1 0 0 0 0 0 0 0 ]
d13=7.049598233003 eijMax=9.889E-03 rmsd=1.292E+01 s=[ 0 0 0 0 0 1 1 0 0 1 1 1 0 0 1 0 1 0 0 0 0 0 0 0 ]
d13=7.049598233003 eijMax=9.889E-03 rmsd=1.292E+01 s=[ 0 0 0 1 1 0 0 1 1 0 0 0 1 1 0 1 0 1 1 1 1 1 1 1 ]
d13=7.051267923213 eijMax=8.739E-03 rmsd=1.293E+01 s=[ 0 0 0 0 0 1 1 0 0 1 1 1 0 0 1 0 1 0 0 0 0 0 0 0 ]
d13=7.051267923213 eijMax=8.739E-03 rmsd=1.293E+01 s=[ 0 0 0 1 1 0 0 1 1 0 0 0 1 1 0 1 0 1 1 1 1 1 1 1 ]
d13=7.052937613423 eijMax=7.589E-03 rmsd=1.293E+01 s=[ 0 0 0 0 0 1 1 0 0 1 1 1 0 0 1 0 1 0 0 0 0 0 0 0 ]
d13=7.052937613423 eijMax=7.589E-03 rmsd=1.293E+01 s=[ 0 0 0 1 1 0 0 1 1 0 0 0 1 1 0 1 0 1 1 1 1 1 1 1 ]
d13=7.054607303634 eijMax=6.440E-03 rmsd=1.293E+01 s=[ 0 0 0 0 0 1 1 0 0 1 1 1 0 0 1 0 1 0 0 0 0 0 0 0 ]
d13=7.054607303634 eijMax=6.440E-03 rmsd=1.293E+01 s=[ 0 0 0 1 1 0 0 1 1 0 0 0 1 1 0 1 0 1 1 1 1 1 1 1 ]
d13=7.056276993844 eijMax=5.292E-03 rmsd=1.294E+01 s=[ 0 0 0 0 0 1 1 0 0 1 1 1 0 0 1 0 1 0 0 0 0 0 0 0 ]
d13=7.056276993844 eijMax=5.292E-03 rmsd=1.294E+01 s=[ 0 0 0 1 1 0 0 1 1 0 0 0 1 1 0 1 0 1 1 1 1 1 1 1 ]
d13=7.057946684054 eijMax=9.146E-03 rmsd=1.009E+01 s=[ 0 0 0 0 0 1 1 0 0 1 1 1 0 0 0 1 0 1 1 1 1 1 1 1 ]
d13=7.057946684054 eijMax=4.144E-03 rmsd=1.294E+01 s=[ 0 0 0 0 0 1 1 0 0 1 1 1 0 0 1 0 1 0 0 0 0 0 0 0 ]
d13=7.057946684054 eijMax=4.144E-03 rmsd=1.294E+01 s=[ 0 0 0 1 1 0 0 1 1 0 0 0 1 1 0 1 0 1 1 1 1 1 1 1 ]
d13=7.057946684054 eijMax=9.146E-03 rmsd=1.009E+01 s=[ 0 0 0 1 1 0 0 1 1 0 0 0 1 1 1 0 1 0 0 0 0 0 0 0 ]
d13=7.059616374264 eijMax=7.588E-03 rmsd=1.009E+01 s=[ 0 0 0 0 0 1 1 0 0 1 1 1 0 0 0 1 0 1 1 1 1 1 1 1 ]
d13=7.059616374264 eijMax=2.997E-03 rmsd=1.294E+01 s=[ 0 0 0 0 0 1 1 0 0 1 1 1 0 0 1 0 1 0 0 0 0 0 0 0 ]
d13=7.059616374264 eijMax=9.801E-03 rmsd=1.130E+01 s=[ 0 0 0 0 1 0 0 1 1 1 1 1 0 0 1 0 1 0 0 0 0 0 0 0 ]
d13=7.059616374264 eijMax=9.801E-03 rmsd=1.130E+01 s=[ 0 0 0 1 0 1 1 0 0 0 0 0 1 1 0 1 0 1 1 1 1 1 1 1 ]
d13=7.059616374264 eijMax=2.997E-03 rmsd=1.294E+01 s=[ 0 0 0 1 1 0 0 1 1 0 0 0 1 1 0 1 0 1 1 1 1 1 1 1 ]
d13=7.059616374264 eijMax=7.588E-03 rmsd=1.009E+01 s=[ 0 0 0 1 1 0 0 1 1 0 0 0 1 1 1 0 1 0 0 0 0 0 0 0 ]
d13=7.061286064474 eijMax=6.023E-03 rmsd=1.008E+01 s=[ 0 0 0 0 0 1 1 0 0 1 1 1 0 0 0 1 0 1 1 1 1 1 1 1 ]
d13=7.061286064474 eijMax=1.851E-03 rmsd=1.295E+01 s=[ 0 0 0 0 0 1 1 0 0 1 1 1 0 0 1 0 1 0 0 0 0 0 0 0 ]
d13=7.061286064474 eijMax=8.392E-03 rmsd=1.130E+01 s=[ 0 0 0 0 1 0 0 1 1 1 1 1 0 0 1 0 1 0 0 0 0 0 0 0 ]
d13=7.061286064474 eijMax=8.392E-03 rmsd=1.130E+01 s=[ 0 0 0 1 0 1 1 0 0 0 0 0 1 1 0 1 0 1 1 1 1 1 1 1 ]
d13=7.061286064474 eijMax=1.851E-03 rmsd=1.295E+01 s=[ 0 0 0 1 1 0 0 1 1 0 0 0 1 1 0 1 0 1 1 1 1 1 1 1 ]
d13=7.061286064474 eijMax=6.023E-03 rmsd=1.008E+01 s=[ 0 0 0 1 1 0 0 1 1 0 0 0 1 1 1 0 1 0 0 0 0 0 0 0 ]
d13=7.062955754685 eijMax=4.452E-03 rmsd=1.008E+01 s=[ 0 0 0 0 0 1 1 0 0 1 1 1 0 0 0 1 0 1 1 1 1 1 1 1 ]
d13=7.062955754685 eijMax=7.057E-04 rmsd=1.295E+01 s=[ 0 0 0 0 0 1 1 0 0 1 1 1 0 0 1 0 1 0 0 0 0 0 0 0 ]
d13=7.062955754685 eijMax=6.983E-03 rmsd=1.130E+01 s=[ 0 0 0 0 1 0 0 1 1 1 1 1 0 0 1 0 1 0 0 0 0 0 0 0 ]
d13=7.062955754685 eijMax=6.983E-03 rmsd=1.130E+01 s=[ 0 0 0 1 0 1 1 0 0 0 0 0 1 1 0 1 0 1 1 1 1 1 1 1 ]
d13=7.062955754685 eijMax=7.057E-04 rmsd=1.295E+01 s=[ 0 0 0 1 1 0 0 1 1 0 0 0 1 1 0 1 0 1 1 1 1 1 1 1 ]
d13=7.062955754685 eijMax=4.452E-03 rmsd=1.008E+01 s=[ 0 0 0 1 1 0 0 1 1 0 0 0 1 1 1 0 1 0 0 0 0 0 0 0 ]
d13=7.064625444895 eijMax=2.875E-03 rmsd=1.008E+01 s=[ 0 0 0 0 0 1 1 0 0 1 1 1 0 0 0 1 0 1 1 1 1 1 1 1 ]
d13=7.064625444895 eijMax=4.391E-04 rmsd=1.296E+01 s=[ 0 0 0 0 0 1 1 0 0 1 1 1 0 0 1 0 1 0 0 0 0 0 0 0 ]
d13=7.064625444895 eijMax=5.574E-03 rmsd=1.130E+01 s=[ 0 0 0 0 1 0 0 1 1 1 1 1 0 0 1 0 1 0 0 0 0 0 0 0 ]
d13=7.064625444895 eijMax=9.359E-03 rmsd=1.115E+01 s=[ 0 0 0 0 1 1 1 0 0 1 1 1 0 0 1 0 1 0 0 0 0 0 0 0 ]
d13=7.064625444895 eijMax=9.359E-03 rmsd=1.115E+01 s=[ 0 0 0 1 0 0 0 1 1 0 0 0 1 1 0 1 0 1 1 1 1 1 1 1 ]
d13=7.064625444895 eijMax=5.574E-03 rmsd=1.130E+01 s=[ 0 0 0 1 0 1 1 0 0 0 0 0 1 1 0 1 0 1 1 1 1 1 1 1 ]
d13=7.064625444895 eijMax=4.391E-04 rmsd=1.296E+01 s=[ 0 0 0 1 1 0 0 1 1 0 0 0 1 1 0 1 0 1 1 1 1 1 1 1 ]
d13=7.064625444895 eijMax=2.875E-03 rmsd=1.008E+01 s=[ 0 0 0 1 1 0 0 1 1 0 0 0 1 1 1 0 1 0 0 0 0 0 0 0 ]
d13=7.066295135105 eijMax=1.291E-03 rmsd=1.008E+01 s=[ 0 0 0 0 0 1 1 0 0 1 1 1 0 0 0 1 0 1 1 1 1 1 1 1 ]
d13=7.066295135105 eijMax=1.583E-03 rmsd=1.296E+01 s=[ 0 0 0 0 0 1 1 0 0 1 1 1 0 0 1 0 1 0 0 0 0 0 0 0 ]
d13=7.066295135105 eijMax=4.165E-03 rmsd=1.130E+01 s=[ 0 0 0 0 1 0 0 1 1 1 1 1 0 0 1 0 1 0 0 0 0 0 0 0 ]
d13=7.066295135105 eijMax=7.984E-03 rmsd=1.115E+01 s=[ 0 0 0 0 1 1 1 0 0 1 1 1 0 0 1 0 1 0 0 0 0 0 0 0 ]
d13=7.066295135105 eijMax=7.984E-03 rmsd=1.115E+01 s=[ 0 0 0 1 0 0 0 1 1 0 0 0 1 1 0 1 0 1 1 1 1 1 1 1 ]
d13=7.066295135105 eijMax=4.165E-03 rmsd=1.130E+01 s=[ 0 0 0 1 0 1 1 0 0 0 0 0 1 1 0 1 0 1 1 1 1 1 1 1 ]
d13=7.066295135105 eijMax=1.583E-03 rmsd=1.296E+01 s=[ 0 0 0 1 1 0 0 1 1 0 0 0 1 1 0 1 0 1 1 1 1 1 1 1 ]
d13=7.066295135105 eijMax=1.291E-03 rmsd=1.008E+01 s=[ 0 0 0 1 1 0 0 1 1 0 0 0 1 1 1 0 1 0 0 0 0 0 0 0 ]
d13=7.067964825315 eijMax=2.995E-04 rmsd=1.007E+01 s=[ 0 0 0 0 0 1 1 0 0 1 1 1 0 0 0 1 0 1 1 1 1 1 1 1 ]
d13=7.067964825315 eijMax=2.727E-03 rmsd=1.296E+01 s=[ 0 0 0 0 0 1 1 0 0 1 1 1 0 0 1 0 1 0 0 0 0 0 0 0 ]
d13=7.067964825315 eijMax=2.755E-03 rmsd=1.130E+01 s=[ 0 0 0 0 1 0 0 1 1 1 1 1 0 0 1 0 1 0 0 0 0 0 0 0 ]
d13=7.067964825315 eijMax=6.609E-03 rmsd=1.115E+01 s=[ 0 0 0 0 1 1 1 0 0 1 1 1 0 0 1 0 1 0 0 0 0 0 0 0 ]
d13=7.067964825315 eijMax=6.609E-03 rmsd=1.115E+01 s=[ 0 0 0 1 0 0 0 1 1 0 0 0 1 1 0 1 0 1 1 1 1 1 1 1 ]
d13=7.067964825315 eijMax=2.755E-03 rmsd=1.130E+01 s=[ 0 0 0 1 0 1 1 0 0 0 0 0 1 1 0 1 0 1 1 1 1 1 1 1 ]
d13=7.067964825315 eijMax=2.727E-03 rmsd=1.296E+01 s=[ 0 0 0 1 1 0 0 1 1 0 0 0 1 1 0 1 0 1 1 1 1 1 1 1 ]
d13=7.067964825315 eijMax=2.995E-04 rmsd=1.007E+01 s=[ 0 0 0 1 1 0 0 1 1 0 0 0 1 1 1 0 1 0 0 0 0 0 0 0 ]
d13=7.069634515526 eijMax=1.897E-03 rmsd=1.007E+01 s=[ 0 0 0 0 0 1 1 0 0 1 1 1 0 0 0 1 0 1 1 1 1 1 1 1 ]
d13=7.069634515526 eijMax=3.869E-03 rmsd=1.297E+01 s=[ 0 0 0 0 0 1 1 0 0 1 1 1 0 0 1 0 1 0 0 0 0 0 0 0 ]
d13=7.069634515526 eijMax=1.345E-03 rmsd=1.130E+01 s=[ 0 0 0 0 1 0 0 1 1 1 1 1 0 0 1 0 1 0 0 0 0 0 0 0 ]
d13=7.069634515526 eijMax=5.233E-03 rmsd=1.115E+01 s=[ 0 0 0 0 1 1 1 0 0 1 1 1 0 0 1 0 1 0 0 0 0 0 0 0 ]
d13=7.069634515526 eijMax=5.233E-03 rmsd=1.115E+01 s=[ 0 0 0 1 0 0 0 1 1 0 0 0 1 1 0 1 0 1 1 1 1 1 1 1 ]
d13=7.069634515526 eijMax=1.345E-03 rmsd=1.130E+01 s=[ 0 0 0 1 0 1 1 0 0 0 0 0 1 1 0 1 0 1 1 1 1 1 1 1 ]
d13=7.069634515526 eijMax=3.869E-03 rmsd=1.297E+01 s=[ 0 0 0 1 1 0 0 1 1 0 0 0 1 1 0 1 0 1 1 1 1 1 1 1 ]
d13=7.069634515526 eijMax=1.897E-03 rmsd=1.007E+01 s=[ 0 0 0 1 1 0 0 1 1 0 0 0 1 1 1 0 1 0 0 0 0 0 0 0 ]
d13=7.071304205736 eijMax=3.500E-03 rmsd=1.007E+01 s=[ 0 0 0 0 0 1 1 0 0 1 1 1 0 0 0 1 0 1 1 1 1 1 1 1 ]
d13=7.071304205736 eijMax=5.012E-03 rmsd=1.297E+01 s=[ 0 0 0 0 0 1 1 0 0 1 1 1 0 0 1 0 1 0 0 0 0 0 0 0 ]
d13=7.071304205736 eijMax=6.497E-05 rmsd=1.131E+01 s=[ 0 0 0 0 1 0 0 1 1 1 1 1 0 0 1 0 1 0 0 0 0 0 0 0 ]
d13=7.071304205736 eijMax=3.857E-03 rmsd=1.115E+01 s=[ 0 0 0 0 1 1 1 0 0 1 1 1 0 0 1 0 1 0 0 0 0 0 0 0 ]
d13=7.071304205736 eijMax=3.857E-03 rmsd=1.115E+01 s=[ 0 0 0 1 0 0 0 1 1 0 0 0 1 1 0 1 0 1 1 1 1 1 1 1 ]
d13=7.071304205736 eijMax=6.497E-05 rmsd=1.131E+01 s=[ 0 0 0 1 0 1 1 0 0 0 0 0 1 1 0 1 0 1 1 1 1 1 1 1 ]
d13=7.071304205736 eijMax=5.012E-03 rmsd=1.297E+01 s=[ 0 0 0 1 1 0 0 1 1 0 0 0 1 1 0 1 0 1 1 1 1 1 1 1 ]
d13=7.071304205736 eijMax=3.500E-03 rmsd=1.007E+01 s=[ 0 0 0 1 1 0 0 1 1 0 0 0 1 1 1 0 1 0 0 0 0 0 0 0 ]
d13=7.072973895946 eijMax=5.110E-03 rmsd=1.007E+01 s=[ 0 0 0 0 0 1 1 0 0 1 1 1 0 0 0 1 0 1 1 1 1 1 1 1 ]
d13=7.072973895946 eijMax=6.153E-03 rmsd=1.297E+01 s=[ 0 0 0 0 0 1 1 0 0 1 1 1 0 0 1 0 1 0 0 0 0 0 0 0 ]
d13=7.072973895946 eijMax=1.475E-03 rmsd=1.131E+01 s=[ 0 0 0 0 1 0 0 1 1 1 1 1 0 0 1 0 1 0 0 0 0 0 0 0 ]
d13=7.072973895946 eijMax=2.481E-03 rmsd=1.115E+01 s=[ 0 0 0 0 1 1 1 0 0 1 1 1 0 0 1 0 1 0 0 0 0 0 0 0 ]
d13=7.072973895946 eijMax=2.481E-03 rmsd=1.115E+01 s=[ 0 0 0 1 0 0 0 1 1 0 0 0 1 1 0 1 0 1 1 1 1 1 1 1 ]
d13=7.072973895946 eijMax=1.475E-03 rmsd=1.131E+01 s=[ 0 0 0 1 0 1 1 0 0 0 0 0 1 1 0 1 0 1 1 1 1 1 1 1 ]
d13=7.072973895946 eijMax=6.153E-03 rmsd=1.297E+01 s=[ 0 0 0 1 1 0 0 1 1 0 0 0 1 1 0 1 0 1 1 1 1 1 1 1 ]
d13=7.072973895946 eijMax=5.110E-03 rmsd=1.007E+01 s=[ 0 0 0 1 1 0 0 1 1 0 0 0 1 1 1 0 1 0 0 0 0 0 0 0 ]
d13=7.074643586156 eijMax=6.727E-03 rmsd=1.007E+01 s=[ 0 0 0 0 0 1 1 0 0 1 1 1 0 0 0 1 0 1 1 1 1 1 1 1 ]
d13=7.074643586156 eijMax=7.294E-03 rmsd=1.298E+01 s=[ 0 0 0 0 0 1 1 0 0 1 1 1 0 0 1 0 1 0 0 0 0 0 0 0 ]
d13=7.074643586156 eijMax=2.886E-03 rmsd=1.131E+01 s=[ 0 0 0 0 1 0 0 1 1 1 1 1 0 0 1 0 1 0 0 0 0 0 0 0 ]
d13=7.074643586156 eijMax=1.103E-03 rmsd=1.115E+01 s=[ 0 0 0 0 1 1 1 0 0 1 1 1 0 0 1 0 1 0 0 0 0 0 0 0 ]
d13=7.074643586156 eijMax=1.103E-03 rmsd=1.115E+01 s=[ 0 0 0 1 0 0 0 1 1 0 0 0 1 1 0 1 0 1 1 1 1 1 1 1 ]
d13=7.074643586156 eijMax=2.886E-03 rmsd=1.131E+01 s=[ 0 0 0 1 0 1 1 0 0 0 0 0 1 1 0 1 0 1 1 1 1 1 1 1 ]
d13=7.074643586156 eijMax=7.294E-03 rmsd=1.298E+01 s=[ 0 0 0 1 1 0 0 1 1 0 0 0 1 1 0 1 0 1 1 1 1 1 1 1 ]
d13=7.074643586156 eijMax=6.727E-03 rmsd=1.007E+01 s=[ 0 0 0 1 1 0 0 1 1 0 0 0 1 1 1 0 1 0 0 0 0 0 0 0 ]
d13=7.076313276366 eijMax=8.351E-03 rmsd=1.006E+01 s=[ 0 0 0 0 0 1 1 0 0 1 1 1 0 0 0 1 0 1 1 1 1 1 1 1 ]
d13=7.076313276366 eijMax=8.434E-03 rmsd=1.298E+01 s=[ 0 0 0 0 0 1 1 0 0 1 1 1 0 0 1 0 1 0 0 0 0 0 0 0 ]
d13=7.076313276366 eijMax=4.297E-03 rmsd=1.131E+01 s=[ 0 0 0 0 1 0 0 1 1 1 1 1 0 0 1 0 1 0 0 0 0 0 0 0 ]
d13=7.076313276366 eijMax=2.741E-04 rmsd=1.115E+01 s=[ 0 0 0 0 1 1 1 0 0 1 1 1 0 0 1 0 1 0 0 0 0 0 0 0 ]
d13=7.076313276366 eijMax=2.741E-04 rmsd=1.115E+01 s=[ 0 0 0 1 0 0 0 1 1 0 0 0 1 1 0 1 0 1 1 1 1 1 1 1 ]
d13=7.076313276366 eijMax=4.297E-03 rmsd=1.131E+01 s=[ 0 0 0 1 0 1 1 0 0 0 0 0 1 1 0 1 0 1 1 1 1 1 1 1 ]
d13=7.076313276366 eijMax=8.434E-03 rmsd=1.298E+01 s=[ 0 0 0 1 1 0 0 1 1 0 0 0 1 1 0 1 0 1 1 1 1 1 1 1 ]
d13=7.076313276366 eijMax=8.351E-03 rmsd=1.006E+01 s=[ 0 0 0 1 1 0 0 1 1 0 0 0 1 1 1 0 1 0 0 0 0 0 0 0 ]
d13=7.077982966577 eijMax=9.981E-03 rmsd=1.006E+01 s=[ 0 0 0 0 0 1 1 0 0 1 1 1 0 0 0 1 0 1 1 1 1 1 1 1 ]
d13=7.077982966577 eijMax=9.574E-03 rmsd=1.298E+01 s=[ 0 0 0 0 0 1 1 0 0 1 1 1 0 0 1 0 1 0 0 0 0 0 0 0 ]
d13=7.077982966577 eijMax=5.708E-03 rmsd=1.131E+01 s=[ 0 0 0 0 1 0 0 1 1 1 1 1 0 0 1 0 1 0 0 0 0 0 0 0 ]
d13=7.077982966577 eijMax=1.652E-03 rmsd=1.115E+01 s=[ 0 0 0 0 1 1 1 0 0 1 1 1 0 0 1 0 1 0 0 0 0 0 0 0 ]
d13=7.077982966577 eijMax=1.652E-03 rmsd=1.115E+01 s=[ 0 0 0 1 0 0 0 1 1 0 0 0 1 1 0 1 0 1 1 1 1 1 1 1 ]
d13=7.077982966577 eijMax=5.708E-03 rmsd=1.131E+01 s=[ 0 0 0 1 0 1 1 0 0 0 0 0 1 1 0 1 0 1 1 1 1 1 1 1 ]
d13=7.077982966577 eijMax=9.574E-03 rmsd=1.298E+01 s=[ 0 0 0 1 1 0 0 1 1 0 0 0 1 1 0 1 0 1 1 1 1 1 1 1 ]
d13=7.077982966577 eijMax=9.981E-03 rmsd=1.006E+01 s=[ 0 0 0 1 1 0 0 1 1 0 0 0 1 1 1 0 1 0 0 0 0 0 0 0 ]
d13=7.079652656787 eijMax=9.011E-03 rmsd=1.253E+01 s=[ 0 0 0 0 0 0 0 1 1 1 1 1 0 0 1 0 1 0 0 0 0 0 0 0 ]
d13=7.079652656787 eijMax=7.119E-03 rmsd=1.131E+01 s=[ 0 0 0 0 1 0 0 1 1 1 1 1 0 0 1 0 1 0 0 0 0 0 0 0 ]
d13=7.079652656787 eijMax=3.031E-03 rmsd=1.115E+01 s=[ 0 0 0 0 1 1 1 0 0 1 1 1 0 0 1 0 1 0 0 0 0 0 0 0 ]
d13=7.079652656787 eijMax=3.031E-03 rmsd=1.115E+01 s=[ 0 0 0 1 0 0 0 1 1 0 0 0 1 1 0 1 0 1 1 1 1 1 1 1 ]
d13=7.079652656787 eijMax=7.119E-03 rmsd=1.131E+01 s=[ 0 0 0 1 0 1 1 0 0 0 0 0 1 1 0 1 0 1 1 1 1 1 1 1 ]
d13=7.079652656787 eijMax=9.011E-03 rmsd=1.253E+01 s=[ 0 0 0 1 1 1 1 0 0 0 0 0 1 1 0 1 0 1 1 1 1 1 1 1 ]
d13=7.081322346997 eijMax=7.736E-03 rmsd=1.253E+01 s=[ 0 0 0 0 0 0 0 1 1 1 1 1 0 0 1 0 1 0 0 0 0 0 0 0 ]
d13=7.081322346997 eijMax=8.530E-03 rmsd=1.131E+01 s=[ 0 0 0 0 1 0 0 1 1 1 1 1 0 0 1 0 1 0 0 0 0 0 0 0 ]
d13=7.081322346997 eijMax=4.410E-03 rmsd=1.115E+01 s=[ 0 0 0 0 1 1 1 0 0 1 1 1 0 0 1 0 1 0 0 0 0 0 0 0 ]
d13=7.081322346997 eijMax=4.410E-03 rmsd=1.115E+01 s=[ 0 0 0 1 0 0 0 1 1 0 0 0 1 1 0 1 0 1 1 1 1 1 1 1 ]
d13=7.081322346997 eijMax=8.530E-03 rmsd=1.131E+01 s=[ 0 0 0 1 0 1 1 0 0 0 0 0 1 1 0 1 0 1 1 1 1 1 1 1 ]
d13=7.081322346997 eijMax=7.736E-03 rmsd=1.253E+01 s=[ 0 0 0 1 1 1 1 0 0 0 0 0 1 1 0 1 0 1 1 1 1 1 1 1 ]
d13=7.082992037207 eijMax=6.459E-03 rmsd=1.252E+01 s=[ 0 0 0 0 0 0 0 1 1 1 1 1 0 0 1 0 1 0 0 0 0 0 0 0 ]
d13=7.082992037207 eijMax=9.942E-03 rmsd=1.131E+01 s=[ 0 0 0 0 1 0 0 1 1 1 1 1 0 0 1 0 1 0 0 0 0 0 0 0 ]
d13=7.082992037207 eijMax=5.789E-03 rmsd=1.115E+01 s=[ 0 0 0 0 1 1 1 0 0 1 1 1 0 0 1 0 1 0 0 0 0 0 0 0 ]
d13=7.082992037207 eijMax=5.789E-03 rmsd=1.115E+01 s=[ 0 0 0 1 0 0 0 1 1 0 0 0 1 1 0 1 0 1 1 1 1 1 1 1 ]
d13=7.082992037207 eijMax=9.942E-03 rmsd=1.131E+01 s=[ 0 0 0 1 0 1 1 0 0 0 0 0 1 1 0 1 0 1 1 1 1 1 1 1 ]
d13=7.082992037207 eijMax=6.459E-03 rmsd=1.252E+01 s=[ 0 0 0 1 1 1 1 0 0 0 0 0 1 1 0 1 0 1 1 1 1 1 1 1 ]
d13=7.084661727417 eijMax=5.180E-03 rmsd=1.252E+01 s=[ 0 0 0 0 0 0 0 1 1 1 1 1 0 0 1 0 1 0 0 0 0 0 0 0 ]
d13=7.084661727417 eijMax=7.169E-03 rmsd=1.115E+01 s=[ 0 0 0 0 1 1 1 0 0 1 1 1 0 0 1 0 1 0 0 0 0 0 0 0 ]
d13=7.084661727417 eijMax=7.169E-03 rmsd=1.115E+01 s=[ 0 0 0 1 0 0 0 1 1 0 0 0 1 1 0 1 0 1 1 1 1 1 1 1 ]
d13=7.084661727417 eijMax=5.180E-03 rmsd=1.252E+01 s=[ 0 0 0 1 1 1 1 0 0 0 0 0 1 1 0 1 0 1 1 1 1 1 1 1 ]
d13=7.086331417628 eijMax=3.899E-03 rmsd=1.252E+01 s=[ 0 0 0 0 0 0 0 1 1 1 1 1 0 0 1 0 1 0 0 0 0 0 0 0 ]
d13=7.086331417628 eijMax=8.550E-03 rmsd=1.115E+01 s=[ 0 0 0 0 1 1 1 0 0 1 1 1 0 0 1 0 1 0 0 0 0 0 0 0 ]
d13=7.086331417628 eijMax=8.550E-03 rmsd=1.115E+01 s=[ 0 0 0 1 0 0 0 1 1 0 0 0 1 1 0 1 0 1 1 1 1 1 1 1 ]
d13=7.086331417628 eijMax=3.899E-03 rmsd=1.252E+01 s=[ 0 0 0 1 1 1 1 0 0 0 0 0 1 1 0 1 0 1 1 1 1 1 1 1 ]
d13=7.088001107838 eijMax=2.616E-03 rmsd=1.252E+01 s=[ 0 0 0 0 0 0 0 1 1 1 1 1 0 0 1 0 1 0 0 0 0 0 0 0 ]
d13=7.088001107838 eijMax=9.931E-03 rmsd=1.115E+01 s=[ 0 0 0 0 1 1 1 0 0 1 1 1 0 0 1 0 1 0 0 0 0 0 0 0 ]
d13=7.088001107838 eijMax=9.931E-03 rmsd=1.115E+01 s=[ 0 0 0 1 0 0 0 1 1 0 0 0 1 1 0 1 0 1 1 1 1 1 1 1 ]
d13=7.088001107838 eijMax=2.616E-03 rmsd=1.252E+01 s=[ 0 0 0 1 1 1 1 0 0 0 0 0 1 1 0 1 0 1 1 1 1 1 1 1 ]
d13=7.089670798048 eijMax=1.330E-03 rmsd=1.251E+01 s=[ 0 0 0 0 0 0 0 1 1 1 1 1 0 0 1 0 1 0 0 0 0 0 0 0 ]
d13=7.089670798048 eijMax=1.330E-03 rmsd=1.251E+01 s=[ 0 0 0 1 1 1 1 0 0 0 0 0 1 1 0 1 0 1 1 1 1 1 1 1 ]
d13=7.091340488258 eijMax=4.317E-05 rmsd=1.251E+01 s=[ 0 0 0 0 0 0 0 1 1 1 1 1 0 0 1 0 1 0 0 0 0 0 0 0 ]
d13=7.091340488258 eijMax=4.317E-05 rmsd=1.251E+01 s=[ 0 0 0 1 1 1 1 0 0 0 0 0 1 1 0 1 0 1 1 1 1 1 1 1 ]
d13=7.093010178468 eijMax=1.246E-03 rmsd=1.251E+01 s=[ 0 0 0 0 0 0 0 1 1 1 1 1 0 0 1 0 1 0 0 0 0 0 0 0 ]
d13=7.093010178468 eijMax=1.246E-03 rmsd=1.251E+01 s=[ 0 0 0 1 1 1 1 0 0 0 0 0 1 1 0 1 0 1 1 1 1 1 1 1 ]
d13=7.094679868679 eijMax=2.537E-03 rmsd=1.250E+01 s=[ 0 0 0 0 0 0 0 1 1 1 1 1 0 0 1 0 1 0 0 0 0 0 0 0 ]
d13=7.094679868679 eijMax=2.537E-03 rmsd=1.250E+01 s=[ 0 0 0 1 1 1 1 0 0 0 0 0 1 1 0 1 0 1 1 1 1 1 1 1 ]
d13=7.096349558889 eijMax=3.831E-03 rmsd=1.250E+01 s=[ 0 0 0 0 0 0 0 1 1 1 1 1 0 0 1 0 1 0 0 0 0 0 0 0 ]
d13=7.096349558889 eijMax=3.831E-03 rmsd=1.250E+01 s=[ 0 0 0 1 1 1 1 0 0 0 0 0 1 1 0 1 0 1 1 1 1 1 1 1 ]
d13=7.098019249099 eijMax=5.126E-03 rmsd=1.250E+01 s=[ 0 0 0 0 0 0 0 1 1 1 1 1 0 0 1 0 1 0 0 0 0 0 0 0 ]
d13=7.098019249099 eijMax=5.126E-03 rmsd=1.250E+01 s=[ 0 0 0 1 1 1 1 0 0 0 0 0 1 1 0 1 0 1 1 1 1 1 1 1 ]
d13=7.099688939309 eijMax=6.424E-03 rmsd=1.249E+01 s=[ 0 0 0 0 0 0 0 1 1 1 1 1 0 0 1 0 1 0 0 0 0 0 0 0 ]
d13=7.099688939309 eijMax=6.424E-03 rmsd=1.249E+01 s=[ 0 0 0 1 1 1 1 0 0 0 0 0 1 1 0 1 0 1 1 1 1 1 1 1 ]
d13=7.101358629520 eijMax=7.724E-03 rmsd=1.249E+01 s=[ 0 0 0 0 0 0 0 1 1 1 1 1 0 0 1 0 1 0 0 0 0 0 0 0 ]
d13=7.101358629520 eijMax=7.724E-03 rmsd=1.249E+01 s=[ 0 0 0 1 1 1 1 0 0 0 0 0 1 1 0 1 0 1 1 1 1 1 1 1 ]
d13=7.103028319730 eijMax=9.026E-03 rmsd=1.249E+01 s=[ 0 0 0 0 0 0 0 1 1 1 1 1 0 0 1 0 1 0 0 0 0 0 0 0 ]
d13=7.103028319730 eijMax=9.026E-03 rmsd=1.249E+01 s=[ 0 0 0 1 1 1 1 0 0 0 0 0 1 1 0 1 0 1 1 1 1 1 1 1 ]
d13=7.136422123934 eijMax=9.651E-03 rmsd=1.274E+01 s=[ 0 0 0 0 0 0 0 1 1 1 0 0 1 1 1 0 1 0 0 0 0 0 0 0 ]
d13=7.136422123934 eijMax=9.651E-03 rmsd=1.274E+01 s=[ 0 0 0 1 1 1 1 0 0 0 1 1 0 0 0 1 0 1 1 1 1 1 1 1 ]
d13=7.138091814144 eijMax=8.090E-03 rmsd=1.274E+01 s=[ 0 0 0 0 0 0 0 1 1 1 0 0 1 1 1 0 1 0 0 0 0 0 0 0 ]
d13=7.138091814144 eijMax=8.090E-03 rmsd=1.274E+01 s=[ 0 0 0 1 1 1 1 0 0 0 1 1 0 0 0 1 0 1 1 1 1 1 1 1 ]
d13=7.139761504354 eijMax=6.529E-03 rmsd=1.273E+01 s=[ 0 0 0 0 0 0 0 1 1 1 0 0 1 1 1 0 1 0 0 0 0 0 0 0 ]
d13=7.139761504354 eijMax=6.529E-03 rmsd=1.273E+01 s=[ 0 0 0 1 1 1 1 0 0 0 1 1 0 0 0 1 0 1 1 1 1 1 1 1 ]
d13=7.141431194565 eijMax=4.968E-03 rmsd=1.273E+01 s=[ 0 0 0 0 0 0 0 1 1 1 0 0 1 1 1 0 1 0 0 0 0 0 0 0 ]
d13=7.141431194565 eijMax=4.968E-03 rmsd=1.273E+01 s=[ 0 0 0 1 1 1 1 0 0 0 1 1 0 0 0 1 0 1 1 1 1 1 1 1 ]
d13=7.143100884775 eijMax=3.406E-03 rmsd=1.273E+01 s=[ 0 0 0 0 0 0 0 1 1 1 0 0 1 1 1 0 1 0 0 0 0 0 0 0 ]
d13=7.143100884775 eijMax=3.406E-03 rmsd=1.273E+01 s=[ 0 0 0 1 1 1 1 0 0 0 1 1 0 0 0 1 0 1 1 1 1 1 1 1 ]
d13=7.144770574985 eijMax=1.845E-03 rmsd=1.272E+01 s=[ 0 0 0 0 0 0 0 1 1 1 0 0 1 1 1 0 1 0 0 0 0 0 0 0 ]
d13=7.144770574985 eijMax=1.845E-03 rmsd=1.272E+01 s=[ 0 0 0 1 1 1 1 0 0 0 1 1 0 0 0 1 0 1 1 1 1 1 1 1 ]
d13=7.146440265195 eijMax=2.831E-04 rmsd=1.272E+01 s=[ 0 0 0 0 0 0 0 1 1 1 0 0 1 1 1 0 1 0 0 0 0 0 0 0 ]
d13=7.146440265195 eijMax=2.831E-04 rmsd=1.272E+01 s=[ 0 0 0 1 1 1 1 0 0 0 1 1 0 0 0 1 0 1 1 1 1 1 1 1 ]
d13=7.148109955405 eijMax=1.279E-03 rmsd=1.272E+01 s=[ 0 0 0 0 0 0 0 1 1 1 0 0 1 1 1 0 1 0 0 0 0 0 0 0 ]
d13=7.148109955405 eijMax=1.279E-03 rmsd=1.272E+01 s=[ 0 0 0 1 1 1 1 0 0 0 1 1 0 0 0 1 0 1 1 1 1 1 1 1 ]
d13=7.149779645616 eijMax=2.841E-03 rmsd=1.272E+01 s=[ 0 0 0 0 0 0 0 1 1 1 0 0 1 1 1 0 1 0 0 0 0 0 0 0 ]
d13=7.149779645616 eijMax=2.841E-03 rmsd=1.272E+01 s=[ 0 0 0 1 1 1 1 0 0 0 1 1 0 0 0 1 0 1 1 1 1 1 1 1 ]
d13=7.151449335826 eijMax=4.403E-03 rmsd=1.271E+01 s=[ 0 0 0 0 0 0 0 1 1 1 0 0 1 1 1 0 1 0 0 0 0 0 0 0 ]
d13=7.151449335826 eijMax=4.403E-03 rmsd=1.271E+01 s=[ 0 0 0 1 1 1 1 0 0 0 1 1 0 0 0 1 0 1 1 1 1 1 1 1 ]
d13=7.153119026036 eijMax=5.966E-03 rmsd=1.271E+01 s=[ 0 0 0 0 0 0 0 1 1 1 0 0 1 1 1 0 1 0 0 0 0 0 0 0 ]
d13=7.153119026036 eijMax=5.966E-03 rmsd=1.271E+01 s=[ 0 0 0 1 1 1 1 0 0 0 1 1 0 0 0 1 0 1 1 1 1 1 1 1 ]
d13=7.154788716246 eijMax=7.528E-03 rmsd=1.271E+01 s=[ 0 0 0 0 0 0 0 1 1 1 0 0 1 1 1 0 1 0 0 0 0 0 0 0 ]
d13=7.154788716246 eijMax=9.603E-03 rmsd=1.298E+01 s=[ 0 0 0 0 0 1 1 0 0 1 0 0 1 1 1 0 1 0 0 0 0 0 0 0 ]
d13=7.154788716246 eijMax=9.603E-03 rmsd=1.298E+01 s=[ 0 0 0 1 1 0 0 1 1 0 1 1 0 0 0 1 0 1 1 1 1 1 1 1 ]
d13=7.154788716246 eijMax=7.528E-03 rmsd=1.271E+01 s=[ 0 0 0 1 1 1 1 0 0 0 1 1 0 0 0 1 0 1 1 1 1 1 1 1 ]
d13=7.156458406456 eijMax=9.091E-03 rmsd=1.270E+01 s=[ 0 0 0 0 0 0 0 1 1 1 0 0 1 1 1 0 1 0 0 0 0 0 0 0 ]
d13=7.156458406456 eijMax=7.569E-03 rmsd=1.298E+01 s=[ 0 0 0 0 0 1 1 0 0 1 0 0 1 1 1 0 1 0 0 0 0 0 0 0 ]
d13=7.156458406456 eijMax=7.569E-03 rmsd=1.298E+01 s=[ 0 0 0 1 1 0 0 1 1 0 1 1 0 0 0 1 0 1 1 1 1 1 1 1 ]
d13=7.156458406456 eijMax=9.091E-03 rmsd=1.270E+01 s=[ 0 0 0 1 1 1 1 0 0 0 1 1 0 0 0 1 0 1 1 1 1 1 1 1 ]
d13=7.158128096667 eijMax=5.536E-03 rmsd=1.298E+01 s=[ 0 0 0 0 0 1 1 0 0 1 0 0 1 1 1 0 1 0 0 0 0 0 0 0 ]
d13=7.158128096667 eijMax=5.536E-03 rmsd=1.298E+01 s=[ 0 0 0 1 1 0 0 1 1 0 1 1 0 0 0 1 0 1 1 1 1 1 1 1 ]
d13=7.159797786877 eijMax=3.504E-03 rmsd=1.299E+01 s=[ 0 0 0 0 0 1 1 0 0 1 0 0 1 1 1 0 1 0 0 0 0 0 0 0 ]
d13=7.159797786877 eijMax=3.504E-03 rmsd=1.299E+01 s=[ 0 0 0 1 1 0 0 1 1 0 1 1 0 0 0 1 0 1 1 1 1 1 1 1 ]
d13=7.161467477087 eijMax=1.472E-03 rmsd=1.299E+01 s=[ 0 0 0 0 0 1 1 0 0 1 0 0 1 1 1 0 1 0 0 0 0 0 0 0 ]
d13=7.161467477087 eijMax=1.472E-03 rmsd=1.299E+01 s=[ 0 0 0 1 1 0 0 1 1 0 1 1 0 0 0 1 0 1 1 1 1 1 1 1 ]
d13=7.163137167297 eijMax=5.586E-04 rmsd=1.299E+01 s=[ 0 0 0 0 0 1 1 0 0 1 0 0 1 1 1 0 1 0 0 0 0 0 0 0 ]
d13=7.163137167297 eijMax=5.586E-04 rmsd=1.299E+01 s=[ 0 0 0 1 1 0 0 1 1 0 1 1 0 0 0 1 0 1 1 1 1 1 1 1 ]
d13=7.164806857508 eijMax=2.589E-03 rmsd=1.300E+01 s=[ 0 0 0 0 0 1 1 0 0 1 0 0 1 1 1 0 1 0 0 0 0 0 0 0 ]
d13=7.164806857508 eijMax=2.589E-03 rmsd=1.300E+01 s=[ 0 0 0 1 1 0 0 1 1 0 1 1 0 0 0 1 0 1 1 1 1 1 1 1 ]
d13=7.166476547718 eijMax=4.619E-03 rmsd=1.300E+01 s=[ 0 0 0 0 0 1 1 0 0 1 0 0 1 1 1 0 1 0 0 0 0 0 0 0 ]
d13=7.166476547718 eijMax=4.619E-03 rmsd=1.300E+01 s=[ 0 0 0 1 1 0 0 1 1 0 1 1 0 0 0 1 0 1 1 1 1 1 1 1 ]
d13=7.168146237928 eijMax=6.647E-03 rmsd=1.300E+01 s=[ 0 0 0 0 0 1 1 0 0 1 0 0 1 1 1 0 1 0 0 0 0 0 0 0 ]
d13=7.168146237928 eijMax=6.647E-03 rmsd=1.300E+01 s=[ 0 0 0 1 1 0 0 1 1 0 1 1 0 0 0 1 0 1 1 1 1 1 1 1 ]
d13=7.169815928138 eijMax=8.676E-03 rmsd=1.300E+01 s=[ 0 0 0 0 0 1 1 0 0 1 0 0 1 1 1 0 1 0 0 0 0 0 0 0 ]
d13=7.169815928138 eijMax=8.676E-03 rmsd=1.300E+01 s=[ 0 0 0 1 1 0 0 1 1 0 1 1 0 0 0 1 0 1 1 1 1 1 1 1 ]
d13=7.224915705075 eijMax=8.089E-03 rmsd=1.036E+01 s=[ 0 0 0 0 1 0 0 1 1 1 1 1 0 0 0 1 0 1 1 1 1 1 1 1 ]
d13=7.224915705075 eijMax=8.089E-03 rmsd=1.036E+01 s=[ 0 0 0 1 0 1 1 0 0 0 0 0 1 1 1 0 1 0 0 0 0 0 0 0 ]
d13=7.226585395285 eijMax=5.843E-03 rmsd=1.037E+01 s=[ 0 0 0 0 1 0 0 1 1 1 1 1 0 0 0 1 0 1 1 1 1 1 1 1 ]
d13=7.226585395285 eijMax=5.843E-03 rmsd=1.037E+01 s=[ 0 0 0 1 0 1 1 0 0 0 0 0 1 1 1 0 1 0 0 0 0 0 0 0 ]
d13=7.228255085495 eijMax=3.573E-03 rmsd=1.037E+01 s=[ 0 0 0 0 1 0 0 1 1 1 1 1 0 0 0 1 0 1 1 1 1 1 1 1 ]
d13=7.228255085495 eijMax=3.573E-03 rmsd=1.037E+01 s=[ 0 0 0 1 0 1 1 0 0 0 0 0 1 1 1 0 1 0 0 0 0 0 0 0 ]
d13=7.229924775706 eijMax=1.276E-03 rmsd=1.037E+01 s=[ 0 0 0 0 1 0 0 1 1 1 1 1 0 0 0 1 0 1 1 1 1 1 1 1 ]
d13=7.229924775706 eijMax=1.276E-03 rmsd=1.037E+01 s=[ 0 0 0 1 0 1 1 0 0 0 0 0 1 1 1 0 1 0 0 0 0 0 0 0 ]
d13=7.231594465916 eijMax=1.048E-03 rmsd=1.037E+01 s=[ 0 0 0 0 1 0 0 1 1 1 1 1 0 0 0 1 0 1 1 1 1 1 1 1 ]
d13=7.231594465916 eijMax=1.048E-03 rmsd=1.037E+01 s=[ 0 0 0 1 0 1 1 0 0 0 0 0 1 1 1 0 1 0 0 0 0 0 0 0 ]
d13=7.233264156126 eijMax=3.399E-03 rmsd=1.038E+01 s=[ 0 0 0 0 1 0 0 1 1 1 1 1 0 0 0 1 0 1 1 1 1 1 1 1 ]
d13=7.233264156126 eijMax=3.399E-03 rmsd=1.038E+01 s=[ 0 0 0 1 0 1 1 0 0 0 0 0 1 1 1 0 1 0 0 0 0 0 0 0 ]
d13=7.234933846336 eijMax=5.777E-03 rmsd=1.038E+01 s=[ 0 0 0 0 1 0 0 1 1 1 1 1 0 0 0 1 0 1 1 1 1 1 1 1 ]
d13=7.234933846336 eijMax=5.777E-03 rmsd=1.038E+01 s=[ 0 0 0 1 0 1 1 0 0 0 0 0 1 1 1 0 1 0 0 0 0 0 0 0 ]
d13=7.236603536547 eijMax=8.184E-03 rmsd=1.038E+01 s=[ 0 0 0 0 1 0 0 1 1 1 1 1 0 0 0 1 0 1 1 1 1 1 1 1 ]
d13=7.236603536547 eijMax=8.184E-03 rmsd=1.038E+01 s=[ 0 0 0 1 0 1 1 0 0 0 0 0 1 1 1 0 1 0 0 0 0 0 0 0 ]
d13=7.256639819069 eijMax=8.689E-03 rmsd=9.976E+00 s=[ 0 0 0 0 1 1 1 0 0 1 1 1 0 0 0 1 0 1 1 1 1 1 1 1 ]
d13=7.256639819069 eijMax=8.689E-03 rmsd=9.976E+00 s=[ 0 0 0 1 0 0 0 1 1 0 0 0 1 1 1 0 1 0 0 0 0 0 0 0 ]
d13=7.258309509279 eijMax=6.441E-03 rmsd=9.980E+00 s=[ 0 0 0 0 1 1 1 0 0 1 1 1 0 0 0 1 0 1 1 1 1 1 1 1 ]
d13=7.258309509279 eijMax=6.441E-03 rmsd=9.980E+00 s=[ 0 0 0 1 0 0 0 1 1 0 0 0 1 1 1 0 1 0 0 0 0 0 0 0 ]
d13=7.259979199489 eijMax=4.160E-03 rmsd=9.983E+00 s=[ 0 0 0 0 1 1 1 0 0 1 1 1 0 0 0 1 0 1 1 1 1 1 1 1 ]
d13=7.259979199489 eijMax=4.160E-03 rmsd=9.983E+00 s=[ 0 0 0 1 0 0 0 1 1 0 0 0 1 1 1 0 1 0 0 0 0 0 0 0 ]
d13=7.261648889700 eijMax=1.846E-03 rmsd=9.987E+00 s=[ 0 0 0 0 1 1 1 0 0 1 1 1 0 0 0 1 0 1 1 1 1 1 1 1 ]
d13=7.261648889700 eijMax=1.846E-03 rmsd=9.987E+00 s=[ 0 0 0 1 0 0 0 1 1 0 0 0 1 1 1 0 1 0 0 0 0 0 0 0 ]
d13=7.263318579910 eijMax=5.019E-04 rmsd=9.991E+00 s=[ 0 0 0 0 1 1 1 0 0 1 1 1 0 0 0 1 0 1 1 1 1 1 1 1 ]
d13=7.263318579910 eijMax=5.019E-04 rmsd=9.991E+00 s=[ 0 0 0 1 0 0 0 1 1 0 0 0 1 1 1 0 1 0 0 0 0 0 0 0 ]
d13=7.264988270120 eijMax=2.886E-03 rmsd=9.995E+00 s=[ 0 0 0 0 1 1 1 0 0 1 1 1 0 0 0 1 0 1 1 1 1 1 1 1 ]
d13=7.264988270120 eijMax=2.886E-03 rmsd=9.995E+00 s=[ 0 0 0 1 0 0 0 1 1 0 0 0 1 1 1 0 1 0 0 0 0 0 0 0 ]
d13=7.266657960330 eijMax=5.306E-03 rmsd=9.999E+00 s=[ 0 0 0 0 1 1 1 0 0 1 1 1 0 0 0 1 0 1 1 1 1 1 1 1 ]
d13=7.266657960330 eijMax=5.306E-03 rmsd=9.999E+00 s=[ 0 0 0 1 0 0 0 1 1 0 0 0 1 1 1 0 1 0 0 0 0 0 0 0 ]
d13=7.268327650541 eijMax=7.764E-03 rmsd=1.000E+01 s=[ 0 0 0 0 1 1 1 0 0 1 1 1 0 0 0 1 0 1 1 1 1 1 1 1 ]
d13=7.268327650541 eijMax=7.764E-03 rmsd=1.000E+01 s=[ 0 0 0 1 0 0 0 1 1 0 0 0 1 1 1 0 1 0 0 0 0 0 0 0 ]
d13=7.273336721171 eijMax=7.017E-03 rmsd=1.168E+01 s=[ 0 0 0 0 1 0 0 1 1 1 0 0 1 1 1 0 1 0 0 0 0 0 0 0 ]
d13=7.273336721171 eijMax=7.017E-03 rmsd=1.168E+01 s=[ 0 0 0 1 0 1 1 0 0 0 1 1 0 0 0 1 0 1 1 1 1 1 1 1 ]
d13=7.275006411381 eijMax=3.757E-03 rmsd=1.168E+01 s=[ 0 0 0 0 1 0 0 1 1 1 0 0 1 1 1 0 1 0 0 0 0 0 0 0 ]
d13=7.275006411381 eijMax=3.757E-03 rmsd=1.168E+01 s=[ 0 0 0 1 0 1 1 0 0 0 1 1 0 0 0 1 0 1 1 1 1 1 1 1 ]
d13=7.276676101592 eijMax=4.722E-04 rmsd=1.168E+01 s=[ 0 0 0 0 1 0 0 1 1 1 0 0 1 1 1 0 1 0 0 0 0 0 0 0 ]
d13=7.276676101592 eijMax=4.722E-04 rmsd=1.168E+01 s=[ 0 0 0 1 0 1 1 0 0 0 1 1 0 0 0 1 0 1 1 1 1 1 1 1 ]
d13=7.278345791802 eijMax=2.837E-03 rmsd=1.169E+01 s=[ 0 0 0 0 1 0 0 1 1 1 0 0 1 1 1 0 1 0 0 0 0 0 0 0 ]
d13=7.278345791802 eijMax=2.837E-03 rmsd=1.169E+01 s=[ 0 0 0 1 0 1 1 0 0 0 1 1 0 0 0 1 0 1 1 1 1 1 1 1 ]
d13=7.280015482012 eijMax=6.171E-03 rmsd=1.169E+01 s=[ 0 0 0 0 1 0 0 1 1 1 0 0 1 1 1 0 1 0 0 0 0 0 0 0 ]
d13=7.280015482012 eijMax=6.171E-03 rmsd=1.169E+01 s=[ 0 0 0 1 0 1 1 0 0 0 1 1 0 0 0 1 0 1 1 1 1 1 1 1 ]
d13=7.281685172222 eijMax=9.532E-03 rmsd=1.169E+01 s=[ 0 0 0 0 1 0 0 1 1 1 0 0 1 1 1 0 1 0 0 0 0 0 0 0 ]
d13=7.281685172222 eijMax=9.532E-03 rmsd=1.169E+01 s=[ 0 0 0 1 0 1 1 0 0 0 1 1 0 0 0 1 0 1 1 1 1 1 1 1 ]
d13=7.300051764535 eijMax=9.131E-03 rmsd=1.155E+01 s=[ 0 0 0 0 1 1 1 0 0 1 0 0 1 1 1 0 1 0 0 0 0 0 0 0 ]
d13=7.300051764535 eijMax=9.131E-03 rmsd=1.155E+01 s=[ 0 0 0 1 0 0 0 1 1 0 1 1 0 0 0 1 0 1 1 1 1 1 1 1 ]
d13=7.301721454745 eijMax=5.542E-03 rmsd=1.155E+01 s=[ 0 0 0 0 1 1 1 0 0 1 0 0 1 1 1 0 1 0 0 0 0 0 0 0 ]
d13=7.301721454745 eijMax=5.542E-03 rmsd=1.155E+01 s=[ 0 0 0 1 0 0 0 1 1 0 1 1 0 0 0 1 0 1 1 1 1 1 1 1 ]
d13=7.303391144955 eijMax=8.342E-03 rmsd=1.244E+01 s=[ 0 0 0 0 0 0 0 1 1 0 1 1 0 0 1 0 1 0 0 0 0 0 0 0 ]
d13=7.303391144955 eijMax=1.898E-03 rmsd=1.155E+01 s=[ 0 0 0 0 1 1 1 0 0 1 0 0 1 1 1 0 1 0 0 0 0 0 0 0 ]
d13=7.303391144955 eijMax=1.898E-03 rmsd=1.155E+01 s=[ 0 0 0 1 0 0 0 1 1 0 1 1 0 0 0 1 0 1 1 1 1 1 1 1 ]
d13=7.303391144955 eijMax=8.342E-03 rmsd=1.244E+01 s=[ 0 0 0 1 1 1 1 0 0 1 0 0 1 1 0 1 0 1 1 1 1 1 1 1 ]
d13=7.305060835165 eijMax=3.713E-03 rmsd=1.243E+01 s=[ 0 0 0 0 0 0 0 1 1 0 1 1 0 0 1 0 1 0 0 0 0 0 0 0 ]
d13=7.305060835165 eijMax=1.803E-03 rmsd=1.155E+01 s=[ 0 0 0 0 1 1 1 0 0 1 0 0 1 1 1 0 1 0 0 0 0 0 0 0 ]
d13=7.305060835165 eijMax=1.803E-03 rmsd=1.155E+01 s=[ 0 0 0 1 0 0 0 1 1 0 1 1 0 0 0 1 0 1 1 1 1 1 1 1 ]
d13=7.305060835165 eijMax=3.713E-03 rmsd=1.243E+01 s=[ 0 0 0 1 1 1 1 0 0 1 0 0 1 1 0 1 0 1 1 1 1 1 1 1 ]
d13=7.306730525375 eijMax=9.679E-04 rmsd=1.243E+01 s=[ 0 0 0 0 0 0 0 1 1 0 1 1 0 0 1 0 1 0 0 0 0 0 0 0 ]
d13=7.306730525375 eijMax=5.564E-03 rmsd=1.155E+01 s=[ 0 0 0 0 1 1 1 0 0 1 0 0 1 1 1 0 1 0 0 0 0 0 0 0 ]
d13=7.306730525375 eijMax=5.564E-03 rmsd=1.155E+01 s=[ 0 0 0 1 0 0 0 1 1 0 1 1 0 0 0 1 0 1 1 1 1 1 1 1 ]
d13=7.306730525375 eijMax=9.679E-04 rmsd=1.243E+01 s=[ 0 0 0 1 1 1 1 0 0 1 0 0 1 1 0 1 0 1 1 1 1 1 1 1 ]
d13=7.308400215586 eijMax=5.704E-03 rmsd=1.243E+01 s=[ 0 0 0 0 0 0 0 1 1 0 1 1 0 0 1 0 1 0 0 0 0 0 0 0 ]
d13=7.308400215586 eijMax=9.391E-03 rmsd=1.155E+01 s=[ 0 0 0 0 1 1 1 0 0 1 0 0 1 1 1 0 1 0 0 0 0 0 0 0 ]
d13=7.308400215586 eijMax=9.391E-03 rmsd=1.155E+01 s=[ 0 0 0 1 0 0 0 1 1 0 1 1 0 0 0 1 0 1 1 1 1 1 1 1 ]
d13=7.308400215586 eijMax=5.704E-03 rmsd=1.243E+01 s=[ 0 0 0 1 1 1 1 0 0 1 0 0 1 1 0 1 0 1 1 1 1 1 1 1 ]
d13=7.331775878529 eijMax=4.499E-03 rmsd=1.124E+01 s=[ 0 0 0 0 0 1 1 0 0 1 0 0 1 1 0 1 0 1 1 1 1 1 1 1 ]
d13=7.331775878529 eijMax=4.499E-03 rmsd=1.124E+01 s=[ 0 0 0 1 1 0 0 1 1 0 1 1 0 0 1 0 1 0 0 0 0 0 0 0 ]
d13=7.333445568739 eijMax=1.828E-03 rmsd=1.124E+01 s=[ 0 0 0 0 0 1 1 0 0 1 0 0 1 1 0 1 0 1 1 1 1 1 1 1 ]
d13=7.333445568739 eijMax=1.828E-03 rmsd=1.124E+01 s=[ 0 0 0 1 1 0 0 1 1 0 1 1 0 0 1 0 1 0 0 0 0 0 0 0 ]
d13=7.335115258949 eijMax=8.673E-03 rmsd=1.123E+01 s=[ 0 0 0 0 0 1 1 0 0 1 0 0 1 1 0 1 0 1 1 1 1 1 1 1 ]
d13=7.335115258949 eijMax=7.259E-03 rmsd=1.128E+01 s=[ 0 0 0 0 1 1 1 0 0 0 1 1 0 0 1 0 1 0 0 0 0 0 0 0 ]
d13=7.335115258949 eijMax=7.259E-03 rmsd=1.128E+01 s=[ 0 0 0 1 0 0 0 1 1 1 0 0 1 1 0 1 0 1 1 1 1 1 1 1 ]
d13=7.335115258949 eijMax=8.673E-03 rmsd=1.123E+01 s=[ 0 0 0 1 1 0 0 1 1 0 1 1 0 0 1 0 1 0 0 0 0 0 0 0 ]
d13=7.336784949159 eijMax=2.535E-03 rmsd=1.246E+01 s=[ 0 0 0 0 0 1 1 0 0 0 1 1 0 0 1 0 1 0 0 0 0 0 0 0 ]
d13=7.336784949159 eijMax=2.367E-03 rmsd=1.128E+01 s=[ 0 0 0 0 1 1 1 0 0 0 1 1 0 0 1 0 1 0 0 0 0 0 0 0 ]
d13=7.336784949159 eijMax=2.367E-03 rmsd=1.128E+01 s=[ 0 0 0 1 0 0 0 1 1 1 0 0 1 1 0 1 0 1 1 1 1 1 1 1 ]
d13=7.336784949159 eijMax=2.535E-03 rmsd=1.246E+01 s=[ 0 0 0 1 1 0 0 1 1 1 0 0 1 1 0 1 0 1 1 1 1 1 1 1 ]
d13=7.338454639369 eijMax=9.558E-03 rmsd=1.247E+01 s=[ 0 0 0 0 0 1 1 0 0 0 1 1 0 0 1 0 1 0 0 0 0 0 0 0 ]
d13=7.338454639369 eijMax=2.994E-03 rmsd=1.127E+01 s=[ 0 0 0 0 1 1 1 0 0 0 1 1 0 0 1 0 1 0 0 0 0 0 0 0 ]
d13=7.338454639369 eijMax=2.994E-03 rmsd=1.127E+01 s=[ 0 0 0 1 0 0 0 1 1 1 0 0 1 1 0 1 0 1 1 1 1 1 1 1 ]
d13=7.338454639369 eijMax=9.558E-03 rmsd=1.247E+01 s=[ 0 0 0 1 1 0 0 1 1 1 0 0 1 1 0 1 0 1 1 1 1 1 1 1 ]
d13=7.340124329580 eijMax=9.047E-03 rmsd=1.127E+01 s=[ 0 0 0 0 1 1 1 0 0 0 1 1 0 0 1 0 1 0 0 0 0 0 0 0 ]
d13=7.340124329580 eijMax=9.047E-03 rmsd=1.127E+01 s=[ 0 0 0 1 0 0 0 1 1 1 0 0 1 1 0 1 0 1 1 1 1 1 1 1 ]
num ..... 1000
nnodes .. 24
nedges .. 123
nsols ... 492
tsecs ... 40.925138
