d13=5.131435995976 eijMax=3.900E-03 rmsd=5.422E+00 s=[ 0 0 0 0 0 0 1 1 1 0 1 0 0 0 0 0 1 1 1 1 1 1 1 1 ]
d13=5.131435995976 eijMax=3.900E-03 rmsd=5.422E+00 s=[ 0 0 0 1 1 1 0 0 0 1 0 1 1 1 1 1 0 0 0 0 0 0 0 0 ]
d13=5.328152921902 eijMax=6.619E-03 rmsd=4.685E+00 s=[ 0 0 0 0 0 1 0 0 0 0 0 1 1 1 0 1 0 0 0 0 0 0 0 0 ]
d13=5.328152921902 eijMax=6.619E-03 rmsd=4.685E+00 s=[ 0 0 0 1 1 0 1 1 1 1 1 0 0 0 1 0 1 1 1 1 1 1 1 1 ]
d13=5.329216256637 eijMax=6.244E-03 rmsd=4.635E+00 s=[ 0 0 0 0 0 1 0 0 0 0 0 1 1 1 0 1 0 0 0 0 0 0 0 0 ]
d13=5.329216256637 eijMax=6.244E-03 rmsd=4.635E+00 s=[ 0 0 0 1 1 0 1 1 1 1 1 0 0 0 1 0 1 1 1 1 1 1 1 1 ]
d13=5.367496307087 eijMax=4.084E-03 rmsd=3.290E+00 s=[ 0 0 0 0 0 1 0 0 0 0 0 1 1 1 0 0 1 1 1 1 1 1 1 1 ]
d13=5.367496307087 eijMax=1.524E-03 rmsd=4.167E+00 s=[ 0 0 0 0 0 1 0 0 0 1 1 0 0 0 0 0 1 1 1 1 1 1 1 1 ]
d13=5.367496307087 eijMax=1.524E-03 rmsd=4.167E+00 s=[ 0 0 0 1 1 0 1 1 1 0 0 1 1 1 1 1 0 0 0 0 0 0 0 0 ]
d13=5.367496307087 eijMax=4.084E-03 rmsd=3.290E+00 s=[ 0 0 0 1 1 0 1 1 1 1 1 0 0 0 1 1 0 0 0 0 0 0 0 0 ]
d13=5.642900003383 eijMax=5.673E-03 rmsd=2.286E+00 s=[ 0 0 0 0 1 0 1 1 1 1 1 0 0 0 0 0 1 1 1 1 1 1 1 1 ]
d13=5.642900003383 eijMax=5.673E-03 rmsd=2.286E+00 s=[ 0 0 0 1 0 1 0 0 0 0 0 1 1 1 1 1 0 0 0 0 0 0 0 0 ]
d13=5.643963338118 eijMax=8.761E-04 rmsd=2.294E+00 s=[ 0 0 0 0 1 0 1 1 1 1 1 0 0 0 0 0 1 1 1 1 1 1 1 1 ]
d13=5.643963338118 eijMax=8.761E-04 rmsd=2.294E+00 s=[ 0 0 0 1 0 1 0 0 0 0 0 1 1 1 1 1 0 0 0 0 0 0 0 0 ]
d13=5.645026672853 eijMax=4.003E-03 rmsd=2.301E+00 s=[ 0 0 0 0 1 0 1 1 1 1 1 0 0 0 0 0 1 1 1 1 1 1 1 1 ]
d13=5.645026672853 eijMax=4.003E-03 rmsd=2.301E+00 s=[ 0 0 0 1 0 1 0 0 0 0 0 1 1 1 1 1 0 0 0 0 0 0 0 0 ]
d13=5.646090007588 eijMax=8.966E-03 rmsd=2.310E+00 s=[ 0 0 0 0 1 0 1 1 1 1 1 0 0 0 0 0 1 1 1 1 1 1 1 1 ]
d13=5.646090007588 eijMax=8.966E-03 rmsd=2.310E+00 s=[ 0 0 0 1 0 1 0 0 0 0 0 1 1 1 1 1 0 0 0 0 0 0 0 0 ]
d13=5.668420037017 eijMax=9.046E-03 rmsd=6.691E-02 s=[ 0 0 0 0 1 0 1 1 1 1 0 1 1 1 0 0 1 1 1 1 1 1 1 1 ]
d13=5.668420037017 eijMax=9.046E-03 rmsd=6.691E-02 s=[ 0 0 0 1 0 1 0 0 0 0 1 0 0 0 1 1 0 0 0 0 0 0 0 0 ]
d13=5.669483371752 eijMax=2.149E-03 rmsd=1.589E-02 s=[ 0 0 0 0 1 0 1 1 1 1 0 1 1 1 0 0 1 1 1 1 1 1 1 1 ]
d13=5.669483371752 eijMax=2.149E-03 rmsd=1.589E-02 s=[ 0 0 0 1 0 1 0 0 0 0 1 0 0 0 1 1 0 0 0 0 0 0 0 0 ]
d13=5.670546706486 eijMax=4.950E-03 rmsd=3.672E-02 s=[ 0 0 0 0 1 0 1 1 1 1 0 1 1 1 0 0 1 1 1 1 1 1 1 1 ]
d13=5.670546706486 eijMax=4.950E-03 rmsd=3.672E-02 s=[ 0 0 0 1 0 1 0 0 0 0 1 0 0 0 1 1 0 0 0 0 0 0 0 0 ]
d13=5.717333434815 eijMax=5.275E-03 rmsd=5.192E+00 s=[ 0 0 0 0 0 0 1 1 1 0 1 0 0 0 1 0 1 1 1 1 1 1 1 1 ]
d13=5.717333434815 eijMax=5.275E-03 rmsd=5.192E+00 s=[ 0 0 0 1 1 1 0 0 0 1 0 1 1 1 0 1 0 0 0 0 0 0 0 0 ]
d13=5.718396769550 eijMax=7.818E-03 rmsd=5.251E+00 s=[ 0 0 0 0 0 0 1 1 1 0 1 0 0 0 1 0 1 1 1 1 1 1 1 1 ]
d13=5.718396769550 eijMax=7.818E-03 rmsd=5.251E+00 s=[ 0 0 0 1 1 1 0 0 0 1 0 1 1 1 0 1 0 0 0 0 0 0 0 0 ]
d13=5.731156786366 eijMax=1.620E-03 rmsd=5.520E+00 s=[ 0 0 0 0 0 0 1 1 1 0 0 1 1 1 1 0 1 1 1 1 1 1 1 1 ]
d13=5.731156786366 eijMax=1.620E-03 rmsd=5.520E+00 s=[ 0 0 0 1 1 1 0 0 0 1 1 0 0 0 0 1 0 0 0 0 0 0 0 0 ]
d13=5.752423481061 eijMax=1.170E-03 rmsd=3.596E+00 s=[ 0 0 0 0 1 1 0 0 0 1 1 0 0 0 0 0 1 1 1 1 1 1 1 1 ]
d13=5.752423481061 eijMax=1.170E-03 rmsd=3.596E+00 s=[ 0 0 0 1 0 0 1 1 1 0 0 1 1 1 1 1 0 0 0 0 0 0 0 0 ]
num ..... 1000
nnodes .. 24
nedges .. 123
nsols ... 32
tsecs ... 14.731450
