d13=5.931727968788 eijMax=5.769E-04 rmsd=9.592E+00 s=[ 0 0 0 0 0 0 0 1 1 0 0 0 1 1 0 0 1 0 0 0 0 0 0 0 ]
d13=5.931727968788 eijMax=5.769E-04 rmsd=9.592E+00 s=[ 0 0 0 1 1 1 1 0 0 1 1 1 0 0 1 1 0 1 1 1 1 1 1 1 ]
d13=5.956382973434 eijMax=9.592E-03 rmsd=7.771E+00 s=[ 0 0 0 0 1 1 1 0 0 1 1 1 0 0 0 0 1 0 0 0 0 0 0 0 ]
d13=5.956382973434 eijMax=9.592E-03 rmsd=7.771E+00 s=[ 0 0 0 1 0 0 0 1 1 0 0 0 1 1 1 1 0 1 1 1 1 1 1 1 ]
d13=5.968710475758 eijMax=8.149E-03 rmsd=9.266E+00 s=[ 0 0 0 0 0 1 1 0 0 1 1 1 0 0 0 0 1 0 0 0 0 0 0 0 ]
d13=5.968710475758 eijMax=8.788E-03 rmsd=8.583E+00 s=[ 0 0 0 0 1 0 0 1 1 1 1 1 0 0 0 0 1 0 0 0 0 0 0 0 ]
d13=5.968710475758 eijMax=5.434E-03 rmsd=7.770E+00 s=[ 0 0 0 0 1 1 1 0 0 1 1 1 0 0 0 0 1 0 0 0 0 0 0 0 ]
d13=5.968710475758 eijMax=5.434E-03 rmsd=7.770E+00 s=[ 0 0 0 1 0 0 0 1 1 0 0 0 1 1 1 1 0 1 1 1 1 1 1 1 ]
d13=5.968710475758 eijMax=8.788E-03 rmsd=8.583E+00 s=[ 0 0 0 1 0 1 1 0 0 0 0 0 1 1 1 1 0 1 1 1 1 1 1 1 ]
d13=5.968710475758 eijMax=8.149E-03 rmsd=9.266E+00 s=[ 0 0 0 1 1 0 0 1 1 0 0 0 1 1 1 1 0 1 1 1 1 1 1 1 ]
d13=5.981037978081 eijMax=4.499E-03 rmsd=9.299E+00 s=[ 0 0 0 0 0 1 1 0 0 1 1 1 0 0 0 0 1 0 0 0 0 0 0 0 ]
d13=5.981037978081 eijMax=2.466E-03 rmsd=8.593E+00 s=[ 0 0 0 0 1 0 0 1 1 1 1 1 0 0 0 0 1 0 0 0 0 0 0 0 ]
d13=5.981037978081 eijMax=2.466E-03 rmsd=8.593E+00 s=[ 0 0 0 1 0 1 1 0 0 0 0 0 1 1 1 1 0 1 1 1 1 1 1 1 ]
d13=5.981037978081 eijMax=4.499E-03 rmsd=9.299E+00 s=[ 0 0 0 1 1 0 0 1 1 0 0 0 1 1 1 1 0 1 1 1 1 1 1 1 ]
d13=5.993365480404 eijMax=3.185E-04 rmsd=9.609E+00 s=[ 0 0 0 0 0 0 0 1 1 1 0 0 1 1 0 0 1 0 0 0 0 0 0 0 ]
d13=5.993365480404 eijMax=3.185E-04 rmsd=9.609E+00 s=[ 0 0 0 1 1 1 1 0 0 0 1 1 0 0 1 1 0 1 1 1 1 1 1 1 ]
d13=6.005692982727 eijMax=9.244E-03 rmsd=8.935E-02 s=[ 0 0 0 0 0 0 0 1 1 0 0 0 1 1 0 1 0 1 1 1 1 1 1 1 ]
d13=6.005692982727 eijMax=9.244E-03 rmsd=8.935E-02 s=[ 0 0 0 1 1 1 1 0 0 1 1 1 0 0 1 0 1 0 0 0 0 0 0 0 ]
d13=6.018020485051 eijMax=3.823E-03 rmsd=3.833E-02 s=[ 0 0 0 0 0 0 0 1 1 0 0 0 1 1 0 1 0 1 1 1 1 1 1 1 ]
d13=6.018020485051 eijMax=3.823E-03 rmsd=3.833E-02 s=[ 0 0 0 1 1 1 1 0 0 1 1 1 0 0 1 0 1 0 0 0 0 0 0 0 ]
d13=6.042675489697 eijMax=2.829E-03 rmsd=1.413E+00 s=[ 0 0 0 0 0 0 0 1 1 1 0 0 1 1 0 1 0 1 1 1 1 1 1 1 ]
d13=6.042675489697 eijMax=2.829E-03 rmsd=1.413E+00 s=[ 0 0 0 1 1 1 1 0 0 0 1 1 0 0 1 0 1 0 0 0 0 0 0 0 ]
d13=6.055002992020 eijMax=4.112E-03 rmsd=6.593E+00 s=[ 0 0 0 0 1 1 1 0 0 1 1 1 0 0 0 1 0 1 1 1 1 1 1 1 ]
d13=6.055002992020 eijMax=4.112E-03 rmsd=6.593E+00 s=[ 0 0 0 1 0 0 0 1 1 0 0 0 1 1 1 0 1 0 0 0 0 0 0 0 ]
d13=6.067330494343 eijMax=7.782E-03 rmsd=6.596E+00 s=[ 0 0 0 0 1 1 1 0 0 1 1 1 0 0 0 1 0 1 1 1 1 1 1 1 ]
d13=6.067330494343 eijMax=7.782E-03 rmsd=6.596E+00 s=[ 0 0 0 1 0 0 0 1 1 0 0 0 1 1 1 0 1 0 0 0 0 0 0 0 ]
d13=6.079657996667 eijMax=5.774E-04 rmsd=4.972E+00 s=[ 0 0 0 0 0 1 1 0 0 1 1 1 0 0 0 1 0 1 1 1 1 1 1 1 ]
d13=6.079657996667 eijMax=5.774E-04 rmsd=4.972E+00 s=[ 0 0 0 1 1 0 0 1 1 0 0 0 1 1 1 0 1 0 0 0 0 0 0 0 ]
d13=6.091985498990 eijMax=4.528E-03 rmsd=7.620E+00 s=[ 0 0 0 0 1 0 0 1 1 1 1 1 0 0 0 1 0 1 1 1 1 1 1 1 ]
d13=6.091985498990 eijMax=4.528E-03 rmsd=7.620E+00 s=[ 0 0 0 1 0 1 1 0 0 0 0 0 1 1 1 0 1 0 0 0 0 0 0 0 ]
d13=6.104313001313 eijMax=5.524E-03 rmsd=7.610E+00 s=[ 0 0 0 0 1 0 0 1 1 1 1 1 0 0 0 1 0 1 1 1 1 1 1 1 ]
d13=6.104313001313 eijMax=5.524E-03 rmsd=7.610E+00 s=[ 0 0 0 1 0 1 1 0 0 0 0 0 1 1 1 0 1 0 0 0 0 0 0 0 ]
d13=6.128968005960 eijMax=2.254E-03 rmsd=8.817E+00 s=[ 0 0 0 0 1 1 1 0 0 1 0 0 1 1 0 0 1 0 0 0 0 0 0 0 ]
d13=6.128968005960 eijMax=2.254E-03 rmsd=8.817E+00 s=[ 0 0 0 1 0 0 0 1 1 0 1 1 0 0 1 1 0 1 1 1 1 1 1 1 ]
d13=6.141295508283 eijMax=6.886E-03 rmsd=8.827E+00 s=[ 0 0 0 0 1 1 1 0 0 1 0 0 1 1 0 0 1 0 0 0 0 0 0 0 ]
d13=6.141295508283 eijMax=6.886E-03 rmsd=8.827E+00 s=[ 0 0 0 1 0 0 0 1 1 0 1 1 0 0 1 1 0 1 1 1 1 1 1 1 ]
d13=6.264570531515 eijMax=4.961E-03 rmsd=7.240E+00 s=[ 0 0 0 0 1 1 1 0 0 1 0 0 1 1 0 1 0 1 1 1 1 1 1 1 ]
d13=6.264570531515 eijMax=4.961E-03 rmsd=7.240E+00 s=[ 0 0 0 1 0 0 0 1 1 0 1 1 0 0 1 0 1 0 0 0 0 0 0 0 ]
d13=6.276898033838 eijMax=3.953E-03 rmsd=7.243E+00 s=[ 0 0 0 0 1 1 1 0 0 1 0 0 1 1 0 1 0 1 1 1 1 1 1 1 ]
d13=6.276898033838 eijMax=3.953E-03 rmsd=7.243E+00 s=[ 0 0 0 1 0 0 0 1 1 0 1 1 0 0 1 0 1 0 0 0 0 0 0 0 ]
d13=6.313880540808 eijMax=1.303E-03 rmsd=2.516E+00 s=[ 0 0 0 0 0 0 0 1 1 0 0 0 1 1 0 1 0 1 1 1 1 1 1 1 ]
d13=6.313880540808 eijMax=1.303E-03 rmsd=2.516E+00 s=[ 0 0 0 1 1 1 1 0 0 1 1 1 0 0 1 0 1 0 0 0 0 0 0 0 ]
d13=6.326208043131 eijMax=2.577E-03 rmsd=9.984E+00 s=[ 0 0 0 0 0 1 1 0 0 1 0 0 1 1 0 0 1 0 0 0 0 0 0 0 ]
d13=6.326208043131 eijMax=2.577E-03 rmsd=9.984E+00 s=[ 0 0 0 1 1 0 0 1 1 0 1 1 0 0 1 1 0 1 1 1 1 1 1 1 ]
d13=6.375518052424 eijMax=9.802E-04 rmsd=9.579E+00 s=[ 0 0 0 0 1 1 1 0 0 0 1 1 0 0 0 0 1 0 0 0 0 0 0 0 ]
d13=6.375518052424 eijMax=9.802E-04 rmsd=9.579E+00 s=[ 0 0 0 1 0 0 0 1 1 1 0 0 1 1 1 1 0 1 1 1 1 1 1 1 ]
d13=6.387845554747 eijMax=9.396E-03 rmsd=9.583E+00 s=[ 0 0 0 0 1 1 1 0 0 0 1 1 0 0 0 0 1 0 0 0 0 0 0 0 ]
d13=6.387845554747 eijMax=9.396E-03 rmsd=9.583E+00 s=[ 0 0 0 1 0 0 0 1 1 1 0 0 1 1 1 1 0 1 1 1 1 1 1 1 ]
d13=6.400173057071 eijMax=8.110E-03 rmsd=5.716E+00 s=[ 0 0 0 0 0 1 1 0 0 1 0 0 1 1 0 1 0 1 1 1 1 1 1 1 ]
d13=6.400173057071 eijMax=8.110E-03 rmsd=5.716E+00 s=[ 0 0 0 1 1 0 0 1 1 0 1 1 0 0 1 0 1 0 0 0 0 0 0 0 ]
d13=6.412500559394 eijMax=7.949E-03 rmsd=5.627E+00 s=[ 0 0 0 0 0 1 1 0 0 1 0 0 1 1 0 1 0 1 1 1 1 1 1 1 ]
d13=6.412500559394 eijMax=7.949E-03 rmsd=5.627E+00 s=[ 0 0 0 1 1 0 0 1 1 0 1 1 0 0 1 0 1 0 0 0 0 0 0 0 ]
d13=6.424828061717 eijMax=1.124E-03 rmsd=9.254E+00 s=[ 0 0 0 0 1 0 0 1 1 1 0 0 1 1 0 0 1 0 0 0 0 0 0 0 ]
d13=6.424828061717 eijMax=1.124E-03 rmsd=9.254E+00 s=[ 0 0 0 1 0 1 1 0 0 0 1 1 0 0 1 1 0 1 1 1 1 1 1 1 ]
d13=6.437155564040 eijMax=9.285E-03 rmsd=9.257E+00 s=[ 0 0 0 0 1 0 0 1 1 1 0 0 1 1 0 0 1 0 0 0 0 0 0 0 ]
d13=6.437155564040 eijMax=9.285E-03 rmsd=9.257E+00 s=[ 0 0 0 1 0 1 1 0 0 0 1 1 0 0 1 1 0 1 1 1 1 1 1 1 ]
d13=6.486465573333 eijMax=7.608E-03 rmsd=8.256E+00 s=[ 0 0 0 0 1 1 1 0 0 0 1 1 0 0 0 1 0 1 1 1 1 1 1 1 ]
d13=6.486465573333 eijMax=7.608E-03 rmsd=8.256E+00 s=[ 0 0 0 1 0 0 0 1 1 1 0 0 1 1 1 0 1 0 0 0 0 0 0 0 ]
d13=6.498793075657 eijMax=3.214E-03 rmsd=8.259E+00 s=[ 0 0 0 0 1 1 1 0 0 0 1 1 0 0 0 1 0 1 1 1 1 1 1 1 ]
d13=6.498793075657 eijMax=3.214E-03 rmsd=8.259E+00 s=[ 0 0 0 1 0 0 0 1 1 1 0 0 1 1 1 0 1 0 0 0 0 0 0 0 ]
d13=6.535775582626 eijMax=6.426E-03 rmsd=8.740E+00 s=[ 0 0 0 0 1 0 0 1 1 1 0 0 1 1 0 1 0 1 1 1 1 1 1 1 ]
d13=6.535775582626 eijMax=6.426E-03 rmsd=8.740E+00 s=[ 0 0 0 1 0 1 1 0 0 0 1 1 0 0 1 0 1 0 0 0 0 0 0 0 ]
d13=6.548103084949 eijMax=4.730E-03 rmsd=8.734E+00 s=[ 0 0 0 0 1 0 0 1 1 1 0 0 1 1 0 1 0 1 1 1 1 1 1 1 ]
d13=6.548103084949 eijMax=4.730E-03 rmsd=8.734E+00 s=[ 0 0 0 1 0 1 1 0 0 0 1 1 0 0 1 0 1 0 0 0 0 0 0 0 ]
d13=6.560430587273 eijMax=8.240E-03 rmsd=1.040E+01 s=[ 0 0 0 0 0 0 0 1 1 0 1 1 0 0 0 0 1 0 0 0 0 0 0 0 ]
d13=6.560430587273 eijMax=8.240E-03 rmsd=1.040E+01 s=[ 0 0 0 1 1 1 1 0 0 1 0 0 1 1 1 1 0 1 1 1 1 1 1 1 ]
d13=6.572758089596 eijMax=3.582E-03 rmsd=9.051E+00 s=[ 0 0 0 0 1 0 0 1 1 0 1 1 0 0 0 0 1 0 0 0 0 0 0 0 ]
d13=6.572758089596 eijMax=3.582E-03 rmsd=9.051E+00 s=[ 0 0 0 1 0 1 1 0 0 1 0 0 1 1 1 1 0 1 1 1 1 1 1 1 ]
d13=6.585085591919 eijMax=7.113E-03 rmsd=9.051E+00 s=[ 0 0 0 0 1 0 0 1 1 0 1 1 0 0 0 0 1 0 0 0 0 0 0 0 ]
d13=6.585085591919 eijMax=7.113E-03 rmsd=9.051E+00 s=[ 0 0 0 1 0 1 1 0 0 1 0 0 1 1 1 1 0 1 1 1 1 1 1 1 ]
d13=6.622068098889 eijMax=6.734E-03 rmsd=6.158E+00 s=[ 0 0 0 0 0 0 0 1 1 0 1 1 0 0 0 1 0 1 1 1 1 1 1 1 ]
d13=6.622068098889 eijMax=6.734E-03 rmsd=6.158E+00 s=[ 0 0 0 1 1 1 1 0 0 1 0 0 1 1 1 0 1 0 0 0 0 0 0 0 ]
d13=6.683705610505 eijMax=3.653E-03 rmsd=9.387E+00 s=[ 0 0 0 0 1 0 0 1 1 0 1 1 0 0 0 1 0 1 1 1 1 1 1 1 ]
d13=6.683705610505 eijMax=3.653E-03 rmsd=9.387E+00 s=[ 0 0 0 1 0 1 1 0 0 1 0 0 1 1 1 0 1 0 0 0 0 0 0 0 ]
d13=6.696033112828 eijMax=8.662E-03 rmsd=9.385E+00 s=[ 0 0 0 0 1 0 0 1 1 0 1 1 0 0 0 1 0 1 1 1 1 1 1 1 ]
d13=6.696033112828 eijMax=8.662E-03 rmsd=9.385E+00 s=[ 0 0 0 1 0 1 1 0 0 1 0 0 1 1 1 0 1 0 0 0 0 0 0 0 ]
d13=6.733015619798 eijMax=9.562E-03 rmsd=9.551E+00 s=[ 0 0 0 0 1 1 1 0 0 0 0 0 1 1 0 0 1 0 0 0 0 0 0 0 ]
d13=6.733015619798 eijMax=9.562E-03 rmsd=9.551E+00 s=[ 0 0 0 1 0 0 0 1 1 1 1 1 0 0 1 1 0 1 1 1 1 1 1 1 ]
d13=6.745343122121 eijMax=6.292E-03 rmsd=9.552E+00 s=[ 0 0 0 0 1 1 1 0 0 0 0 0 1 1 0 0 1 0 0 0 0 0 0 0 ]
d13=6.745343122121 eijMax=6.292E-03 rmsd=9.552E+00 s=[ 0 0 0 1 0 0 0 1 1 1 1 1 0 0 1 1 0 1 1 1 1 1 1 1 ]
d13=6.757670624444 eijMax=8.832E-03 rmsd=1.010E+01 s=[ 0 0 0 0 0 0 0 1 1 0 0 0 1 1 0 0 1 0 0 0 0 0 0 0 ]
d13=6.757670624444 eijMax=8.832E-03 rmsd=1.010E+01 s=[ 0 0 0 1 1 1 1 0 0 1 1 1 0 0 1 1 0 1 1 1 1 1 1 1 ]
d13=6.794653131414 eijMax=9.400E-03 rmsd=9.993E+00 s=[ 0 0 0 0 0 1 1 0 0 0 1 1 0 0 0 0 1 0 0 0 0 0 0 0 ]
d13=6.794653131414 eijMax=9.400E-03 rmsd=9.993E+00 s=[ 0 0 0 1 1 0 0 1 1 1 0 0 1 1 1 1 0 1 1 1 1 1 1 1 ]
d13=6.806980633737 eijMax=7.189E-03 rmsd=8.703E+00 s=[ 0 0 0 0 1 1 1 0 0 0 0 0 1 1 0 1 0 1 1 1 1 1 1 1 ]
d13=6.806980633737 eijMax=7.189E-03 rmsd=8.703E+00 s=[ 0 0 0 1 0 0 0 1 1 1 1 1 0 0 1 0 1 0 0 0 0 0 0 0 ]
d13=6.819308136061 eijMax=6.110E-03 rmsd=7.080E+00 s=[ 0 0 0 0 0 0 0 1 1 0 0 0 1 1 0 1 0 1 1 1 1 1 1 1 ]
d13=6.819308136061 eijMax=6.110E-03 rmsd=7.080E+00 s=[ 0 0 0 1 1 1 1 0 0 1 1 1 0 0 1 0 1 0 0 0 0 0 0 0 ]
d13=6.831635638384 eijMax=4.022E-03 rmsd=9.970E+00 s=[ 0 0 0 0 0 1 1 0 0 0 0 0 1 1 0 0 1 0 0 0 0 0 0 0 ]
d13=6.831635638384 eijMax=5.178E-04 rmsd=1.025E+01 s=[ 0 0 0 0 0 1 1 0 0 1 1 1 0 0 0 0 1 0 0 0 0 0 0 0 ]
d13=6.831635638384 eijMax=5.579E-03 rmsd=8.279E+00 s=[ 0 0 0 0 1 0 0 1 1 0 0 0 1 1 0 0 1 0 0 0 0 0 0 0 ]
d13=6.831635638384 eijMax=5.579E-03 rmsd=8.279E+00 s=[ 0 0 0 1 0 1 1 0 0 1 1 1 0 0 1 1 0 1 1 1 1 1 1 1 ]
d13=6.831635638384 eijMax=5.178E-04 rmsd=1.025E+01 s=[ 0 0 0 1 1 0 0 1 1 0 0 0 1 1 1 1 0 1 1 1 1 1 1 1 ]
d13=6.831635638384 eijMax=4.022E-03 rmsd=9.970E+00 s=[ 0 0 0 1 1 0 0 1 1 1 1 1 0 0 1 1 0 1 1 1 1 1 1 1 ]
d13=6.868618145354 eijMax=2.096E-03 rmsd=6.265E+00 s=[ 0 0 0 0 0 1 1 0 0 1 1 1 0 0 0 1 0 1 1 1 1 1 1 1 ]
d13=6.868618145354 eijMax=2.096E-03 rmsd=6.265E+00 s=[ 0 0 0 1 1 0 0 1 1 0 0 0 1 1 1 0 1 0 0 0 0 0 0 0 ]
num ..... 100
nnodes .. 24
nedges .. 123
nsols ... 96
tsecs ... 5.433799
