d13=5.925730805495 eijMax=9.582E-03 rmsd=9.599E+00 s=[ 0 0 0 0 0 0 0 1 1 0 0 0 1 1 0 0 1 0 0 0 0 0 0 0 ]
d13=5.925730805496 eijMax=9.582E-03 rmsd=9.599E+00 s=[ 0 0 0 1 1 1 1 0 0 1 1 1 0 0 1 1 0 1 1 1 1 1 1 1 ]
d13=5.926952449870 eijMax=7.717E-03 rmsd=9.598E+00 s=[ 0 0 0 0 0 0 0 1 1 0 0 0 1 1 0 0 1 0 0 0 0 0 0 0 ]
d13=5.926952449870 eijMax=7.717E-03 rmsd=9.598E+00 s=[ 0 0 0 1 1 1 1 0 0 1 1 1 0 0 1 1 0 1 1 1 1 1 1 1 ]
d13=5.928174094244 eijMax=5.868E-03 rmsd=9.596E+00 s=[ 0 0 0 0 0 0 0 1 1 0 0 0 1 1 0 0 1 0 0 0 0 0 0 0 ]
d13=5.928174094244 eijMax=5.868E-03 rmsd=9.596E+00 s=[ 0 0 0 1 1 1 1 0 0 1 1 1 0 0 1 1 0 1 1 1 1 1 1 1 ]
d13=5.929395738619 eijMax=4.034E-03 rmsd=9.595E+00 s=[ 0 0 0 0 0 0 0 1 1 0 0 0 1 1 0 0 1 0 0 0 0 0 0 0 ]
d13=5.929395738619 eijMax=4.034E-03 rmsd=9.595E+00 s=[ 0 0 0 1 1 1 1 0 0 1 1 1 0 0 1 1 0 1 1 1 1 1 1 1 ]
d13=5.930617382993 eijMax=2.216E-03 rmsd=9.594E+00 s=[ 0 0 0 0 0 0 0 1 1 0 0 0 1 1 0 0 1 0 0 0 0 0 0 0 ]
d13=5.930617382993 eijMax=2.216E-03 rmsd=9.594E+00 s=[ 0 0 0 1 1 1 1 0 0 1 1 1 0 0 1 1 0 1 1 1 1 1 1 1 ]
d13=5.931839027367 eijMax=4.137E-04 rmsd=9.592E+00 s=[ 0 0 0 0 0 0 0 1 1 0 0 0 1 1 0 0 1 0 0 0 0 0 0 0 ]
d13=5.931839027367 eijMax=4.137E-04 rmsd=9.592E+00 s=[ 0 0 0 1 1 1 1 0 0 1 1 1 0 0 1 1 0 1 1 1 1 1 1 1 ]
d13=5.933060671742 eijMax=1.374E-03 rmsd=9.591E+00 s=[ 0 0 0 0 0 0 0 1 1 0 0 0 1 1 0 0 1 0 0 0 0 0 0 0 ]
d13=5.933060671742 eijMax=1.374E-03 rmsd=9.591E+00 s=[ 0 0 0 1 1 1 1 0 0 1 1 1 0 0 1 1 0 1 1 1 1 1 1 1 ]
d13=5.934282316116 eijMax=3.147E-03 rmsd=9.589E+00 s=[ 0 0 0 0 0 0 0 1 1 0 0 0 1 1 0 0 1 0 0 0 0 0 0 0 ]
d13=5.934282316116 eijMax=3.147E-03 rmsd=9.589E+00 s=[ 0 0 0 1 1 1 1 0 0 1 1 1 0 0 1 1 0 1 1 1 1 1 1 1 ]
d13=5.935503960490 eijMax=4.905E-03 rmsd=9.588E+00 s=[ 0 0 0 0 0 0 0 1 1 0 0 0 1 1 0 0 1 0 0 0 0 0 0 0 ]
d13=5.935503960490 eijMax=4.905E-03 rmsd=9.588E+00 s=[ 0 0 0 1 1 1 1 0 0 1 1 1 0 0 1 1 0 1 1 1 1 1 1 1 ]
d13=5.936725604865 eijMax=6.649E-03 rmsd=9.587E+00 s=[ 0 0 0 0 0 0 0 1 1 0 0 0 1 1 0 0 1 0 0 0 0 0 0 0 ]
d13=5.936725604865 eijMax=6.649E-03 rmsd=9.587E+00 s=[ 0 0 0 1 1 1 1 0 0 1 1 1 0 0 1 1 0 1 1 1 1 1 1 1 ]
d13=5.937947249239 eijMax=8.378E-03 rmsd=9.585E+00 s=[ 0 0 0 0 0 0 0 1 1 0 0 0 1 1 0 0 1 0 0 0 0 0 0 0 ]
d13=5.937947249239 eijMax=8.378E-03 rmsd=9.585E+00 s=[ 0 0 0 1 1 1 1 0 0 1 1 1 0 0 1 1 0 1 1 1 1 1 1 1 ]
d13=5.956271914855 eijMax=9.732E-03 rmsd=7.771E+00 s=[ 0 0 0 0 1 1 1 0 0 1 1 1 0 0 0 0 1 0 0 0 0 0 0 0 ]
d13=5.956271914855 eijMax=9.732E-03 rmsd=7.771E+00 s=[ 0 0 0 1 0 0 0 1 1 0 0 0 1 1 1 1 0 1 1 1 1 1 1 1 ]
d13=5.957493559229 eijMax=8.202E-03 rmsd=7.771E+00 s=[ 0 0 0 0 1 1 1 0 0 1 1 1 0 0 0 0 1 0 0 0 0 0 0 0 ]
d13=5.957493559229 eijMax=8.202E-03 rmsd=7.771E+00 s=[ 0 0 0 1 0 0 0 1 1 0 0 0 1 1 1 1 0 1 1 1 1 1 1 1 ]
d13=5.958715203604 eijMax=6.681E-03 rmsd=7.771E+00 s=[ 0 0 0 0 1 1 1 0 0 1 1 1 0 0 0 0 1 0 0 0 0 0 0 0 ]
d13=5.958715203604 eijMax=6.681E-03 rmsd=7.771E+00 s=[ 0 0 0 1 0 0 0 1 1 0 0 0 1 1 1 1 0 1 1 1 1 1 1 1 ]
d13=5.959936847978 eijMax=5.170E-03 rmsd=7.771E+00 s=[ 0 0 0 0 1 1 1 0 0 1 1 1 0 0 0 0 1 0 0 0 0 0 0 0 ]
d13=5.959936847978 eijMax=5.170E-03 rmsd=7.771E+00 s=[ 0 0 0 1 0 0 0 1 1 0 0 0 1 1 1 1 0 1 1 1 1 1 1 1 ]
d13=5.961158492352 eijMax=3.667E-03 rmsd=7.770E+00 s=[ 0 0 0 0 1 1 1 0 0 1 1 1 0 0 0 0 1 0 0 0 0 0 0 0 ]
d13=5.961158492352 eijMax=3.667E-03 rmsd=7.770E+00 s=[ 0 0 0 1 0 0 0 1 1 0 0 0 1 1 1 1 0 1 1 1 1 1 1 1 ]
d13=5.962380136727 eijMax=2.172E-03 rmsd=7.770E+00 s=[ 0 0 0 0 1 1 1 0 0 1 1 1 0 0 0 0 1 0 0 0 0 0 0 0 ]
d13=5.962380136727 eijMax=2.172E-03 rmsd=7.770E+00 s=[ 0 0 0 1 0 0 0 1 1 0 0 0 1 1 1 1 0 1 1 1 1 1 1 1 ]
d13=5.963601781101 eijMax=6.869E-04 rmsd=7.770E+00 s=[ 0 0 0 0 1 1 1 0 0 1 1 1 0 0 0 0 1 0 0 0 0 0 0 0 ]
d13=5.963601781101 eijMax=6.869E-04 rmsd=7.770E+00 s=[ 0 0 0 1 0 0 0 1 1 0 0 0 1 1 1 1 0 1 1 1 1 1 1 1 ]
d13=5.964823425475 eijMax=7.901E-04 rmsd=7.770E+00 s=[ 0 0 0 0 1 1 1 0 0 1 1 1 0 0 0 0 1 0 0 0 0 0 0 0 ]
d13=5.964823425475 eijMax=7.901E-04 rmsd=7.770E+00 s=[ 0 0 0 1 0 0 0 1 1 0 0 0 1 1 1 1 0 1 1 1 1 1 1 1 ]
d13=5.966045069850 eijMax=2.259E-03 rmsd=7.770E+00 s=[ 0 0 0 0 1 1 1 0 0 1 1 1 0 0 0 0 1 0 0 0 0 0 0 0 ]
d13=5.966045069850 eijMax=2.259E-03 rmsd=7.770E+00 s=[ 0 0 0 1 0 0 0 1 1 0 0 0 1 1 1 1 0 1 1 1 1 1 1 1 ]
d13=5.967266714224 eijMax=9.654E-03 rmsd=9.263E+00 s=[ 0 0 0 0 0 1 1 0 0 1 1 1 0 0 0 0 1 0 0 0 0 0 0 0 ]
d13=5.967266714224 eijMax=3.719E-03 rmsd=7.770E+00 s=[ 0 0 0 0 1 1 1 0 0 1 1 1 0 0 0 0 1 0 0 0 0 0 0 0 ]
d13=5.967266714224 eijMax=3.719E-03 rmsd=7.770E+00 s=[ 0 0 0 1 0 0 0 1 1 0 0 0 1 1 1 1 0 1 1 1 1 1 1 1 ]
d13=5.967266714224 eijMax=9.654E-03 rmsd=9.263E+00 s=[ 0 0 0 1 1 0 0 1 1 0 0 0 1 1 1 1 0 1 1 1 1 1 1 1 ]
d13=5.968488358599 eijMax=8.380E-03 rmsd=9.266E+00 s=[ 0 0 0 0 0 1 1 0 0 1 1 1 0 0 0 0 1 0 0 0 0 0 0 0 ]
d13=5.968488358599 eijMax=8.994E-03 rmsd=8.583E+00 s=[ 0 0 0 0 1 0 0 1 1 1 1 1 0 0 0 0 1 0 0 0 0 0 0 0 ]
d13=5.968488358599 eijMax=5.170E-03 rmsd=7.770E+00 s=[ 0 0 0 0 1 1 1 0 0 1 1 1 0 0 0 0 1 0 0 0 0 0 0 0 ]
d13=5.968488358599 eijMax=5.170E-03 rmsd=7.770E+00 s=[ 0 0 0 1 0 0 0 1 1 0 0 0 1 1 1 1 0 1 1 1 1 1 1 1 ]
d13=5.968488358599 eijMax=8.994E-03 rmsd=8.583E+00 s=[ 0 0 0 1 0 1 1 0 0 0 0 0 1 1 1 1 0 1 1 1 1 1 1 1 ]
d13=5.968488358599 eijMax=8.380E-03 rmsd=9.266E+00 s=[ 0 0 0 1 1 0 0 1 1 0 0 0 1 1 1 1 0 1 1 1 1 1 1 1 ]
d13=5.969710002973 eijMax=7.110E-03 rmsd=9.269E+00 s=[ 0 0 0 0 0 1 1 0 0 1 1 1 0 0 0 0 1 0 0 0 0 0 0 0 ]
d13=5.969710002973 eijMax=7.863E-03 rmsd=8.584E+00 s=[ 0 0 0 0 1 0 0 1 1 1 1 1 0 0 0 0 1 0 0 0 0 0 0 0 ]
d13=5.969710002973 eijMax=6.614E-03 rmsd=7.770E+00 s=[ 0 0 0 0 1 1 1 0 0 1 1 1 0 0 0 0 1 0 0 0 0 0 0 0 ]
d13=5.969710002973 eijMax=6.614E-03 rmsd=7.770E+00 s=[ 0 0 0 1 0 0 0 1 1 0 0 0 1 1 1 1 0 1 1 1 1 1 1 1 ]
d13=5.969710002973 eijMax=7.863E-03 rmsd=8.584E+00 s=[ 0 0 0 1 0 1 1 0 0 0 0 0 1 1 1 1 0 1 1 1 1 1 1 1 ]
d13=5.969710002973 eijMax=7.110E-03 rmsd=9.269E+00 s=[ 0 0 0 1 1 0 0 1 1 0 0 0 1 1 1 1 0 1 1 1 1 1 1 1 ]
d13=5.970931647347 eijMax=5.844E-03 rmsd=9.272E+00 s=[ 0 0 0 0 0 1 1 0 0 1 1 1 0 0 0 0 1 0 0 0 0 0 0 0 ]
d13=5.970931647347 eijMax=6.736E-03 rmsd=8.585E+00 s=[ 0 0 0 0 1 0 0 1 1 1 1 1 0 0 0 0 1 0 0 0 0 0 0 0 ]
d13=5.970931647347 eijMax=8.049E-03 rmsd=7.770E+00 s=[ 0 0 0 0 1 1 1 0 0 1 1 1 0 0 0 0 1 0 0 0 0 0 0 0 ]
d13=5.970931647347 eijMax=8.049E-03 rmsd=7.770E+00 s=[ 0 0 0 1 0 0 0 1 1 0 0 0 1 1 1 1 0 1 1 1 1 1 1 1 ]
d13=5.970931647347 eijMax=6.736E-03 rmsd=8.585E+00 s=[ 0 0 0 1 0 1 1 0 0 0 0 0 1 1 1 1 0 1 1 1 1 1 1 1 ]
d13=5.970931647347 eijMax=5.844E-03 rmsd=9.272E+00 s=[ 0 0 0 1 1 0 0 1 1 0 0 0 1 1 1 1 0 1 1 1 1 1 1 1 ]
d13=5.972153291722 eijMax=4.581E-03 rmsd=9.276E+00 s=[ 0 0 0 0 0 1 1 0 0 1 1 1 0 0 0 0 1 0 0 0 0 0 0 0 ]
d13=5.972153291722 eijMax=5.611E-03 rmsd=8.586E+00 s=[ 0 0 0 0 1 0 0 1 1 1 1 1 0 0 0 0 1 0 0 0 0 0 0 0 ]
d13=5.972153291722 eijMax=9.477E-03 rmsd=7.770E+00 s=[ 0 0 0 0 1 1 1 0 0 1 1 1 0 0 0 0 1 0 0 0 0 0 0 0 ]
d13=5.972153291722 eijMax=9.477E-03 rmsd=7.770E+00 s=[ 0 0 0 1 0 0 0 1 1 0 0 0 1 1 1 1 0 1 1 1 1 1 1 1 ]
d13=5.972153291722 eijMax=5.611E-03 rmsd=8.586E+00 s=[ 0 0 0 1 0 1 1 0 0 0 0 0 1 1 1 1 0 1 1 1 1 1 1 1 ]
d13=5.972153291722 eijMax=4.581E-03 rmsd=9.276E+00 s=[ 0 0 0 1 1 0 0 1 1 0 0 0 1 1 1 1 0 1 1 1 1 1 1 1 ]
d13=5.973374936096 eijMax=3.321E-03 rmsd=9.279E+00 s=[ 0 0 0 0 0 1 1 0 0 1 1 1 0 0 0 0 1 0 0 0 0 0 0 0 ]
d13=5.973374936096 eijMax=4.490E-03 rmsd=8.587E+00 s=[ 0 0 0 0 1 0 0 1 1 1 1 1 0 0 0 0 1 0 0 0 0 0 0 0 ]
d13=5.973374936096 eijMax=4.490E-03 rmsd=8.587E+00 s=[ 0 0 0 1 0 1 1 0 0 0 0 0 1 1 1 1 0 1 1 1 1 1 1 1 ]
d13=5.973374936096 eijMax=3.321E-03 rmsd=9.279E+00 s=[ 0 0 0 1 1 0 0 1 1 0 0 0 1 1 1 1 0 1 1 1 1 1 1 1 ]
d13=5.974596580470 eijMax=2.066E-03 rmsd=9.282E+00 s=[ 0 0 0 0 0 1 1 0 0 1 1 1 0 0 0 0 1 0 0 0 0 0 0 0 ]
d13=5.974596580470 eijMax=3.373E-03 rmsd=8.588E+00 s=[ 0 0 0 0 1 0 0 1 1 1 1 1 0 0 0 0 1 0 0 0 0 0 0 0 ]
d13=5.974596580470 eijMax=3.373E-03 rmsd=8.588E+00 s=[ 0 0 0 1 0 1 1 0 0 0 0 0 1 1 1 1 0 1 1 1 1 1 1 1 ]
d13=5.974596580470 eijMax=2.066E-03 rmsd=9.282E+00 s=[ 0 0 0 1 1 0 0 1 1 0 0 0 1 1 1 1 0 1 1 1 1 1 1 1 ]
d13=5.975818224845 eijMax=8.132E-04 rmsd=9.286E+00 s=[ 0 0 0 0 0 1 1 0 0 1 1 1 0 0 0 0 1 0 0 0 0 0 0 0 ]
d13=5.975818224845 eijMax=2.258E-03 rmsd=8.589E+00 s=[ 0 0 0 0 1 0 0 1 1 1 1 1 0 0 0 0 1 0 0 0 0 0 0 0 ]
d13=5.975818224845 eijMax=2.258E-03 rmsd=8.589E+00 s=[ 0 0 0 1 0 1 1 0 0 0 0 0 1 1 1 1 0 1 1 1 1 1 1 1 ]
d13=5.975818224845 eijMax=8.132E-04 rmsd=9.286E+00 s=[ 0 0 0 1 1 0 0 1 1 0 0 0 1 1 1 1 0 1 1 1 1 1 1 1 ]
d13=5.977039869219 eijMax=4.357E-04 rmsd=9.289E+00 s=[ 0 0 0 0 0 1 1 0 0 1 1 1 0 0 0 0 1 0 0 0 0 0 0 0 ]
d13=5.977039869219 eijMax=1.147E-03 rmsd=8.590E+00 s=[ 0 0 0 0 1 0 0 1 1 1 1 1 0 0 0 0 1 0 0 0 0 0 0 0 ]
d13=5.977039869219 eijMax=1.147E-03 rmsd=8.590E+00 s=[ 0 0 0 1 0 1 1 0 0 0 0 0 1 1 1 1 0 1 1 1 1 1 1 1 ]
d13=5.977039869219 eijMax=4.357E-04 rmsd=9.289E+00 s=[ 0 0 0 1 1 0 0 1 1 0 0 0 1 1 1 1 0 1 1 1 1 1 1 1 ]
d13=5.978261513594 eijMax=1.681E-03 rmsd=9.292E+00 s=[ 0 0 0 0 0 1 1 0 0 1 1 1 0 0 0 0 1 0 0 0 0 0 0 0 ]
d13=5.978261513594 eijMax=3.927E-05 rmsd=8.591E+00 s=[ 0 0 0 0 1 0 0 1 1 1 1 1 0 0 0 0 1 0 0 0 0 0 0 0 ]
d13=5.978261513594 eijMax=3.927E-05 rmsd=8.591E+00 s=[ 0 0 0 1 0 1 1 0 0 0 0 0 1 1 1 1 0 1 1 1 1 1 1 1 ]
d13=5.978261513594 eijMax=1.681E-03 rmsd=9.292E+00 s=[ 0 0 0 1 1 0 0 1 1 0 0 0 1 1 1 1 0 1 1 1 1 1 1 1 ]
d13=5.979483157968 eijMax=2.923E-03 rmsd=9.295E+00 s=[ 0 0 0 0 0 1 1 0 0 1 1 1 0 0 0 0 1 0 0 0 0 0 0 0 ]
d13=5.979483157968 eijMax=1.065E-03 rmsd=8.592E+00 s=[ 0 0 0 0 1 0 0 1 1 1 1 1 0 0 0 0 1 0 0 0 0 0 0 0 ]
d13=5.979483157968 eijMax=1.065E-03 rmsd=8.592E+00 s=[ 0 0 0 1 0 1 1 0 0 0 0 0 1 1 1 1 0 1 1 1 1 1 1 1 ]
d13=5.979483157968 eijMax=2.923E-03 rmsd=9.295E+00 s=[ 0 0 0 1 1 0 0 1 1 0 0 0 1 1 1 1 0 1 1 1 1 1 1 1 ]
d13=5.980704802342 eijMax=4.161E-03 rmsd=9.299E+00 s=[ 0 0 0 0 0 1 1 0 0 1 1 1 0 0 0 0 1 0 0 0 0 0 0 0 ]
d13=5.980704802342 eijMax=2.167E-03 rmsd=8.593E+00 s=[ 0 0 0 0 1 0 0 1 1 1 1 1 0 0 0 0 1 0 0 0 0 0 0 0 ]
d13=5.980704802342 eijMax=2.167E-03 rmsd=8.593E+00 s=[ 0 0 0 1 0 1 1 0 0 0 0 0 1 1 1 1 0 1 1 1 1 1 1 1 ]
d13=5.980704802342 eijMax=4.161E-03 rmsd=9.299E+00 s=[ 0 0 0 1 1 0 0 1 1 0 0 0 1 1 1 1 0 1 1 1 1 1 1 1 ]
d13=5.981926446717 eijMax=5.396E-03 rmsd=9.302E+00 s=[ 0 0 0 0 0 1 1 0 0 1 1 1 0 0 0 0 1 0 0 0 0 0 0 0 ]
d13=5.981926446717 eijMax=3.265E-03 rmsd=8.594E+00 s=[ 0 0 0 0 1 0 0 1 1 1 1 1 0 0 0 0 1 0 0 0 0 0 0 0 ]
d13=5.981926446717 eijMax=3.265E-03 rmsd=8.594E+00 s=[ 0 0 0 1 0 1 1 0 0 0 0 0 1 1 1 1 0 1 1 1 1 1 1 1 ]
d13=5.981926446717 eijMax=5.396E-03 rmsd=9.302E+00 s=[ 0 0 0 1 1 0 0 1 1 0 0 0 1 1 1 1 0 1 1 1 1 1 1 1 ]
d13=5.983148091091 eijMax=6.628E-03 rmsd=9.305E+00 s=[ 0 0 0 0 0 1 1 0 0 1 1 1 0 0 0 0 1 0 0 0 0 0 0 0 ]
d13=5.983148091091 eijMax=4.360E-03 rmsd=8.595E+00 s=[ 0 0 0 0 1 0 0 1 1 1 1 1 0 0 0 0 1 0 0 0 0 0 0 0 ]
d13=5.983148091091 eijMax=4.360E-03 rmsd=8.595E+00 s=[ 0 0 0 1 0 1 1 0 0 0 0 0 1 1 1 1 0 1 1 1 1 1 1 1 ]
d13=5.983148091091 eijMax=6.628E-03 rmsd=9.305E+00 s=[ 0 0 0 1 1 0 0 1 1 0 0 0 1 1 1 1 0 1 1 1 1 1 1 1 ]
d13=5.984369735465 eijMax=7.856E-03 rmsd=9.308E+00 s=[ 0 0 0 0 0 1 1 0 0 1 1 1 0 0 0 0 1 0 0 0 0 0 0 0 ]
d13=5.984369735465 eijMax=5.451E-03 rmsd=8.596E+00 s=[ 0 0 0 0 1 0 0 1 1 1 1 1 0 0 0 0 1 0 0 0 0 0 0 0 ]
d13=5.984369735465 eijMax=5.451E-03 rmsd=8.596E+00 s=[ 0 0 0 1 0 1 1 0 0 0 0 0 1 1 1 1 0 1 1 1 1 1 1 1 ]
d13=5.984369735465 eijMax=7.856E-03 rmsd=9.308E+00 s=[ 0 0 0 1 1 0 0 1 1 0 0 0 1 1 1 1 0 1 1 1 1 1 1 1 ]
d13=5.985591379840 eijMax=9.081E-03 rmsd=9.311E+00 s=[ 0 0 0 0 0 1 1 0 0 1 1 1 0 0 0 0 1 0 0 0 0 0 0 0 ]
d13=5.985591379840 eijMax=6.540E-03 rmsd=8.597E+00 s=[ 0 0 0 0 1 0 0 1 1 1 1 1 0 0 0 0 1 0 0 0 0 0 0 0 ]
d13=5.985591379840 eijMax=6.540E-03 rmsd=8.597E+00 s=[ 0 0 0 1 0 1 1 0 0 0 0 0 1 1 1 1 0 1 1 1 1 1 1 1 ]
d13=5.985591379840 eijMax=9.081E-03 rmsd=9.311E+00 s=[ 0 0 0 1 1 0 0 1 1 0 0 0 1 1 1 1 0 1 1 1 1 1 1 1 ]
d13=5.986813024214 eijMax=7.625E-03 rmsd=8.598E+00 s=[ 0 0 0 0 1 0 0 1 1 1 1 1 0 0 0 0 1 0 0 0 0 0 0 0 ]
d13=5.986813024214 eijMax=7.625E-03 rmsd=8.598E+00 s=[ 0 0 0 1 0 1 1 0 0 0 0 0 1 1 1 1 0 1 1 1 1 1 1 1 ]
d13=5.988034668589 eijMax=8.708E-03 rmsd=8.599E+00 s=[ 0 0 0 0 1 0 0 1 1 1 1 1 0 0 0 0 1 0 0 0 0 0 0 0 ]
d13=5.988034668589 eijMax=8.708E-03 rmsd=8.599E+00 s=[ 0 0 0 1 0 1 1 0 0 0 0 0 1 1 1 1 0 1 1 1 1 1 1 1 ]
d13=5.989256312963 eijMax=8.029E-03 rmsd=9.613E+00 s=[ 0 0 0 0 0 0 0 1 1 1 0 0 1 1 0 0 1 0 0 0 0 0 0 0 ]
d13=5.989256312963 eijMax=9.787E-03 rmsd=8.600E+00 s=[ 0 0 0 0 1 0 0 1 1 1 1 1 0 0 0 0 1 0 0 0 0 0 0 0 ]
d13=5.989256312963 eijMax=9.787E-03 rmsd=8.600E+00 s=[ 0 0 0 1 0 1 1 0 0 0 0 0 1 1 1 1 0 1 1 1 1 1 1 1 ]
d13=5.989256312963 eijMax=8.029E-03 rmsd=9.613E+00 s=[ 0 0 0 1 1 1 1 0 0 0 1 1 0 0 1 1 0 1 1 1 1 1 1 1 ]
d13=5.990477957337 eijMax=5.536E-03 rmsd=9.612E+00 s=[ 0 0 0 0 0 0 0 1 1 1 0 0 1 1 0 0 1 0 0 0 0 0 0 0 ]
d13=5.990477957337 eijMax=5.536E-03 rmsd=9.612E+00 s=[ 0 0 0 1 1 1 1 0 0 0 1 1 0 0 1 1 0 1 1 1 1 1 1 1 ]
d13=5.991699601712 eijMax=3.052E-03 rmsd=9.611E+00 s=[ 0 0 0 0 0 0 0 1 1 1 0 0 1 1 0 0 1 0 0 0 0 0 0 0 ]
d13=5.991699601712 eijMax=3.052E-03 rmsd=9.611E+00 s=[ 0 0 0 1 1 1 1 0 0 0 1 1 0 0 1 1 0 1 1 1 1 1 1 1 ]
d13=5.992921246086 eijMax=5.787E-04 rmsd=9.610E+00 s=[ 0 0 0 0 0 0 0 1 1 1 0 0 1 1 0 0 1 0 0 0 0 0 0 0 ]
d13=5.992921246086 eijMax=5.787E-04 rmsd=9.610E+00 s=[ 0 0 0 1 1 1 1 0 0 0 1 1 0 0 1 1 0 1 1 1 1 1 1 1 ]
d13=5.994142890460 eijMax=1.885E-03 rmsd=9.608E+00 s=[ 0 0 0 0 0 0 0 1 1 1 0 0 1 1 0 0 1 0 0 0 0 0 0 0 ]
d13=5.994142890460 eijMax=1.885E-03 rmsd=9.608E+00 s=[ 0 0 0 1 1 1 1 0 0 0 1 1 0 0 1 1 0 1 1 1 1 1 1 1 ]
d13=5.995364534835 eijMax=4.340E-03 rmsd=9.607E+00 s=[ 0 0 0 0 0 0 0 1 1 1 0 0 1 1 0 0 1 0 0 0 0 0 0 0 ]
d13=5.995364534835 eijMax=4.340E-03 rmsd=9.607E+00 s=[ 0 0 0 1 1 1 1 0 0 0 1 1 0 0 1 1 0 1 1 1 1 1 1 1 ]
d13=5.996586179209 eijMax=6.784E-03 rmsd=9.606E+00 s=[ 0 0 0 0 0 0 0 1 1 1 0 0 1 1 0 0 1 0 0 0 0 0 0 0 ]
d13=5.996586179209 eijMax=6.784E-03 rmsd=9.606E+00 s=[ 0 0 0 1 1 1 1 0 0 0 1 1 0 0 1 1 0 1 1 1 1 1 1 1 ]
d13=5.997807823584 eijMax=9.219E-03 rmsd=9.605E+00 s=[ 0 0 0 0 0 0 0 1 1 1 0 0 1 1 0 0 1 0 0 0 0 0 0 0 ]
d13=5.997807823584 eijMax=9.219E-03 rmsd=9.605E+00 s=[ 0 0 0 1 1 1 1 0 0 0 1 1 0 0 1 1 0 1 1 1 1 1 1 1 ]
d13=6.005137689830 eijMax=9.842E-03 rmsd=9.498E-02 s=[ 0 0 0 0 0 0 0 1 1 0 0 0 1 1 0 1 0 1 1 1 1 1 1 1 ]
d13=6.005137689830 eijMax=9.842E-03 rmsd=9.498E-02 s=[ 0 0 0 1 1 1 1 0 0 1 1 1 0 0 1 0 1 0 0 0 0 0 0 0 ]
d13=6.006359334204 eijMax=8.528E-03 rmsd=8.259E-02 s=[ 0 0 0 0 0 0 0 1 1 0 0 0 1 1 0 1 0 1 1 1 1 1 1 1 ]
d13=6.006359334204 eijMax=8.528E-03 rmsd=8.259E-02 s=[ 0 0 0 1 1 1 1 0 0 1 1 1 0 0 1 0 1 0 0 0 0 0 0 0 ]
d13=6.007580978579 eijMax=7.218E-03 rmsd=7.015E-02 s=[ 0 0 0 0 0 0 0 1 1 0 0 0 1 1 0 1 0 1 1 1 1 1 1 1 ]
d13=6.007580978579 eijMax=7.218E-03 rmsd=7.015E-02 s=[ 0 0 0 1 1 1 1 0 0 1 1 1 0 0 1 0 1 0 0 0 0 0 0 0 ]
d13=6.008802622953 eijMax=5.911E-03 rmsd=5.768E-02 s=[ 0 0 0 0 0 0 0 1 1 0 0 0 1 1 0 1 0 1 1 1 1 1 1 1 ]
d13=6.008802622953 eijMax=5.911E-03 rmsd=5.768E-02 s=[ 0 0 0 1 1 1 1 0 0 1 1 1 0 0 1 0 1 0 0 0 0 0 0 0 ]
d13=6.010024267327 eijMax=4.608E-03 rmsd=4.515E-02 s=[ 0 0 0 0 0 0 0 1 1 0 0 0 1 1 0 1 0 1 1 1 1 1 1 1 ]
d13=6.010024267327 eijMax=4.608E-03 rmsd=4.515E-02 s=[ 0 0 0 1 1 1 1 0 0 1 1 1 0 0 1 0 1 0 0 0 0 0 0 0 ]
d13=6.011245911702 eijMax=3.309E-03 rmsd=3.257E-02 s=[ 0 0 0 0 0 0 0 1 1 0 0 0 1 1 0 1 0 1 1 1 1 1 1 1 ]
d13=6.011245911702 eijMax=3.309E-03 rmsd=3.257E-02 s=[ 0 0 0 1 1 1 1 0 0 1 1 1 0 0 1 0 1 0 0 0 0 0 0 0 ]
d13=6.012467556076 eijMax=2.014E-03 rmsd=1.994E-02 s=[ 0 0 0 0 0 0 0 1 1 0 0 0 1 1 0 1 0 1 1 1 1 1 1 1 ]
d13=6.012467556076 eijMax=2.014E-03 rmsd=1.994E-02 s=[ 0 0 0 1 1 1 1 0 0 1 1 1 0 0 1 0 1 0 0 0 0 0 0 0 ]
d13=6.013689200450 eijMax=7.225E-04 rmsd=7.244E-03 s=[ 0 0 0 0 0 0 0 1 1 0 0 0 1 1 0 1 0 1 1 1 1 1 1 1 ]
d13=6.013689200450 eijMax=7.225E-04 rmsd=7.244E-03 s=[ 0 0 0 1 1 1 1 0 0 1 1 1 0 0 1 0 1 0 0 0 0 0 0 0 ]
d13=6.014910844825 eijMax=5.649E-04 rmsd=5.517E-03 s=[ 0 0 0 0 0 0 0 1 1 0 0 0 1 1 0 1 0 1 1 1 1 1 1 1 ]
d13=6.014910844825 eijMax=5.649E-04 rmsd=5.517E-03 s=[ 0 0 0 1 1 1 1 0 0 1 1 1 0 0 1 0 1 0 0 0 0 0 0 0 ]
d13=6.016132489199 eijMax=1.848E-03 rmsd=1.835E-02 s=[ 0 0 0 0 0 0 0 1 1 0 0 0 1 1 0 1 0 1 1 1 1 1 1 1 ]
d13=6.016132489199 eijMax=1.848E-03 rmsd=1.835E-02 s=[ 0 0 0 1 1 1 1 0 0 1 1 1 0 0 1 0 1 0 0 0 0 0 0 0 ]
d13=6.017354133574 eijMax=3.127E-03 rmsd=3.126E-02 s=[ 0 0 0 0 0 0 0 1 1 0 0 0 1 1 0 1 0 1 1 1 1 1 1 1 ]
d13=6.017354133574 eijMax=3.127E-03 rmsd=3.126E-02 s=[ 0 0 0 1 1 1 1 0 0 1 1 1 0 0 1 0 1 0 0 0 0 0 0 0 ]
d13=6.018575777948 eijMax=4.402E-03 rmsd=4.425E-02 s=[ 0 0 0 0 0 0 0 1 1 0 0 0 1 1 0 1 0 1 1 1 1 1 1 1 ]
d13=6.018575777948 eijMax=4.402E-03 rmsd=4.425E-02 s=[ 0 0 0 1 1 1 1 0 0 1 1 1 0 0 1 0 1 0 0 0 0 0 0 0 ]
d13=6.019797422322 eijMax=5.672E-03 rmsd=5.732E-02 s=[ 0 0 0 0 0 0 0 1 1 0 0 0 1 1 0 1 0 1 1 1 1 1 1 1 ]
d13=6.019797422322 eijMax=5.672E-03 rmsd=5.732E-02 s=[ 0 0 0 1 1 1 1 0 0 1 1 1 0 0 1 0 1 0 0 0 0 0 0 0 ]
d13=6.021019066697 eijMax=6.938E-03 rmsd=7.050E-02 s=[ 0 0 0 0 0 0 0 1 1 0 0 0 1 1 0 1 0 1 1 1 1 1 1 1 ]
d13=6.021019066697 eijMax=6.938E-03 rmsd=7.050E-02 s=[ 0 0 0 1 1 1 1 0 0 1 1 1 0 0 1 0 1 0 0 0 0 0 0 0 ]
d13=6.022240711071 eijMax=8.199E-03 rmsd=8.378E-02 s=[ 0 0 0 0 0 0 0 1 1 0 0 0 1 1 0 1 0 1 1 1 1 1 1 1 ]
d13=6.022240711071 eijMax=8.199E-03 rmsd=8.378E-02 s=[ 0 0 0 1 1 1 1 0 0 1 1 1 0 0 1 0 1 0 0 0 0 0 0 0 ]
d13=6.023462355445 eijMax=9.455E-03 rmsd=9.717E-02 s=[ 0 0 0 0 0 0 0 1 1 0 0 0 1 1 0 1 0 1 1 1 1 1 1 1 ]
d13=6.023462355445 eijMax=9.455E-03 rmsd=9.717E-02 s=[ 0 0 0 1 1 1 1 0 0 1 1 1 0 0 1 0 1 0 0 0 0 0 0 0 ]
d13=6.039343732312 eijMax=9.492E-03 rmsd=1.488E+00 s=[ 0 0 0 0 0 0 0 1 1 1 0 0 1 1 0 1 0 1 1 1 1 1 1 1 ]
d13=6.039343732312 eijMax=9.492E-03 rmsd=1.488E+00 s=[ 0 0 0 1 1 1 1 0 0 0 1 1 0 0 1 0 1 0 0 0 0 0 0 0 ]
d13=6.040565376687 eijMax=7.062E-03 rmsd=1.461E+00 s=[ 0 0 0 0 0 0 0 1 1 1 0 0 1 1 0 1 0 1 1 1 1 1 1 1 ]
d13=6.040565376687 eijMax=7.062E-03 rmsd=1.461E+00 s=[ 0 0 0 1 1 1 1 0 0 0 1 1 0 0 1 0 1 0 0 0 0 0 0 0 ]
d13=6.041787021061 eijMax=4.617E-03 rmsd=1.433E+00 s=[ 0 0 0 0 0 0 0 1 1 1 0 0 1 1 0 1 0 1 1 1 1 1 1 1 ]
d13=6.041787021061 eijMax=4.617E-03 rmsd=1.433E+00 s=[ 0 0 0 1 1 1 1 0 0 0 1 1 0 0 1 0 1 0 0 0 0 0 0 0 ]
d13=6.043008665435 eijMax=2.156E-03 rmsd=1.405E+00 s=[ 0 0 0 0 0 0 0 1 1 1 0 0 1 1 0 1 0 1 1 1 1 1 1 1 ]
d13=6.043008665435 eijMax=2.156E-03 rmsd=1.405E+00 s=[ 0 0 0 1 1 1 1 0 0 0 1 1 0 0 1 0 1 0 0 0 0 0 0 0 ]
d13=6.044230309810 eijMax=3.220E-04 rmsd=1.376E+00 s=[ 0 0 0 0 0 0 0 1 1 1 0 0 1 1 0 1 0 1 1 1 1 1 1 1 ]
d13=6.044230309810 eijMax=3.220E-04 rmsd=1.376E+00 s=[ 0 0 0 1 1 1 1 0 0 0 1 1 0 0 1 0 1 0 0 0 0 0 0 0 ]
d13=6.045451954184 eijMax=2.820E-03 rmsd=1.347E+00 s=[ 0 0 0 0 0 0 0 1 1 1 0 0 1 1 0 1 0 1 1 1 1 1 1 1 ]
d13=6.045451954184 eijMax=2.820E-03 rmsd=1.347E+00 s=[ 0 0 0 1 1 1 1 0 0 0 1 1 0 0 1 0 1 0 0 0 0 0 0 0 ]
d13=6.046673598559 eijMax=5.341E-03 rmsd=1.316E+00 s=[ 0 0 0 0 0 0 0 1 1 1 0 0 1 1 0 1 0 1 1 1 1 1 1 1 ]
d13=6.046673598559 eijMax=5.341E-03 rmsd=1.316E+00 s=[ 0 0 0 1 1 1 1 0 0 0 1 1 0 0 1 0 1 0 0 0 0 0 0 0 ]
d13=6.047895242933 eijMax=7.887E-03 rmsd=1.285E+00 s=[ 0 0 0 0 0 0 0 1 1 1 0 0 1 1 0 1 0 1 1 1 1 1 1 1 ]
d13=6.047895242933 eijMax=7.887E-03 rmsd=1.285E+00 s=[ 0 0 0 1 1 1 1 0 0 0 1 1 0 0 1 0 1 0 0 0 0 0 0 0 ]
d13=6.049116887307 eijMax=9.817E-03 rmsd=6.592E+00 s=[ 0 0 0 0 1 1 1 0 0 1 1 1 0 0 0 1 0 1 1 1 1 1 1 1 ]
d13=6.049116887307 eijMax=9.817E-03 rmsd=6.592E+00 s=[ 0 0 0 1 0 0 0 1 1 0 0 0 1 1 1 0 1 0 0 0 0 0 0 0 ]
d13=6.050338531682 eijMax=8.631E-03 rmsd=6.592E+00 s=[ 0 0 0 0 1 1 1 0 0 1 1 1 0 0 0 1 0 1 1 1 1 1 1 1 ]
d13=6.050338531682 eijMax=8.631E-03 rmsd=6.592E+00 s=[ 0 0 0 1 0 0 0 1 1 0 0 0 1 1 1 0 1 0 0 0 0 0 0 0 ]
d13=6.051560176056 eijMax=7.447E-03 rmsd=6.592E+00 s=[ 0 0 0 0 1 1 1 0 0 1 1 1 0 0 0 1 0 1 1 1 1 1 1 1 ]
d13=6.051560176056 eijMax=7.447E-03 rmsd=6.592E+00 s=[ 0 0 0 1 0 0 0 1 1 0 0 0 1 1 1 0 1 0 0 0 0 0 0 0 ]
d13=6.052781820430 eijMax=6.263E-03 rmsd=6.593E+00 s=[ 0 0 0 0 1 1 1 0 0 1 1 1 0 0 0 1 0 1 1 1 1 1 1 1 ]
d13=6.052781820430 eijMax=6.263E-03 rmsd=6.593E+00 s=[ 0 0 0 1 0 0 0 1 1 0 0 0 1 1 1 0 1 0 0 0 0 0 0 0 ]
d13=6.054003464805 eijMax=5.080E-03 rmsd=6.593E+00 s=[ 0 0 0 0 1 1 1 0 0 1 1 1 0 0 0 1 0 1 1 1 1 1 1 1 ]
d13=6.054003464805 eijMax=5.080E-03 rmsd=6.593E+00 s=[ 0 0 0 1 0 0 0 1 1 0 0 0 1 1 1 0 1 0 0 0 0 0 0 0 ]
d13=6.055225109179 eijMax=3.897E-03 rmsd=6.593E+00 s=[ 0 0 0 0 1 1 1 0 0 1 1 1 0 0 0 1 0 1 1 1 1 1 1 1 ]
d13=6.055225109179 eijMax=3.897E-03 rmsd=6.593E+00 s=[ 0 0 0 1 0 0 0 1 1 0 0 0 1 1 1 0 1 0 0 0 0 0 0 0 ]
d13=6.056446753554 eijMax=2.716E-03 rmsd=6.593E+00 s=[ 0 0 0 0 1 1 1 0 0 1 1 1 0 0 0 1 0 1 1 1 1 1 1 1 ]
d13=6.056446753554 eijMax=2.716E-03 rmsd=6.593E+00 s=[ 0 0 0 1 0 0 0 1 1 0 0 0 1 1 1 0 1 0 0 0 0 0 0 0 ]
d13=6.057668397928 eijMax=1.535E-03 rmsd=6.594E+00 s=[ 0 0 0 0 1 1 1 0 0 1 1 1 0 0 0 1 0 1 1 1 1 1 1 1 ]
d13=6.057668397928 eijMax=1.535E-03 rmsd=6.594E+00 s=[ 0 0 0 1 0 0 0 1 1 0 0 0 1 1 1 0 1 0 0 0 0 0 0 0 ]
d13=6.058890042302 eijMax=3.542E-04 rmsd=6.594E+00 s=[ 0 0 0 0 1 1 1 0 0 1 1 1 0 0 0 1 0 1 1 1 1 1 1 1 ]
d13=6.058890042302 eijMax=3.542E-04 rmsd=6.594E+00 s=[ 0 0 0 1 0 0 0 1 1 0 0 0 1 1 1 0 1 0 0 0 0 0 0 0 ]
d13=6.060111686677 eijMax=8.254E-04 rmsd=6.594E+00 s=[ 0 0 0 0 1 1 1 0 0 1 1 1 0 0 0 1 0 1 1 1 1 1 1 1 ]
d13=6.060111686677 eijMax=8.254E-04 rmsd=6.594E+00 s=[ 0 0 0 1 0 0 0 1 1 0 0 0 1 1 1 0 1 0 0 0 0 0 0 0 ]
d13=6.061333331051 eijMax=2.004E-03 rmsd=6.595E+00 s=[ 0 0 0 0 1 1 1 0 0 1 1 1 0 0 0 1 0 1 1 1 1 1 1 1 ]
d13=6.061333331051 eijMax=2.004E-03 rmsd=6.595E+00 s=[ 0 0 0 1 0 0 0 1 1 0 0 0 1 1 1 0 1 0 0 0 0 0 0 0 ]
d13=6.062554975425 eijMax=3.183E-03 rmsd=6.595E+00 s=[ 0 0 0 0 1 1 1 0 0 1 1 1 0 0 0 1 0 1 1 1 1 1 1 1 ]
d13=6.062554975425 eijMax=3.183E-03 rmsd=6.595E+00 s=[ 0 0 0 1 0 0 0 1 1 0 0 0 1 1 1 0 1 0 0 0 0 0 0 0 ]
d13=6.063776619800 eijMax=4.360E-03 rmsd=6.595E+00 s=[ 0 0 0 0 1 1 1 0 0 1 1 1 0 0 0 1 0 1 1 1 1 1 1 1 ]
d13=6.063776619800 eijMax=4.360E-03 rmsd=6.595E+00 s=[ 0 0 0 1 0 0 0 1 1 0 0 0 1 1 1 0 1 0 0 0 0 0 0 0 ]
d13=6.064998264174 eijMax=5.537E-03 rmsd=6.596E+00 s=[ 0 0 0 0 1 1 1 0 0 1 1 1 0 0 0 1 0 1 1 1 1 1 1 1 ]
d13=6.064998264174 eijMax=5.537E-03 rmsd=6.596E+00 s=[ 0 0 0 1 0 0 0 1 1 0 0 0 1 1 1 0 1 0 0 0 0 0 0 0 ]
d13=6.066219908549 eijMax=6.713E-03 rmsd=6.596E+00 s=[ 0 0 0 0 1 1 1 0 0 1 1 1 0 0 0 1 0 1 1 1 1 1 1 1 ]
d13=6.066219908549 eijMax=6.713E-03 rmsd=6.596E+00 s=[ 0 0 0 1 0 0 0 1 1 0 0 0 1 1 1 0 1 0 0 0 0 0 0 0 ]
d13=6.067441552923 eijMax=7.889E-03 rmsd=6.596E+00 s=[ 0 0 0 0 1 1 1 0 0 1 1 1 0 0 0 1 0 1 1 1 1 1 1 1 ]
d13=6.067441552923 eijMax=7.889E-03 rmsd=6.596E+00 s=[ 0 0 0 1 0 0 0 1 1 0 0 0 1 1 1 0 1 0 0 0 0 0 0 0 ]
d13=6.068663197297 eijMax=9.064E-03 rmsd=6.596E+00 s=[ 0 0 0 0 1 1 1 0 0 1 1 1 0 0 0 1 0 1 1 1 1 1 1 1 ]
d13=6.068663197297 eijMax=9.064E-03 rmsd=6.596E+00 s=[ 0 0 0 1 0 0 0 1 1 0 0 0 1 1 1 0 1 0 0 0 0 0 0 0 ]
d13=6.069884841672 eijMax=9.850E-03 rmsd=5.018E+00 s=[ 0 0 0 0 0 1 1 0 0 1 1 1 0 0 0 1 0 1 1 1 1 1 1 1 ]
d13=6.069884841672 eijMax=9.850E-03 rmsd=5.018E+00 s=[ 0 0 0 1 1 0 0 1 1 0 0 0 1 1 1 0 1 0 0 0 0 0 0 0 ]
d13=6.071106486046 eijMax=8.695E-03 rmsd=5.012E+00 s=[ 0 0 0 0 0 1 1 0 0 1 1 1 0 0 0 1 0 1 1 1 1 1 1 1 ]
d13=6.071106486046 eijMax=8.695E-03 rmsd=5.012E+00 s=[ 0 0 0 1 1 0 0 1 1 0 0 0 1 1 1 0 1 0 0 0 0 0 0 0 ]
d13=6.072328130420 eijMax=7.539E-03 rmsd=5.007E+00 s=[ 0 0 0 0 0 1 1 0 0 1 1 1 0 0 0 1 0 1 1 1 1 1 1 1 ]
d13=6.072328130420 eijMax=7.539E-03 rmsd=5.007E+00 s=[ 0 0 0 1 1 0 0 1 1 0 0 0 1 1 1 0 1 0 0 0 0 0 0 0 ]
d13=6.073549774795 eijMax=6.382E-03 rmsd=5.001E+00 s=[ 0 0 0 0 0 1 1 0 0 1 1 1 0 0 0 1 0 1 1 1 1 1 1 1 ]
d13=6.073549774795 eijMax=6.382E-03 rmsd=5.001E+00 s=[ 0 0 0 1 1 0 0 1 1 0 0 0 1 1 1 0 1 0 0 0 0 0 0 0 ]
d13=6.074771419169 eijMax=5.223E-03 rmsd=4.995E+00 s=[ 0 0 0 0 0 1 1 0 0 1 1 1 0 0 0 1 0 1 1 1 1 1 1 1 ]
d13=6.074771419169 eijMax=5.223E-03 rmsd=4.995E+00 s=[ 0 0 0 1 1 0 0 1 1 0 0 0 1 1 1 0 1 0 0 0 0 0 0 0 ]
d13=6.075993063544 eijMax=4.064E-03 rmsd=4.989E+00 s=[ 0 0 0 0 0 1 1 0 0 1 1 1 0 0 0 1 0 1 1 1 1 1 1 1 ]
d13=6.075993063544 eijMax=4.064E-03 rmsd=4.989E+00 s=[ 0 0 0 1 1 0 0 1 1 0 0 0 1 1 1 0 1 0 0 0 0 0 0 0 ]
d13=6.077214707918 eijMax=2.903E-03 rmsd=4.983E+00 s=[ 0 0 0 0 0 1 1 0 0 1 1 1 0 0 0 1 0 1 1 1 1 1 1 1 ]
d13=6.077214707918 eijMax=2.903E-03 rmsd=4.983E+00 s=[ 0 0 0 1 1 0 0 1 1 0 0 0 1 1 1 0 1 0 0 0 0 0 0 0 ]
d13=6.078436352292 eijMax=1.741E-03 rmsd=4.978E+00 s=[ 0 0 0 0 0 1 1 0 0 1 1 1 0 0 0 1 0 1 1 1 1 1 1 1 ]
d13=6.078436352292 eijMax=1.741E-03 rmsd=4.978E+00 s=[ 0 0 0 1 1 0 0 1 1 0 0 0 1 1 1 0 1 0 0 0 0 0 0 0 ]
d13=6.079657996667 eijMax=5.774E-04 rmsd=4.972E+00 s=[ 0 0 0 0 0 1 1 0 0 1 1 1 0 0 0 1 0 1 1 1 1 1 1 1 ]
d13=6.079657996667 eijMax=5.774E-04 rmsd=4.972E+00 s=[ 0 0 0 1 1 0 0 1 1 0 0 0 1 1 1 0 1 0 0 0 0 0 0 0 ]
d13=6.080879641041 eijMax=5.870E-04 rmsd=4.966E+00 s=[ 0 0 0 0 0 1 1 0 0 1 1 1 0 0 0 1 0 1 1 1 1 1 1 1 ]
d13=6.080879641041 eijMax=5.870E-04 rmsd=4.966E+00 s=[ 0 0 0 1 1 0 0 1 1 0 0 0 1 1 1 0 1 0 0 0 0 0 0 0 ]
d13=6.082101285415 eijMax=1.753E-03 rmsd=4.960E+00 s=[ 0 0 0 0 0 1 1 0 0 1 1 1 0 0 0 1 0 1 1 1 1 1 1 1 ]
d13=6.082101285415 eijMax=1.753E-03 rmsd=4.960E+00 s=[ 0 0 0 1 1 0 0 1 1 0 0 0 1 1 1 0 1 0 0 0 0 0 0 0 ]
d13=6.083322929790 eijMax=2.919E-03 rmsd=4.955E+00 s=[ 0 0 0 0 0 1 1 0 0 1 1 1 0 0 0 1 0 1 1 1 1 1 1 1 ]
d13=6.083322929790 eijMax=2.919E-03 rmsd=4.955E+00 s=[ 0 0 0 1 1 0 0 1 1 0 0 0 1 1 1 0 1 0 0 0 0 0 0 0 ]
d13=6.084544574164 eijMax=4.087E-03 rmsd=4.949E+00 s=[ 0 0 0 0 0 1 1 0 0 1 1 1 0 0 0 1 0 1 1 1 1 1 1 1 ]
d13=6.084544574164 eijMax=4.087E-03 rmsd=4.949E+00 s=[ 0 0 0 1 1 0 0 1 1 0 0 0 1 1 1 0 1 0 0 0 0 0 0 0 ]
d13=6.085766218539 eijMax=5.256E-03 rmsd=4.943E+00 s=[ 0 0 0 0 0 1 1 0 0 1 1 1 0 0 0 1 0 1 1 1 1 1 1 1 ]
d13=6.085766218539 eijMax=9.577E-03 rmsd=7.626E+00 s=[ 0 0 0 0 1 0 0 1 1 1 1 1 0 0 0 1 0 1 1 1 1 1 1 1 ]
d13=6.085766218539 eijMax=9.577E-03 rmsd=7.626E+00 s=[ 0 0 0 1 0 1 1 0 0 0 0 0 1 1 1 0 1 0 0 0 0 0 0 0 ]
d13=6.085766218539 eijMax=5.256E-03 rmsd=4.943E+00 s=[ 0 0 0 1 1 0 0 1 1 0 0 0 1 1 1 0 1 0 0 0 0 0 0 0 ]
d13=6.086987862913 eijMax=6.426E-03 rmsd=4.937E+00 s=[ 0 0 0 0 0 1 1 0 0 1 1 1 0 0 0 1 0 1 1 1 1 1 1 1 ]
d13=6.086987862913 eijMax=8.586E-03 rmsd=7.625E+00 s=[ 0 0 0 0 1 0 0 1 1 1 1 1 0 0 0 1 0 1 1 1 1 1 1 1 ]
d13=6.086987862913 eijMax=8.586E-03 rmsd=7.625E+00 s=[ 0 0 0 1 0 1 1 0 0 0 0 0 1 1 1 0 1 0 0 0 0 0 0 0 ]
d13=6.086987862913 eijMax=6.426E-03 rmsd=4.937E+00 s=[ 0 0 0 1 1 0 0 1 1 0 0 0 1 1 1 0 1 0 0 0 0 0 0 0 ]
d13=6.088209507287 eijMax=7.598E-03 rmsd=4.932E+00 s=[ 0 0 0 0 0 1 1 0 0 1 1 1 0 0 0 1 0 1 1 1 1 1 1 1 ]
d13=6.088209507287 eijMax=7.595E-03 rmsd=7.624E+00 s=[ 0 0 0 0 1 0 0 1 1 1 1 1 0 0 0 1 0 1 1 1 1 1 1 1 ]
d13=6.088209507287 eijMax=7.595E-03 rmsd=7.624E+00 s=[ 0 0 0 1 0 1 1 0 0 0 0 0 1 1 1 0 1 0 0 0 0 0 0 0 ]
d13=6.088209507287 eijMax=7.598E-03 rmsd=4.932E+00 s=[ 0 0 0 1 1 0 0 1 1 0 0 0 1 1 1 0 1 0 0 0 0 0 0 0 ]
d13=6.089431151662 eijMax=8.770E-03 rmsd=4.926E+00 s=[ 0 0 0 0 0 1 1 0 0 1 1 1 0 0 0 1 0 1 1 1 1 1 1 1 ]
d13=6.089431151662 eijMax=6.603E-03 rmsd=7.623E+00 s=[ 0 0 0 0 1 0 0 1 1 1 1 1 0 0 0 1 0 1 1 1 1 1 1 1 ]
d13=6.089431151662 eijMax=6.603E-03 rmsd=7.623E+00 s=[ 0 0 0 1 0 1 1 0 0 0 0 0 1 1 1 0 1 0 0 0 0 0 0 0 ]
d13=6.089431151662 eijMax=8.770E-03 rmsd=4.926E+00 s=[ 0 0 0 1 1 0 0 1 1 0 0 0 1 1 1 0 1 0 0 0 0 0 0 0 ]
d13=6.090652796036 eijMax=9.944E-03 rmsd=4.920E+00 s=[ 0 0 0 0 0 1 1 0 0 1 1 1 0 0 0 1 0 1 1 1 1 1 1 1 ]
d13=6.090652796036 eijMax=5.611E-03 rmsd=7.622E+00 s=[ 0 0 0 0 1 0 0 1 1 1 1 1 0 0 0 1 0 1 1 1 1 1 1 1 ]
d13=6.090652796036 eijMax=5.611E-03 rmsd=7.622E+00 s=[ 0 0 0 1 0 1 1 0 0 0 0 0 1 1 1 0 1 0 0 0 0 0 0 0 ]
d13=6.090652796036 eijMax=9.944E-03 rmsd=4.920E+00 s=[ 0 0 0 1 1 0 0 1 1 0 0 0 1 1 1 0 1 0 0 0 0 0 0 0 ]
d13=6.091874440410 eijMax=4.618E-03 rmsd=7.621E+00 s=[ 0 0 0 0 1 0 0 1 1 1 1 1 0 0 0 1 0 1 1 1 1 1 1 1 ]
d13=6.091874440410 eijMax=4.618E-03 rmsd=7.621E+00 s=[ 0 0 0 1 0 1 1 0 0 0 0 0 1 1 1 0 1 0 0 0 0 0 0 0 ]
d13=6.093096084785 eijMax=3.625E-03 rmsd=7.620E+00 s=[ 0 0 0 0 1 0 0 1 1 1 1 1 0 0 0 1 0 1 1 1 1 1 1 1 ]
d13=6.093096084785 eijMax=3.625E-03 rmsd=7.620E+00 s=[ 0 0 0 1 0 1 1 0 0 0 0 0 1 1 1 0 1 0 0 0 0 0 0 0 ]
d13=6.094317729159 eijMax=2.631E-03 rmsd=7.619E+00 s=[ 0 0 0 0 1 0 0 1 1 1 1 1 0 0 0 1 0 1 1 1 1 1 1 1 ]
d13=6.094317729159 eijMax=2.631E-03 rmsd=7.619E+00 s=[ 0 0 0 1 0 1 1 0 0 0 0 0 1 1 1 0 1 0 0 0 0 0 0 0 ]
d13=6.095539373534 eijMax=1.636E-03 rmsd=7.618E+00 s=[ 0 0 0 0 1 0 0 1 1 1 1 1 0 0 0 1 0 1 1 1 1 1 1 1 ]
d13=6.095539373534 eijMax=1.636E-03 rmsd=7.618E+00 s=[ 0 0 0 1 0 1 1 0 0 0 0 0 1 1 1 0 1 0 0 0 0 0 0 0 ]
d13=6.096761017908 eijMax=6.411E-04 rmsd=7.617E+00 s=[ 0 0 0 0 1 0 0 1 1 1 1 1 0 0 0 1 0 1 1 1 1 1 1 1 ]
d13=6.096761017908 eijMax=6.411E-04 rmsd=7.617E+00 s=[ 0 0 0 1 0 1 1 0 0 0 0 0 1 1 1 0 1 0 0 0 0 0 0 0 ]
d13=6.097982662282 eijMax=3.546E-04 rmsd=7.616E+00 s=[ 0 0 0 0 1 0 0 1 1 1 1 1 0 0 0 1 0 1 1 1 1 1 1 1 ]
d13=6.097982662282 eijMax=3.546E-04 rmsd=7.616E+00 s=[ 0 0 0 1 0 1 1 0 0 0 0 0 1 1 1 0 1 0 0 0 0 0 0 0 ]
d13=6.099204306657 eijMax=1.351E-03 rmsd=7.615E+00 s=[ 0 0 0 0 1 0 0 1 1 1 1 1 0 0 0 1 0 1 1 1 1 1 1 1 ]
d13=6.099204306657 eijMax=1.351E-03 rmsd=7.615E+00 s=[ 0 0 0 1 0 1 1 0 0 0 0 0 1 1 1 0 1 0 0 0 0 0 0 0 ]
d13=6.100425951031 eijMax=2.348E-03 rmsd=7.614E+00 s=[ 0 0 0 0 1 0 0 1 1 1 1 1 0 0 0 1 0 1 1 1 1 1 1 1 ]
d13=6.100425951031 eijMax=2.348E-03 rmsd=7.614E+00 s=[ 0 0 0 1 0 1 1 0 0 0 0 0 1 1 1 0 1 0 0 0 0 0 0 0 ]
d13=6.101647595405 eijMax=3.345E-03 rmsd=7.613E+00 s=[ 0 0 0 0 1 0 0 1 1 1 1 1 0 0 0 1 0 1 1 1 1 1 1 1 ]
d13=6.101647595405 eijMax=3.345E-03 rmsd=7.613E+00 s=[ 0 0 0 1 0 1 1 0 0 0 0 0 1 1 1 0 1 0 0 0 0 0 0 0 ]
d13=6.102869239780 eijMax=4.343E-03 rmsd=7.612E+00 s=[ 0 0 0 0 1 0 0 1 1 1 1 1 0 0 0 1 0 1 1 1 1 1 1 1 ]
d13=6.102869239780 eijMax=4.343E-03 rmsd=7.612E+00 s=[ 0 0 0 1 0 1 1 0 0 0 0 0 1 1 1 0 1 0 0 0 0 0 0 0 ]
d13=6.104090884154 eijMax=5.342E-03 rmsd=7.611E+00 s=[ 0 0 0 0 1 0 0 1 1 1 1 1 0 0 0 1 0 1 1 1 1 1 1 1 ]
d13=6.104090884154 eijMax=5.342E-03 rmsd=7.611E+00 s=[ 0 0 0 1 0 1 1 0 0 0 0 0 1 1 1 0 1 0 0 0 0 0 0 0 ]
d13=6.105312528529 eijMax=6.341E-03 rmsd=7.610E+00 s=[ 0 0 0 0 1 0 0 1 1 1 1 1 0 0 0 1 0 1 1 1 1 1 1 1 ]
d13=6.105312528529 eijMax=6.341E-03 rmsd=7.610E+00 s=[ 0 0 0 1 0 1 1 0 0 0 0 0 1 1 1 0 1 0 0 0 0 0 0 0 ]
d13=6.106534172903 eijMax=7.341E-03 rmsd=7.609E+00 s=[ 0 0 0 0 1 0 0 1 1 1 1 1 0 0 0 1 0 1 1 1 1 1 1 1 ]
d13=6.106534172903 eijMax=7.341E-03 rmsd=7.609E+00 s=[ 0 0 0 1 0 1 1 0 0 0 0 0 1 1 1 0 1 0 0 0 0 0 0 0 ]
d13=6.107755817277 eijMax=8.342E-03 rmsd=7.608E+00 s=[ 0 0 0 0 1 0 0 1 1 1 1 1 0 0 0 1 0 1 1 1 1 1 1 1 ]
d13=6.107755817277 eijMax=8.342E-03 rmsd=7.608E+00 s=[ 0 0 0 1 0 1 1 0 0 0 0 0 1 1 1 0 1 0 0 0 0 0 0 0 ]
d13=6.108977461652 eijMax=9.343E-03 rmsd=7.607E+00 s=[ 0 0 0 0 1 0 0 1 1 1 1 1 0 0 0 1 0 1 1 1 1 1 1 1 ]
d13=6.108977461652 eijMax=9.343E-03 rmsd=7.607E+00 s=[ 0 0 0 1 0 1 1 0 0 0 0 0 1 1 1 0 1 0 0 0 0 0 0 0 ]
d13=6.118750616647 eijMax=9.952E-03 rmsd=8.808E+00 s=[ 0 0 0 0 1 1 1 0 0 1 0 0 1 1 0 0 1 0 0 0 0 0 0 0 ]
d13=6.118750616647 eijMax=9.952E-03 rmsd=8.808E+00 s=[ 0 0 0 1 0 0 0 1 1 0 1 1 0 0 1 1 0 1 1 1 1 1 1 1 ]
d13=6.119972261021 eijMax=9.026E-03 rmsd=8.809E+00 s=[ 0 0 0 0 1 1 1 0 0 1 0 0 1 1 0 0 1 0 0 0 0 0 0 0 ]
d13=6.119972261021 eijMax=9.026E-03 rmsd=8.809E+00 s=[ 0 0 0 1 0 0 0 1 1 0 1 1 0 0 1 1 0 1 1 1 1 1 1 1 ]
d13=6.121193905395 eijMax=8.101E-03 rmsd=8.810E+00 s=[ 0 0 0 0 1 1 1 0 0 1 0 0 1 1 0 0 1 0 0 0 0 0 0 0 ]
d13=6.121193905395 eijMax=8.101E-03 rmsd=8.810E+00 s=[ 0 0 0 1 0 0 0 1 1 0 1 1 0 0 1 1 0 1 1 1 1 1 1 1 ]
d13=6.122415549770 eijMax=7.178E-03 rmsd=8.811E+00 s=[ 0 0 0 0 1 1 1 0 0 1 0 0 1 1 0 0 1 0 0 0 0 0 0 0 ]
d13=6.122415549770 eijMax=7.178E-03 rmsd=8.811E+00 s=[ 0 0 0 1 0 0 0 1 1 0 1 1 0 0 1 1 0 1 1 1 1 1 1 1 ]
d13=6.123637194144 eijMax=6.257E-03 rmsd=8.812E+00 s=[ 0 0 0 0 1 1 1 0 0 1 0 0 1 1 0 0 1 0 0 0 0 0 0 0 ]
d13=6.123637194144 eijMax=6.257E-03 rmsd=8.812E+00 s=[ 0 0 0 1 0 0 0 1 1 0 1 1 0 0 1 1 0 1 1 1 1 1 1 1 ]
d13=6.124858838519 eijMax=5.337E-03 rmsd=8.813E+00 s=[ 0 0 0 0 1 1 1 0 0 1 0 0 1 1 0 0 1 0 0 0 0 0 0 0 ]
d13=6.124858838519 eijMax=5.337E-03 rmsd=8.813E+00 s=[ 0 0 0 1 0 0 0 1 1 0 1 1 0 0 1 1 0 1 1 1 1 1 1 1 ]
d13=6.126080482893 eijMax=4.419E-03 rmsd=8.814E+00 s=[ 0 0 0 0 1 1 1 0 0 1 0 0 1 1 0 0 1 0 0 0 0 0 0 0 ]
d13=6.126080482893 eijMax=4.419E-03 rmsd=8.814E+00 s=[ 0 0 0 1 0 0 0 1 1 0 1 1 0 0 1 1 0 1 1 1 1 1 1 1 ]
d13=6.127302127267 eijMax=3.502E-03 rmsd=8.815E+00 s=[ 0 0 0 0 1 1 1 0 0 1 0 0 1 1 0 0 1 0 0 0 0 0 0 0 ]
d13=6.127302127267 eijMax=3.502E-03 rmsd=8.815E+00 s=[ 0 0 0 1 0 0 0 1 1 0 1 1 0 0 1 1 0 1 1 1 1 1 1 1 ]
d13=6.128523771642 eijMax=2.587E-03 rmsd=8.816E+00 s=[ 0 0 0 0 1 1 1 0 0 1 0 0 1 1 0 0 1 0 0 0 0 0 0 0 ]
d13=6.128523771642 eijMax=2.587E-03 rmsd=8.816E+00 s=[ 0 0 0 1 0 0 0 1 1 0 1 1 0 0 1 1 0 1 1 1 1 1 1 1 ]
d13=6.129745416016 eijMax=1.673E-03 rmsd=8.817E+00 s=[ 0 0 0 0 1 1 1 0 0 1 0 0 1 1 0 0 1 0 0 0 0 0 0 0 ]
d13=6.129745416016 eijMax=1.673E-03 rmsd=8.817E+00 s=[ 0 0 0 1 0 0 0 1 1 0 1 1 0 0 1 1 0 1 1 1 1 1 1 1 ]
d13=6.130967060390 eijMax=7.614E-04 rmsd=8.818E+00 s=[ 0 0 0 0 1 1 1 0 0 1 0 0 1 1 0 0 1 0 0 0 0 0 0 0 ]
d13=6.130967060390 eijMax=7.614E-04 rmsd=8.818E+00 s=[ 0 0 0 1 0 0 0 1 1 0 1 1 0 0 1 1 0 1 1 1 1 1 1 1 ]
d13=6.132188704765 eijMax=1.489E-04 rmsd=8.819E+00 s=[ 0 0 0 0 1 1 1 0 0 1 0 0 1 1 0 0 1 0 0 0 0 0 0 0 ]
d13=6.132188704765 eijMax=1.489E-04 rmsd=8.819E+00 s=[ 0 0 0 1 0 0 0 1 1 0 1 1 0 0 1 1 0 1 1 1 1 1 1 1 ]
d13=6.133410349139 eijMax=1.058E-03 rmsd=8.820E+00 s=[ 0 0 0 0 1 1 1 0 0 1 0 0 1 1 0 0 1 0 0 0 0 0 0 0 ]
d13=6.133410349139 eijMax=1.058E-03 rmsd=8.820E+00 s=[ 0 0 0 1 0 0 0 1 1 0 1 1 0 0 1 1 0 1 1 1 1 1 1 1 ]
d13=6.134631993514 eijMax=1.965E-03 rmsd=8.821E+00 s=[ 0 0 0 0 1 1 1 0 0 1 0 0 1 1 0 0 1 0 0 0 0 0 0 0 ]
d13=6.134631993514 eijMax=1.965E-03 rmsd=8.821E+00 s=[ 0 0 0 1 0 0 0 1 1 0 1 1 0 0 1 1 0 1 1 1 1 1 1 1 ]
d13=6.135853637888 eijMax=2.871E-03 rmsd=8.822E+00 s=[ 0 0 0 0 1 1 1 0 0 1 0 0 1 1 0 0 1 0 0 0 0 0 0 0 ]
d13=6.135853637888 eijMax=2.871E-03 rmsd=8.822E+00 s=[ 0 0 0 1 0 0 0 1 1 0 1 1 0 0 1 1 0 1 1 1 1 1 1 1 ]
d13=6.137075282262 eijMax=3.775E-03 rmsd=8.823E+00 s=[ 0 0 0 0 1 1 1 0 0 1 0 0 1 1 0 0 1 0 0 0 0 0 0 0 ]
d13=6.137075282262 eijMax=3.775E-03 rmsd=8.823E+00 s=[ 0 0 0 1 0 0 0 1 1 0 1 1 0 0 1 1 0 1 1 1 1 1 1 1 ]
d13=6.138296926637 eijMax=4.677E-03 rmsd=8.824E+00 s=[ 0 0 0 0 1 1 1 0 0 1 0 0 1 1 0 0 1 0 0 0 0 0 0 0 ]
d13=6.138296926637 eijMax=4.677E-03 rmsd=8.824E+00 s=[ 0 0 0 1 0 0 0 1 1 0 1 1 0 0 1 1 0 1 1 1 1 1 1 1 ]
d13=6.139518571011 eijMax=5.578E-03 rmsd=8.825E+00 s=[ 0 0 0 0 1 1 1 0 0 1 0 0 1 1 0 0 1 0 0 0 0 0 0 0 ]
d13=6.139518571011 eijMax=5.578E-03 rmsd=8.825E+00 s=[ 0 0 0 1 0 0 0 1 1 0 1 1 0 0 1 1 0 1 1 1 1 1 1 1 ]
d13=6.140740215385 eijMax=6.478E-03 rmsd=8.826E+00 s=[ 0 0 0 0 1 1 1 0 0 1 0 0 1 1 0 0 1 0 0 0 0 0 0 0 ]
d13=6.140740215385 eijMax=6.478E-03 rmsd=8.826E+00 s=[ 0 0 0 1 0 0 0 1 1 0 1 1 0 0 1 1 0 1 1 1 1 1 1 1 ]
d13=6.141961859760 eijMax=7.375E-03 rmsd=8.827E+00 s=[ 0 0 0 0 1 1 1 0 0 1 0 0 1 1 0 0 1 0 0 0 0 0 0 0 ]
d13=6.141961859760 eijMax=7.375E-03 rmsd=8.827E+00 s=[ 0 0 0 1 0 0 0 1 1 0 1 1 0 0 1 1 0 1 1 1 1 1 1 1 ]
d13=6.143183504134 eijMax=8.272E-03 rmsd=8.828E+00 s=[ 0 0 0 0 1 1 1 0 0 1 0 0 1 1 0 0 1 0 0 0 0 0 0 0 ]
d13=6.143183504134 eijMax=8.272E-03 rmsd=8.828E+00 s=[ 0 0 0 1 0 0 0 1 1 0 1 1 0 0 1 1 0 1 1 1 1 1 1 1 ]
d13=6.144405148509 eijMax=9.167E-03 rmsd=8.829E+00 s=[ 0 0 0 0 1 1 1 0 0 1 0 0 1 1 0 0 1 0 0 0 0 0 0 0 ]
d13=6.144405148509 eijMax=9.167E-03 rmsd=8.829E+00 s=[ 0 0 0 1 0 0 0 1 1 0 1 1 0 0 1 1 0 1 1 1 1 1 1 1 ]
d13=6.258018075325 eijMax=9.657E-03 rmsd=7.238E+00 s=[ 0 0 0 0 1 1 1 0 0 1 0 0 1 1 0 1 0 1 1 1 1 1 1 1 ]
d13=6.258018075325 eijMax=9.657E-03 rmsd=7.238E+00 s=[ 0 0 0 1 0 0 0 1 1 0 1 1 0 0 1 0 1 0 0 0 0 0 0 0 ]
d13=6.259239719700 eijMax=8.783E-03 rmsd=7.238E+00 s=[ 0 0 0 0 1 1 1 0 0 1 0 0 1 1 0 1 0 1 1 1 1 1 1 1 ]
d13=6.259239719700 eijMax=8.783E-03 rmsd=7.238E+00 s=[ 0 0 0 1 0 0 0 1 1 0 1 1 0 0 1 0 1 0 0 0 0 0 0 0 ]
d13=6.260461364074 eijMax=7.909E-03 rmsd=7.239E+00 s=[ 0 0 0 0 1 1 1 0 0 1 0 0 1 1 0 1 0 1 1 1 1 1 1 1 ]
d13=6.260461364074 eijMax=7.909E-03 rmsd=7.239E+00 s=[ 0 0 0 1 0 0 0 1 1 0 1 1 0 0 1 0 1 0 0 0 0 0 0 0 ]
d13=6.261683008448 eijMax=7.034E-03 rmsd=7.239E+00 s=[ 0 0 0 0 1 1 1 0 0 1 0 0 1 1 0 1 0 1 1 1 1 1 1 1 ]
d13=6.261683008448 eijMax=7.034E-03 rmsd=7.239E+00 s=[ 0 0 0 1 0 0 0 1 1 0 1 1 0 0 1 0 1 0 0 0 0 0 0 0 ]
d13=6.262904652823 eijMax=6.158E-03 rmsd=7.239E+00 s=[ 0 0 0 0 1 1 1 0 0 1 0 0 1 1 0 1 0 1 1 1 1 1 1 1 ]
d13=6.262904652823 eijMax=6.158E-03 rmsd=7.239E+00 s=[ 0 0 0 1 0 0 0 1 1 0 1 1 0 0 1 0 1 0 0 0 0 0 0 0 ]
d13=6.264126297197 eijMax=5.280E-03 rmsd=7.240E+00 s=[ 0 0 0 0 1 1 1 0 0 1 0 0 1 1 0 1 0 1 1 1 1 1 1 1 ]
d13=6.264126297197 eijMax=5.280E-03 rmsd=7.240E+00 s=[ 0 0 0 1 0 0 0 1 1 0 1 1 0 0 1 0 1 0 0 0 0 0 0 0 ]
d13=6.265347941572 eijMax=4.402E-03 rmsd=7.240E+00 s=[ 0 0 0 0 1 1 1 0 0 1 0 0 1 1 0 1 0 1 1 1 1 1 1 1 ]
d13=6.265347941572 eijMax=4.402E-03 rmsd=7.240E+00 s=[ 0 0 0 1 0 0 0 1 1 0 1 1 0 0 1 0 1 0 0 0 0 0 0 0 ]
d13=6.266569585946 eijMax=3.523E-03 rmsd=7.240E+00 s=[ 0 0 0 0 1 1 1 0 0 1 0 0 1 1 0 1 0 1 1 1 1 1 1 1 ]
d13=6.266569585946 eijMax=3.523E-03 rmsd=7.240E+00 s=[ 0 0 0 1 0 0 0 1 1 0 1 1 0 0 1 0 1 0 0 0 0 0 0 0 ]
d13=6.267791230320 eijMax=2.642E-03 rmsd=7.241E+00 s=[ 0 0 0 0 1 1 1 0 0 1 0 0 1 1 0 1 0 1 1 1 1 1 1 1 ]
d13=6.267791230320 eijMax=2.642E-03 rmsd=7.241E+00 s=[ 0 0 0 1 0 0 0 1 1 0 1 1 0 0 1 0 1 0 0 0 0 0 0 0 ]
d13=6.269012874695 eijMax=1.761E-03 rmsd=7.241E+00 s=[ 0 0 0 0 1 1 1 0 0 1 0 0 1 1 0 1 0 1 1 1 1 1 1 1 ]
d13=6.269012874695 eijMax=1.761E-03 rmsd=7.241E+00 s=[ 0 0 0 1 0 0 0 1 1 0 1 1 0 0 1 0 1 0 0 0 0 0 0 0 ]
d13=6.270234519069 eijMax=8.782E-04 rmsd=7.241E+00 s=[ 0 0 0 0 1 1 1 0 0 1 0 0 1 1 0 1 0 1 1 1 1 1 1 1 ]
d13=6.270234519069 eijMax=8.782E-04 rmsd=7.241E+00 s=[ 0 0 0 1 0 0 0 1 1 0 1 1 0 0 1 0 1 0 0 0 0 0 0 0 ]
d13=6.271456163443 eijMax=5.275E-06 rmsd=7.242E+00 s=[ 0 0 0 0 1 1 1 0 0 1 0 0 1 1 0 1 0 1 1 1 1 1 1 1 ]
d13=6.271456163443 eijMax=5.275E-06 rmsd=7.242E+00 s=[ 0 0 0 1 0 0 0 1 1 0 1 1 0 0 1 0 1 0 0 0 0 0 0 0 ]
d13=6.272677807818 eijMax=8.898E-04 rmsd=7.242E+00 s=[ 0 0 0 0 1 1 1 0 0 1 0 0 1 1 0 1 0 1 1 1 1 1 1 1 ]
d13=6.272677807818 eijMax=8.898E-04 rmsd=7.242E+00 s=[ 0 0 0 1 0 0 0 1 1 0 1 1 0 0 1 0 1 0 0 0 0 0 0 0 ]
d13=6.273899452192 eijMax=1.775E-03 rmsd=7.242E+00 s=[ 0 0 0 0 1 1 1 0 0 1 0 0 1 1 0 1 0 1 1 1 1 1 1 1 ]
d13=6.273899452192 eijMax=1.775E-03 rmsd=7.242E+00 s=[ 0 0 0 1 0 0 0 1 1 0 1 1 0 0 1 0 1 0 0 0 0 0 0 0 ]
d13=6.275121096567 eijMax=2.662E-03 rmsd=7.243E+00 s=[ 0 0 0 0 1 1 1 0 0 1 0 0 1 1 0 1 0 1 1 1 1 1 1 1 ]
d13=6.275121096567 eijMax=2.662E-03 rmsd=7.243E+00 s=[ 0 0 0 1 0 0 0 1 1 0 1 1 0 0 1 0 1 0 0 0 0 0 0 0 ]
d13=6.276342740941 eijMax=3.550E-03 rmsd=7.243E+00 s=[ 0 0 0 0 1 1 1 0 0 1 0 0 1 1 0 1 0 1 1 1 1 1 1 1 ]
d13=6.276342740941 eijMax=3.550E-03 rmsd=7.243E+00 s=[ 0 0 0 1 0 0 0 1 1 0 1 1 0 0 1 0 1 0 0 0 0 0 0 0 ]
d13=6.277564385315 eijMax=4.438E-03 rmsd=7.243E+00 s=[ 0 0 0 0 1 1 1 0 0 1 0 0 1 1 0 1 0 1 1 1 1 1 1 1 ]
d13=6.277564385315 eijMax=4.438E-03 rmsd=7.243E+00 s=[ 0 0 0 1 0 0 0 1 1 0 1 1 0 0 1 0 1 0 0 0 0 0 0 0 ]
d13=6.278786029690 eijMax=5.328E-03 rmsd=7.244E+00 s=[ 0 0 0 0 1 1 1 0 0 1 0 0 1 1 0 1 0 1 1 1 1 1 1 1 ]
d13=6.278786029690 eijMax=5.328E-03 rmsd=7.244E+00 s=[ 0 0 0 1 0 0 0 1 1 0 1 1 0 0 1 0 1 0 0 0 0 0 0 0 ]
d13=6.280007674064 eijMax=6.219E-03 rmsd=7.244E+00 s=[ 0 0 0 0 1 1 1 0 0 1 0 0 1 1 0 1 0 1 1 1 1 1 1 1 ]
d13=6.280007674064 eijMax=6.219E-03 rmsd=7.244E+00 s=[ 0 0 0 1 0 0 0 1 1 0 1 1 0 0 1 0 1 0 0 0 0 0 0 0 ]
d13=6.281229318438 eijMax=7.111E-03 rmsd=7.244E+00 s=[ 0 0 0 0 1 1 1 0 0 1 0 0 1 1 0 1 0 1 1 1 1 1 1 1 ]
d13=6.281229318438 eijMax=7.111E-03 rmsd=7.244E+00 s=[ 0 0 0 1 0 0 0 1 1 0 1 1 0 0 1 0 1 0 0 0 0 0 0 0 ]
d13=6.282450962813 eijMax=8.004E-03 rmsd=7.245E+00 s=[ 0 0 0 0 1 1 1 0 0 1 0 0 1 1 0 1 0 1 1 1 1 1 1 1 ]
d13=6.282450962813 eijMax=8.004E-03 rmsd=7.245E+00 s=[ 0 0 0 1 0 0 0 1 1 0 1 1 0 0 1 0 1 0 0 0 0 0 0 0 ]
d13=6.283672607187 eijMax=8.897E-03 rmsd=7.245E+00 s=[ 0 0 0 0 1 1 1 0 0 1 0 0 1 1 0 1 0 1 1 1 1 1 1 1 ]
d13=6.283672607187 eijMax=8.897E-03 rmsd=7.245E+00 s=[ 0 0 0 1 0 0 0 1 1 0 1 1 0 0 1 0 1 0 0 0 0 0 0 0 ]
d13=6.284894251562 eijMax=9.792E-03 rmsd=7.245E+00 s=[ 0 0 0 0 1 1 1 0 0 1 0 0 1 1 0 1 0 1 1 1 1 1 1 1 ]
d13=6.284894251562 eijMax=9.792E-03 rmsd=7.245E+00 s=[ 0 0 0 1 0 0 0 1 1 0 1 1 0 0 1 0 1 0 0 0 0 0 0 0 ]
d13=6.312992072172 eijMax=5.657E-03 rmsd=2.461E+00 s=[ 0 0 0 0 0 0 0 1 1 0 0 0 1 1 0 1 0 1 1 1 1 1 1 1 ]
d13=6.312992072172 eijMax=5.657E-03 rmsd=2.461E+00 s=[ 0 0 0 1 1 1 1 0 0 1 1 1 0 0 1 0 1 0 0 0 0 0 0 0 ]
d13=6.314213716547 eijMax=3.934E-03 rmsd=2.537E+00 s=[ 0 0 0 0 0 0 0 1 1 0 0 0 1 1 0 1 0 1 1 1 1 1 1 1 ]
d13=6.314213716547 eijMax=3.934E-03 rmsd=2.537E+00 s=[ 0 0 0 1 1 1 1 0 0 1 1 1 0 0 1 0 1 0 0 0 0 0 0 0 ]
d13=6.316657005295 eijMax=8.722E-03 rmsd=9.953E+00 s=[ 0 0 0 0 0 1 1 0 0 1 0 0 1 1 0 0 1 0 0 0 0 0 0 0 ]
d13=6.316657005295 eijMax=8.722E-03 rmsd=9.953E+00 s=[ 0 0 0 1 1 0 0 1 1 0 1 1 0 0 1 1 0 1 1 1 1 1 1 1 ]
d13=6.317878649670 eijMax=7.273E-03 rmsd=9.957E+00 s=[ 0 0 0 0 0 1 1 0 0 1 0 0 1 1 0 0 1 0 0 0 0 0 0 0 ]
d13=6.317878649670 eijMax=7.273E-03 rmsd=9.957E+00 s=[ 0 0 0 1 1 0 0 1 1 0 1 1 0 0 1 1 0 1 1 1 1 1 1 1 ]
d13=6.319100294044 eijMax=5.825E-03 rmsd=9.961E+00 s=[ 0 0 0 0 0 1 1 0 0 1 0 0 1 1 0 0 1 0 0 0 0 0 0 0 ]
d13=6.319100294044 eijMax=5.825E-03 rmsd=9.961E+00 s=[ 0 0 0 1 1 0 0 1 1 0 1 1 0 0 1 1 0 1 1 1 1 1 1 1 ]
d13=6.320321938418 eijMax=4.378E-03 rmsd=9.965E+00 s=[ 0 0 0 0 0 1 1 0 0 1 0 0 1 1 0 0 1 0 0 0 0 0 0 0 ]
d13=6.320321938418 eijMax=4.378E-03 rmsd=9.965E+00 s=[ 0 0 0 1 1 0 0 1 1 0 1 1 0 0 1 1 0 1 1 1 1 1 1 1 ]
d13=6.321543582793 eijMax=2.933E-03 rmsd=9.969E+00 s=[ 0 0 0 0 0 1 1 0 0 1 0 0 1 1 0 0 1 0 0 0 0 0 0 0 ]
d13=6.321543582793 eijMax=2.933E-03 rmsd=9.969E+00 s=[ 0 0 0 1 1 0 0 1 1 0 1 1 0 0 1 1 0 1 1 1 1 1 1 1 ]
d13=6.322765227167 eijMax=1.488E-03 rmsd=9.973E+00 s=[ 0 0 0 0 0 1 1 0 0 1 0 0 1 1 0 0 1 0 0 0 0 0 0 0 ]
d13=6.322765227167 eijMax=1.488E-03 rmsd=9.973E+00 s=[ 0 0 0 1 1 0 0 1 1 0 1 1 0 0 1 1 0 1 1 1 1 1 1 1 ]
d13=6.323986871542 eijMax=9.209E-03 rmsd=1.067E+01 s=[ 0 0 0 0 0 0 0 1 1 0 0 0 1 1 0 0 1 0 0 0 0 0 0 0 ]
d13=6.323986871542 eijMax=4.463E-05 rmsd=9.977E+00 s=[ 0 0 0 0 0 1 1 0 0 1 0 0 1 1 0 0 1 0 0 0 0 0 0 0 ]
d13=6.323986871542 eijMax=4.463E-05 rmsd=9.977E+00 s=[ 0 0 0 1 1 0 0 1 1 0 1 1 0 0 1 1 0 1 1 1 1 1 1 1 ]
d13=6.323986871542 eijMax=9.209E-03 rmsd=1.067E+01 s=[ 0 0 0 1 1 1 1 0 0 1 1 1 0 0 1 1 0 1 1 1 1 1 1 1 ]
d13=6.325208515916 eijMax=3.745E-03 rmsd=1.068E+01 s=[ 0 0 0 0 0 0 0 1 1 0 0 0 1 1 0 0 1 0 0 0 0 0 0 0 ]
d13=6.325208515916 eijMax=1.398E-03 rmsd=9.981E+00 s=[ 0 0 0 0 0 1 1 0 0 1 0 0 1 1 0 0 1 0 0 0 0 0 0 0 ]
d13=6.325208515916 eijMax=1.398E-03 rmsd=9.981E+00 s=[ 0 0 0 1 1 0 0 1 1 0 1 1 0 0 1 1 0 1 1 1 1 1 1 1 ]
d13=6.325208515916 eijMax=3.745E-03 rmsd=1.068E+01 s=[ 0 0 0 1 1 1 1 0 0 1 1 1 0 0 1 1 0 1 1 1 1 1 1 1 ]
d13=6.326430160290 eijMax=2.839E-03 rmsd=9.985E+00 s=[ 0 0 0 0 0 1 1 0 0 1 0 0 1 1 0 0 1 0 0 0 0 0 0 0 ]
d13=6.326430160290 eijMax=2.839E-03 rmsd=9.985E+00 s=[ 0 0 0 1 1 0 0 1 1 0 1 1 0 0 1 1 0 1 1 1 1 1 1 1 ]
d13=6.327651804665 eijMax=4.278E-03 rmsd=9.989E+00 s=[ 0 0 0 0 0 1 1 0 0 1 0 0 1 1 0 0 1 0 0 0 0 0 0 0 ]
d13=6.327651804665 eijMax=4.278E-03 rmsd=9.989E+00 s=[ 0 0 0 1 1 0 0 1 1 0 1 1 0 0 1 1 0 1 1 1 1 1 1 1 ]
d13=6.328873449039 eijMax=5.717E-03 rmsd=9.993E+00 s=[ 0 0 0 0 0 1 1 0 0 1 0 0 1 1 0 0 1 0 0 0 0 0 0 0 ]
d13=6.328873449039 eijMax=5.717E-03 rmsd=9.993E+00 s=[ 0 0 0 1 1 0 0 1 1 0 1 1 0 0 1 1 0 1 1 1 1 1 1 1 ]
d13=6.330095093413 eijMax=7.155E-03 rmsd=9.997E+00 s=[ 0 0 0 0 0 1 1 0 0 1 0 0 1 1 0 0 1 0 0 0 0 0 0 0 ]
d13=6.330095093413 eijMax=7.155E-03 rmsd=9.997E+00 s=[ 0 0 0 1 1 0 0 1 1 0 1 1 0 0 1 1 0 1 1 1 1 1 1 1 ]
d13=6.331316737788 eijMax=8.591E-03 rmsd=1.000E+01 s=[ 0 0 0 0 0 1 1 0 0 1 0 0 1 1 0 0 1 0 0 0 0 0 0 0 ]
d13=6.331316737788 eijMax=8.591E-03 rmsd=1.000E+01 s=[ 0 0 0 1 1 0 0 1 1 0 1 1 0 0 1 1 0 1 1 1 1 1 1 1 ]
d13=6.356971269650 eijMax=7.206E-03 rmsd=1.045E+01 s=[ 0 0 0 0 0 1 1 0 0 0 0 0 1 1 0 0 1 0 0 0 0 0 0 0 ]
d13=6.356971269650 eijMax=7.206E-03 rmsd=1.045E+01 s=[ 0 0 0 1 1 0 0 1 1 1 1 1 0 0 1 1 0 1 1 1 1 1 1 1 ]
d13=6.358192914024 eijMax=2.859E-03 rmsd=1.046E+01 s=[ 0 0 0 0 0 1 1 0 0 0 0 0 1 1 0 0 1 0 0 0 0 0 0 0 ]
d13=6.358192914024 eijMax=2.859E-03 rmsd=1.046E+01 s=[ 0 0 0 1 1 0 0 1 1 1 1 1 0 0 1 1 0 1 1 1 1 1 1 1 ]
d13=6.359414558398 eijMax=1.410E-03 rmsd=1.047E+01 s=[ 0 0 0 0 0 1 1 0 0 0 0 0 1 1 0 0 1 0 0 0 0 0 0 0 ]
d13=6.359414558398 eijMax=1.410E-03 rmsd=1.047E+01 s=[ 0 0 0 1 1 0 0 1 1 1 1 1 0 0 1 1 0 1 1 1 1 1 1 1 ]
d13=6.360636202773 eijMax=5.604E-03 rmsd=1.049E+01 s=[ 0 0 0 0 0 1 1 0 0 0 0 0 1 1 0 0 1 0 0 0 0 0 0 0 ]
d13=6.360636202773 eijMax=5.604E-03 rmsd=1.049E+01 s=[ 0 0 0 1 1 0 0 1 1 1 1 1 0 0 1 1 0 1 1 1 1 1 1 1 ]
d13=6.361857847147 eijMax=9.726E-03 rmsd=1.050E+01 s=[ 0 0 0 0 0 1 1 0 0 0 0 0 1 1 0 0 1 0 0 0 0 0 0 0 ]
d13=6.361857847147 eijMax=9.726E-03 rmsd=1.050E+01 s=[ 0 0 0 1 1 0 0 1 1 1 1 1 0 0 1 1 0 1 1 1 1 1 1 1 ]
d13=6.365522780270 eijMax=9.487E-03 rmsd=9.576E+00 s=[ 0 0 0 0 1 1 1 0 0 0 1 1 0 0 0 0 1 0 0 0 0 0 0 0 ]
d13=6.365522780270 eijMax=9.487E-03 rmsd=9.576E+00 s=[ 0 0 0 1 0 0 0 1 1 1 0 0 1 1 1 1 0 1 1 1 1 1 1 1 ]
d13=6.366744424645 eijMax=8.442E-03 rmsd=9.577E+00 s=[ 0 0 0 0 1 1 1 0 0 0 1 1 0 0 0 0 1 0 0 0 0 0 0 0 ]
d13=6.366744424645 eijMax=8.442E-03 rmsd=9.577E+00 s=[ 0 0 0 1 0 0 0 1 1 1 0 0 1 1 1 1 0 1 1 1 1 1 1 1 ]
d13=6.367966069019 eijMax=7.400E-03 rmsd=9.577E+00 s=[ 0 0 0 0 1 1 1 0 0 0 1 1 0 0 0 0 1 0 0 0 0 0 0 0 ]
d13=6.367966069019 eijMax=7.400E-03 rmsd=9.577E+00 s=[ 0 0 0 1 0 0 0 1 1 1 0 0 1 1 1 1 0 1 1 1 1 1 1 1 ]
d13=6.369187713393 eijMax=6.358E-03 rmsd=9.577E+00 s=[ 0 0 0 0 1 1 1 0 0 0 1 1 0 0 0 0 1 0 0 0 0 0 0 0 ]
d13=6.369187713393 eijMax=6.358E-03 rmsd=9.577E+00 s=[ 0 0 0 1 0 0 0 1 1 1 0 0 1 1 1 1 0 1 1 1 1 1 1 1 ]
d13=6.370409357768 eijMax=5.318E-03 rmsd=9.578E+00 s=[ 0 0 0 0 1 1 1 0 0 0 1 1 0 0 0 0 1 0 0 0 0 0 0 0 ]
d13=6.370409357768 eijMax=5.318E-03 rmsd=9.578E+00 s=[ 0 0 0 1 0 0 0 1 1 1 0 0 1 1 1 1 0 1 1 1 1 1 1 1 ]
d13=6.371631002142 eijMax=4.278E-03 rmsd=9.578E+00 s=[ 0 0 0 0 1 1 1 0 0 0 1 1 0 0 0 0 1 0 0 0 0 0 0 0 ]
d13=6.371631002142 eijMax=4.278E-03 rmsd=9.578E+00 s=[ 0 0 0 1 0 0 0 1 1 1 0 0 1 1 1 1 0 1 1 1 1 1 1 1 ]
d13=6.372852646517 eijMax=3.240E-03 rmsd=9.578E+00 s=[ 0 0 0 0 1 1 1 0 0 0 1 1 0 0 0 0 1 0 0 0 0 0 0 0 ]
d13=6.372852646517 eijMax=3.240E-03 rmsd=9.578E+00 s=[ 0 0 0 1 0 0 0 1 1 1 0 0 1 1 1 1 0 1 1 1 1 1 1 1 ]
d13=6.374074290891 eijMax=2.204E-03 rmsd=9.579E+00 s=[ 0 0 0 0 1 1 1 0 0 0 1 1 0 0 0 0 1 0 0 0 0 0 0 0 ]
d13=6.374074290891 eijMax=2.204E-03 rmsd=9.579E+00 s=[ 0 0 0 1 0 0 0 1 1 1 0 0 1 1 1 1 0 1 1 1 1 1 1 1 ]
d13=6.375295935265 eijMax=1.168E-03 rmsd=9.579E+00 s=[ 0 0 0 0 1 1 1 0 0 0 1 1 0 0 0 0 1 0 0 0 0 0 0 0 ]
d13=6.375295935265 eijMax=1.168E-03 rmsd=9.579E+00 s=[ 0 0 0 1 0 0 0 1 1 1 0 0 1 1 1 1 0 1 1 1 1 1 1 1 ]
d13=6.376517579640 eijMax=1.342E-04 rmsd=9.579E+00 s=[ 0 0 0 0 1 1 1 0 0 0 1 1 0 0 0 0 1 0 0 0 0 0 0 0 ]
d13=6.376517579640 eijMax=1.342E-04 rmsd=9.579E+00 s=[ 0 0 0 1 0 0 0 1 1 1 0 0 1 1 1 1 0 1 1 1 1 1 1 1 ]
d13=6.377739224014 eijMax=8.987E-04 rmsd=9.580E+00 s=[ 0 0 0 0 1 1 1 0 0 0 1 1 0 0 0 0 1 0 0 0 0 0 0 0 ]
d13=6.377739224014 eijMax=8.987E-04 rmsd=9.580E+00 s=[ 0 0 0 1 0 0 0 1 1 1 0 0 1 1 1 1 0 1 1 1 1 1 1 1 ]
d13=6.378960868388 eijMax=1.930E-03 rmsd=9.580E+00 s=[ 0 0 0 0 1 1 1 0 0 0 1 1 0 0 0 0 1 0 0 0 0 0 0 0 ]
d13=6.378960868388 eijMax=1.930E-03 rmsd=9.580E+00 s=[ 0 0 0 1 0 0 0 1 1 1 0 0 1 1 1 1 0 1 1 1 1 1 1 1 ]
d13=6.380182512763 eijMax=2.961E-03 rmsd=9.580E+00 s=[ 0 0 0 0 1 1 1 0 0 0 1 1 0 0 0 0 1 0 0 0 0 0 0 0 ]
d13=6.380182512763 eijMax=2.961E-03 rmsd=9.580E+00 s=[ 0 0 0 1 0 0 0 1 1 1 0 0 1 1 1 1 0 1 1 1 1 1 1 1 ]
d13=6.381404157137 eijMax=3.990E-03 rmsd=9.581E+00 s=[ 0 0 0 0 1 1 1 0 0 0 1 1 0 0 0 0 1 0 0 0 0 0 0 0 ]
d13=6.381404157137 eijMax=3.990E-03 rmsd=9.581E+00 s=[ 0 0 0 1 0 0 0 1 1 1 0 0 1 1 1 1 0 1 1 1 1 1 1 1 ]
d13=6.382625801512 eijMax=5.018E-03 rmsd=9.581E+00 s=[ 0 0 0 0 1 1 1 0 0 0 1 1 0 0 0 0 1 0 0 0 0 0 0 0 ]
d13=6.382625801512 eijMax=5.018E-03 rmsd=9.581E+00 s=[ 0 0 0 1 0 0 0 1 1 1 0 0 1 1 1 1 0 1 1 1 1 1 1 1 ]
d13=6.383847445886 eijMax=6.045E-03 rmsd=9.581E+00 s=[ 0 0 0 0 1 1 1 0 0 0 1 1 0 0 0 0 1 0 0 0 0 0 0 0 ]
d13=6.383847445886 eijMax=6.045E-03 rmsd=9.581E+00 s=[ 0 0 0 1 0 0 0 1 1 1 0 0 1 1 1 1 0 1 1 1 1 1 1 1 ]
d13=6.385069090260 eijMax=7.070E-03 rmsd=9.582E+00 s=[ 0 0 0 0 1 1 1 0 0 0 1 1 0 0 0 0 1 0 0 0 0 0 0 0 ]
d13=6.385069090260 eijMax=7.070E-03 rmsd=9.582E+00 s=[ 0 0 0 1 0 0 0 1 1 1 0 0 1 1 1 1 0 1 1 1 1 1 1 1 ]
d13=6.386290734635 eijMax=8.094E-03 rmsd=9.582E+00 s=[ 0 0 0 0 1 1 1 0 0 0 1 1 0 0 0 0 1 0 0 0 0 0 0 0 ]
d13=6.386290734635 eijMax=8.094E-03 rmsd=9.582E+00 s=[ 0 0 0 1 0 0 0 1 1 1 0 0 1 1 1 1 0 1 1 1 1 1 1 1 ]
d13=6.387512379009 eijMax=9.117E-03 rmsd=9.583E+00 s=[ 0 0 0 0 1 1 1 0 0 0 1 1 0 0 0 0 1 0 0 0 0 0 0 0 ]
d13=6.387512379009 eijMax=9.117E-03 rmsd=9.583E+00 s=[ 0 0 0 1 0 0 0 1 1 1 0 0 1 1 1 1 0 1 1 1 1 1 1 1 ]
d13=6.389955667758 eijMax=6.999E-03 rmsd=4.154E+00 s=[ 0 0 0 0 0 1 1 0 0 0 0 0 1 1 0 1 0 1 1 1 1 1 1 1 ]
d13=6.389955667758 eijMax=6.999E-03 rmsd=4.154E+00 s=[ 0 0 0 1 1 0 0 1 1 1 1 1 0 0 1 0 1 0 0 0 0 0 0 0 ]
d13=6.391177312132 eijMax=3.699E-03 rmsd=4.131E+00 s=[ 0 0 0 0 0 1 1 0 0 0 0 0 1 1 0 1 0 1 1 1 1 1 1 1 ]
d13=6.391177312132 eijMax=3.699E-03 rmsd=4.131E+00 s=[ 0 0 0 1 1 0 0 1 1 1 1 1 0 0 1 0 1 0 0 0 0 0 0 0 ]
d13=6.392398956507 eijMax=4.087E-04 rmsd=4.108E+00 s=[ 0 0 0 0 0 1 1 0 0 0 0 0 1 1 0 1 0 1 1 1 1 1 1 1 ]
d13=6.392398956507 eijMax=4.087E-04 rmsd=4.108E+00 s=[ 0 0 0 1 1 0 0 1 1 1 1 1 0 0 1 0 1 0 0 0 0 0 0 0 ]
d13=6.393620600881 eijMax=2.871E-03 rmsd=4.085E+00 s=[ 0 0 0 0 0 1 1 0 0 0 0 0 1 1 0 1 0 1 1 1 1 1 1 1 ]
d13=6.393620600881 eijMax=2.871E-03 rmsd=4.085E+00 s=[ 0 0 0 1 1 0 0 1 1 1 1 1 0 0 1 0 1 0 0 0 0 0 0 0 ]
d13=6.394842245255 eijMax=6.140E-03 rmsd=4.063E+00 s=[ 0 0 0 0 0 1 1 0 0 0 0 0 1 1 0 1 0 1 1 1 1 1 1 1 ]
d13=6.394842245255 eijMax=6.140E-03 rmsd=4.063E+00 s=[ 0 0 0 1 1 0 0 1 1 1 1 1 0 0 1 0 1 0 0 0 0 0 0 0 ]
d13=6.396063889630 eijMax=9.399E-03 rmsd=4.041E+00 s=[ 0 0 0 0 0 1 1 0 0 0 0 0 1 1 0 1 0 1 1 1 1 1 1 1 ]
d13=6.396063889630 eijMax=9.399E-03 rmsd=4.041E+00 s=[ 0 0 0 1 1 0 0 1 1 1 1 1 0 0 1 0 1 0 0 0 0 0 0 0 ]
d13=6.399728822753 eijMax=8.677E-03 rmsd=5.720E+00 s=[ 0 0 0 0 0 1 1 0 0 1 0 0 1 1 0 1 0 1 1 1 1 1 1 1 ]
d13=6.399728822753 eijMax=8.677E-03 rmsd=5.720E+00 s=[ 0 0 0 1 1 0 0 1 1 0 1 1 0 0 1 0 1 0 0 0 0 0 0 0 ]
d13=6.400950467127 eijMax=7.116E-03 rmsd=5.711E+00 s=[ 0 0 0 0 0 1 1 0 0 1 0 0 1 1 0 1 0 1 1 1 1 1 1 1 ]
d13=6.400950467127 eijMax=7.116E-03 rmsd=5.711E+00 s=[ 0 0 0 1 1 0 0 1 1 0 1 1 0 0 1 0 1 0 0 0 0 0 0 0 ]
d13=6.402172111502 eijMax=5.549E-03 rmsd=5.702E+00 s=[ 0 0 0 0 0 1 1 0 0 1 0 0 1 1 0 1 0 1 1 1 1 1 1 1 ]
d13=6.402172111502 eijMax=5.549E-03 rmsd=5.702E+00 s=[ 0 0 0 1 1 0 0 1 1 0 1 1 0 0 1 0 1 0 0 0 0 0 0 0 ]
d13=6.403393755876 eijMax=3.976E-03 rmsd=5.693E+00 s=[ 0 0 0 0 0 1 1 0 0 1 0 0 1 1 0 1 0 1 1 1 1 1 1 1 ]
d13=6.403393755876 eijMax=3.976E-03 rmsd=5.693E+00 s=[ 0 0 0 1 1 0 0 1 1 0 1 1 0 0 1 0 1 0 0 0 0 0 0 0 ]
d13=6.404615400250 eijMax=2.397E-03 rmsd=5.685E+00 s=[ 0 0 0 0 0 1 1 0 0 1 0 0 1 1 0 1 0 1 1 1 1 1 1 1 ]
d13=6.404615400250 eijMax=2.397E-03 rmsd=5.685E+00 s=[ 0 0 0 1 1 0 0 1 1 0 1 1 0 0 1 0 1 0 0 0 0 0 0 0 ]
d13=6.405837044625 eijMax=8.111E-04 rmsd=5.676E+00 s=[ 0 0 0 0 0 1 1 0 0 1 0 0 1 1 0 1 0 1 1 1 1 1 1 1 ]
d13=6.405837044625 eijMax=8.111E-04 rmsd=5.676E+00 s=[ 0 0 0 1 1 0 0 1 1 0 1 1 0 0 1 0 1 0 0 0 0 0 0 0 ]
d13=6.407058688999 eijMax=7.808E-04 rmsd=5.667E+00 s=[ 0 0 0 0 0 1 1 0 0 1 0 0 1 1 0 1 0 1 1 1 1 1 1 1 ]
d13=6.407058688999 eijMax=7.808E-04 rmsd=5.667E+00 s=[ 0 0 0 1 1 0 0 1 1 0 1 1 0 0 1 0 1 0 0 0 0 0 0 0 ]
d13=6.408280333373 eijMax=2.379E-03 rmsd=5.658E+00 s=[ 0 0 0 0 0 1 1 0 0 1 0 0 1 1 0 1 0 1 1 1 1 1 1 1 ]
d13=6.408280333373 eijMax=2.379E-03 rmsd=5.658E+00 s=[ 0 0 0 1 1 0 0 1 1 0 1 1 0 0 1 0 1 0 0 0 0 0 0 0 ]
d13=6.409501977748 eijMax=3.984E-03 rmsd=5.649E+00 s=[ 0 0 0 0 0 1 1 0 0 1 0 0 1 1 0 1 0 1 1 1 1 1 1 1 ]
d13=6.409501977748 eijMax=3.984E-03 rmsd=5.649E+00 s=[ 0 0 0 1 1 0 0 1 1 0 1 1 0 0 1 0 1 0 0 0 0 0 0 0 ]
d13=6.410723622122 eijMax=5.594E-03 rmsd=5.640E+00 s=[ 0 0 0 0 0 1 1 0 0 1 0 0 1 1 0 1 0 1 1 1 1 1 1 1 ]
d13=6.410723622122 eijMax=5.594E-03 rmsd=5.640E+00 s=[ 0 0 0 1 1 0 0 1 1 0 1 1 0 0 1 0 1 0 0 0 0 0 0 0 ]
d13=6.411945266496 eijMax=7.212E-03 rmsd=5.631E+00 s=[ 0 0 0 0 0 1 1 0 0 1 0 0 1 1 0 1 0 1 1 1 1 1 1 1 ]
d13=6.411945266496 eijMax=7.212E-03 rmsd=5.631E+00 s=[ 0 0 0 1 1 0 0 1 1 0 1 1 0 0 1 0 1 0 0 0 0 0 0 0 ]
d13=6.413166910871 eijMax=8.835E-03 rmsd=5.622E+00 s=[ 0 0 0 0 0 1 1 0 0 1 0 0 1 1 0 1 0 1 1 1 1 1 1 1 ]
d13=6.413166910871 eijMax=8.835E-03 rmsd=5.622E+00 s=[ 0 0 0 1 1 0 0 1 1 0 1 1 0 0 1 0 1 0 0 0 0 0 0 0 ]
d13=6.415610199620 eijMax=8.972E-03 rmsd=9.251E+00 s=[ 0 0 0 0 1 0 0 1 1 1 0 0 1 1 0 0 1 0 0 0 0 0 0 0 ]
d13=6.415610199620 eijMax=8.972E-03 rmsd=9.251E+00 s=[ 0 0 0 1 0 1 1 0 0 0 1 1 0 0 1 1 0 1 1 1 1 1 1 1 ]
d13=6.416831843994 eijMax=7.929E-03 rmsd=9.252E+00 s=[ 0 0 0 0 1 0 0 1 1 1 0 0 1 1 0 0 1 0 0 0 0 0 0 0 ]
d13=6.416831843994 eijMax=7.929E-03 rmsd=9.252E+00 s=[ 0 0 0 1 0 1 1 0 0 0 1 1 0 0 1 1 0 1 1 1 1 1 1 1 ]
d13=6.418053488368 eijMax=6.886E-03 rmsd=9.252E+00 s=[ 0 0 0 0 1 0 0 1 1 1 0 0 1 1 0 0 1 0 0 0 0 0 0 0 ]
d13=6.418053488368 eijMax=6.886E-03 rmsd=9.252E+00 s=[ 0 0 0 1 0 1 1 0 0 0 1 1 0 0 1 1 0 1 1 1 1 1 1 1 ]
d13=6.419275132743 eijMax=5.845E-03 rmsd=9.252E+00 s=[ 0 0 0 0 1 0 0 1 1 1 0 0 1 1 0 0 1 0 0 0 0 0 0 0 ]
d13=6.419275132743 eijMax=5.845E-03 rmsd=9.252E+00 s=[ 0 0 0 1 0 1 1 0 0 0 1 1 0 0 1 1 0 1 1 1 1 1 1 1 ]
d13=6.420496777117 eijMax=4.805E-03 rmsd=9.253E+00 s=[ 0 0 0 0 1 0 0 1 1 1 0 0 1 1 0 0 1 0 0 0 0 0 0 0 ]
d13=6.420496777117 eijMax=4.805E-03 rmsd=9.253E+00 s=[ 0 0 0 1 0 1 1 0 0 0 1 1 0 0 1 1 0 1 1 1 1 1 1 1 ]
d13=6.421718421491 eijMax=3.765E-03 rmsd=9.253E+00 s=[ 0 0 0 0 1 0 0 1 1 1 0 0 1 1 0 0 1 0 0 0 0 0 0 0 ]
d13=6.421718421491 eijMax=3.765E-03 rmsd=9.253E+00 s=[ 0 0 0 1 0 1 1 0 0 0 1 1 0 0 1 1 0 1 1 1 1 1 1 1 ]
d13=6.422940065866 eijMax=2.727E-03 rmsd=9.253E+00 s=[ 0 0 0 0 1 0 0 1 1 1 0 0 1 1 0 0 1 0 0 0 0 0 0 0 ]
d13=6.422940065866 eijMax=2.727E-03 rmsd=9.253E+00 s=[ 0 0 0 1 0 1 1 0 0 0 1 1 0 0 1 1 0 1 1 1 1 1 1 1 ]
d13=6.424161710240 eijMax=1.689E-03 rmsd=9.254E+00 s=[ 0 0 0 0 1 0 0 1 1 1 0 0 1 1 0 0 1 0 0 0 0 0 0 0 ]
d13=6.424161710240 eijMax=1.689E-03 rmsd=9.254E+00 s=[ 0 0 0 1 0 1 1 0 0 0 1 1 0 0 1 1 0 1 1 1 1 1 1 1 ]
d13=6.425383354615 eijMax=6.528E-04 rmsd=9.254E+00 s=[ 0 0 0 0 1 0 0 1 1 1 0 0 1 1 0 0 1 0 0 0 0 0 0 0 ]
d13=6.425383354615 eijMax=6.528E-04 rmsd=9.254E+00 s=[ 0 0 0 1 0 1 1 0 0 0 1 1 0 0 1 1 0 1 1 1 1 1 1 1 ]
d13=6.426604998989 eijMax=3.828E-04 rmsd=9.254E+00 s=[ 0 0 0 0 1 0 0 1 1 1 0 0 1 1 0 0 1 0 0 0 0 0 0 0 ]
d13=6.426604998989 eijMax=3.828E-04 rmsd=9.254E+00 s=[ 0 0 0 1 0 1 1 0 0 0 1 1 0 0 1 1 0 1 1 1 1 1 1 1 ]
d13=6.427826643363 eijMax=1.417E-03 rmsd=9.255E+00 s=[ 0 0 0 0 1 0 0 1 1 1 0 0 1 1 0 0 1 0 0 0 0 0 0 0 ]
d13=6.427826643363 eijMax=1.417E-03 rmsd=9.255E+00 s=[ 0 0 0 1 0 1 1 0 0 0 1 1 0 0 1 1 0 1 1 1 1 1 1 1 ]
d13=6.429048287738 eijMax=2.451E-03 rmsd=9.255E+00 s=[ 0 0 0 0 1 0 0 1 1 1 0 0 1 1 0 0 1 0 0 0 0 0 0 0 ]
d13=6.429048287738 eijMax=2.451E-03 rmsd=9.255E+00 s=[ 0 0 0 1 0 1 1 0 0 0 1 1 0 0 1 1 0 1 1 1 1 1 1 1 ]
d13=6.430269932112 eijMax=3.483E-03 rmsd=9.255E+00 s=[ 0 0 0 0 1 0 0 1 1 1 0 0 1 1 0 0 1 0 0 0 0 0 0 0 ]
d13=6.430269932112 eijMax=3.483E-03 rmsd=9.255E+00 s=[ 0 0 0 1 0 1 1 0 0 0 1 1 0 0 1 1 0 1 1 1 1 1 1 1 ]
d13=6.431491576486 eijMax=4.515E-03 rmsd=9.256E+00 s=[ 0 0 0 0 1 0 0 1 1 1 0 0 1 1 0 0 1 0 0 0 0 0 0 0 ]
d13=6.431491576486 eijMax=4.515E-03 rmsd=9.256E+00 s=[ 0 0 0 1 0 1 1 0 0 0 1 1 0 0 1 1 0 1 1 1 1 1 1 1 ]
d13=6.432713220861 eijMax=5.545E-03 rmsd=9.256E+00 s=[ 0 0 0 0 1 0 0 1 1 1 0 0 1 1 0 0 1 0 0 0 0 0 0 0 ]
d13=6.432713220861 eijMax=5.545E-03 rmsd=9.256E+00 s=[ 0 0 0 1 0 1 1 0 0 0 1 1 0 0 1 1 0 1 1 1 1 1 1 1 ]
d13=6.433934865235 eijMax=6.575E-03 rmsd=9.256E+00 s=[ 0 0 0 0 1 0 0 1 1 1 0 0 1 1 0 0 1 0 0 0 0 0 0 0 ]
d13=6.433934865235 eijMax=6.575E-03 rmsd=9.256E+00 s=[ 0 0 0 1 0 1 1 0 0 0 1 1 0 0 1 1 0 1 1 1 1 1 1 1 ]
d13=6.435156509610 eijMax=7.604E-03 rmsd=9.257E+00 s=[ 0 0 0 0 1 0 0 1 1 1 0 0 1 1 0 0 1 0 0 0 0 0 0 0 ]
d13=6.435156509610 eijMax=7.604E-03 rmsd=9.257E+00 s=[ 0 0 0 1 0 1 1 0 0 0 1 1 0 0 1 1 0 1 1 1 1 1 1 1 ]
d13=6.436378153984 eijMax=8.631E-03 rmsd=9.257E+00 s=[ 0 0 0 0 1 0 0 1 1 1 0 0 1 1 0 0 1 0 0 0 0 0 0 0 ]
d13=6.436378153984 eijMax=8.631E-03 rmsd=9.257E+00 s=[ 0 0 0 1 0 1 1 0 0 0 1 1 0 0 1 1 0 1 1 1 1 1 1 1 ]
d13=6.437599798358 eijMax=9.658E-03 rmsd=9.257E+00 s=[ 0 0 0 0 1 0 0 1 1 1 0 0 1 1 0 0 1 0 0 0 0 0 0 0 ]
d13=6.437599798358 eijMax=9.658E-03 rmsd=9.257E+00 s=[ 0 0 0 1 0 1 1 0 0 0 1 1 0 0 1 1 0 1 1 1 1 1 1 1 ]
d13=6.484022284585 eijMax=9.725E-03 rmsd=8.256E+00 s=[ 0 0 0 0 1 1 1 0 0 0 1 1 0 0 0 1 0 1 1 1 1 1 1 1 ]
d13=6.484022284585 eijMax=9.725E-03 rmsd=8.256E+00 s=[ 0 0 0 1 0 0 0 1 1 1 0 0 1 1 1 0 1 0 0 0 0 0 0 0 ]
d13=6.485243928959 eijMax=8.667E-03 rmsd=8.256E+00 s=[ 0 0 0 0 1 1 1 0 0 0 1 1 0 0 0 1 0 1 1 1 1 1 1 1 ]
d13=6.485243928959 eijMax=8.667E-03 rmsd=8.256E+00 s=[ 0 0 0 1 0 0 0 1 1 1 0 0 1 1 1 0 1 0 0 0 0 0 0 0 ]
d13=6.486465573333 eijMax=7.608E-03 rmsd=8.256E+00 s=[ 0 0 0 0 1 1 1 0 0 0 1 1 0 0 0 1 0 1 1 1 1 1 1 1 ]
d13=6.486465573333 eijMax=7.608E-03 rmsd=8.256E+00 s=[ 0 0 0 1 0 0 0 1 1 1 0 0 1 1 1 0 1 0 0 0 0 0 0 0 ]
d13=6.487687217708 eijMax=6.546E-03 rmsd=8.257E+00 s=[ 0 0 0 0 1 1 1 0 0 0 1 1 0 0 0 1 0 1 1 1 1 1 1 1 ]
d13=6.487687217708 eijMax=6.546E-03 rmsd=8.257E+00 s=[ 0 0 0 1 0 0 0 1 1 1 0 0 1 1 1 0 1 0 0 0 0 0 0 0 ]
d13=6.488908862082 eijMax=5.481E-03 rmsd=8.257E+00 s=[ 0 0 0 0 1 1 1 0 0 0 1 1 0 0 0 1 0 1 1 1 1 1 1 1 ]
d13=6.488908862082 eijMax=5.481E-03 rmsd=8.257E+00 s=[ 0 0 0 1 0 0 0 1 1 1 0 0 1 1 1 0 1 0 0 0 0 0 0 0 ]
d13=6.490130506456 eijMax=4.415E-03 rmsd=8.257E+00 s=[ 0 0 0 0 1 1 1 0 0 0 1 1 0 0 0 1 0 1 1 1 1 1 1 1 ]
d13=6.490130506456 eijMax=4.415E-03 rmsd=8.257E+00 s=[ 0 0 0 1 0 0 0 1 1 1 0 0 1 1 1 0 1 0 0 0 0 0 0 0 ]
d13=6.491352150831 eijMax=3.346E-03 rmsd=8.257E+00 s=[ 0 0 0 0 1 1 1 0 0 0 1 1 0 0 0 1 0 1 1 1 1 1 1 1 ]
d13=6.491352150831 eijMax=3.346E-03 rmsd=8.257E+00 s=[ 0 0 0 1 0 0 0 1 1 1 0 0 1 1 1 0 1 0 0 0 0 0 0 0 ]
d13=6.492573795205 eijMax=2.275E-03 rmsd=8.257E+00 s=[ 0 0 0 0 1 1 1 0 0 0 1 1 0 0 0 1 0 1 1 1 1 1 1 1 ]
d13=6.492573795205 eijMax=2.275E-03 rmsd=8.257E+00 s=[ 0 0 0 1 0 0 0 1 1 1 0 0 1 1 1 0 1 0 0 0 0 0 0 0 ]
d13=6.493795439580 eijMax=1.201E-03 rmsd=8.258E+00 s=[ 0 0 0 0 1 1 1 0 0 0 1 1 0 0 0 1 0 1 1 1 1 1 1 1 ]
d13=6.493795439580 eijMax=1.201E-03 rmsd=8.258E+00 s=[ 0 0 0 1 0 0 0 1 1 1 0 0 1 1 1 0 1 0 0 0 0 0 0 0 ]
d13=6.495017083954 eijMax=1.254E-04 rmsd=8.258E+00 s=[ 0 0 0 0 1 1 1 0 0 0 1 1 0 0 0 1 0 1 1 1 1 1 1 1 ]
d13=6.495017083954 eijMax=1.254E-04 rmsd=8.258E+00 s=[ 0 0 0 1 0 0 0 1 1 1 0 0 1 1 1 0 1 0 0 0 0 0 0 0 ]
d13=6.496238728328 eijMax=9.527E-04 rmsd=8.258E+00 s=[ 0 0 0 0 1 1 1 0 0 0 1 1 0 0 0 1 0 1 1 1 1 1 1 1 ]
d13=6.496238728328 eijMax=9.527E-04 rmsd=8.258E+00 s=[ 0 0 0 1 0 0 0 1 1 1 0 0 1 1 1 0 1 0 0 0 0 0 0 0 ]
d13=6.497460372703 eijMax=2.033E-03 rmsd=8.258E+00 s=[ 0 0 0 0 1 1 1 0 0 0 1 1 0 0 0 1 0 1 1 1 1 1 1 1 ]
d13=6.497460372703 eijMax=2.033E-03 rmsd=8.258E+00 s=[ 0 0 0 1 0 0 0 1 1 1 0 0 1 1 1 0 1 0 0 0 0 0 0 0 ]
d13=6.498682017077 eijMax=3.116E-03 rmsd=8.259E+00 s=[ 0 0 0 0 1 1 1 0 0 0 1 1 0 0 0 1 0 1 1 1 1 1 1 1 ]
d13=6.498682017077 eijMax=3.116E-03 rmsd=8.259E+00 s=[ 0 0 0 1 0 0 0 1 1 1 0 0 1 1 1 0 1 0 0 0 0 0 0 0 ]
d13=6.499903661451 eijMax=4.201E-03 rmsd=8.259E+00 s=[ 0 0 0 0 1 1 1 0 0 0 1 1 0 0 0 1 0 1 1 1 1 1 1 1 ]
d13=6.499903661451 eijMax=4.201E-03 rmsd=8.259E+00 s=[ 0 0 0 1 0 0 0 1 1 1 0 0 1 1 1 0 1 0 0 0 0 0 0 0 ]
d13=6.501125305826 eijMax=5.288E-03 rmsd=8.259E+00 s=[ 0 0 0 0 1 1 1 0 0 0 1 1 0 0 0 1 0 1 1 1 1 1 1 1 ]
d13=6.501125305826 eijMax=5.288E-03 rmsd=8.259E+00 s=[ 0 0 0 1 0 0 0 1 1 1 0 0 1 1 1 0 1 0 0 0 0 0 0 0 ]
d13=6.502346950200 eijMax=6.378E-03 rmsd=8.259E+00 s=[ 0 0 0 0 1 1 1 0 0 0 1 1 0 0 0 1 0 1 1 1 1 1 1 1 ]
d13=6.502346950200 eijMax=6.378E-03 rmsd=8.259E+00 s=[ 0 0 0 1 0 0 0 1 1 1 0 0 1 1 1 0 1 0 0 0 0 0 0 0 ]
d13=6.503568594575 eijMax=7.470E-03 rmsd=8.260E+00 s=[ 0 0 0 0 1 1 1 0 0 0 1 1 0 0 0 1 0 1 1 1 1 1 1 1 ]
d13=6.503568594575 eijMax=7.470E-03 rmsd=8.260E+00 s=[ 0 0 0 1 0 0 0 1 1 1 0 0 1 1 1 0 1 0 0 0 0 0 0 0 ]
d13=6.504790238949 eijMax=8.564E-03 rmsd=8.260E+00 s=[ 0 0 0 0 1 1 1 0 0 0 1 1 0 0 0 1 0 1 1 1 1 1 1 1 ]
d13=6.504790238949 eijMax=8.564E-03 rmsd=8.260E+00 s=[ 0 0 0 1 0 0 0 1 1 1 0 0 1 1 1 0 1 0 0 0 0 0 0 0 ]
d13=6.506011883323 eijMax=9.661E-03 rmsd=8.260E+00 s=[ 0 0 0 0 1 1 1 0 0 0 1 1 0 0 0 1 0 1 1 1 1 1 1 1 ]
d13=6.506011883323 eijMax=9.661E-03 rmsd=8.260E+00 s=[ 0 0 0 1 0 0 0 1 1 1 0 0 1 1 1 0 1 0 0 0 0 0 0 0 ]
d13=6.532888059560 eijMax=8.999E-03 rmsd=8.742E+00 s=[ 0 0 0 0 1 0 0 1 1 1 0 0 1 1 0 1 0 1 1 1 1 1 1 1 ]
d13=6.532888059560 eijMax=8.999E-03 rmsd=8.742E+00 s=[ 0 0 0 1 0 1 1 0 0 0 1 1 0 0 1 0 1 0 0 0 0 0 0 0 ]
d13=6.534109703934 eijMax=7.912E-03 rmsd=8.741E+00 s=[ 0 0 0 0 1 0 0 1 1 1 0 0 1 1 0 1 0 1 1 1 1 1 1 1 ]
d13=6.534109703934 eijMax=7.912E-03 rmsd=8.741E+00 s=[ 0 0 0 1 0 1 1 0 0 0 1 1 0 0 1 0 1 0 0 0 0 0 0 0 ]
d13=6.535331348308 eijMax=6.823E-03 rmsd=8.741E+00 s=[ 0 0 0 0 1 0 0 1 1 1 0 0 1 1 0 1 0 1 1 1 1 1 1 1 ]
d13=6.535331348308 eijMax=6.823E-03 rmsd=8.741E+00 s=[ 0 0 0 1 0 1 1 0 0 0 1 1 0 0 1 0 1 0 0 0 0 0 0 0 ]
d13=6.536552992683 eijMax=5.731E-03 rmsd=8.740E+00 s=[ 0 0 0 0 1 0 0 1 1 1 0 0 1 1 0 1 0 1 1 1 1 1 1 1 ]
d13=6.536552992683 eijMax=5.731E-03 rmsd=8.740E+00 s=[ 0 0 0 1 0 1 1 0 0 0 1 1 0 0 1 0 1 0 0 0 0 0 0 0 ]
d13=6.537774637057 eijMax=4.636E-03 rmsd=8.739E+00 s=[ 0 0 0 0 1 0 0 1 1 1 0 0 1 1 0 1 0 1 1 1 1 1 1 1 ]
d13=6.537774637057 eijMax=4.636E-03 rmsd=8.739E+00 s=[ 0 0 0 1 0 1 1 0 0 0 1 1 0 0 1 0 1 0 0 0 0 0 0 0 ]
d13=6.538996281431 eijMax=3.539E-03 rmsd=8.739E+00 s=[ 0 0 0 0 1 0 0 1 1 1 0 0 1 1 0 1 0 1 1 1 1 1 1 1 ]
d13=6.538996281431 eijMax=3.539E-03 rmsd=8.739E+00 s=[ 0 0 0 1 0 1 1 0 0 0 1 1 0 0 1 0 1 0 0 0 0 0 0 0 ]
d13=6.540217925806 eijMax=2.438E-03 rmsd=8.738E+00 s=[ 0 0 0 0 1 0 0 1 1 1 0 0 1 1 0 1 0 1 1 1 1 1 1 1 ]
d13=6.540217925806 eijMax=2.438E-03 rmsd=8.738E+00 s=[ 0 0 0 1 0 1 1 0 0 0 1 1 0 0 1 0 1 0 0 0 0 0 0 0 ]
d13=6.541439570180 eijMax=1.335E-03 rmsd=8.738E+00 s=[ 0 0 0 0 1 0 0 1 1 1 0 0 1 1 0 1 0 1 1 1 1 1 1 1 ]
d13=6.541439570180 eijMax=1.335E-03 rmsd=8.738E+00 s=[ 0 0 0 1 0 1 1 0 0 0 1 1 0 0 1 0 1 0 0 0 0 0 0 0 ]
d13=6.542661214555 eijMax=2.296E-04 rmsd=8.737E+00 s=[ 0 0 0 0 1 0 0 1 1 1 0 0 1 1 0 1 0 1 1 1 1 1 1 1 ]
d13=6.542661214555 eijMax=2.296E-04 rmsd=8.737E+00 s=[ 0 0 0 1 0 1 1 0 0 0 1 1 0 0 1 0 1 0 0 0 0 0 0 0 ]
d13=6.543882858929 eijMax=8.789E-04 rmsd=8.736E+00 s=[ 0 0 0 0 1 0 0 1 1 1 0 0 1 1 0 1 0 1 1 1 1 1 1 1 ]
d13=6.543882858929 eijMax=8.789E-04 rmsd=8.736E+00 s=[ 0 0 0 1 0 1 1 0 0 0 1 1 0 0 1 0 1 0 0 0 0 0 0 0 ]
d13=6.545104503303 eijMax=1.990E-03 rmsd=8.736E+00 s=[ 0 0 0 0 1 0 0 1 1 1 0 0 1 1 0 1 0 1 1 1 1 1 1 1 ]
d13=6.545104503303 eijMax=1.990E-03 rmsd=8.736E+00 s=[ 0 0 0 1 0 1 1 0 0 0 1 1 0 0 1 0 1 0 0 0 0 0 0 0 ]
d13=6.546326147678 eijMax=3.104E-03 rmsd=8.735E+00 s=[ 0 0 0 0 1 0 0 1 1 1 0 0 1 1 0 1 0 1 1 1 1 1 1 1 ]
d13=6.546326147678 eijMax=3.104E-03 rmsd=8.735E+00 s=[ 0 0 0 1 0 1 1 0 0 0 1 1 0 0 1 0 1 0 0 0 0 0 0 0 ]
d13=6.547547792052 eijMax=4.221E-03 rmsd=8.735E+00 s=[ 0 0 0 0 1 0 0 1 1 1 0 0 1 1 0 1 0 1 1 1 1 1 1 1 ]
d13=6.547547792052 eijMax=4.221E-03 rmsd=8.735E+00 s=[ 0 0 0 1 0 1 1 0 0 0 1 1 0 0 1 0 1 0 0 0 0 0 0 0 ]
d13=6.548769436426 eijMax=5.341E-03 rmsd=8.734E+00 s=[ 0 0 0 0 1 0 0 1 1 1 0 0 1 1 0 1 0 1 1 1 1 1 1 1 ]
d13=6.548769436426 eijMax=5.341E-03 rmsd=8.734E+00 s=[ 0 0 0 1 0 1 1 0 0 0 1 1 0 0 1 0 1 0 0 0 0 0 0 0 ]
d13=6.549991080801 eijMax=6.463E-03 rmsd=8.734E+00 s=[ 0 0 0 0 1 0 0 1 1 1 0 0 1 1 0 1 0 1 1 1 1 1 1 1 ]
d13=6.549991080801 eijMax=6.463E-03 rmsd=8.734E+00 s=[ 0 0 0 1 0 1 1 0 0 0 1 1 0 0 1 0 1 0 0 0 0 0 0 0 ]
d13=6.551212725175 eijMax=7.588E-03 rmsd=8.733E+00 s=[ 0 0 0 0 1 0 0 1 1 1 0 0 1 1 0 1 0 1 1 1 1 1 1 1 ]
d13=6.551212725175 eijMax=7.588E-03 rmsd=8.733E+00 s=[ 0 0 0 1 0 1 1 0 0 0 1 1 0 0 1 0 1 0 0 0 0 0 0 0 ]
d13=6.552434369550 eijMax=8.717E-03 rmsd=8.732E+00 s=[ 0 0 0 0 1 0 0 1 1 1 0 0 1 1 0 1 0 1 1 1 1 1 1 1 ]
d13=6.552434369550 eijMax=8.717E-03 rmsd=8.732E+00 s=[ 0 0 0 1 0 1 1 0 0 0 1 1 0 0 1 0 1 0 0 0 0 0 0 0 ]
d13=6.553656013924 eijMax=9.848E-03 rmsd=8.732E+00 s=[ 0 0 0 0 1 0 0 1 1 1 0 0 1 1 0 1 0 1 1 1 1 1 1 1 ]
d13=6.553656013924 eijMax=9.848E-03 rmsd=8.732E+00 s=[ 0 0 0 1 0 1 1 0 0 0 1 1 0 0 1 0 1 0 0 0 0 0 0 0 ]
d13=6.559764235796 eijMax=9.382E-03 rmsd=1.040E+01 s=[ 0 0 0 0 0 0 0 1 1 0 1 1 0 0 0 0 1 0 0 0 0 0 0 0 ]
d13=6.559764235796 eijMax=9.382E-03 rmsd=1.040E+01 s=[ 0 0 0 1 1 1 1 0 0 1 0 0 1 1 1 1 0 1 1 1 1 1 1 1 ]
d13=6.560985880170 eijMax=7.290E-03 rmsd=1.040E+01 s=[ 0 0 0 0 0 0 0 1 1 0 1 1 0 0 0 0 1 0 0 0 0 0 0 0 ]
d13=6.560985880170 eijMax=7.290E-03 rmsd=1.040E+01 s=[ 0 0 0 1 1 1 1 0 0 1 0 0 1 1 1 1 0 1 1 1 1 1 1 1 ]
d13=6.562207524545 eijMax=5.205E-03 rmsd=1.041E+01 s=[ 0 0 0 0 0 0 0 1 1 0 1 1 0 0 0 0 1 0 0 0 0 0 0 0 ]
d13=6.562207524545 eijMax=5.205E-03 rmsd=1.041E+01 s=[ 0 0 0 1 1 1 1 0 0 1 0 0 1 1 1 1 0 1 1 1 1 1 1 1 ]
d13=6.563429168919 eijMax=3.127E-03 rmsd=1.041E+01 s=[ 0 0 0 0 0 0 0 1 1 0 1 1 0 0 0 0 1 0 0 0 0 0 0 0 ]
d13=6.563429168919 eijMax=3.127E-03 rmsd=1.041E+01 s=[ 0 0 0 1 1 1 1 0 0 1 0 0 1 1 1 1 0 1 1 1 1 1 1 1 ]
d13=6.564650813293 eijMax=1.055E-03 rmsd=1.041E+01 s=[ 0 0 0 0 0 0 0 1 1 0 1 1 0 0 0 0 1 0 0 0 0 0 0 0 ]
d13=6.564650813293 eijMax=1.055E-03 rmsd=1.041E+01 s=[ 0 0 0 1 1 1 1 0 0 1 0 0 1 1 1 1 0 1 1 1 1 1 1 1 ]
d13=6.565872457668 eijMax=1.010E-03 rmsd=1.042E+01 s=[ 0 0 0 0 0 0 0 1 1 0 1 1 0 0 0 0 1 0 0 0 0 0 0 0 ]
d13=6.565872457668 eijMax=9.572E-03 rmsd=9.052E+00 s=[ 0 0 0 0 1 0 0 1 1 0 1 1 0 0 0 0 1 0 0 0 0 0 0 0 ]
d13=6.565872457668 eijMax=9.572E-03 rmsd=9.052E+00 s=[ 0 0 0 1 0 1 1 0 0 1 0 0 1 1 1 1 0 1 1 1 1 1 1 1 ]
d13=6.565872457668 eijMax=1.010E-03 rmsd=1.042E+01 s=[ 0 0 0 1 1 1 1 0 0 1 0 0 1 1 1 1 0 1 1 1 1 1 1 1 ]
d13=6.567094102042 eijMax=3.067E-03 rmsd=1.042E+01 s=[ 0 0 0 0 0 0 0 1 1 0 1 1 0 0 0 0 1 0 0 0 0 0 0 0 ]
d13=6.567094102042 eijMax=8.509E-03 rmsd=9.052E+00 s=[ 0 0 0 0 1 0 0 1 1 0 1 1 0 0 0 0 1 0 0 0 0 0 0 0 ]
d13=6.567094102042 eijMax=8.509E-03 rmsd=9.052E+00 s=[ 0 0 0 1 0 1 1 0 0 1 0 0 1 1 1 1 0 1 1 1 1 1 1 1 ]
d13=6.567094102042 eijMax=3.067E-03 rmsd=1.042E+01 s=[ 0 0 0 1 1 1 1 0 0 1 0 0 1 1 1 1 0 1 1 1 1 1 1 1 ]
d13=6.568315746416 eijMax=5.118E-03 rmsd=1.042E+01 s=[ 0 0 0 0 0 0 0 1 1 0 1 1 0 0 0 0 1 0 0 0 0 0 0 0 ]
d13=6.568315746416 eijMax=7.445E-03 rmsd=9.052E+00 s=[ 0 0 0 0 1 0 0 1 1 0 1 1 0 0 0 0 1 0 0 0 0 0 0 0 ]
d13=6.568315746416 eijMax=7.445E-03 rmsd=9.052E+00 s=[ 0 0 0 1 0 1 1 0 0 1 0 0 1 1 1 1 0 1 1 1 1 1 1 1 ]
d13=6.568315746416 eijMax=5.118E-03 rmsd=1.042E+01 s=[ 0 0 0 1 1 1 1 0 0 1 0 0 1 1 1 1 0 1 1 1 1 1 1 1 ]
d13=6.569537390791 eijMax=7.162E-03 rmsd=1.043E+01 s=[ 0 0 0 0 0 0 0 1 1 0 1 1 0 0 0 0 1 0 0 0 0 0 0 0 ]
d13=6.569537390791 eijMax=6.382E-03 rmsd=9.052E+00 s=[ 0 0 0 0 1 0 0 1 1 0 1 1 0 0 0 0 1 0 0 0 0 0 0 0 ]
d13=6.569537390791 eijMax=6.382E-03 rmsd=9.052E+00 s=[ 0 0 0 1 0 1 1 0 0 1 0 0 1 1 1 1 0 1 1 1 1 1 1 1 ]
d13=6.569537390791 eijMax=7.162E-03 rmsd=1.043E+01 s=[ 0 0 0 1 1 1 1 0 0 1 0 0 1 1 1 1 0 1 1 1 1 1 1 1 ]
d13=6.570759035165 eijMax=9.199E-03 rmsd=1.043E+01 s=[ 0 0 0 0 0 0 0 1 1 0 1 1 0 0 0 0 1 0 0 0 0 0 0 0 ]
d13=6.570759035165 eijMax=5.320E-03 rmsd=9.051E+00 s=[ 0 0 0 0 1 0 0 1 1 0 1 1 0 0 0 0 1 0 0 0 0 0 0 0 ]
d13=6.570759035165 eijMax=5.320E-03 rmsd=9.051E+00 s=[ 0 0 0 1 0 1 1 0 0 1 0 0 1 1 1 1 0 1 1 1 1 1 1 1 ]
d13=6.570759035165 eijMax=9.199E-03 rmsd=1.043E+01 s=[ 0 0 0 1 1 1 1 0 0 1 0 0 1 1 1 1 0 1 1 1 1 1 1 1 ]
d13=6.571980679540 eijMax=4.258E-03 rmsd=9.051E+00 s=[ 0 0 0 0 1 0 0 1 1 0 1 1 0 0 0 0 1 0 0 0 0 0 0 0 ]
d13=6.571980679540 eijMax=4.258E-03 rmsd=9.051E+00 s=[ 0 0 0 1 0 1 1 0 0 1 0 0 1 1 1 1 0 1 1 1 1 1 1 1 ]
d13=6.573202323914 eijMax=3.196E-03 rmsd=9.051E+00 s=[ 0 0 0 0 1 0 0 1 1 0 1 1 0 0 0 0 1 0 0 0 0 0 0 0 ]
d13=6.573202323914 eijMax=3.196E-03 rmsd=9.051E+00 s=[ 0 0 0 1 0 1 1 0 0 1 0 0 1 1 1 1 0 1 1 1 1 1 1 1 ]
d13=6.574423968288 eijMax=2.134E-03 rmsd=9.051E+00 s=[ 0 0 0 0 1 0 0 1 1 0 1 1 0 0 0 0 1 0 0 0 0 0 0 0 ]
d13=6.574423968288 eijMax=2.134E-03 rmsd=9.051E+00 s=[ 0 0 0 1 0 1 1 0 0 1 0 0 1 1 1 1 0 1 1 1 1 1 1 1 ]
d13=6.575645612663 eijMax=1.073E-03 rmsd=9.051E+00 s=[ 0 0 0 0 1 0 0 1 1 0 1 1 0 0 0 0 1 0 0 0 0 0 0 0 ]
d13=6.575645612663 eijMax=1.073E-03 rmsd=9.051E+00 s=[ 0 0 0 1 0 1 1 0 0 1 0 0 1 1 1 1 0 1 1 1 1 1 1 1 ]
d13=6.576867257037 eijMax=1.267E-05 rmsd=9.051E+00 s=[ 0 0 0 0 1 0 0 1 1 0 1 1 0 0 0 0 1 0 0 0 0 0 0 0 ]
d13=6.576867257037 eijMax=1.267E-05 rmsd=9.051E+00 s=[ 0 0 0 1 0 1 1 0 0 1 0 0 1 1 1 1 0 1 1 1 1 1 1 1 ]
d13=6.578088901411 eijMax=1.048E-03 rmsd=9.051E+00 s=[ 0 0 0 0 1 0 0 1 1 0 1 1 0 0 0 0 1 0 0 0 0 0 0 0 ]
d13=6.578088901411 eijMax=1.048E-03 rmsd=9.051E+00 s=[ 0 0 0 1 0 1 1 0 0 1 0 0 1 1 1 1 0 1 1 1 1 1 1 1 ]
d13=6.579310545786 eijMax=2.107E-03 rmsd=9.051E+00 s=[ 0 0 0 0 1 0 0 1 1 0 1 1 0 0 0 0 1 0 0 0 0 0 0 0 ]
d13=6.579310545786 eijMax=2.107E-03 rmsd=9.051E+00 s=[ 0 0 0 1 0 1 1 0 0 1 0 0 1 1 1 1 0 1 1 1 1 1 1 1 ]
d13=6.580532190160 eijMax=3.167E-03 rmsd=9.051E+00 s=[ 0 0 0 0 1 0 0 1 1 0 1 1 0 0 0 0 1 0 0 0 0 0 0 0 ]
d13=6.580532190160 eijMax=3.167E-03 rmsd=9.051E+00 s=[ 0 0 0 1 0 1 1 0 0 1 0 0 1 1 1 1 0 1 1 1 1 1 1 1 ]
d13=6.581753834535 eijMax=4.226E-03 rmsd=9.051E+00 s=[ 0 0 0 0 1 0 0 1 1 0 1 1 0 0 0 0 1 0 0 0 0 0 0 0 ]
d13=6.581753834535 eijMax=4.226E-03 rmsd=9.051E+00 s=[ 0 0 0 1 0 1 1 0 0 1 0 0 1 1 1 1 0 1 1 1 1 1 1 1 ]
d13=6.582975478909 eijMax=5.285E-03 rmsd=9.051E+00 s=[ 0 0 0 0 1 0 0 1 1 0 1 1 0 0 0 0 1 0 0 0 0 0 0 0 ]
d13=6.582975478909 eijMax=5.285E-03 rmsd=9.051E+00 s=[ 0 0 0 1 0 1 1 0 0 1 0 0 1 1 1 1 0 1 1 1 1 1 1 1 ]
d13=6.584197123283 eijMax=6.343E-03 rmsd=9.051E+00 s=[ 0 0 0 0 1 0 0 1 1 0 1 1 0 0 0 0 1 0 0 0 0 0 0 0 ]
d13=6.584197123283 eijMax=6.343E-03 rmsd=9.051E+00 s=[ 0 0 0 1 0 1 1 0 0 1 0 0 1 1 1 1 0 1 1 1 1 1 1 1 ]
d13=6.585418767658 eijMax=7.401E-03 rmsd=9.051E+00 s=[ 0 0 0 0 1 0 0 1 1 0 1 1 0 0 0 0 1 0 0 0 0 0 0 0 ]
d13=6.585418767658 eijMax=7.401E-03 rmsd=9.051E+00 s=[ 0 0 0 1 0 1 1 0 0 1 0 0 1 1 1 1 0 1 1 1 1 1 1 1 ]
d13=6.586640412032 eijMax=8.459E-03 rmsd=9.051E+00 s=[ 0 0 0 0 1 0 0 1 1 0 1 1 0 0 0 0 1 0 0 0 0 0 0 0 ]
d13=6.586640412032 eijMax=8.459E-03 rmsd=9.051E+00 s=[ 0 0 0 1 0 1 1 0 0 1 0 0 1 1 1 1 0 1 1 1 1 1 1 1 ]
d13=6.587862056406 eijMax=9.516E-03 rmsd=9.051E+00 s=[ 0 0 0 0 1 0 0 1 1 0 1 1 0 0 0 0 1 0 0 0 0 0 0 0 ]
d13=6.587862056406 eijMax=9.516E-03 rmsd=9.051E+00 s=[ 0 0 0 1 0 1 1 0 0 1 0 0 1 1 1 1 0 1 1 1 1 1 1 1 ]
d13=6.620846454515 eijMax=8.750E-03 rmsd=6.160E+00 s=[ 0 0 0 0 0 0 0 1 1 0 1 1 0 0 0 1 0 1 1 1 1 1 1 1 ]
d13=6.620846454515 eijMax=8.750E-03 rmsd=6.160E+00 s=[ 0 0 0 1 1 1 1 0 0 1 0 0 1 1 1 0 1 0 0 0 0 0 0 0 ]
d13=6.622068098889 eijMax=6.734E-03 rmsd=6.158E+00 s=[ 0 0 0 0 0 0 0 1 1 0 1 1 0 0 0 1 0 1 1 1 1 1 1 1 ]
d13=6.622068098889 eijMax=6.734E-03 rmsd=6.158E+00 s=[ 0 0 0 1 1 1 1 0 0 1 0 0 1 1 1 0 1 0 0 0 0 0 0 0 ]
d13=6.623289743263 eijMax=4.712E-03 rmsd=6.155E+00 s=[ 0 0 0 0 0 0 0 1 1 0 1 1 0 0 0 1 0 1 1 1 1 1 1 1 ]
d13=6.623289743263 eijMax=4.712E-03 rmsd=6.155E+00 s=[ 0 0 0 1 1 1 1 0 0 1 0 0 1 1 1 0 1 0 0 0 0 0 0 0 ]
d13=6.624511387638 eijMax=2.684E-03 rmsd=6.153E+00 s=[ 0 0 0 0 0 0 0 1 1 0 1 1 0 0 0 1 0 1 1 1 1 1 1 1 ]
d13=6.624511387638 eijMax=2.684E-03 rmsd=6.153E+00 s=[ 0 0 0 1 1 1 1 0 0 1 0 0 1 1 1 0 1 0 0 0 0 0 0 0 ]
d13=6.625733032012 eijMax=6.505E-04 rmsd=6.151E+00 s=[ 0 0 0 0 0 0 0 1 1 0 1 1 0 0 0 1 0 1 1 1 1 1 1 1 ]
d13=6.625733032012 eijMax=6.505E-04 rmsd=6.151E+00 s=[ 0 0 0 1 1 1 1 0 0 1 0 0 1 1 1 0 1 0 0 0 0 0 0 0 ]
d13=6.626954676386 eijMax=1.389E-03 rmsd=6.150E+00 s=[ 0 0 0 0 0 0 0 1 1 0 1 1 0 0 0 1 0 1 1 1 1 1 1 1 ]
d13=6.626954676386 eijMax=1.389E-03 rmsd=6.150E+00 s=[ 0 0 0 1 1 1 1 0 0 1 0 0 1 1 1 0 1 0 0 0 0 0 0 0 ]
d13=6.628176320761 eijMax=3.433E-03 rmsd=6.148E+00 s=[ 0 0 0 0 0 0 0 1 1 0 1 1 0 0 0 1 0 1 1 1 1 1 1 1 ]
d13=6.628176320761 eijMax=3.433E-03 rmsd=6.148E+00 s=[ 0 0 0 1 1 1 1 0 0 1 0 0 1 1 1 0 1 0 0 0 0 0 0 0 ]
d13=6.629397965135 eijMax=5.484E-03 rmsd=6.146E+00 s=[ 0 0 0 0 0 0 0 1 1 0 1 1 0 0 0 1 0 1 1 1 1 1 1 1 ]
d13=6.629397965135 eijMax=5.484E-03 rmsd=6.146E+00 s=[ 0 0 0 1 1 1 1 0 0 1 0 0 1 1 1 0 1 0 0 0 0 0 0 0 ]
d13=6.630619609510 eijMax=7.540E-03 rmsd=6.144E+00 s=[ 0 0 0 0 0 0 0 1 1 0 1 1 0 0 0 1 0 1 1 1 1 1 1 1 ]
d13=6.630619609510 eijMax=7.540E-03 rmsd=6.144E+00 s=[ 0 0 0 1 1 1 1 0 0 1 0 0 1 1 1 0 1 0 0 0 0 0 0 0 ]
d13=6.631841253884 eijMax=9.602E-03 rmsd=6.143E+00 s=[ 0 0 0 0 0 0 0 1 1 0 1 1 0 0 0 1 0 1 1 1 1 1 1 1 ]
d13=6.631841253884 eijMax=9.602E-03 rmsd=6.143E+00 s=[ 0 0 0 1 1 1 1 0 0 1 0 0 1 1 1 0 1 0 0 0 0 0 0 0 ]
d13=6.662382363243 eijMax=9.429E-03 rmsd=4.892E+00 s=[ 0 0 0 0 0 1 1 0 0 1 1 1 0 0 0 1 0 1 1 1 1 1 1 1 ]
d13=6.662382363243 eijMax=9.429E-03 rmsd=4.892E+00 s=[ 0 0 0 1 1 0 0 1 1 0 0 0 1 1 1 0 1 0 0 0 0 0 0 0 ]
d13=6.663604007618 eijMax=6.690E-03 rmsd=5.019E+00 s=[ 0 0 0 0 0 1 1 0 0 1 1 1 0 0 0 1 0 1 1 1 1 1 1 1 ]
d13=6.663604007618 eijMax=6.690E-03 rmsd=5.019E+00 s=[ 0 0 0 1 1 0 0 1 1 0 0 0 1 1 1 0 1 0 0 0 0 0 0 0 ]
d13=6.669712229489 eijMax=7.801E-03 rmsd=1.070E+01 s=[ 0 0 0 0 0 1 1 0 0 1 1 1 0 0 0 0 1 0 0 0 0 0 0 0 ]
d13=6.669712229489 eijMax=7.801E-03 rmsd=1.070E+01 s=[ 0 0 0 1 1 0 0 1 1 0 0 0 1 1 1 1 0 1 1 1 1 1 1 1 ]
d13=6.678263740110 eijMax=8.949E-03 rmsd=9.388E+00 s=[ 0 0 0 0 1 0 0 1 1 0 1 1 0 0 0 1 0 1 1 1 1 1 1 1 ]
d13=6.678263740110 eijMax=8.949E-03 rmsd=9.388E+00 s=[ 0 0 0 1 0 1 1 0 0 1 0 0 1 1 1 0 1 0 0 0 0 0 0 0 ]
d13=6.679485384484 eijMax=7.767E-03 rmsd=9.388E+00 s=[ 0 0 0 0 1 0 0 1 1 0 1 1 0 0 0 1 0 1 1 1 1 1 1 1 ]
d13=6.679485384484 eijMax=7.767E-03 rmsd=9.388E+00 s=[ 0 0 0 1 0 1 1 0 0 1 0 0 1 1 1 0 1 0 0 0 0 0 0 0 ]
d13=6.680707028859 eijMax=6.582E-03 rmsd=9.387E+00 s=[ 0 0 0 0 1 0 0 1 1 0 1 1 0 0 0 1 0 1 1 1 1 1 1 1 ]
d13=6.680707028859 eijMax=6.582E-03 rmsd=9.387E+00 s=[ 0 0 0 1 0 1 1 0 0 1 0 0 1 1 1 0 1 0 0 0 0 0 0 0 ]
d13=6.681928673233 eijMax=5.392E-03 rmsd=9.387E+00 s=[ 0 0 0 0 1 0 0 1 1 0 1 1 0 0 0 1 0 1 1 1 1 1 1 1 ]
d13=6.681928673233 eijMax=5.392E-03 rmsd=9.387E+00 s=[ 0 0 0 1 0 1 1 0 0 1 0 0 1 1 1 0 1 0 0 0 0 0 0 0 ]
d13=6.683150317608 eijMax=4.197E-03 rmsd=9.387E+00 s=[ 0 0 0 0 1 0 0 1 1 0 1 1 0 0 0 1 0 1 1 1 1 1 1 1 ]
d13=6.683150317608 eijMax=4.197E-03 rmsd=9.387E+00 s=[ 0 0 0 1 0 1 1 0 0 1 0 0 1 1 1 0 1 0 0 0 0 0 0 0 ]
d13=6.684371961982 eijMax=2.999E-03 rmsd=9.387E+00 s=[ 0 0 0 0 1 0 0 1 1 0 1 1 0 0 0 1 0 1 1 1 1 1 1 1 ]
d13=6.684371961982 eijMax=2.999E-03 rmsd=9.387E+00 s=[ 0 0 0 1 0 1 1 0 0 1 0 0 1 1 1 0 1 0 0 0 0 0 0 0 ]
d13=6.685593606356 eijMax=1.796E-03 rmsd=9.387E+00 s=[ 0 0 0 0 1 0 0 1 1 0 1 1 0 0 0 1 0 1 1 1 1 1 1 1 ]
d13=6.685593606356 eijMax=1.796E-03 rmsd=9.387E+00 s=[ 0 0 0 1 0 1 1 0 0 1 0 0 1 1 1 0 1 0 0 0 0 0 0 0 ]
d13=6.686815250731 eijMax=5.890E-04 rmsd=9.386E+00 s=[ 0 0 0 0 1 0 0 1 1 0 1 1 0 0 0 1 0 1 1 1 1 1 1 1 ]
d13=6.686815250731 eijMax=5.890E-04 rmsd=9.386E+00 s=[ 0 0 0 1 0 1 1 0 0 1 0 0 1 1 1 0 1 0 0 0 0 0 0 0 ]
d13=6.688036895105 eijMax=6.225E-04 rmsd=9.386E+00 s=[ 0 0 0 0 1 0 0 1 1 0 1 1 0 0 0 1 0 1 1 1 1 1 1 1 ]
d13=6.688036895105 eijMax=6.225E-04 rmsd=9.386E+00 s=[ 0 0 0 1 0 1 1 0 0 1 0 0 1 1 1 0 1 0 0 0 0 0 0 0 ]
d13=6.689258539479 eijMax=1.838E-03 rmsd=9.386E+00 s=[ 0 0 0 0 1 0 0 1 1 0 1 1 0 0 0 1 0 1 1 1 1 1 1 1 ]
d13=6.689258539479 eijMax=1.838E-03 rmsd=9.386E+00 s=[ 0 0 0 1 0 1 1 0 0 1 0 0 1 1 1 0 1 0 0 0 0 0 0 0 ]
d13=6.690480183854 eijMax=3.059E-03 rmsd=9.386E+00 s=[ 0 0 0 0 1 0 0 1 1 0 1 1 0 0 0 1 0 1 1 1 1 1 1 1 ]
d13=6.690480183854 eijMax=3.059E-03 rmsd=9.386E+00 s=[ 0 0 0 1 0 1 1 0 0 1 0 0 1 1 1 0 1 0 0 0 0 0 0 0 ]
d13=6.691701828228 eijMax=4.284E-03 rmsd=9.386E+00 s=[ 0 0 0 0 1 0 0 1 1 0 1 1 0 0 0 1 0 1 1 1 1 1 1 1 ]
d13=6.691701828228 eijMax=4.284E-03 rmsd=9.386E+00 s=[ 0 0 0 1 0 1 1 0 0 1 0 0 1 1 1 0 1 0 0 0 0 0 0 0 ]
d13=6.692923472603 eijMax=5.513E-03 rmsd=9.385E+00 s=[ 0 0 0 0 1 0 0 1 1 0 1 1 0 0 0 1 0 1 1 1 1 1 1 1 ]
d13=6.692923472603 eijMax=5.513E-03 rmsd=9.385E+00 s=[ 0 0 0 1 0 1 1 0 0 1 0 0 1 1 1 0 1 0 0 0 0 0 0 0 ]
d13=6.694145116977 eijMax=6.747E-03 rmsd=9.385E+00 s=[ 0 0 0 0 1 0 0 1 1 0 1 1 0 0 0 1 0 1 1 1 1 1 1 1 ]
d13=6.694145116977 eijMax=6.747E-03 rmsd=9.385E+00 s=[ 0 0 0 1 0 1 1 0 0 1 0 0 1 1 1 0 1 0 0 0 0 0 0 0 ]
d13=6.695366761351 eijMax=7.985E-03 rmsd=9.385E+00 s=[ 0 0 0 0 1 0 0 1 1 0 1 1 0 0 0 1 0 1 1 1 1 1 1 1 ]
d13=6.695366761351 eijMax=7.985E-03 rmsd=9.385E+00 s=[ 0 0 0 1 0 1 1 0 0 1 0 0 1 1 1 0 1 0 0 0 0 0 0 0 ]
d13=6.696588405726 eijMax=9.228E-03 rmsd=9.385E+00 s=[ 0 0 0 0 1 0 0 1 1 0 1 1 0 0 0 1 0 1 1 1 1 1 1 1 ]
d13=6.696588405726 eijMax=9.228E-03 rmsd=9.385E+00 s=[ 0 0 0 1 0 1 1 0 0 1 0 0 1 1 1 0 1 0 0 0 0 0 0 0 ]
d13=6.705139916346 eijMax=6.222E-03 rmsd=1.083E+01 s=[ 0 0 0 0 0 0 0 1 1 1 1 1 0 0 0 0 1 0 0 0 0 0 0 0 ]
d13=6.705139916346 eijMax=6.222E-03 rmsd=1.083E+01 s=[ 0 0 0 1 1 1 1 0 0 0 0 0 1 1 1 1 0 1 1 1 1 1 1 1 ]
d13=6.706361560721 eijMax=4.886E-04 rmsd=1.084E+01 s=[ 0 0 0 0 0 0 0 1 1 1 1 1 0 0 0 0 1 0 0 0 0 0 0 0 ]
d13=6.706361560721 eijMax=4.886E-04 rmsd=1.084E+01 s=[ 0 0 0 1 1 1 1 0 0 0 0 0 1 1 1 1 0 1 1 1 1 1 1 1 ]
d13=6.707583205095 eijMax=7.149E-03 rmsd=1.084E+01 s=[ 0 0 0 0 0 0 0 1 1 1 1 1 0 0 0 0 1 0 0 0 0 0 0 0 ]
d13=6.707583205095 eijMax=7.149E-03 rmsd=1.084E+01 s=[ 0 0 0 1 1 1 1 0 0 0 0 0 1 1 1 1 0 1 1 1 1 1 1 1 ]
d13=6.723464581962 eijMax=6.874E-03 rmsd=4.801E+00 s=[ 0 0 0 0 0 0 0 1 1 1 1 1 0 0 0 1 0 1 1 1 1 1 1 1 ]
d13=6.723464581962 eijMax=6.874E-03 rmsd=4.801E+00 s=[ 0 0 0 1 1 1 1 0 0 0 0 0 1 1 1 0 1 0 0 0 0 0 0 0 ]
d13=6.724686226336 eijMax=9.874E-05 rmsd=4.780E+00 s=[ 0 0 0 0 0 0 0 1 1 1 1 1 0 0 0 1 0 1 1 1 1 1 1 1 ]
d13=6.724686226336 eijMax=9.874E-05 rmsd=4.780E+00 s=[ 0 0 0 1 1 1 1 0 0 0 0 0 1 1 1 0 1 0 0 0 0 0 0 0 ]
d13=6.725907870711 eijMax=6.744E-03 rmsd=4.761E+00 s=[ 0 0 0 0 0 0 0 1 1 1 1 1 0 0 0 1 0 1 1 1 1 1 1 1 ]
d13=6.725907870711 eijMax=6.744E-03 rmsd=4.761E+00 s=[ 0 0 0 1 1 1 1 0 0 0 0 0 1 1 1 0 1 0 0 0 0 0 0 0 ]
d13=6.733237736957 eijMax=9.278E-03 rmsd=9.551E+00 s=[ 0 0 0 0 1 1 1 0 0 0 0 0 1 1 0 0 1 0 0 0 0 0 0 0 ]
d13=6.733237736957 eijMax=9.278E-03 rmsd=9.551E+00 s=[ 0 0 0 1 0 0 0 1 1 1 1 1 0 0 1 1 0 1 1 1 1 1 1 1 ]
d13=6.734459381331 eijMax=7.712E-03 rmsd=9.551E+00 s=[ 0 0 0 0 1 1 1 0 0 0 0 0 1 1 0 0 1 0 0 0 0 0 0 0 ]
d13=6.734459381331 eijMax=7.712E-03 rmsd=9.551E+00 s=[ 0 0 0 1 0 0 0 1 1 1 1 1 0 0 1 1 0 1 1 1 1 1 1 1 ]
d13=6.735681025706 eijMax=6.145E-03 rmsd=9.551E+00 s=[ 0 0 0 0 1 1 1 0 0 0 0 0 1 1 0 0 1 0 0 0 0 0 0 0 ]
d13=6.735681025706 eijMax=6.145E-03 rmsd=9.551E+00 s=[ 0 0 0 1 0 0 0 1 1 1 1 1 0 0 1 1 0 1 1 1 1 1 1 1 ]
d13=6.736902670080 eijMax=4.577E-03 rmsd=9.551E+00 s=[ 0 0 0 0 1 1 1 0 0 0 0 0 1 1 0 0 1 0 0 0 0 0 0 0 ]
d13=6.736902670080 eijMax=4.577E-03 rmsd=9.551E+00 s=[ 0 0 0 1 0 0 0 1 1 1 1 1 0 0 1 1 0 1 1 1 1 1 1 1 ]
d13=6.738124314454 eijMax=3.008E-03 rmsd=9.551E+00 s=[ 0 0 0 0 1 1 1 0 0 0 0 0 1 1 0 0 1 0 0 0 0 0 0 0 ]
d13=6.738124314454 eijMax=3.008E-03 rmsd=9.551E+00 s=[ 0 0 0 1 0 0 0 1 1 1 1 1 0 0 1 1 0 1 1 1 1 1 1 1 ]
d13=6.739345958829 eijMax=1.437E-03 rmsd=9.551E+00 s=[ 0 0 0 0 1 1 1 0 0 0 0 0 1 1 0 0 1 0 0 0 0 0 0 0 ]
d13=6.739345958829 eijMax=1.437E-03 rmsd=9.551E+00 s=[ 0 0 0 1 0 0 0 1 1 1 1 1 0 0 1 1 0 1 1 1 1 1 1 1 ]
d13=6.740567603203 eijMax=1.348E-04 rmsd=9.552E+00 s=[ 0 0 0 0 1 1 1 0 0 0 0 0 1 1 0 0 1 0 0 0 0 0 0 0 ]
d13=6.740567603203 eijMax=1.348E-04 rmsd=9.552E+00 s=[ 0 0 0 1 0 0 0 1 1 1 1 1 0 0 1 1 0 1 1 1 1 1 1 1 ]
d13=6.741789247578 eijMax=1.708E-03 rmsd=9.552E+00 s=[ 0 0 0 0 1 1 1 0 0 0 0 0 1 1 0 0 1 0 0 0 0 0 0 0 ]
d13=6.741789247578 eijMax=1.708E-03 rmsd=9.552E+00 s=[ 0 0 0 1 0 0 0 1 1 1 1 1 0 0 1 1 0 1 1 1 1 1 1 1 ]
d13=6.743010891952 eijMax=3.282E-03 rmsd=9.552E+00 s=[ 0 0 0 0 1 1 1 0 0 0 0 0 1 1 0 0 1 0 0 0 0 0 0 0 ]
d13=6.743010891952 eijMax=3.282E-03 rmsd=9.552E+00 s=[ 0 0 0 1 0 0 0 1 1 1 1 1 0 0 1 1 0 1 1 1 1 1 1 1 ]
d13=6.744232536326 eijMax=4.858E-03 rmsd=9.552E+00 s=[ 0 0 0 0 1 1 1 0 0 0 0 0 1 1 0 0 1 0 0 0 0 0 0 0 ]
d13=6.744232536326 eijMax=4.858E-03 rmsd=9.552E+00 s=[ 0 0 0 1 0 0 0 1 1 1 1 1 0 0 1 1 0 1 1 1 1 1 1 1 ]
d13=6.745454180701 eijMax=6.435E-03 rmsd=9.552E+00 s=[ 0 0 0 0 1 1 1 0 0 0 0 0 1 1 0 0 1 0 0 0 0 0 0 0 ]
d13=6.745454180701 eijMax=6.435E-03 rmsd=9.552E+00 s=[ 0 0 0 1 0 0 0 1 1 1 1 1 0 0 1 1 0 1 1 1 1 1 1 1 ]
d13=6.746675825075 eijMax=8.013E-03 rmsd=9.552E+00 s=[ 0 0 0 0 1 1 1 0 0 0 0 0 1 1 0 0 1 0 0 0 0 0 0 0 ]
d13=6.746675825075 eijMax=8.013E-03 rmsd=9.552E+00 s=[ 0 0 0 1 0 0 0 1 1 1 1 1 0 0 1 1 0 1 1 1 1 1 1 1 ]
d13=6.747897469449 eijMax=9.593E-03 rmsd=9.552E+00 s=[ 0 0 0 0 1 1 1 0 0 0 0 0 1 1 0 0 1 0 0 0 0 0 0 0 ]
d13=6.747897469449 eijMax=9.593E-03 rmsd=9.552E+00 s=[ 0 0 0 1 0 0 0 1 1 1 1 1 0 0 1 1 0 1 1 1 1 1 1 1 ]
d13=6.757670624444 eijMax=8.832E-03 rmsd=1.010E+01 s=[ 0 0 0 0 0 0 0 1 1 0 0 0 1 1 0 0 1 0 0 0 0 0 0 0 ]
d13=6.757670624444 eijMax=8.832E-03 rmsd=1.010E+01 s=[ 0 0 0 1 1 1 1 0 0 1 1 1 0 0 1 1 0 1 1 1 1 1 1 1 ]
d13=6.758892268819 eijMax=6.641E-03 rmsd=1.010E+01 s=[ 0 0 0 0 0 0 0 1 1 0 0 0 1 1 0 0 1 0 0 0 0 0 0 0 ]
d13=6.758892268819 eijMax=6.641E-03 rmsd=1.010E+01 s=[ 0 0 0 1 1 1 1 0 0 1 1 1 0 0 1 1 0 1 1 1 1 1 1 1 ]
d13=6.760113913193 eijMax=4.451E-03 rmsd=1.010E+01 s=[ 0 0 0 0 0 0 0 1 1 0 0 0 1 1 0 0 1 0 0 0 0 0 0 0 ]
d13=6.760113913193 eijMax=4.451E-03 rmsd=1.010E+01 s=[ 0 0 0 1 1 1 1 0 0 1 1 1 0 0 1 1 0 1 1 1 1 1 1 1 ]
d13=6.761335557568 eijMax=2.263E-03 rmsd=1.011E+01 s=[ 0 0 0 0 0 0 0 1 1 0 0 0 1 1 0 0 1 0 0 0 0 0 0 0 ]
d13=6.761335557568 eijMax=2.263E-03 rmsd=1.011E+01 s=[ 0 0 0 1 1 1 1 0 0 1 1 1 0 0 1 1 0 1 1 1 1 1 1 1 ]
d13=6.762557201942 eijMax=7.753E-05 rmsd=1.011E+01 s=[ 0 0 0 0 0 0 0 1 1 0 0 0 1 1 0 0 1 0 0 0 0 0 0 0 ]
d13=6.762557201942 eijMax=7.753E-05 rmsd=1.011E+01 s=[ 0 0 0 1 1 1 1 0 0 1 1 1 0 0 1 1 0 1 1 1 1 1 1 1 ]
d13=6.763778846316 eijMax=2.106E-03 rmsd=1.011E+01 s=[ 0 0 0 0 0 0 0 1 1 0 0 0 1 1 0 0 1 0 0 0 0 0 0 0 ]
d13=6.763778846316 eijMax=2.106E-03 rmsd=1.011E+01 s=[ 0 0 0 1 1 1 1 0 0 1 1 1 0 0 1 1 0 1 1 1 1 1 1 1 ]
d13=6.765000490691 eijMax=4.288E-03 rmsd=1.012E+01 s=[ 0 0 0 0 0 0 0 1 1 0 0 0 1 1 0 0 1 0 0 0 0 0 0 0 ]
d13=6.765000490691 eijMax=4.288E-03 rmsd=1.012E+01 s=[ 0 0 0 1 1 1 1 0 0 1 1 1 0 0 1 1 0 1 1 1 1 1 1 1 ]
d13=6.766222135065 eijMax=6.468E-03 rmsd=1.012E+01 s=[ 0 0 0 0 0 0 0 1 1 0 0 0 1 1 0 0 1 0 0 0 0 0 0 0 ]
d13=6.766222135065 eijMax=6.468E-03 rmsd=1.012E+01 s=[ 0 0 0 1 1 1 1 0 0 1 1 1 0 0 1 1 0 1 1 1 1 1 1 1 ]
d13=6.767443779439 eijMax=8.647E-03 rmsd=1.012E+01 s=[ 0 0 0 0 0 0 0 1 1 0 0 0 1 1 0 0 1 0 0 0 0 0 0 0 ]
d13=6.767443779439 eijMax=8.647E-03 rmsd=1.012E+01 s=[ 0 0 0 1 1 1 1 0 0 1 1 1 0 0 1 1 0 1 1 1 1 1 1 1 ]
d13=6.795541600050 eijMax=1.941E-03 rmsd=1.001E+01 s=[ 0 0 0 0 0 1 1 0 0 0 1 1 0 0 0 0 1 0 0 0 0 0 0 0 ]
d13=6.795541600050 eijMax=1.941E-03 rmsd=1.001E+01 s=[ 0 0 0 1 1 0 0 1 1 1 0 0 1 1 1 1 0 1 1 1 1 1 1 1 ]
d13=6.805314755045 eijMax=9.826E-03 rmsd=8.700E+00 s=[ 0 0 0 0 1 1 1 0 0 0 0 0 1 1 0 1 0 1 1 1 1 1 1 1 ]
d13=6.805314755045 eijMax=9.826E-03 rmsd=8.700E+00 s=[ 0 0 0 1 0 0 0 1 1 1 1 1 0 0 1 0 1 0 0 0 0 0 0 0 ]
d13=6.806536399419 eijMax=7.895E-03 rmsd=8.702E+00 s=[ 0 0 0 0 1 1 1 0 0 0 0 0 1 1 0 1 0 1 1 1 1 1 1 1 ]
d13=6.806536399419 eijMax=7.895E-03 rmsd=8.702E+00 s=[ 0 0 0 1 0 0 0 1 1 1 1 1 0 0 1 0 1 0 0 0 0 0 0 0 ]
d13=6.807758043794 eijMax=5.948E-03 rmsd=8.704E+00 s=[ 0 0 0 0 1 1 1 0 0 0 0 0 1 1 0 1 0 1 1 1 1 1 1 1 ]
d13=6.807758043794 eijMax=5.948E-03 rmsd=8.704E+00 s=[ 0 0 0 1 0 0 0 1 1 1 1 1 0 0 1 0 1 0 0 0 0 0 0 0 ]
d13=6.808979688168 eijMax=3.984E-03 rmsd=8.706E+00 s=[ 0 0 0 0 1 1 1 0 0 0 0 0 1 1 0 1 0 1 1 1 1 1 1 1 ]
d13=6.808979688168 eijMax=3.984E-03 rmsd=8.706E+00 s=[ 0 0 0 1 0 0 0 1 1 1 1 1 0 0 1 0 1 0 0 0 0 0 0 0 ]
d13=6.810201332543 eijMax=8.885E-03 rmsd=6.838E+00 s=[ 0 0 0 0 0 1 1 0 0 0 1 1 0 0 0 1 0 1 1 1 1 1 1 1 ]
d13=6.810201332543 eijMax=2.003E-03 rmsd=8.708E+00 s=[ 0 0 0 0 1 1 1 0 0 0 0 0 1 1 0 1 0 1 1 1 1 1 1 1 ]
d13=6.810201332543 eijMax=2.003E-03 rmsd=8.708E+00 s=[ 0 0 0 1 0 0 0 1 1 1 1 1 0 0 1 0 1 0 0 0 0 0 0 0 ]
d13=6.810201332543 eijMax=8.885E-03 rmsd=6.838E+00 s=[ 0 0 0 1 1 0 0 1 1 1 0 0 1 1 1 0 1 0 0 0 0 0 0 0 ]
d13=6.811422976917 eijMax=9.869E-03 rmsd=7.029E+00 s=[ 0 0 0 0 0 0 0 1 1 0 0 0 1 1 0 1 0 1 1 1 1 1 1 1 ]
d13=6.811422976917 eijMax=2.208E-03 rmsd=6.821E+00 s=[ 0 0 0 0 0 1 1 0 0 0 1 1 0 0 0 1 0 1 1 1 1 1 1 1 ]
d13=6.811422976917 eijMax=5.072E-06 rmsd=8.709E+00 s=[ 0 0 0 0 1 1 1 0 0 0 0 0 1 1 0 1 0 1 1 1 1 1 1 1 ]
d13=6.811422976917 eijMax=5.072E-06 rmsd=8.709E+00 s=[ 0 0 0 1 0 0 0 1 1 1 1 1 0 0 1 0 1 0 0 0 0 0 0 0 ]
d13=6.811422976917 eijMax=2.208E-03 rmsd=6.821E+00 s=[ 0 0 0 1 1 0 0 1 1 1 0 0 1 1 1 0 1 0 0 0 0 0 0 0 ]
d13=6.811422976917 eijMax=9.869E-03 rmsd=7.029E+00 s=[ 0 0 0 1 1 1 1 0 0 1 1 1 0 0 1 0 1 0 0 0 0 0 0 0 ]
d13=6.812644621291 eijMax=7.443E-03 rmsd=7.036E+00 s=[ 0 0 0 0 0 0 0 1 1 0 0 0 1 1 0 1 0 1 1 1 1 1 1 1 ]
d13=6.812644621291 eijMax=4.509E-03 rmsd=6.804E+00 s=[ 0 0 0 0 0 1 1 0 0 0 1 1 0 0 0 1 0 1 1 1 1 1 1 1 ]
d13=6.812644621291 eijMax=2.011E-03 rmsd=8.711E+00 s=[ 0 0 0 0 1 1 1 0 0 0 0 0 1 1 0 1 0 1 1 1 1 1 1 1 ]
d13=6.812644621291 eijMax=2.011E-03 rmsd=8.711E+00 s=[ 0 0 0 1 0 0 0 1 1 1 1 1 0 0 1 0 1 0 0 0 0 0 0 0 ]
d13=6.812644621291 eijMax=4.509E-03 rmsd=6.804E+00 s=[ 0 0 0 1 1 0 0 1 1 1 0 0 1 1 1 0 1 0 0 0 0 0 0 0 ]
d13=6.812644621291 eijMax=7.443E-03 rmsd=7.036E+00 s=[ 0 0 0 1 1 1 1 0 0 1 1 1 0 0 1 0 1 0 0 0 0 0 0 0 ]
d13=6.813866265666 eijMax=4.999E-03 rmsd=7.044E+00 s=[ 0 0 0 0 0 0 0 1 1 0 0 0 1 1 0 1 0 1 1 1 1 1 1 1 ]
d13=6.813866265666 eijMax=4.045E-03 rmsd=8.713E+00 s=[ 0 0 0 0 1 1 1 0 0 0 0 0 1 1 0 1 0 1 1 1 1 1 1 1 ]
d13=6.813866265666 eijMax=4.045E-03 rmsd=8.713E+00 s=[ 0 0 0 1 0 0 0 1 1 1 1 1 0 0 1 0 1 0 0 0 0 0 0 0 ]
d13=6.813866265666 eijMax=4.999E-03 rmsd=7.044E+00 s=[ 0 0 0 1 1 1 1 0 0 1 1 1 0 0 1 0 1 0 0 0 0 0 0 0 ]
d13=6.815087910040 eijMax=2.537E-03 rmsd=7.051E+00 s=[ 0 0 0 0 0 0 0 1 1 0 0 0 1 1 0 1 0 1 1 1 1 1 1 1 ]
d13=6.815087910040 eijMax=6.097E-03 rmsd=8.715E+00 s=[ 0 0 0 0 1 1 1 0 0 0 0 0 1 1 0 1 0 1 1 1 1 1 1 1 ]
d13=6.815087910040 eijMax=6.097E-03 rmsd=8.715E+00 s=[ 0 0 0 1 0 0 0 1 1 1 1 1 0 0 1 0 1 0 0 0 0 0 0 0 ]
d13=6.815087910040 eijMax=2.537E-03 rmsd=7.051E+00 s=[ 0 0 0 1 1 1 1 0 0 1 1 1 0 0 1 0 1 0 0 0 0 0 0 0 ]
d13=6.816309554414 eijMax=5.667E-05 rmsd=7.059E+00 s=[ 0 0 0 0 0 0 0 1 1 0 0 0 1 1 0 1 0 1 1 1 1 1 1 1 ]
d13=6.816309554414 eijMax=8.168E-03 rmsd=8.717E+00 s=[ 0 0 0 0 1 1 1 0 0 0 0 0 1 1 0 1 0 1 1 1 1 1 1 1 ]
d13=6.816309554414 eijMax=8.168E-03 rmsd=8.717E+00 s=[ 0 0 0 1 0 0 0 1 1 1 1 1 0 0 1 0 1 0 0 0 0 0 0 0 ]
d13=6.816309554414 eijMax=5.667E-05 rmsd=7.059E+00 s=[ 0 0 0 1 1 1 1 0 0 1 1 1 0 0 1 0 1 0 0 0 0 0 0 0 ]
d13=6.817531198789 eijMax=2.442E-03 rmsd=7.068E+00 s=[ 0 0 0 0 0 0 0 1 1 0 0 0 1 1 0 1 0 1 1 1 1 1 1 1 ]
d13=6.817531198789 eijMax=9.916E-03 rmsd=6.329E+00 s=[ 0 0 0 0 0 1 1 0 0 0 0 0 1 1 0 1 0 1 1 1 1 1 1 1 ]
d13=6.817531198789 eijMax=9.916E-03 rmsd=6.329E+00 s=[ 0 0 0 1 1 0 0 1 1 1 1 1 0 0 1 0 1 0 0 0 0 0 0 0 ]
d13=6.817531198789 eijMax=2.442E-03 rmsd=7.068E+00 s=[ 0 0 0 1 1 1 1 0 0 1 1 1 0 0 1 0 1 0 0 0 0 0 0 0 ]
d13=6.818752843163 eijMax=4.959E-03 rmsd=7.076E+00 s=[ 0 0 0 0 0 0 0 1 1 0 0 0 1 1 0 1 0 1 1 1 1 1 1 1 ]
d13=6.818752843163 eijMax=4.959E-03 rmsd=7.076E+00 s=[ 0 0 0 1 1 1 1 0 0 1 1 1 0 0 1 0 1 0 0 0 0 0 0 0 ]
d13=6.819974487538 eijMax=7.496E-03 rmsd=7.085E+00 s=[ 0 0 0 0 0 0 0 1 1 0 0 0 1 1 0 1 0 1 1 1 1 1 1 1 ]
d13=6.819974487538 eijMax=7.496E-03 rmsd=7.085E+00 s=[ 0 0 0 1 1 1 1 0 0 1 1 1 0 0 1 0 1 0 0 0 0 0 0 0 ]
d13=6.823639420661 eijMax=8.983E-03 rmsd=8.289E+00 s=[ 0 0 0 0 1 0 0 1 1 0 0 0 1 1 0 0 1 0 0 0 0 0 0 0 ]
d13=6.823639420661 eijMax=8.983E-03 rmsd=8.289E+00 s=[ 0 0 0 1 0 1 1 0 0 1 1 1 0 0 1 1 0 1 1 1 1 1 1 1 ]
d13=6.824861065035 eijMax=9.843E-03 rmsd=1.019E+01 s=[ 0 0 0 0 0 1 1 0 0 1 1 1 0 0 0 0 1 0 0 0 0 0 0 0 ]
d13=6.824861065035 eijMax=6.783E-03 rmsd=8.287E+00 s=[ 0 0 0 0 1 0 0 1 1 0 0 0 1 1 0 0 1 0 0 0 0 0 0 0 ]
d13=6.824861065035 eijMax=6.783E-03 rmsd=8.287E+00 s=[ 0 0 0 1 0 1 1 0 0 1 1 1 0 0 1 1 0 1 1 1 1 1 1 1 ]
d13=6.824861065035 eijMax=9.843E-03 rmsd=1.019E+01 s=[ 0 0 0 1 1 0 0 1 1 0 0 0 1 1 1 1 0 1 1 1 1 1 1 1 ]
d13=6.826082709409 eijMax=8.079E-03 rmsd=1.020E+01 s=[ 0 0 0 0 0 1 1 0 0 1 1 1 0 0 0 0 1 0 0 0 0 0 0 0 ]
d13=6.826082709409 eijMax=4.575E-03 rmsd=8.286E+00 s=[ 0 0 0 0 1 0 0 1 1 0 0 0 1 1 0 0 1 0 0 0 0 0 0 0 ]
d13=6.826082709409 eijMax=4.575E-03 rmsd=8.286E+00 s=[ 0 0 0 1 0 1 1 0 0 1 1 1 0 0 1 1 0 1 1 1 1 1 1 1 ]
d13=6.826082709409 eijMax=8.079E-03 rmsd=1.020E+01 s=[ 0 0 0 1 1 0 0 1 1 0 0 0 1 1 1 1 0 1 1 1 1 1 1 1 ]
d13=6.827304353784 eijMax=9.665E-03 rmsd=1.006E+01 s=[ 0 0 0 0 0 1 1 0 0 0 0 0 1 1 0 0 1 0 0 0 0 0 0 0 ]
d13=6.827304353784 eijMax=6.269E-03 rmsd=1.021E+01 s=[ 0 0 0 0 0 1 1 0 0 1 1 1 0 0 0 0 1 0 0 0 0 0 0 0 ]
d13=6.827304353784 eijMax=2.358E-03 rmsd=8.284E+00 s=[ 0 0 0 0 1 0 0 1 1 0 0 0 1 1 0 0 1 0 0 0 0 0 0 0 ]
d13=6.827304353784 eijMax=2.358E-03 rmsd=8.284E+00 s=[ 0 0 0 1 0 1 1 0 0 1 1 1 0 0 1 1 0 1 1 1 1 1 1 1 ]
d13=6.827304353784 eijMax=6.269E-03 rmsd=1.021E+01 s=[ 0 0 0 1 1 0 0 1 1 0 0 0 1 1 1 1 0 1 1 1 1 1 1 1 ]
d13=6.827304353784 eijMax=9.665E-03 rmsd=1.006E+01 s=[ 0 0 0 1 1 0 0 1 1 1 1 1 0 0 1 1 0 1 1 1 1 1 1 1 ]
d13=6.828525998158 eijMax=6.886E-03 rmsd=1.003E+01 s=[ 0 0 0 0 0 1 1 0 0 0 0 0 1 1 0 0 1 0 0 0 0 0 0 0 ]
d13=6.828525998158 eijMax=4.414E-03 rmsd=1.022E+01 s=[ 0 0 0 0 0 1 1 0 0 1 1 1 0 0 0 0 1 0 0 0 0 0 0 0 ]
d13=6.828525998158 eijMax=1.315E-04 rmsd=8.283E+00 s=[ 0 0 0 0 1 0 0 1 1 0 0 0 1 1 0 0 1 0 0 0 0 0 0 0 ]
d13=6.828525998158 eijMax=1.315E-04 rmsd=8.283E+00 s=[ 0 0 0 1 0 1 1 0 0 1 1 1 0 0 1 1 0 1 1 1 1 1 1 1 ]
d13=6.828525998158 eijMax=4.414E-03 rmsd=1.022E+01 s=[ 0 0 0 1 1 0 0 1 1 0 0 0 1 1 1 1 0 1 1 1 1 1 1 1 ]
d13=6.828525998158 eijMax=6.886E-03 rmsd=1.003E+01 s=[ 0 0 0 1 1 0 0 1 1 1 1 1 0 0 1 1 0 1 1 1 1 1 1 1 ]
d13=6.829747642533 eijMax=5.107E-03 rmsd=1.000E+01 s=[ 0 0 0 0 0 1 1 0 0 0 0 0 1 1 0 0 1 0 0 0 0 0 0 0 ]
d13=6.829747642533 eijMax=2.512E-03 rmsd=1.023E+01 s=[ 0 0 0 0 0 1 1 0 0 1 1 1 0 0 0 0 1 0 0 0 0 0 0 0 ]
d13=6.829747642533 eijMax=2.104E-03 rmsd=8.281E+00 s=[ 0 0 0 0 1 0 0 1 1 0 0 0 1 1 0 0 1 0 0 0 0 0 0 0 ]
d13=6.829747642533 eijMax=2.104E-03 rmsd=8.281E+00 s=[ 0 0 0 1 0 1 1 0 0 1 1 1 0 0 1 1 0 1 1 1 1 1 1 1 ]
d13=6.829747642533 eijMax=2.512E-03 rmsd=1.023E+01 s=[ 0 0 0 1 1 0 0 1 1 0 0 0 1 1 1 1 0 1 1 1 1 1 1 1 ]
d13=6.829747642533 eijMax=5.107E-03 rmsd=1.000E+01 s=[ 0 0 0 1 1 0 0 1 1 1 1 1 0 0 1 1 0 1 1 1 1 1 1 1 ]
d13=6.830969286907 eijMax=4.196E-03 rmsd=9.979E+00 s=[ 0 0 0 0 0 1 1 0 0 0 0 0 1 1 0 0 1 0 0 0 0 0 0 0 ]
d13=6.830969286907 eijMax=5.644E-04 rmsd=1.025E+01 s=[ 0 0 0 0 0 1 1 0 0 1 1 1 0 0 0 0 1 0 0 0 0 0 0 0 ]
d13=6.830969286907 eijMax=4.350E-03 rmsd=8.280E+00 s=[ 0 0 0 0 1 0 0 1 1 0 0 0 1 1 0 0 1 0 0 0 0 0 0 0 ]
d13=6.830969286907 eijMax=4.350E-03 rmsd=8.280E+00 s=[ 0 0 0 1 0 1 1 0 0 1 1 1 0 0 1 1 0 1 1 1 1 1 1 1 ]
d13=6.830969286907 eijMax=5.644E-04 rmsd=1.025E+01 s=[ 0 0 0 1 1 0 0 1 1 0 0 0 1 1 1 1 0 1 1 1 1 1 1 1 ]
d13=6.830969286907 eijMax=4.196E-03 rmsd=9.979E+00 s=[ 0 0 0 1 1 0 0 1 1 1 1 1 0 0 1 1 0 1 1 1 1 1 1 1 ]
d13=6.832190931281 eijMax=4.036E-03 rmsd=9.963E+00 s=[ 0 0 0 0 0 1 1 0 0 0 0 0 1 1 0 0 1 0 0 0 0 0 0 0 ]
d13=6.832190931281 eijMax=1.430E-03 rmsd=1.026E+01 s=[ 0 0 0 0 0 1 1 0 0 1 1 1 0 0 0 0 1 0 0 0 0 0 0 0 ]
d13=6.832190931281 eijMax=6.605E-03 rmsd=8.278E+00 s=[ 0 0 0 0 1 0 0 1 1 0 0 0 1 1 0 0 1 0 0 0 0 0 0 0 ]
d13=6.832190931281 eijMax=6.605E-03 rmsd=8.278E+00 s=[ 0 0 0 1 0 1 1 0 0 1 1 1 0 0 1 1 0 1 1 1 1 1 1 1 ]
d13=6.832190931281 eijMax=1.430E-03 rmsd=1.026E+01 s=[ 0 0 0 1 1 0 0 1 1 0 0 0 1 1 1 1 0 1 1 1 1 1 1 1 ]
d13=6.832190931281 eijMax=4.036E-03 rmsd=9.963E+00 s=[ 0 0 0 1 1 0 0 1 1 1 1 1 0 0 1 1 0 1 1 1 1 1 1 1 ]
d13=6.833412575656 eijMax=4.525E-03 rmsd=9.949E+00 s=[ 0 0 0 0 0 1 1 0 0 0 0 0 1 1 0 0 1 0 0 0 0 0 0 0 ]
d13=6.833412575656 eijMax=3.473E-03 rmsd=1.027E+01 s=[ 0 0 0 0 0 1 1 0 0 1 1 1 0 0 0 0 1 0 0 0 0 0 0 0 ]
d13=6.833412575656 eijMax=8.871E-03 rmsd=8.276E+00 s=[ 0 0 0 0 1 0 0 1 1 0 0 0 1 1 0 0 1 0 0 0 0 0 0 0 ]
d13=6.833412575656 eijMax=8.871E-03 rmsd=8.276E+00 s=[ 0 0 0 1 0 1 1 0 0 1 1 1 0 0 1 1 0 1 1 1 1 1 1 1 ]
d13=6.833412575656 eijMax=3.473E-03 rmsd=1.027E+01 s=[ 0 0 0 1 1 0 0 1 1 0 0 0 1 1 1 1 0 1 1 1 1 1 1 1 ]
d13=6.833412575656 eijMax=4.525E-03 rmsd=9.949E+00 s=[ 0 0 0 1 1 0 0 1 1 1 1 1 0 0 1 1 0 1 1 1 1 1 1 1 ]
d13=6.834634220030 eijMax=5.576E-03 rmsd=9.939E+00 s=[ 0 0 0 0 0 1 1 0 0 0 0 0 1 1 0 0 1 0 0 0 0 0 0 0 ]
d13=6.834634220030 eijMax=5.564E-03 rmsd=1.028E+01 s=[ 0 0 0 0 0 1 1 0 0 1 1 1 0 0 0 0 1 0 0 0 0 0 0 0 ]
d13=6.834634220030 eijMax=5.564E-03 rmsd=1.028E+01 s=[ 0 0 0 1 1 0 0 1 1 0 0 0 1 1 1 1 0 1 1 1 1 1 1 1 ]
d13=6.834634220030 eijMax=5.576E-03 rmsd=9.939E+00 s=[ 0 0 0 1 1 0 0 1 1 1 1 1 0 0 1 1 0 1 1 1 1 1 1 1 ]
d13=6.835855864404 eijMax=7.114E-03 rmsd=9.932E+00 s=[ 0 0 0 0 0 1 1 0 0 0 0 0 1 1 0 0 1 0 0 0 0 0 0 0 ]
d13=6.835855864404 eijMax=7.706E-03 rmsd=1.029E+01 s=[ 0 0 0 0 0 1 1 0 0 1 1 1 0 0 0 0 1 0 0 0 0 0 0 0 ]
d13=6.835855864404 eijMax=7.706E-03 rmsd=1.029E+01 s=[ 0 0 0 1 1 0 0 1 1 0 0 0 1 1 1 1 0 1 1 1 1 1 1 1 ]
d13=6.835855864404 eijMax=7.114E-03 rmsd=9.932E+00 s=[ 0 0 0 1 1 0 0 1 1 1 1 1 0 0 1 1 0 1 1 1 1 1 1 1 ]
d13=6.837077508779 eijMax=9.074E-03 rmsd=9.927E+00 s=[ 0 0 0 0 0 1 1 0 0 0 0 0 1 1 0 0 1 0 0 0 0 0 0 0 ]
d13=6.837077508779 eijMax=9.899E-03 rmsd=1.031E+01 s=[ 0 0 0 0 0 1 1 0 0 1 1 1 0 0 0 0 1 0 0 0 0 0 0 0 ]
d13=6.837077508779 eijMax=9.899E-03 rmsd=1.031E+01 s=[ 0 0 0 1 1 0 0 1 1 0 0 0 1 1 1 1 0 1 1 1 1 1 1 1 ]
d13=6.837077508779 eijMax=9.074E-03 rmsd=9.927E+00 s=[ 0 0 0 1 1 0 0 1 1 1 1 1 0 0 1 1 0 1 1 1 1 1 1 1 ]
d13=6.861510396266 eijMax=7.012E-03 rmsd=7.135E+00 s=[ 0 0 0 0 0 1 1 0 0 0 0 0 1 1 0 1 0 1 1 1 1 1 1 1 ]
d13=6.861510396266 eijMax=7.012E-03 rmsd=7.135E+00 s=[ 0 0 0 1 1 0 0 1 1 1 1 1 0 0 1 0 1 0 0 0 0 0 0 0 ]
d13=6.862732040641 eijMax=1.415E-03 rmsd=7.127E+00 s=[ 0 0 0 0 0 1 1 0 0 0 0 0 1 1 0 1 0 1 1 1 1 1 1 1 ]
d13=6.862732040641 eijMax=1.415E-03 rmsd=7.127E+00 s=[ 0 0 0 1 1 0 0 1 1 1 1 1 0 0 1 0 1 0 0 0 0 0 0 0 ]
d13=6.863953685015 eijMax=4.324E-03 rmsd=7.121E+00 s=[ 0 0 0 0 0 1 1 0 0 0 0 0 1 1 0 1 0 1 1 1 1 1 1 1 ]
d13=6.863953685015 eijMax=4.324E-03 rmsd=7.121E+00 s=[ 0 0 0 1 1 0 0 1 1 1 1 1 0 0 1 0 1 0 0 0 0 0 0 0 ]
d13=6.866396973764 eijMax=8.674E-03 rmsd=6.303E+00 s=[ 0 0 0 0 0 1 1 0 0 1 1 1 0 0 0 1 0 1 1 1 1 1 1 1 ]
d13=6.866396973764 eijMax=8.674E-03 rmsd=6.303E+00 s=[ 0 0 0 1 1 0 0 1 1 0 0 0 1 1 1 0 1 0 0 0 0 0 0 0 ]
d13=6.867618618138 eijMax=2.918E-03 rmsd=6.282E+00 s=[ 0 0 0 0 0 1 1 0 0 1 1 1 0 0 0 1 0 1 1 1 1 1 1 1 ]
d13=6.867618618138 eijMax=2.918E-03 rmsd=6.282E+00 s=[ 0 0 0 1 1 0 0 1 1 0 0 0 1 1 1 0 1 0 0 0 0 0 0 0 ]
d13=6.868840262513 eijMax=3.250E-03 rmsd=6.261E+00 s=[ 0 0 0 0 0 1 1 0 0 1 1 1 0 0 0 1 0 1 1 1 1 1 1 1 ]
d13=6.868840262513 eijMax=3.250E-03 rmsd=6.261E+00 s=[ 0 0 0 1 1 0 0 1 1 0 0 0 1 1 1 0 1 0 0 0 0 0 0 0 ]
d13=6.870061906887 eijMax=9.880E-03 rmsd=6.239E+00 s=[ 0 0 0 0 0 1 1 0 0 1 1 1 0 0 0 1 0 1 1 1 1 1 1 1 ]
d13=6.870061906887 eijMax=9.880E-03 rmsd=6.239E+00 s=[ 0 0 0 1 1 0 0 1 1 0 0 0 1 1 1 0 1 0 0 0 0 0 0 0 ]
d13=6.871283551261 eijMax=7.775E-03 rmsd=9.820E+00 s=[ 0 0 0 0 1 0 0 1 1 0 0 0 1 1 0 1 0 1 1 1 1 1 1 1 ]
d13=6.871283551261 eijMax=7.775E-03 rmsd=9.820E+00 s=[ 0 0 0 1 0 1 1 0 0 1 1 1 0 0 1 0 1 0 0 0 0 0 0 0 ]
d13=6.872505195636 eijMax=4.253E-03 rmsd=9.818E+00 s=[ 0 0 0 0 1 0 0 1 1 0 0 0 1 1 0 1 0 1 1 1 1 1 1 1 ]
d13=6.872505195636 eijMax=4.253E-03 rmsd=9.818E+00 s=[ 0 0 0 1 0 1 1 0 0 1 1 1 0 0 1 0 1 0 0 0 0 0 0 0 ]
d13=6.873726840010 eijMax=6.159E-04 rmsd=9.817E+00 s=[ 0 0 0 0 1 0 0 1 1 0 0 0 1 1 0 1 0 1 1 1 1 1 1 1 ]
d13=6.873726840010 eijMax=6.159E-04 rmsd=9.817E+00 s=[ 0 0 0 1 0 1 1 0 0 1 1 1 0 0 1 0 1 0 0 0 0 0 0 0 ]
d13=6.874948484384 eijMax=3.146E-03 rmsd=9.815E+00 s=[ 0 0 0 0 1 0 0 1 1 0 0 0 1 1 0 1 0 1 1 1 1 1 1 1 ]
d13=6.874948484384 eijMax=3.146E-03 rmsd=9.815E+00 s=[ 0 0 0 1 0 1 1 0 0 1 1 1 0 0 1 0 1 0 0 0 0 0 0 0 ]
d13=6.876170128759 eijMax=7.045E-03 rmsd=9.813E+00 s=[ 0 0 0 0 1 0 0 1 1 0 0 0 1 1 0 1 0 1 1 1 1 1 1 1 ]
d13=6.876170128759 eijMax=7.045E-03 rmsd=9.813E+00 s=[ 0 0 0 1 0 1 1 0 0 1 1 1 0 0 1 0 1 0 0 0 0 0 0 0 ]
num ..... 1000
nnodes .. 24
nedges .. 123
nsols ... 912
tsecs ... 52.473315
