d13=6.606384046768 eijMax=8.095E-03 rmsd=4.036E+00 s=[ 0 0 0 0 1 0 1 1 1 1 0 1 1 1 1 0 0 0 0 0 0 0 0 0 ]
d13=6.606384046768 eijMax=8.095E-03 rmsd=4.036E+00 s=[ 0 0 0 0 1 0 1 1 1 1 0 1 1 1 1 0 1 0 0 0 0 0 0 0 ]
d13=6.606384046768 eijMax=4.003E-03 rmsd=3.690E+00 s=[ 0 0 0 0 1 1 0 0 0 1 0 1 1 1 1 0 0 0 0 0 0 0 0 0 ]
d13=6.606384046768 eijMax=4.003E-03 rmsd=3.690E+00 s=[ 0 0 0 0 1 1 0 0 0 1 0 1 1 1 1 0 1 0 0 0 0 0 0 0 ]
d13=6.606384046768 eijMax=4.003E-03 rmsd=3.690E+00 s=[ 0 0 0 1 0 0 1 1 1 0 1 0 0 0 0 1 0 1 1 1 1 1 1 1 ]
d13=6.606384046768 eijMax=4.003E-03 rmsd=3.690E+00 s=[ 0 0 0 1 0 0 1 1 1 0 1 0 0 0 0 1 1 1 1 1 1 1 1 1 ]
d13=6.606384046768 eijMax=8.095E-03 rmsd=4.036E+00 s=[ 0 0 0 1 0 1 0 0 0 0 1 0 0 0 0 1 0 1 1 1 1 1 1 1 ]
d13=6.606384046768 eijMax=8.095E-03 rmsd=4.036E+00 s=[ 0 0 0 1 0 1 0 0 0 0 1 0 0 0 0 1 1 1 1 1 1 1 1 1 ]
d13=6.624272257374 eijMax=1.658E-03 rmsd=3.848E+00 s=[ 0 0 0 0 0 1 0 0 0 0 1 0 0 0 0 1 0 1 1 1 1 1 1 1 ]
d13=6.624272257374 eijMax=3.941E-03 rmsd=3.848E+00 s=[ 0 0 0 0 0 1 0 0 0 0 1 0 0 0 0 1 1 1 1 1 1 1 1 1 ]
d13=6.624272257374 eijMax=8.342E-03 rmsd=3.689E+00 s=[ 0 0 0 0 0 1 0 0 0 1 0 1 1 1 1 0 0 0 0 0 0 0 0 0 ]
d13=6.624272257374 eijMax=8.342E-03 rmsd=3.689E+00 s=[ 0 0 0 0 0 1 0 0 0 1 0 1 1 1 1 0 1 0 0 0 0 0 0 0 ]
d13=6.624272257374 eijMax=8.342E-03 rmsd=3.689E+00 s=[ 0 0 0 1 1 0 1 1 1 0 1 0 0 0 0 1 0 1 1 1 1 1 1 1 ]
d13=6.624272257374 eijMax=8.342E-03 rmsd=3.689E+00 s=[ 0 0 0 1 1 0 1 1 1 0 1 0 0 0 0 1 1 1 1 1 1 1 1 1 ]
d13=6.624272257374 eijMax=3.941E-03 rmsd=3.848E+00 s=[ 0 0 0 1 1 0 1 1 1 1 0 1 1 1 1 0 0 0 0 0 0 0 0 0 ]
d13=6.624272257374 eijMax=1.658E-03 rmsd=3.848E+00 s=[ 0 0 0 1 1 0 1 1 1 1 0 1 1 1 1 0 1 0 0 0 0 0 0 0 ]
d13=6.630234994242 eijMax=5.788E-03 rmsd=4.136E+00 s=[ 0 0 0 0 0 0 1 1 1 1 0 1 1 1 1 0 0 0 0 0 0 0 0 0 ]
d13=6.630234994242 eijMax=5.788E-03 rmsd=4.136E+00 s=[ 0 0 0 0 0 0 1 1 1 1 0 1 1 1 1 0 1 0 0 0 0 0 0 0 ]
d13=6.630234994242 eijMax=3.941E-03 rmsd=3.700E+00 s=[ 0 0 0 0 0 1 0 0 0 1 0 1 1 1 1 0 0 0 0 0 0 0 0 0 ]
d13=6.630234994242 eijMax=2.776E-03 rmsd=3.700E+00 s=[ 0 0 0 0 0 1 0 0 0 1 0 1 1 1 1 0 1 0 0 0 0 0 0 0 ]
d13=6.630234994242 eijMax=2.776E-03 rmsd=3.700E+00 s=[ 0 0 0 1 1 0 1 1 1 0 1 0 0 0 0 1 0 1 1 1 1 1 1 1 ]
d13=6.630234994242 eijMax=3.941E-03 rmsd=3.700E+00 s=[ 0 0 0 1 1 0 1 1 1 0 1 0 0 0 0 1 1 1 1 1 1 1 1 1 ]
d13=6.630234994242 eijMax=5.788E-03 rmsd=4.136E+00 s=[ 0 0 0 1 1 1 0 0 0 0 1 0 0 0 0 1 0 1 1 1 1 1 1 1 ]
d13=6.630234994242 eijMax=5.788E-03 rmsd=4.136E+00 s=[ 0 0 0 1 1 1 0 0 0 0 1 0 0 0 0 1 1 1 1 1 1 1 1 1 ]
d13=6.636197731111 eijMax=3.941E-03 rmsd=4.160E+00 s=[ 0 0 0 0 0 0 1 1 1 1 0 1 1 1 1 0 0 0 0 0 0 0 0 0 ]
d13=6.636197731111 eijMax=3.866E-04 rmsd=4.160E+00 s=[ 0 0 0 0 0 0 1 1 1 1 0 1 1 1 1 0 1 0 0 0 0 0 0 0 ]
d13=6.636197731111 eijMax=3.941E-03 rmsd=3.713E+00 s=[ 0 0 0 0 0 1 0 0 0 1 0 1 1 1 1 0 0 0 0 0 0 0 0 0 ]
d13=6.636197731111 eijMax=3.206E-03 rmsd=3.713E+00 s=[ 0 0 0 0 0 1 0 0 0 1 0 1 1 1 1 0 1 0 0 0 0 0 0 0 ]
d13=6.636197731111 eijMax=3.206E-03 rmsd=3.713E+00 s=[ 0 0 0 1 1 0 1 1 1 0 1 0 0 0 0 1 0 1 1 1 1 1 1 1 ]
d13=6.636197731111 eijMax=3.941E-03 rmsd=3.713E+00 s=[ 0 0 0 1 1 0 1 1 1 0 1 0 0 0 0 1 1 1 1 1 1 1 1 1 ]
d13=6.636197731111 eijMax=3.866E-04 rmsd=4.160E+00 s=[ 0 0 0 1 1 1 0 0 0 0 1 0 0 0 0 1 0 1 1 1 1 1 1 1 ]
d13=6.636197731111 eijMax=3.941E-03 rmsd=4.160E+00 s=[ 0 0 0 1 1 1 0 0 0 0 1 0 0 0 0 1 1 1 1 1 1 1 1 1 ]
d13=6.642160467980 eijMax=6.789E-03 rmsd=4.183E+00 s=[ 0 0 0 0 0 0 1 1 1 1 0 1 1 1 1 0 0 0 0 0 0 0 0 0 ]
d13=6.642160467980 eijMax=6.789E-03 rmsd=4.184E+00 s=[ 0 0 0 0 0 0 1 1 1 1 0 1 1 1 1 0 1 0 0 0 0 0 0 0 ]
d13=6.642160467980 eijMax=9.428E-03 rmsd=3.728E+00 s=[ 0 0 0 0 0 1 0 0 0 1 0 1 1 1 1 0 0 0 0 0 0 0 0 0 ]
d13=6.642160467980 eijMax=9.428E-03 rmsd=3.728E+00 s=[ 0 0 0 0 0 1 0 0 0 1 0 1 1 1 1 0 1 0 0 0 0 0 0 0 ]
d13=6.642160467980 eijMax=9.428E-03 rmsd=3.728E+00 s=[ 0 0 0 1 1 0 1 1 1 0 1 0 0 0 0 1 0 1 1 1 1 1 1 1 ]
d13=6.642160467980 eijMax=9.428E-03 rmsd=3.728E+00 s=[ 0 0 0 1 1 0 1 1 1 0 1 0 0 0 0 1 1 1 1 1 1 1 1 1 ]
d13=6.642160467980 eijMax=6.789E-03 rmsd=4.184E+00 s=[ 0 0 0 1 1 1 0 0 0 0 1 0 0 0 0 1 0 1 1 1 1 1 1 1 ]
d13=6.642160467980 eijMax=6.789E-03 rmsd=4.183E+00 s=[ 0 0 0 1 1 1 0 0 0 0 1 0 0 0 0 1 1 1 1 1 1 1 1 1 ]
d13=6.666011415455 eijMax=6.222E-03 rmsd=3.610E+00 s=[ 0 0 0 0 1 0 1 1 1 0 1 0 0 0 1 1 0 1 1 1 1 1 1 1 ]
d13=6.666011415455 eijMax=6.222E-03 rmsd=3.611E+00 s=[ 0 0 0 0 1 0 1 1 1 0 1 0 0 0 1 1 1 1 1 1 1 1 1 1 ]
d13=6.666011415455 eijMax=3.679E-03 rmsd=3.791E+00 s=[ 0 0 0 0 1 1 0 0 0 0 1 0 0 0 1 1 0 1 1 1 1 1 1 1 ]
d13=6.666011415455 eijMax=3.941E-03 rmsd=3.791E+00 s=[ 0 0 0 0 1 1 0 0 0 0 1 0 0 0 1 1 1 1 1 1 1 1 1 1 ]
d13=6.666011415455 eijMax=3.941E-03 rmsd=3.791E+00 s=[ 0 0 0 1 0 0 1 1 1 1 0 1 1 1 0 0 0 0 0 0 0 0 0 0 ]
d13=6.666011415455 eijMax=3.679E-03 rmsd=3.791E+00 s=[ 0 0 0 1 0 0 1 1 1 1 0 1 1 1 0 0 1 0 0 0 0 0 0 0 ]
d13=6.666011415455 eijMax=6.222E-03 rmsd=3.611E+00 s=[ 0 0 0 1 0 1 0 0 0 1 0 1 1 1 0 0 0 0 0 0 0 0 0 0 ]
d13=6.666011415455 eijMax=6.222E-03 rmsd=3.610E+00 s=[ 0 0 0 1 0 1 0 0 0 1 0 1 1 1 0 0 1 0 0 0 0 0 0 0 ]
d13=6.671974152323 eijMax=5.119E-03 rmsd=3.616E+00 s=[ 0 0 0 0 1 0 1 1 1 0 1 0 0 0 1 1 0 1 1 1 1 1 1 1 ]
d13=6.671974152323 eijMax=5.119E-03 rmsd=3.617E+00 s=[ 0 0 0 0 1 0 1 1 1 0 1 0 0 0 1 1 1 1 1 1 1 1 1 1 ]
d13=6.671974152323 eijMax=7.601E-03 rmsd=3.789E+00 s=[ 0 0 0 0 1 1 0 0 0 0 1 0 0 0 1 1 0 1 1 1 1 1 1 1 ]
d13=6.671974152323 eijMax=7.601E-03 rmsd=3.789E+00 s=[ 0 0 0 0 1 1 0 0 0 0 1 0 0 0 1 1 1 1 1 1 1 1 1 1 ]
d13=6.671974152323 eijMax=7.601E-03 rmsd=3.789E+00 s=[ 0 0 0 1 0 0 1 1 1 1 0 1 1 1 0 0 0 0 0 0 0 0 0 0 ]
d13=6.671974152323 eijMax=7.601E-03 rmsd=3.789E+00 s=[ 0 0 0 1 0 0 1 1 1 1 0 1 1 1 0 0 1 0 0 0 0 0 0 0 ]
d13=6.671974152323 eijMax=5.119E-03 rmsd=3.617E+00 s=[ 0 0 0 1 0 1 0 0 0 1 0 1 1 1 0 0 0 0 0 0 0 0 0 0 ]
d13=6.671974152323 eijMax=5.119E-03 rmsd=3.616E+00 s=[ 0 0 0 1 0 1 0 0 0 1 0 1 1 1 0 0 1 0 0 0 0 0 0 0 ]
d13=6.773340679091 eijMax=3.941E-03 rmsd=1.891E+00 s=[ 0 0 0 0 1 0 1 1 1 0 1 0 0 0 1 0 0 0 0 0 0 0 0 0 ]
d13=6.773340679091 eijMax=2.292E-03 rmsd=1.891E+00 s=[ 0 0 0 0 1 0 1 1 1 0 1 0 0 0 1 0 1 0 0 0 0 0 0 0 ]
d13=6.773340679091 eijMax=3.941E-03 rmsd=1.535E-02 s=[ 0 0 0 0 1 1 0 0 0 0 1 0 0 0 1 0 0 0 0 0 0 0 0 0 ]
d13=6.773340679091 eijMax=3.266E-03 rmsd=1.491E-02 s=[ 0 0 0 0 1 1 0 0 0 0 1 0 0 0 1 0 1 0 0 0 0 0 0 0 ]
d13=6.773340679091 eijMax=3.266E-03 rmsd=1.491E-02 s=[ 0 0 0 1 0 0 1 1 1 1 0 1 1 1 0 1 0 1 1 1 1 1 1 1 ]
d13=6.773340679091 eijMax=3.941E-03 rmsd=1.535E-02 s=[ 0 0 0 1 0 0 1 1 1 1 0 1 1 1 0 1 1 1 1 1 1 1 1 1 ]
d13=6.773340679091 eijMax=2.292E-03 rmsd=1.891E+00 s=[ 0 0 0 1 0 1 0 0 0 1 0 1 1 1 0 1 0 1 1 1 1 1 1 1 ]
d13=6.773340679091 eijMax=3.941E-03 rmsd=1.891E+00 s=[ 0 0 0 1 0 1 0 0 0 1 0 1 1 1 0 1 1 1 1 1 1 1 1 1 ]
d13=6.779303415960 eijMax=7.414E-03 rmsd=1.912E+00 s=[ 0 0 0 0 1 0 1 1 1 0 1 0 0 0 1 0 0 0 0 0 0 0 0 0 ]
d13=6.779303415960 eijMax=7.414E-03 rmsd=1.912E+00 s=[ 0 0 0 0 1 0 1 1 1 0 1 0 0 0 1 0 1 0 0 0 0 0 0 0 ]
d13=6.779303415960 eijMax=6.190E-03 rmsd=2.916E-02 s=[ 0 0 0 0 1 1 0 0 0 0 1 0 0 0 1 0 0 0 0 0 0 0 0 0 ]
d13=6.779303415960 eijMax=6.190E-03 rmsd=2.887E-02 s=[ 0 0 0 0 1 1 0 0 0 0 1 0 0 0 1 0 1 0 0 0 0 0 0 0 ]
d13=6.779303415960 eijMax=6.190E-03 rmsd=2.887E-02 s=[ 0 0 0 1 0 0 1 1 1 1 0 1 1 1 0 1 0 1 1 1 1 1 1 1 ]
d13=6.779303415960 eijMax=6.190E-03 rmsd=2.916E-02 s=[ 0 0 0 1 0 0 1 1 1 1 0 1 1 1 0 1 1 1 1 1 1 1 1 1 ]
d13=6.779303415960 eijMax=7.414E-03 rmsd=1.912E+00 s=[ 0 0 0 1 0 1 0 0 0 1 0 1 1 1 0 1 0 1 1 1 1 1 1 1 ]
d13=6.779303415960 eijMax=7.414E-03 rmsd=1.912E+00 s=[ 0 0 0 1 0 1 0 0 0 1 0 1 1 1 0 1 1 1 1 1 1 1 1 1 ]
num ..... 100
nnodes .. 24
nedges .. 123
nsols ... 72
tsecs ... 3.911348
