d13=6.606061736667 eijMax=6.477E-03 rmsd=3.687E+00 s=[ 0 0 0 0 1 1 0 0 0 1 0 1 1 1 1 0 0 0 0 0 0 0 0 0 ]
d13=6.606061736667 eijMax=6.477E-03 rmsd=3.688E+00 s=[ 0 0 0 0 1 1 0 0 0 1 0 1 1 1 1 0 1 0 0 0 0 0 0 0 ]
d13=6.606061736667 eijMax=6.477E-03 rmsd=3.688E+00 s=[ 0 0 0 1 0 0 1 1 1 0 1 0 0 0 0 1 0 1 1 1 1 1 1 1 ]
d13=6.606061736667 eijMax=6.477E-03 rmsd=3.687E+00 s=[ 0 0 0 1 0 0 1 1 1 0 1 0 0 0 0 1 1 1 1 1 1 1 1 1 ]
d13=6.606652638519 eijMax=6.532E-03 rmsd=4.035E+00 s=[ 0 0 0 0 1 0 1 1 1 1 0 1 1 1 1 0 0 0 0 0 0 0 0 0 ]
d13=6.606652638519 eijMax=6.532E-03 rmsd=4.036E+00 s=[ 0 0 0 0 1 0 1 1 1 1 0 1 1 1 1 0 1 0 0 0 0 0 0 0 ]
d13=6.606652638519 eijMax=3.941E-03 rmsd=3.691E+00 s=[ 0 0 0 0 1 1 0 0 0 1 0 1 1 1 1 0 0 0 0 0 0 0 0 0 ]
d13=6.606652638519 eijMax=2.438E-03 rmsd=3.691E+00 s=[ 0 0 0 0 1 1 0 0 0 1 0 1 1 1 1 0 1 0 0 0 0 0 0 0 ]
d13=6.606652638519 eijMax=2.438E-03 rmsd=3.691E+00 s=[ 0 0 0 1 0 0 1 1 1 0 1 0 0 0 0 1 0 1 1 1 1 1 1 1 ]
d13=6.606652638519 eijMax=3.941E-03 rmsd=3.691E+00 s=[ 0 0 0 1 0 0 1 1 1 0 1 0 0 0 0 1 1 1 1 1 1 1 1 1 ]
d13=6.606652638519 eijMax=6.532E-03 rmsd=4.036E+00 s=[ 0 0 0 1 0 1 0 0 0 0 1 0 0 0 0 1 0 1 1 1 1 1 1 1 ]
d13=6.606652638519 eijMax=6.532E-03 rmsd=4.035E+00 s=[ 0 0 0 1 0 1 0 0 0 0 1 0 0 0 0 1 1 1 1 1 1 1 1 1 ]
d13=6.607243540370 eijMax=3.941E-03 rmsd=4.036E+00 s=[ 0 0 0 0 1 0 1 1 1 1 0 1 1 1 1 0 0 0 0 0 0 0 0 0 ]
d13=6.607243540370 eijMax=3.691E-03 rmsd=4.036E+00 s=[ 0 0 0 0 1 0 1 1 1 1 0 1 1 1 1 0 1 0 0 0 0 0 0 0 ]
d13=6.607243540370 eijMax=3.941E-03 rmsd=3.694E+00 s=[ 0 0 0 0 1 1 0 0 0 1 0 1 1 1 1 0 0 0 0 0 0 0 0 0 ]
d13=6.607243540370 eijMax=3.990E-04 rmsd=3.694E+00 s=[ 0 0 0 0 1 1 0 0 0 1 0 1 1 1 1 0 1 0 0 0 0 0 0 0 ]
d13=6.607243540370 eijMax=3.990E-04 rmsd=3.694E+00 s=[ 0 0 0 1 0 0 1 1 1 0 1 0 0 0 0 1 0 1 1 1 1 1 1 1 ]
d13=6.607243540370 eijMax=3.941E-03 rmsd=3.694E+00 s=[ 0 0 0 1 0 0 1 1 1 0 1 0 0 0 0 1 1 1 1 1 1 1 1 1 ]
d13=6.607243540370 eijMax=3.691E-03 rmsd=4.036E+00 s=[ 0 0 0 1 0 1 0 0 0 0 1 0 0 0 0 1 0 1 1 1 1 1 1 1 ]
d13=6.607243540370 eijMax=3.941E-03 rmsd=4.036E+00 s=[ 0 0 0 1 0 1 0 0 0 0 1 0 0 0 0 1 1 1 1 1 1 1 1 1 ]
d13=6.607834442222 eijMax=3.941E-03 rmsd=4.036E+00 s=[ 0 0 0 0 1 0 1 1 1 1 0 1 1 1 1 0 0 0 0 0 0 0 0 0 ]
d13=6.607834442222 eijMax=1.271E-03 rmsd=4.036E+00 s=[ 0 0 0 0 1 0 1 1 1 1 0 1 1 1 1 0 1 0 0 0 0 0 0 0 ]
d13=6.607834442222 eijMax=3.941E-03 rmsd=3.696E+00 s=[ 0 0 0 0 1 1 0 0 0 1 0 1 1 1 1 0 0 0 0 0 0 0 0 0 ]
d13=6.607834442222 eijMax=2.811E-03 rmsd=3.696E+00 s=[ 0 0 0 0 1 1 0 0 0 1 0 1 1 1 1 0 1 0 0 0 0 0 0 0 ]
d13=6.607834442222 eijMax=2.811E-03 rmsd=3.696E+00 s=[ 0 0 0 1 0 0 1 1 1 0 1 0 0 0 0 1 0 1 1 1 1 1 1 1 ]
d13=6.607834442222 eijMax=3.941E-03 rmsd=3.696E+00 s=[ 0 0 0 1 0 0 1 1 1 0 1 0 0 0 0 1 1 1 1 1 1 1 1 1 ]
d13=6.607834442222 eijMax=1.271E-03 rmsd=4.036E+00 s=[ 0 0 0 1 0 1 0 0 0 0 1 0 0 0 0 1 0 1 1 1 1 1 1 1 ]
d13=6.607834442222 eijMax=3.941E-03 rmsd=4.036E+00 s=[ 0 0 0 1 0 1 0 0 0 0 1 0 0 0 0 1 1 1 1 1 1 1 1 1 ]
d13=6.608425344074 eijMax=6.080E-03 rmsd=3.324E+00 s=[ 0 0 0 0 0 0 1 1 1 0 1 0 0 0 0 0 0 0 0 0 0 0 0 0 ]
d13=6.608425344074 eijMax=6.080E-03 rmsd=3.324E+00 s=[ 0 0 0 0 0 0 1 1 1 0 1 0 0 0 0 0 1 0 0 0 0 0 0 0 ]
d13=6.608425344074 eijMax=3.941E-03 rmsd=4.037E+00 s=[ 0 0 0 0 1 0 1 1 1 1 0 1 1 1 1 0 0 0 0 0 0 0 0 0 ]
d13=6.608425344074 eijMax=9.067E-04 rmsd=4.037E+00 s=[ 0 0 0 0 1 0 1 1 1 1 0 1 1 1 1 0 1 0 0 0 0 0 0 0 ]
d13=6.608425344074 eijMax=4.979E-03 rmsd=3.697E+00 s=[ 0 0 0 0 1 1 0 0 0 1 0 1 1 1 1 0 0 0 0 0 0 0 0 0 ]
d13=6.608425344074 eijMax=4.979E-03 rmsd=3.698E+00 s=[ 0 0 0 0 1 1 0 0 0 1 0 1 1 1 1 0 1 0 0 0 0 0 0 0 ]
d13=6.608425344074 eijMax=4.979E-03 rmsd=3.698E+00 s=[ 0 0 0 1 0 0 1 1 1 0 1 0 0 0 0 1 0 1 1 1 1 1 1 1 ]
d13=6.608425344074 eijMax=4.979E-03 rmsd=3.697E+00 s=[ 0 0 0 1 0 0 1 1 1 0 1 0 0 0 0 1 1 1 1 1 1 1 1 1 ]
d13=6.608425344074 eijMax=9.067E-04 rmsd=4.037E+00 s=[ 0 0 0 1 0 1 0 0 0 0 1 0 0 0 0 1 0 1 1 1 1 1 1 1 ]
d13=6.608425344074 eijMax=3.941E-03 rmsd=4.037E+00 s=[ 0 0 0 1 0 1 0 0 0 0 1 0 0 0 0 1 1 1 1 1 1 1 1 1 ]
d13=6.608425344074 eijMax=6.080E-03 rmsd=3.324E+00 s=[ 0 0 0 1 1 1 0 0 0 1 0 1 1 1 1 1 0 1 1 1 1 1 1 1 ]
d13=6.608425344074 eijMax=6.080E-03 rmsd=3.324E+00 s=[ 0 0 0 1 1 1 0 0 0 1 0 1 1 1 1 1 1 1 1 1 1 1 1 1 ]
d13=6.609016245926 eijMax=3.941E-03 rmsd=3.291E+00 s=[ 0 0 0 0 0 0 1 1 1 0 1 0 0 0 0 0 0 0 0 0 0 0 0 0 ]
d13=6.609016245926 eijMax=1.894E-03 rmsd=3.291E+00 s=[ 0 0 0 0 0 0 1 1 1 0 1 0 0 0 0 0 1 0 0 0 0 0 0 0 ]
d13=6.609016245926 eijMax=3.941E-03 rmsd=4.037E+00 s=[ 0 0 0 0 1 0 1 1 1 1 0 1 1 1 1 0 0 0 0 0 0 0 0 0 ]
d13=6.609016245926 eijMax=2.922E-03 rmsd=4.038E+00 s=[ 0 0 0 0 1 0 1 1 1 1 0 1 1 1 1 0 1 0 0 0 0 0 0 0 ]
d13=6.609016245926 eijMax=6.983E-03 rmsd=3.699E+00 s=[ 0 0 0 0 1 1 0 0 0 1 0 1 1 1 1 0 0 0 0 0 0 0 0 0 ]
d13=6.609016245926 eijMax=6.983E-03 rmsd=3.699E+00 s=[ 0 0 0 0 1 1 0 0 0 1 0 1 1 1 1 0 1 0 0 0 0 0 0 0 ]
d13=6.609016245926 eijMax=6.983E-03 rmsd=3.699E+00 s=[ 0 0 0 1 0 0 1 1 1 0 1 0 0 0 0 1 0 1 1 1 1 1 1 1 ]
d13=6.609016245926 eijMax=6.983E-03 rmsd=3.699E+00 s=[ 0 0 0 1 0 0 1 1 1 0 1 0 0 0 0 1 1 1 1 1 1 1 1 1 ]
d13=6.609016245926 eijMax=2.922E-03 rmsd=4.038E+00 s=[ 0 0 0 1 0 1 0 0 0 0 1 0 0 0 0 1 0 1 1 1 1 1 1 1 ]
d13=6.609016245926 eijMax=3.941E-03 rmsd=4.037E+00 s=[ 0 0 0 1 0 1 0 0 0 0 1 0 0 0 0 1 1 1 1 1 1 1 1 1 ]
d13=6.609016245926 eijMax=1.894E-03 rmsd=3.291E+00 s=[ 0 0 0 1 1 1 0 0 0 1 0 1 1 1 1 1 0 1 1 1 1 1 1 1 ]
d13=6.609016245926 eijMax=3.941E-03 rmsd=3.291E+00 s=[ 0 0 0 1 1 1 0 0 0 1 0 1 1 1 1 1 1 1 1 1 1 1 1 1 ]
d13=6.609607147778 eijMax=9.608E-03 rmsd=3.259E+00 s=[ 0 0 0 0 0 0 1 1 1 0 1 0 0 0 0 0 0 0 0 0 0 0 0 0 ]
d13=6.609607147778 eijMax=9.608E-03 rmsd=3.259E+00 s=[ 0 0 0 0 0 0 1 1 1 0 1 0 0 0 0 0 1 0 0 0 0 0 0 0 ]
d13=6.609607147778 eijMax=4.816E-03 rmsd=4.038E+00 s=[ 0 0 0 0 1 0 1 1 1 1 0 1 1 1 1 0 0 0 0 0 0 0 0 0 ]
d13=6.609607147778 eijMax=4.816E-03 rmsd=4.038E+00 s=[ 0 0 0 0 1 0 1 1 1 1 0 1 1 1 1 0 1 0 0 0 0 0 0 0 ]
d13=6.609607147778 eijMax=8.865E-03 rmsd=3.701E+00 s=[ 0 0 0 0 1 1 0 0 0 1 0 1 1 1 1 0 0 0 0 0 0 0 0 0 ]
d13=6.609607147778 eijMax=8.865E-03 rmsd=3.701E+00 s=[ 0 0 0 0 1 1 0 0 0 1 0 1 1 1 1 0 1 0 0 0 0 0 0 0 ]
d13=6.609607147778 eijMax=8.865E-03 rmsd=3.701E+00 s=[ 0 0 0 1 0 0 1 1 1 0 1 0 0 0 0 1 0 1 1 1 1 1 1 1 ]
d13=6.609607147778 eijMax=8.865E-03 rmsd=3.701E+00 s=[ 0 0 0 1 0 0 1 1 1 0 1 0 0 0 0 1 1 1 1 1 1 1 1 1 ]
d13=6.609607147778 eijMax=4.816E-03 rmsd=4.038E+00 s=[ 0 0 0 1 0 1 0 0 0 0 1 0 0 0 0 1 0 1 1 1 1 1 1 1 ]
d13=6.609607147778 eijMax=4.816E-03 rmsd=4.038E+00 s=[ 0 0 0 1 0 1 0 0 0 0 1 0 0 0 0 1 1 1 1 1 1 1 1 1 ]
d13=6.609607147778 eijMax=9.608E-03 rmsd=3.259E+00 s=[ 0 0 0 1 1 1 0 0 0 1 0 1 1 1 1 1 0 1 1 1 1 1 1 1 ]
d13=6.609607147778 eijMax=9.608E-03 rmsd=3.259E+00 s=[ 0 0 0 1 1 1 0 0 0 1 0 1 1 1 1 1 1 1 1 1 1 1 1 1 ]
d13=6.610198049630 eijMax=7.530E-03 rmsd=2.349E+00 s=[ 0 0 0 0 0 1 0 0 0 0 1 0 0 0 0 0 0 0 0 0 0 0 0 0 ]
d13=6.610198049630 eijMax=7.530E-03 rmsd=2.349E+00 s=[ 0 0 0 0 0 1 0 0 0 0 1 0 0 0 0 0 1 0 0 0 0 0 0 0 ]
d13=6.610198049630 eijMax=6.615E-03 rmsd=4.039E+00 s=[ 0 0 0 0 1 0 1 1 1 1 0 1 1 1 1 0 0 0 0 0 0 0 0 0 ]
d13=6.610198049630 eijMax=6.615E-03 rmsd=4.039E+00 s=[ 0 0 0 0 1 0 1 1 1 1 0 1 1 1 1 0 1 0 0 0 0 0 0 0 ]
d13=6.610198049630 eijMax=6.615E-03 rmsd=4.039E+00 s=[ 0 0 0 1 0 1 0 0 0 0 1 0 0 0 0 1 0 1 1 1 1 1 1 1 ]
d13=6.610198049630 eijMax=6.615E-03 rmsd=4.039E+00 s=[ 0 0 0 1 0 1 0 0 0 0 1 0 0 0 0 1 1 1 1 1 1 1 1 1 ]
d13=6.610198049630 eijMax=7.530E-03 rmsd=2.349E+00 s=[ 0 0 0 1 1 0 1 1 1 1 0 1 1 1 1 1 0 1 1 1 1 1 1 1 ]
d13=6.610198049630 eijMax=7.530E-03 rmsd=2.349E+00 s=[ 0 0 0 1 1 0 1 1 1 1 0 1 1 1 1 1 1 1 1 1 1 1 1 1 ]
d13=6.610788951481 eijMax=3.941E-03 rmsd=2.317E+00 s=[ 0 0 0 0 0 1 0 0 0 0 1 0 0 0 0 0 0 0 0 0 0 0 0 0 ]
d13=6.610788951481 eijMax=1.063E-03 rmsd=2.317E+00 s=[ 0 0 0 0 0 1 0 0 0 0 1 0 0 0 0 0 1 0 0 0 0 0 0 0 ]
d13=6.610788951481 eijMax=8.337E-03 rmsd=4.040E+00 s=[ 0 0 0 0 1 0 1 1 1 1 0 1 1 1 1 0 0 0 0 0 0 0 0 0 ]
d13=6.610788951481 eijMax=8.337E-03 rmsd=4.040E+00 s=[ 0 0 0 0 1 0 1 1 1 1 0 1 1 1 1 0 1 0 0 0 0 0 0 0 ]
d13=6.610788951481 eijMax=8.337E-03 rmsd=4.040E+00 s=[ 0 0 0 1 0 1 0 0 0 0 1 0 0 0 0 1 0 1 1 1 1 1 1 1 ]
d13=6.610788951481 eijMax=8.337E-03 rmsd=4.040E+00 s=[ 0 0 0 1 0 1 0 0 0 0 1 0 0 0 0 1 1 1 1 1 1 1 1 1 ]
d13=6.610788951481 eijMax=1.063E-03 rmsd=2.317E+00 s=[ 0 0 0 1 1 0 1 1 1 1 0 1 1 1 1 1 0 1 1 1 1 1 1 1 ]
d13=6.610788951481 eijMax=3.941E-03 rmsd=2.317E+00 s=[ 0 0 0 1 1 0 1 1 1 1 0 1 1 1 1 1 1 1 1 1 1 1 1 1 ]
d13=6.611379853333 eijMax=5.354E-03 rmsd=2.285E+00 s=[ 0 0 0 0 0 1 0 0 0 0 1 0 0 0 0 0 0 0 0 0 0 0 0 0 ]
d13=6.611379853333 eijMax=5.354E-03 rmsd=2.285E+00 s=[ 0 0 0 0 0 1 0 0 0 0 1 0 0 0 0 0 1 0 0 0 0 0 0 0 ]
d13=6.611379853333 eijMax=9.994E-03 rmsd=4.041E+00 s=[ 0 0 0 0 1 0 1 1 1 1 0 1 1 1 1 0 0 0 0 0 0 0 0 0 ]
d13=6.611379853333 eijMax=9.994E-03 rmsd=4.041E+00 s=[ 0 0 0 0 1 0 1 1 1 1 0 1 1 1 1 0 1 0 0 0 0 0 0 0 ]
d13=6.611379853333 eijMax=9.994E-03 rmsd=4.041E+00 s=[ 0 0 0 1 0 1 0 0 0 0 1 0 0 0 0 1 0 1 1 1 1 1 1 1 ]
d13=6.611379853333 eijMax=9.994E-03 rmsd=4.041E+00 s=[ 0 0 0 1 0 1 0 0 0 0 1 0 0 0 0 1 1 1 1 1 1 1 1 1 ]
d13=6.611379853333 eijMax=5.354E-03 rmsd=2.285E+00 s=[ 0 0 0 1 1 0 1 1 1 1 0 1 1 1 1 1 0 1 1 1 1 1 1 1 ]
d13=6.611379853333 eijMax=5.354E-03 rmsd=2.285E+00 s=[ 0 0 0 1 1 0 1 1 1 1 0 1 1 1 1 1 1 1 1 1 1 1 1 1 ]
d13=6.621425184815 eijMax=5.983E-03 rmsd=3.950E+00 s=[ 0 0 0 0 0 0 1 1 1 0 1 0 0 0 0 1 0 1 1 1 1 1 1 1 ]
d13=6.621425184815 eijMax=5.983E-03 rmsd=3.950E+00 s=[ 0 0 0 0 0 0 1 1 1 0 1 0 0 0 0 1 1 1 1 1 1 1 1 1 ]
d13=6.621425184815 eijMax=5.983E-03 rmsd=3.950E+00 s=[ 0 0 0 1 1 1 0 0 0 1 0 1 1 1 1 0 0 0 0 0 0 0 0 0 ]
d13=6.621425184815 eijMax=5.983E-03 rmsd=3.950E+00 s=[ 0 0 0 1 1 1 0 0 0 1 0 1 1 1 1 0 1 0 0 0 0 0 0 0 ]
d13=6.622606988519 eijMax=9.783E-03 rmsd=3.686E+00 s=[ 0 0 0 0 0 1 0 0 0 1 0 1 1 1 1 0 0 0 0 0 0 0 0 0 ]
d13=6.622606988519 eijMax=9.783E-03 rmsd=3.687E+00 s=[ 0 0 0 0 0 1 0 0 0 1 0 1 1 1 1 0 1 0 0 0 0 0 0 0 ]
d13=6.622606988519 eijMax=9.783E-03 rmsd=3.687E+00 s=[ 0 0 0 1 1 0 1 1 1 0 1 0 0 0 0 1 0 1 1 1 1 1 1 1 ]
d13=6.622606988519 eijMax=9.783E-03 rmsd=3.686E+00 s=[ 0 0 0 1 1 0 1 1 1 0 1 0 0 0 0 1 1 1 1 1 1 1 1 1 ]
d13=6.623197890370 eijMax=9.279E-03 rmsd=3.687E+00 s=[ 0 0 0 0 0 1 0 0 0 1 0 1 1 1 1 0 0 0 0 0 0 0 0 0 ]
d13=6.623197890370 eijMax=9.279E-03 rmsd=3.688E+00 s=[ 0 0 0 0 0 1 0 0 0 1 0 1 1 1 1 0 1 0 0 0 0 0 0 0 ]
d13=6.623197890370 eijMax=9.279E-03 rmsd=3.688E+00 s=[ 0 0 0 1 1 0 1 1 1 0 1 0 0 0 0 1 0 1 1 1 1 1 1 1 ]
d13=6.623197890370 eijMax=9.279E-03 rmsd=3.687E+00 s=[ 0 0 0 1 1 0 1 1 1 0 1 0 0 0 0 1 1 1 1 1 1 1 1 1 ]
d13=6.623788792222 eijMax=8.767E-03 rmsd=3.688E+00 s=[ 0 0 0 0 0 1 0 0 0 1 0 1 1 1 1 0 0 0 0 0 0 0 0 0 ]
d13=6.623788792222 eijMax=8.767E-03 rmsd=3.688E+00 s=[ 0 0 0 0 0 1 0 0 0 1 0 1 1 1 1 0 1 0 0 0 0 0 0 0 ]
d13=6.623788792222 eijMax=8.767E-03 rmsd=3.688E+00 s=[ 0 0 0 1 1 0 1 1 1 0 1 0 0 0 0 1 0 1 1 1 1 1 1 1 ]
d13=6.623788792222 eijMax=8.767E-03 rmsd=3.688E+00 s=[ 0 0 0 1 1 0 1 1 1 0 1 0 0 0 0 1 1 1 1 1 1 1 1 1 ]
d13=6.624379694074 eijMax=4.864E-03 rmsd=3.840E+00 s=[ 0 0 0 0 0 1 0 0 0 0 1 0 0 0 0 1 0 1 1 1 1 1 1 1 ]
d13=6.624379694074 eijMax=4.864E-03 rmsd=3.840E+00 s=[ 0 0 0 0 0 1 0 0 0 0 1 0 0 0 0 1 1 1 1 1 1 1 1 1 ]
d13=6.624379694074 eijMax=8.247E-03 rmsd=3.689E+00 s=[ 0 0 0 0 0 1 0 0 0 1 0 1 1 1 1 0 0 0 0 0 0 0 0 0 ]
d13=6.624379694074 eijMax=8.247E-03 rmsd=3.689E+00 s=[ 0 0 0 0 0 1 0 0 0 1 0 1 1 1 1 0 1 0 0 0 0 0 0 0 ]
d13=6.624379694074 eijMax=8.247E-03 rmsd=3.689E+00 s=[ 0 0 0 1 1 0 1 1 1 0 1 0 0 0 0 1 0 1 1 1 1 1 1 1 ]
d13=6.624379694074 eijMax=8.247E-03 rmsd=3.689E+00 s=[ 0 0 0 1 1 0 1 1 1 0 1 0 0 0 0 1 1 1 1 1 1 1 1 1 ]
d13=6.624379694074 eijMax=4.864E-03 rmsd=3.840E+00 s=[ 0 0 0 1 1 0 1 1 1 1 0 1 1 1 1 0 0 0 0 0 0 0 0 0 ]
d13=6.624379694074 eijMax=4.864E-03 rmsd=3.840E+00 s=[ 0 0 0 1 1 0 1 1 1 1 0 1 1 1 1 0 1 0 0 0 0 0 0 0 ]
d13=6.624970595926 eijMax=7.720E-03 rmsd=3.690E+00 s=[ 0 0 0 0 0 1 0 0 0 1 0 1 1 1 1 0 0 0 0 0 0 0 0 0 ]
d13=6.624970595926 eijMax=7.720E-03 rmsd=3.690E+00 s=[ 0 0 0 0 0 1 0 0 0 1 0 1 1 1 1 0 1 0 0 0 0 0 0 0 ]
d13=6.624970595926 eijMax=7.720E-03 rmsd=3.690E+00 s=[ 0 0 0 1 1 0 1 1 1 0 1 0 0 0 0 1 0 1 1 1 1 1 1 1 ]
d13=6.624970595926 eijMax=7.720E-03 rmsd=3.690E+00 s=[ 0 0 0 1 1 0 1 1 1 0 1 0 0 0 0 1 1 1 1 1 1 1 1 1 ]
d13=6.625561497778 eijMax=7.187E-03 rmsd=3.691E+00 s=[ 0 0 0 0 0 1 0 0 0 1 0 1 1 1 1 0 0 0 0 0 0 0 0 0 ]
d13=6.625561497778 eijMax=7.187E-03 rmsd=3.691E+00 s=[ 0 0 0 0 0 1 0 0 0 1 0 1 1 1 1 0 1 0 0 0 0 0 0 0 ]
d13=6.625561497778 eijMax=7.187E-03 rmsd=3.691E+00 s=[ 0 0 0 1 1 0 1 1 1 0 1 0 0 0 0 1 0 1 1 1 1 1 1 1 ]
d13=6.625561497778 eijMax=7.187E-03 rmsd=3.691E+00 s=[ 0 0 0 1 1 0 1 1 1 0 1 0 0 0 0 1 1 1 1 1 1 1 1 1 ]
d13=6.626152399630 eijMax=9.798E-03 rmsd=4.120E+00 s=[ 0 0 0 0 0 0 1 1 1 1 0 1 1 1 1 0 0 0 0 0 0 0 0 0 ]
d13=6.626152399630 eijMax=9.798E-03 rmsd=4.121E+00 s=[ 0 0 0 0 0 0 1 1 1 1 0 1 1 1 1 0 1 0 0 0 0 0 0 0 ]
d13=6.626152399630 eijMax=6.647E-03 rmsd=3.692E+00 s=[ 0 0 0 0 0 1 0 0 0 1 0 1 1 1 1 0 0 0 0 0 0 0 0 0 ]
d13=6.626152399630 eijMax=6.647E-03 rmsd=3.692E+00 s=[ 0 0 0 0 0 1 0 0 0 1 0 1 1 1 1 0 1 0 0 0 0 0 0 0 ]
d13=6.626152399630 eijMax=6.647E-03 rmsd=3.692E+00 s=[ 0 0 0 1 1 0 1 1 1 0 1 0 0 0 0 1 0 1 1 1 1 1 1 1 ]
d13=6.626152399630 eijMax=6.647E-03 rmsd=3.692E+00 s=[ 0 0 0 1 1 0 1 1 1 0 1 0 0 0 0 1 1 1 1 1 1 1 1 1 ]
d13=6.626152399630 eijMax=9.798E-03 rmsd=4.121E+00 s=[ 0 0 0 1 1 1 0 0 0 0 1 0 0 0 0 1 0 1 1 1 1 1 1 1 ]
d13=6.626152399630 eijMax=9.798E-03 rmsd=4.120E+00 s=[ 0 0 0 1 1 1 0 0 0 0 1 0 0 0 0 1 1 1 1 1 1 1 1 1 ]
d13=6.626743301481 eijMax=9.232E-03 rmsd=4.123E+00 s=[ 0 0 0 0 0 0 1 1 1 1 0 1 1 1 1 0 0 0 0 0 0 0 0 0 ]
d13=6.626743301481 eijMax=9.232E-03 rmsd=4.123E+00 s=[ 0 0 0 0 0 0 1 1 1 1 0 1 1 1 1 0 1 0 0 0 0 0 0 0 ]
d13=6.626743301481 eijMax=6.102E-03 rmsd=3.693E+00 s=[ 0 0 0 0 0 1 0 0 0 1 0 1 1 1 1 0 0 0 0 0 0 0 0 0 ]
d13=6.626743301481 eijMax=6.102E-03 rmsd=3.693E+00 s=[ 0 0 0 0 0 1 0 0 0 1 0 1 1 1 1 0 1 0 0 0 0 0 0 0 ]
d13=6.626743301481 eijMax=6.102E-03 rmsd=3.693E+00 s=[ 0 0 0 1 1 0 1 1 1 0 1 0 0 0 0 1 0 1 1 1 1 1 1 1 ]
d13=6.626743301481 eijMax=6.102E-03 rmsd=3.693E+00 s=[ 0 0 0 1 1 0 1 1 1 0 1 0 0 0 0 1 1 1 1 1 1 1 1 1 ]
d13=6.626743301481 eijMax=9.232E-03 rmsd=4.123E+00 s=[ 0 0 0 1 1 1 0 0 0 0 1 0 0 0 0 1 0 1 1 1 1 1 1 1 ]
d13=6.626743301481 eijMax=9.232E-03 rmsd=4.123E+00 s=[ 0 0 0 1 1 1 0 0 0 0 1 0 0 0 0 1 1 1 1 1 1 1 1 1 ]
d13=6.627334203333 eijMax=8.661E-03 rmsd=4.125E+00 s=[ 0 0 0 0 0 0 1 1 1 1 0 1 1 1 1 0 0 0 0 0 0 0 0 0 ]
d13=6.627334203333 eijMax=8.661E-03 rmsd=4.125E+00 s=[ 0 0 0 0 0 0 1 1 1 1 0 1 1 1 1 0 1 0 0 0 0 0 0 0 ]
d13=6.627334203333 eijMax=5.551E-03 rmsd=3.694E+00 s=[ 0 0 0 0 0 1 0 0 0 1 0 1 1 1 1 0 0 0 0 0 0 0 0 0 ]
d13=6.627334203333 eijMax=5.551E-03 rmsd=3.695E+00 s=[ 0 0 0 0 0 1 0 0 0 1 0 1 1 1 1 0 1 0 0 0 0 0 0 0 ]
d13=6.627334203333 eijMax=5.551E-03 rmsd=3.695E+00 s=[ 0 0 0 1 1 0 1 1 1 0 1 0 0 0 0 1 0 1 1 1 1 1 1 1 ]
d13=6.627334203333 eijMax=5.551E-03 rmsd=3.694E+00 s=[ 0 0 0 1 1 0 1 1 1 0 1 0 0 0 0 1 1 1 1 1 1 1 1 1 ]
d13=6.627334203333 eijMax=8.661E-03 rmsd=4.125E+00 s=[ 0 0 0 1 1 1 0 0 0 0 1 0 0 0 0 1 0 1 1 1 1 1 1 1 ]
d13=6.627334203333 eijMax=8.661E-03 rmsd=4.125E+00 s=[ 0 0 0 1 1 1 0 0 0 0 1 0 0 0 0 1 1 1 1 1 1 1 1 1 ]
d13=6.627925105185 eijMax=8.085E-03 rmsd=4.127E+00 s=[ 0 0 0 0 0 0 1 1 1 1 0 1 1 1 1 0 0 0 0 0 0 0 0 0 ]
d13=6.627925105185 eijMax=8.085E-03 rmsd=4.127E+00 s=[ 0 0 0 0 0 0 1 1 1 1 0 1 1 1 1 0 1 0 0 0 0 0 0 0 ]
d13=6.627925105185 eijMax=4.995E-03 rmsd=3.695E+00 s=[ 0 0 0 0 0 1 0 0 0 1 0 1 1 1 1 0 0 0 0 0 0 0 0 0 ]
d13=6.627925105185 eijMax=4.995E-03 rmsd=3.696E+00 s=[ 0 0 0 0 0 1 0 0 0 1 0 1 1 1 1 0 1 0 0 0 0 0 0 0 ]
d13=6.627925105185 eijMax=4.995E-03 rmsd=3.696E+00 s=[ 0 0 0 1 1 0 1 1 1 0 1 0 0 0 0 1 0 1 1 1 1 1 1 1 ]
d13=6.627925105185 eijMax=4.995E-03 rmsd=3.695E+00 s=[ 0 0 0 1 1 0 1 1 1 0 1 0 0 0 0 1 1 1 1 1 1 1 1 1 ]
d13=6.627925105185 eijMax=8.085E-03 rmsd=4.127E+00 s=[ 0 0 0 1 1 1 0 0 0 0 1 0 0 0 0 1 0 1 1 1 1 1 1 1 ]
d13=6.627925105185 eijMax=8.085E-03 rmsd=4.127E+00 s=[ 0 0 0 1 1 1 0 0 0 0 1 0 0 0 0 1 1 1 1 1 1 1 1 1 ]
d13=6.628516007037 eijMax=7.503E-03 rmsd=4.130E+00 s=[ 0 0 0 0 0 0 1 1 1 1 0 1 1 1 1 0 0 0 0 0 0 0 0 0 ]
d13=6.628516007037 eijMax=7.503E-03 rmsd=4.130E+00 s=[ 0 0 0 0 0 0 1 1 1 1 0 1 1 1 1 0 1 0 0 0 0 0 0 0 ]
d13=6.628516007037 eijMax=4.434E-03 rmsd=3.697E+00 s=[ 0 0 0 0 0 1 0 0 0 1 0 1 1 1 1 0 0 0 0 0 0 0 0 0 ]
d13=6.628516007037 eijMax=4.434E-03 rmsd=3.697E+00 s=[ 0 0 0 0 0 1 0 0 0 1 0 1 1 1 1 0 1 0 0 0 0 0 0 0 ]
d13=6.628516007037 eijMax=4.434E-03 rmsd=3.697E+00 s=[ 0 0 0 1 1 0 1 1 1 0 1 0 0 0 0 1 0 1 1 1 1 1 1 1 ]
d13=6.628516007037 eijMax=4.434E-03 rmsd=3.697E+00 s=[ 0 0 0 1 1 0 1 1 1 0 1 0 0 0 0 1 1 1 1 1 1 1 1 1 ]
d13=6.628516007037 eijMax=7.503E-03 rmsd=4.130E+00 s=[ 0 0 0 1 1 1 0 0 0 0 1 0 0 0 0 1 0 1 1 1 1 1 1 1 ]
d13=6.628516007037 eijMax=7.503E-03 rmsd=4.130E+00 s=[ 0 0 0 1 1 1 0 0 0 0 1 0 0 0 0 1 1 1 1 1 1 1 1 1 ]
d13=6.629106908889 eijMax=6.918E-03 rmsd=4.132E+00 s=[ 0 0 0 0 0 0 1 1 1 1 0 1 1 1 1 0 0 0 0 0 0 0 0 0 ]
d13=6.629106908889 eijMax=6.918E-03 rmsd=4.132E+00 s=[ 0 0 0 0 0 0 1 1 1 1 0 1 1 1 1 0 1 0 0 0 0 0 0 0 ]
d13=6.629106908889 eijMax=3.941E-03 rmsd=3.698E+00 s=[ 0 0 0 0 0 1 0 0 0 1 0 1 1 1 1 0 0 0 0 0 0 0 0 0 ]
d13=6.629106908889 eijMax=3.868E-03 rmsd=3.698E+00 s=[ 0 0 0 0 0 1 0 0 0 1 0 1 1 1 1 0 1 0 0 0 0 0 0 0 ]
d13=6.629106908889 eijMax=3.868E-03 rmsd=3.698E+00 s=[ 0 0 0 1 1 0 1 1 1 0 1 0 0 0 0 1 0 1 1 1 1 1 1 1 ]
d13=6.629106908889 eijMax=3.941E-03 rmsd=3.698E+00 s=[ 0 0 0 1 1 0 1 1 1 0 1 0 0 0 0 1 1 1 1 1 1 1 1 1 ]
d13=6.629106908889 eijMax=6.918E-03 rmsd=4.132E+00 s=[ 0 0 0 1 1 1 0 0 0 0 1 0 0 0 0 1 0 1 1 1 1 1 1 1 ]
d13=6.629106908889 eijMax=6.918E-03 rmsd=4.132E+00 s=[ 0 0 0 1 1 1 0 0 0 0 1 0 0 0 0 1 1 1 1 1 1 1 1 1 ]
d13=6.629697810741 eijMax=6.328E-03 rmsd=4.134E+00 s=[ 0 0 0 0 0 0 1 1 1 1 0 1 1 1 1 0 0 0 0 0 0 0 0 0 ]
d13=6.629697810741 eijMax=6.328E-03 rmsd=4.134E+00 s=[ 0 0 0 0 0 0 1 1 1 1 0 1 1 1 1 0 1 0 0 0 0 0 0 0 ]
d13=6.629697810741 eijMax=3.941E-03 rmsd=3.699E+00 s=[ 0 0 0 0 0 1 0 0 0 1 0 1 1 1 1 0 0 0 0 0 0 0 0 0 ]
d13=6.629697810741 eijMax=3.298E-03 rmsd=3.699E+00 s=[ 0 0 0 0 0 1 0 0 0 1 0 1 1 1 1 0 1 0 0 0 0 0 0 0 ]
d13=6.629697810741 eijMax=3.298E-03 rmsd=3.699E+00 s=[ 0 0 0 1 1 0 1 1 1 0 1 0 0 0 0 1 0 1 1 1 1 1 1 1 ]
d13=6.629697810741 eijMax=3.941E-03 rmsd=3.699E+00 s=[ 0 0 0 1 1 0 1 1 1 0 1 0 0 0 0 1 1 1 1 1 1 1 1 1 ]
d13=6.629697810741 eijMax=6.328E-03 rmsd=4.134E+00 s=[ 0 0 0 1 1 1 0 0 0 0 1 0 0 0 0 1 0 1 1 1 1 1 1 1 ]
d13=6.629697810741 eijMax=6.328E-03 rmsd=4.134E+00 s=[ 0 0 0 1 1 1 0 0 0 0 1 0 0 0 0 1 1 1 1 1 1 1 1 1 ]
d13=6.630288712593 eijMax=5.734E-03 rmsd=4.136E+00 s=[ 0 0 0 0 0 0 1 1 1 1 0 1 1 1 1 0 0 0 0 0 0 0 0 0 ]
d13=6.630288712593 eijMax=5.734E-03 rmsd=4.137E+00 s=[ 0 0 0 0 0 0 1 1 1 1 0 1 1 1 1 0 1 0 0 0 0 0 0 0 ]
d13=6.630288712593 eijMax=3.941E-03 rmsd=3.700E+00 s=[ 0 0 0 0 0 1 0 0 0 1 0 1 1 1 1 0 0 0 0 0 0 0 0 0 ]
d13=6.630288712593 eijMax=2.724E-03 rmsd=3.700E+00 s=[ 0 0 0 0 0 1 0 0 0 1 0 1 1 1 1 0 1 0 0 0 0 0 0 0 ]
d13=6.630288712593 eijMax=2.724E-03 rmsd=3.700E+00 s=[ 0 0 0 1 1 0 1 1 1 0 1 0 0 0 0 1 0 1 1 1 1 1 1 1 ]
d13=6.630288712593 eijMax=3.941E-03 rmsd=3.700E+00 s=[ 0 0 0 1 1 0 1 1 1 0 1 0 0 0 0 1 1 1 1 1 1 1 1 1 ]
d13=6.630288712593 eijMax=5.734E-03 rmsd=4.137E+00 s=[ 0 0 0 1 1 1 0 0 0 0 1 0 0 0 0 1 0 1 1 1 1 1 1 1 ]
d13=6.630288712593 eijMax=5.734E-03 rmsd=4.136E+00 s=[ 0 0 0 1 1 1 0 0 0 0 1 0 0 0 0 1 1 1 1 1 1 1 1 1 ]
d13=6.630879614444 eijMax=5.136E-03 rmsd=4.139E+00 s=[ 0 0 0 0 0 0 1 1 1 1 0 1 1 1 1 0 0 0 0 0 0 0 0 0 ]
d13=6.630879614444 eijMax=5.136E-03 rmsd=4.139E+00 s=[ 0 0 0 0 0 0 1 1 1 1 0 1 1 1 1 0 1 0 0 0 0 0 0 0 ]
d13=6.630879614444 eijMax=3.941E-03 rmsd=3.701E+00 s=[ 0 0 0 0 0 1 0 0 0 1 0 1 1 1 1 0 0 0 0 0 0 0 0 0 ]
d13=6.630879614444 eijMax=2.146E-03 rmsd=3.701E+00 s=[ 0 0 0 0 0 1 0 0 0 1 0 1 1 1 1 0 1 0 0 0 0 0 0 0 ]
d13=6.630879614444 eijMax=2.146E-03 rmsd=3.701E+00 s=[ 0 0 0 1 1 0 1 1 1 0 1 0 0 0 0 1 0 1 1 1 1 1 1 1 ]
d13=6.630879614444 eijMax=3.941E-03 rmsd=3.701E+00 s=[ 0 0 0 1 1 0 1 1 1 0 1 0 0 0 0 1 1 1 1 1 1 1 1 1 ]
d13=6.630879614444 eijMax=5.136E-03 rmsd=4.139E+00 s=[ 0 0 0 1 1 1 0 0 0 0 1 0 0 0 0 1 0 1 1 1 1 1 1 1 ]
d13=6.630879614444 eijMax=5.136E-03 rmsd=4.139E+00 s=[ 0 0 0 1 1 1 0 0 0 0 1 0 0 0 0 1 1 1 1 1 1 1 1 1 ]
d13=6.631470516296 eijMax=4.534E-03 rmsd=4.141E+00 s=[ 0 0 0 0 0 0 1 1 1 1 0 1 1 1 1 0 0 0 0 0 0 0 0 0 ]
d13=6.631470516296 eijMax=4.534E-03 rmsd=4.141E+00 s=[ 0 0 0 0 0 0 1 1 1 1 0 1 1 1 1 0 1 0 0 0 0 0 0 0 ]
d13=6.631470516296 eijMax=3.941E-03 rmsd=3.702E+00 s=[ 0 0 0 0 0 1 0 0 0 1 0 1 1 1 1 0 0 0 0 0 0 0 0 0 ]
d13=6.631470516296 eijMax=1.564E-03 rmsd=3.703E+00 s=[ 0 0 0 0 0 1 0 0 0 1 0 1 1 1 1 0 1 0 0 0 0 0 0 0 ]
d13=6.631470516296 eijMax=1.564E-03 rmsd=3.703E+00 s=[ 0 0 0 1 1 0 1 1 1 0 1 0 0 0 0 1 0 1 1 1 1 1 1 1 ]
d13=6.631470516296 eijMax=3.941E-03 rmsd=3.702E+00 s=[ 0 0 0 1 1 0 1 1 1 0 1 0 0 0 0 1 1 1 1 1 1 1 1 1 ]
d13=6.631470516296 eijMax=4.534E-03 rmsd=4.141E+00 s=[ 0 0 0 1 1 1 0 0 0 0 1 0 0 0 0 1 0 1 1 1 1 1 1 1 ]
d13=6.631470516296 eijMax=4.534E-03 rmsd=4.141E+00 s=[ 0 0 0 1 1 1 0 0 0 0 1 0 0 0 0 1 1 1 1 1 1 1 1 1 ]
d13=6.632061418148 eijMax=3.941E-03 rmsd=4.143E+00 s=[ 0 0 0 0 0 0 1 1 1 1 0 1 1 1 1 0 0 0 0 0 0 0 0 0 ]
d13=6.632061418148 eijMax=3.929E-03 rmsd=4.144E+00 s=[ 0 0 0 0 0 0 1 1 1 1 0 1 1 1 1 0 1 0 0 0 0 0 0 0 ]
d13=6.632061418148 eijMax=3.941E-03 rmsd=3.704E+00 s=[ 0 0 0 0 0 1 0 0 0 1 0 1 1 1 1 0 0 0 0 0 0 0 0 0 ]
d13=6.632061418148 eijMax=9.781E-04 rmsd=3.704E+00 s=[ 0 0 0 0 0 1 0 0 0 1 0 1 1 1 1 0 1 0 0 0 0 0 0 0 ]
d13=6.632061418148 eijMax=9.781E-04 rmsd=3.704E+00 s=[ 0 0 0 1 1 0 1 1 1 0 1 0 0 0 0 1 0 1 1 1 1 1 1 1 ]
d13=6.632061418148 eijMax=3.941E-03 rmsd=3.704E+00 s=[ 0 0 0 1 1 0 1 1 1 0 1 0 0 0 0 1 1 1 1 1 1 1 1 1 ]
d13=6.632061418148 eijMax=3.929E-03 rmsd=4.144E+00 s=[ 0 0 0 1 1 1 0 0 0 0 1 0 0 0 0 1 0 1 1 1 1 1 1 1 ]
d13=6.632061418148 eijMax=3.941E-03 rmsd=4.143E+00 s=[ 0 0 0 1 1 1 0 0 0 0 1 0 0 0 0 1 1 1 1 1 1 1 1 1 ]
d13=6.632652320000 eijMax=3.941E-03 rmsd=4.146E+00 s=[ 0 0 0 0 0 0 1 1 1 1 0 1 1 1 1 0 0 0 0 0 0 0 0 0 ]
d13=6.632652320000 eijMax=3.321E-03 rmsd=4.146E+00 s=[ 0 0 0 0 0 0 1 1 1 1 0 1 1 1 1 0 1 0 0 0 0 0 0 0 ]
d13=6.632652320000 eijMax=3.941E-03 rmsd=3.705E+00 s=[ 0 0 0 0 0 1 0 0 0 1 0 1 1 1 1 0 0 0 0 0 0 0 0 0 ]
d13=6.632652320000 eijMax=3.891E-04 rmsd=3.705E+00 s=[ 0 0 0 0 0 1 0 0 0 1 0 1 1 1 1 0 1 0 0 0 0 0 0 0 ]
d13=6.632652320000 eijMax=3.891E-04 rmsd=3.705E+00 s=[ 0 0 0 1 1 0 1 1 1 0 1 0 0 0 0 1 0 1 1 1 1 1 1 1 ]
d13=6.632652320000 eijMax=3.941E-03 rmsd=3.705E+00 s=[ 0 0 0 1 1 0 1 1 1 0 1 0 0 0 0 1 1 1 1 1 1 1 1 1 ]
d13=6.632652320000 eijMax=3.321E-03 rmsd=4.146E+00 s=[ 0 0 0 1 1 1 0 0 0 0 1 0 0 0 0 1 0 1 1 1 1 1 1 1 ]
d13=6.632652320000 eijMax=3.941E-03 rmsd=4.146E+00 s=[ 0 0 0 1 1 1 0 0 0 0 1 0 0 0 0 1 1 1 1 1 1 1 1 1 ]
d13=6.633243221852 eijMax=3.941E-03 rmsd=4.148E+00 s=[ 0 0 0 0 0 0 1 1 1 1 0 1 1 1 1 0 0 0 0 0 0 0 0 0 ]
d13=6.633243221852 eijMax=2.710E-03 rmsd=4.148E+00 s=[ 0 0 0 0 0 0 1 1 1 1 0 1 1 1 1 0 1 0 0 0 0 0 0 0 ]
d13=6.633243221852 eijMax=3.941E-03 rmsd=3.706E+00 s=[ 0 0 0 0 0 1 0 0 0 1 0 1 1 1 1 0 0 0 0 0 0 0 0 0 ]
d13=6.633243221852 eijMax=2.031E-04 rmsd=3.706E+00 s=[ 0 0 0 0 0 1 0 0 0 1 0 1 1 1 1 0 1 0 0 0 0 0 0 0 ]
d13=6.633243221852 eijMax=2.031E-04 rmsd=3.706E+00 s=[ 0 0 0 1 1 0 1 1 1 0 1 0 0 0 0 1 0 1 1 1 1 1 1 1 ]
d13=6.633243221852 eijMax=3.941E-03 rmsd=3.706E+00 s=[ 0 0 0 1 1 0 1 1 1 0 1 0 0 0 0 1 1 1 1 1 1 1 1 1 ]
d13=6.633243221852 eijMax=2.710E-03 rmsd=4.148E+00 s=[ 0 0 0 1 1 1 0 0 0 0 1 0 0 0 0 1 0 1 1 1 1 1 1 1 ]
d13=6.633243221852 eijMax=3.941E-03 rmsd=4.148E+00 s=[ 0 0 0 1 1 1 0 0 0 0 1 0 0 0 0 1 1 1 1 1 1 1 1 1 ]
d13=6.633834123704 eijMax=3.941E-03 rmsd=4.150E+00 s=[ 0 0 0 0 0 0 1 1 1 1 0 1 1 1 1 0 0 0 0 0 0 0 0 0 ]
d13=6.633834123704 eijMax=2.096E-03 rmsd=4.151E+00 s=[ 0 0 0 0 0 0 1 1 1 1 0 1 1 1 1 0 1 0 0 0 0 0 0 0 ]
d13=6.633834123704 eijMax=3.941E-03 rmsd=3.708E+00 s=[ 0 0 0 0 0 1 0 0 0 1 0 1 1 1 1 0 0 0 0 0 0 0 0 0 ]
d13=6.633834123704 eijMax=7.982E-04 rmsd=3.708E+00 s=[ 0 0 0 0 0 1 0 0 0 1 0 1 1 1 1 0 1 0 0 0 0 0 0 0 ]
d13=6.633834123704 eijMax=7.982E-04 rmsd=3.708E+00 s=[ 0 0 0 1 1 0 1 1 1 0 1 0 0 0 0 1 0 1 1 1 1 1 1 1 ]
d13=6.633834123704 eijMax=3.941E-03 rmsd=3.708E+00 s=[ 0 0 0 1 1 0 1 1 1 0 1 0 0 0 0 1 1 1 1 1 1 1 1 1 ]
d13=6.633834123704 eijMax=2.096E-03 rmsd=4.151E+00 s=[ 0 0 0 1 1 1 0 0 0 0 1 0 0 0 0 1 0 1 1 1 1 1 1 1 ]
d13=6.633834123704 eijMax=3.941E-03 rmsd=4.150E+00 s=[ 0 0 0 1 1 1 0 0 0 0 1 0 0 0 0 1 1 1 1 1 1 1 1 1 ]
d13=6.634425025556 eijMax=3.941E-03 rmsd=4.153E+00 s=[ 0 0 0 0 0 0 1 1 1 1 0 1 1 1 1 0 0 0 0 0 0 0 0 0 ]
d13=6.634425025556 eijMax=1.479E-03 rmsd=4.153E+00 s=[ 0 0 0 0 0 0 1 1 1 1 0 1 1 1 1 0 1 0 0 0 0 0 0 0 ]
d13=6.634425025556 eijMax=3.941E-03 rmsd=3.709E+00 s=[ 0 0 0 0 0 1 0 0 0 1 0 1 1 1 1 0 0 0 0 0 0 0 0 0 ]
d13=6.634425025556 eijMax=1.396E-03 rmsd=3.709E+00 s=[ 0 0 0 0 0 1 0 0 0 1 0 1 1 1 1 0 1 0 0 0 0 0 0 0 ]
d13=6.634425025556 eijMax=1.396E-03 rmsd=3.709E+00 s=[ 0 0 0 1 1 0 1 1 1 0 1 0 0 0 0 1 0 1 1 1 1 1 1 1 ]
d13=6.634425025556 eijMax=3.941E-03 rmsd=3.709E+00 s=[ 0 0 0 1 1 0 1 1 1 0 1 0 0 0 0 1 1 1 1 1 1 1 1 1 ]
d13=6.634425025556 eijMax=1.479E-03 rmsd=4.153E+00 s=[ 0 0 0 1 1 1 0 0 0 0 1 0 0 0 0 1 0 1 1 1 1 1 1 1 ]
d13=6.634425025556 eijMax=3.941E-03 rmsd=4.153E+00 s=[ 0 0 0 1 1 1 0 0 0 0 1 0 0 0 0 1 1 1 1 1 1 1 1 1 ]
d13=6.635015927407 eijMax=3.941E-03 rmsd=4.155E+00 s=[ 0 0 0 0 0 0 1 1 1 1 0 1 1 1 1 0 0 0 0 0 0 0 0 0 ]
d13=6.635015927407 eijMax=8.596E-04 rmsd=4.155E+00 s=[ 0 0 0 0 0 0 1 1 1 1 0 1 1 1 1 0 1 0 0 0 0 0 0 0 ]
d13=6.635015927407 eijMax=3.941E-03 rmsd=3.710E+00 s=[ 0 0 0 0 0 1 0 0 0 1 0 1 1 1 1 0 0 0 0 0 0 0 0 0 ]
d13=6.635015927407 eijMax=1.997E-03 rmsd=3.710E+00 s=[ 0 0 0 0 0 1 0 0 0 1 0 1 1 1 1 0 1 0 0 0 0 0 0 0 ]
d13=6.635015927407 eijMax=1.997E-03 rmsd=3.710E+00 s=[ 0 0 0 1 1 0 1 1 1 0 1 0 0 0 0 1 0 1 1 1 1 1 1 1 ]
d13=6.635015927407 eijMax=3.941E-03 rmsd=3.710E+00 s=[ 0 0 0 1 1 0 1 1 1 0 1 0 0 0 0 1 1 1 1 1 1 1 1 1 ]
d13=6.635015927407 eijMax=8.596E-04 rmsd=4.155E+00 s=[ 0 0 0 1 1 1 0 0 0 0 1 0 0 0 0 1 0 1 1 1 1 1 1 1 ]
d13=6.635015927407 eijMax=3.941E-03 rmsd=4.155E+00 s=[ 0 0 0 1 1 1 0 0 0 0 1 0 0 0 0 1 1 1 1 1 1 1 1 1 ]
d13=6.635606829259 eijMax=3.941E-03 rmsd=4.157E+00 s=[ 0 0 0 0 0 0 1 1 1 1 0 1 1 1 1 0 0 0 0 0 0 0 0 0 ]
d13=6.635606829259 eijMax=2.377E-04 rmsd=4.158E+00 s=[ 0 0 0 0 0 0 1 1 1 1 0 1 1 1 1 0 1 0 0 0 0 0 0 0 ]
d13=6.635606829259 eijMax=3.941E-03 rmsd=3.712E+00 s=[ 0 0 0 0 0 1 0 0 0 1 0 1 1 1 1 0 0 0 0 0 0 0 0 0 ]
d13=6.635606829259 eijMax=2.600E-03 rmsd=3.712E+00 s=[ 0 0 0 0 0 1 0 0 0 1 0 1 1 1 1 0 1 0 0 0 0 0 0 0 ]
d13=6.635606829259 eijMax=2.600E-03 rmsd=3.712E+00 s=[ 0 0 0 1 1 0 1 1 1 0 1 0 0 0 0 1 0 1 1 1 1 1 1 1 ]
d13=6.635606829259 eijMax=3.941E-03 rmsd=3.712E+00 s=[ 0 0 0 1 1 0 1 1 1 0 1 0 0 0 0 1 1 1 1 1 1 1 1 1 ]
d13=6.635606829259 eijMax=2.377E-04 rmsd=4.158E+00 s=[ 0 0 0 1 1 1 0 0 0 0 1 0 0 0 0 1 0 1 1 1 1 1 1 1 ]
d13=6.635606829259 eijMax=3.941E-03 rmsd=4.157E+00 s=[ 0 0 0 1 1 1 0 0 0 0 1 0 0 0 0 1 1 1 1 1 1 1 1 1 ]
d13=6.636197731111 eijMax=3.941E-03 rmsd=4.160E+00 s=[ 0 0 0 0 0 0 1 1 1 1 0 1 1 1 1 0 0 0 0 0 0 0 0 0 ]
d13=6.636197731111 eijMax=3.866E-04 rmsd=4.160E+00 s=[ 0 0 0 0 0 0 1 1 1 1 0 1 1 1 1 0 1 0 0 0 0 0 0 0 ]
d13=6.636197731111 eijMax=3.941E-03 rmsd=3.713E+00 s=[ 0 0 0 0 0 1 0 0 0 1 0 1 1 1 1 0 0 0 0 0 0 0 0 0 ]
d13=6.636197731111 eijMax=3.206E-03 rmsd=3.713E+00 s=[ 0 0 0 0 0 1 0 0 0 1 0 1 1 1 1 0 1 0 0 0 0 0 0 0 ]
d13=6.636197731111 eijMax=3.206E-03 rmsd=3.713E+00 s=[ 0 0 0 1 1 0 1 1 1 0 1 0 0 0 0 1 0 1 1 1 1 1 1 1 ]
d13=6.636197731111 eijMax=3.941E-03 rmsd=3.713E+00 s=[ 0 0 0 1 1 0 1 1 1 0 1 0 0 0 0 1 1 1 1 1 1 1 1 1 ]
d13=6.636197731111 eijMax=3.866E-04 rmsd=4.160E+00 s=[ 0 0 0 1 1 1 0 0 0 0 1 0 0 0 0 1 0 1 1 1 1 1 1 1 ]
d13=6.636197731111 eijMax=3.941E-03 rmsd=4.160E+00 s=[ 0 0 0 1 1 1 0 0 0 0 1 0 0 0 0 1 1 1 1 1 1 1 1 1 ]
d13=6.636788632963 eijMax=3.941E-03 rmsd=4.162E+00 s=[ 0 0 0 0 0 0 1 1 1 1 0 1 1 1 1 0 0 0 0 0 0 0 0 0 ]
d13=6.636788632963 eijMax=1.013E-03 rmsd=4.162E+00 s=[ 0 0 0 0 0 0 1 1 1 1 0 1 1 1 1 0 1 0 0 0 0 0 0 0 ]
d13=6.636788632963 eijMax=3.941E-03 rmsd=3.714E+00 s=[ 0 0 0 0 0 1 0 0 0 1 0 1 1 1 1 0 0 0 0 0 0 0 0 0 ]
d13=6.636788632963 eijMax=3.814E-03 rmsd=3.715E+00 s=[ 0 0 0 0 0 1 0 0 0 1 0 1 1 1 1 0 1 0 0 0 0 0 0 0 ]
d13=6.636788632963 eijMax=3.814E-03 rmsd=3.715E+00 s=[ 0 0 0 1 1 0 1 1 1 0 1 0 0 0 0 1 0 1 1 1 1 1 1 1 ]
d13=6.636788632963 eijMax=3.941E-03 rmsd=3.714E+00 s=[ 0 0 0 1 1 0 1 1 1 0 1 0 0 0 0 1 1 1 1 1 1 1 1 1 ]
d13=6.636788632963 eijMax=1.013E-03 rmsd=4.162E+00 s=[ 0 0 0 1 1 1 0 0 0 0 1 0 0 0 0 1 0 1 1 1 1 1 1 1 ]
d13=6.636788632963 eijMax=3.941E-03 rmsd=4.162E+00 s=[ 0 0 0 1 1 1 0 0 0 0 1 0 0 0 0 1 1 1 1 1 1 1 1 1 ]
d13=6.637379534815 eijMax=3.941E-03 rmsd=4.164E+00 s=[ 0 0 0 0 0 0 1 1 1 1 0 1 1 1 1 0 0 0 0 0 0 0 0 0 ]
d13=6.637379534815 eijMax=1.641E-03 rmsd=4.165E+00 s=[ 0 0 0 0 0 0 1 1 1 1 0 1 1 1 1 0 1 0 0 0 0 0 0 0 ]
d13=6.637379534815 eijMax=4.424E-03 rmsd=3.716E+00 s=[ 0 0 0 0 0 1 0 0 0 1 0 1 1 1 1 0 0 0 0 0 0 0 0 0 ]
d13=6.637379534815 eijMax=4.424E-03 rmsd=3.716E+00 s=[ 0 0 0 0 0 1 0 0 0 1 0 1 1 1 1 0 1 0 0 0 0 0 0 0 ]
d13=6.637379534815 eijMax=4.424E-03 rmsd=3.716E+00 s=[ 0 0 0 1 1 0 1 1 1 0 1 0 0 0 0 1 0 1 1 1 1 1 1 1 ]
d13=6.637379534815 eijMax=4.424E-03 rmsd=3.716E+00 s=[ 0 0 0 1 1 0 1 1 1 0 1 0 0 0 0 1 1 1 1 1 1 1 1 1 ]
d13=6.637379534815 eijMax=1.641E-03 rmsd=4.165E+00 s=[ 0 0 0 1 1 1 0 0 0 0 1 0 0 0 0 1 0 1 1 1 1 1 1 1 ]
d13=6.637379534815 eijMax=3.941E-03 rmsd=4.164E+00 s=[ 0 0 0 1 1 1 0 0 0 0 1 0 0 0 0 1 1 1 1 1 1 1 1 1 ]
d13=6.637970436667 eijMax=3.941E-03 rmsd=4.167E+00 s=[ 0 0 0 0 0 0 1 1 1 1 0 1 1 1 1 0 0 0 0 0 0 0 0 0 ]
d13=6.637970436667 eijMax=2.272E-03 rmsd=4.167E+00 s=[ 0 0 0 0 0 0 1 1 1 1 0 1 1 1 1 0 1 0 0 0 0 0 0 0 ]
d13=6.637970436667 eijMax=5.037E-03 rmsd=3.717E+00 s=[ 0 0 0 0 0 1 0 0 0 1 0 1 1 1 1 0 0 0 0 0 0 0 0 0 ]
d13=6.637970436667 eijMax=5.037E-03 rmsd=3.717E+00 s=[ 0 0 0 0 0 1 0 0 0 1 0 1 1 1 1 0 1 0 0 0 0 0 0 0 ]
d13=6.637970436667 eijMax=5.037E-03 rmsd=3.717E+00 s=[ 0 0 0 1 1 0 1 1 1 0 1 0 0 0 0 1 0 1 1 1 1 1 1 1 ]
d13=6.637970436667 eijMax=5.037E-03 rmsd=3.717E+00 s=[ 0 0 0 1 1 0 1 1 1 0 1 0 0 0 0 1 1 1 1 1 1 1 1 1 ]
d13=6.637970436667 eijMax=2.272E-03 rmsd=4.167E+00 s=[ 0 0 0 1 1 1 0 0 0 0 1 0 0 0 0 1 0 1 1 1 1 1 1 1 ]
d13=6.637970436667 eijMax=3.941E-03 rmsd=4.167E+00 s=[ 0 0 0 1 1 1 0 0 0 0 1 0 0 0 0 1 1 1 1 1 1 1 1 1 ]
d13=6.638561338519 eijMax=3.941E-03 rmsd=4.169E+00 s=[ 0 0 0 0 0 0 1 1 1 1 0 1 1 1 1 0 0 0 0 0 0 0 0 0 ]
d13=6.638561338519 eijMax=2.904E-03 rmsd=4.169E+00 s=[ 0 0 0 0 0 0 1 1 1 1 0 1 1 1 1 0 1 0 0 0 0 0 0 0 ]
d13=6.638561338519 eijMax=5.651E-03 rmsd=3.719E+00 s=[ 0 0 0 0 0 1 0 0 0 1 0 1 1 1 1 0 0 0 0 0 0 0 0 0 ]
d13=6.638561338519 eijMax=5.651E-03 rmsd=3.719E+00 s=[ 0 0 0 0 0 1 0 0 0 1 0 1 1 1 1 0 1 0 0 0 0 0 0 0 ]
d13=6.638561338519 eijMax=5.651E-03 rmsd=3.719E+00 s=[ 0 0 0 1 1 0 1 1 1 0 1 0 0 0 0 1 0 1 1 1 1 1 1 1 ]
d13=6.638561338519 eijMax=5.651E-03 rmsd=3.719E+00 s=[ 0 0 0 1 1 0 1 1 1 0 1 0 0 0 0 1 1 1 1 1 1 1 1 1 ]
d13=6.638561338519 eijMax=2.904E-03 rmsd=4.169E+00 s=[ 0 0 0 1 1 1 0 0 0 0 1 0 0 0 0 1 0 1 1 1 1 1 1 1 ]
d13=6.638561338519 eijMax=3.941E-03 rmsd=4.169E+00 s=[ 0 0 0 1 1 1 0 0 0 0 1 0 0 0 0 1 1 1 1 1 1 1 1 1 ]
d13=6.639152240370 eijMax=3.941E-03 rmsd=4.171E+00 s=[ 0 0 0 0 0 0 1 1 1 1 0 1 1 1 1 0 0 0 0 0 0 0 0 0 ]
d13=6.639152240370 eijMax=3.538E-03 rmsd=4.172E+00 s=[ 0 0 0 0 0 0 1 1 1 1 0 1 1 1 1 0 1 0 0 0 0 0 0 0 ]
d13=6.639152240370 eijMax=6.267E-03 rmsd=3.720E+00 s=[ 0 0 0 0 0 1 0 0 0 1 0 1 1 1 1 0 0 0 0 0 0 0 0 0 ]
d13=6.639152240370 eijMax=6.267E-03 rmsd=3.720E+00 s=[ 0 0 0 0 0 1 0 0 0 1 0 1 1 1 1 0 1 0 0 0 0 0 0 0 ]
d13=6.639152240370 eijMax=6.267E-03 rmsd=3.720E+00 s=[ 0 0 0 1 1 0 1 1 1 0 1 0 0 0 0 1 0 1 1 1 1 1 1 1 ]
d13=6.639152240370 eijMax=6.267E-03 rmsd=3.720E+00 s=[ 0 0 0 1 1 0 1 1 1 0 1 0 0 0 0 1 1 1 1 1 1 1 1 1 ]
d13=6.639152240370 eijMax=3.538E-03 rmsd=4.172E+00 s=[ 0 0 0 1 1 1 0 0 0 0 1 0 0 0 0 1 0 1 1 1 1 1 1 1 ]
d13=6.639152240370 eijMax=3.941E-03 rmsd=4.171E+00 s=[ 0 0 0 1 1 1 0 0 0 0 1 0 0 0 0 1 1 1 1 1 1 1 1 1 ]
d13=6.639743142222 eijMax=4.174E-03 rmsd=4.174E+00 s=[ 0 0 0 0 0 0 1 1 1 1 0 1 1 1 1 0 0 0 0 0 0 0 0 0 ]
d13=6.639743142222 eijMax=4.174E-03 rmsd=4.174E+00 s=[ 0 0 0 0 0 0 1 1 1 1 0 1 1 1 1 0 1 0 0 0 0 0 0 0 ]
d13=6.639743142222 eijMax=6.885E-03 rmsd=3.722E+00 s=[ 0 0 0 0 0 1 0 0 0 1 0 1 1 1 1 0 0 0 0 0 0 0 0 0 ]
d13=6.639743142222 eijMax=6.885E-03 rmsd=3.722E+00 s=[ 0 0 0 0 0 1 0 0 0 1 0 1 1 1 1 0 1 0 0 0 0 0 0 0 ]
d13=6.639743142222 eijMax=6.885E-03 rmsd=3.722E+00 s=[ 0 0 0 1 1 0 1 1 1 0 1 0 0 0 0 1 0 1 1 1 1 1 1 1 ]
d13=6.639743142222 eijMax=6.885E-03 rmsd=3.722E+00 s=[ 0 0 0 1 1 0 1 1 1 0 1 0 0 0 0 1 1 1 1 1 1 1 1 1 ]
d13=6.639743142222 eijMax=4.174E-03 rmsd=4.174E+00 s=[ 0 0 0 1 1 1 0 0 0 0 1 0 0 0 0 1 0 1 1 1 1 1 1 1 ]
d13=6.639743142222 eijMax=4.174E-03 rmsd=4.174E+00 s=[ 0 0 0 1 1 1 0 0 0 0 1 0 0 0 0 1 1 1 1 1 1 1 1 1 ]
d13=6.640334044074 eijMax=4.811E-03 rmsd=4.176E+00 s=[ 0 0 0 0 0 0 1 1 1 1 0 1 1 1 1 0 0 0 0 0 0 0 0 0 ]
d13=6.640334044074 eijMax=4.811E-03 rmsd=4.176E+00 s=[ 0 0 0 0 0 0 1 1 1 1 0 1 1 1 1 0 1 0 0 0 0 0 0 0 ]
d13=6.640334044074 eijMax=7.504E-03 rmsd=3.723E+00 s=[ 0 0 0 0 0 1 0 0 0 1 0 1 1 1 1 0 0 0 0 0 0 0 0 0 ]
d13=6.640334044074 eijMax=7.504E-03 rmsd=3.723E+00 s=[ 0 0 0 0 0 1 0 0 0 1 0 1 1 1 1 0 1 0 0 0 0 0 0 0 ]
d13=6.640334044074 eijMax=7.504E-03 rmsd=3.723E+00 s=[ 0 0 0 1 1 0 1 1 1 0 1 0 0 0 0 1 0 1 1 1 1 1 1 1 ]
d13=6.640334044074 eijMax=7.504E-03 rmsd=3.723E+00 s=[ 0 0 0 1 1 0 1 1 1 0 1 0 0 0 0 1 1 1 1 1 1 1 1 1 ]
d13=6.640334044074 eijMax=4.811E-03 rmsd=4.176E+00 s=[ 0 0 0 1 1 1 0 0 0 0 1 0 0 0 0 1 0 1 1 1 1 1 1 1 ]
d13=6.640334044074 eijMax=4.811E-03 rmsd=4.176E+00 s=[ 0 0 0 1 1 1 0 0 0 0 1 0 0 0 0 1 1 1 1 1 1 1 1 1 ]
d13=6.640924945926 eijMax=5.449E-03 rmsd=4.178E+00 s=[ 0 0 0 0 0 0 1 1 1 1 0 1 1 1 1 0 0 0 0 0 0 0 0 0 ]
d13=6.640924945926 eijMax=5.449E-03 rmsd=4.179E+00 s=[ 0 0 0 0 0 0 1 1 1 1 0 1 1 1 1 0 1 0 0 0 0 0 0 0 ]
d13=6.640924945926 eijMax=8.125E-03 rmsd=3.725E+00 s=[ 0 0 0 0 0 1 0 0 0 1 0 1 1 1 1 0 0 0 0 0 0 0 0 0 ]
d13=6.640924945926 eijMax=8.125E-03 rmsd=3.725E+00 s=[ 0 0 0 0 0 1 0 0 0 1 0 1 1 1 1 0 1 0 0 0 0 0 0 0 ]
d13=6.640924945926 eijMax=8.125E-03 rmsd=3.725E+00 s=[ 0 0 0 1 1 0 1 1 1 0 1 0 0 0 0 1 0 1 1 1 1 1 1 1 ]
d13=6.640924945926 eijMax=8.125E-03 rmsd=3.725E+00 s=[ 0 0 0 1 1 0 1 1 1 0 1 0 0 0 0 1 1 1 1 1 1 1 1 1 ]
d13=6.640924945926 eijMax=5.449E-03 rmsd=4.179E+00 s=[ 0 0 0 1 1 1 0 0 0 0 1 0 0 0 0 1 0 1 1 1 1 1 1 1 ]
d13=6.640924945926 eijMax=5.449E-03 rmsd=4.178E+00 s=[ 0 0 0 1 1 1 0 0 0 0 1 0 0 0 0 1 1 1 1 1 1 1 1 1 ]
d13=6.641515847778 eijMax=6.089E-03 rmsd=4.181E+00 s=[ 0 0 0 0 0 0 1 1 1 1 0 1 1 1 1 0 0 0 0 0 0 0 0 0 ]
d13=6.641515847778 eijMax=6.089E-03 rmsd=4.181E+00 s=[ 0 0 0 0 0 0 1 1 1 1 0 1 1 1 1 0 1 0 0 0 0 0 0 0 ]
d13=6.641515847778 eijMax=8.748E-03 rmsd=3.726E+00 s=[ 0 0 0 0 0 1 0 0 0 1 0 1 1 1 1 0 0 0 0 0 0 0 0 0 ]
d13=6.641515847778 eijMax=8.748E-03 rmsd=3.726E+00 s=[ 0 0 0 0 0 1 0 0 0 1 0 1 1 1 1 0 1 0 0 0 0 0 0 0 ]
d13=6.641515847778 eijMax=8.748E-03 rmsd=3.726E+00 s=[ 0 0 0 1 1 0 1 1 1 0 1 0 0 0 0 1 0 1 1 1 1 1 1 1 ]
d13=6.641515847778 eijMax=8.748E-03 rmsd=3.726E+00 s=[ 0 0 0 1 1 0 1 1 1 0 1 0 0 0 0 1 1 1 1 1 1 1 1 1 ]
d13=6.641515847778 eijMax=6.089E-03 rmsd=4.181E+00 s=[ 0 0 0 1 1 1 0 0 0 0 1 0 0 0 0 1 0 1 1 1 1 1 1 1 ]
d13=6.641515847778 eijMax=6.089E-03 rmsd=4.181E+00 s=[ 0 0 0 1 1 1 0 0 0 0 1 0 0 0 0 1 1 1 1 1 1 1 1 1 ]
d13=6.642106749630 eijMax=6.731E-03 rmsd=4.183E+00 s=[ 0 0 0 0 0 0 1 1 1 1 0 1 1 1 1 0 0 0 0 0 0 0 0 0 ]
d13=6.642106749630 eijMax=6.731E-03 rmsd=4.183E+00 s=[ 0 0 0 0 0 0 1 1 1 1 0 1 1 1 1 0 1 0 0 0 0 0 0 0 ]
d13=6.642106749630 eijMax=9.371E-03 rmsd=3.728E+00 s=[ 0 0 0 0 0 1 0 0 0 1 0 1 1 1 1 0 0 0 0 0 0 0 0 0 ]
d13=6.642106749630 eijMax=9.371E-03 rmsd=3.728E+00 s=[ 0 0 0 0 0 1 0 0 0 1 0 1 1 1 1 0 1 0 0 0 0 0 0 0 ]
d13=6.642106749630 eijMax=9.371E-03 rmsd=3.728E+00 s=[ 0 0 0 1 1 0 1 1 1 0 1 0 0 0 0 1 0 1 1 1 1 1 1 1 ]
d13=6.642106749630 eijMax=9.371E-03 rmsd=3.728E+00 s=[ 0 0 0 1 1 0 1 1 1 0 1 0 0 0 0 1 1 1 1 1 1 1 1 1 ]
d13=6.642106749630 eijMax=6.731E-03 rmsd=4.183E+00 s=[ 0 0 0 1 1 1 0 0 0 0 1 0 0 0 0 1 0 1 1 1 1 1 1 1 ]
d13=6.642106749630 eijMax=6.731E-03 rmsd=4.183E+00 s=[ 0 0 0 1 1 1 0 0 0 0 1 0 0 0 0 1 1 1 1 1 1 1 1 1 ]
d13=6.642697651481 eijMax=7.373E-03 rmsd=4.185E+00 s=[ 0 0 0 0 0 0 1 1 1 1 0 1 1 1 1 0 0 0 0 0 0 0 0 0 ]
d13=6.642697651481 eijMax=7.373E-03 rmsd=4.186E+00 s=[ 0 0 0 0 0 0 1 1 1 1 0 1 1 1 1 0 1 0 0 0 0 0 0 0 ]
d13=6.642697651481 eijMax=9.997E-03 rmsd=3.729E+00 s=[ 0 0 0 0 0 1 0 0 0 1 0 1 1 1 1 0 0 0 0 0 0 0 0 0 ]
d13=6.642697651481 eijMax=9.997E-03 rmsd=3.729E+00 s=[ 0 0 0 0 0 1 0 0 0 1 0 1 1 1 1 0 1 0 0 0 0 0 0 0 ]
d13=6.642697651481 eijMax=9.997E-03 rmsd=3.729E+00 s=[ 0 0 0 1 1 0 1 1 1 0 1 0 0 0 0 1 0 1 1 1 1 1 1 1 ]
d13=6.642697651481 eijMax=9.997E-03 rmsd=3.729E+00 s=[ 0 0 0 1 1 0 1 1 1 0 1 0 0 0 0 1 1 1 1 1 1 1 1 1 ]
d13=6.642697651481 eijMax=7.373E-03 rmsd=4.186E+00 s=[ 0 0 0 1 1 1 0 0 0 0 1 0 0 0 0 1 0 1 1 1 1 1 1 1 ]
d13=6.642697651481 eijMax=7.373E-03 rmsd=4.185E+00 s=[ 0 0 0 1 1 1 0 0 0 0 1 0 0 0 0 1 1 1 1 1 1 1 1 1 ]
d13=6.643288553333 eijMax=8.016E-03 rmsd=4.188E+00 s=[ 0 0 0 0 0 0 1 1 1 1 0 1 1 1 1 0 0 0 0 0 0 0 0 0 ]
d13=6.643288553333 eijMax=8.016E-03 rmsd=4.188E+00 s=[ 0 0 0 0 0 0 1 1 1 1 0 1 1 1 1 0 1 0 0 0 0 0 0 0 ]
d13=6.643288553333 eijMax=8.016E-03 rmsd=4.188E+00 s=[ 0 0 0 1 1 1 0 0 0 0 1 0 0 0 0 1 0 1 1 1 1 1 1 1 ]
d13=6.643288553333 eijMax=8.016E-03 rmsd=4.188E+00 s=[ 0 0 0 1 1 1 0 0 0 0 1 0 0 0 0 1 1 1 1 1 1 1 1 1 ]
d13=6.643879455185 eijMax=8.661E-03 rmsd=4.190E+00 s=[ 0 0 0 0 0 0 1 1 1 1 0 1 1 1 1 0 0 0 0 0 0 0 0 0 ]
d13=6.643879455185 eijMax=8.661E-03 rmsd=4.190E+00 s=[ 0 0 0 0 0 0 1 1 1 1 0 1 1 1 1 0 1 0 0 0 0 0 0 0 ]
d13=6.643879455185 eijMax=8.661E-03 rmsd=4.190E+00 s=[ 0 0 0 1 1 1 0 0 0 0 1 0 0 0 0 1 0 1 1 1 1 1 1 1 ]
d13=6.643879455185 eijMax=8.661E-03 rmsd=4.190E+00 s=[ 0 0 0 1 1 1 0 0 0 0 1 0 0 0 0 1 1 1 1 1 1 1 1 1 ]
d13=6.644470357037 eijMax=9.306E-03 rmsd=4.193E+00 s=[ 0 0 0 0 0 0 1 1 1 1 0 1 1 1 1 0 0 0 0 0 0 0 0 0 ]
d13=6.644470357037 eijMax=9.306E-03 rmsd=4.193E+00 s=[ 0 0 0 0 0 0 1 1 1 1 0 1 1 1 1 0 1 0 0 0 0 0 0 0 ]
d13=6.644470357037 eijMax=9.306E-03 rmsd=4.193E+00 s=[ 0 0 0 1 1 1 0 0 0 0 1 0 0 0 0 1 0 1 1 1 1 1 1 1 ]
d13=6.644470357037 eijMax=9.306E-03 rmsd=4.193E+00 s=[ 0 0 0 1 1 1 0 0 0 0 1 0 0 0 0 1 1 1 1 1 1 1 1 1 ]
d13=6.645061258889 eijMax=9.952E-03 rmsd=4.195E+00 s=[ 0 0 0 0 0 0 1 1 1 1 0 1 1 1 1 0 0 0 0 0 0 0 0 0 ]
d13=6.645061258889 eijMax=9.952E-03 rmsd=4.195E+00 s=[ 0 0 0 0 0 0 1 1 1 1 0 1 1 1 1 0 1 0 0 0 0 0 0 0 ]
d13=6.645061258889 eijMax=9.952E-03 rmsd=4.195E+00 s=[ 0 0 0 1 1 1 0 0 0 0 1 0 0 0 0 1 0 1 1 1 1 1 1 1 ]
d13=6.645061258889 eijMax=9.952E-03 rmsd=4.195E+00 s=[ 0 0 0 1 1 1 0 0 0 0 1 0 0 0 0 1 1 1 1 1 1 1 1 1 ]
d13=6.662788314444 eijMax=9.726E-03 rmsd=3.792E+00 s=[ 0 0 0 0 1 1 0 0 0 0 1 0 0 0 1 1 0 1 1 1 1 1 1 1 ]
d13=6.662788314444 eijMax=9.726E-03 rmsd=3.792E+00 s=[ 0 0 0 0 1 1 0 0 0 0 1 0 0 0 1 1 1 1 1 1 1 1 1 1 ]
d13=6.662788314444 eijMax=9.726E-03 rmsd=3.792E+00 s=[ 0 0 0 1 0 0 1 1 1 1 0 1 1 1 0 0 0 0 0 0 0 0 0 0 ]
d13=6.662788314444 eijMax=9.726E-03 rmsd=3.792E+00 s=[ 0 0 0 1 0 0 1 1 1 1 0 1 1 1 0 0 1 0 0 0 0 0 0 0 ]
d13=6.663379216296 eijMax=8.620E-03 rmsd=3.792E+00 s=[ 0 0 0 0 1 1 0 0 0 0 1 0 0 0 1 1 0 1 1 1 1 1 1 1 ]
d13=6.663379216296 eijMax=8.620E-03 rmsd=3.792E+00 s=[ 0 0 0 0 1 1 0 0 0 0 1 0 0 0 1 1 1 1 1 1 1 1 1 1 ]
d13=6.663379216296 eijMax=8.620E-03 rmsd=3.792E+00 s=[ 0 0 0 1 0 0 1 1 1 1 0 1 1 1 0 0 0 0 0 0 0 0 0 0 ]
d13=6.663379216296 eijMax=8.620E-03 rmsd=3.792E+00 s=[ 0 0 0 1 0 0 1 1 1 1 0 1 1 1 0 0 1 0 0 0 0 0 0 0 ]
d13=6.663970118148 eijMax=7.513E-03 rmsd=3.791E+00 s=[ 0 0 0 0 1 1 0 0 0 0 1 0 0 0 1 1 0 1 1 1 1 1 1 1 ]
d13=6.663970118148 eijMax=7.513E-03 rmsd=3.792E+00 s=[ 0 0 0 0 1 1 0 0 0 0 1 0 0 0 1 1 1 1 1 1 1 1 1 1 ]
d13=6.663970118148 eijMax=7.513E-03 rmsd=3.792E+00 s=[ 0 0 0 1 0 0 1 1 1 1 0 1 1 1 0 0 0 0 0 0 0 0 0 0 ]
d13=6.663970118148 eijMax=7.513E-03 rmsd=3.791E+00 s=[ 0 0 0 1 0 0 1 1 1 1 0 1 1 1 0 0 1 0 0 0 0 0 0 0 ]
d13=6.664561020000 eijMax=8.960E-03 rmsd=3.609E+00 s=[ 0 0 0 0 1 0 1 1 1 0 1 0 0 0 1 1 0 1 1 1 1 1 1 1 ]
d13=6.664561020000 eijMax=8.960E-03 rmsd=3.609E+00 s=[ 0 0 0 0 1 0 1 1 1 0 1 0 0 0 1 1 1 1 1 1 1 1 1 1 ]
d13=6.664561020000 eijMax=6.404E-03 rmsd=3.791E+00 s=[ 0 0 0 0 1 1 0 0 0 0 1 0 0 0 1 1 0 1 1 1 1 1 1 1 ]
d13=6.664561020000 eijMax=6.404E-03 rmsd=3.791E+00 s=[ 0 0 0 0 1 1 0 0 0 0 1 0 0 0 1 1 1 1 1 1 1 1 1 1 ]
d13=6.664561020000 eijMax=6.404E-03 rmsd=3.791E+00 s=[ 0 0 0 1 0 0 1 1 1 1 0 1 1 1 0 0 0 0 0 0 0 0 0 0 ]
d13=6.664561020000 eijMax=6.404E-03 rmsd=3.791E+00 s=[ 0 0 0 1 0 0 1 1 1 1 0 1 1 1 0 0 1 0 0 0 0 0 0 0 ]
d13=6.664561020000 eijMax=8.960E-03 rmsd=3.609E+00 s=[ 0 0 0 1 0 1 0 0 0 1 0 1 1 1 0 0 0 0 0 0 0 0 0 0 ]
d13=6.664561020000 eijMax=8.960E-03 rmsd=3.609E+00 s=[ 0 0 0 1 0 1 0 0 0 1 0 1 1 1 0 0 1 0 0 0 0 0 0 0 ]
d13=6.665151921852 eijMax=7.846E-03 rmsd=3.610E+00 s=[ 0 0 0 0 1 0 1 1 1 0 1 0 0 0 1 1 0 1 1 1 1 1 1 1 ]
d13=6.665151921852 eijMax=7.846E-03 rmsd=3.610E+00 s=[ 0 0 0 0 1 0 1 1 1 0 1 0 0 0 1 1 1 1 1 1 1 1 1 1 ]
d13=6.665151921852 eijMax=5.295E-03 rmsd=3.791E+00 s=[ 0 0 0 0 1 1 0 0 0 0 1 0 0 0 1 1 0 1 1 1 1 1 1 1 ]
d13=6.665151921852 eijMax=5.295E-03 rmsd=3.791E+00 s=[ 0 0 0 0 1 1 0 0 0 0 1 0 0 0 1 1 1 1 1 1 1 1 1 1 ]
d13=6.665151921852 eijMax=5.295E-03 rmsd=3.791E+00 s=[ 0 0 0 1 0 0 1 1 1 1 0 1 1 1 0 0 0 0 0 0 0 0 0 0 ]
d13=6.665151921852 eijMax=5.295E-03 rmsd=3.791E+00 s=[ 0 0 0 1 0 0 1 1 1 1 0 1 1 1 0 0 1 0 0 0 0 0 0 0 ]
d13=6.665151921852 eijMax=7.846E-03 rmsd=3.610E+00 s=[ 0 0 0 1 0 1 0 0 0 1 0 1 1 1 0 0 0 0 0 0 0 0 0 0 ]
d13=6.665151921852 eijMax=7.846E-03 rmsd=3.610E+00 s=[ 0 0 0 1 0 1 0 0 0 1 0 1 1 1 0 0 1 0 0 0 0 0 0 0 ]
d13=6.665742823704 eijMax=6.730E-03 rmsd=3.610E+00 s=[ 0 0 0 0 1 0 1 1 1 0 1 0 0 0 1 1 0 1 1 1 1 1 1 1 ]
d13=6.665742823704 eijMax=6.730E-03 rmsd=3.610E+00 s=[ 0 0 0 0 1 0 1 1 1 0 1 0 0 0 1 1 1 1 1 1 1 1 1 1 ]
d13=6.665742823704 eijMax=4.184E-03 rmsd=3.791E+00 s=[ 0 0 0 0 1 1 0 0 0 0 1 0 0 0 1 1 0 1 1 1 1 1 1 1 ]
d13=6.665742823704 eijMax=4.184E-03 rmsd=3.791E+00 s=[ 0 0 0 0 1 1 0 0 0 0 1 0 0 0 1 1 1 1 1 1 1 1 1 1 ]
d13=6.665742823704 eijMax=4.184E-03 rmsd=3.791E+00 s=[ 0 0 0 1 0 0 1 1 1 1 0 1 1 1 0 0 0 0 0 0 0 0 0 0 ]
d13=6.665742823704 eijMax=4.184E-03 rmsd=3.791E+00 s=[ 0 0 0 1 0 0 1 1 1 1 0 1 1 1 0 0 1 0 0 0 0 0 0 0 ]
d13=6.665742823704 eijMax=6.730E-03 rmsd=3.610E+00 s=[ 0 0 0 1 0 1 0 0 0 1 0 1 1 1 0 0 0 0 0 0 0 0 0 0 ]
d13=6.665742823704 eijMax=6.730E-03 rmsd=3.610E+00 s=[ 0 0 0 1 0 1 0 0 0 1 0 1 1 1 0 0 1 0 0 0 0 0 0 0 ]
d13=6.666333725556 eijMax=5.613E-03 rmsd=3.611E+00 s=[ 0 0 0 0 1 0 1 1 1 0 1 0 0 0 1 1 0 1 1 1 1 1 1 1 ]
d13=6.666333725556 eijMax=5.613E-03 rmsd=3.611E+00 s=[ 0 0 0 0 1 0 1 1 1 0 1 0 0 0 1 1 1 1 1 1 1 1 1 1 ]
d13=6.666333725556 eijMax=3.072E-03 rmsd=3.791E+00 s=[ 0 0 0 0 1 1 0 0 0 0 1 0 0 0 1 1 0 1 1 1 1 1 1 1 ]
d13=6.666333725556 eijMax=3.941E-03 rmsd=3.791E+00 s=[ 0 0 0 0 1 1 0 0 0 0 1 0 0 0 1 1 1 1 1 1 1 1 1 1 ]
d13=6.666333725556 eijMax=3.941E-03 rmsd=3.791E+00 s=[ 0 0 0 1 0 0 1 1 1 1 0 1 1 1 0 0 0 0 0 0 0 0 0 0 ]
d13=6.666333725556 eijMax=3.072E-03 rmsd=3.791E+00 s=[ 0 0 0 1 0 0 1 1 1 1 0 1 1 1 0 0 1 0 0 0 0 0 0 0 ]
d13=6.666333725556 eijMax=5.613E-03 rmsd=3.611E+00 s=[ 0 0 0 1 0 1 0 0 0 1 0 1 1 1 0 0 0 0 0 0 0 0 0 0 ]
d13=6.666333725556 eijMax=5.613E-03 rmsd=3.611E+00 s=[ 0 0 0 1 0 1 0 0 0 1 0 1 1 1 0 0 1 0 0 0 0 0 0 0 ]
d13=6.666924627407 eijMax=4.494E-03 rmsd=3.611E+00 s=[ 0 0 0 0 1 0 1 1 1 0 1 0 0 0 1 1 0 1 1 1 1 1 1 1 ]
d13=6.666924627407 eijMax=4.494E-03 rmsd=3.611E+00 s=[ 0 0 0 0 1 0 1 1 1 0 1 0 0 0 1 1 1 1 1 1 1 1 1 1 ]
d13=6.666924627407 eijMax=1.959E-03 rmsd=3.790E+00 s=[ 0 0 0 0 1 1 0 0 0 0 1 0 0 0 1 1 0 1 1 1 1 1 1 1 ]
d13=6.666924627407 eijMax=3.941E-03 rmsd=3.791E+00 s=[ 0 0 0 0 1 1 0 0 0 0 1 0 0 0 1 1 1 1 1 1 1 1 1 1 ]
d13=6.666924627407 eijMax=3.941E-03 rmsd=3.791E+00 s=[ 0 0 0 1 0 0 1 1 1 1 0 1 1 1 0 0 0 0 0 0 0 0 0 0 ]
d13=6.666924627407 eijMax=1.959E-03 rmsd=3.790E+00 s=[ 0 0 0 1 0 0 1 1 1 1 0 1 1 1 0 0 1 0 0 0 0 0 0 0 ]
d13=6.666924627407 eijMax=4.494E-03 rmsd=3.611E+00 s=[ 0 0 0 1 0 1 0 0 0 1 0 1 1 1 0 0 0 0 0 0 0 0 0 0 ]
d13=6.666924627407 eijMax=4.494E-03 rmsd=3.611E+00 s=[ 0 0 0 1 0 1 0 0 0 1 0 1 1 1 0 0 1 0 0 0 0 0 0 0 ]
d13=6.667515529259 eijMax=3.374E-03 rmsd=3.612E+00 s=[ 0 0 0 0 1 0 1 1 1 0 1 0 0 0 1 1 0 1 1 1 1 1 1 1 ]
d13=6.667515529259 eijMax=3.941E-03 rmsd=3.612E+00 s=[ 0 0 0 0 1 0 1 1 1 0 1 0 0 0 1 1 1 1 1 1 1 1 1 1 ]
d13=6.667515529259 eijMax=8.450E-04 rmsd=3.790E+00 s=[ 0 0 0 0 1 1 0 0 0 0 1 0 0 0 1 1 0 1 1 1 1 1 1 1 ]
d13=6.667515529259 eijMax=3.941E-03 rmsd=3.790E+00 s=[ 0 0 0 0 1 1 0 0 0 0 1 0 0 0 1 1 1 1 1 1 1 1 1 1 ]
d13=6.667515529259 eijMax=3.941E-03 rmsd=3.790E+00 s=[ 0 0 0 1 0 0 1 1 1 1 0 1 1 1 0 0 0 0 0 0 0 0 0 0 ]
d13=6.667515529259 eijMax=8.450E-04 rmsd=3.790E+00 s=[ 0 0 0 1 0 0 1 1 1 1 0 1 1 1 0 0 1 0 0 0 0 0 0 0 ]
d13=6.667515529259 eijMax=3.941E-03 rmsd=3.612E+00 s=[ 0 0 0 1 0 1 0 0 0 1 0 1 1 1 0 0 0 0 0 0 0 0 0 0 ]
d13=6.667515529259 eijMax=3.374E-03 rmsd=3.612E+00 s=[ 0 0 0 1 0 1 0 0 0 1 0 1 1 1 0 0 1 0 0 0 0 0 0 0 ]
d13=6.668106431111 eijMax=2.253E-03 rmsd=3.612E+00 s=[ 0 0 0 0 1 0 1 1 1 0 1 0 0 0 1 1 0 1 1 1 1 1 1 1 ]
d13=6.668106431111 eijMax=3.941E-03 rmsd=3.613E+00 s=[ 0 0 0 0 1 0 1 1 1 0 1 0 0 0 1 1 1 1 1 1 1 1 1 1 ]
d13=6.668106431111 eijMax=2.704E-04 rmsd=3.790E+00 s=[ 0 0 0 0 1 1 0 0 0 0 1 0 0 0 1 1 0 1 1 1 1 1 1 1 ]
d13=6.668106431111 eijMax=3.941E-03 rmsd=3.790E+00 s=[ 0 0 0 0 1 1 0 0 0 0 1 0 0 0 1 1 1 1 1 1 1 1 1 1 ]
d13=6.668106431111 eijMax=3.941E-03 rmsd=3.790E+00 s=[ 0 0 0 1 0 0 1 1 1 1 0 1 1 1 0 0 0 0 0 0 0 0 0 0 ]
d13=6.668106431111 eijMax=2.704E-04 rmsd=3.790E+00 s=[ 0 0 0 1 0 0 1 1 1 1 0 1 1 1 0 0 1 0 0 0 0 0 0 0 ]
d13=6.668106431111 eijMax=3.941E-03 rmsd=3.613E+00 s=[ 0 0 0 1 0 1 0 0 0 1 0 1 1 1 0 0 0 0 0 0 0 0 0 0 ]
d13=6.668106431111 eijMax=2.253E-03 rmsd=3.612E+00 s=[ 0 0 0 1 0 1 0 0 0 1 0 1 1 1 0 0 1 0 0 0 0 0 0 0 ]
d13=6.668697332963 eijMax=1.131E-03 rmsd=3.613E+00 s=[ 0 0 0 0 1 0 1 1 1 0 1 0 0 0 1 1 0 1 1 1 1 1 1 1 ]
d13=6.668697332963 eijMax=3.941E-03 rmsd=3.613E+00 s=[ 0 0 0 0 1 0 1 1 1 0 1 0 0 0 1 1 1 1 1 1 1 1 1 1 ]
d13=6.668697332963 eijMax=1.387E-03 rmsd=3.790E+00 s=[ 0 0 0 0 1 1 0 0 0 0 1 0 0 0 1 1 0 1 1 1 1 1 1 1 ]
d13=6.668697332963 eijMax=3.941E-03 rmsd=3.790E+00 s=[ 0 0 0 0 1 1 0 0 0 0 1 0 0 0 1 1 1 1 1 1 1 1 1 1 ]
d13=6.668697332963 eijMax=3.941E-03 rmsd=3.790E+00 s=[ 0 0 0 1 0 0 1 1 1 1 0 1 1 1 0 0 0 0 0 0 0 0 0 0 ]
d13=6.668697332963 eijMax=1.387E-03 rmsd=3.790E+00 s=[ 0 0 0 1 0 0 1 1 1 1 0 1 1 1 0 0 1 0 0 0 0 0 0 0 ]
d13=6.668697332963 eijMax=3.941E-03 rmsd=3.613E+00 s=[ 0 0 0 1 0 1 0 0 0 1 0 1 1 1 0 0 0 0 0 0 0 0 0 0 ]
d13=6.668697332963 eijMax=1.131E-03 rmsd=3.613E+00 s=[ 0 0 0 1 0 1 0 0 0 1 0 1 1 1 0 0 1 0 0 0 0 0 0 0 ]
d13=6.669288234815 eijMax=6.578E-06 rmsd=3.614E+00 s=[ 0 0 0 0 1 0 1 1 1 0 1 0 0 0 1 1 0 1 1 1 1 1 1 1 ]
d13=6.669288234815 eijMax=3.941E-03 rmsd=3.614E+00 s=[ 0 0 0 0 1 0 1 1 1 0 1 0 0 0 1 1 1 1 1 1 1 1 1 1 ]
d13=6.669288234815 eijMax=2.505E-03 rmsd=3.790E+00 s=[ 0 0 0 0 1 1 0 0 0 0 1 0 0 0 1 1 0 1 1 1 1 1 1 1 ]
d13=6.669288234815 eijMax=3.941E-03 rmsd=3.790E+00 s=[ 0 0 0 0 1 1 0 0 0 0 1 0 0 0 1 1 1 1 1 1 1 1 1 1 ]
d13=6.669288234815 eijMax=3.941E-03 rmsd=3.790E+00 s=[ 0 0 0 1 0 0 1 1 1 1 0 1 1 1 0 0 0 0 0 0 0 0 0 0 ]
d13=6.669288234815 eijMax=2.505E-03 rmsd=3.790E+00 s=[ 0 0 0 1 0 0 1 1 1 1 0 1 1 1 0 0 1 0 0 0 0 0 0 0 ]
d13=6.669288234815 eijMax=3.941E-03 rmsd=3.614E+00 s=[ 0 0 0 1 0 1 0 0 0 1 0 1 1 1 0 0 0 0 0 0 0 0 0 0 ]
d13=6.669288234815 eijMax=6.578E-06 rmsd=3.614E+00 s=[ 0 0 0 1 0 1 0 0 0 1 0 1 1 1 0 0 1 0 0 0 0 0 0 0 ]
d13=6.669879136667 eijMax=1.119E-03 rmsd=3.614E+00 s=[ 0 0 0 0 1 0 1 1 1 0 1 0 0 0 1 1 0 1 1 1 1 1 1 1 ]
d13=6.669879136667 eijMax=3.941E-03 rmsd=3.614E+00 s=[ 0 0 0 0 1 0 1 1 1 0 1 0 0 0 1 1 1 1 1 1 1 1 1 1 ]
d13=6.669879136667 eijMax=3.624E-03 rmsd=3.789E+00 s=[ 0 0 0 0 1 1 0 0 0 0 1 0 0 0 1 1 0 1 1 1 1 1 1 1 ]
d13=6.669879136667 eijMax=3.941E-03 rmsd=3.790E+00 s=[ 0 0 0 0 1 1 0 0 0 0 1 0 0 0 1 1 1 1 1 1 1 1 1 1 ]
d13=6.669879136667 eijMax=3.941E-03 rmsd=3.790E+00 s=[ 0 0 0 1 0 0 1 1 1 1 0 1 1 1 0 0 0 0 0 0 0 0 0 0 ]
d13=6.669879136667 eijMax=3.624E-03 rmsd=3.789E+00 s=[ 0 0 0 1 0 0 1 1 1 1 0 1 1 1 0 0 1 0 0 0 0 0 0 0 ]
d13=6.669879136667 eijMax=3.941E-03 rmsd=3.614E+00 s=[ 0 0 0 1 0 1 0 0 0 1 0 1 1 1 0 0 0 0 0 0 0 0 0 0 ]
d13=6.669879136667 eijMax=1.119E-03 rmsd=3.614E+00 s=[ 0 0 0 1 0 1 0 0 0 1 0 1 1 1 0 0 1 0 0 0 0 0 0 0 ]
d13=6.670470038519 eijMax=2.245E-03 rmsd=3.615E+00 s=[ 0 0 0 0 1 0 1 1 1 0 1 0 0 0 1 1 0 1 1 1 1 1 1 1 ]
d13=6.670470038519 eijMax=3.941E-03 rmsd=3.615E+00 s=[ 0 0 0 0 1 0 1 1 1 0 1 0 0 0 1 1 1 1 1 1 1 1 1 1 ]
d13=6.670470038519 eijMax=4.744E-03 rmsd=3.789E+00 s=[ 0 0 0 0 1 1 0 0 0 0 1 0 0 0 1 1 0 1 1 1 1 1 1 1 ]
d13=6.670470038519 eijMax=4.744E-03 rmsd=3.789E+00 s=[ 0 0 0 0 1 1 0 0 0 0 1 0 0 0 1 1 1 1 1 1 1 1 1 1 ]
d13=6.670470038519 eijMax=4.744E-03 rmsd=3.789E+00 s=[ 0 0 0 1 0 0 1 1 1 1 0 1 1 1 0 0 0 0 0 0 0 0 0 0 ]
d13=6.670470038519 eijMax=4.744E-03 rmsd=3.789E+00 s=[ 0 0 0 1 0 0 1 1 1 1 0 1 1 1 0 0 1 0 0 0 0 0 0 0 ]
d13=6.670470038519 eijMax=3.941E-03 rmsd=3.615E+00 s=[ 0 0 0 1 0 1 0 0 0 1 0 1 1 1 0 0 0 0 0 0 0 0 0 0 ]
d13=6.670470038519 eijMax=2.245E-03 rmsd=3.615E+00 s=[ 0 0 0 1 0 1 0 0 0 1 0 1 1 1 0 0 1 0 0 0 0 0 0 0 ]
d13=6.671060940370 eijMax=3.373E-03 rmsd=3.616E+00 s=[ 0 0 0 0 1 0 1 1 1 0 1 0 0 0 1 1 0 1 1 1 1 1 1 1 ]
d13=6.671060940370 eijMax=3.941E-03 rmsd=3.616E+00 s=[ 0 0 0 0 1 0 1 1 1 0 1 0 0 0 1 1 1 1 1 1 1 1 1 1 ]
d13=6.671060940370 eijMax=5.865E-03 rmsd=3.789E+00 s=[ 0 0 0 0 1 1 0 0 0 0 1 0 0 0 1 1 0 1 1 1 1 1 1 1 ]
d13=6.671060940370 eijMax=5.865E-03 rmsd=3.789E+00 s=[ 0 0 0 0 1 1 0 0 0 0 1 0 0 0 1 1 1 1 1 1 1 1 1 1 ]
d13=6.671060940370 eijMax=5.865E-03 rmsd=3.789E+00 s=[ 0 0 0 1 0 0 1 1 1 1 0 1 1 1 0 0 0 0 0 0 0 0 0 0 ]
d13=6.671060940370 eijMax=5.865E-03 rmsd=3.789E+00 s=[ 0 0 0 1 0 0 1 1 1 1 0 1 1 1 0 0 1 0 0 0 0 0 0 0 ]
d13=6.671060940370 eijMax=3.941E-03 rmsd=3.616E+00 s=[ 0 0 0 1 0 1 0 0 0 1 0 1 1 1 0 0 0 0 0 0 0 0 0 0 ]
d13=6.671060940370 eijMax=3.373E-03 rmsd=3.616E+00 s=[ 0 0 0 1 0 1 0 0 0 1 0 1 1 1 0 0 1 0 0 0 0 0 0 0 ]
d13=6.671651842222 eijMax=4.503E-03 rmsd=3.616E+00 s=[ 0 0 0 0 1 0 1 1 1 0 1 0 0 0 1 1 0 1 1 1 1 1 1 1 ]
d13=6.671651842222 eijMax=4.503E-03 rmsd=3.616E+00 s=[ 0 0 0 0 1 0 1 1 1 0 1 0 0 0 1 1 1 1 1 1 1 1 1 1 ]
d13=6.671651842222 eijMax=6.988E-03 rmsd=3.789E+00 s=[ 0 0 0 0 1 1 0 0 0 0 1 0 0 0 1 1 0 1 1 1 1 1 1 1 ]
d13=6.671651842222 eijMax=6.988E-03 rmsd=3.789E+00 s=[ 0 0 0 0 1 1 0 0 0 0 1 0 0 0 1 1 1 1 1 1 1 1 1 1 ]
d13=6.671651842222 eijMax=6.988E-03 rmsd=3.789E+00 s=[ 0 0 0 1 0 0 1 1 1 1 0 1 1 1 0 0 0 0 0 0 0 0 0 0 ]
d13=6.671651842222 eijMax=6.988E-03 rmsd=3.789E+00 s=[ 0 0 0 1 0 0 1 1 1 1 0 1 1 1 0 0 1 0 0 0 0 0 0 0 ]
d13=6.671651842222 eijMax=4.503E-03 rmsd=3.616E+00 s=[ 0 0 0 1 0 1 0 0 0 1 0 1 1 1 0 0 0 0 0 0 0 0 0 0 ]
d13=6.671651842222 eijMax=4.503E-03 rmsd=3.616E+00 s=[ 0 0 0 1 0 1 0 0 0 1 0 1 1 1 0 0 1 0 0 0 0 0 0 0 ]
d13=6.672242744074 eijMax=5.634E-03 rmsd=3.617E+00 s=[ 0 0 0 0 1 0 1 1 1 0 1 0 0 0 1 1 0 1 1 1 1 1 1 1 ]
d13=6.672242744074 eijMax=5.634E-03 rmsd=3.617E+00 s=[ 0 0 0 0 1 0 1 1 1 0 1 0 0 0 1 1 1 1 1 1 1 1 1 1 ]
d13=6.672242744074 eijMax=8.111E-03 rmsd=3.789E+00 s=[ 0 0 0 0 1 1 0 0 0 0 1 0 0 0 1 1 0 1 1 1 1 1 1 1 ]
d13=6.672242744074 eijMax=8.111E-03 rmsd=3.789E+00 s=[ 0 0 0 0 1 1 0 0 0 0 1 0 0 0 1 1 1 1 1 1 1 1 1 1 ]
d13=6.672242744074 eijMax=8.111E-03 rmsd=3.789E+00 s=[ 0 0 0 1 0 0 1 1 1 1 0 1 1 1 0 0 0 0 0 0 0 0 0 0 ]
d13=6.672242744074 eijMax=8.111E-03 rmsd=3.789E+00 s=[ 0 0 0 1 0 0 1 1 1 1 0 1 1 1 0 0 1 0 0 0 0 0 0 0 ]
d13=6.672242744074 eijMax=5.634E-03 rmsd=3.617E+00 s=[ 0 0 0 1 0 1 0 0 0 1 0 1 1 1 0 0 0 0 0 0 0 0 0 0 ]
d13=6.672242744074 eijMax=5.634E-03 rmsd=3.617E+00 s=[ 0 0 0 1 0 1 0 0 0 1 0 1 1 1 0 0 1 0 0 0 0 0 0 0 ]
d13=6.672833645926 eijMax=6.766E-03 rmsd=3.617E+00 s=[ 0 0 0 0 1 0 1 1 1 0 1 0 0 0 1 1 0 1 1 1 1 1 1 1 ]
d13=6.672833645926 eijMax=6.766E-03 rmsd=3.618E+00 s=[ 0 0 0 0 1 0 1 1 1 0 1 0 0 0 1 1 1 1 1 1 1 1 1 1 ]
d13=6.672833645926 eijMax=9.236E-03 rmsd=3.788E+00 s=[ 0 0 0 0 1 1 0 0 0 0 1 0 0 0 1 1 0 1 1 1 1 1 1 1 ]
d13=6.672833645926 eijMax=9.236E-03 rmsd=3.789E+00 s=[ 0 0 0 0 1 1 0 0 0 0 1 0 0 0 1 1 1 1 1 1 1 1 1 1 ]
d13=6.672833645926 eijMax=9.236E-03 rmsd=3.789E+00 s=[ 0 0 0 1 0 0 1 1 1 1 0 1 1 1 0 0 0 0 0 0 0 0 0 0 ]
d13=6.672833645926 eijMax=9.236E-03 rmsd=3.788E+00 s=[ 0 0 0 1 0 0 1 1 1 1 0 1 1 1 0 0 1 0 0 0 0 0 0 0 ]
d13=6.672833645926 eijMax=6.766E-03 rmsd=3.618E+00 s=[ 0 0 0 1 0 1 0 0 0 1 0 1 1 1 0 0 0 0 0 0 0 0 0 0 ]
d13=6.672833645926 eijMax=6.766E-03 rmsd=3.617E+00 s=[ 0 0 0 1 0 1 0 0 0 1 0 1 1 1 0 0 1 0 0 0 0 0 0 0 ]
d13=6.673424547778 eijMax=7.899E-03 rmsd=3.618E+00 s=[ 0 0 0 0 1 0 1 1 1 0 1 0 0 0 1 1 0 1 1 1 1 1 1 1 ]
d13=6.673424547778 eijMax=7.899E-03 rmsd=3.618E+00 s=[ 0 0 0 0 1 0 1 1 1 0 1 0 0 0 1 1 1 1 1 1 1 1 1 1 ]
d13=6.673424547778 eijMax=7.899E-03 rmsd=3.618E+00 s=[ 0 0 0 1 0 1 0 0 0 1 0 1 1 1 0 0 0 0 0 0 0 0 0 0 ]
d13=6.673424547778 eijMax=7.899E-03 rmsd=3.618E+00 s=[ 0 0 0 1 0 1 0 0 0 1 0 1 1 1 0 0 1 0 0 0 0 0 0 0 ]
d13=6.674015449630 eijMax=9.034E-03 rmsd=3.619E+00 s=[ 0 0 0 0 1 0 1 1 1 0 1 0 0 0 1 1 0 1 1 1 1 1 1 1 ]
d13=6.674015449630 eijMax=9.034E-03 rmsd=3.619E+00 s=[ 0 0 0 0 1 0 1 1 1 0 1 0 0 0 1 1 1 1 1 1 1 1 1 1 ]
d13=6.674015449630 eijMax=9.034E-03 rmsd=3.619E+00 s=[ 0 0 0 1 0 1 0 0 0 1 0 1 1 1 0 0 0 0 0 0 0 0 0 0 ]
d13=6.674015449630 eijMax=9.034E-03 rmsd=3.619E+00 s=[ 0 0 0 1 0 1 0 0 0 1 0 1 1 1 0 0 1 0 0 0 0 0 0 0 ]
d13=6.769150647778 eijMax=9.270E-03 rmsd=1.876E+00 s=[ 0 0 0 0 1 0 1 1 1 0 1 0 0 0 1 0 0 0 0 0 0 0 0 0 ]
d13=6.769150647778 eijMax=9.270E-03 rmsd=1.876E+00 s=[ 0 0 0 0 1 0 1 1 1 0 1 0 0 0 1 0 1 0 0 0 0 0 0 0 ]
d13=6.769150647778 eijMax=9.270E-03 rmsd=1.876E+00 s=[ 0 0 0 1 0 1 0 0 0 1 0 1 1 1 0 1 0 1 1 1 1 1 1 1 ]
d13=6.769150647778 eijMax=9.270E-03 rmsd=1.876E+00 s=[ 0 0 0 1 0 1 0 0 0 1 0 1 1 1 0 1 1 1 1 1 1 1 1 1 ]
d13=6.769741549630 eijMax=8.278E-03 rmsd=1.878E+00 s=[ 0 0 0 0 1 0 1 1 1 0 1 0 0 0 1 0 0 0 0 0 0 0 0 0 ]
d13=6.769741549630 eijMax=8.278E-03 rmsd=1.878E+00 s=[ 0 0 0 0 1 0 1 1 1 0 1 0 0 0 1 0 1 0 0 0 0 0 0 0 ]
d13=6.769741549630 eijMax=9.101E-03 rmsd=4.132E-02 s=[ 0 0 0 0 1 1 0 0 0 0 1 0 0 0 1 0 0 0 0 0 0 0 0 0 ]
d13=6.769741549630 eijMax=9.101E-03 rmsd=4.118E-02 s=[ 0 0 0 0 1 1 0 0 0 0 1 0 0 0 1 0 1 0 0 0 0 0 0 0 ]
d13=6.769741549630 eijMax=9.101E-03 rmsd=4.118E-02 s=[ 0 0 0 1 0 0 1 1 1 1 0 1 1 1 0 1 0 1 1 1 1 1 1 1 ]
d13=6.769741549630 eijMax=9.101E-03 rmsd=4.132E-02 s=[ 0 0 0 1 0 0 1 1 1 1 0 1 1 1 0 1 1 1 1 1 1 1 1 1 ]
d13=6.769741549630 eijMax=8.278E-03 rmsd=1.878E+00 s=[ 0 0 0 1 0 1 0 0 0 1 0 1 1 1 0 1 0 1 1 1 1 1 1 1 ]
d13=6.769741549630 eijMax=8.278E-03 rmsd=1.878E+00 s=[ 0 0 0 1 0 1 0 0 0 1 0 1 1 1 0 1 1 1 1 1 1 1 1 1 ]
d13=6.770332451481 eijMax=7.289E-03 rmsd=1.880E+00 s=[ 0 0 0 0 1 0 1 1 1 0 1 0 0 0 1 0 0 0 0 0 0 0 0 0 ]
d13=6.770332451481 eijMax=7.289E-03 rmsd=1.880E+00 s=[ 0 0 0 0 1 0 1 1 1 0 1 0 0 0 1 0 1 0 0 0 0 0 0 0 ]
d13=6.770332451481 eijMax=8.137E-03 rmsd=3.704E-02 s=[ 0 0 0 0 1 1 0 0 0 0 1 0 0 0 1 0 0 0 0 0 0 0 0 0 ]
d13=6.770332451481 eijMax=8.137E-03 rmsd=3.687E-02 s=[ 0 0 0 0 1 1 0 0 0 0 1 0 0 0 1 0 1 0 0 0 0 0 0 0 ]
d13=6.770332451481 eijMax=8.137E-03 rmsd=3.687E-02 s=[ 0 0 0 1 0 0 1 1 1 1 0 1 1 1 0 1 0 1 1 1 1 1 1 1 ]
d13=6.770332451481 eijMax=8.137E-03 rmsd=3.704E-02 s=[ 0 0 0 1 0 0 1 1 1 1 0 1 1 1 0 1 1 1 1 1 1 1 1 1 ]
d13=6.770332451481 eijMax=7.289E-03 rmsd=1.880E+00 s=[ 0 0 0 1 0 1 0 0 0 1 0 1 1 1 0 1 0 1 1 1 1 1 1 1 ]
d13=6.770332451481 eijMax=7.289E-03 rmsd=1.880E+00 s=[ 0 0 0 1 0 1 0 0 0 1 0 1 1 1 0 1 1 1 1 1 1 1 1 1 ]
d13=6.770923353333 eijMax=6.302E-03 rmsd=1.882E+00 s=[ 0 0 0 0 1 0 1 1 1 0 1 0 0 0 1 0 0 0 0 0 0 0 0 0 ]
d13=6.770923353333 eijMax=6.302E-03 rmsd=1.882E+00 s=[ 0 0 0 0 1 0 1 1 1 0 1 0 0 0 1 0 1 0 0 0 0 0 0 0 ]
d13=6.770923353333 eijMax=7.175E-03 rmsd=3.275E-02 s=[ 0 0 0 0 1 1 0 0 0 0 1 0 0 0 1 0 0 0 0 0 0 0 0 0 ]
d13=6.770923353333 eijMax=7.175E-03 rmsd=3.257E-02 s=[ 0 0 0 0 1 1 0 0 0 0 1 0 0 0 1 0 1 0 0 0 0 0 0 0 ]
d13=6.770923353333 eijMax=7.175E-03 rmsd=3.257E-02 s=[ 0 0 0 1 0 0 1 1 1 1 0 1 1 1 0 1 0 1 1 1 1 1 1 1 ]
d13=6.770923353333 eijMax=7.175E-03 rmsd=3.275E-02 s=[ 0 0 0 1 0 0 1 1 1 1 0 1 1 1 0 1 1 1 1 1 1 1 1 1 ]
d13=6.770923353333 eijMax=6.302E-03 rmsd=1.882E+00 s=[ 0 0 0 1 0 1 0 0 0 1 0 1 1 1 0 1 0 1 1 1 1 1 1 1 ]
d13=6.770923353333 eijMax=6.302E-03 rmsd=1.882E+00 s=[ 0 0 0 1 0 1 0 0 0 1 0 1 1 1 0 1 1 1 1 1 1 1 1 1 ]
d13=6.771514255185 eijMax=5.318E-03 rmsd=1.884E+00 s=[ 0 0 0 0 1 0 1 1 1 0 1 0 0 0 1 0 0 0 0 0 0 0 0 0 ]
d13=6.771514255185 eijMax=5.318E-03 rmsd=1.884E+00 s=[ 0 0 0 0 1 0 1 1 1 0 1 0 0 0 1 0 1 0 0 0 0 0 0 0 ]
d13=6.771514255185 eijMax=6.215E-03 rmsd=2.847E-02 s=[ 0 0 0 0 1 1 0 0 0 0 1 0 0 0 1 0 0 0 0 0 0 0 0 0 ]
d13=6.771514255185 eijMax=6.215E-03 rmsd=2.825E-02 s=[ 0 0 0 0 1 1 0 0 0 0 1 0 0 0 1 0 1 0 0 0 0 0 0 0 ]
d13=6.771514255185 eijMax=6.215E-03 rmsd=2.825E-02 s=[ 0 0 0 1 0 0 1 1 1 1 0 1 1 1 0 1 0 1 1 1 1 1 1 1 ]
d13=6.771514255185 eijMax=6.215E-03 rmsd=2.847E-02 s=[ 0 0 0 1 0 0 1 1 1 1 0 1 1 1 0 1 1 1 1 1 1 1 1 1 ]
d13=6.771514255185 eijMax=5.318E-03 rmsd=1.884E+00 s=[ 0 0 0 1 0 1 0 0 0 1 0 1 1 1 0 1 0 1 1 1 1 1 1 1 ]
d13=6.771514255185 eijMax=5.318E-03 rmsd=1.884E+00 s=[ 0 0 0 1 0 1 0 0 0 1 0 1 1 1 0 1 1 1 1 1 1 1 1 1 ]
d13=6.772105157037 eijMax=4.336E-03 rmsd=1.886E+00 s=[ 0 0 0 0 1 0 1 1 1 0 1 0 0 0 1 0 0 0 0 0 0 0 0 0 ]
d13=6.772105157037 eijMax=4.336E-03 rmsd=1.886E+00 s=[ 0 0 0 0 1 0 1 1 1 0 1 0 0 0 1 0 1 0 0 0 0 0 0 0 ]
d13=6.772105157037 eijMax=5.258E-03 rmsd=2.421E-02 s=[ 0 0 0 0 1 1 0 0 0 0 1 0 0 0 1 0 0 0 0 0 0 0 0 0 ]
d13=6.772105157037 eijMax=5.258E-03 rmsd=2.394E-02 s=[ 0 0 0 0 1 1 0 0 0 0 1 0 0 0 1 0 1 0 0 0 0 0 0 0 ]
d13=6.772105157037 eijMax=5.258E-03 rmsd=2.394E-02 s=[ 0 0 0 1 0 0 1 1 1 1 0 1 1 1 0 1 0 1 1 1 1 1 1 1 ]
d13=6.772105157037 eijMax=5.258E-03 rmsd=2.421E-02 s=[ 0 0 0 1 0 0 1 1 1 1 0 1 1 1 0 1 1 1 1 1 1 1 1 1 ]
d13=6.772105157037 eijMax=4.336E-03 rmsd=1.886E+00 s=[ 0 0 0 1 0 1 0 0 0 1 0 1 1 1 0 1 0 1 1 1 1 1 1 1 ]
d13=6.772105157037 eijMax=4.336E-03 rmsd=1.886E+00 s=[ 0 0 0 1 0 1 0 0 0 1 0 1 1 1 0 1 1 1 1 1 1 1 1 1 ]
d13=6.772696058889 eijMax=3.941E-03 rmsd=1.888E+00 s=[ 0 0 0 0 1 0 1 1 1 0 1 0 0 0 1 0 0 0 0 0 0 0 0 0 ]
d13=6.772696058889 eijMax=3.357E-03 rmsd=1.889E+00 s=[ 0 0 0 0 1 0 1 1 1 0 1 0 0 0 1 0 1 0 0 0 0 0 0 0 ]
d13=6.772696058889 eijMax=4.304E-03 rmsd=1.995E-02 s=[ 0 0 0 0 1 1 0 0 0 0 1 0 0 0 1 0 0 0 0 0 0 0 0 0 ]
d13=6.772696058889 eijMax=4.304E-03 rmsd=1.962E-02 s=[ 0 0 0 0 1 1 0 0 0 0 1 0 0 0 1 0 1 0 0 0 0 0 0 0 ]
d13=6.772696058889 eijMax=4.304E-03 rmsd=1.962E-02 s=[ 0 0 0 1 0 0 1 1 1 1 0 1 1 1 0 1 0 1 1 1 1 1 1 1 ]
d13=6.772696058889 eijMax=4.304E-03 rmsd=1.995E-02 s=[ 0 0 0 1 0 0 1 1 1 1 0 1 1 1 0 1 1 1 1 1 1 1 1 1 ]
d13=6.772696058889 eijMax=3.357E-03 rmsd=1.889E+00 s=[ 0 0 0 1 0 1 0 0 0 1 0 1 1 1 0 1 0 1 1 1 1 1 1 1 ]
d13=6.772696058889 eijMax=3.941E-03 rmsd=1.888E+00 s=[ 0 0 0 1 0 1 0 0 0 1 0 1 1 1 0 1 1 1 1 1 1 1 1 1 ]
d13=6.773286960741 eijMax=3.941E-03 rmsd=1.891E+00 s=[ 0 0 0 0 1 0 1 1 1 0 1 0 0 0 1 0 0 0 0 0 0 0 0 0 ]
d13=6.773286960741 eijMax=2.380E-03 rmsd=1.891E+00 s=[ 0 0 0 0 1 0 1 1 1 0 1 0 0 0 1 0 1 0 0 0 0 0 0 0 ]
d13=6.773286960741 eijMax=3.941E-03 rmsd=1.573E-02 s=[ 0 0 0 0 1 1 0 0 0 0 1 0 0 0 1 0 0 0 0 0 0 0 0 0 ]
d13=6.773286960741 eijMax=3.353E-03 rmsd=1.530E-02 s=[ 0 0 0 0 1 1 0 0 0 0 1 0 0 0 1 0 1 0 0 0 0 0 0 0 ]
d13=6.773286960741 eijMax=3.353E-03 rmsd=1.530E-02 s=[ 0 0 0 1 0 0 1 1 1 1 0 1 1 1 0 1 0 1 1 1 1 1 1 1 ]
d13=6.773286960741 eijMax=3.941E-03 rmsd=1.573E-02 s=[ 0 0 0 1 0 0 1 1 1 1 0 1 1 1 0 1 1 1 1 1 1 1 1 1 ]
d13=6.773286960741 eijMax=2.380E-03 rmsd=1.891E+00 s=[ 0 0 0 1 0 1 0 0 0 1 0 1 1 1 0 1 0 1 1 1 1 1 1 1 ]
d13=6.773286960741 eijMax=3.941E-03 rmsd=1.891E+00 s=[ 0 0 0 1 0 1 0 0 0 1 0 1 1 1 0 1 1 1 1 1 1 1 1 1 ]
d13=6.773877862593 eijMax=3.941E-03 rmsd=1.893E+00 s=[ 0 0 0 0 1 0 1 1 1 0 1 0 0 0 1 0 0 0 0 0 0 0 0 0 ]
d13=6.773877862593 eijMax=1.407E-03 rmsd=1.893E+00 s=[ 0 0 0 0 1 0 1 1 1 0 1 0 0 0 1 0 1 0 0 0 0 0 0 0 ]
d13=6.773877862593 eijMax=3.941E-03 rmsd=1.158E-02 s=[ 0 0 0 0 1 1 0 0 0 0 1 0 0 0 1 0 0 0 0 0 0 0 0 0 ]
d13=6.773877862593 eijMax=2.404E-03 rmsd=1.098E-02 s=[ 0 0 0 0 1 1 0 0 0 0 1 0 0 0 1 0 1 0 0 0 0 0 0 0 ]
d13=6.773877862593 eijMax=2.404E-03 rmsd=1.098E-02 s=[ 0 0 0 1 0 0 1 1 1 1 0 1 1 1 0 1 0 1 1 1 1 1 1 1 ]
d13=6.773877862593 eijMax=3.941E-03 rmsd=1.158E-02 s=[ 0 0 0 1 0 0 1 1 1 1 0 1 1 1 0 1 1 1 1 1 1 1 1 1 ]
d13=6.773877862593 eijMax=1.407E-03 rmsd=1.893E+00 s=[ 0 0 0 1 0 1 0 0 0 1 0 1 1 1 0 1 0 1 1 1 1 1 1 1 ]
d13=6.773877862593 eijMax=3.941E-03 rmsd=1.893E+00 s=[ 0 0 0 1 0 1 0 0 0 1 0 1 1 1 0 1 1 1 1 1 1 1 1 1 ]
d13=6.774468764444 eijMax=3.941E-03 rmsd=1.895E+00 s=[ 0 0 0 0 1 0 1 1 1 0 1 0 0 0 1 0 0 0 0 0 0 0 0 0 ]
d13=6.774468764444 eijMax=4.353E-04 rmsd=1.895E+00 s=[ 0 0 0 0 1 0 1 1 1 0 1 0 0 0 1 0 1 0 0 0 0 0 0 0 ]
d13=6.774468764444 eijMax=3.941E-03 rmsd=7.628E-03 s=[ 0 0 0 0 1 1 0 0 0 0 1 0 0 0 1 0 0 0 0 0 0 0 0 0 ]
d13=6.774468764444 eijMax=1.457E-03 rmsd=6.652E-03 s=[ 0 0 0 0 1 1 0 0 0 0 1 0 0 0 1 0 1 0 0 0 0 0 0 0 ]
d13=6.774468764444 eijMax=1.457E-03 rmsd=6.652E-03 s=[ 0 0 0 1 0 0 1 1 1 1 0 1 1 1 0 1 0 1 1 1 1 1 1 1 ]
d13=6.774468764444 eijMax=3.941E-03 rmsd=7.628E-03 s=[ 0 0 0 1 0 0 1 1 1 1 0 1 1 1 0 1 1 1 1 1 1 1 1 1 ]
d13=6.774468764444 eijMax=4.353E-04 rmsd=1.895E+00 s=[ 0 0 0 1 0 1 0 0 0 1 0 1 1 1 0 1 0 1 1 1 1 1 1 1 ]
d13=6.774468764444 eijMax=3.941E-03 rmsd=1.895E+00 s=[ 0 0 0 1 0 1 0 0 0 1 0 1 1 1 0 1 1 1 1 1 1 1 1 1 ]
d13=6.775059666296 eijMax=3.941E-03 rmsd=1.897E+00 s=[ 0 0 0 0 1 0 1 1 1 0 1 0 0 0 1 0 0 0 0 0 0 0 0 0 ]
d13=6.775059666296 eijMax=5.333E-04 rmsd=1.897E+00 s=[ 0 0 0 0 1 0 1 1 1 0 1 0 0 0 1 0 1 0 0 0 0 0 0 0 ]
d13=6.775059666296 eijMax=3.941E-03 rmsd=4.431E-03 s=[ 0 0 0 0 1 1 0 0 0 0 1 0 0 0 1 0 0 0 0 0 0 0 0 0 ]
d13=6.775059666296 eijMax=5.136E-04 rmsd=2.322E-03 s=[ 0 0 0 0 1 1 0 0 0 0 1 0 0 0 1 0 1 0 0 0 0 0 0 0 ]
d13=6.775059666296 eijMax=5.136E-04 rmsd=2.322E-03 s=[ 0 0 0 1 0 0 1 1 1 1 0 1 1 1 0 1 0 1 1 1 1 1 1 1 ]
d13=6.775059666296 eijMax=3.941E-03 rmsd=4.431E-03 s=[ 0 0 0 1 0 0 1 1 1 1 0 1 1 1 0 1 1 1 1 1 1 1 1 1 ]
d13=6.775059666296 eijMax=5.333E-04 rmsd=1.897E+00 s=[ 0 0 0 1 0 1 0 0 0 1 0 1 1 1 0 1 0 1 1 1 1 1 1 1 ]
d13=6.775059666296 eijMax=3.941E-03 rmsd=1.897E+00 s=[ 0 0 0 1 0 1 0 0 0 1 0 1 1 1 0 1 1 1 1 1 1 1 1 1 ]
d13=6.775650568148 eijMax=3.941E-03 rmsd=1.899E+00 s=[ 0 0 0 0 1 0 1 1 1 0 1 0 0 0 1 0 0 0 0 0 0 0 0 0 ]
d13=6.775650568148 eijMax=1.499E-03 rmsd=1.899E+00 s=[ 0 0 0 0 1 0 1 1 1 0 1 0 0 0 1 0 1 0 0 0 0 0 0 0 ]
d13=6.775650568148 eijMax=3.941E-03 rmsd=4.312E-03 s=[ 0 0 0 0 1 1 0 0 0 0 1 0 0 0 1 0 0 0 0 0 0 0 0 0 ]
d13=6.775650568148 eijMax=4.277E-04 rmsd=2.011E-03 s=[ 0 0 0 0 1 1 0 0 0 0 1 0 0 0 1 0 1 0 0 0 0 0 0 0 ]
d13=6.775650568148 eijMax=4.277E-04 rmsd=2.011E-03 s=[ 0 0 0 1 0 0 1 1 1 1 0 1 1 1 0 1 0 1 1 1 1 1 1 1 ]
d13=6.775650568148 eijMax=3.941E-03 rmsd=4.312E-03 s=[ 0 0 0 1 0 0 1 1 1 1 0 1 1 1 0 1 1 1 1 1 1 1 1 1 ]
d13=6.775650568148 eijMax=1.499E-03 rmsd=1.899E+00 s=[ 0 0 0 1 0 1 0 0 0 1 0 1 1 1 0 1 0 1 1 1 1 1 1 1 ]
d13=6.775650568148 eijMax=3.941E-03 rmsd=1.899E+00 s=[ 0 0 0 1 0 1 0 0 0 1 0 1 1 1 0 1 1 1 1 1 1 1 1 1 ]
d13=6.776241470000 eijMax=3.941E-03 rmsd=1.901E+00 s=[ 0 0 0 0 1 0 1 1 1 0 1 0 0 0 1 0 0 0 0 0 0 0 0 0 ]
d13=6.776241470000 eijMax=2.463E-03 rmsd=1.901E+00 s=[ 0 0 0 0 1 0 1 1 1 0 1 0 0 0 1 0 1 0 0 0 0 0 0 0 ]
d13=6.776241470000 eijMax=3.941E-03 rmsd=7.426E-03 s=[ 0 0 0 0 1 1 0 0 0 0 1 0 0 0 1 0 0 0 0 0 0 0 0 0 ]
d13=6.776241470000 eijMax=1.366E-03 rmsd=6.347E-03 s=[ 0 0 0 0 1 1 0 0 0 0 1 0 0 0 1 0 1 0 0 0 0 0 0 0 ]
d13=6.776241470000 eijMax=1.366E-03 rmsd=6.347E-03 s=[ 0 0 0 1 0 0 1 1 1 1 0 1 1 1 0 1 0 1 1 1 1 1 1 1 ]
d13=6.776241470000 eijMax=3.941E-03 rmsd=7.426E-03 s=[ 0 0 0 1 0 0 1 1 1 1 0 1 1 1 0 1 1 1 1 1 1 1 1 1 ]
d13=6.776241470000 eijMax=2.463E-03 rmsd=1.901E+00 s=[ 0 0 0 1 0 1 0 0 0 1 0 1 1 1 0 1 0 1 1 1 1 1 1 1 ]
d13=6.776241470000 eijMax=3.941E-03 rmsd=1.901E+00 s=[ 0 0 0 1 0 1 0 0 0 1 0 1 1 1 0 1 1 1 1 1 1 1 1 1 ]
d13=6.776832371852 eijMax=3.941E-03 rmsd=1.903E+00 s=[ 0 0 0 0 1 0 1 1 1 0 1 0 0 0 1 0 0 0 0 0 0 0 0 0 ]
d13=6.776832371852 eijMax=3.424E-03 rmsd=1.903E+00 s=[ 0 0 0 0 1 0 1 1 1 0 1 0 0 0 1 0 1 0 0 0 0 0 0 0 ]
d13=6.776832371852 eijMax=3.941E-03 rmsd=1.137E-02 s=[ 0 0 0 0 1 1 0 0 0 0 1 0 0 0 1 0 0 0 0 0 0 0 0 0 ]
d13=6.776832371852 eijMax=2.302E-03 rmsd=1.069E-02 s=[ 0 0 0 0 1 1 0 0 0 0 1 0 0 0 1 0 1 0 0 0 0 0 0 0 ]
d13=6.776832371852 eijMax=2.302E-03 rmsd=1.069E-02 s=[ 0 0 0 1 0 0 1 1 1 1 0 1 1 1 0 1 0 1 1 1 1 1 1 1 ]
d13=6.776832371852 eijMax=3.941E-03 rmsd=1.137E-02 s=[ 0 0 0 1 0 0 1 1 1 1 0 1 1 1 0 1 1 1 1 1 1 1 1 1 ]
d13=6.776832371852 eijMax=3.424E-03 rmsd=1.903E+00 s=[ 0 0 0 1 0 1 0 0 0 1 0 1 1 1 0 1 0 1 1 1 1 1 1 1 ]
d13=6.776832371852 eijMax=3.941E-03 rmsd=1.903E+00 s=[ 0 0 0 1 0 1 0 0 0 1 0 1 1 1 0 1 1 1 1 1 1 1 1 1 ]
d13=6.777423273704 eijMax=4.382E-03 rmsd=1.905E+00 s=[ 0 0 0 0 1 0 1 1 1 0 1 0 0 0 1 0 0 0 0 0 0 0 0 0 ]
d13=6.777423273704 eijMax=4.382E-03 rmsd=1.905E+00 s=[ 0 0 0 0 1 0 1 1 1 0 1 0 0 0 1 0 1 0 0 0 0 0 0 0 ]
d13=6.777423273704 eijMax=3.941E-03 rmsd=1.554E-02 s=[ 0 0 0 0 1 1 0 0 0 0 1 0 0 0 1 0 0 0 0 0 0 0 0 0 ]
d13=6.777423273704 eijMax=3.236E-03 rmsd=1.503E-02 s=[ 0 0 0 0 1 1 0 0 0 0 1 0 0 0 1 0 1 0 0 0 0 0 0 0 ]
d13=6.777423273704 eijMax=3.236E-03 rmsd=1.503E-02 s=[ 0 0 0 1 0 0 1 1 1 1 0 1 1 1 0 1 0 1 1 1 1 1 1 1 ]
d13=6.777423273704 eijMax=3.941E-03 rmsd=1.554E-02 s=[ 0 0 0 1 0 0 1 1 1 1 0 1 1 1 0 1 1 1 1 1 1 1 1 1 ]
d13=6.777423273704 eijMax=4.382E-03 rmsd=1.905E+00 s=[ 0 0 0 1 0 1 0 0 0 1 0 1 1 1 0 1 0 1 1 1 1 1 1 1 ]
d13=6.777423273704 eijMax=4.382E-03 rmsd=1.905E+00 s=[ 0 0 0 1 0 1 0 0 0 1 0 1 1 1 0 1 1 1 1 1 1 1 1 1 ]
d13=6.778014175556 eijMax=5.338E-03 rmsd=1.907E+00 s=[ 0 0 0 0 1 0 1 1 1 0 1 0 0 0 1 0 0 0 0 0 0 0 0 0 ]
d13=6.778014175556 eijMax=5.338E-03 rmsd=1.907E+00 s=[ 0 0 0 0 1 0 1 1 1 0 1 0 0 0 1 0 1 0 0 0 0 0 0 0 ]
d13=6.778014175556 eijMax=4.167E-03 rmsd=1.978E-02 s=[ 0 0 0 0 1 1 0 0 0 0 1 0 0 0 1 0 0 0 0 0 0 0 0 0 ]
d13=6.778014175556 eijMax=4.167E-03 rmsd=1.938E-02 s=[ 0 0 0 0 1 1 0 0 0 0 1 0 0 0 1 0 1 0 0 0 0 0 0 0 ]
d13=6.778014175556 eijMax=4.167E-03 rmsd=1.938E-02 s=[ 0 0 0 1 0 0 1 1 1 1 0 1 1 1 0 1 0 1 1 1 1 1 1 1 ]
d13=6.778014175556 eijMax=4.167E-03 rmsd=1.978E-02 s=[ 0 0 0 1 0 0 1 1 1 1 0 1 1 1 0 1 1 1 1 1 1 1 1 1 ]
d13=6.778014175556 eijMax=5.338E-03 rmsd=1.907E+00 s=[ 0 0 0 1 0 1 0 0 0 1 0 1 1 1 0 1 0 1 1 1 1 1 1 1 ]
d13=6.778014175556 eijMax=5.338E-03 rmsd=1.907E+00 s=[ 0 0 0 1 0 1 0 0 0 1 0 1 1 1 0 1 1 1 1 1 1 1 1 1 ]
d13=6.778605077407 eijMax=6.291E-03 rmsd=1.909E+00 s=[ 0 0 0 0 1 0 1 1 1 0 1 0 0 0 1 0 0 0 0 0 0 0 0 0 ]
d13=6.778605077407 eijMax=6.291E-03 rmsd=1.909E+00 s=[ 0 0 0 0 1 0 1 1 1 0 1 0 0 0 1 0 1 0 0 0 0 0 0 0 ]
d13=6.778605077407 eijMax=5.096E-03 rmsd=2.406E-02 s=[ 0 0 0 0 1 1 0 0 0 0 1 0 0 0 1 0 0 0 0 0 0 0 0 0 ]
d13=6.778605077407 eijMax=5.096E-03 rmsd=2.373E-02 s=[ 0 0 0 0 1 1 0 0 0 0 1 0 0 0 1 0 1 0 0 0 0 0 0 0 ]
d13=6.778605077407 eijMax=5.096E-03 rmsd=2.373E-02 s=[ 0 0 0 1 0 0 1 1 1 1 0 1 1 1 0 1 0 1 1 1 1 1 1 1 ]
d13=6.778605077407 eijMax=5.096E-03 rmsd=2.406E-02 s=[ 0 0 0 1 0 0 1 1 1 1 0 1 1 1 0 1 1 1 1 1 1 1 1 1 ]
d13=6.778605077407 eijMax=6.291E-03 rmsd=1.909E+00 s=[ 0 0 0 1 0 1 0 0 0 1 0 1 1 1 0 1 0 1 1 1 1 1 1 1 ]
d13=6.778605077407 eijMax=6.291E-03 rmsd=1.909E+00 s=[ 0 0 0 1 0 1 0 0 0 1 0 1 1 1 0 1 1 1 1 1 1 1 1 1 ]
d13=6.779195979259 eijMax=7.241E-03 rmsd=1.911E+00 s=[ 0 0 0 0 1 0 1 1 1 0 1 0 0 0 1 0 0 0 0 0 0 0 0 0 ]
d13=6.779195979259 eijMax=7.241E-03 rmsd=1.911E+00 s=[ 0 0 0 0 1 0 1 1 1 0 1 0 0 0 1 0 1 0 0 0 0 0 0 0 ]
d13=6.779195979259 eijMax=6.022E-03 rmsd=2.837E-02 s=[ 0 0 0 0 1 1 0 0 0 0 1 0 0 0 1 0 0 0 0 0 0 0 0 0 ]
d13=6.779195979259 eijMax=6.022E-03 rmsd=2.808E-02 s=[ 0 0 0 0 1 1 0 0 0 0 1 0 0 0 1 0 1 0 0 0 0 0 0 0 ]
d13=6.779195979259 eijMax=6.022E-03 rmsd=2.808E-02 s=[ 0 0 0 1 0 0 1 1 1 1 0 1 1 1 0 1 0 1 1 1 1 1 1 1 ]
d13=6.779195979259 eijMax=6.022E-03 rmsd=2.837E-02 s=[ 0 0 0 1 0 0 1 1 1 1 0 1 1 1 0 1 1 1 1 1 1 1 1 1 ]
d13=6.779195979259 eijMax=7.241E-03 rmsd=1.911E+00 s=[ 0 0 0 1 0 1 0 0 0 1 0 1 1 1 0 1 0 1 1 1 1 1 1 1 ]
d13=6.779195979259 eijMax=7.241E-03 rmsd=1.911E+00 s=[ 0 0 0 1 0 1 0 0 0 1 0 1 1 1 0 1 1 1 1 1 1 1 1 1 ]
d13=6.779786881111 eijMax=8.189E-03 rmsd=1.914E+00 s=[ 0 0 0 0 1 0 1 1 1 0 1 0 0 0 1 0 0 0 0 0 0 0 0 0 ]
d13=6.779786881111 eijMax=8.189E-03 rmsd=1.914E+00 s=[ 0 0 0 0 1 0 1 1 1 0 1 0 0 0 1 0 1 0 0 0 0 0 0 0 ]
d13=6.779786881111 eijMax=6.945E-03 rmsd=3.269E-02 s=[ 0 0 0 0 1 1 0 0 0 0 1 0 0 0 1 0 0 0 0 0 0 0 0 0 ]
d13=6.779786881111 eijMax=6.945E-03 rmsd=3.244E-02 s=[ 0 0 0 0 1 1 0 0 0 0 1 0 0 0 1 0 1 0 0 0 0 0 0 0 ]
d13=6.779786881111 eijMax=6.945E-03 rmsd=3.244E-02 s=[ 0 0 0 1 0 0 1 1 1 1 0 1 1 1 0 1 0 1 1 1 1 1 1 1 ]
d13=6.779786881111 eijMax=6.945E-03 rmsd=3.269E-02 s=[ 0 0 0 1 0 0 1 1 1 1 0 1 1 1 0 1 1 1 1 1 1 1 1 1 ]
d13=6.779786881111 eijMax=8.189E-03 rmsd=1.914E+00 s=[ 0 0 0 1 0 1 0 0 0 1 0 1 1 1 0 1 0 1 1 1 1 1 1 1 ]
d13=6.779786881111 eijMax=8.189E-03 rmsd=1.914E+00 s=[ 0 0 0 1 0 1 0 0 0 1 0 1 1 1 0 1 1 1 1 1 1 1 1 1 ]
d13=6.780377782963 eijMax=9.135E-03 rmsd=1.916E+00 s=[ 0 0 0 0 1 0 1 1 1 0 1 0 0 0 1 0 0 0 0 0 0 0 0 0 ]
d13=6.780377782963 eijMax=9.135E-03 rmsd=1.916E+00 s=[ 0 0 0 0 1 0 1 1 1 0 1 0 0 0 1 0 1 0 0 0 0 0 0 0 ]
d13=6.780377782963 eijMax=7.866E-03 rmsd=3.703E-02 s=[ 0 0 0 0 1 1 0 0 0 0 1 0 0 0 1 0 0 0 0 0 0 0 0 0 ]
d13=6.780377782963 eijMax=7.866E-03 rmsd=3.680E-02 s=[ 0 0 0 0 1 1 0 0 0 0 1 0 0 0 1 0 1 0 0 0 0 0 0 0 ]
d13=6.780377782963 eijMax=7.866E-03 rmsd=3.680E-02 s=[ 0 0 0 1 0 0 1 1 1 1 0 1 1 1 0 1 0 1 1 1 1 1 1 1 ]
d13=6.780377782963 eijMax=7.866E-03 rmsd=3.703E-02 s=[ 0 0 0 1 0 0 1 1 1 1 0 1 1 1 0 1 1 1 1 1 1 1 1 1 ]
d13=6.780377782963 eijMax=9.135E-03 rmsd=1.916E+00 s=[ 0 0 0 1 0 1 0 0 0 1 0 1 1 1 0 1 0 1 1 1 1 1 1 1 ]
d13=6.780377782963 eijMax=9.135E-03 rmsd=1.916E+00 s=[ 0 0 0 1 0 1 0 0 0 1 0 1 1 1 0 1 1 1 1 1 1 1 1 1 ]
d13=6.780968684815 eijMax=8.784E-03 rmsd=4.137E-02 s=[ 0 0 0 0 1 1 0 0 0 0 1 0 0 0 1 0 0 0 0 0 0 0 0 0 ]
d13=6.780968684815 eijMax=8.784E-03 rmsd=4.116E-02 s=[ 0 0 0 0 1 1 0 0 0 0 1 0 0 0 1 0 1 0 0 0 0 0 0 0 ]
d13=6.780968684815 eijMax=8.784E-03 rmsd=4.116E-02 s=[ 0 0 0 1 0 0 1 1 1 1 0 1 1 1 0 1 0 1 1 1 1 1 1 1 ]
d13=6.780968684815 eijMax=8.784E-03 rmsd=4.137E-02 s=[ 0 0 0 1 0 0 1 1 1 1 0 1 1 1 0 1 1 1 1 1 1 1 1 1 ]
d13=6.781559586667 eijMax=9.700E-03 rmsd=4.572E-02 s=[ 0 0 0 0 1 1 0 0 0 0 1 0 0 0 1 0 0 0 0 0 0 0 0 0 ]
d13=6.781559586667 eijMax=9.700E-03 rmsd=4.553E-02 s=[ 0 0 0 0 1 1 0 0 0 0 1 0 0 0 1 0 1 0 0 0 0 0 0 0 ]
d13=6.781559586667 eijMax=9.700E-03 rmsd=4.553E-02 s=[ 0 0 0 1 0 0 1 1 1 1 0 1 1 1 0 1 0 1 1 1 1 1 1 1 ]
d13=6.781559586667 eijMax=9.700E-03 rmsd=4.572E-02 s=[ 0 0 0 1 0 0 1 1 1 1 0 1 1 1 0 1 1 1 1 1 1 1 1 1 ]
num ..... 1000
nnodes .. 24
nedges .. 123
nsols ... 672
tsecs ... 37.221705
