d13=7.028291197879 eijMax=2.435E-03 rmsd=5.052E+00 s=[ 0 0 0 0 0 1 1 0 0 1 1 0 0 0 1 1 0 1 1 1 1 1 1 1 ]
d13=7.028291197879 eijMax=2.435E-03 rmsd=5.052E+00 s=[ 0 0 0 1 1 0 0 1 1 0 0 1 1 1 0 0 1 0 0 0 0 0 0 0 ]
d13=7.051796954444 eijMax=1.866E-04 rmsd=2.281E+00 s=[ 0 0 0 0 1 0 0 1 1 0 1 0 0 0 0 1 0 1 1 1 1 1 1 1 ]
d13=7.051796954444 eijMax=4.181E-03 rmsd=3.784E+00 s=[ 0 0 0 0 1 1 1 0 0 0 1 0 0 0 0 1 0 1 1 1 1 1 1 1 ]
d13=7.051796954444 eijMax=4.181E-03 rmsd=3.784E+00 s=[ 0 0 0 1 0 0 0 1 1 1 0 1 1 1 1 0 1 0 0 0 0 0 0 0 ]
d13=7.051796954444 eijMax=1.866E-04 rmsd=2.281E+00 s=[ 0 0 0 1 0 1 1 0 0 1 0 1 1 1 1 0 1 0 0 0 0 0 0 0 ]
d13=7.075302711010 eijMax=6.021E-03 rmsd=5.836E+00 s=[ 0 0 0 0 1 1 1 0 0 0 1 0 0 0 1 0 1 0 0 0 0 0 0 0 ]
d13=7.075302711010 eijMax=6.021E-03 rmsd=5.836E+00 s=[ 0 0 0 1 0 0 0 1 1 1 0 1 1 1 0 1 0 1 1 1 1 1 1 1 ]
d13=7.080003862323 eijMax=2.820E-06 rmsd=5.242E+00 s=[ 0 0 0 0 1 0 0 1 1 0 1 0 0 0 1 0 1 0 0 0 0 0 0 0 ]
d13=7.080003862323 eijMax=5.677E-03 rmsd=5.832E+00 s=[ 0 0 0 0 1 1 1 0 0 0 1 0 0 0 1 0 1 0 0 0 0 0 0 0 ]
d13=7.080003862323 eijMax=5.677E-03 rmsd=5.832E+00 s=[ 0 0 0 1 0 0 0 1 1 1 0 1 1 1 0 1 0 1 1 1 1 1 1 1 ]
d13=7.080003862323 eijMax=2.820E-06 rmsd=5.242E+00 s=[ 0 0 0 1 0 1 1 0 0 1 0 1 1 1 0 1 0 1 1 1 1 1 1 1 ]
d13=7.112911921515 eijMax=3.201E-03 rmsd=3.250E+00 s=[ 0 0 0 0 1 1 1 0 0 0 0 1 1 1 0 1 0 1 1 1 1 1 1 1 ]
d13=7.112911921515 eijMax=3.201E-03 rmsd=3.250E+00 s=[ 0 0 0 1 0 0 0 1 1 1 1 0 0 0 1 0 1 0 0 0 0 0 0 0 ]
d13=7.117613072828 eijMax=7.858E-03 rmsd=3.389E-02 s=[ 0 0 0 0 1 0 0 1 1 0 0 1 1 1 0 1 0 1 1 1 1 1 1 1 ]
d13=7.117613072828 eijMax=6.536E-03 rmsd=3.229E+00 s=[ 0 0 0 0 1 1 1 0 0 0 0 1 1 1 0 1 0 1 1 1 1 1 1 1 ]
d13=7.117613072828 eijMax=7.998E-03 rmsd=5.790E+00 s=[ 0 0 0 0 1 1 1 0 0 0 0 1 1 1 1 0 1 0 0 0 0 0 0 0 ]
d13=7.117613072828 eijMax=7.998E-03 rmsd=5.790E+00 s=[ 0 0 0 1 0 0 0 1 1 1 1 0 0 0 0 1 0 1 1 1 1 1 1 1 ]
d13=7.117613072828 eijMax=6.536E-03 rmsd=3.229E+00 s=[ 0 0 0 1 0 0 0 1 1 1 1 0 0 0 1 0 1 0 0 0 0 0 0 0 ]
d13=7.117613072828 eijMax=7.858E-03 rmsd=3.389E-02 s=[ 0 0 0 1 0 1 1 0 0 1 1 0 0 0 1 0 1 0 0 0 0 0 0 0 ]
d13=7.122314224141 eijMax=1.173E-03 rmsd=5.040E-03 s=[ 0 0 0 0 1 0 0 1 1 0 0 1 1 1 0 1 0 1 1 1 1 1 1 1 ]
d13=7.122314224141 eijMax=6.347E-03 rmsd=5.300E+00 s=[ 0 0 0 0 1 0 0 1 1 0 0 1 1 1 1 0 1 0 0 0 0 0 0 0 ]
d13=7.122314224141 eijMax=1.964E-03 rmsd=5.789E+00 s=[ 0 0 0 0 1 1 1 0 0 0 0 1 1 1 1 0 1 0 0 0 0 0 0 0 ]
d13=7.122314224141 eijMax=1.964E-03 rmsd=5.789E+00 s=[ 0 0 0 1 0 0 0 1 1 1 1 0 0 0 0 1 0 1 1 1 1 1 1 1 ]
d13=7.122314224141 eijMax=6.347E-03 rmsd=5.300E+00 s=[ 0 0 0 1 0 1 1 0 0 1 1 0 0 0 0 1 0 1 1 1 1 1 1 1 ]
d13=7.122314224141 eijMax=1.173E-03 rmsd=5.040E-03 s=[ 0 0 0 1 0 1 1 0 0 1 1 0 0 0 1 0 1 0 0 0 0 0 0 0 ]
d13=7.127015375455 eijMax=3.208E-03 rmsd=5.292E+00 s=[ 0 0 0 0 1 0 0 1 1 0 0 1 1 1 1 0 1 0 0 0 0 0 0 0 ]
d13=7.127015375455 eijMax=3.208E-03 rmsd=5.292E+00 s=[ 0 0 0 1 0 1 1 0 0 1 1 0 0 0 0 1 0 1 1 1 1 1 1 1 ]
d13=7.404383302929 eijMax=1.493E-03 rmsd=5.576E+00 s=[ 0 0 0 0 0 0 0 1 1 1 1 0 0 0 0 1 0 1 1 1 1 1 1 1 ]
d13=7.404383302929 eijMax=1.493E-03 rmsd=5.576E+00 s=[ 0 0 0 1 1 1 1 0 0 0 0 1 1 1 1 0 1 0 0 0 0 0 0 0 ]
d13=7.441992513434 eijMax=8.769E-03 rmsd=6.047E+00 s=[ 0 0 0 0 0 0 0 1 1 0 1 0 0 0 1 1 0 1 1 1 1 1 1 1 ]
d13=7.441992513434 eijMax=3.922E-03 rmsd=6.583E+00 s=[ 0 0 0 0 0 1 1 0 0 0 1 0 0 0 1 1 0 1 1 1 1 1 1 1 ]
d13=7.441992513434 eijMax=3.922E-03 rmsd=6.583E+00 s=[ 0 0 0 1 1 0 0 1 1 1 0 1 1 1 0 0 1 0 0 0 0 0 0 0 ]
d13=7.441992513434 eijMax=8.769E-03 rmsd=6.047E+00 s=[ 0 0 0 1 1 1 1 0 0 1 0 1 1 1 0 0 1 0 0 0 0 0 0 0 ]
d13=7.456095967374 eijMax=6.440E-03 rmsd=5.338E+00 s=[ 0 0 0 0 0 0 0 1 1 0 0 1 1 1 1 1 0 1 1 1 1 1 1 1 ]
d13=7.456095967374 eijMax=5.910E-03 rmsd=6.092E+00 s=[ 0 0 0 0 0 1 1 0 0 0 0 1 1 1 1 1 0 1 1 1 1 1 1 1 ]
d13=7.456095967374 eijMax=5.910E-03 rmsd=6.092E+00 s=[ 0 0 0 1 1 0 0 1 1 1 1 0 0 0 0 0 1 0 0 0 0 0 0 0 ]
d13=7.456095967374 eijMax=6.440E-03 rmsd=5.338E+00 s=[ 0 0 0 1 1 1 1 0 0 1 1 0 0 0 0 0 1 0 0 0 0 0 0 0 ]
d13=7.460797118687 eijMax=5.320E-03 rmsd=5.745E+00 s=[ 0 0 0 0 1 1 1 0 0 0 1 0 0 0 1 1 0 1 1 1 1 1 1 1 ]
d13=7.460797118687 eijMax=5.320E-03 rmsd=5.745E+00 s=[ 0 0 0 1 0 0 0 1 1 1 0 1 1 1 0 0 1 0 0 0 0 0 0 0 ]
d13=7.465498270000 eijMax=2.783E-03 rmsd=5.015E+00 s=[ 0 0 0 0 0 0 0 1 1 1 1 0 0 0 0 0 1 0 0 0 0 0 0 0 ]
d13=7.465498270000 eijMax=7.935E-03 rmsd=5.063E+00 s=[ 0 0 0 0 1 0 0 1 1 0 1 0 0 0 1 1 0 1 1 1 1 1 1 1 ]
d13=7.465498270000 eijMax=7.935E-03 rmsd=5.063E+00 s=[ 0 0 0 1 0 1 1 0 0 1 0 1 1 1 0 0 1 0 0 0 0 0 0 0 ]
d13=7.465498270000 eijMax=2.783E-03 rmsd=5.015E+00 s=[ 0 0 0 1 1 1 1 0 0 0 0 1 1 1 1 1 0 1 1 1 1 1 1 1 ]
num ..... 100
nnodes .. 24
nedges .. 123
nsols ... 44
tsecs ... 3.501982
