d13=7.016390085095 eijMax=7.712E-03 rmsd=6.184E+00 s=[ 0 0 0 0 0 0 0 1 1 1 1 0 0 0 1 1 0 1 1 1 1 1 1 1 ]
d13=7.016390085095 eijMax=7.712E-03 rmsd=6.184E+00 s=[ 0 0 0 1 1 1 1 0 0 0 0 1 1 1 0 0 1 0 0 0 0 0 0 0 ]
d13=7.016855964955 eijMax=2.563E-03 rmsd=6.190E+00 s=[ 0 0 0 0 0 0 0 1 1 1 1 0 0 0 1 1 0 1 1 1 1 1 1 1 ]
d13=7.016855964955 eijMax=2.563E-03 rmsd=6.190E+00 s=[ 0 0 0 1 1 1 1 0 0 0 0 1 1 1 0 0 1 0 0 0 0 0 0 0 ]
d13=7.017321844815 eijMax=2.606E-03 rmsd=6.195E+00 s=[ 0 0 0 0 0 0 0 1 1 1 1 0 0 0 1 1 0 1 1 1 1 1 1 1 ]
d13=7.017321844815 eijMax=2.606E-03 rmsd=6.195E+00 s=[ 0 0 0 1 1 1 1 0 0 0 0 1 1 1 0 0 1 0 0 0 0 0 0 0 ]
d13=7.017787724675 eijMax=7.799E-03 rmsd=6.201E+00 s=[ 0 0 0 0 0 0 0 1 1 1 1 0 0 0 1 1 0 1 1 1 1 1 1 1 ]
d13=7.017787724675 eijMax=7.799E-03 rmsd=6.201E+00 s=[ 0 0 0 1 1 1 1 0 0 0 0 1 1 1 0 0 1 0 0 0 0 0 0 0 ]
d13=7.027571201732 eijMax=7.580E-03 rmsd=5.036E+00 s=[ 0 0 0 0 0 1 1 0 0 1 1 0 0 0 1 1 0 1 1 1 1 1 1 1 ]
d13=7.027571201732 eijMax=7.580E-03 rmsd=5.036E+00 s=[ 0 0 0 1 1 0 0 1 1 0 0 1 1 1 0 0 1 0 0 0 0 0 0 0 ]
d13=7.028037081592 eijMax=4.252E-03 rmsd=5.046E+00 s=[ 0 0 0 0 0 1 1 0 0 1 1 0 0 0 1 1 0 1 1 1 1 1 1 1 ]
d13=7.028037081592 eijMax=4.252E-03 rmsd=5.046E+00 s=[ 0 0 0 1 1 0 0 1 1 0 0 1 1 1 0 0 1 0 0 0 0 0 0 0 ]
d13=7.028502961451 eijMax=9.191E-04 rmsd=5.057E+00 s=[ 0 0 0 0 0 1 1 0 0 1 1 0 0 0 1 1 0 1 1 1 1 1 1 1 ]
d13=7.028502961451 eijMax=9.191E-04 rmsd=5.057E+00 s=[ 0 0 0 1 1 0 0 1 1 0 0 1 1 1 0 0 1 0 0 0 0 0 0 0 ]
d13=7.028968841311 eijMax=2.419E-03 rmsd=5.067E+00 s=[ 0 0 0 0 0 1 1 0 0 1 1 0 0 0 1 1 0 1 1 1 1 1 1 1 ]
d13=7.028968841311 eijMax=2.419E-03 rmsd=5.067E+00 s=[ 0 0 0 1 1 0 0 1 1 0 0 1 1 1 0 0 1 0 0 0 0 0 0 0 ]
d13=7.029434721171 eijMax=5.763E-03 rmsd=5.077E+00 s=[ 0 0 0 0 0 1 1 0 0 1 1 0 0 0 1 1 0 1 1 1 1 1 1 1 ]
d13=7.029434721171 eijMax=5.763E-03 rmsd=5.077E+00 s=[ 0 0 0 1 1 0 0 1 1 0 0 1 1 1 0 0 1 0 0 0 0 0 0 0 ]
d13=7.029900601031 eijMax=2.875E-03 rmsd=6.141E+00 s=[ 0 0 0 0 0 0 0 1 1 1 0 1 1 1 1 1 0 1 1 1 1 1 1 1 ]
d13=7.029900601031 eijMax=9.113E-03 rmsd=5.088E+00 s=[ 0 0 0 0 0 1 1 0 0 1 1 0 0 0 1 1 0 1 1 1 1 1 1 1 ]
d13=7.029900601031 eijMax=9.113E-03 rmsd=5.088E+00 s=[ 0 0 0 1 1 0 0 1 1 0 0 1 1 1 0 0 1 0 0 0 0 0 0 0 ]
d13=7.029900601031 eijMax=2.875E-03 rmsd=6.141E+00 s=[ 0 0 0 1 1 1 1 0 0 0 1 0 0 0 0 0 1 0 0 0 0 0 0 0 ]
d13=7.030366480891 eijMax=4.910E-03 rmsd=6.145E+00 s=[ 0 0 0 0 0 0 0 1 1 1 0 1 1 1 1 1 0 1 1 1 1 1 1 1 ]
d13=7.030366480891 eijMax=4.910E-03 rmsd=6.145E+00 s=[ 0 0 0 1 1 1 1 0 0 0 1 0 0 0 0 0 1 0 0 0 0 0 0 0 ]
d13=7.047604035706 eijMax=9.976E-03 rmsd=5.148E+00 s=[ 0 0 0 0 0 1 1 0 0 1 0 1 1 1 1 1 0 1 1 1 1 1 1 1 ]
d13=7.047604035706 eijMax=8.672E-03 rmsd=3.808E+00 s=[ 0 0 0 0 1 1 1 0 0 0 1 0 0 0 0 1 0 1 1 1 1 1 1 1 ]
d13=7.047604035706 eijMax=8.672E-03 rmsd=3.808E+00 s=[ 0 0 0 1 0 0 0 1 1 1 0 1 1 1 1 0 1 0 0 0 0 0 0 0 ]
d13=7.047604035706 eijMax=9.976E-03 rmsd=5.148E+00 s=[ 0 0 0 1 1 0 0 1 1 0 1 0 0 0 0 0 1 0 0 0 0 0 0 0 ]
d13=7.048069915566 eijMax=5.833E-03 rmsd=5.157E+00 s=[ 0 0 0 0 0 1 1 0 0 1 0 1 1 1 1 1 0 1 1 1 1 1 1 1 ]
d13=7.048069915566 eijMax=7.218E-03 rmsd=3.806E+00 s=[ 0 0 0 0 1 1 1 0 0 0 1 0 0 0 0 1 0 1 1 1 1 1 1 1 ]
d13=7.048069915566 eijMax=7.218E-03 rmsd=3.806E+00 s=[ 0 0 0 1 0 0 0 1 1 1 0 1 1 1 1 0 1 0 0 0 0 0 0 0 ]
d13=7.048069915566 eijMax=5.833E-03 rmsd=5.157E+00 s=[ 0 0 0 1 1 0 0 1 1 0 1 0 0 0 0 0 1 0 0 0 0 0 0 0 ]
d13=7.048535795425 eijMax=1.628E-03 rmsd=5.167E+00 s=[ 0 0 0 0 0 1 1 0 0 1 0 1 1 1 1 1 0 1 1 1 1 1 1 1 ]
d13=7.048535795425 eijMax=9.179E-03 rmsd=2.283E+00 s=[ 0 0 0 0 1 0 0 1 1 0 1 0 0 0 0 1 0 1 1 1 1 1 1 1 ]
d13=7.048535795425 eijMax=5.770E-03 rmsd=3.803E+00 s=[ 0 0 0 0 1 1 1 0 0 0 1 0 0 0 0 1 0 1 1 1 1 1 1 1 ]
d13=7.048535795425 eijMax=5.770E-03 rmsd=3.803E+00 s=[ 0 0 0 1 0 0 0 1 1 1 0 1 1 1 1 0 1 0 0 0 0 0 0 0 ]
d13=7.048535795425 eijMax=9.179E-03 rmsd=2.283E+00 s=[ 0 0 0 1 0 1 1 0 0 1 0 1 1 1 1 0 1 0 0 0 0 0 0 0 ]
d13=7.048535795425 eijMax=1.628E-03 rmsd=5.167E+00 s=[ 0 0 0 1 1 0 0 1 1 0 1 0 0 0 0 0 1 0 0 0 0 0 0 0 ]
d13=7.049001675285 eijMax=2.644E-03 rmsd=5.177E+00 s=[ 0 0 0 0 0 1 1 0 0 1 0 1 1 1 1 1 0 1 1 1 1 1 1 1 ]
d13=7.049001675285 eijMax=7.823E-03 rmsd=2.282E+00 s=[ 0 0 0 0 1 0 0 1 1 0 1 0 0 0 0 1 0 1 1 1 1 1 1 1 ]
d13=7.049001675285 eijMax=4.329E-03 rmsd=3.800E+00 s=[ 0 0 0 0 1 1 1 0 0 0 1 0 0 0 0 1 0 1 1 1 1 1 1 1 ]
d13=7.049001675285 eijMax=4.329E-03 rmsd=3.800E+00 s=[ 0 0 0 1 0 0 0 1 1 1 0 1 1 1 1 0 1 0 0 0 0 0 0 0 ]
d13=7.049001675285 eijMax=7.823E-03 rmsd=2.282E+00 s=[ 0 0 0 1 0 1 1 0 0 1 0 1 1 1 1 0 1 0 0 0 0 0 0 0 ]
d13=7.049001675285 eijMax=2.644E-03 rmsd=5.177E+00 s=[ 0 0 0 1 1 0 0 1 1 0 1 0 0 0 0 0 1 0 0 0 0 0 0 0 ]
d13=7.049467555145 eijMax=6.985E-03 rmsd=5.187E+00 s=[ 0 0 0 0 0 1 1 0 0 1 0 1 1 1 1 1 0 1 1 1 1 1 1 1 ]
d13=7.049467555145 eijMax=6.474E-03 rmsd=2.282E+00 s=[ 0 0 0 0 1 0 0 1 1 0 1 0 0 0 0 1 0 1 1 1 1 1 1 1 ]
d13=7.049467555145 eijMax=2.895E-03 rmsd=3.797E+00 s=[ 0 0 0 0 1 1 1 0 0 0 1 0 0 0 0 1 0 1 1 1 1 1 1 1 ]
d13=7.049467555145 eijMax=2.895E-03 rmsd=3.797E+00 s=[ 0 0 0 1 0 0 0 1 1 1 0 1 1 1 1 0 1 0 0 0 0 0 0 0 ]
d13=7.049467555145 eijMax=6.474E-03 rmsd=2.282E+00 s=[ 0 0 0 1 0 1 1 0 0 1 0 1 1 1 1 0 1 0 0 0 0 0 0 0 ]
d13=7.049467555145 eijMax=6.985E-03 rmsd=5.187E+00 s=[ 0 0 0 1 1 0 0 1 1 0 1 0 0 0 0 0 1 0 0 0 0 0 0 0 ]
d13=7.049933435005 eijMax=5.130E-03 rmsd=2.282E+00 s=[ 0 0 0 0 1 0 0 1 1 0 1 0 0 0 0 1 0 1 1 1 1 1 1 1 ]
d13=7.049933435005 eijMax=1.467E-03 rmsd=3.794E+00 s=[ 0 0 0 0 1 1 1 0 0 0 1 0 0 0 0 1 0 1 1 1 1 1 1 1 ]
d13=7.049933435005 eijMax=1.467E-03 rmsd=3.794E+00 s=[ 0 0 0 1 0 0 0 1 1 1 0 1 1 1 1 0 1 0 0 0 0 0 0 0 ]
d13=7.049933435005 eijMax=5.130E-03 rmsd=2.282E+00 s=[ 0 0 0 1 0 1 1 0 0 1 0 1 1 1 1 0 1 0 0 0 0 0 0 0 ]
d13=7.050399314865 eijMax=3.792E-03 rmsd=2.281E+00 s=[ 0 0 0 0 1 0 0 1 1 0 1 0 0 0 0 1 0 1 1 1 1 1 1 1 ]
d13=7.050399314865 eijMax=4.526E-05 rmsd=3.792E+00 s=[ 0 0 0 0 1 1 1 0 0 0 1 0 0 0 0 1 0 1 1 1 1 1 1 1 ]
d13=7.050399314865 eijMax=4.526E-05 rmsd=3.792E+00 s=[ 0 0 0 1 0 0 0 1 1 1 0 1 1 1 1 0 1 0 0 0 0 0 0 0 ]
d13=7.050399314865 eijMax=3.792E-03 rmsd=2.281E+00 s=[ 0 0 0 1 0 1 1 0 0 1 0 1 1 1 1 0 1 0 0 0 0 0 0 0 ]
d13=7.050865194725 eijMax=2.460E-03 rmsd=2.281E+00 s=[ 0 0 0 0 1 0 0 1 1 0 1 0 0 0 0 1 0 1 1 1 1 1 1 1 ]
d13=7.050865194725 eijMax=1.370E-03 rmsd=3.789E+00 s=[ 0 0 0 0 1 1 1 0 0 0 1 0 0 0 0 1 0 1 1 1 1 1 1 1 ]
d13=7.050865194725 eijMax=1.370E-03 rmsd=3.789E+00 s=[ 0 0 0 1 0 0 0 1 1 1 0 1 1 1 1 0 1 0 0 0 0 0 0 0 ]
d13=7.050865194725 eijMax=2.460E-03 rmsd=2.281E+00 s=[ 0 0 0 1 0 1 1 0 0 1 0 1 1 1 1 0 1 0 0 0 0 0 0 0 ]
d13=7.051331074585 eijMax=1.134E-03 rmsd=2.281E+00 s=[ 0 0 0 0 1 0 0 1 1 0 1 0 0 0 0 1 0 1 1 1 1 1 1 1 ]
d13=7.051331074585 eijMax=2.779E-03 rmsd=3.786E+00 s=[ 0 0 0 0 1 1 1 0 0 0 1 0 0 0 0 1 0 1 1 1 1 1 1 1 ]
d13=7.051331074585 eijMax=2.779E-03 rmsd=3.786E+00 s=[ 0 0 0 1 0 0 0 1 1 1 0 1 1 1 1 0 1 0 0 0 0 0 0 0 ]
d13=7.051331074585 eijMax=1.134E-03 rmsd=2.281E+00 s=[ 0 0 0 1 0 1 1 0 0 1 0 1 1 1 1 0 1 0 0 0 0 0 0 0 ]
d13=7.051796954444 eijMax=1.866E-04 rmsd=2.281E+00 s=[ 0 0 0 0 1 0 0 1 1 0 1 0 0 0 0 1 0 1 1 1 1 1 1 1 ]
d13=7.051796954444 eijMax=4.181E-03 rmsd=3.784E+00 s=[ 0 0 0 0 1 1 1 0 0 0 1 0 0 0 0 1 0 1 1 1 1 1 1 1 ]
d13=7.051796954444 eijMax=4.181E-03 rmsd=3.784E+00 s=[ 0 0 0 1 0 0 0 1 1 1 0 1 1 1 1 0 1 0 0 0 0 0 0 0 ]
d13=7.051796954444 eijMax=1.866E-04 rmsd=2.281E+00 s=[ 0 0 0 1 0 1 1 0 0 1 0 1 1 1 1 0 1 0 0 0 0 0 0 0 ]
d13=7.052262834304 eijMax=1.502E-03 rmsd=2.280E+00 s=[ 0 0 0 0 1 0 0 1 1 0 1 0 0 0 0 1 0 1 1 1 1 1 1 1 ]
d13=7.052262834304 eijMax=5.578E-03 rmsd=3.781E+00 s=[ 0 0 0 0 1 1 1 0 0 0 1 0 0 0 0 1 0 1 1 1 1 1 1 1 ]
d13=7.052262834304 eijMax=5.578E-03 rmsd=3.781E+00 s=[ 0 0 0 1 0 0 0 1 1 1 0 1 1 1 1 0 1 0 0 0 0 0 0 0 ]
d13=7.052262834304 eijMax=1.502E-03 rmsd=2.280E+00 s=[ 0 0 0 1 0 1 1 0 0 1 0 1 1 1 1 0 1 0 0 0 0 0 0 0 ]
d13=7.052728714164 eijMax=2.811E-03 rmsd=2.280E+00 s=[ 0 0 0 0 1 0 0 1 1 0 1 0 0 0 0 1 0 1 1 1 1 1 1 1 ]
d13=7.052728714164 eijMax=6.969E-03 rmsd=3.778E+00 s=[ 0 0 0 0 1 1 1 0 0 0 1 0 0 0 0 1 0 1 1 1 1 1 1 1 ]
d13=7.052728714164 eijMax=6.969E-03 rmsd=3.778E+00 s=[ 0 0 0 1 0 0 0 1 1 1 0 1 1 1 1 0 1 0 0 0 0 0 0 0 ]
d13=7.052728714164 eijMax=2.811E-03 rmsd=2.280E+00 s=[ 0 0 0 1 0 1 1 0 0 1 0 1 1 1 1 0 1 0 0 0 0 0 0 0 ]
d13=7.053194594024 eijMax=4.116E-03 rmsd=2.280E+00 s=[ 0 0 0 0 1 0 0 1 1 0 1 0 0 0 0 1 0 1 1 1 1 1 1 1 ]
d13=7.053194594024 eijMax=8.353E-03 rmsd=3.776E+00 s=[ 0 0 0 0 1 1 1 0 0 0 1 0 0 0 0 1 0 1 1 1 1 1 1 1 ]
d13=7.053194594024 eijMax=8.353E-03 rmsd=3.776E+00 s=[ 0 0 0 1 0 0 0 1 1 1 0 1 1 1 1 0 1 0 0 0 0 0 0 0 ]
d13=7.053194594024 eijMax=4.116E-03 rmsd=2.280E+00 s=[ 0 0 0 1 0 1 1 0 0 1 0 1 1 1 1 0 1 0 0 0 0 0 0 0 ]
d13=7.053660473884 eijMax=5.414E-03 rmsd=2.280E+00 s=[ 0 0 0 0 1 0 0 1 1 0 1 0 0 0 0 1 0 1 1 1 1 1 1 1 ]
d13=7.053660473884 eijMax=9.732E-03 rmsd=3.773E+00 s=[ 0 0 0 0 1 1 1 0 0 0 1 0 0 0 0 1 0 1 1 1 1 1 1 1 ]
d13=7.053660473884 eijMax=9.732E-03 rmsd=3.773E+00 s=[ 0 0 0 1 0 0 0 1 1 1 0 1 1 1 1 0 1 0 0 0 0 0 0 0 ]
d13=7.053660473884 eijMax=5.414E-03 rmsd=2.280E+00 s=[ 0 0 0 1 0 1 1 0 0 1 0 1 1 1 1 0 1 0 0 0 0 0 0 0 ]
d13=7.054126353744 eijMax=6.708E-03 rmsd=2.280E+00 s=[ 0 0 0 0 1 0 0 1 1 0 1 0 0 0 0 1 0 1 1 1 1 1 1 1 ]
d13=7.054126353744 eijMax=6.708E-03 rmsd=2.280E+00 s=[ 0 0 0 1 0 1 1 0 0 1 0 1 1 1 1 0 1 0 0 0 0 0 0 0 ]
d13=7.054592233604 eijMax=7.996E-03 rmsd=2.279E+00 s=[ 0 0 0 0 1 0 0 1 1 0 1 0 0 0 0 1 0 1 1 1 1 1 1 1 ]
d13=7.054592233604 eijMax=7.996E-03 rmsd=2.279E+00 s=[ 0 0 0 1 0 1 1 0 0 1 0 1 1 1 1 0 1 0 0 0 0 0 0 0 ]
d13=7.055058113463 eijMax=9.279E-03 rmsd=2.279E+00 s=[ 0 0 0 0 1 0 0 1 1 0 1 0 0 0 0 1 0 1 1 1 1 1 1 1 ]
d13=7.055058113463 eijMax=9.279E-03 rmsd=2.279E+00 s=[ 0 0 0 1 0 1 1 0 0 1 0 1 1 1 1 0 1 0 0 0 0 0 0 0 ]
d13=7.074159187718 eijMax=8.919E-03 rmsd=5.837E+00 s=[ 0 0 0 0 1 1 1 0 0 0 1 0 0 0 1 0 1 0 0 0 0 0 0 0 ]
d13=7.074159187718 eijMax=8.919E-03 rmsd=5.837E+00 s=[ 0 0 0 1 0 0 0 1 1 1 0 1 1 1 0 1 0 1 1 1 1 1 1 1 ]
d13=7.074625067578 eijMax=7.736E-03 rmsd=5.836E+00 s=[ 0 0 0 0 1 1 1 0 0 0 1 0 0 0 1 0 1 0 0 0 0 0 0 0 ]
d13=7.074625067578 eijMax=7.736E-03 rmsd=5.836E+00 s=[ 0 0 0 1 0 0 0 1 1 1 0 1 1 1 0 1 0 1 1 1 1 1 1 1 ]
d13=7.075090947437 eijMax=6.556E-03 rmsd=5.836E+00 s=[ 0 0 0 0 1 1 1 0 0 0 1 0 0 0 1 0 1 0 0 0 0 0 0 0 ]
d13=7.075090947437 eijMax=6.556E-03 rmsd=5.836E+00 s=[ 0 0 0 1 0 0 0 1 1 1 0 1 1 1 0 1 0 1 1 1 1 1 1 1 ]
d13=7.075556827297 eijMax=5.380E-03 rmsd=5.836E+00 s=[ 0 0 0 0 1 1 1 0 0 0 1 0 0 0 1 0 1 0 0 0 0 0 0 0 ]
d13=7.075556827297 eijMax=5.380E-03 rmsd=5.836E+00 s=[ 0 0 0 1 0 0 0 1 1 1 0 1 1 1 0 1 0 1 1 1 1 1 1 1 ]
d13=7.076022707157 eijMax=9.543E-03 rmsd=5.253E+00 s=[ 0 0 0 0 1 0 0 1 1 0 1 0 0 0 1 0 1 0 0 0 0 0 0 0 ]
d13=7.076022707157 eijMax=4.207E-03 rmsd=5.835E+00 s=[ 0 0 0 0 1 1 1 0 0 0 1 0 0 0 1 0 1 0 0 0 0 0 0 0 ]
d13=7.076022707157 eijMax=4.207E-03 rmsd=5.835E+00 s=[ 0 0 0 1 0 0 0 1 1 1 0 1 1 1 0 1 0 1 1 1 1 1 1 1 ]
d13=7.076022707157 eijMax=9.543E-03 rmsd=5.253E+00 s=[ 0 0 0 1 0 1 1 0 0 1 0 1 1 1 0 1 0 1 1 1 1 1 1 1 ]
d13=7.076488587017 eijMax=8.415E-03 rmsd=5.252E+00 s=[ 0 0 0 0 1 0 0 1 1 0 1 0 0 0 1 0 1 0 0 0 0 0 0 0 ]
d13=7.076488587017 eijMax=3.038E-03 rmsd=5.835E+00 s=[ 0 0 0 0 1 1 1 0 0 0 1 0 0 0 1 0 1 0 0 0 0 0 0 0 ]
d13=7.076488587017 eijMax=3.038E-03 rmsd=5.835E+00 s=[ 0 0 0 1 0 0 0 1 1 1 0 1 1 1 0 1 0 1 1 1 1 1 1 1 ]
d13=7.076488587017 eijMax=8.415E-03 rmsd=5.252E+00 s=[ 0 0 0 1 0 1 1 0 0 1 0 1 1 1 0 1 0 1 1 1 1 1 1 1 ]
d13=7.076954466877 eijMax=7.290E-03 rmsd=5.250E+00 s=[ 0 0 0 0 1 0 0 1 1 0 1 0 0 0 1 0 1 0 0 0 0 0 0 0 ]
d13=7.076954466877 eijMax=1.872E-03 rmsd=5.835E+00 s=[ 0 0 0 0 1 1 1 0 0 0 1 0 0 0 1 0 1 0 0 0 0 0 0 0 ]
d13=7.076954466877 eijMax=1.872E-03 rmsd=5.835E+00 s=[ 0 0 0 1 0 0 0 1 1 1 0 1 1 1 0 1 0 1 1 1 1 1 1 1 ]
d13=7.076954466877 eijMax=7.290E-03 rmsd=5.250E+00 s=[ 0 0 0 1 0 1 1 0 0 1 0 1 1 1 0 1 0 1 1 1 1 1 1 1 ]
d13=7.077420346737 eijMax=6.168E-03 rmsd=5.249E+00 s=[ 0 0 0 0 1 0 0 1 1 0 1 0 0 0 1 0 1 0 0 0 0 0 0 0 ]
d13=7.077420346737 eijMax=7.093E-04 rmsd=5.834E+00 s=[ 0 0 0 0 1 1 1 0 0 0 1 0 0 0 1 0 1 0 0 0 0 0 0 0 ]
d13=7.077420346737 eijMax=7.093E-04 rmsd=5.834E+00 s=[ 0 0 0 1 0 0 0 1 1 1 0 1 1 1 0 1 0 1 1 1 1 1 1 1 ]
d13=7.077420346737 eijMax=6.168E-03 rmsd=5.249E+00 s=[ 0 0 0 1 0 1 1 0 0 1 0 1 1 1 0 1 0 1 1 1 1 1 1 1 ]
d13=7.077886226597 eijMax=5.049E-03 rmsd=5.248E+00 s=[ 0 0 0 0 1 0 0 1 1 0 1 0 0 0 1 0 1 0 0 0 0 0 0 0 ]
d13=7.077886226597 eijMax=4.499E-04 rmsd=5.834E+00 s=[ 0 0 0 0 1 1 1 0 0 0 1 0 0 0 1 0 1 0 0 0 0 0 0 0 ]
d13=7.077886226597 eijMax=4.499E-04 rmsd=5.834E+00 s=[ 0 0 0 1 0 0 0 1 1 1 0 1 1 1 0 1 0 1 1 1 1 1 1 1 ]
d13=7.077886226597 eijMax=5.049E-03 rmsd=5.248E+00 s=[ 0 0 0 1 0 1 1 0 0 1 0 1 1 1 0 1 0 1 1 1 1 1 1 1 ]
d13=7.078352106456 eijMax=3.934E-03 rmsd=5.247E+00 s=[ 0 0 0 0 1 0 0 1 1 0 1 0 0 0 1 0 1 0 0 0 0 0 0 0 ]
d13=7.078352106456 eijMax=1.606E-03 rmsd=5.834E+00 s=[ 0 0 0 0 1 1 1 0 0 0 1 0 0 0 1 0 1 0 0 0 0 0 0 0 ]
d13=7.078352106456 eijMax=1.606E-03 rmsd=5.834E+00 s=[ 0 0 0 1 0 0 0 1 1 1 0 1 1 1 0 1 0 1 1 1 1 1 1 1 ]
d13=7.078352106456 eijMax=3.934E-03 rmsd=5.247E+00 s=[ 0 0 0 1 0 1 1 0 0 1 0 1 1 1 0 1 0 1 1 1 1 1 1 1 ]
d13=7.078817986316 eijMax=2.821E-03 rmsd=5.245E+00 s=[ 0 0 0 0 1 0 0 1 1 0 1 0 0 0 1 0 1 0 0 0 0 0 0 0 ]
d13=7.078817986316 eijMax=2.758E-03 rmsd=5.833E+00 s=[ 0 0 0 0 1 1 1 0 0 0 1 0 0 0 1 0 1 0 0 0 0 0 0 0 ]
d13=7.078817986316 eijMax=2.758E-03 rmsd=5.833E+00 s=[ 0 0 0 1 0 0 0 1 1 1 0 1 1 1 0 1 0 1 1 1 1 1 1 1 ]
d13=7.078817986316 eijMax=2.821E-03 rmsd=5.245E+00 s=[ 0 0 0 1 0 1 1 0 0 1 0 1 1 1 0 1 0 1 1 1 1 1 1 1 ]
d13=7.079283866176 eijMax=1.712E-03 rmsd=5.244E+00 s=[ 0 0 0 0 1 0 0 1 1 0 1 0 0 0 1 0 1 0 0 0 0 0 0 0 ]
d13=7.079283866176 eijMax=3.908E-03 rmsd=5.833E+00 s=[ 0 0 0 0 1 1 1 0 0 0 1 0 0 0 1 0 1 0 0 0 0 0 0 0 ]
d13=7.079283866176 eijMax=3.908E-03 rmsd=5.833E+00 s=[ 0 0 0 1 0 0 0 1 1 1 0 1 1 1 0 1 0 1 1 1 1 1 1 1 ]
d13=7.079283866176 eijMax=1.712E-03 rmsd=5.244E+00 s=[ 0 0 0 1 0 1 1 0 0 1 0 1 1 1 0 1 0 1 1 1 1 1 1 1 ]
d13=7.079749746036 eijMax=6.051E-04 rmsd=5.243E+00 s=[ 0 0 0 0 1 0 0 1 1 0 1 0 0 0 1 0 1 0 0 0 0 0 0 0 ]
d13=7.079749746036 eijMax=5.054E-03 rmsd=5.833E+00 s=[ 0 0 0 0 1 1 1 0 0 0 1 0 0 0 1 0 1 0 0 0 0 0 0 0 ]
d13=7.079749746036 eijMax=5.054E-03 rmsd=5.833E+00 s=[ 0 0 0 1 0 0 0 1 1 1 0 1 1 1 0 1 0 1 1 1 1 1 1 1 ]
d13=7.079749746036 eijMax=6.051E-04 rmsd=5.243E+00 s=[ 0 0 0 1 0 1 1 0 0 1 0 1 1 1 0 1 0 1 1 1 1 1 1 1 ]
d13=7.080215625896 eijMax=4.984E-04 rmsd=5.242E+00 s=[ 0 0 0 0 1 0 0 1 1 0 1 0 0 0 1 0 1 0 0 0 0 0 0 0 ]
d13=7.080215625896 eijMax=6.196E-03 rmsd=5.832E+00 s=[ 0 0 0 0 1 1 1 0 0 0 1 0 0 0 1 0 1 0 0 0 0 0 0 0 ]
d13=7.080215625896 eijMax=6.196E-03 rmsd=5.832E+00 s=[ 0 0 0 1 0 0 0 1 1 1 0 1 1 1 0 1 0 1 1 1 1 1 1 1 ]
d13=7.080215625896 eijMax=4.984E-04 rmsd=5.242E+00 s=[ 0 0 0 1 0 1 1 0 0 1 0 1 1 1 0 1 0 1 1 1 1 1 1 1 ]
d13=7.080681505756 eijMax=1.599E-03 rmsd=5.241E+00 s=[ 0 0 0 0 1 0 0 1 1 0 1 0 0 0 1 0 1 0 0 0 0 0 0 0 ]
d13=7.080681505756 eijMax=7.336E-03 rmsd=5.832E+00 s=[ 0 0 0 0 1 1 1 0 0 0 1 0 0 0 1 0 1 0 0 0 0 0 0 0 ]
d13=7.080681505756 eijMax=7.336E-03 rmsd=5.832E+00 s=[ 0 0 0 1 0 0 0 1 1 1 0 1 1 1 0 1 0 1 1 1 1 1 1 1 ]
d13=7.080681505756 eijMax=1.599E-03 rmsd=5.241E+00 s=[ 0 0 0 1 0 1 1 0 0 1 0 1 1 1 0 1 0 1 1 1 1 1 1 1 ]
d13=7.081147385616 eijMax=2.696E-03 rmsd=5.239E+00 s=[ 0 0 0 0 1 0 0 1 1 0 1 0 0 0 1 0 1 0 0 0 0 0 0 0 ]
d13=7.081147385616 eijMax=8.472E-03 rmsd=5.832E+00 s=[ 0 0 0 0 1 1 1 0 0 0 1 0 0 0 1 0 1 0 0 0 0 0 0 0 ]
d13=7.081147385616 eijMax=8.472E-03 rmsd=5.832E+00 s=[ 0 0 0 1 0 0 0 1 1 1 0 1 1 1 0 1 0 1 1 1 1 1 1 1 ]
d13=7.081147385616 eijMax=2.696E-03 rmsd=5.239E+00 s=[ 0 0 0 1 0 1 1 0 0 1 0 1 1 1 0 1 0 1 1 1 1 1 1 1 ]
d13=7.081613265475 eijMax=3.791E-03 rmsd=5.238E+00 s=[ 0 0 0 0 1 0 0 1 1 0 1 0 0 0 1 0 1 0 0 0 0 0 0 0 ]
d13=7.081613265475 eijMax=9.605E-03 rmsd=5.831E+00 s=[ 0 0 0 0 1 1 1 0 0 0 1 0 0 0 1 0 1 0 0 0 0 0 0 0 ]
d13=7.081613265475 eijMax=9.605E-03 rmsd=5.831E+00 s=[ 0 0 0 1 0 0 0 1 1 1 0 1 1 1 0 1 0 1 1 1 1 1 1 1 ]
d13=7.081613265475 eijMax=3.791E-03 rmsd=5.238E+00 s=[ 0 0 0 1 0 1 1 0 0 1 0 1 1 1 0 1 0 1 1 1 1 1 1 1 ]
d13=7.082079145335 eijMax=4.883E-03 rmsd=5.237E+00 s=[ 0 0 0 0 1 0 0 1 1 0 1 0 0 0 1 0 1 0 0 0 0 0 0 0 ]
d13=7.082079145335 eijMax=4.883E-03 rmsd=5.237E+00 s=[ 0 0 0 1 0 1 1 0 0 1 0 1 1 1 0 1 0 1 1 1 1 1 1 1 ]
d13=7.082545025195 eijMax=5.972E-03 rmsd=5.236E+00 s=[ 0 0 0 0 1 0 0 1 1 0 1 0 0 0 1 0 1 0 0 0 0 0 0 0 ]
d13=7.082545025195 eijMax=5.972E-03 rmsd=5.236E+00 s=[ 0 0 0 1 0 1 1 0 0 1 0 1 1 1 0 1 0 1 1 1 1 1 1 1 ]
d13=7.083010905055 eijMax=7.057E-03 rmsd=5.234E+00 s=[ 0 0 0 0 1 0 0 1 1 0 1 0 0 0 1 0 1 0 0 0 0 0 0 0 ]
d13=7.083010905055 eijMax=7.057E-03 rmsd=5.234E+00 s=[ 0 0 0 1 0 1 1 0 0 1 0 1 1 1 0 1 0 1 1 1 1 1 1 1 ]
d13=7.083476784915 eijMax=8.141E-03 rmsd=5.233E+00 s=[ 0 0 0 0 1 0 0 1 1 0 1 0 0 0 1 0 1 0 0 0 0 0 0 0 ]
d13=7.083476784915 eijMax=8.141E-03 rmsd=5.233E+00 s=[ 0 0 0 1 0 1 1 0 0 1 0 1 1 1 0 1 0 1 1 1 1 1 1 1 ]
d13=7.083942664775 eijMax=9.221E-03 rmsd=5.232E+00 s=[ 0 0 0 0 1 0 0 1 1 0 1 0 0 0 1 0 1 0 0 0 0 0 0 0 ]
d13=7.083942664775 eijMax=9.221E-03 rmsd=5.232E+00 s=[ 0 0 0 1 0 1 1 0 0 1 0 1 1 1 0 1 0 1 1 1 1 1 1 1 ]
d13=7.110031936927 eijMax=9.241E-03 rmsd=3.263E+00 s=[ 0 0 0 0 1 1 1 0 0 0 0 1 1 1 0 1 0 1 1 1 1 1 1 1 ]
d13=7.110031936927 eijMax=9.241E-03 rmsd=3.263E+00 s=[ 0 0 0 1 0 0 0 1 1 1 1 0 0 0 1 0 1 0 0 0 0 0 0 0 ]
d13=7.110497816787 eijMax=8.260E-03 rmsd=3.261E+00 s=[ 0 0 0 0 1 1 1 0 0 0 0 1 1 1 0 1 0 1 1 1 1 1 1 1 ]
d13=7.110497816787 eijMax=8.260E-03 rmsd=3.261E+00 s=[ 0 0 0 1 0 0 0 1 1 1 1 0 0 0 1 0 1 0 0 0 0 0 0 0 ]
d13=7.110963696647 eijMax=7.281E-03 rmsd=3.259E+00 s=[ 0 0 0 0 1 1 1 0 0 0 0 1 1 1 0 1 0 1 1 1 1 1 1 1 ]
d13=7.110963696647 eijMax=7.281E-03 rmsd=3.259E+00 s=[ 0 0 0 1 0 0 0 1 1 1 1 0 0 0 1 0 1 0 0 0 0 0 0 0 ]
d13=7.111429576507 eijMax=6.303E-03 rmsd=3.257E+00 s=[ 0 0 0 0 1 1 1 0 0 0 0 1 1 1 0 1 0 1 1 1 1 1 1 1 ]
d13=7.111429576507 eijMax=6.303E-03 rmsd=3.257E+00 s=[ 0 0 0 1 0 0 0 1 1 1 1 0 0 0 1 0 1 0 0 0 0 0 0 0 ]
d13=7.111895456366 eijMax=5.326E-03 rmsd=3.255E+00 s=[ 0 0 0 0 1 1 1 0 0 0 0 1 1 1 0 1 0 1 1 1 1 1 1 1 ]
d13=7.111895456366 eijMax=5.326E-03 rmsd=3.255E+00 s=[ 0 0 0 1 0 0 0 1 1 1 1 0 0 0 1 0 1 0 0 0 0 0 0 0 ]
d13=7.112361336226 eijMax=4.351E-03 rmsd=3.253E+00 s=[ 0 0 0 0 1 1 1 0 0 0 0 1 1 1 0 1 0 1 1 1 1 1 1 1 ]
d13=7.112361336226 eijMax=4.351E-03 rmsd=3.253E+00 s=[ 0 0 0 1 0 0 0 1 1 1 1 0 0 0 1 0 1 0 0 0 0 0 0 0 ]
d13=7.112827216086 eijMax=3.378E-03 rmsd=3.251E+00 s=[ 0 0 0 0 1 1 1 0 0 0 0 1 1 1 0 1 0 1 1 1 1 1 1 1 ]
d13=7.112827216086 eijMax=3.378E-03 rmsd=3.251E+00 s=[ 0 0 0 1 0 0 0 1 1 1 1 0 0 0 1 0 1 0 0 0 0 0 0 0 ]
d13=7.113293095946 eijMax=2.406E-03 rmsd=3.248E+00 s=[ 0 0 0 0 1 1 1 0 0 0 0 1 1 1 0 1 0 1 1 1 1 1 1 1 ]
d13=7.113293095946 eijMax=2.406E-03 rmsd=3.248E+00 s=[ 0 0 0 1 0 0 0 1 1 1 1 0 0 0 1 0 1 0 0 0 0 0 0 0 ]
d13=7.113758975806 eijMax=1.435E-03 rmsd=3.246E+00 s=[ 0 0 0 0 1 1 1 0 0 0 0 1 1 1 0 1 0 1 1 1 1 1 1 1 ]
d13=7.113758975806 eijMax=1.435E-03 rmsd=3.246E+00 s=[ 0 0 0 1 0 0 0 1 1 1 1 0 0 0 1 0 1 0 0 0 0 0 0 0 ]
d13=7.114224855666 eijMax=4.664E-04 rmsd=3.244E+00 s=[ 0 0 0 0 1 1 1 0 0 0 0 1 1 1 0 1 0 1 1 1 1 1 1 1 ]
d13=7.114224855666 eijMax=4.664E-04 rmsd=3.244E+00 s=[ 0 0 0 1 0 0 0 1 1 1 1 0 0 0 1 0 1 0 0 0 0 0 0 0 ]
d13=7.114690735526 eijMax=5.010E-04 rmsd=3.242E+00 s=[ 0 0 0 0 1 1 1 0 0 0 0 1 1 1 0 1 0 1 1 1 1 1 1 1 ]
d13=7.114690735526 eijMax=5.010E-04 rmsd=3.242E+00 s=[ 0 0 0 1 0 0 0 1 1 1 1 0 0 0 1 0 1 0 0 0 0 0 0 0 ]
d13=7.115156615385 eijMax=1.467E-03 rmsd=3.240E+00 s=[ 0 0 0 0 1 1 1 0 0 0 0 1 1 1 0 1 0 1 1 1 1 1 1 1 ]
d13=7.115156615385 eijMax=1.467E-03 rmsd=3.240E+00 s=[ 0 0 0 1 0 0 0 1 1 1 1 0 0 0 1 0 1 0 0 0 0 0 0 0 ]
d13=7.115622495245 eijMax=2.431E-03 rmsd=3.238E+00 s=[ 0 0 0 0 1 1 1 0 0 0 0 1 1 1 0 1 0 1 1 1 1 1 1 1 ]
d13=7.115622495245 eijMax=2.431E-03 rmsd=3.238E+00 s=[ 0 0 0 1 0 0 0 1 1 1 1 0 0 0 1 0 1 0 0 0 0 0 0 0 ]
d13=7.116088375105 eijMax=3.394E-03 rmsd=3.236E+00 s=[ 0 0 0 0 1 1 1 0 0 0 0 1 1 1 0 1 0 1 1 1 1 1 1 1 ]
d13=7.116088375105 eijMax=3.394E-03 rmsd=3.236E+00 s=[ 0 0 0 1 0 0 0 1 1 1 1 0 0 0 1 0 1 0 0 0 0 0 0 0 ]
d13=7.116554254965 eijMax=9.909E-03 rmsd=4.277E-02 s=[ 0 0 0 0 1 0 0 1 1 0 0 1 1 1 0 1 0 1 1 1 1 1 1 1 ]
d13=7.116554254965 eijMax=4.356E-03 rmsd=3.234E+00 s=[ 0 0 0 0 1 1 1 0 0 0 0 1 1 1 0 1 0 1 1 1 1 1 1 1 ]
d13=7.116554254965 eijMax=4.356E-03 rmsd=3.234E+00 s=[ 0 0 0 1 0 0 0 1 1 1 1 0 0 0 1 0 1 0 0 0 0 0 0 0 ]
d13=7.116554254965 eijMax=9.909E-03 rmsd=4.277E-02 s=[ 0 0 0 1 0 1 1 0 0 1 1 0 0 0 1 0 1 0 0 0 0 0 0 0 ]
d13=7.117020134825 eijMax=9.006E-03 rmsd=3.886E-02 s=[ 0 0 0 0 1 0 0 1 1 0 0 1 1 1 0 1 0 1 1 1 1 1 1 1 ]
d13=7.117020134825 eijMax=5.316E-03 rmsd=3.232E+00 s=[ 0 0 0 0 1 1 1 0 0 0 0 1 1 1 0 1 0 1 1 1 1 1 1 1 ]
d13=7.117020134825 eijMax=9.266E-03 rmsd=5.790E+00 s=[ 0 0 0 0 1 1 1 0 0 0 0 1 1 1 1 0 1 0 0 0 0 0 0 0 ]
d13=7.117020134825 eijMax=9.266E-03 rmsd=5.790E+00 s=[ 0 0 0 1 0 0 0 1 1 1 1 0 0 0 0 1 0 1 1 1 1 1 1 1 ]
d13=7.117020134825 eijMax=5.316E-03 rmsd=3.232E+00 s=[ 0 0 0 1 0 0 0 1 1 1 1 0 0 0 1 0 1 0 0 0 0 0 0 0 ]
d13=7.117020134825 eijMax=9.006E-03 rmsd=3.886E-02 s=[ 0 0 0 1 0 1 1 0 0 1 1 0 0 0 1 0 1 0 0 0 0 0 0 0 ]
d13=7.117486014685 eijMax=8.104E-03 rmsd=3.496E-02 s=[ 0 0 0 0 1 0 0 1 1 0 0 1 1 1 0 1 0 1 1 1 1 1 1 1 ]
d13=7.117486014685 eijMax=6.275E-03 rmsd=3.230E+00 s=[ 0 0 0 0 1 1 1 0 0 0 0 1 1 1 0 1 0 1 1 1 1 1 1 1 ]
d13=7.117486014685 eijMax=8.269E-03 rmsd=5.790E+00 s=[ 0 0 0 0 1 1 1 0 0 0 0 1 1 1 1 0 1 0 0 0 0 0 0 0 ]
d13=7.117486014685 eijMax=8.269E-03 rmsd=5.790E+00 s=[ 0 0 0 1 0 0 0 1 1 1 1 0 0 0 0 1 0 1 1 1 1 1 1 1 ]
d13=7.117486014685 eijMax=6.275E-03 rmsd=3.230E+00 s=[ 0 0 0 1 0 0 0 1 1 1 1 0 0 0 1 0 1 0 0 0 0 0 0 0 ]
d13=7.117486014685 eijMax=8.104E-03 rmsd=3.496E-02 s=[ 0 0 0 1 0 1 1 0 0 1 1 0 0 0 1 0 1 0 0 0 0 0 0 0 ]
d13=7.117951894545 eijMax=7.203E-03 rmsd=3.106E-02 s=[ 0 0 0 0 1 0 0 1 1 0 0 1 1 1 0 1 0 1 1 1 1 1 1 1 ]
d13=7.117951894545 eijMax=7.232E-03 rmsd=3.228E+00 s=[ 0 0 0 0 1 1 1 0 0 0 0 1 1 1 0 1 0 1 1 1 1 1 1 1 ]
d13=7.117951894545 eijMax=7.274E-03 rmsd=5.790E+00 s=[ 0 0 0 0 1 1 1 0 0 0 0 1 1 1 1 0 1 0 0 0 0 0 0 0 ]
d13=7.117951894545 eijMax=7.274E-03 rmsd=5.790E+00 s=[ 0 0 0 1 0 0 0 1 1 1 1 0 0 0 0 1 0 1 1 1 1 1 1 1 ]
d13=7.117951894545 eijMax=7.232E-03 rmsd=3.228E+00 s=[ 0 0 0 1 0 0 0 1 1 1 1 0 0 0 1 0 1 0 0 0 0 0 0 0 ]
d13=7.117951894545 eijMax=7.203E-03 rmsd=3.106E-02 s=[ 0 0 0 1 0 1 1 0 0 1 1 0 0 0 1 0 1 0 0 0 0 0 0 0 ]
d13=7.118417774404 eijMax=6.303E-03 rmsd=2.717E-02 s=[ 0 0 0 0 1 0 0 1 1 0 0 1 1 1 0 1 0 1 1 1 1 1 1 1 ]
d13=7.118417774404 eijMax=8.188E-03 rmsd=3.226E+00 s=[ 0 0 0 0 1 1 1 0 0 0 0 1 1 1 0 1 0 1 1 1 1 1 1 1 ]
d13=7.118417774404 eijMax=6.281E-03 rmsd=5.790E+00 s=[ 0 0 0 0 1 1 1 0 0 0 0 1 1 1 1 0 1 0 0 0 0 0 0 0 ]
d13=7.118417774404 eijMax=6.281E-03 rmsd=5.790E+00 s=[ 0 0 0 1 0 0 0 1 1 1 1 0 0 0 0 1 0 1 1 1 1 1 1 1 ]
d13=7.118417774404 eijMax=8.188E-03 rmsd=3.226E+00 s=[ 0 0 0 1 0 0 0 1 1 1 1 0 0 0 1 0 1 0 0 0 0 0 0 0 ]
d13=7.118417774404 eijMax=6.303E-03 rmsd=2.717E-02 s=[ 0 0 0 1 0 1 1 0 0 1 1 0 0 0 1 0 1 0 0 0 0 0 0 0 ]
d13=7.118883654264 eijMax=5.405E-03 rmsd=2.329E-02 s=[ 0 0 0 0 1 0 0 1 1 0 0 1 1 1 0 1 0 1 1 1 1 1 1 1 ]
d13=7.118883654264 eijMax=9.142E-03 rmsd=3.224E+00 s=[ 0 0 0 0 1 1 1 0 0 0 0 1 1 1 0 1 0 1 1 1 1 1 1 1 ]
d13=7.118883654264 eijMax=5.289E-03 rmsd=5.790E+00 s=[ 0 0 0 0 1 1 1 0 0 0 0 1 1 1 1 0 1 0 0 0 0 0 0 0 ]
d13=7.118883654264 eijMax=5.289E-03 rmsd=5.790E+00 s=[ 0 0 0 1 0 0 0 1 1 1 1 0 0 0 0 1 0 1 1 1 1 1 1 1 ]
d13=7.118883654264 eijMax=9.142E-03 rmsd=3.224E+00 s=[ 0 0 0 1 0 0 0 1 1 1 1 0 0 0 1 0 1 0 0 0 0 0 0 0 ]
d13=7.118883654264 eijMax=5.405E-03 rmsd=2.329E-02 s=[ 0 0 0 1 0 1 1 0 0 1 1 0 0 0 1 0 1 0 0 0 0 0 0 0 ]
d13=7.119349534124 eijMax=4.508E-03 rmsd=1.942E-02 s=[ 0 0 0 0 1 0 0 1 1 0 0 1 1 1 0 1 0 1 1 1 1 1 1 1 ]
d13=7.119349534124 eijMax=4.299E-03 rmsd=5.790E+00 s=[ 0 0 0 0 1 1 1 0 0 0 0 1 1 1 1 0 1 0 0 0 0 0 0 0 ]
d13=7.119349534124 eijMax=4.299E-03 rmsd=5.790E+00 s=[ 0 0 0 1 0 0 0 1 1 1 1 0 0 0 0 1 0 1 1 1 1 1 1 1 ]
d13=7.119349534124 eijMax=4.508E-03 rmsd=1.942E-02 s=[ 0 0 0 1 0 1 1 0 0 1 1 0 0 0 1 0 1 0 0 0 0 0 0 0 ]
d13=7.119815413984 eijMax=3.612E-03 rmsd=1.556E-02 s=[ 0 0 0 0 1 0 0 1 1 0 0 1 1 1 0 1 0 1 1 1 1 1 1 1 ]
d13=7.119815413984 eijMax=3.311E-03 rmsd=5.789E+00 s=[ 0 0 0 0 1 1 1 0 0 0 0 1 1 1 1 0 1 0 0 0 0 0 0 0 ]
d13=7.119815413984 eijMax=3.311E-03 rmsd=5.789E+00 s=[ 0 0 0 1 0 0 0 1 1 1 1 0 0 0 0 1 0 1 1 1 1 1 1 1 ]
d13=7.119815413984 eijMax=3.612E-03 rmsd=1.556E-02 s=[ 0 0 0 1 0 1 1 0 0 1 1 0 0 0 1 0 1 0 0 0 0 0 0 0 ]
d13=7.120281293844 eijMax=2.717E-03 rmsd=1.170E-02 s=[ 0 0 0 0 1 0 0 1 1 0 0 1 1 1 0 1 0 1 1 1 1 1 1 1 ]
d13=7.120281293844 eijMax=2.324E-03 rmsd=5.789E+00 s=[ 0 0 0 0 1 1 1 0 0 0 0 1 1 1 1 0 1 0 0 0 0 0 0 0 ]
d13=7.120281293844 eijMax=2.324E-03 rmsd=5.789E+00 s=[ 0 0 0 1 0 0 0 1 1 1 1 0 0 0 0 1 0 1 1 1 1 1 1 1 ]
d13=7.120281293844 eijMax=2.717E-03 rmsd=1.170E-02 s=[ 0 0 0 1 0 1 1 0 0 1 1 0 0 0 1 0 1 0 0 0 0 0 0 0 ]
d13=7.120747173704 eijMax=1.823E-03 rmsd=7.853E-03 s=[ 0 0 0 0 1 0 0 1 1 0 0 1 1 1 0 1 0 1 1 1 1 1 1 1 ]
d13=7.120747173704 eijMax=9.564E-03 rmsd=5.302E+00 s=[ 0 0 0 0 1 0 0 1 1 0 0 1 1 1 1 0 1 0 0 0 0 0 0 0 ]
d13=7.120747173704 eijMax=1.339E-03 rmsd=5.789E+00 s=[ 0 0 0 0 1 1 1 0 0 0 0 1 1 1 1 0 1 0 0 0 0 0 0 0 ]
d13=7.120747173704 eijMax=1.339E-03 rmsd=5.789E+00 s=[ 0 0 0 1 0 0 0 1 1 1 1 0 0 0 0 1 0 1 1 1 1 1 1 1 ]
d13=7.120747173704 eijMax=9.564E-03 rmsd=5.302E+00 s=[ 0 0 0 1 0 1 1 0 0 1 1 0 0 0 0 1 0 1 1 1 1 1 1 1 ]
d13=7.120747173704 eijMax=1.823E-03 rmsd=7.853E-03 s=[ 0 0 0 1 0 1 1 0 0 1 1 0 0 0 1 0 1 0 0 0 0 0 0 0 ]
d13=7.121213053564 eijMax=9.311E-04 rmsd=4.011E-03 s=[ 0 0 0 0 1 0 0 1 1 0 0 1 1 1 0 1 0 1 1 1 1 1 1 1 ]
d13=7.121213053564 eijMax=8.606E-03 rmsd=5.302E+00 s=[ 0 0 0 0 1 0 0 1 1 0 0 1 1 1 1 0 1 0 0 0 0 0 0 0 ]
d13=7.121213053564 eijMax=3.548E-04 rmsd=5.789E+00 s=[ 0 0 0 0 1 1 1 0 0 0 0 1 1 1 1 0 1 0 0 0 0 0 0 0 ]
d13=7.121213053564 eijMax=3.548E-04 rmsd=5.789E+00 s=[ 0 0 0 1 0 0 0 1 1 1 1 0 0 0 0 1 0 1 1 1 1 1 1 1 ]
d13=7.121213053564 eijMax=8.606E-03 rmsd=5.302E+00 s=[ 0 0 0 1 0 1 1 0 0 1 1 0 0 0 0 1 0 1 1 1 1 1 1 1 ]
d13=7.121213053564 eijMax=9.311E-04 rmsd=4.011E-03 s=[ 0 0 0 1 0 1 1 0 0 1 1 0 0 0 1 0 1 0 0 0 0 0 0 0 ]
d13=7.121678933423 eijMax=4.008E-05 rmsd=1.851E-04 s=[ 0 0 0 0 1 0 0 1 1 0 0 1 1 1 0 1 0 1 1 1 1 1 1 1 ]
d13=7.121678933423 eijMax=7.649E-03 rmsd=5.301E+00 s=[ 0 0 0 0 1 0 0 1 1 0 0 1 1 1 1 0 1 0 0 0 0 0 0 0 ]
d13=7.121678933423 eijMax=6.275E-04 rmsd=5.789E+00 s=[ 0 0 0 0 1 1 1 0 0 0 0 1 1 1 1 0 1 0 0 0 0 0 0 0 ]
d13=7.121678933423 eijMax=6.275E-04 rmsd=5.789E+00 s=[ 0 0 0 1 0 0 0 1 1 1 1 0 0 0 0 1 0 1 1 1 1 1 1 1 ]
d13=7.121678933423 eijMax=7.649E-03 rmsd=5.301E+00 s=[ 0 0 0 1 0 1 1 0 0 1 1 0 0 0 0 1 0 1 1 1 1 1 1 1 ]
d13=7.121678933423 eijMax=4.008E-05 rmsd=1.851E-04 s=[ 0 0 0 1 0 1 1 0 0 1 1 0 0 0 1 0 1 0 0 0 0 0 0 0 ]
d13=7.122144813283 eijMax=8.498E-04 rmsd=3.650E-03 s=[ 0 0 0 0 1 0 0 1 1 0 0 1 1 1 0 1 0 1 1 1 1 1 1 1 ]
d13=7.122144813283 eijMax=6.694E-03 rmsd=5.300E+00 s=[ 0 0 0 0 1 0 0 1 1 0 0 1 1 1 1 0 1 0 0 0 0 0 0 0 ]
d13=7.122144813283 eijMax=1.608E-03 rmsd=5.789E+00 s=[ 0 0 0 0 1 1 1 0 0 0 0 1 1 1 1 0 1 0 0 0 0 0 0 0 ]
d13=7.122144813283 eijMax=1.608E-03 rmsd=5.789E+00 s=[ 0 0 0 1 0 0 0 1 1 1 1 0 0 0 0 1 0 1 1 1 1 1 1 1 ]
d13=7.122144813283 eijMax=6.694E-03 rmsd=5.300E+00 s=[ 0 0 0 1 0 1 1 0 0 1 1 0 0 0 0 1 0 1 1 1 1 1 1 1 ]
d13=7.122144813283 eijMax=8.498E-04 rmsd=3.650E-03 s=[ 0 0 0 1 0 1 1 0 0 1 1 0 0 0 1 0 1 0 0 0 0 0 0 0 ]
d13=7.122610693143 eijMax=1.738E-03 rmsd=7.469E-03 s=[ 0 0 0 0 1 0 0 1 1 0 0 1 1 1 0 1 0 1 1 1 1 1 1 1 ]
d13=7.122610693143 eijMax=5.740E-03 rmsd=5.299E+00 s=[ 0 0 0 0 1 0 0 1 1 0 0 1 1 1 1 0 1 0 0 0 0 0 0 0 ]
d13=7.122610693143 eijMax=2.587E-03 rmsd=5.789E+00 s=[ 0 0 0 0 1 1 1 0 0 0 0 1 1 1 1 0 1 0 0 0 0 0 0 0 ]
d13=7.122610693143 eijMax=2.587E-03 rmsd=5.789E+00 s=[ 0 0 0 1 0 0 0 1 1 1 1 0 0 0 0 1 0 1 1 1 1 1 1 1 ]
d13=7.122610693143 eijMax=5.740E-03 rmsd=5.299E+00 s=[ 0 0 0 1 0 1 1 0 0 1 1 0 0 0 0 1 0 1 1 1 1 1 1 1 ]
d13=7.122610693143 eijMax=1.738E-03 rmsd=7.469E-03 s=[ 0 0 0 1 0 1 1 0 0 1 1 0 0 0 1 0 1 0 0 0 0 0 0 0 ]
d13=7.123076573003 eijMax=2.626E-03 rmsd=1.128E-02 s=[ 0 0 0 0 1 0 0 1 1 0 0 1 1 1 0 1 0 1 1 1 1 1 1 1 ]
d13=7.123076573003 eijMax=4.788E-03 rmsd=5.298E+00 s=[ 0 0 0 0 1 0 0 1 1 0 0 1 1 1 1 0 1 0 0 0 0 0 0 0 ]
d13=7.123076573003 eijMax=3.565E-03 rmsd=5.788E+00 s=[ 0 0 0 0 1 1 1 0 0 0 0 1 1 1 1 0 1 0 0 0 0 0 0 0 ]
d13=7.123076573003 eijMax=3.565E-03 rmsd=5.788E+00 s=[ 0 0 0 1 0 0 0 1 1 1 1 0 0 0 0 1 0 1 1 1 1 1 1 1 ]
d13=7.123076573003 eijMax=4.788E-03 rmsd=5.298E+00 s=[ 0 0 0 1 0 1 1 0 0 1 1 0 0 0 0 1 0 1 1 1 1 1 1 1 ]
d13=7.123076573003 eijMax=2.626E-03 rmsd=1.128E-02 s=[ 0 0 0 1 0 1 1 0 0 1 1 0 0 0 1 0 1 0 0 0 0 0 0 0 ]
d13=7.123542452863 eijMax=3.512E-03 rmsd=1.509E-02 s=[ 0 0 0 0 1 0 0 1 1 0 0 1 1 1 0 1 0 1 1 1 1 1 1 1 ]
d13=7.123542452863 eijMax=3.837E-03 rmsd=5.298E+00 s=[ 0 0 0 0 1 0 0 1 1 0 0 1 1 1 1 0 1 0 0 0 0 0 0 0 ]
d13=7.123542452863 eijMax=4.541E-03 rmsd=5.788E+00 s=[ 0 0 0 0 1 1 1 0 0 0 0 1 1 1 1 0 1 0 0 0 0 0 0 0 ]
d13=7.123542452863 eijMax=4.541E-03 rmsd=5.788E+00 s=[ 0 0 0 1 0 0 0 1 1 1 1 0 0 0 0 1 0 1 1 1 1 1 1 1 ]
d13=7.123542452863 eijMax=3.837E-03 rmsd=5.298E+00 s=[ 0 0 0 1 0 1 1 0 0 1 1 0 0 0 0 1 0 1 1 1 1 1 1 1 ]
d13=7.123542452863 eijMax=3.512E-03 rmsd=1.509E-02 s=[ 0 0 0 1 0 1 1 0 0 1 1 0 0 0 1 0 1 0 0 0 0 0 0 0 ]
d13=7.124008332723 eijMax=4.397E-03 rmsd=1.888E-02 s=[ 0 0 0 0 1 0 0 1 1 0 0 1 1 1 0 1 0 1 1 1 1 1 1 1 ]
d13=7.124008332723 eijMax=2.887E-03 rmsd=5.297E+00 s=[ 0 0 0 0 1 0 0 1 1 0 0 1 1 1 1 0 1 0 0 0 0 0 0 0 ]
d13=7.124008332723 eijMax=5.516E-03 rmsd=5.788E+00 s=[ 0 0 0 0 1 1 1 0 0 0 0 1 1 1 1 0 1 0 0 0 0 0 0 0 ]
d13=7.124008332723 eijMax=5.516E-03 rmsd=5.788E+00 s=[ 0 0 0 1 0 0 0 1 1 1 1 0 0 0 0 1 0 1 1 1 1 1 1 1 ]
d13=7.124008332723 eijMax=2.887E-03 rmsd=5.297E+00 s=[ 0 0 0 1 0 1 1 0 0 1 1 0 0 0 0 1 0 1 1 1 1 1 1 1 ]
d13=7.124008332723 eijMax=4.397E-03 rmsd=1.888E-02 s=[ 0 0 0 1 0 1 1 0 0 1 1 0 0 0 1 0 1 0 0 0 0 0 0 0 ]
d13=7.124474212583 eijMax=5.281E-03 rmsd=2.267E-02 s=[ 0 0 0 0 1 0 0 1 1 0 0 1 1 1 0 1 0 1 1 1 1 1 1 1 ]
d13=7.124474212583 eijMax=1.939E-03 rmsd=5.296E+00 s=[ 0 0 0 0 1 0 0 1 1 0 0 1 1 1 1 0 1 0 0 0 0 0 0 0 ]
d13=7.124474212583 eijMax=6.489E-03 rmsd=5.788E+00 s=[ 0 0 0 0 1 1 1 0 0 0 0 1 1 1 1 0 1 0 0 0 0 0 0 0 ]
d13=7.124474212583 eijMax=6.489E-03 rmsd=5.788E+00 s=[ 0 0 0 1 0 0 0 1 1 1 1 0 0 0 0 1 0 1 1 1 1 1 1 1 ]
d13=7.124474212583 eijMax=1.939E-03 rmsd=5.296E+00 s=[ 0 0 0 1 0 1 1 0 0 1 1 0 0 0 0 1 0 1 1 1 1 1 1 1 ]
d13=7.124474212583 eijMax=5.281E-03 rmsd=2.267E-02 s=[ 0 0 0 1 0 1 1 0 0 1 1 0 0 0 1 0 1 0 0 0 0 0 0 0 ]
d13=7.124940092442 eijMax=6.164E-03 rmsd=2.646E-02 s=[ 0 0 0 0 1 0 0 1 1 0 0 1 1 1 0 1 0 1 1 1 1 1 1 1 ]
d13=7.124940092442 eijMax=9.924E-04 rmsd=5.295E+00 s=[ 0 0 0 0 1 0 0 1 1 0 0 1 1 1 1 0 1 0 0 0 0 0 0 0 ]
d13=7.124940092442 eijMax=7.460E-03 rmsd=5.788E+00 s=[ 0 0 0 0 1 1 1 0 0 0 0 1 1 1 1 0 1 0 0 0 0 0 0 0 ]
d13=7.124940092442 eijMax=7.460E-03 rmsd=5.788E+00 s=[ 0 0 0 1 0 0 0 1 1 1 1 0 0 0 0 1 0 1 1 1 1 1 1 1 ]
d13=7.124940092442 eijMax=9.924E-04 rmsd=5.295E+00 s=[ 0 0 0 1 0 1 1 0 0 1 1 0 0 0 0 1 0 1 1 1 1 1 1 1 ]
d13=7.124940092442 eijMax=6.164E-03 rmsd=2.646E-02 s=[ 0 0 0 1 0 1 1 0 0 1 1 0 0 0 1 0 1 0 0 0 0 0 0 0 ]
d13=7.125405972302 eijMax=7.045E-03 rmsd=3.023E-02 s=[ 0 0 0 0 1 0 0 1 1 0 0 1 1 1 0 1 0 1 1 1 1 1 1 1 ]
d13=7.125405972302 eijMax=4.706E-05 rmsd=5.295E+00 s=[ 0 0 0 0 1 0 0 1 1 0 0 1 1 1 1 0 1 0 0 0 0 0 0 0 ]
d13=7.125405972302 eijMax=8.430E-03 rmsd=5.788E+00 s=[ 0 0 0 0 1 1 1 0 0 0 0 1 1 1 1 0 1 0 0 0 0 0 0 0 ]
d13=7.125405972302 eijMax=8.430E-03 rmsd=5.788E+00 s=[ 0 0 0 1 0 0 0 1 1 1 1 0 0 0 0 1 0 1 1 1 1 1 1 1 ]
d13=7.125405972302 eijMax=4.706E-05 rmsd=5.295E+00 s=[ 0 0 0 1 0 1 1 0 0 1 1 0 0 0 0 1 0 1 1 1 1 1 1 1 ]
d13=7.125405972302 eijMax=7.045E-03 rmsd=3.023E-02 s=[ 0 0 0 1 0 1 1 0 0 1 1 0 0 0 1 0 1 0 0 0 0 0 0 0 ]
d13=7.125871852162 eijMax=7.926E-03 rmsd=3.400E-02 s=[ 0 0 0 0 1 0 0 1 1 0 0 1 1 1 0 1 0 1 1 1 1 1 1 1 ]
d13=7.125871852162 eijMax=8.969E-04 rmsd=5.294E+00 s=[ 0 0 0 0 1 0 0 1 1 0 0 1 1 1 1 0 1 0 0 0 0 0 0 0 ]
d13=7.125871852162 eijMax=9.398E-03 rmsd=5.788E+00 s=[ 0 0 0 0 1 1 1 0 0 0 0 1 1 1 1 0 1 0 0 0 0 0 0 0 ]
d13=7.125871852162 eijMax=9.398E-03 rmsd=5.788E+00 s=[ 0 0 0 1 0 0 0 1 1 1 1 0 0 0 0 1 0 1 1 1 1 1 1 1 ]
d13=7.125871852162 eijMax=8.969E-04 rmsd=5.294E+00 s=[ 0 0 0 1 0 1 1 0 0 1 1 0 0 0 0 1 0 1 1 1 1 1 1 1 ]
d13=7.125871852162 eijMax=7.926E-03 rmsd=3.400E-02 s=[ 0 0 0 1 0 1 1 0 0 1 1 0 0 0 1 0 1 0 0 0 0 0 0 0 ]
d13=7.126337732022 eijMax=8.805E-03 rmsd=3.777E-02 s=[ 0 0 0 0 1 0 0 1 1 0 0 1 1 1 0 1 0 1 1 1 1 1 1 1 ]
d13=7.126337732022 eijMax=1.840E-03 rmsd=5.293E+00 s=[ 0 0 0 0 1 0 0 1 1 0 0 1 1 1 1 0 1 0 0 0 0 0 0 0 ]
d13=7.126337732022 eijMax=1.840E-03 rmsd=5.293E+00 s=[ 0 0 0 1 0 1 1 0 0 1 1 0 0 0 0 1 0 1 1 1 1 1 1 1 ]
d13=7.126337732022 eijMax=8.805E-03 rmsd=3.777E-02 s=[ 0 0 0 1 0 1 1 0 0 1 1 0 0 0 1 0 1 0 0 0 0 0 0 0 ]
d13=7.126803611882 eijMax=9.683E-03 rmsd=4.152E-02 s=[ 0 0 0 0 1 0 0 1 1 0 0 1 1 1 0 1 0 1 1 1 1 1 1 1 ]
d13=7.126803611882 eijMax=2.781E-03 rmsd=5.292E+00 s=[ 0 0 0 0 1 0 0 1 1 0 0 1 1 1 1 0 1 0 0 0 0 0 0 0 ]
d13=7.126803611882 eijMax=2.781E-03 rmsd=5.292E+00 s=[ 0 0 0 1 0 1 1 0 0 1 1 0 0 0 0 1 0 1 1 1 1 1 1 1 ]
d13=7.126803611882 eijMax=9.683E-03 rmsd=4.152E-02 s=[ 0 0 0 1 0 1 1 0 0 1 1 0 0 0 1 0 1 0 0 0 0 0 0 0 ]
d13=7.127269491742 eijMax=3.721E-03 rmsd=5.292E+00 s=[ 0 0 0 0 1 0 0 1 1 0 0 1 1 1 1 0 1 0 0 0 0 0 0 0 ]
d13=7.127269491742 eijMax=3.721E-03 rmsd=5.292E+00 s=[ 0 0 0 1 0 1 1 0 0 1 1 0 0 0 0 1 0 1 1 1 1 1 1 1 ]
d13=7.127735371602 eijMax=4.659E-03 rmsd=5.291E+00 s=[ 0 0 0 0 1 0 0 1 1 0 0 1 1 1 1 0 1 0 0 0 0 0 0 0 ]
d13=7.127735371602 eijMax=4.659E-03 rmsd=5.291E+00 s=[ 0 0 0 1 0 1 1 0 0 1 1 0 0 0 0 1 0 1 1 1 1 1 1 1 ]
d13=7.128201251461 eijMax=5.597E-03 rmsd=5.290E+00 s=[ 0 0 0 0 1 0 0 1 1 0 0 1 1 1 1 0 1 0 0 0 0 0 0 0 ]
d13=7.128201251461 eijMax=5.597E-03 rmsd=5.290E+00 s=[ 0 0 0 1 0 1 1 0 0 1 1 0 0 0 0 1 0 1 1 1 1 1 1 1 ]
d13=7.128667131321 eijMax=6.532E-03 rmsd=5.289E+00 s=[ 0 0 0 0 1 0 0 1 1 0 0 1 1 1 1 0 1 0 0 0 0 0 0 0 ]
d13=7.128667131321 eijMax=6.532E-03 rmsd=5.289E+00 s=[ 0 0 0 1 0 1 1 0 0 1 1 0 0 0 0 1 0 1 1 1 1 1 1 1 ]
d13=7.129133011181 eijMax=7.467E-03 rmsd=5.289E+00 s=[ 0 0 0 0 1 0 0 1 1 0 0 1 1 1 1 0 1 0 0 0 0 0 0 0 ]
d13=7.129133011181 eijMax=7.467E-03 rmsd=5.289E+00 s=[ 0 0 0 1 0 1 1 0 0 1 1 0 0 0 0 1 0 1 1 1 1 1 1 1 ]
d13=7.129598891041 eijMax=8.400E-03 rmsd=5.288E+00 s=[ 0 0 0 0 1 0 0 1 1 0 0 1 1 1 1 0 1 0 0 0 0 0 0 0 ]
d13=7.129598891041 eijMax=8.400E-03 rmsd=5.288E+00 s=[ 0 0 0 1 0 1 1 0 0 1 1 0 0 0 0 1 0 1 1 1 1 1 1 1 ]
d13=7.130064770901 eijMax=9.332E-03 rmsd=5.287E+00 s=[ 0 0 0 0 1 0 0 1 1 0 0 1 1 1 1 0 1 0 0 0 0 0 0 0 ]
d13=7.130064770901 eijMax=9.332E-03 rmsd=5.287E+00 s=[ 0 0 0 1 0 1 1 0 0 1 1 0 0 0 0 1 0 1 1 1 1 1 1 1 ]
d13=7.399343329900 eijMax=5.128E-03 rmsd=5.514E+00 s=[ 0 0 0 0 0 0 0 1 1 1 0 1 1 1 0 1 0 1 1 1 1 1 1 1 ]
d13=7.399343329900 eijMax=5.128E-03 rmsd=5.514E+00 s=[ 0 0 0 1 1 1 1 0 0 0 1 0 0 0 1 0 1 0 0 0 0 0 0 0 ]
d13=7.404468008358 eijMax=5.766E-03 rmsd=5.583E+00 s=[ 0 0 0 0 0 0 0 1 1 1 1 0 0 0 0 1 0 1 1 1 1 1 1 1 ]
d13=7.404468008358 eijMax=5.766E-03 rmsd=5.583E+00 s=[ 0 0 0 1 1 1 1 0 0 0 0 1 1 1 1 0 1 0 0 0 0 0 0 0 ]
d13=7.417978524294 eijMax=8.079E-03 rmsd=6.004E+00 s=[ 0 0 0 0 0 1 1 0 0 1 1 0 0 0 0 1 0 1 1 1 1 1 1 1 ]
d13=7.417978524294 eijMax=8.079E-03 rmsd=6.004E+00 s=[ 0 0 0 1 1 0 0 1 1 0 0 1 1 1 1 0 1 0 0 0 0 0 0 0 ]
d13=7.438477238128 eijMax=8.924E-03 rmsd=6.104E+00 s=[ 0 0 0 0 0 0 0 1 1 0 1 0 0 0 1 1 0 1 1 1 1 1 1 1 ]
d13=7.438477238128 eijMax=8.924E-03 rmsd=6.104E+00 s=[ 0 0 0 1 1 1 1 0 0 1 0 1 1 1 0 0 1 0 0 0 0 0 0 0 ]
d13=7.438943117988 eijMax=6.567E-03 rmsd=6.097E+00 s=[ 0 0 0 0 0 0 0 1 1 0 1 0 0 0 1 1 0 1 1 1 1 1 1 1 ]
d13=7.438943117988 eijMax=6.567E-03 rmsd=6.097E+00 s=[ 0 0 0 1 1 1 1 0 0 1 0 1 1 1 0 0 1 0 0 0 0 0 0 0 ]
d13=7.439408997848 eijMax=4.214E-03 rmsd=6.090E+00 s=[ 0 0 0 0 0 0 0 1 1 0 1 0 0 0 1 1 0 1 1 1 1 1 1 1 ]
d13=7.439408997848 eijMax=4.214E-03 rmsd=6.090E+00 s=[ 0 0 0 1 1 1 1 0 0 1 0 1 1 1 0 0 1 0 0 0 0 0 0 0 ]
d13=7.439874877708 eijMax=1.865E-03 rmsd=6.082E+00 s=[ 0 0 0 0 0 0 0 1 1 0 1 0 0 0 1 1 0 1 1 1 1 1 1 1 ]
d13=7.439874877708 eijMax=1.865E-03 rmsd=6.082E+00 s=[ 0 0 0 1 1 1 1 0 0 1 0 1 1 1 0 0 1 0 0 0 0 0 0 0 ]
d13=7.440340757568 eijMax=4.803E-04 rmsd=6.075E+00 s=[ 0 0 0 0 0 0 0 1 1 0 1 0 0 0 1 1 0 1 1 1 1 1 1 1 ]
d13=7.440340757568 eijMax=4.803E-04 rmsd=6.075E+00 s=[ 0 0 0 1 1 1 1 0 0 1 0 1 1 1 0 0 1 0 0 0 0 0 0 0 ]
d13=7.440806637427 eijMax=2.822E-03 rmsd=6.067E+00 s=[ 0 0 0 0 0 0 0 1 1 0 1 0 0 0 1 1 0 1 1 1 1 1 1 1 ]
d13=7.440806637427 eijMax=2.822E-03 rmsd=6.067E+00 s=[ 0 0 0 1 1 1 1 0 0 1 0 1 1 1 0 0 1 0 0 0 0 0 0 0 ]
d13=7.441272517287 eijMax=5.161E-03 rmsd=6.060E+00 s=[ 0 0 0 0 0 0 0 1 1 0 1 0 0 0 1 1 0 1 1 1 1 1 1 1 ]
d13=7.441272517287 eijMax=8.290E-03 rmsd=6.580E+00 s=[ 0 0 0 0 0 1 1 0 0 0 1 0 0 0 1 1 0 1 1 1 1 1 1 1 ]
d13=7.441272517287 eijMax=8.290E-03 rmsd=6.580E+00 s=[ 0 0 0 1 1 0 0 1 1 1 0 1 1 1 0 0 1 0 0 0 0 0 0 0 ]
d13=7.441272517287 eijMax=5.161E-03 rmsd=6.060E+00 s=[ 0 0 0 1 1 1 1 0 0 1 0 1 1 1 0 0 1 0 0 0 0 0 0 0 ]
d13=7.441738397147 eijMax=7.496E-03 rmsd=6.052E+00 s=[ 0 0 0 0 0 0 0 1 1 0 1 0 0 0 1 1 0 1 1 1 1 1 1 1 ]
d13=7.441738397147 eijMax=5.461E-03 rmsd=6.582E+00 s=[ 0 0 0 0 0 1 1 0 0 0 1 0 0 0 1 1 0 1 1 1 1 1 1 1 ]
d13=7.441738397147 eijMax=5.461E-03 rmsd=6.582E+00 s=[ 0 0 0 1 1 0 0 1 1 1 0 1 1 1 0 0 1 0 0 0 0 0 0 0 ]
d13=7.441738397147 eijMax=7.496E-03 rmsd=6.052E+00 s=[ 0 0 0 1 1 1 1 0 0 1 0 1 1 1 0 0 1 0 0 0 0 0 0 0 ]
d13=7.442204277007 eijMax=9.828E-03 rmsd=6.044E+00 s=[ 0 0 0 0 0 0 0 1 1 0 1 0 0 0 1 1 0 1 1 1 1 1 1 1 ]
d13=7.442204277007 eijMax=2.641E-03 rmsd=6.584E+00 s=[ 0 0 0 0 0 1 1 0 0 0 1 0 0 0 1 1 0 1 1 1 1 1 1 1 ]
d13=7.442204277007 eijMax=2.641E-03 rmsd=6.584E+00 s=[ 0 0 0 1 1 0 0 1 1 1 0 1 1 1 0 0 1 0 0 0 0 0 0 0 ]
d13=7.442204277007 eijMax=9.828E-03 rmsd=6.044E+00 s=[ 0 0 0 1 1 1 1 0 0 1 0 1 1 1 0 0 1 0 0 0 0 0 0 0 ]
d13=7.442670156867 eijMax=1.718E-04 rmsd=6.585E+00 s=[ 0 0 0 0 0 1 1 0 0 0 1 0 0 0 1 1 0 1 1 1 1 1 1 1 ]
d13=7.442670156867 eijMax=1.718E-04 rmsd=6.585E+00 s=[ 0 0 0 1 1 0 0 1 1 1 0 1 1 1 0 0 1 0 0 0 0 0 0 0 ]
d13=7.443136036727 eijMax=2.977E-03 rmsd=6.587E+00 s=[ 0 0 0 0 0 1 1 0 0 0 1 0 0 0 1 1 0 1 1 1 1 1 1 1 ]
d13=7.443136036727 eijMax=2.977E-03 rmsd=6.587E+00 s=[ 0 0 0 1 1 0 0 1 1 1 0 1 1 1 0 0 1 0 0 0 0 0 0 0 ]
d13=7.443601916587 eijMax=5.775E-03 rmsd=6.588E+00 s=[ 0 0 0 0 0 1 1 0 0 0 1 0 0 0 1 1 0 1 1 1 1 1 1 1 ]
d13=7.443601916587 eijMax=5.775E-03 rmsd=6.588E+00 s=[ 0 0 0 1 1 0 0 1 1 1 0 1 1 1 0 0 1 0 0 0 0 0 0 0 ]
d13=7.444067796446 eijMax=8.567E-03 rmsd=6.589E+00 s=[ 0 0 0 0 0 1 1 0 0 0 1 0 0 0 1 1 0 1 1 1 1 1 1 1 ]
d13=7.444067796446 eijMax=8.567E-03 rmsd=6.589E+00 s=[ 0 0 0 1 1 0 0 1 1 1 0 1 1 1 0 0 1 0 0 0 0 0 0 0 ]
d13=7.455714792943 eijMax=8.437E-03 rmsd=5.349E+00 s=[ 0 0 0 0 0 0 0 1 1 0 0 1 1 1 1 1 0 1 1 1 1 1 1 1 ]
d13=7.455714792943 eijMax=8.221E-03 rmsd=6.095E+00 s=[ 0 0 0 0 0 1 1 0 0 0 0 1 1 1 1 1 0 1 1 1 1 1 1 1 ]
d13=7.455714792943 eijMax=8.221E-03 rmsd=6.095E+00 s=[ 0 0 0 1 1 0 0 1 1 1 1 0 0 0 0 0 1 0 0 0 0 0 0 0 ]
d13=7.455714792943 eijMax=8.437E-03 rmsd=5.349E+00 s=[ 0 0 0 1 1 1 1 0 0 1 1 0 0 0 0 0 1 0 0 0 0 0 0 0 ]
d13=7.456180672803 eijMax=5.995E-03 rmsd=5.336E+00 s=[ 0 0 0 0 0 0 0 1 1 0 0 1 1 1 1 1 0 1 1 1 1 1 1 1 ]
d13=7.456180672803 eijMax=5.394E-03 rmsd=6.092E+00 s=[ 0 0 0 0 0 1 1 0 0 0 0 1 1 1 1 1 0 1 1 1 1 1 1 1 ]
d13=7.456180672803 eijMax=5.394E-03 rmsd=6.092E+00 s=[ 0 0 0 1 1 0 0 1 1 1 1 0 0 0 0 0 1 0 0 0 0 0 0 0 ]
d13=7.456180672803 eijMax=5.995E-03 rmsd=5.336E+00 s=[ 0 0 0 1 1 1 1 0 0 1 1 0 0 0 0 0 1 0 0 0 0 0 0 0 ]
d13=7.456646552663 eijMax=3.532E-03 rmsd=5.323E+00 s=[ 0 0 0 0 0 0 0 1 1 0 0 1 1 1 1 1 0 1 1 1 1 1 1 1 ]
d13=7.456646552663 eijMax=2.545E-03 rmsd=6.088E+00 s=[ 0 0 0 0 0 1 1 0 0 0 0 1 1 1 1 1 0 1 1 1 1 1 1 1 ]
d13=7.456646552663 eijMax=2.545E-03 rmsd=6.088E+00 s=[ 0 0 0 1 1 0 0 1 1 1 1 0 0 0 0 0 1 0 0 0 0 0 0 0 ]
d13=7.456646552663 eijMax=3.532E-03 rmsd=5.323E+00 s=[ 0 0 0 1 1 1 1 0 0 1 1 0 0 0 0 0 1 0 0 0 0 0 0 0 ]
d13=7.457112432523 eijMax=1.048E-03 rmsd=5.310E+00 s=[ 0 0 0 0 0 0 0 1 1 0 0 1 1 1 1 1 0 1 1 1 1 1 1 1 ]
d13=7.457112432523 eijMax=3.293E-04 rmsd=6.085E+00 s=[ 0 0 0 0 0 1 1 0 0 0 0 1 1 1 1 1 0 1 1 1 1 1 1 1 ]
d13=7.457112432523 eijMax=3.293E-04 rmsd=6.085E+00 s=[ 0 0 0 1 1 0 0 1 1 1 1 0 0 0 0 0 1 0 0 0 0 0 0 0 ]
d13=7.457112432523 eijMax=1.048E-03 rmsd=5.310E+00 s=[ 0 0 0 1 1 1 1 0 0 1 1 0 0 0 0 0 1 0 0 0 0 0 0 0 ]
d13=7.457578312382 eijMax=1.461E-03 rmsd=5.297E+00 s=[ 0 0 0 0 0 0 0 1 1 0 0 1 1 1 1 1 0 1 1 1 1 1 1 1 ]
d13=7.457578312382 eijMax=3.230E-03 rmsd=6.081E+00 s=[ 0 0 0 0 0 1 1 0 0 0 0 1 1 1 1 1 0 1 1 1 1 1 1 1 ]
d13=7.457578312382 eijMax=8.951E-03 rmsd=5.765E+00 s=[ 0 0 0 0 1 1 1 0 0 0 1 0 0 0 1 1 0 1 1 1 1 1 1 1 ]
d13=7.457578312382 eijMax=8.951E-03 rmsd=5.765E+00 s=[ 0 0 0 1 0 0 0 1 1 1 0 1 1 1 0 0 1 0 0 0 0 0 0 0 ]
d13=7.457578312382 eijMax=3.230E-03 rmsd=6.081E+00 s=[ 0 0 0 1 1 0 0 1 1 1 1 0 0 0 0 0 1 0 0 0 0 0 0 0 ]
d13=7.457578312382 eijMax=1.461E-03 rmsd=5.297E+00 s=[ 0 0 0 1 1 1 1 0 0 1 1 0 0 0 0 0 1 0 0 0 0 0 0 0 ]
d13=7.458044192242 eijMax=3.997E-03 rmsd=5.283E+00 s=[ 0 0 0 0 0 0 0 1 1 0 0 1 1 1 1 1 0 1 1 1 1 1 1 1 ]
d13=7.458044192242 eijMax=6.162E-03 rmsd=6.076E+00 s=[ 0 0 0 0 0 1 1 0 0 0 0 1 1 1 1 1 0 1 1 1 1 1 1 1 ]
d13=7.458044192242 eijMax=6.999E-03 rmsd=5.763E+00 s=[ 0 0 0 0 1 1 1 0 0 0 1 0 0 0 1 1 0 1 1 1 1 1 1 1 ]
d13=7.458044192242 eijMax=6.999E-03 rmsd=5.763E+00 s=[ 0 0 0 1 0 0 0 1 1 1 0 1 1 1 0 0 1 0 0 0 0 0 0 0 ]
d13=7.458044192242 eijMax=6.162E-03 rmsd=6.076E+00 s=[ 0 0 0 1 1 0 0 1 1 1 1 0 0 0 0 0 1 0 0 0 0 0 0 0 ]
d13=7.458044192242 eijMax=3.997E-03 rmsd=5.283E+00 s=[ 0 0 0 1 1 1 1 0 0 1 1 0 0 0 0 0 1 0 0 0 0 0 0 0 ]
d13=7.458510072102 eijMax=6.563E-03 rmsd=5.269E+00 s=[ 0 0 0 0 0 0 0 1 1 0 0 1 1 1 1 1 0 1 1 1 1 1 1 1 ]
d13=7.458510072102 eijMax=9.127E-03 rmsd=6.072E+00 s=[ 0 0 0 0 0 1 1 0 0 0 0 1 1 1 1 1 0 1 1 1 1 1 1 1 ]
d13=7.458510072102 eijMax=5.013E-03 rmsd=5.760E+00 s=[ 0 0 0 0 1 1 1 0 0 0 1 0 0 0 1 1 0 1 1 1 1 1 1 1 ]
d13=7.458510072102 eijMax=5.013E-03 rmsd=5.760E+00 s=[ 0 0 0 1 0 0 0 1 1 1 0 1 1 1 0 0 1 0 0 0 0 0 0 0 ]
d13=7.458510072102 eijMax=9.127E-03 rmsd=6.072E+00 s=[ 0 0 0 1 1 0 0 1 1 1 1 0 0 0 0 0 1 0 0 0 0 0 0 0 ]
d13=7.458510072102 eijMax=6.563E-03 rmsd=5.269E+00 s=[ 0 0 0 1 1 1 1 0 0 1 1 0 0 0 0 0 1 0 0 0 0 0 0 0 ]
d13=7.458975951962 eijMax=9.163E-03 rmsd=5.255E+00 s=[ 0 0 0 0 0 0 0 1 1 0 0 1 1 1 1 1 0 1 1 1 1 1 1 1 ]
d13=7.458975951962 eijMax=2.991E-03 rmsd=5.757E+00 s=[ 0 0 0 0 1 1 1 0 0 0 1 0 0 0 1 1 0 1 1 1 1 1 1 1 ]
d13=7.458975951962 eijMax=2.991E-03 rmsd=5.757E+00 s=[ 0 0 0 1 0 0 0 1 1 1 0 1 1 1 0 0 1 0 0 0 0 0 0 0 ]
d13=7.458975951962 eijMax=9.163E-03 rmsd=5.255E+00 s=[ 0 0 0 1 1 1 1 0 0 1 1 0 0 0 0 0 1 0 0 0 0 0 0 0 ]
d13=7.459441831822 eijMax=9.296E-04 rmsd=5.754E+00 s=[ 0 0 0 0 1 1 1 0 0 0 1 0 0 0 1 1 0 1 1 1 1 1 1 1 ]
d13=7.459441831822 eijMax=9.296E-04 rmsd=5.754E+00 s=[ 0 0 0 1 0 0 0 1 1 1 0 1 1 1 0 0 1 0 0 0 0 0 0 0 ]
d13=7.459907711682 eijMax=1.174E-03 rmsd=5.751E+00 s=[ 0 0 0 0 1 1 1 0 0 0 1 0 0 0 1 1 0 1 1 1 1 1 1 1 ]
d13=7.459907711682 eijMax=1.174E-03 rmsd=5.751E+00 s=[ 0 0 0 1 0 0 0 1 1 1 0 1 1 1 0 0 1 0 0 0 0 0 0 0 ]
d13=7.460373591542 eijMax=3.323E-03 rmsd=5.748E+00 s=[ 0 0 0 0 1 1 1 0 0 0 1 0 0 0 1 1 0 1 1 1 1 1 1 1 ]
d13=7.460373591542 eijMax=3.323E-03 rmsd=5.748E+00 s=[ 0 0 0 1 0 0 0 1 1 1 0 1 1 1 0 0 1 0 0 0 0 0 0 0 ]
d13=7.460839471401 eijMax=5.522E-03 rmsd=5.745E+00 s=[ 0 0 0 0 1 1 1 0 0 0 1 0 0 0 1 1 0 1 1 1 1 1 1 1 ]
d13=7.460839471401 eijMax=5.522E-03 rmsd=5.745E+00 s=[ 0 0 0 1 0 0 0 1 1 1 0 1 1 1 0 0 1 0 0 0 0 0 0 0 ]
d13=7.461305351261 eijMax=7.776E-03 rmsd=5.741E+00 s=[ 0 0 0 0 1 1 1 0 0 0 1 0 0 0 1 1 0 1 1 1 1 1 1 1 ]
d13=7.461305351261 eijMax=7.776E-03 rmsd=5.741E+00 s=[ 0 0 0 1 0 0 0 1 1 1 0 1 1 1 0 0 1 0 0 0 0 0 0 0 ]
d13=7.462702990841 eijMax=9.150E-03 rmsd=5.057E+00 s=[ 0 0 0 0 1 0 0 1 1 0 1 0 0 0 1 1 0 1 1 1 1 1 1 1 ]
d13=7.462702990841 eijMax=9.150E-03 rmsd=5.057E+00 s=[ 0 0 0 1 0 1 1 0 0 1 0 1 1 1 0 0 1 0 0 0 0 0 0 0 ]
d13=7.463168870701 eijMax=6.694E-03 rmsd=5.058E+00 s=[ 0 0 0 0 1 0 0 1 1 0 1 0 0 0 1 1 0 1 1 1 1 1 1 1 ]
d13=7.463168870701 eijMax=6.694E-03 rmsd=5.058E+00 s=[ 0 0 0 1 0 1 1 0 0 1 0 1 1 1 0 0 1 0 0 0 0 0 0 0 ]
d13=7.463634750561 eijMax=9.401E-03 rmsd=4.938E+00 s=[ 0 0 0 0 0 0 0 1 1 1 1 0 0 0 0 0 1 0 0 0 0 0 0 0 ]
d13=7.463634750561 eijMax=6.782E-03 rmsd=4.395E+00 s=[ 0 0 0 0 0 1 1 0 0 1 1 0 0 0 0 0 1 0 0 0 0 0 0 0 ]
d13=7.463634750561 eijMax=4.132E-03 rmsd=5.058E+00 s=[ 0 0 0 0 1 0 0 1 1 0 1 0 0 0 1 1 0 1 1 1 1 1 1 1 ]
d13=7.463634750561 eijMax=4.132E-03 rmsd=5.058E+00 s=[ 0 0 0 1 0 1 1 0 0 1 0 1 1 1 0 0 1 0 0 0 0 0 0 0 ]
d13=7.463634750561 eijMax=6.782E-03 rmsd=4.395E+00 s=[ 0 0 0 1 1 0 0 1 1 0 0 1 1 1 1 1 0 1 1 1 1 1 1 1 ]
d13=7.463634750561 eijMax=9.401E-03 rmsd=4.938E+00 s=[ 0 0 0 1 1 1 1 0 0 0 0 1 1 1 1 1 0 1 1 1 1 1 1 1 ]
d13=7.464100630420 eijMax=6.617E-03 rmsd=4.955E+00 s=[ 0 0 0 0 0 0 0 1 1 1 1 0 0 0 0 0 1 0 0 0 0 0 0 0 ]
d13=7.464100630420 eijMax=1.295E-03 rmsd=4.407E+00 s=[ 0 0 0 0 0 1 1 0 0 1 1 0 0 0 0 0 1 0 0 0 0 0 0 0 ]
d13=7.464100630420 eijMax=1.440E-03 rmsd=5.059E+00 s=[ 0 0 0 0 1 0 0 1 1 0 1 0 0 0 1 1 0 1 1 1 1 1 1 1 ]
d13=7.464100630420 eijMax=1.440E-03 rmsd=5.059E+00 s=[ 0 0 0 1 0 1 1 0 0 1 0 1 1 1 0 0 1 0 0 0 0 0 0 0 ]
d13=7.464100630420 eijMax=1.295E-03 rmsd=4.407E+00 s=[ 0 0 0 1 1 0 0 1 1 0 0 1 1 1 1 1 0 1 1 1 1 1 1 1 ]
d13=7.464100630420 eijMax=6.617E-03 rmsd=4.955E+00 s=[ 0 0 0 1 1 1 1 0 0 0 0 1 1 1 1 1 0 1 1 1 1 1 1 1 ]
d13=7.464566510280 eijMax=3.738E-03 rmsd=4.973E+00 s=[ 0 0 0 0 0 0 0 1 1 1 1 0 0 0 0 0 1 0 0 0 0 0 0 0 ]
d13=7.464566510280 eijMax=3.996E-03 rmsd=4.418E+00 s=[ 0 0 0 0 0 1 1 0 0 1 1 0 0 0 0 0 1 0 0 0 0 0 0 0 ]
d13=7.464566510280 eijMax=1.419E-03 rmsd=5.060E+00 s=[ 0 0 0 0 1 0 0 1 1 0 1 0 0 0 1 1 0 1 1 1 1 1 1 1 ]
d13=7.464566510280 eijMax=1.419E-03 rmsd=5.060E+00 s=[ 0 0 0 1 0 1 1 0 0 1 0 1 1 1 0 0 1 0 0 0 0 0 0 0 ]
d13=7.464566510280 eijMax=3.996E-03 rmsd=4.418E+00 s=[ 0 0 0 1 1 0 0 1 1 0 0 1 1 1 1 1 0 1 1 1 1 1 1 1 ]
d13=7.464566510280 eijMax=3.738E-03 rmsd=4.973E+00 s=[ 0 0 0 1 1 1 1 0 0 0 0 1 1 1 1 1 0 1 1 1 1 1 1 1 ]
d13=7.465032390140 eijMax=6.661E-04 rmsd=4.993E+00 s=[ 0 0 0 0 0 0 0 1 1 1 1 0 0 0 0 0 1 0 0 0 0 0 0 0 ]
d13=7.465032390140 eijMax=9.254E-03 rmsd=4.428E+00 s=[ 0 0 0 0 0 1 1 0 0 1 1 0 0 0 0 0 1 0 0 0 0 0 0 0 ]
d13=7.465032390140 eijMax=4.505E-03 rmsd=5.061E+00 s=[ 0 0 0 0 1 0 0 1 1 0 1 0 0 0 1 1 0 1 1 1 1 1 1 1 ]
d13=7.465032390140 eijMax=4.505E-03 rmsd=5.061E+00 s=[ 0 0 0 1 0 1 1 0 0 1 0 1 1 1 0 0 1 0 0 0 0 0 0 0 ]
d13=7.465032390140 eijMax=9.254E-03 rmsd=4.428E+00 s=[ 0 0 0 1 1 0 0 1 1 0 0 1 1 1 1 1 0 1 1 1 1 1 1 1 ]
d13=7.465032390140 eijMax=6.661E-04 rmsd=4.993E+00 s=[ 0 0 0 1 1 1 1 0 0 0 0 1 1 1 1 1 0 1 1 1 1 1 1 1 ]
d13=7.465498270000 eijMax=2.783E-03 rmsd=5.015E+00 s=[ 0 0 0 0 0 0 0 1 1 1 1 0 0 0 0 0 1 0 0 0 0 0 0 0 ]
d13=7.465498270000 eijMax=7.935E-03 rmsd=5.063E+00 s=[ 0 0 0 0 1 0 0 1 1 0 1 0 0 0 1 1 0 1 1 1 1 1 1 1 ]
d13=7.465498270000 eijMax=7.935E-03 rmsd=5.063E+00 s=[ 0 0 0 1 0 1 1 0 0 1 0 1 1 1 0 0 1 0 0 0 0 0 0 0 ]
d13=7.465498270000 eijMax=2.783E-03 rmsd=5.015E+00 s=[ 0 0 0 1 1 1 1 0 0 0 0 1 1 1 1 1 0 1 1 1 1 1 1 1 ]
num ..... 1000
nnodes .. 24
nedges .. 123
nsols ... 448
tsecs ... 35.227414
