d13=6.428143976970 eijMax=2.478E-03 rmsd=5.187E+00 s=[ 0 0 0 0 0 0 1 1 1 1 1 1 0 0 0 1 1 0 0 0 0 0 0 0 ]
d13=6.428143976970 eijMax=2.478E-03 rmsd=5.187E+00 s=[ 0 0 0 1 1 1 0 0 0 0 0 0 1 1 1 0 0 1 1 1 1 1 1 1 ]
d13=6.439352565051 eijMax=9.219E-03 rmsd=5.253E+00 s=[ 0 0 0 0 0 0 1 1 1 1 1 1 0 0 0 1 1 0 0 0 0 0 0 0 ]
d13=6.439352565051 eijMax=9.219E-03 rmsd=5.253E+00 s=[ 0 0 0 1 1 1 0 0 0 0 0 0 1 1 1 0 0 1 1 1 1 1 1 1 ]
d13=6.472978329293 eijMax=4.141E-03 rmsd=4.530E+00 s=[ 0 0 0 0 0 1 0 0 0 1 1 1 0 0 0 1 1 0 0 0 0 0 0 0 ]
d13=6.472978329293 eijMax=3.656E-03 rmsd=7.184E+00 s=[ 0 0 0 0 1 1 0 0 0 1 0 0 1 1 0 1 1 0 0 0 0 0 0 0 ]
d13=6.472978329293 eijMax=7.087E-03 rmsd=7.049E+00 s=[ 0 0 0 0 1 1 0 0 0 1 1 1 0 0 0 1 1 0 0 0 0 0 0 0 ]
d13=6.472978329293 eijMax=7.087E-03 rmsd=7.049E+00 s=[ 0 0 0 1 0 0 1 1 1 0 0 0 1 1 1 0 0 1 1 1 1 1 1 1 ]
d13=6.472978329293 eijMax=3.656E-03 rmsd=7.184E+00 s=[ 0 0 0 1 0 0 1 1 1 0 1 1 0 0 1 0 0 1 1 1 1 1 1 1 ]
d13=6.472978329293 eijMax=4.141E-03 rmsd=4.530E+00 s=[ 0 0 0 1 1 0 1 1 1 0 0 0 1 1 1 0 0 1 1 1 1 1 1 1 ]
d13=6.484186917374 eijMax=6.634E-03 rmsd=4.512E+00 s=[ 0 0 0 0 0 1 0 0 0 1 1 1 0 0 0 1 1 0 0 0 0 0 0 0 ]
d13=6.484186917374 eijMax=3.624E-03 rmsd=7.175E+00 s=[ 0 0 0 0 1 1 0 0 0 1 0 0 1 1 0 1 1 0 0 0 0 0 0 0 ]
d13=6.484186917374 eijMax=8.498E-03 rmsd=7.106E+00 s=[ 0 0 0 0 1 1 0 0 0 1 1 1 0 0 0 1 1 0 0 0 0 0 0 0 ]
d13=6.484186917374 eijMax=8.498E-03 rmsd=7.106E+00 s=[ 0 0 0 1 0 0 1 1 1 0 0 0 1 1 1 0 0 1 1 1 1 1 1 1 ]
d13=6.484186917374 eijMax=3.624E-03 rmsd=7.175E+00 s=[ 0 0 0 1 0 0 1 1 1 0 1 1 0 0 1 0 0 1 1 1 1 1 1 1 ]
d13=6.484186917374 eijMax=6.634E-03 rmsd=4.512E+00 s=[ 0 0 0 1 1 0 1 1 1 0 0 0 1 1 1 0 0 1 1 1 1 1 1 1 ]
d13=6.517812681616 eijMax=8.993E-03 rmsd=4.358E+00 s=[ 0 0 0 0 0 0 1 1 1 1 0 0 1 1 0 1 1 0 0 0 0 0 0 0 ]
d13=6.517812681616 eijMax=8.993E-03 rmsd=4.358E+00 s=[ 0 0 0 1 1 1 0 0 0 0 1 1 0 0 1 0 0 1 1 1 1 1 1 1 ]
d13=6.529021269697 eijMax=5.884E-03 rmsd=4.493E+00 s=[ 0 0 0 0 0 0 1 1 1 1 0 0 1 1 0 1 1 0 0 0 0 0 0 0 ]
d13=6.529021269697 eijMax=5.884E-03 rmsd=4.493E+00 s=[ 0 0 0 1 1 1 0 0 0 0 1 1 0 0 1 0 0 1 1 1 1 1 1 1 ]
d13=6.562647033939 eijMax=2.474E-03 rmsd=6.975E+00 s=[ 0 0 0 0 1 1 0 0 0 0 1 1 0 0 0 1 1 0 0 0 0 0 0 0 ]
d13=6.562647033939 eijMax=2.474E-03 rmsd=6.975E+00 s=[ 0 0 0 1 0 0 1 1 1 1 0 0 1 1 1 0 0 1 1 1 1 1 1 1 ]
d13=6.573855622020 eijMax=4.860E-03 rmsd=6.975E+00 s=[ 0 0 0 0 1 1 0 0 0 0 1 1 0 0 0 1 1 0 0 0 0 0 0 0 ]
d13=6.573855622020 eijMax=4.860E-03 rmsd=6.975E+00 s=[ 0 0 0 1 0 0 1 1 1 1 0 0 1 1 1 0 0 1 1 1 1 1 1 1 ]
d13=6.629898562424 eijMax=2.939E-03 rmsd=2.809E+00 s=[ 0 0 0 0 0 1 0 0 0 1 0 0 1 1 0 1 1 0 0 0 0 0 0 0 ]
d13=6.629898562424 eijMax=2.939E-03 rmsd=2.809E+00 s=[ 0 0 0 1 1 0 1 1 1 0 1 1 0 0 1 0 0 1 1 1 1 1 1 1 ]
d13=6.641107150505 eijMax=8.236E-03 rmsd=2.809E+00 s=[ 0 0 0 0 0 1 0 0 0 1 0 0 1 1 0 1 1 0 0 0 0 0 0 0 ]
d13=6.641107150505 eijMax=8.236E-03 rmsd=2.809E+00 s=[ 0 0 0 1 1 0 1 1 1 0 1 1 0 0 1 0 0 1 1 1 1 1 1 1 ]
d13=6.820444559798 eijMax=4.278E-03 rmsd=7.021E-02 s=[ 0 0 0 0 0 1 0 0 0 1 1 1 0 0 1 1 1 0 0 0 0 0 0 0 ]
d13=6.820444559798 eijMax=4.278E-03 rmsd=7.021E-02 s=[ 0 0 0 1 1 0 1 1 1 0 0 0 1 1 0 0 0 1 1 1 1 1 1 1 ]
d13=6.831653147879 eijMax=6.232E-03 rmsd=5.645E+00 s=[ 0 0 0 0 1 1 0 0 0 1 1 1 0 0 1 1 1 0 0 0 0 0 0 0 ]
d13=6.831653147879 eijMax=6.232E-03 rmsd=5.645E+00 s=[ 0 0 0 1 0 0 1 1 1 0 0 0 1 1 0 0 0 1 1 1 1 1 1 1 ]
d13=6.842861735960 eijMax=1.765E-03 rmsd=5.645E+00 s=[ 0 0 0 0 1 1 0 0 0 1 1 1 0 0 1 1 1 0 0 0 0 0 0 0 ]
d13=6.842861735960 eijMax=1.765E-03 rmsd=5.645E+00 s=[ 0 0 0 1 0 0 1 1 1 0 0 0 1 1 0 0 0 1 1 1 1 1 1 1 ]
d13=6.854070324040 eijMax=9.948E-03 rmsd=5.648E+00 s=[ 0 0 0 0 1 1 0 0 0 1 1 1 0 0 1 1 1 0 0 0 0 0 0 0 ]
d13=6.854070324040 eijMax=9.948E-03 rmsd=5.648E+00 s=[ 0 0 0 1 0 0 1 1 1 0 0 0 1 1 0 0 0 1 1 1 1 1 1 1 ]
d13=6.887696088283 eijMax=5.911E-03 rmsd=5.615E+00 s=[ 0 0 0 0 1 1 0 0 0 0 0 0 1 1 0 1 1 0 0 0 0 0 0 0 ]
d13=6.887696088283 eijMax=5.911E-03 rmsd=5.615E+00 s=[ 0 0 0 1 0 0 1 1 1 1 1 1 0 0 1 0 0 1 1 1 1 1 1 1 ]
d13=6.898904676364 eijMax=3.730E-04 rmsd=5.605E+00 s=[ 0 0 0 0 1 1 0 0 0 0 0 0 1 1 0 1 1 0 0 0 0 0 0 0 ]
d13=6.898904676364 eijMax=3.730E-04 rmsd=5.605E+00 s=[ 0 0 0 1 0 0 1 1 1 1 1 1 0 0 1 0 0 1 1 1 1 1 1 1 ]
d13=6.910113264444 eijMax=5.070E-03 rmsd=5.594E+00 s=[ 0 0 0 0 1 1 0 0 0 0 0 0 1 1 0 1 1 0 0 0 0 0 0 0 ]
d13=6.910113264444 eijMax=5.070E-03 rmsd=5.594E+00 s=[ 0 0 0 1 0 0 1 1 1 1 1 1 0 0 1 0 0 1 1 1 1 1 1 1 ]
d13=7.078242085657 eijMax=8.719E-03 rmsd=4.340E+00 s=[ 0 0 0 0 0 0 1 1 1 0 1 1 0 0 0 1 1 0 0 0 0 0 0 0 ]
d13=7.078242085657 eijMax=8.719E-03 rmsd=4.340E+00 s=[ 0 0 0 1 1 1 0 0 0 1 0 0 1 1 1 0 0 1 1 1 1 1 1 1 ]
d13=7.156702202222 eijMax=3.114E-03 rmsd=5.046E+00 s=[ 0 0 0 0 1 1 0 0 0 1 0 0 1 1 1 1 1 0 0 0 0 0 0 0 ]
d13=7.156702202222 eijMax=3.114E-03 rmsd=5.046E+00 s=[ 0 0 0 1 0 0 1 1 1 0 1 1 0 0 0 0 0 1 1 1 1 1 1 1 ]
num ..... 100
nnodes .. 24
nedges .. 123
nsols ... 46
tsecs ... 2.811152
