d13=6.421378432813 eijMax=9.910E-03 rmsd=5.146E+00 s=[ 0 0 0 0 0 0 1 1 1 1 1 1 0 0 0 1 1 0 0 0 0 0 0 0 ]
d13=6.421378432813 eijMax=9.910E-03 rmsd=5.146E+00 s=[ 0 0 0 1 1 1 0 0 0 0 0 0 1 1 1 0 0 1 1 1 1 1 1 1 ]
d13=6.422489193794 eijMax=8.670E-03 rmsd=5.153E+00 s=[ 0 0 0 0 0 0 1 1 1 1 1 1 0 0 0 1 1 0 0 0 0 0 0 0 ]
d13=6.422489193794 eijMax=8.670E-03 rmsd=5.153E+00 s=[ 0 0 0 1 1 1 0 0 0 0 0 0 1 1 1 0 0 1 1 1 1 1 1 1 ]
d13=6.423599954775 eijMax=7.438E-03 rmsd=5.160E+00 s=[ 0 0 0 0 0 0 1 1 1 1 1 1 0 0 0 1 1 0 0 0 0 0 0 0 ]
d13=6.423599954775 eijMax=7.438E-03 rmsd=5.160E+00 s=[ 0 0 0 1 1 1 0 0 0 0 0 0 1 1 1 0 0 1 1 1 1 1 1 1 ]
d13=6.424710715756 eijMax=6.214E-03 rmsd=5.166E+00 s=[ 0 0 0 0 0 0 1 1 1 1 1 1 0 0 0 1 1 0 0 0 0 0 0 0 ]
d13=6.424710715756 eijMax=6.214E-03 rmsd=5.166E+00 s=[ 0 0 0 1 1 1 0 0 0 0 0 0 1 1 1 0 0 1 1 1 1 1 1 1 ]
d13=6.425821476737 eijMax=4.997E-03 rmsd=5.173E+00 s=[ 0 0 0 0 0 0 1 1 1 1 1 1 0 0 0 1 1 0 0 0 0 0 0 0 ]
d13=6.425821476737 eijMax=4.997E-03 rmsd=5.173E+00 s=[ 0 0 0 1 1 1 0 0 0 0 0 0 1 1 1 0 0 1 1 1 1 1 1 1 ]
d13=6.426932237718 eijMax=3.788E-03 rmsd=5.180E+00 s=[ 0 0 0 0 0 0 1 1 1 1 1 1 0 0 0 1 1 0 0 0 0 0 0 0 ]
d13=6.426932237718 eijMax=3.788E-03 rmsd=5.180E+00 s=[ 0 0 0 1 1 1 0 0 0 0 0 0 1 1 1 0 0 1 1 1 1 1 1 1 ]
d13=6.428042998699 eijMax=2.587E-03 rmsd=5.186E+00 s=[ 0 0 0 0 0 0 1 1 1 1 1 1 0 0 0 1 1 0 0 0 0 0 0 0 ]
d13=6.428042998699 eijMax=2.587E-03 rmsd=5.186E+00 s=[ 0 0 0 1 1 1 0 0 0 0 0 0 1 1 1 0 0 1 1 1 1 1 1 1 ]
d13=6.429153759680 eijMax=1.393E-03 rmsd=5.193E+00 s=[ 0 0 0 0 0 0 1 1 1 1 1 1 0 0 0 1 1 0 0 0 0 0 0 0 ]
d13=6.429153759680 eijMax=1.393E-03 rmsd=5.193E+00 s=[ 0 0 0 1 1 1 0 0 0 0 0 0 1 1 1 0 0 1 1 1 1 1 1 1 ]
d13=6.430264520661 eijMax=2.069E-04 rmsd=5.200E+00 s=[ 0 0 0 0 0 0 1 1 1 1 1 1 0 0 0 1 1 0 0 0 0 0 0 0 ]
d13=6.430264520661 eijMax=2.069E-04 rmsd=5.200E+00 s=[ 0 0 0 1 1 1 0 0 0 0 0 0 1 1 1 0 0 1 1 1 1 1 1 1 ]
d13=6.431375281642 eijMax=9.717E-04 rmsd=5.206E+00 s=[ 0 0 0 0 0 0 1 1 1 1 1 1 0 0 0 1 1 0 0 0 0 0 0 0 ]
d13=6.431375281642 eijMax=9.717E-04 rmsd=5.206E+00 s=[ 0 0 0 1 1 1 0 0 0 0 0 0 1 1 1 0 0 1 1 1 1 1 1 1 ]
d13=6.432486042623 eijMax=2.143E-03 rmsd=5.213E+00 s=[ 0 0 0 0 0 0 1 1 1 1 1 1 0 0 0 1 1 0 0 0 0 0 0 0 ]
d13=6.432486042623 eijMax=2.143E-03 rmsd=5.213E+00 s=[ 0 0 0 1 1 1 0 0 0 0 0 0 1 1 1 0 0 1 1 1 1 1 1 1 ]
d13=6.433596803604 eijMax=3.307E-03 rmsd=5.219E+00 s=[ 0 0 0 0 0 0 1 1 1 1 1 1 0 0 0 1 1 0 0 0 0 0 0 0 ]
d13=6.433596803604 eijMax=3.307E-03 rmsd=5.219E+00 s=[ 0 0 0 1 1 1 0 0 0 0 0 0 1 1 1 0 0 1 1 1 1 1 1 1 ]
d13=6.434707564585 eijMax=4.463E-03 rmsd=5.226E+00 s=[ 0 0 0 0 0 0 1 1 1 1 1 1 0 0 0 1 1 0 0 0 0 0 0 0 ]
d13=6.434707564585 eijMax=4.463E-03 rmsd=5.226E+00 s=[ 0 0 0 1 1 1 0 0 0 0 0 0 1 1 1 0 0 1 1 1 1 1 1 1 ]
d13=6.435818325566 eijMax=5.612E-03 rmsd=5.232E+00 s=[ 0 0 0 0 0 0 1 1 1 1 1 1 0 0 0 1 1 0 0 0 0 0 0 0 ]
d13=6.435818325566 eijMax=5.612E-03 rmsd=5.232E+00 s=[ 0 0 0 1 1 1 0 0 0 0 0 0 1 1 1 0 0 1 1 1 1 1 1 1 ]
d13=6.436929086547 eijMax=6.753E-03 rmsd=5.239E+00 s=[ 0 0 0 0 0 0 1 1 1 1 1 1 0 0 0 1 1 0 0 0 0 0 0 0 ]
d13=6.436929086547 eijMax=6.753E-03 rmsd=5.239E+00 s=[ 0 0 0 1 1 1 0 0 0 0 0 0 1 1 1 0 0 1 1 1 1 1 1 1 ]
d13=6.438039847528 eijMax=7.888E-03 rmsd=5.245E+00 s=[ 0 0 0 0 0 0 1 1 1 1 1 1 0 0 0 1 1 0 0 0 0 0 0 0 ]
d13=6.438039847528 eijMax=7.888E-03 rmsd=5.245E+00 s=[ 0 0 0 1 1 1 0 0 0 0 0 0 1 1 1 0 0 1 1 1 1 1 1 1 ]
d13=6.439150608509 eijMax=9.014E-03 rmsd=5.252E+00 s=[ 0 0 0 0 0 0 1 1 1 1 1 1 0 0 0 1 1 0 0 0 0 0 0 0 ]
d13=6.439150608509 eijMax=9.014E-03 rmsd=5.252E+00 s=[ 0 0 0 1 1 1 0 0 0 0 0 0 1 1 1 0 0 1 1 1 1 1 1 1 ]
d13=6.463587350090 eijMax=9.929E-03 rmsd=7.193E+00 s=[ 0 0 0 0 1 1 0 0 0 1 0 0 1 1 0 1 1 0 0 0 0 0 0 0 ]
d13=6.463587350090 eijMax=9.929E-03 rmsd=7.193E+00 s=[ 0 0 0 1 0 0 1 1 1 0 1 1 0 0 1 0 0 1 1 1 1 1 1 1 ]
d13=6.464698111071 eijMax=9.178E-03 rmsd=7.192E+00 s=[ 0 0 0 0 1 1 0 0 0 1 0 0 1 1 0 1 1 0 0 0 0 0 0 0 ]
d13=6.464698111071 eijMax=9.178E-03 rmsd=7.192E+00 s=[ 0 0 0 1 0 0 1 1 1 0 1 1 0 0 1 0 0 1 1 1 1 1 1 1 ]
d13=6.465808872052 eijMax=8.430E-03 rmsd=7.191E+00 s=[ 0 0 0 0 1 1 0 0 0 1 0 0 1 1 0 1 1 0 0 0 0 0 0 0 ]
d13=6.465808872052 eijMax=8.430E-03 rmsd=7.191E+00 s=[ 0 0 0 1 0 0 1 1 1 0 1 1 0 0 1 0 0 1 1 1 1 1 1 1 ]
d13=6.466919633033 eijMax=7.684E-03 rmsd=7.190E+00 s=[ 0 0 0 0 1 1 0 0 0 1 0 0 1 1 0 1 1 0 0 0 0 0 0 0 ]
d13=6.466919633033 eijMax=7.684E-03 rmsd=7.190E+00 s=[ 0 0 0 1 0 0 1 1 1 0 1 1 0 0 1 0 0 1 1 1 1 1 1 1 ]
d13=6.468030394014 eijMax=9.046E-03 rmsd=4.539E+00 s=[ 0 0 0 0 0 1 0 0 0 1 1 1 0 0 0 1 1 0 0 0 0 0 0 0 ]
d13=6.468030394014 eijMax=6.940E-03 rmsd=7.189E+00 s=[ 0 0 0 0 1 1 0 0 0 1 0 0 1 1 0 1 1 0 0 0 0 0 0 0 ]
d13=6.468030394014 eijMax=6.940E-03 rmsd=7.189E+00 s=[ 0 0 0 1 0 0 1 1 1 0 1 1 0 0 1 0 0 1 1 1 1 1 1 1 ]
d13=6.468030394014 eijMax=9.046E-03 rmsd=4.539E+00 s=[ 0 0 0 1 1 0 1 1 1 0 0 0 1 1 1 0 0 1 1 1 1 1 1 1 ]
d13=6.469141154995 eijMax=7.937E-03 rmsd=4.537E+00 s=[ 0 0 0 0 0 1 0 0 0 1 1 1 0 0 0 1 1 0 0 0 0 0 0 0 ]
d13=6.469141154995 eijMax=6.199E-03 rmsd=7.188E+00 s=[ 0 0 0 0 1 1 0 0 0 1 0 0 1 1 0 1 1 0 0 0 0 0 0 0 ]
d13=6.469141154995 eijMax=6.199E-03 rmsd=7.188E+00 s=[ 0 0 0 1 0 0 1 1 1 0 1 1 0 0 1 0 0 1 1 1 1 1 1 1 ]
d13=6.469141154995 eijMax=7.937E-03 rmsd=4.537E+00 s=[ 0 0 0 1 1 0 1 1 1 0 0 0 1 1 1 0 0 1 1 1 1 1 1 1 ]
d13=6.470251915976 eijMax=6.832E-03 rmsd=4.535E+00 s=[ 0 0 0 0 0 1 0 0 0 1 1 1 0 0 0 1 1 0 0 0 0 0 0 0 ]
d13=6.470251915976 eijMax=5.460E-03 rmsd=7.187E+00 s=[ 0 0 0 0 1 1 0 0 0 1 0 0 1 1 0 1 1 0 0 0 0 0 0 0 ]
d13=6.470251915976 eijMax=5.460E-03 rmsd=7.187E+00 s=[ 0 0 0 1 0 0 1 1 1 0 1 1 0 0 1 0 0 1 1 1 1 1 1 1 ]
d13=6.470251915976 eijMax=6.832E-03 rmsd=4.535E+00 s=[ 0 0 0 1 1 0 1 1 1 0 0 0 1 1 1 0 0 1 1 1 1 1 1 1 ]
d13=6.471362676957 eijMax=5.732E-03 rmsd=4.533E+00 s=[ 0 0 0 0 0 1 0 0 0 1 1 1 0 0 0 1 1 0 0 0 0 0 0 0 ]
d13=6.471362676957 eijMax=4.723E-03 rmsd=7.186E+00 s=[ 0 0 0 0 1 1 0 0 0 1 0 0 1 1 0 1 1 0 0 0 0 0 0 0 ]
d13=6.471362676957 eijMax=9.591E-03 rmsd=7.039E+00 s=[ 0 0 0 0 1 1 0 0 0 1 1 1 0 0 0 1 1 0 0 0 0 0 0 0 ]
d13=6.471362676957 eijMax=9.591E-03 rmsd=7.039E+00 s=[ 0 0 0 1 0 0 1 1 1 0 0 0 1 1 1 0 0 1 1 1 1 1 1 1 ]
d13=6.471362676957 eijMax=4.723E-03 rmsd=7.186E+00 s=[ 0 0 0 1 0 0 1 1 1 0 1 1 0 0 1 0 0 1 1 1 1 1 1 1 ]
d13=6.471362676957 eijMax=5.732E-03 rmsd=4.533E+00 s=[ 0 0 0 1 1 0 1 1 1 0 0 0 1 1 1 0 0 1 1 1 1 1 1 1 ]
d13=6.472473437938 eijMax=4.637E-03 rmsd=4.531E+00 s=[ 0 0 0 0 0 1 0 0 0 1 1 1 0 0 0 1 1 0 0 0 0 0 0 0 ]
d13=6.472473437938 eijMax=3.989E-03 rmsd=7.185E+00 s=[ 0 0 0 0 1 1 0 0 0 1 0 0 1 1 0 1 1 0 0 0 0 0 0 0 ]
d13=6.472473437938 eijMax=7.862E-03 rmsd=7.046E+00 s=[ 0 0 0 0 1 1 0 0 0 1 1 1 0 0 0 1 1 0 0 0 0 0 0 0 ]
d13=6.472473437938 eijMax=7.862E-03 rmsd=7.046E+00 s=[ 0 0 0 1 0 0 1 1 1 0 0 0 1 1 1 0 0 1 1 1 1 1 1 1 ]
d13=6.472473437938 eijMax=3.989E-03 rmsd=7.185E+00 s=[ 0 0 0 1 0 0 1 1 1 0 1 1 0 0 1 0 0 1 1 1 1 1 1 1 ]
d13=6.472473437938 eijMax=4.637E-03 rmsd=4.531E+00 s=[ 0 0 0 1 1 0 1 1 1 0 0 0 1 1 1 0 0 1 1 1 1 1 1 1 ]
d13=6.473584198919 eijMax=3.546E-03 rmsd=4.529E+00 s=[ 0 0 0 0 0 1 0 0 0 1 1 1 0 0 0 1 1 0 0 0 0 0 0 0 ]
d13=6.473584198919 eijMax=3.257E-03 rmsd=7.184E+00 s=[ 0 0 0 0 1 1 0 0 0 1 0 0 1 1 0 1 1 0 0 0 0 0 0 0 ]
d13=6.473584198919 eijMax=6.168E-03 rmsd=7.052E+00 s=[ 0 0 0 0 1 1 0 0 0 1 1 1 0 0 0 1 1 0 0 0 0 0 0 0 ]
d13=6.473584198919 eijMax=6.168E-03 rmsd=7.052E+00 s=[ 0 0 0 1 0 0 1 1 1 0 0 0 1 1 1 0 0 1 1 1 1 1 1 1 ]
d13=6.473584198919 eijMax=3.257E-03 rmsd=7.184E+00 s=[ 0 0 0 1 0 0 1 1 1 0 1 1 0 0 1 0 0 1 1 1 1 1 1 1 ]
d13=6.473584198919 eijMax=3.546E-03 rmsd=4.529E+00 s=[ 0 0 0 1 1 0 1 1 1 0 0 0 1 1 1 0 0 1 1 1 1 1 1 1 ]
d13=6.474694959900 eijMax=2.460E-03 rmsd=4.527E+00 s=[ 0 0 0 0 0 1 0 0 0 1 1 1 0 0 0 1 1 0 0 0 0 0 0 0 ]
d13=6.474694959900 eijMax=2.527E-03 rmsd=7.183E+00 s=[ 0 0 0 0 1 1 0 0 0 1 0 0 1 1 0 1 1 0 0 0 0 0 0 0 ]
d13=6.474694959900 eijMax=4.509E-03 rmsd=7.059E+00 s=[ 0 0 0 0 1 1 0 0 0 1 1 1 0 0 0 1 1 0 0 0 0 0 0 0 ]
d13=6.474694959900 eijMax=4.509E-03 rmsd=7.059E+00 s=[ 0 0 0 1 0 0 1 1 1 0 0 0 1 1 1 0 0 1 1 1 1 1 1 1 ]
d13=6.474694959900 eijMax=2.527E-03 rmsd=7.183E+00 s=[ 0 0 0 1 0 0 1 1 1 0 1 1 0 0 1 0 0 1 1 1 1 1 1 1 ]
d13=6.474694959900 eijMax=2.460E-03 rmsd=4.527E+00 s=[ 0 0 0 1 1 0 1 1 1 0 0 0 1 1 1 0 0 1 1 1 1 1 1 1 ]
d13=6.475805720881 eijMax=1.379E-03 rmsd=4.525E+00 s=[ 0 0 0 0 0 1 0 0 0 1 1 1 0 0 0 1 1 0 0 0 0 0 0 0 ]
d13=6.475805720881 eijMax=1.799E-03 rmsd=7.182E+00 s=[ 0 0 0 0 1 1 0 0 0 1 0 0 1 1 0 1 1 0 0 0 0 0 0 0 ]
d13=6.475805720881 eijMax=2.882E-03 rmsd=7.065E+00 s=[ 0 0 0 0 1 1 0 0 0 1 1 1 0 0 0 1 1 0 0 0 0 0 0 0 ]
d13=6.475805720881 eijMax=2.882E-03 rmsd=7.065E+00 s=[ 0 0 0 1 0 0 1 1 1 0 0 0 1 1 1 0 0 1 1 1 1 1 1 1 ]
d13=6.475805720881 eijMax=1.799E-03 rmsd=7.182E+00 s=[ 0 0 0 1 0 0 1 1 1 0 1 1 0 0 1 0 0 1 1 1 1 1 1 1 ]
d13=6.475805720881 eijMax=1.379E-03 rmsd=4.525E+00 s=[ 0 0 0 1 1 0 1 1 1 0 0 0 1 1 1 0 0 1 1 1 1 1 1 1 ]
d13=6.476916481862 eijMax=3.022E-04 rmsd=4.523E+00 s=[ 0 0 0 0 0 1 0 0 0 1 1 1 0 0 0 1 1 0 0 0 0 0 0 0 ]
d13=6.476916481862 eijMax=1.073E-03 rmsd=7.181E+00 s=[ 0 0 0 0 1 1 0 0 0 1 0 0 1 1 0 1 1 0 0 0 0 0 0 0 ]
d13=6.476916481862 eijMax=1.285E-03 rmsd=7.071E+00 s=[ 0 0 0 0 1 1 0 0 0 1 1 1 0 0 0 1 1 0 0 0 0 0 0 0 ]
d13=6.476916481862 eijMax=1.285E-03 rmsd=7.071E+00 s=[ 0 0 0 1 0 0 1 1 1 0 0 0 1 1 1 0 0 1 1 1 1 1 1 1 ]
d13=6.476916481862 eijMax=1.073E-03 rmsd=7.181E+00 s=[ 0 0 0 1 0 0 1 1 1 0 1 1 0 0 1 0 0 1 1 1 1 1 1 1 ]
d13=6.476916481862 eijMax=3.022E-04 rmsd=4.523E+00 s=[ 0 0 0 1 1 0 1 1 1 0 0 0 1 1 1 0 0 1 1 1 1 1 1 1 ]
d13=6.478027242843 eijMax=7.699E-04 rmsd=4.521E+00 s=[ 0 0 0 0 0 1 0 0 0 1 1 1 0 0 0 1 1 0 0 0 0 0 0 0 ]
d13=6.478027242843 eijMax=3.498E-04 rmsd=7.180E+00 s=[ 0 0 0 0 1 1 0 0 0 1 0 0 1 1 0 1 1 0 0 0 0 0 0 0 ]
d13=6.478027242843 eijMax=2.819E-04 rmsd=7.076E+00 s=[ 0 0 0 0 1 1 0 0 0 1 1 1 0 0 0 1 1 0 0 0 0 0 0 0 ]
d13=6.478027242843 eijMax=2.819E-04 rmsd=7.076E+00 s=[ 0 0 0 1 0 0 1 1 1 0 0 0 1 1 1 0 0 1 1 1 1 1 1 1 ]
d13=6.478027242843 eijMax=3.498E-04 rmsd=7.180E+00 s=[ 0 0 0 1 0 0 1 1 1 0 1 1 0 0 1 0 0 1 1 1 1 1 1 1 ]
d13=6.478027242843 eijMax=7.699E-04 rmsd=4.521E+00 s=[ 0 0 0 1 1 0 1 1 1 0 0 0 1 1 1 0 0 1 1 1 1 1 1 1 ]
d13=6.479138003824 eijMax=1.838E-03 rmsd=4.520E+00 s=[ 0 0 0 0 0 1 0 0 0 1 1 1 0 0 0 1 1 0 0 0 0 0 0 0 ]
d13=6.479138003824 eijMax=3.715E-04 rmsd=7.179E+00 s=[ 0 0 0 0 1 1 0 0 0 1 0 0 1 1 0 1 1 0 0 0 0 0 0 0 ]
d13=6.479138003824 eijMax=1.821E-03 rmsd=7.082E+00 s=[ 0 0 0 0 1 1 0 0 0 1 1 1 0 0 0 1 1 0 0 0 0 0 0 0 ]
d13=6.479138003824 eijMax=1.821E-03 rmsd=7.082E+00 s=[ 0 0 0 1 0 0 1 1 1 0 0 0 1 1 1 0 0 1 1 1 1 1 1 1 ]
d13=6.479138003824 eijMax=3.715E-04 rmsd=7.179E+00 s=[ 0 0 0 1 0 0 1 1 1 0 1 1 0 0 1 0 0 1 1 1 1 1 1 1 ]
d13=6.479138003824 eijMax=1.838E-03 rmsd=4.520E+00 s=[ 0 0 0 1 1 0 1 1 1 0 0 0 1 1 1 0 0 1 1 1 1 1 1 1 ]
d13=6.480248764805 eijMax=2.901E-03 rmsd=4.518E+00 s=[ 0 0 0 0 0 1 0 0 0 1 1 1 0 0 0 1 1 0 0 0 0 0 0 0 ]
d13=6.480248764805 eijMax=1.091E-03 rmsd=7.178E+00 s=[ 0 0 0 0 1 1 0 0 0 1 0 0 1 1 0 1 1 0 0 0 0 0 0 0 ]
d13=6.480248764805 eijMax=3.334E-03 rmsd=7.088E+00 s=[ 0 0 0 0 1 1 0 0 0 1 1 1 0 0 0 1 1 0 0 0 0 0 0 0 ]
d13=6.480248764805 eijMax=3.334E-03 rmsd=7.088E+00 s=[ 0 0 0 1 0 0 1 1 1 0 0 0 1 1 1 0 0 1 1 1 1 1 1 1 ]
d13=6.480248764805 eijMax=1.091E-03 rmsd=7.178E+00 s=[ 0 0 0 1 0 0 1 1 1 0 1 1 0 0 1 0 0 1 1 1 1 1 1 1 ]
d13=6.480248764805 eijMax=2.901E-03 rmsd=4.518E+00 s=[ 0 0 0 1 1 0 1 1 1 0 0 0 1 1 1 0 0 1 1 1 1 1 1 1 ]
d13=6.481359525786 eijMax=3.959E-03 rmsd=4.516E+00 s=[ 0 0 0 0 0 1 0 0 0 1 1 1 0 0 0 1 1 0 0 0 0 0 0 0 ]
d13=6.481359525786 eijMax=1.808E-03 rmsd=7.177E+00 s=[ 0 0 0 0 1 1 0 0 0 1 0 0 1 1 0 1 1 0 0 0 0 0 0 0 ]
d13=6.481359525786 eijMax=4.821E-03 rmsd=7.093E+00 s=[ 0 0 0 0 1 1 0 0 0 1 1 1 0 0 0 1 1 0 0 0 0 0 0 0 ]
d13=6.481359525786 eijMax=4.821E-03 rmsd=7.093E+00 s=[ 0 0 0 1 0 0 1 1 1 0 0 0 1 1 1 0 0 1 1 1 1 1 1 1 ]
d13=6.481359525786 eijMax=1.808E-03 rmsd=7.177E+00 s=[ 0 0 0 1 0 0 1 1 1 0 1 1 0 0 1 0 0 1 1 1 1 1 1 1 ]
d13=6.481359525786 eijMax=3.959E-03 rmsd=4.516E+00 s=[ 0 0 0 1 1 0 1 1 1 0 0 0 1 1 1 0 0 1 1 1 1 1 1 1 ]
d13=6.482470286767 eijMax=5.013E-03 rmsd=4.515E+00 s=[ 0 0 0 0 0 1 0 0 0 1 1 1 0 0 0 1 1 0 0 0 0 0 0 0 ]
d13=6.482470286767 eijMax=2.523E-03 rmsd=7.176E+00 s=[ 0 0 0 0 1 1 0 0 0 1 0 0 1 1 0 1 1 0 0 0 0 0 0 0 ]
d13=6.482470286767 eijMax=6.284E-03 rmsd=7.098E+00 s=[ 0 0 0 0 1 1 0 0 0 1 1 1 0 0 0 1 1 0 0 0 0 0 0 0 ]
d13=6.482470286767 eijMax=6.284E-03 rmsd=7.098E+00 s=[ 0 0 0 1 0 0 1 1 1 0 0 0 1 1 1 0 0 1 1 1 1 1 1 1 ]
d13=6.482470286767 eijMax=2.523E-03 rmsd=7.176E+00 s=[ 0 0 0 1 0 0 1 1 1 0 1 1 0 0 1 0 0 1 1 1 1 1 1 1 ]
d13=6.482470286767 eijMax=5.013E-03 rmsd=4.515E+00 s=[ 0 0 0 1 1 0 1 1 1 0 0 0 1 1 1 0 0 1 1 1 1 1 1 1 ]
d13=6.483581047748 eijMax=6.063E-03 rmsd=4.513E+00 s=[ 0 0 0 0 0 1 0 0 0 1 1 1 0 0 0 1 1 0 0 0 0 0 0 0 ]
d13=6.483581047748 eijMax=3.236E-03 rmsd=7.175E+00 s=[ 0 0 0 0 1 1 0 0 0 1 0 0 1 1 0 1 1 0 0 0 0 0 0 0 ]
d13=6.483581047748 eijMax=7.723E-03 rmsd=7.103E+00 s=[ 0 0 0 0 1 1 0 0 0 1 1 1 0 0 0 1 1 0 0 0 0 0 0 0 ]
d13=6.483581047748 eijMax=7.723E-03 rmsd=7.103E+00 s=[ 0 0 0 1 0 0 1 1 1 0 0 0 1 1 1 0 0 1 1 1 1 1 1 1 ]
d13=6.483581047748 eijMax=3.236E-03 rmsd=7.175E+00 s=[ 0 0 0 1 0 0 1 1 1 0 1 1 0 0 1 0 0 1 1 1 1 1 1 1 ]
d13=6.483581047748 eijMax=6.063E-03 rmsd=4.513E+00 s=[ 0 0 0 1 1 0 1 1 1 0 0 0 1 1 1 0 0 1 1 1 1 1 1 1 ]
d13=6.484691808729 eijMax=7.108E-03 rmsd=4.512E+00 s=[ 0 0 0 0 0 1 0 0 0 1 1 1 0 0 0 1 1 0 0 0 0 0 0 0 ]
d13=6.484691808729 eijMax=3.946E-03 rmsd=7.175E+00 s=[ 0 0 0 0 1 1 0 0 0 1 0 0 1 1 0 1 1 0 0 0 0 0 0 0 ]
d13=6.484691808729 eijMax=9.140E-03 rmsd=7.108E+00 s=[ 0 0 0 0 1 1 0 0 0 1 1 1 0 0 0 1 1 0 0 0 0 0 0 0 ]
d13=6.484691808729 eijMax=9.140E-03 rmsd=7.108E+00 s=[ 0 0 0 1 0 0 1 1 1 0 0 0 1 1 1 0 0 1 1 1 1 1 1 1 ]
d13=6.484691808729 eijMax=3.946E-03 rmsd=7.175E+00 s=[ 0 0 0 1 0 0 1 1 1 0 1 1 0 0 1 0 0 1 1 1 1 1 1 1 ]
d13=6.484691808729 eijMax=7.108E-03 rmsd=4.512E+00 s=[ 0 0 0 1 1 0 1 1 1 0 0 0 1 1 1 0 0 1 1 1 1 1 1 1 ]
d13=6.485802569710 eijMax=8.149E-03 rmsd=4.510E+00 s=[ 0 0 0 0 0 1 0 0 0 1 1 1 0 0 0 1 1 0 0 0 0 0 0 0 ]
d13=6.485802569710 eijMax=4.655E-03 rmsd=7.174E+00 s=[ 0 0 0 0 1 1 0 0 0 1 0 0 1 1 0 1 1 0 0 0 0 0 0 0 ]
d13=6.485802569710 eijMax=4.655E-03 rmsd=7.174E+00 s=[ 0 0 0 1 0 0 1 1 1 0 1 1 0 0 1 0 0 1 1 1 1 1 1 1 ]
d13=6.485802569710 eijMax=8.149E-03 rmsd=4.510E+00 s=[ 0 0 0 1 1 0 1 1 1 0 0 0 1 1 1 0 0 1 1 1 1 1 1 1 ]
d13=6.486913330691 eijMax=9.186E-03 rmsd=4.509E+00 s=[ 0 0 0 0 0 1 0 0 0 1 1 1 0 0 0 1 1 0 0 0 0 0 0 0 ]
d13=6.486913330691 eijMax=5.362E-03 rmsd=7.173E+00 s=[ 0 0 0 0 1 1 0 0 0 1 0 0 1 1 0 1 1 0 0 0 0 0 0 0 ]
d13=6.486913330691 eijMax=5.362E-03 rmsd=7.173E+00 s=[ 0 0 0 1 0 0 1 1 1 0 1 1 0 0 1 0 0 1 1 1 1 1 1 1 ]
d13=6.486913330691 eijMax=9.186E-03 rmsd=4.509E+00 s=[ 0 0 0 1 1 0 1 1 1 0 0 0 1 1 1 0 0 1 1 1 1 1 1 1 ]
d13=6.488024091672 eijMax=6.067E-03 rmsd=7.172E+00 s=[ 0 0 0 0 1 1 0 0 0 1 0 0 1 1 0 1 1 0 0 0 0 0 0 0 ]
d13=6.488024091672 eijMax=6.067E-03 rmsd=7.172E+00 s=[ 0 0 0 1 0 0 1 1 1 0 1 1 0 0 1 0 0 1 1 1 1 1 1 1 ]
d13=6.489134852653 eijMax=6.769E-03 rmsd=7.171E+00 s=[ 0 0 0 0 1 1 0 0 0 1 0 0 1 1 0 1 1 0 0 0 0 0 0 0 ]
d13=6.489134852653 eijMax=6.769E-03 rmsd=7.171E+00 s=[ 0 0 0 1 0 0 1 1 1 0 1 1 0 0 1 0 0 1 1 1 1 1 1 1 ]
d13=6.490245613634 eijMax=7.470E-03 rmsd=7.170E+00 s=[ 0 0 0 0 1 1 0 0 0 1 0 0 1 1 0 1 1 0 0 0 0 0 0 0 ]
d13=6.490245613634 eijMax=7.470E-03 rmsd=7.170E+00 s=[ 0 0 0 1 0 0 1 1 1 0 1 1 0 0 1 0 0 1 1 1 1 1 1 1 ]
d13=6.491356374615 eijMax=8.169E-03 rmsd=7.170E+00 s=[ 0 0 0 0 1 1 0 0 0 1 0 0 1 1 0 1 1 0 0 0 0 0 0 0 ]
d13=6.491356374615 eijMax=8.169E-03 rmsd=7.170E+00 s=[ 0 0 0 1 0 0 1 1 1 0 1 1 0 0 1 0 0 1 1 1 1 1 1 1 ]
d13=6.492467135596 eijMax=8.865E-03 rmsd=7.169E+00 s=[ 0 0 0 0 1 1 0 0 0 1 0 0 1 1 0 1 1 0 0 0 0 0 0 0 ]
d13=6.492467135596 eijMax=8.865E-03 rmsd=7.169E+00 s=[ 0 0 0 1 0 0 1 1 1 0 1 1 0 0 1 0 0 1 1 1 1 1 1 1 ]
d13=6.493577896577 eijMax=9.560E-03 rmsd=7.168E+00 s=[ 0 0 0 0 1 1 0 0 0 1 0 0 1 1 0 1 1 0 0 0 0 0 0 0 ]
d13=6.493577896577 eijMax=9.560E-03 rmsd=7.168E+00 s=[ 0 0 0 1 0 0 1 1 1 0 1 1 0 0 1 0 0 1 1 1 1 1 1 1 ]
d13=6.518014638158 eijMax=8.722E-03 rmsd=4.360E+00 s=[ 0 0 0 0 0 0 1 1 1 1 0 0 1 1 0 1 1 0 0 0 0 0 0 0 ]
d13=6.518014638158 eijMax=8.722E-03 rmsd=4.360E+00 s=[ 0 0 0 1 1 1 0 0 0 0 1 1 0 0 1 0 0 1 1 1 1 1 1 1 ]
d13=6.519125399139 eijMax=7.234E-03 rmsd=4.374E+00 s=[ 0 0 0 0 0 0 1 1 1 1 0 0 1 1 0 1 1 0 0 0 0 0 0 0 ]
d13=6.519125399139 eijMax=7.234E-03 rmsd=4.374E+00 s=[ 0 0 0 1 1 1 0 0 0 0 1 1 0 0 1 0 0 1 1 1 1 1 1 1 ]
d13=6.520236160120 eijMax=5.748E-03 rmsd=4.387E+00 s=[ 0 0 0 0 0 0 1 1 1 1 0 0 1 1 0 1 1 0 0 0 0 0 0 0 ]
d13=6.520236160120 eijMax=5.748E-03 rmsd=4.387E+00 s=[ 0 0 0 1 1 1 0 0 0 0 1 1 0 0 1 0 0 1 1 1 1 1 1 1 ]
d13=6.521346921101 eijMax=4.267E-03 rmsd=4.400E+00 s=[ 0 0 0 0 0 0 1 1 1 1 0 0 1 1 0 1 1 0 0 0 0 0 0 0 ]
d13=6.521346921101 eijMax=4.267E-03 rmsd=4.400E+00 s=[ 0 0 0 1 1 1 0 0 0 0 1 1 0 0 1 0 0 1 1 1 1 1 1 1 ]
d13=6.522457682082 eijMax=2.788E-03 rmsd=4.413E+00 s=[ 0 0 0 0 0 0 1 1 1 1 0 0 1 1 0 1 1 0 0 0 0 0 0 0 ]
d13=6.522457682082 eijMax=2.788E-03 rmsd=4.413E+00 s=[ 0 0 0 1 1 1 0 0 0 0 1 1 0 0 1 0 0 1 1 1 1 1 1 1 ]
d13=6.523568443063 eijMax=1.312E-03 rmsd=4.427E+00 s=[ 0 0 0 0 0 0 1 1 1 1 0 0 1 1 0 1 1 0 0 0 0 0 0 0 ]
d13=6.523568443063 eijMax=1.312E-03 rmsd=4.427E+00 s=[ 0 0 0 1 1 1 0 0 0 0 1 1 0 0 1 0 0 1 1 1 1 1 1 1 ]
d13=6.524679204044 eijMax=1.600E-04 rmsd=4.440E+00 s=[ 0 0 0 0 0 0 1 1 1 1 0 0 1 1 0 1 1 0 0 0 0 0 0 0 ]
d13=6.524679204044 eijMax=1.600E-04 rmsd=4.440E+00 s=[ 0 0 0 1 1 1 0 0 0 0 1 1 0 0 1 0 0 1 1 1 1 1 1 1 ]
d13=6.525789965025 eijMax=1.629E-03 rmsd=4.454E+00 s=[ 0 0 0 0 0 0 1 1 1 1 0 0 1 1 0 1 1 0 0 0 0 0 0 0 ]
d13=6.525789965025 eijMax=1.629E-03 rmsd=4.454E+00 s=[ 0 0 0 1 1 1 0 0 0 0 1 1 0 0 1 0 0 1 1 1 1 1 1 1 ]
d13=6.526900726006 eijMax=3.095E-03 rmsd=4.467E+00 s=[ 0 0 0 0 0 0 1 1 1 1 0 0 1 1 0 1 1 0 0 0 0 0 0 0 ]
d13=6.526900726006 eijMax=3.095E-03 rmsd=4.467E+00 s=[ 0 0 0 1 1 1 0 0 0 0 1 1 0 0 1 0 0 1 1 1 1 1 1 1 ]
d13=6.528011486987 eijMax=4.557E-03 rmsd=4.481E+00 s=[ 0 0 0 0 0 0 1 1 1 1 0 0 1 1 0 1 1 0 0 0 0 0 0 0 ]
d13=6.528011486987 eijMax=4.557E-03 rmsd=4.481E+00 s=[ 0 0 0 1 1 1 0 0 0 0 1 1 0 0 1 0 0 1 1 1 1 1 1 1 ]
d13=6.529122247968 eijMax=6.016E-03 rmsd=4.494E+00 s=[ 0 0 0 0 0 0 1 1 1 1 0 0 1 1 0 1 1 0 0 0 0 0 0 0 ]
d13=6.529122247968 eijMax=6.016E-03 rmsd=4.494E+00 s=[ 0 0 0 1 1 1 0 0 0 0 1 1 0 0 1 0 0 1 1 1 1 1 1 1 ]
d13=6.530233008949 eijMax=7.472E-03 rmsd=4.508E+00 s=[ 0 0 0 0 0 0 1 1 1 1 0 0 1 1 0 1 1 0 0 0 0 0 0 0 ]
d13=6.530233008949 eijMax=7.472E-03 rmsd=4.508E+00 s=[ 0 0 0 1 1 1 0 0 0 0 1 1 0 0 1 0 0 1 1 1 1 1 1 1 ]
d13=6.531343769930 eijMax=8.925E-03 rmsd=4.521E+00 s=[ 0 0 0 0 0 0 1 1 1 1 0 0 1 1 0 1 1 0 0 0 0 0 0 0 ]
d13=6.531343769930 eijMax=8.925E-03 rmsd=4.521E+00 s=[ 0 0 0 1 1 1 0 0 0 0 1 1 0 0 1 0 0 1 1 1 1 1 1 1 ]
d13=6.552448228569 eijMax=9.356E-03 rmsd=6.976E+00 s=[ 0 0 0 0 1 1 0 0 0 0 1 1 0 0 0 1 1 0 0 0 0 0 0 0 ]
d13=6.552448228569 eijMax=9.356E-03 rmsd=6.976E+00 s=[ 0 0 0 1 0 0 1 1 1 1 0 0 1 1 1 0 0 1 1 1 1 1 1 1 ]
d13=6.553558989550 eijMax=8.596E-03 rmsd=6.976E+00 s=[ 0 0 0 0 1 1 0 0 0 0 1 1 0 0 0 1 1 0 0 0 0 0 0 0 ]
d13=6.553558989550 eijMax=8.596E-03 rmsd=6.976E+00 s=[ 0 0 0 1 0 0 1 1 1 1 0 0 1 1 1 0 0 1 1 1 1 1 1 1 ]
d13=6.554669750531 eijMax=7.839E-03 rmsd=6.976E+00 s=[ 0 0 0 0 1 1 0 0 0 0 1 1 0 0 0 1 1 0 0 0 0 0 0 0 ]
d13=6.554669750531 eijMax=7.839E-03 rmsd=6.976E+00 s=[ 0 0 0 1 0 0 1 1 1 1 0 0 1 1 1 0 0 1 1 1 1 1 1 1 ]
d13=6.555780511512 eijMax=7.085E-03 rmsd=6.976E+00 s=[ 0 0 0 0 1 1 0 0 0 0 1 1 0 0 0 1 1 0 0 0 0 0 0 0 ]
d13=6.555780511512 eijMax=7.085E-03 rmsd=6.976E+00 s=[ 0 0 0 1 0 0 1 1 1 1 0 0 1 1 1 0 0 1 1 1 1 1 1 1 ]
d13=6.556891272492 eijMax=6.333E-03 rmsd=6.976E+00 s=[ 0 0 0 0 1 1 0 0 0 0 1 1 0 0 0 1 1 0 0 0 0 0 0 0 ]
d13=6.556891272492 eijMax=6.333E-03 rmsd=6.976E+00 s=[ 0 0 0 1 0 0 1 1 1 1 0 0 1 1 1 0 0 1 1 1 1 1 1 1 ]
d13=6.558002033473 eijMax=5.583E-03 rmsd=6.976E+00 s=[ 0 0 0 0 1 1 0 0 0 0 1 1 0 0 0 1 1 0 0 0 0 0 0 0 ]
d13=6.558002033473 eijMax=5.583E-03 rmsd=6.976E+00 s=[ 0 0 0 1 0 0 1 1 1 1 0 0 1 1 1 0 0 1 1 1 1 1 1 1 ]
d13=6.559112794454 eijMax=4.836E-03 rmsd=6.976E+00 s=[ 0 0 0 0 1 1 0 0 0 0 1 1 0 0 0 1 1 0 0 0 0 0 0 0 ]
d13=6.559112794454 eijMax=4.836E-03 rmsd=6.976E+00 s=[ 0 0 0 1 0 0 1 1 1 1 0 0 1 1 1 0 0 1 1 1 1 1 1 1 ]
d13=6.560223555435 eijMax=4.091E-03 rmsd=6.976E+00 s=[ 0 0 0 0 1 1 0 0 0 0 1 1 0 0 0 1 1 0 0 0 0 0 0 0 ]
d13=6.560223555435 eijMax=4.091E-03 rmsd=6.976E+00 s=[ 0 0 0 1 0 0 1 1 1 1 0 0 1 1 1 0 0 1 1 1 1 1 1 1 ]
d13=6.561334316416 eijMax=3.349E-03 rmsd=6.975E+00 s=[ 0 0 0 0 1 1 0 0 0 0 1 1 0 0 0 1 1 0 0 0 0 0 0 0 ]
d13=6.561334316416 eijMax=3.349E-03 rmsd=6.975E+00 s=[ 0 0 0 1 0 0 1 1 1 1 0 0 1 1 1 0 0 1 1 1 1 1 1 1 ]
d13=6.562445077397 eijMax=2.609E-03 rmsd=6.975E+00 s=[ 0 0 0 0 1 1 0 0 0 0 1 1 0 0 0 1 1 0 0 0 0 0 0 0 ]
d13=6.562445077397 eijMax=2.609E-03 rmsd=6.975E+00 s=[ 0 0 0 1 0 0 1 1 1 1 0 0 1 1 1 0 0 1 1 1 1 1 1 1 ]
d13=6.563555838378 eijMax=1.871E-03 rmsd=6.975E+00 s=[ 0 0 0 0 1 1 0 0 0 0 1 1 0 0 0 1 1 0 0 0 0 0 0 0 ]
d13=6.563555838378 eijMax=1.871E-03 rmsd=6.975E+00 s=[ 0 0 0 1 0 0 1 1 1 1 0 0 1 1 1 0 0 1 1 1 1 1 1 1 ]
d13=6.564666599359 eijMax=1.135E-03 rmsd=6.975E+00 s=[ 0 0 0 0 1 1 0 0 0 0 1 1 0 0 0 1 1 0 0 0 0 0 0 0 ]
d13=6.564666599359 eijMax=1.135E-03 rmsd=6.975E+00 s=[ 0 0 0 1 0 0 1 1 1 1 0 0 1 1 1 0 0 1 1 1 1 1 1 1 ]
d13=6.565777360340 eijMax=4.022E-04 rmsd=6.975E+00 s=[ 0 0 0 0 1 1 0 0 0 0 1 1 0 0 0 1 1 0 0 0 0 0 0 0 ]
d13=6.565777360340 eijMax=4.022E-04 rmsd=6.975E+00 s=[ 0 0 0 1 0 0 1 1 1 1 0 0 1 1 1 0 0 1 1 1 1 1 1 1 ]
d13=6.566888121321 eijMax=3.286E-04 rmsd=6.975E+00 s=[ 0 0 0 0 1 1 0 0 0 0 1 1 0 0 0 1 1 0 0 0 0 0 0 0 ]
d13=6.566888121321 eijMax=3.286E-04 rmsd=6.975E+00 s=[ 0 0 0 1 0 0 1 1 1 1 0 0 1 1 1 0 0 1 1 1 1 1 1 1 ]
d13=6.567998882302 eijMax=1.057E-03 rmsd=6.975E+00 s=[ 0 0 0 0 1 1 0 0 0 0 1 1 0 0 0 1 1 0 0 0 0 0 0 0 ]
d13=6.567998882302 eijMax=1.057E-03 rmsd=6.975E+00 s=[ 0 0 0 1 0 0 1 1 1 1 0 0 1 1 1 0 0 1 1 1 1 1 1 1 ]
d13=6.569109643283 eijMax=1.783E-03 rmsd=6.975E+00 s=[ 0 0 0 0 1 1 0 0 0 0 1 1 0 0 0 1 1 0 0 0 0 0 0 0 ]
d13=6.569109643283 eijMax=1.783E-03 rmsd=6.975E+00 s=[ 0 0 0 1 0 0 1 1 1 1 0 0 1 1 1 0 0 1 1 1 1 1 1 1 ]
d13=6.570220404264 eijMax=2.507E-03 rmsd=6.975E+00 s=[ 0 0 0 0 1 1 0 0 0 0 1 1 0 0 0 1 1 0 0 0 0 0 0 0 ]
d13=6.570220404264 eijMax=2.507E-03 rmsd=6.975E+00 s=[ 0 0 0 1 0 0 1 1 1 1 0 0 1 1 1 0 0 1 1 1 1 1 1 1 ]
d13=6.571331165245 eijMax=3.229E-03 rmsd=6.975E+00 s=[ 0 0 0 0 1 1 0 0 0 0 1 1 0 0 0 1 1 0 0 0 0 0 0 0 ]
d13=6.571331165245 eijMax=3.229E-03 rmsd=6.975E+00 s=[ 0 0 0 1 0 0 1 1 1 1 0 0 1 1 1 0 0 1 1 1 1 1 1 1 ]
d13=6.572441926226 eijMax=3.948E-03 rmsd=6.975E+00 s=[ 0 0 0 0 1 1 0 0 0 0 1 1 0 0 0 1 1 0 0 0 0 0 0 0 ]
d13=6.572441926226 eijMax=3.948E-03 rmsd=6.975E+00 s=[ 0 0 0 1 0 0 1 1 1 1 0 0 1 1 1 0 0 1 1 1 1 1 1 1 ]
d13=6.573552687207 eijMax=4.665E-03 rmsd=6.975E+00 s=[ 0 0 0 0 1 1 0 0 0 0 1 1 0 0 0 1 1 0 0 0 0 0 0 0 ]
d13=6.573552687207 eijMax=4.665E-03 rmsd=6.975E+00 s=[ 0 0 0 1 0 0 1 1 1 1 0 0 1 1 1 0 0 1 1 1 1 1 1 1 ]
d13=6.574663448188 eijMax=5.380E-03 rmsd=6.975E+00 s=[ 0 0 0 0 1 1 0 0 0 0 1 1 0 0 0 1 1 0 0 0 0 0 0 0 ]
d13=6.574663448188 eijMax=5.380E-03 rmsd=6.975E+00 s=[ 0 0 0 1 0 0 1 1 1 1 0 0 1 1 1 0 0 1 1 1 1 1 1 1 ]
d13=6.575774209169 eijMax=6.092E-03 rmsd=6.975E+00 s=[ 0 0 0 0 1 1 0 0 0 0 1 1 0 0 0 1 1 0 0 0 0 0 0 0 ]
d13=6.575774209169 eijMax=6.092E-03 rmsd=6.975E+00 s=[ 0 0 0 1 0 0 1 1 1 1 0 0 1 1 1 0 0 1 1 1 1 1 1 1 ]
d13=6.576884970150 eijMax=6.803E-03 rmsd=6.975E+00 s=[ 0 0 0 0 1 1 0 0 0 0 1 1 0 0 0 1 1 0 0 0 0 0 0 0 ]
d13=6.576884970150 eijMax=6.803E-03 rmsd=6.975E+00 s=[ 0 0 0 1 0 0 1 1 1 1 0 0 1 1 1 0 0 1 1 1 1 1 1 1 ]
d13=6.577995731131 eijMax=7.511E-03 rmsd=6.975E+00 s=[ 0 0 0 0 1 1 0 0 0 0 1 1 0 0 0 1 1 0 0 0 0 0 0 0 ]
d13=6.577995731131 eijMax=7.511E-03 rmsd=6.975E+00 s=[ 0 0 0 1 0 0 1 1 1 1 0 0 1 1 1 0 0 1 1 1 1 1 1 1 ]
d13=6.579106492112 eijMax=8.216E-03 rmsd=6.975E+00 s=[ 0 0 0 0 1 1 0 0 0 0 1 1 0 0 0 1 1 0 0 0 0 0 0 0 ]
d13=6.579106492112 eijMax=8.216E-03 rmsd=6.975E+00 s=[ 0 0 0 1 0 0 1 1 1 1 0 0 1 1 1 0 0 1 1 1 1 1 1 1 ]
d13=6.580217253093 eijMax=8.920E-03 rmsd=6.975E+00 s=[ 0 0 0 0 1 1 0 0 0 0 1 1 0 0 0 1 1 0 0 0 0 0 0 0 ]
d13=6.580217253093 eijMax=8.920E-03 rmsd=6.975E+00 s=[ 0 0 0 1 0 0 1 1 1 1 0 0 1 1 1 0 0 1 1 1 1 1 1 1 ]
d13=6.581328014074 eijMax=9.621E-03 rmsd=6.975E+00 s=[ 0 0 0 0 1 1 0 0 0 0 1 1 0 0 0 1 1 0 0 0 0 0 0 0 ]
d13=6.581328014074 eijMax=9.621E-03 rmsd=6.975E+00 s=[ 0 0 0 1 0 0 1 1 1 1 0 0 1 1 1 0 0 1 1 1 1 1 1 1 ]
d13=6.585771057998 eijMax=2.451E-03 rmsd=3.887E+00 s=[ 0 0 0 0 0 0 1 1 1 1 1 1 0 0 1 1 1 0 0 0 0 0 0 0 ]
d13=6.585771057998 eijMax=2.451E-03 rmsd=3.887E+00 s=[ 0 0 0 1 1 1 0 0 0 0 0 0 1 1 0 0 0 1 1 1 1 1 1 1 ]
d13=6.623536931351 eijMax=9.369E-03 rmsd=2.813E+00 s=[ 0 0 0 0 0 1 0 0 0 1 0 0 1 1 0 1 1 0 0 0 0 0 0 0 ]
d13=6.623536931351 eijMax=9.369E-03 rmsd=2.813E+00 s=[ 0 0 0 1 1 0 1 1 1 0 1 1 0 0 1 0 0 1 1 1 1 1 1 1 ]
d13=6.624647692332 eijMax=8.242E-03 rmsd=2.812E+00 s=[ 0 0 0 0 0 1 0 0 0 1 0 0 1 1 0 1 1 0 0 0 0 0 0 0 ]
d13=6.624647692332 eijMax=8.242E-03 rmsd=2.812E+00 s=[ 0 0 0 1 1 0 1 1 1 0 1 1 0 0 1 0 0 1 1 1 1 1 1 1 ]
d13=6.625758453313 eijMax=7.117E-03 rmsd=2.811E+00 s=[ 0 0 0 0 0 1 0 0 0 1 0 0 1 1 0 1 1 0 0 0 0 0 0 0 ]
d13=6.625758453313 eijMax=7.117E-03 rmsd=2.811E+00 s=[ 0 0 0 1 1 0 1 1 1 0 1 1 0 0 1 0 0 1 1 1 1 1 1 1 ]
d13=6.626869214294 eijMax=5.993E-03 rmsd=2.810E+00 s=[ 0 0 0 0 0 1 0 0 0 1 0 0 1 1 0 1 1 0 0 0 0 0 0 0 ]
d13=6.626869214294 eijMax=5.993E-03 rmsd=2.810E+00 s=[ 0 0 0 1 1 0 1 1 1 0 1 1 0 0 1 0 0 1 1 1 1 1 1 1 ]
d13=6.627979975275 eijMax=4.872E-03 rmsd=2.810E+00 s=[ 0 0 0 0 0 1 0 0 0 1 0 0 1 1 0 1 1 0 0 0 0 0 0 0 ]
d13=6.627979975275 eijMax=4.872E-03 rmsd=2.810E+00 s=[ 0 0 0 1 1 0 1 1 1 0 1 1 0 0 1 0 0 1 1 1 1 1 1 1 ]
d13=6.629090736256 eijMax=3.752E-03 rmsd=2.809E+00 s=[ 0 0 0 0 0 1 0 0 0 1 0 0 1 1 0 1 1 0 0 0 0 0 0 0 ]
d13=6.629090736256 eijMax=3.752E-03 rmsd=2.809E+00 s=[ 0 0 0 1 1 0 1 1 1 0 1 1 0 0 1 0 0 1 1 1 1 1 1 1 ]
d13=6.630201497237 eijMax=2.634E-03 rmsd=2.809E+00 s=[ 0 0 0 0 0 1 0 0 0 1 0 0 1 1 0 1 1 0 0 0 0 0 0 0 ]
d13=6.630201497237 eijMax=2.634E-03 rmsd=2.809E+00 s=[ 0 0 0 1 1 0 1 1 1 0 1 1 0 0 1 0 0 1 1 1 1 1 1 1 ]
d13=6.631312258218 eijMax=1.519E-03 rmsd=2.808E+00 s=[ 0 0 0 0 0 1 0 0 0 1 0 0 1 1 0 1 1 0 0 0 0 0 0 0 ]
d13=6.631312258218 eijMax=1.519E-03 rmsd=2.808E+00 s=[ 0 0 0 1 1 0 1 1 1 0 1 1 0 0 1 0 0 1 1 1 1 1 1 1 ]
d13=6.632423019199 eijMax=4.048E-04 rmsd=2.808E+00 s=[ 0 0 0 0 0 1 0 0 0 1 0 0 1 1 0 1 1 0 0 0 0 0 0 0 ]
d13=6.632423019199 eijMax=4.048E-04 rmsd=2.808E+00 s=[ 0 0 0 1 1 0 1 1 1 0 1 1 0 0 1 0 0 1 1 1 1 1 1 1 ]
d13=6.633533780180 eijMax=7.071E-04 rmsd=2.808E+00 s=[ 0 0 0 0 0 1 0 0 0 1 0 0 1 1 0 1 1 0 0 0 0 0 0 0 ]
d13=6.633533780180 eijMax=7.071E-04 rmsd=2.808E+00 s=[ 0 0 0 1 1 0 1 1 1 0 1 1 0 0 1 0 0 1 1 1 1 1 1 1 ]
d13=6.634644541161 eijMax=1.817E-03 rmsd=2.808E+00 s=[ 0 0 0 0 0 1 0 0 0 1 0 0 1 1 0 1 1 0 0 0 0 0 0 0 ]
d13=6.634644541161 eijMax=1.817E-03 rmsd=2.808E+00 s=[ 0 0 0 1 1 0 1 1 1 0 1 1 0 0 1 0 0 1 1 1 1 1 1 1 ]
d13=6.635755302142 eijMax=2.925E-03 rmsd=2.808E+00 s=[ 0 0 0 0 0 1 0 0 0 1 0 0 1 1 0 1 1 0 0 0 0 0 0 0 ]
d13=6.635755302142 eijMax=2.925E-03 rmsd=2.808E+00 s=[ 0 0 0 1 1 0 1 1 1 0 1 1 0 0 1 0 0 1 1 1 1 1 1 1 ]
d13=6.636866063123 eijMax=4.031E-03 rmsd=2.808E+00 s=[ 0 0 0 0 0 1 0 0 0 1 0 0 1 1 0 1 1 0 0 0 0 0 0 0 ]
d13=6.636866063123 eijMax=4.031E-03 rmsd=2.808E+00 s=[ 0 0 0 1 1 0 1 1 1 0 1 1 0 0 1 0 0 1 1 1 1 1 1 1 ]
d13=6.637976824104 eijMax=5.135E-03 rmsd=2.808E+00 s=[ 0 0 0 0 0 1 0 0 0 1 0 0 1 1 0 1 1 0 0 0 0 0 0 0 ]
d13=6.637976824104 eijMax=5.135E-03 rmsd=2.808E+00 s=[ 0 0 0 1 1 0 1 1 1 0 1 1 0 0 1 0 0 1 1 1 1 1 1 1 ]
d13=6.639087585085 eijMax=6.237E-03 rmsd=2.808E+00 s=[ 0 0 0 0 0 1 0 0 0 1 0 0 1 1 0 1 1 0 0 0 0 0 0 0 ]
d13=6.639087585085 eijMax=6.237E-03 rmsd=2.808E+00 s=[ 0 0 0 1 1 0 1 1 1 0 1 1 0 0 1 0 0 1 1 1 1 1 1 1 ]
d13=6.640198346066 eijMax=7.337E-03 rmsd=2.808E+00 s=[ 0 0 0 0 0 1 0 0 0 1 0 0 1 1 0 1 1 0 0 0 0 0 0 0 ]
d13=6.640198346066 eijMax=7.337E-03 rmsd=2.808E+00 s=[ 0 0 0 1 1 0 1 1 1 0 1 1 0 0 1 0 0 1 1 1 1 1 1 1 ]
d13=6.641309107047 eijMax=8.435E-03 rmsd=2.809E+00 s=[ 0 0 0 0 0 1 0 0 0 1 0 0 1 1 0 1 1 0 0 0 0 0 0 0 ]
d13=6.641309107047 eijMax=8.435E-03 rmsd=2.809E+00 s=[ 0 0 0 1 1 0 1 1 1 0 1 1 0 0 1 0 0 1 1 1 1 1 1 1 ]
d13=6.642419868028 eijMax=9.531E-03 rmsd=2.809E+00 s=[ 0 0 0 0 0 1 0 0 0 1 0 0 1 1 0 1 1 0 0 0 0 0 0 0 ]
d13=6.642419868028 eijMax=9.531E-03 rmsd=2.809E+00 s=[ 0 0 0 1 1 0 1 1 1 0 1 1 0 0 1 0 0 1 1 1 1 1 1 1 ]
d13=6.819030864004 eijMax=9.413E-03 rmsd=1.533E-01 s=[ 0 0 0 0 0 1 0 0 0 1 1 1 0 0 1 1 1 0 0 0 0 0 0 0 ]
d13=6.819030864004 eijMax=9.413E-03 rmsd=1.533E-01 s=[ 0 0 0 1 1 0 1 1 1 0 0 0 1 1 0 0 0 1 1 1 1 1 1 1 ]
d13=6.820141624985 eijMax=5.389E-03 rmsd=8.830E-02 s=[ 0 0 0 0 0 1 0 0 0 1 1 1 0 0 1 1 1 0 0 0 0 0 0 0 ]
d13=6.820141624985 eijMax=5.389E-03 rmsd=8.830E-02 s=[ 0 0 0 1 1 0 1 1 1 0 0 0 1 1 0 0 0 1 1 1 1 1 1 1 ]
d13=6.821252385966 eijMax=1.285E-03 rmsd=2.120E-02 s=[ 0 0 0 0 0 1 0 0 0 1 1 1 0 0 1 1 1 0 0 0 0 0 0 0 ]
d13=6.821252385966 eijMax=1.285E-03 rmsd=2.120E-02 s=[ 0 0 0 1 1 0 1 1 1 0 0 0 1 1 0 0 0 1 1 1 1 1 1 1 ]
d13=6.822363146947 eijMax=2.904E-03 rmsd=4.813E-02 s=[ 0 0 0 0 0 1 0 0 0 1 1 1 0 0 1 1 1 0 0 0 0 0 0 0 ]
d13=6.822363146947 eijMax=2.904E-03 rmsd=4.813E-02 s=[ 0 0 0 1 1 0 1 1 1 0 0 0 1 1 0 0 0 1 1 1 1 1 1 1 ]
d13=6.823473907928 eijMax=7.183E-03 rmsd=1.199E-01 s=[ 0 0 0 0 0 1 0 0 0 1 1 1 0 0 1 1 1 0 0 0 0 0 0 0 ]
d13=6.823473907928 eijMax=7.183E-03 rmsd=1.199E-01 s=[ 0 0 0 1 1 0 1 1 1 0 0 0 1 1 0 0 0 1 1 1 1 1 1 1 ]
d13=6.826806190871 eijMax=9.634E-03 rmsd=5.645E+00 s=[ 0 0 0 0 1 1 0 0 0 1 1 1 0 0 1 1 1 0 0 0 0 0 0 0 ]
d13=6.826806190871 eijMax=9.634E-03 rmsd=5.645E+00 s=[ 0 0 0 1 0 0 1 1 1 0 0 0 1 1 0 0 0 1 1 1 1 1 1 1 ]
d13=6.827916951852 eijMax=8.857E-03 rmsd=5.645E+00 s=[ 0 0 0 0 1 1 0 0 0 1 1 1 0 0 1 1 1 0 0 0 0 0 0 0 ]
d13=6.827916951852 eijMax=8.857E-03 rmsd=5.645E+00 s=[ 0 0 0 1 0 0 1 1 1 0 0 0 1 1 0 0 0 1 1 1 1 1 1 1 ]
d13=6.829027712833 eijMax=8.079E-03 rmsd=5.645E+00 s=[ 0 0 0 0 1 1 0 0 0 1 1 1 0 0 1 1 1 0 0 0 0 0 0 0 ]
d13=6.829027712833 eijMax=8.079E-03 rmsd=5.645E+00 s=[ 0 0 0 1 0 0 1 1 1 0 0 0 1 1 0 0 0 1 1 1 1 1 1 1 ]
d13=6.830138473814 eijMax=7.299E-03 rmsd=5.645E+00 s=[ 0 0 0 0 1 1 0 0 0 1 1 1 0 0 1 1 1 0 0 0 0 0 0 0 ]
d13=6.830138473814 eijMax=7.299E-03 rmsd=5.645E+00 s=[ 0 0 0 1 0 0 1 1 1 0 0 0 1 1 0 0 0 1 1 1 1 1 1 1 ]
d13=6.831249234795 eijMax=6.517E-03 rmsd=5.645E+00 s=[ 0 0 0 0 1 1 0 0 0 1 1 1 0 0 1 1 1 0 0 0 0 0 0 0 ]
d13=6.831249234795 eijMax=6.517E-03 rmsd=5.645E+00 s=[ 0 0 0 1 0 0 1 1 1 0 0 0 1 1 0 0 0 1 1 1 1 1 1 1 ]
d13=6.832359995776 eijMax=5.733E-03 rmsd=5.645E+00 s=[ 0 0 0 0 1 1 0 0 0 1 1 1 0 0 1 1 1 0 0 0 0 0 0 0 ]
d13=6.832359995776 eijMax=5.733E-03 rmsd=5.645E+00 s=[ 0 0 0 1 0 0 1 1 1 0 0 0 1 1 0 0 0 1 1 1 1 1 1 1 ]
d13=6.833470756757 eijMax=4.948E-03 rmsd=5.645E+00 s=[ 0 0 0 0 1 1 0 0 0 1 1 1 0 0 1 1 1 0 0 0 0 0 0 0 ]
d13=6.833470756757 eijMax=4.948E-03 rmsd=5.645E+00 s=[ 0 0 0 1 0 0 1 1 1 0 0 0 1 1 0 0 0 1 1 1 1 1 1 1 ]
d13=6.834581517738 eijMax=4.160E-03 rmsd=5.645E+00 s=[ 0 0 0 0 1 1 0 0 0 1 1 1 0 0 1 1 1 0 0 0 0 0 0 0 ]
d13=6.834581517738 eijMax=4.160E-03 rmsd=5.645E+00 s=[ 0 0 0 1 0 0 1 1 1 0 0 0 1 1 0 0 0 1 1 1 1 1 1 1 ]
d13=6.835692278719 eijMax=3.371E-03 rmsd=5.645E+00 s=[ 0 0 0 0 1 1 0 0 0 1 1 1 0 0 1 1 1 0 0 0 0 0 0 0 ]
d13=6.835692278719 eijMax=3.371E-03 rmsd=5.645E+00 s=[ 0 0 0 1 0 0 1 1 1 0 0 0 1 1 0 0 0 1 1 1 1 1 1 1 ]
d13=6.836803039700 eijMax=2.581E-03 rmsd=5.645E+00 s=[ 0 0 0 0 1 1 0 0 0 1 1 1 0 0 1 1 1 0 0 0 0 0 0 0 ]
d13=6.836803039700 eijMax=2.581E-03 rmsd=5.645E+00 s=[ 0 0 0 1 0 0 1 1 1 0 0 0 1 1 0 0 0 1 1 1 1 1 1 1 ]
d13=6.837913800681 eijMax=1.788E-03 rmsd=5.645E+00 s=[ 0 0 0 0 1 1 0 0 0 1 1 1 0 0 1 1 1 0 0 0 0 0 0 0 ]
d13=6.837913800681 eijMax=1.788E-03 rmsd=5.645E+00 s=[ 0 0 0 1 0 0 1 1 1 0 0 0 1 1 0 0 0 1 1 1 1 1 1 1 ]
d13=6.839024561662 eijMax=9.936E-04 rmsd=5.645E+00 s=[ 0 0 0 0 1 1 0 0 0 1 1 1 0 0 1 1 1 0 0 0 0 0 0 0 ]
d13=6.839024561662 eijMax=9.936E-04 rmsd=5.645E+00 s=[ 0 0 0 1 0 0 1 1 1 0 0 0 1 1 0 0 0 1 1 1 1 1 1 1 ]
d13=6.840135322643 eijMax=1.973E-04 rmsd=5.645E+00 s=[ 0 0 0 0 1 1 0 0 0 1 1 1 0 0 1 1 1 0 0 0 0 0 0 0 ]
d13=6.840135322643 eijMax=1.973E-04 rmsd=5.645E+00 s=[ 0 0 0 1 0 0 1 1 1 0 0 0 1 1 0 0 0 1 1 1 1 1 1 1 ]
d13=6.841246083624 eijMax=6.008E-04 rmsd=5.645E+00 s=[ 0 0 0 0 1 1 0 0 0 1 1 1 0 0 1 1 1 0 0 0 0 0 0 0 ]
d13=6.841246083624 eijMax=6.008E-04 rmsd=5.645E+00 s=[ 0 0 0 1 0 0 1 1 1 0 0 0 1 1 0 0 0 1 1 1 1 1 1 1 ]
d13=6.842356844605 eijMax=1.401E-03 rmsd=5.645E+00 s=[ 0 0 0 0 1 1 0 0 0 1 1 1 0 0 1 1 1 0 0 0 0 0 0 0 ]
d13=6.842356844605 eijMax=1.401E-03 rmsd=5.645E+00 s=[ 0 0 0 1 0 0 1 1 1 0 0 0 1 1 0 0 0 1 1 1 1 1 1 1 ]
d13=6.843467605586 eijMax=2.202E-03 rmsd=5.645E+00 s=[ 0 0 0 0 1 1 0 0 0 1 1 1 0 0 1 1 1 0 0 0 0 0 0 0 ]
d13=6.843467605586 eijMax=2.202E-03 rmsd=5.645E+00 s=[ 0 0 0 1 0 0 1 1 1 0 0 0 1 1 0 0 0 1 1 1 1 1 1 1 ]
d13=6.844578366567 eijMax=3.006E-03 rmsd=5.646E+00 s=[ 0 0 0 0 1 1 0 0 0 1 1 1 0 0 1 1 1 0 0 0 0 0 0 0 ]
d13=6.844578366567 eijMax=3.006E-03 rmsd=5.646E+00 s=[ 0 0 0 1 0 0 1 1 1 0 0 0 1 1 0 0 0 1 1 1 1 1 1 1 ]
d13=6.845689127548 eijMax=3.811E-03 rmsd=5.646E+00 s=[ 0 0 0 0 1 1 0 0 0 1 1 1 0 0 1 1 1 0 0 0 0 0 0 0 ]
d13=6.845689127548 eijMax=3.811E-03 rmsd=5.646E+00 s=[ 0 0 0 1 0 0 1 1 1 0 0 0 1 1 0 0 0 1 1 1 1 1 1 1 ]
d13=6.846799888529 eijMax=4.619E-03 rmsd=5.646E+00 s=[ 0 0 0 0 1 1 0 0 0 1 1 1 0 0 1 1 1 0 0 0 0 0 0 0 ]
d13=6.846799888529 eijMax=4.619E-03 rmsd=5.646E+00 s=[ 0 0 0 1 0 0 1 1 1 0 0 0 1 1 0 0 0 1 1 1 1 1 1 1 ]
d13=6.847910649510 eijMax=5.428E-03 rmsd=5.646E+00 s=[ 0 0 0 0 1 1 0 0 0 1 1 1 0 0 1 1 1 0 0 0 0 0 0 0 ]
d13=6.847910649510 eijMax=5.428E-03 rmsd=5.646E+00 s=[ 0 0 0 1 0 0 1 1 1 0 0 0 1 1 0 0 0 1 1 1 1 1 1 1 ]
d13=6.849021410490 eijMax=6.239E-03 rmsd=5.646E+00 s=[ 0 0 0 0 1 1 0 0 0 1 1 1 0 0 1 1 1 0 0 0 0 0 0 0 ]
d13=6.849021410490 eijMax=6.239E-03 rmsd=5.646E+00 s=[ 0 0 0 1 0 0 1 1 1 0 0 0 1 1 0 0 0 1 1 1 1 1 1 1 ]
d13=6.850132171471 eijMax=7.051E-03 rmsd=5.647E+00 s=[ 0 0 0 0 1 1 0 0 0 1 1 1 0 0 1 1 1 0 0 0 0 0 0 0 ]
d13=6.850132171471 eijMax=7.051E-03 rmsd=5.647E+00 s=[ 0 0 0 1 0 0 1 1 1 0 0 0 1 1 0 0 0 1 1 1 1 1 1 1 ]
d13=6.851242932452 eijMax=7.866E-03 rmsd=5.647E+00 s=[ 0 0 0 0 1 1 0 0 0 1 1 1 0 0 1 1 1 0 0 0 0 0 0 0 ]
d13=6.851242932452 eijMax=7.866E-03 rmsd=5.647E+00 s=[ 0 0 0 1 0 0 1 1 1 0 0 0 1 1 0 0 0 1 1 1 1 1 1 1 ]
d13=6.852353693433 eijMax=8.683E-03 rmsd=5.647E+00 s=[ 0 0 0 0 1 1 0 0 0 1 1 1 0 0 1 1 1 0 0 0 0 0 0 0 ]
d13=6.852353693433 eijMax=8.683E-03 rmsd=5.647E+00 s=[ 0 0 0 1 0 0 1 1 1 0 0 0 1 1 0 0 0 1 1 1 1 1 1 1 ]
d13=6.853464454414 eijMax=9.501E-03 rmsd=5.647E+00 s=[ 0 0 0 0 1 1 0 0 0 1 1 1 0 0 1 1 1 0 0 0 0 0 0 0 ]
d13=6.853464454414 eijMax=9.501E-03 rmsd=5.647E+00 s=[ 0 0 0 1 0 0 1 1 1 0 0 0 1 1 0 0 0 1 1 1 1 1 1 1 ]
d13=6.880122717958 eijMax=9.706E-03 rmsd=5.622E+00 s=[ 0 0 0 0 1 1 0 0 0 0 0 0 1 1 0 1 1 0 0 0 0 0 0 0 ]
d13=6.880122717958 eijMax=9.706E-03 rmsd=5.622E+00 s=[ 0 0 0 1 0 0 1 1 1 1 1 1 0 0 1 0 0 1 1 1 1 1 1 1 ]
d13=6.881233478939 eijMax=9.146E-03 rmsd=5.621E+00 s=[ 0 0 0 0 1 1 0 0 0 0 0 0 1 1 0 1 1 0 0 0 0 0 0 0 ]
d13=6.881233478939 eijMax=9.146E-03 rmsd=5.621E+00 s=[ 0 0 0 1 0 0 1 1 1 1 1 1 0 0 1 0 0 1 1 1 1 1 1 1 ]
d13=6.882344239920 eijMax=8.588E-03 rmsd=5.620E+00 s=[ 0 0 0 0 1 1 0 0 0 0 0 0 1 1 0 1 1 0 0 0 0 0 0 0 ]
d13=6.882344239920 eijMax=8.588E-03 rmsd=5.620E+00 s=[ 0 0 0 1 0 0 1 1 1 1 1 1 0 0 1 0 0 1 1 1 1 1 1 1 ]
d13=6.883455000901 eijMax=8.031E-03 rmsd=5.619E+00 s=[ 0 0 0 0 1 1 0 0 0 0 0 0 1 1 0 1 1 0 0 0 0 0 0 0 ]
d13=6.883455000901 eijMax=8.031E-03 rmsd=5.619E+00 s=[ 0 0 0 1 0 0 1 1 1 1 1 1 0 0 1 0 0 1 1 1 1 1 1 1 ]
d13=6.884565761882 eijMax=7.474E-03 rmsd=5.618E+00 s=[ 0 0 0 0 1 1 0 0 0 0 0 0 1 1 0 1 1 0 0 0 0 0 0 0 ]
d13=6.884565761882 eijMax=7.474E-03 rmsd=5.618E+00 s=[ 0 0 0 1 0 0 1 1 1 1 1 1 0 0 1 0 0 1 1 1 1 1 1 1 ]
d13=6.885676522863 eijMax=6.918E-03 rmsd=5.617E+00 s=[ 0 0 0 0 1 1 0 0 0 0 0 0 1 1 0 1 1 0 0 0 0 0 0 0 ]
d13=6.885676522863 eijMax=6.918E-03 rmsd=5.617E+00 s=[ 0 0 0 1 0 0 1 1 1 1 1 1 0 0 1 0 0 1 1 1 1 1 1 1 ]
d13=6.886787283844 eijMax=6.364E-03 rmsd=5.616E+00 s=[ 0 0 0 0 1 1 0 0 0 0 0 0 1 1 0 1 1 0 0 0 0 0 0 0 ]
d13=6.886787283844 eijMax=6.364E-03 rmsd=5.616E+00 s=[ 0 0 0 1 0 0 1 1 1 1 1 1 0 0 1 0 0 1 1 1 1 1 1 1 ]
d13=6.887898044825 eijMax=5.810E-03 rmsd=5.615E+00 s=[ 0 0 0 0 1 1 0 0 0 0 0 0 1 1 0 1 1 0 0 0 0 0 0 0 ]
d13=6.887898044825 eijMax=5.810E-03 rmsd=5.615E+00 s=[ 0 0 0 1 0 0 1 1 1 1 1 1 0 0 1 0 0 1 1 1 1 1 1 1 ]
d13=6.889008805806 eijMax=5.257E-03 rmsd=5.614E+00 s=[ 0 0 0 0 1 1 0 0 0 0 0 0 1 1 0 1 1 0 0 0 0 0 0 0 ]
d13=6.889008805806 eijMax=5.257E-03 rmsd=5.614E+00 s=[ 0 0 0 1 0 0 1 1 1 1 1 1 0 0 1 0 0 1 1 1 1 1 1 1 ]
d13=6.890119566787 eijMax=4.705E-03 rmsd=5.613E+00 s=[ 0 0 0 0 1 1 0 0 0 0 0 0 1 1 0 1 1 0 0 0 0 0 0 0 ]
d13=6.890119566787 eijMax=4.705E-03 rmsd=5.613E+00 s=[ 0 0 0 1 0 0 1 1 1 1 1 1 0 0 1 0 0 1 1 1 1 1 1 1 ]
d13=6.891230327768 eijMax=4.154E-03 rmsd=5.612E+00 s=[ 0 0 0 0 1 1 0 0 0 0 0 0 1 1 0 1 1 0 0 0 0 0 0 0 ]
d13=6.891230327768 eijMax=4.154E-03 rmsd=5.612E+00 s=[ 0 0 0 1 0 0 1 1 1 1 1 1 0 0 1 0 0 1 1 1 1 1 1 1 ]
d13=6.892341088749 eijMax=3.604E-03 rmsd=5.611E+00 s=[ 0 0 0 0 1 1 0 0 0 0 0 0 1 1 0 1 1 0 0 0 0 0 0 0 ]
d13=6.892341088749 eijMax=3.604E-03 rmsd=5.611E+00 s=[ 0 0 0 1 0 0 1 1 1 1 1 1 0 0 1 0 0 1 1 1 1 1 1 1 ]
d13=6.893451849730 eijMax=3.055E-03 rmsd=5.610E+00 s=[ 0 0 0 0 1 1 0 0 0 0 0 0 1 1 0 1 1 0 0 0 0 0 0 0 ]
d13=6.893451849730 eijMax=3.055E-03 rmsd=5.610E+00 s=[ 0 0 0 1 0 0 1 1 1 1 1 1 0 0 1 0 0 1 1 1 1 1 1 1 ]
d13=6.894562610711 eijMax=2.507E-03 rmsd=5.609E+00 s=[ 0 0 0 0 1 1 0 0 0 0 0 0 1 1 0 1 1 0 0 0 0 0 0 0 ]
d13=6.894562610711 eijMax=2.507E-03 rmsd=5.609E+00 s=[ 0 0 0 1 0 0 1 1 1 1 1 1 0 0 1 0 0 1 1 1 1 1 1 1 ]
d13=6.895673371692 eijMax=1.960E-03 rmsd=5.608E+00 s=[ 0 0 0 0 1 1 0 0 0 0 0 0 1 1 0 1 1 0 0 0 0 0 0 0 ]
d13=6.895673371692 eijMax=1.960E-03 rmsd=5.608E+00 s=[ 0 0 0 1 0 0 1 1 1 1 1 1 0 0 1 0 0 1 1 1 1 1 1 1 ]
d13=6.896784132673 eijMax=1.413E-03 rmsd=5.607E+00 s=[ 0 0 0 0 1 1 0 0 0 0 0 0 1 1 0 1 1 0 0 0 0 0 0 0 ]
d13=6.896784132673 eijMax=1.413E-03 rmsd=5.607E+00 s=[ 0 0 0 1 0 0 1 1 1 1 1 1 0 0 1 0 0 1 1 1 1 1 1 1 ]
d13=6.897894893654 eijMax=8.680E-04 rmsd=5.606E+00 s=[ 0 0 0 0 1 1 0 0 0 0 0 0 1 1 0 1 1 0 0 0 0 0 0 0 ]
d13=6.897894893654 eijMax=8.680E-04 rmsd=5.606E+00 s=[ 0 0 0 1 0 0 1 1 1 1 1 1 0 0 1 0 0 1 1 1 1 1 1 1 ]
d13=6.899005654635 eijMax=3.235E-04 rmsd=5.605E+00 s=[ 0 0 0 0 1 1 0 0 0 0 0 0 1 1 0 1 1 0 0 0 0 0 0 0 ]
d13=6.899005654635 eijMax=3.235E-04 rmsd=5.605E+00 s=[ 0 0 0 1 0 0 1 1 1 1 1 1 0 0 1 0 0 1 1 1 1 1 1 1 ]
d13=6.900116415616 eijMax=2.200E-04 rmsd=5.604E+00 s=[ 0 0 0 0 1 1 0 0 0 0 0 0 1 1 0 1 1 0 0 0 0 0 0 0 ]
d13=6.900116415616 eijMax=2.200E-04 rmsd=5.604E+00 s=[ 0 0 0 1 0 0 1 1 1 1 1 1 0 0 1 0 0 1 1 1 1 1 1 1 ]
d13=6.901227176597 eijMax=7.626E-04 rmsd=5.602E+00 s=[ 0 0 0 0 1 1 0 0 0 0 0 0 1 1 0 1 1 0 0 0 0 0 0 0 ]
d13=6.901227176597 eijMax=7.626E-04 rmsd=5.602E+00 s=[ 0 0 0 1 0 0 1 1 1 1 1 1 0 0 1 0 0 1 1 1 1 1 1 1 ]
d13=6.902337937578 eijMax=1.304E-03 rmsd=5.601E+00 s=[ 0 0 0 0 1 1 0 0 0 0 0 0 1 1 0 1 1 0 0 0 0 0 0 0 ]
d13=6.902337937578 eijMax=1.304E-03 rmsd=5.601E+00 s=[ 0 0 0 1 0 0 1 1 1 1 1 1 0 0 1 0 0 1 1 1 1 1 1 1 ]
d13=6.903448698559 eijMax=1.845E-03 rmsd=5.600E+00 s=[ 0 0 0 0 1 1 0 0 0 0 0 0 1 1 0 1 1 0 0 0 0 0 0 0 ]
d13=6.903448698559 eijMax=1.845E-03 rmsd=5.600E+00 s=[ 0 0 0 1 0 0 1 1 1 1 1 1 0 0 1 0 0 1 1 1 1 1 1 1 ]
d13=6.904559459540 eijMax=2.385E-03 rmsd=5.599E+00 s=[ 0 0 0 0 1 1 0 0 0 0 0 0 1 1 0 1 1 0 0 0 0 0 0 0 ]
d13=6.904559459540 eijMax=2.385E-03 rmsd=5.599E+00 s=[ 0 0 0 1 0 0 1 1 1 1 1 1 0 0 1 0 0 1 1 1 1 1 1 1 ]
d13=6.905670220521 eijMax=2.924E-03 rmsd=5.598E+00 s=[ 0 0 0 0 1 1 0 0 0 0 0 0 1 1 0 1 1 0 0 0 0 0 0 0 ]
d13=6.905670220521 eijMax=2.924E-03 rmsd=5.598E+00 s=[ 0 0 0 1 0 0 1 1 1 1 1 1 0 0 1 0 0 1 1 1 1 1 1 1 ]
d13=6.906780981501 eijMax=3.462E-03 rmsd=5.597E+00 s=[ 0 0 0 0 1 1 0 0 0 0 0 0 1 1 0 1 1 0 0 0 0 0 0 0 ]
d13=6.906780981502 eijMax=3.462E-03 rmsd=5.597E+00 s=[ 0 0 0 1 0 0 1 1 1 1 1 1 0 0 1 0 0 1 1 1 1 1 1 1 ]
d13=6.907891742482 eijMax=3.999E-03 rmsd=5.596E+00 s=[ 0 0 0 0 1 1 0 0 0 0 0 0 1 1 0 1 1 0 0 0 0 0 0 0 ]
d13=6.907891742482 eijMax=3.999E-03 rmsd=5.596E+00 s=[ 0 0 0 1 0 0 1 1 1 1 1 1 0 0 1 0 0 1 1 1 1 1 1 1 ]
d13=6.909002503463 eijMax=4.535E-03 rmsd=5.595E+00 s=[ 0 0 0 0 1 1 0 0 0 0 0 0 1 1 0 1 1 0 0 0 0 0 0 0 ]
d13=6.909002503463 eijMax=4.535E-03 rmsd=5.595E+00 s=[ 0 0 0 1 0 0 1 1 1 1 1 1 0 0 1 0 0 1 1 1 1 1 1 1 ]
d13=6.910113264444 eijMax=5.070E-03 rmsd=5.594E+00 s=[ 0 0 0 0 1 1 0 0 0 0 0 0 1 1 0 1 1 0 0 0 0 0 0 0 ]
d13=6.910113264444 eijMax=5.070E-03 rmsd=5.594E+00 s=[ 0 0 0 1 0 0 1 1 1 1 1 1 0 0 1 0 0 1 1 1 1 1 1 1 ]
d13=6.911224025425 eijMax=5.604E-03 rmsd=5.593E+00 s=[ 0 0 0 0 1 1 0 0 0 0 0 0 1 1 0 1 1 0 0 0 0 0 0 0 ]
d13=6.911224025425 eijMax=5.604E-03 rmsd=5.593E+00 s=[ 0 0 0 1 0 0 1 1 1 1 1 1 0 0 1 0 0 1 1 1 1 1 1 1 ]
d13=6.912334786406 eijMax=6.137E-03 rmsd=5.592E+00 s=[ 0 0 0 0 1 1 0 0 0 0 0 0 1 1 0 1 1 0 0 0 0 0 0 0 ]
d13=6.912334786406 eijMax=6.137E-03 rmsd=5.592E+00 s=[ 0 0 0 1 0 0 1 1 1 1 1 1 0 0 1 0 0 1 1 1 1 1 1 1 ]
d13=6.913445547387 eijMax=6.669E-03 rmsd=5.591E+00 s=[ 0 0 0 0 1 1 0 0 0 0 0 0 1 1 0 1 1 0 0 0 0 0 0 0 ]
d13=6.913445547387 eijMax=6.669E-03 rmsd=5.591E+00 s=[ 0 0 0 1 0 0 1 1 1 1 1 1 0 0 1 0 0 1 1 1 1 1 1 1 ]
d13=6.914556308368 eijMax=7.201E-03 rmsd=5.590E+00 s=[ 0 0 0 0 1 1 0 0 0 0 0 0 1 1 0 1 1 0 0 0 0 0 0 0 ]
d13=6.914556308368 eijMax=7.201E-03 rmsd=5.590E+00 s=[ 0 0 0 1 0 0 1 1 1 1 1 1 0 0 1 0 0 1 1 1 1 1 1 1 ]
d13=6.915667069349 eijMax=7.731E-03 rmsd=5.589E+00 s=[ 0 0 0 0 1 1 0 0 0 0 0 0 1 1 0 1 1 0 0 0 0 0 0 0 ]
d13=6.915667069349 eijMax=7.731E-03 rmsd=5.589E+00 s=[ 0 0 0 1 0 0 1 1 1 1 1 1 0 0 1 0 0 1 1 1 1 1 1 1 ]
d13=6.916777830330 eijMax=8.261E-03 rmsd=5.588E+00 s=[ 0 0 0 0 1 1 0 0 0 0 0 0 1 1 0 1 1 0 0 0 0 0 0 0 ]
d13=6.916777830330 eijMax=8.261E-03 rmsd=5.588E+00 s=[ 0 0 0 1 0 0 1 1 1 1 1 1 0 0 1 0 0 1 1 1 1 1 1 1 ]
d13=6.917888591311 eijMax=8.789E-03 rmsd=5.586E+00 s=[ 0 0 0 0 1 1 0 0 0 0 0 0 1 1 0 1 1 0 0 0 0 0 0 0 ]
d13=6.917888591311 eijMax=8.789E-03 rmsd=5.586E+00 s=[ 0 0 0 1 0 0 1 1 1 1 1 1 0 0 1 0 0 1 1 1 1 1 1 1 ]
d13=6.918999352292 eijMax=9.317E-03 rmsd=5.585E+00 s=[ 0 0 0 0 1 1 0 0 0 0 0 0 1 1 0 1 1 0 0 0 0 0 0 0 ]
d13=6.918999352292 eijMax=9.317E-03 rmsd=5.585E+00 s=[ 0 0 0 1 0 0 1 1 1 1 1 1 0 0 1 0 0 1 1 1 1 1 1 1 ]
d13=6.920110113273 eijMax=9.843E-03 rmsd=5.584E+00 s=[ 0 0 0 0 1 1 0 0 0 0 0 0 1 1 0 1 1 0 0 0 0 0 0 0 ]
d13=6.920110113273 eijMax=9.843E-03 rmsd=5.584E+00 s=[ 0 0 0 1 0 0 1 1 1 1 1 1 0 0 1 0 0 1 1 1 1 1 1 1 ]
d13=7.073395128649 eijMax=9.115E-03 rmsd=4.296E+00 s=[ 0 0 0 0 0 0 1 1 1 0 1 1 0 0 0 1 1 0 0 0 0 0 0 0 ]
d13=7.073395128649 eijMax=9.115E-03 rmsd=4.296E+00 s=[ 0 0 0 1 1 1 0 0 0 1 0 0 1 1 1 0 0 1 1 1 1 1 1 1 ]
d13=7.074505889630 eijMax=4.841E-03 rmsd=4.305E+00 s=[ 0 0 0 0 0 0 1 1 1 0 1 1 0 0 0 1 1 0 0 0 0 0 0 0 ]
d13=7.074505889630 eijMax=4.841E-03 rmsd=4.305E+00 s=[ 0 0 0 1 1 1 0 0 0 1 0 0 1 1 1 0 0 1 1 1 1 1 1 1 ]
d13=7.075616650611 eijMax=6.827E-04 rmsd=4.314E+00 s=[ 0 0 0 0 0 0 1 1 1 0 1 1 0 0 0 1 1 0 0 0 0 0 0 0 ]
d13=7.075616650611 eijMax=6.827E-04 rmsd=4.314E+00 s=[ 0 0 0 1 1 1 0 0 0 1 0 0 1 1 1 0 0 1 1 1 1 1 1 1 ]
d13=7.076727411592 eijMax=3.366E-03 rmsd=4.325E+00 s=[ 0 0 0 0 0 0 1 1 1 0 1 1 0 0 0 1 1 0 0 0 0 0 0 0 ]
d13=7.076727411592 eijMax=3.366E-03 rmsd=4.325E+00 s=[ 0 0 0 1 1 1 0 0 0 1 0 0 1 1 1 0 0 1 1 1 1 1 1 1 ]
d13=7.077838172573 eijMax=7.310E-03 rmsd=4.336E+00 s=[ 0 0 0 0 0 0 1 1 1 0 1 1 0 0 0 1 1 0 0 0 0 0 0 0 ]
d13=7.077838172573 eijMax=7.310E-03 rmsd=4.336E+00 s=[ 0 0 0 1 1 1 0 0 0 1 0 0 1 1 1 0 0 1 1 1 1 1 1 1 ]
d13=7.150037636336 eijMax=9.152E-03 rmsd=5.097E+00 s=[ 0 0 0 0 1 1 0 0 0 1 0 0 1 1 1 1 1 0 0 0 0 0 0 0 ]
d13=7.150037636336 eijMax=9.152E-03 rmsd=5.097E+00 s=[ 0 0 0 1 0 0 1 1 1 0 1 1 0 0 0 0 0 1 1 1 1 1 1 1 ]
d13=7.151148397317 eijMax=7.153E-03 rmsd=5.089E+00 s=[ 0 0 0 0 1 1 0 0 0 1 0 0 1 1 1 1 1 0 0 0 0 0 0 0 ]
d13=7.151148397317 eijMax=7.153E-03 rmsd=5.089E+00 s=[ 0 0 0 1 0 0 1 1 1 0 1 1 0 0 0 0 0 1 1 1 1 1 1 1 ]
d13=7.152259158298 eijMax=5.136E-03 rmsd=5.080E+00 s=[ 0 0 0 0 1 1 0 0 0 1 0 0 1 1 1 1 1 0 0 0 0 0 0 0 ]
d13=7.152259158298 eijMax=5.136E-03 rmsd=5.080E+00 s=[ 0 0 0 1 0 0 1 1 1 0 1 1 0 0 0 0 0 1 1 1 1 1 1 1 ]
d13=7.153369919279 eijMax=3.101E-03 rmsd=5.072E+00 s=[ 0 0 0 0 1 1 0 0 0 1 0 0 1 1 1 1 1 0 0 0 0 0 0 0 ]
d13=7.153369919279 eijMax=3.101E-03 rmsd=5.072E+00 s=[ 0 0 0 1 0 0 1 1 1 0 1 1 0 0 0 0 0 1 1 1 1 1 1 1 ]
d13=7.154480680260 eijMax=1.048E-03 rmsd=5.063E+00 s=[ 0 0 0 0 1 1 0 0 0 1 0 0 1 1 1 1 1 0 0 0 0 0 0 0 ]
d13=7.154480680260 eijMax=1.048E-03 rmsd=5.063E+00 s=[ 0 0 0 1 0 0 1 1 1 0 1 1 0 0 0 0 0 1 1 1 1 1 1 1 ]
d13=7.155591441241 eijMax=1.023E-03 rmsd=5.055E+00 s=[ 0 0 0 0 1 1 0 0 0 1 0 0 1 1 1 1 1 0 0 0 0 0 0 0 ]
d13=7.155591441241 eijMax=1.023E-03 rmsd=5.055E+00 s=[ 0 0 0 1 0 0 1 1 1 0 1 1 0 0 0 0 0 1 1 1 1 1 1 1 ]
d13=7.156702202222 eijMax=3.114E-03 rmsd=5.046E+00 s=[ 0 0 0 0 1 1 0 0 0 1 0 0 1 1 1 1 1 0 0 0 0 0 0 0 ]
d13=7.156702202222 eijMax=3.114E-03 rmsd=5.046E+00 s=[ 0 0 0 1 0 0 1 1 1 0 1 1 0 0 0 0 0 1 1 1 1 1 1 1 ]
d13=7.157812963203 eijMax=5.225E-03 rmsd=5.038E+00 s=[ 0 0 0 0 1 1 0 0 0 1 0 0 1 1 1 1 1 0 0 0 0 0 0 0 ]
d13=7.157812963203 eijMax=5.225E-03 rmsd=5.038E+00 s=[ 0 0 0 1 0 0 1 1 1 0 1 1 0 0 0 0 0 1 1 1 1 1 1 1 ]
d13=7.158923724184 eijMax=7.356E-03 rmsd=5.029E+00 s=[ 0 0 0 0 1 1 0 0 0 1 0 0 1 1 1 1 1 0 0 0 0 0 0 0 ]
d13=7.158923724184 eijMax=7.356E-03 rmsd=5.029E+00 s=[ 0 0 0 1 0 0 1 1 1 0 1 1 0 0 0 0 0 1 1 1 1 1 1 1 ]
d13=7.160034485165 eijMax=8.648E-03 rmsd=5.804E+00 s=[ 0 0 0 0 1 0 1 1 1 1 1 1 0 0 1 1 1 0 0 0 0 0 0 0 ]
d13=7.160034485165 eijMax=9.508E-03 rmsd=5.020E+00 s=[ 0 0 0 0 1 1 0 0 0 1 0 0 1 1 1 1 1 0 0 0 0 0 0 0 ]
d13=7.160034485165 eijMax=9.508E-03 rmsd=5.020E+00 s=[ 0 0 0 1 0 0 1 1 1 0 1 1 0 0 0 0 0 1 1 1 1 1 1 1 ]
d13=7.160034485165 eijMax=8.648E-03 rmsd=5.804E+00 s=[ 0 0 0 1 0 1 0 0 0 0 0 0 1 1 0 0 0 1 1 1 1 1 1 1 ]
d13=7.161145246146 eijMax=8.754E-03 rmsd=4.886E+00 s=[ 0 0 0 0 0 0 1 1 1 0 0 0 1 1 0 1 1 0 0 0 0 0 0 0 ]
d13=7.161145246146 eijMax=4.962E-03 rmsd=5.787E+00 s=[ 0 0 0 0 1 0 1 1 1 1 1 1 0 0 1 1 1 0 0 0 0 0 0 0 ]
d13=7.161145246146 eijMax=4.962E-03 rmsd=5.787E+00 s=[ 0 0 0 1 0 1 0 0 0 0 0 0 1 1 0 0 0 1 1 1 1 1 1 1 ]
d13=7.161145246146 eijMax=8.754E-03 rmsd=4.886E+00 s=[ 0 0 0 1 1 1 0 0 0 1 1 1 0 0 1 0 0 1 1 1 1 1 1 1 ]
d13=7.162256007127 eijMax=5.549E-03 rmsd=4.892E+00 s=[ 0 0 0 0 0 0 1 1 1 0 0 0 1 1 0 1 1 0 0 0 0 0 0 0 ]
d13=7.162256007127 eijMax=1.268E-03 rmsd=5.769E+00 s=[ 0 0 0 0 1 0 1 1 1 1 1 1 0 0 1 1 1 0 0 0 0 0 0 0 ]
d13=7.162256007127 eijMax=1.268E-03 rmsd=5.769E+00 s=[ 0 0 0 1 0 1 0 0 0 0 0 0 1 1 0 0 0 1 1 1 1 1 1 1 ]
d13=7.162256007127 eijMax=5.549E-03 rmsd=4.892E+00 s=[ 0 0 0 1 1 1 0 0 0 1 1 1 0 0 1 0 0 1 1 1 1 1 1 1 ]
d13=7.163366768108 eijMax=2.380E-03 rmsd=4.899E+00 s=[ 0 0 0 0 0 0 1 1 1 0 0 0 1 1 0 1 1 0 0 0 0 0 0 0 ]
d13=7.163366768108 eijMax=2.436E-03 rmsd=5.752E+00 s=[ 0 0 0 0 1 0 1 1 1 1 1 1 0 0 1 1 1 0 0 0 0 0 0 0 ]
d13=7.163366768108 eijMax=2.436E-03 rmsd=5.752E+00 s=[ 0 0 0 1 0 1 0 0 0 0 0 0 1 1 0 0 0 1 1 1 1 1 1 1 ]
d13=7.163366768108 eijMax=2.380E-03 rmsd=4.899E+00 s=[ 0 0 0 1 1 1 0 0 0 1 1 1 0 0 1 0 0 1 1 1 1 1 1 1 ]
d13=7.164477529089 eijMax=7.543E-04 rmsd=4.906E+00 s=[ 0 0 0 0 0 0 1 1 1 0 0 0 1 1 0 1 1 0 0 0 0 0 0 0 ]
d13=7.164477529089 eijMax=6.152E-03 rmsd=5.735E+00 s=[ 0 0 0 0 1 0 1 1 1 1 1 1 0 0 1 1 1 0 0 0 0 0 0 0 ]
d13=7.164477529089 eijMax=6.152E-03 rmsd=5.735E+00 s=[ 0 0 0 1 0 1 0 0 0 0 0 0 1 1 0 0 0 1 1 1 1 1 1 1 ]
d13=7.164477529089 eijMax=7.543E-04 rmsd=4.906E+00 s=[ 0 0 0 1 1 1 0 0 0 1 1 1 0 0 1 0 0 1 1 1 1 1 1 1 ]
d13=7.165588290070 eijMax=3.855E-03 rmsd=4.913E+00 s=[ 0 0 0 0 0 0 1 1 1 0 0 0 1 1 0 1 1 0 0 0 0 0 0 0 ]
d13=7.165588290070 eijMax=9.881E-03 rmsd=5.719E+00 s=[ 0 0 0 0 1 0 1 1 1 1 1 1 0 0 1 1 1 0 0 0 0 0 0 0 ]
d13=7.165588290070 eijMax=9.881E-03 rmsd=5.719E+00 s=[ 0 0 0 1 0 1 0 0 0 0 0 0 1 1 0 0 0 1 1 1 1 1 1 1 ]
d13=7.165588290070 eijMax=3.855E-03 rmsd=4.913E+00 s=[ 0 0 0 1 1 1 0 0 0 1 1 1 0 0 1 0 0 1 1 1 1 1 1 1 ]
d13=7.166699051051 eijMax=6.924E-03 rmsd=4.921E+00 s=[ 0 0 0 0 0 0 1 1 1 0 0 0 1 1 0 1 1 0 0 0 0 0 0 0 ]
d13=7.166699051051 eijMax=6.924E-03 rmsd=4.921E+00 s=[ 0 0 0 1 1 1 0 0 0 1 1 1 0 0 1 0 0 1 1 1 1 1 1 1 ]
d13=7.167809812032 eijMax=9.961E-03 rmsd=4.929E+00 s=[ 0 0 0 0 0 0 1 1 1 0 0 0 1 1 0 1 1 0 0 0 0 0 0 0 ]
d13=7.167809812032 eijMax=9.961E-03 rmsd=4.929E+00 s=[ 0 0 0 1 1 1 0 0 0 1 1 1 0 0 1 0 0 1 1 1 1 1 1 1 ]
d13=7.172252855956 eijMax=1.160E-03 rmsd=3.436E+00 s=[ 0 0 0 0 0 1 0 0 0 0 1 1 0 0 0 1 1 0 0 0 0 0 0 0 ]
d13=7.172252855956 eijMax=1.160E-03 rmsd=3.436E+00 s=[ 0 0 0 1 1 0 1 1 1 1 0 0 1 1 1 0 0 1 1 1 1 1 1 1 ]
d13=7.207797207347 eijMax=4.798E-03 rmsd=3.930E+00 s=[ 0 0 0 0 0 1 0 0 0 0 0 0 1 1 0 1 1 0 0 0 0 0 0 0 ]
d13=7.207797207347 eijMax=4.798E-03 rmsd=3.930E+00 s=[ 0 0 0 1 1 0 1 1 1 1 1 1 0 0 1 0 0 1 1 1 1 1 1 1 ]
d13=7.208907968328 eijMax=6.716E-03 rmsd=3.909E+00 s=[ 0 0 0 0 0 1 0 0 0 0 0 0 1 1 0 1 1 0 0 0 0 0 0 0 ]
d13=7.208907968328 eijMax=6.716E-03 rmsd=3.909E+00 s=[ 0 0 0 1 1 0 1 1 1 1 1 1 0 0 1 0 0 1 1 1 1 1 1 1 ]
num ..... 1000
nnodes .. 24
nedges .. 123
nsols ... 466
tsecs ... 26.797875
